[2.654s] Invoking command in '/home/hello-robot/ament_ws/src/tf2_web_republisher_py/tf2_web_republisher_py': PYTHONPATH=/home/hello-robot/ament_ws/build/tf2_web_republisher_py/prefix_override:/home/hello-robot/ament_ws/install/tf2_web_republisher_py/lib/python3.10/site-packages:${PYTHONPATH} /usr/bin/python3 setup.py egg_info --egg-base ../../../build/tf2_web_republisher_py build --build-base /home/hello-robot/ament_ws/build/tf2_web_republisher_py/build install --record /home/hello-robot/ament_ws/build/tf2_web_republisher_py/install.log --install-scripts $base/lib/tf2_web_republisher_py --single-version-externally-managed
[2.906s] running egg_info
[2.907s] writing ../../../build/tf2_web_republisher_py/tf2_web_republisher_py.egg-info/PKG-INFO
[2.907s] writing dependency_links to ../../../build/tf2_web_republisher_py/tf2_web_republisher_py.egg-info/dependency_links.txt
[2.908s] writing entry points to ../../../build/tf2_web_republisher_py/tf2_web_republisher_py.egg-info/entry_points.txt
[2.908s] writing requirements to ../../../build/tf2_web_republisher_py/tf2_web_republisher_py.egg-info/requires.txt
[2.908s] writing top-level names to ../../../build/tf2_web_republisher_py/tf2_web_republisher_py.egg-info/top_level.txt
[2.910s] reading manifest file '../../../build/tf2_web_republisher_py/tf2_web_republisher_py.egg-info/SOURCES.txt'
[2.911s] writing manifest file '../../../build/tf2_web_republisher_py/tf2_web_republisher_py.egg-info/SOURCES.txt'
[2.912s] running build
[2.912s] running build_py
[2.912s] running install
[2.912s] running install_lib
[2.914s] running install_data
[2.915s] running install_egg_info
[2.917s] removing '/home/hello-robot/ament_ws/install/tf2_web_republisher_py/lib/python3.10/site-packages/tf2_web_republisher_py-0.0.0-py3.10.egg-info' (and everything under it)
[2.917s] Copying ../../../build/tf2_web_republisher_py/tf2_web_republisher_py.egg-info to /home/hello-robot/ament_ws/install/tf2_web_republisher_py/lib/python3.10/site-packages/tf2_web_republisher_py-0.0.0-py3.10.egg-info
[2.918s] running install_scripts
[2.941s] Installing tf2_web_republisher script to /home/hello-robot/ament_ws/install/tf2_web_republisher_py/lib/tf2_web_republisher_py
[2.941s] writing list of installed files to '/home/hello-robot/ament_ws/build/tf2_web_republisher_py/install.log'
[3.302s] Invoked command in '/home/hello-robot/ament_ws/src/tf2_web_republisher_py/tf2_web_republisher_py' returned '0': PYTHONPATH=/home/hello-robot/ament_ws/build/tf2_web_republisher_py/prefix_override:/home/hello-robot/ament_ws/install/tf2_web_republisher_py/lib/python3.10/site-packages:${PYTHONPATH} /usr/bin/python3 setup.py egg_info --egg-base ../../../build/tf2_web_republisher_py build --build-base /home/hello-robot/ament_ws/build/tf2_web_republisher_py/build install --record /home/hello-robot/ament_ws/build/tf2_web_republisher_py/install.log --install-scripts $base/lib/tf2_web_republisher_py --single-version-externally-managed
