[0.104s] Invoking command in '/home/hello-robot/ament_ws/build/audio_common': AMENT_PREFIX_PATH=/home/hello-robot/ament_ws/install/sound_play:/home/hello-robot/ament_ws/install/audio_play:/home/hello-robot/ament_ws/install/audio_capture:/home/hello-robot/ament_ws/install/audio_common_msgs:${AMENT_PREFIX_PATH} CMAKE_PREFIX_PATH=/home/hello-robot/ament_ws/install/sound_play:/home/hello-robot/ament_ws/install/audio_play:/home/hello-robot/ament_ws/install/audio_capture:/home/hello-robot/ament_ws/install/audio_common_msgs:/opt/ros/humble LD_LIBRARY_PATH=/home/hello-robot/ament_ws/install/audio_play/lib:/home/hello-robot/ament_ws/install/audio_capture/lib:/home/hello-robot/ament_ws/install/audio_common_msgs/lib:${LD_LIBRARY_PATH} PATH=/home/hello-robot/ament_ws/install/audio_play/bin:/home/hello-robot/ament_ws/install/audio_capture/bin:${PATH} PYTHONPATH=/home/hello-robot/ament_ws/install/sound_play/local/lib/python3.10/dist-packages:/home/hello-robot/ament_ws/install/audio_common_msgs/local/lib/python3.10/dist-packages:${PYTHONPATH} /usr/bin/cmake /home/hello-robot/ament_ws/src/audio_common/audio_common -DCMAKE_BUILD_TYPE=Release -DCMAKE_INSTALL_PREFIX=/home/hello-robot/ament_ws/install/audio_common
[0.447s] -- The C compiler identification is GNU 11.4.0
[0.447s] -- The CXX compiler identification is GNU 11.4.0
[0.447s] -- Detecting C compiler ABI info
[0.447s] -- Detecting C compiler ABI info - done
[0.447s] -- Check for working C compiler: /usr/bin/cc - skipped
[0.448s] -- Detecting C compile features
[0.448s] -- Detecting C compile features - done
[0.448s] -- Detecting CXX compiler ABI info
[0.448s] -- Detecting CXX compiler ABI info - done
[0.448s] -- Check for working CXX compiler: /usr/bin/c++ - skipped
[0.448s] -- Detecting CXX compile features
[0.448s] -- Detecting CXX compile features - done
[0.448s] -- Found ament_cmake: 1.3.8 (/opt/ros/humble/share/ament_cmake/cmake)
[0.596s] -- Found Python3: /usr/bin/python3 (found version "3.10.12") found components: Interpreter 
[0.736s] -- Configuring done
[0.738s] -- Generating done
[0.738s] -- Build files have been written to: /home/hello-robot/ament_ws/build/audio_common
[0.742s] Invoked command in '/home/hello-robot/ament_ws/build/audio_common' returned '0': AMENT_PREFIX_PATH=/home/hello-robot/ament_ws/install/sound_play:/home/hello-robot/ament_ws/install/audio_play:/home/hello-robot/ament_ws/install/audio_capture:/home/hello-robot/ament_ws/install/audio_common_msgs:${AMENT_PREFIX_PATH} CMAKE_PREFIX_PATH=/home/hello-robot/ament_ws/install/sound_play:/home/hello-robot/ament_ws/install/audio_play:/home/hello-robot/ament_ws/install/audio_capture:/home/hello-robot/ament_ws/install/audio_common_msgs:/opt/ros/humble LD_LIBRARY_PATH=/home/hello-robot/ament_ws/install/audio_play/lib:/home/hello-robot/ament_ws/install/audio_capture/lib:/home/hello-robot/ament_ws/install/audio_common_msgs/lib:${LD_LIBRARY_PATH} PATH=/home/hello-robot/ament_ws/install/audio_play/bin:/home/hello-robot/ament_ws/install/audio_capture/bin:${PATH} PYTHONPATH=/home/hello-robot/ament_ws/install/sound_play/local/lib/python3.10/dist-packages:/home/hello-robot/ament_ws/install/audio_common_msgs/local/lib/python3.10/dist-packages:${PYTHONPATH} /usr/bin/cmake /home/hello-robot/ament_ws/src/audio_common/audio_common -DCMAKE_BUILD_TYPE=Release -DCMAKE_INSTALL_PREFIX=/home/hello-robot/ament_ws/install/audio_common
[0.743s] Invoking command in '/home/hello-robot/ament_ws/build/audio_common': AMENT_PREFIX_PATH=/home/hello-robot/ament_ws/install/sound_play:/home/hello-robot/ament_ws/install/audio_play:/home/hello-robot/ament_ws/install/audio_capture:/home/hello-robot/ament_ws/install/audio_common_msgs:${AMENT_PREFIX_PATH} CMAKE_PREFIX_PATH=/home/hello-robot/ament_ws/install/sound_play:/home/hello-robot/ament_ws/install/audio_play:/home/hello-robot/ament_ws/install/audio_capture:/home/hello-robot/ament_ws/install/audio_common_msgs:/opt/ros/humble LD_LIBRARY_PATH=/home/hello-robot/ament_ws/install/audio_play/lib:/home/hello-robot/ament_ws/install/audio_capture/lib:/home/hello-robot/ament_ws/install/audio_common_msgs/lib:${LD_LIBRARY_PATH} PATH=/home/hello-robot/ament_ws/install/audio_play/bin:/home/hello-robot/ament_ws/install/audio_capture/bin:${PATH} PYTHONPATH=/home/hello-robot/ament_ws/install/sound_play/local/lib/python3.10/dist-packages:/home/hello-robot/ament_ws/install/audio_common_msgs/local/lib/python3.10/dist-packages:${PYTHONPATH} /usr/bin/cmake --build /home/hello-robot/ament_ws/build/audio_common -- -j16 -l16
[0.776s] Invoked command in '/home/hello-robot/ament_ws/build/audio_common' returned '0': AMENT_PREFIX_PATH=/home/hello-robot/ament_ws/install/sound_play:/home/hello-robot/ament_ws/install/audio_play:/home/hello-robot/ament_ws/install/audio_capture:/home/hello-robot/ament_ws/install/audio_common_msgs:${AMENT_PREFIX_PATH} CMAKE_PREFIX_PATH=/home/hello-robot/ament_ws/install/sound_play:/home/hello-robot/ament_ws/install/audio_play:/home/hello-robot/ament_ws/install/audio_capture:/home/hello-robot/ament_ws/install/audio_common_msgs:/opt/ros/humble LD_LIBRARY_PATH=/home/hello-robot/ament_ws/install/audio_play/lib:/home/hello-robot/ament_ws/install/audio_capture/lib:/home/hello-robot/ament_ws/install/audio_common_msgs/lib:${LD_LIBRARY_PATH} PATH=/home/hello-robot/ament_ws/install/audio_play/bin:/home/hello-robot/ament_ws/install/audio_capture/bin:${PATH} PYTHONPATH=/home/hello-robot/ament_ws/install/sound_play/local/lib/python3.10/dist-packages:/home/hello-robot/ament_ws/install/audio_common_msgs/local/lib/python3.10/dist-packages:${PYTHONPATH} /usr/bin/cmake --build /home/hello-robot/ament_ws/build/audio_common -- -j16 -l16
[0.795s] Invoking command in '/home/hello-robot/ament_ws/build/audio_common': AMENT_PREFIX_PATH=/home/hello-robot/ament_ws/install/sound_play:/home/hello-robot/ament_ws/install/audio_play:/home/hello-robot/ament_ws/install/audio_capture:/home/hello-robot/ament_ws/install/audio_common_msgs:${AMENT_PREFIX_PATH} CMAKE_PREFIX_PATH=/home/hello-robot/ament_ws/install/sound_play:/home/hello-robot/ament_ws/install/audio_play:/home/hello-robot/ament_ws/install/audio_capture:/home/hello-robot/ament_ws/install/audio_common_msgs:/opt/ros/humble LD_LIBRARY_PATH=/home/hello-robot/ament_ws/install/audio_play/lib:/home/hello-robot/ament_ws/install/audio_capture/lib:/home/hello-robot/ament_ws/install/audio_common_msgs/lib:${LD_LIBRARY_PATH} PATH=/home/hello-robot/ament_ws/install/audio_play/bin:/home/hello-robot/ament_ws/install/audio_capture/bin:${PATH} PYTHONPATH=/home/hello-robot/ament_ws/install/sound_play/local/lib/python3.10/dist-packages:/home/hello-robot/ament_ws/install/audio_common_msgs/local/lib/python3.10/dist-packages:${PYTHONPATH} /usr/bin/cmake --install /home/hello-robot/ament_ws/build/audio_common
[0.802s] -- Install configuration: "Release"
[0.802s] -- Installing: /home/hello-robot/ament_ws/install/audio_common/share/ament_index/resource_index/package_run_dependencies/audio_common
[0.802s] -- Installing: /home/hello-robot/ament_ws/install/audio_common/share/ament_index/resource_index/parent_prefix_path/audio_common
[0.803s] -- Installing: /home/hello-robot/ament_ws/install/audio_common/share/audio_common/environment/ament_prefix_path.sh
[0.803s] -- Installing: /home/hello-robot/ament_ws/install/audio_common/share/audio_common/environment/ament_prefix_path.dsv
[0.803s] -- Installing: /home/hello-robot/ament_ws/install/audio_common/share/audio_common/environment/path.sh
[0.803s] -- Installing: /home/hello-robot/ament_ws/install/audio_common/share/audio_common/environment/path.dsv
[0.803s] -- Installing: /home/hello-robot/ament_ws/install/audio_common/share/audio_common/local_setup.bash
[0.803s] -- Installing: /home/hello-robot/ament_ws/install/audio_common/share/audio_common/local_setup.sh
[0.803s] -- Installing: /home/hello-robot/ament_ws/install/audio_common/share/audio_common/local_setup.zsh
[0.803s] -- Installing: /home/hello-robot/ament_ws/install/audio_common/share/audio_common/local_setup.dsv
[0.803s] -- Installing: /home/hello-robot/ament_ws/install/audio_common/share/audio_common/package.dsv
[0.803s] -- Installing: /home/hello-robot/ament_ws/install/audio_common/share/ament_index/resource_index/packages/audio_common
[0.804s] -- Installing: /home/hello-robot/ament_ws/install/audio_common/share/audio_common/cmake/audio_commonConfig.cmake
[0.804s] -- Installing: /home/hello-robot/ament_ws/install/audio_common/share/audio_common/cmake/audio_commonConfig-version.cmake
[0.804s] -- Installing: /home/hello-robot/ament_ws/install/audio_common/share/audio_common/package.xml
[0.805s] Invoked command in '/home/hello-robot/ament_ws/build/audio_common' returned '0': AMENT_PREFIX_PATH=/home/hello-robot/ament_ws/install/sound_play:/home/hello-robot/ament_ws/install/audio_play:/home/hello-robot/ament_ws/install/audio_capture:/home/hello-robot/ament_ws/install/audio_common_msgs:${AMENT_PREFIX_PATH} CMAKE_PREFIX_PATH=/home/hello-robot/ament_ws/install/sound_play:/home/hello-robot/ament_ws/install/audio_play:/home/hello-robot/ament_ws/install/audio_capture:/home/hello-robot/ament_ws/install/audio_common_msgs:/opt/ros/humble LD_LIBRARY_PATH=/home/hello-robot/ament_ws/install/audio_play/lib:/home/hello-robot/ament_ws/install/audio_capture/lib:/home/hello-robot/ament_ws/install/audio_common_msgs/lib:${LD_LIBRARY_PATH} PATH=/home/hello-robot/ament_ws/install/audio_play/bin:/home/hello-robot/ament_ws/install/audio_capture/bin:${PATH} PYTHONPATH=/home/hello-robot/ament_ws/install/sound_play/local/lib/python3.10/dist-packages:/home/hello-robot/ament_ws/install/audio_common_msgs/local/lib/python3.10/dist-packages:${PYTHONPATH} /usr/bin/cmake --install /home/hello-robot/ament_ws/build/audio_common
