[0.048s] Invoking command in '/home/hello-robot/ament_ws/build/rosbridge_server': AMENT_PREFIX_PATH=/home/hello-robot/ament_ws/install/rosapi:/home/hello-robot/ament_ws/install/rosbridge_library:/home/hello-robot/ament_ws/install/rosbridge_msgs:/home/hello-robot/ament_ws/install/rosapi_msgs:${AMENT_PREFIX_PATH} CMAKE_PREFIX_PATH=/home/hello-robot/ament_ws/install/rosapi:/home/hello-robot/ament_ws/install/rosbridge_library:/home/hello-robot/ament_ws/install/rosbridge_msgs:/home/hello-robot/ament_ws/install/rosapi_msgs:/opt/ros/humble LD_LIBRARY_PATH=/home/hello-robot/ament_ws/install/rosbridge_msgs/lib:/home/hello-robot/ament_ws/install/rosapi_msgs/lib:${LD_LIBRARY_PATH} PYTHONPATH=/home/hello-robot/ament_ws/install/rosapi/local/lib/python3.10/dist-packages:/home/hello-robot/ament_ws/install/rosbridge_library/local/lib/python3.10/dist-packages:/home/hello-robot/ament_ws/install/rosbridge_msgs/local/lib/python3.10/dist-packages:/home/hello-robot/ament_ws/install/rosapi_msgs/local/lib/python3.10/dist-packages:${PYTHONPATH} /usr/bin/cmake /home/hello-robot/ament_ws/src/rosbridge_suite/rosbridge_server -DCMAKE_BUILD_TYPE=Release -DCMAKE_INSTALL_PREFIX=/home/hello-robot/ament_ws/install/rosbridge_server
[0.089s] -- The C compiler identification is GNU 11.4.0
[0.134s] -- The CXX compiler identification is GNU 11.4.0
[0.142s] -- Detecting C compiler ABI info
[0.210s] -- Detecting C compiler ABI info - done
[0.218s] -- Check for working C compiler: /usr/bin/cc - skipped
[0.218s] -- Detecting C compile features
[0.218s] -- Detecting C compile features - done
[0.221s] -- Detecting CXX compiler ABI info
[0.300s] -- Detecting CXX compiler ABI info - done
[0.308s] -- Check for working CXX compiler: /usr/bin/c++ - skipped
[0.309s] -- Detecting CXX compile features
[0.309s] -- Detecting CXX compile features - done
[0.312s] -- Found ament_cmake_ros: 0.10.0 (/opt/ros/humble/share/ament_cmake_ros/cmake)
[0.505s] -- Found Python3: /usr/bin/python3 (found version "3.10.12") found components: Interpreter 
[0.762s] -- Found launch_testing_ament_cmake: 1.0.5 (/opt/ros/humble/share/launch_testing_ament_cmake/cmake)
[0.764s] -- Found python_cmake_module: 0.10.0 (/opt/ros/humble/share/python_cmake_module/cmake)
[0.785s] -- Found PythonInterp: /usr/bin/python3 (found suitable version "3.10.12", minimum required is "3.6") 
[0.796s] -- Found PythonLibs: /usr/lib/x86_64-linux-gnu/libpython3.10.so (found suitable version "3.10.12", minimum required is "3.5") 
[0.796s] -- Using PYTHON_EXECUTABLE: /usr/bin/python3
[0.796s] -- Using PYTHON_INCLUDE_DIRS: /usr/include/python3.10
[0.796s] -- Using PYTHON_LIBRARIES: /usr/lib/x86_64-linux-gnu/libpython3.10.so
[0.818s] -- Found PythonExtra: .so  
[0.820s] -- Configuring done
[0.822s] -- Generating done
[0.823s] -- Build files have been written to: /home/hello-robot/ament_ws/build/rosbridge_server
[0.831s] Invoked command in '/home/hello-robot/ament_ws/build/rosbridge_server' returned '0': AMENT_PREFIX_PATH=/home/hello-robot/ament_ws/install/rosapi:/home/hello-robot/ament_ws/install/rosbridge_library:/home/hello-robot/ament_ws/install/rosbridge_msgs:/home/hello-robot/ament_ws/install/rosapi_msgs:${AMENT_PREFIX_PATH} CMAKE_PREFIX_PATH=/home/hello-robot/ament_ws/install/rosapi:/home/hello-robot/ament_ws/install/rosbridge_library:/home/hello-robot/ament_ws/install/rosbridge_msgs:/home/hello-robot/ament_ws/install/rosapi_msgs:/opt/ros/humble LD_LIBRARY_PATH=/home/hello-robot/ament_ws/install/rosbridge_msgs/lib:/home/hello-robot/ament_ws/install/rosapi_msgs/lib:${LD_LIBRARY_PATH} PYTHONPATH=/home/hello-robot/ament_ws/install/rosapi/local/lib/python3.10/dist-packages:/home/hello-robot/ament_ws/install/rosbridge_library/local/lib/python3.10/dist-packages:/home/hello-robot/ament_ws/install/rosbridge_msgs/local/lib/python3.10/dist-packages:/home/hello-robot/ament_ws/install/rosapi_msgs/local/lib/python3.10/dist-packages:${PYTHONPATH} /usr/bin/cmake /home/hello-robot/ament_ws/src/rosbridge_suite/rosbridge_server -DCMAKE_BUILD_TYPE=Release -DCMAKE_INSTALL_PREFIX=/home/hello-robot/ament_ws/install/rosbridge_server
[0.833s] Invoking command in '/home/hello-robot/ament_ws/build/rosbridge_server': AMENT_PREFIX_PATH=/home/hello-robot/ament_ws/install/rosapi:/home/hello-robot/ament_ws/install/rosbridge_library:/home/hello-robot/ament_ws/install/rosbridge_msgs:/home/hello-robot/ament_ws/install/rosapi_msgs:${AMENT_PREFIX_PATH} CMAKE_PREFIX_PATH=/home/hello-robot/ament_ws/install/rosapi:/home/hello-robot/ament_ws/install/rosbridge_library:/home/hello-robot/ament_ws/install/rosbridge_msgs:/home/hello-robot/ament_ws/install/rosapi_msgs:/opt/ros/humble LD_LIBRARY_PATH=/home/hello-robot/ament_ws/install/rosbridge_msgs/lib:/home/hello-robot/ament_ws/install/rosapi_msgs/lib:${LD_LIBRARY_PATH} PYTHONPATH=/home/hello-robot/ament_ws/install/rosapi/local/lib/python3.10/dist-packages:/home/hello-robot/ament_ws/install/rosbridge_library/local/lib/python3.10/dist-packages:/home/hello-robot/ament_ws/install/rosbridge_msgs/local/lib/python3.10/dist-packages:/home/hello-robot/ament_ws/install/rosapi_msgs/local/lib/python3.10/dist-packages:${PYTHONPATH} /usr/bin/cmake --build /home/hello-robot/ament_ws/build/rosbridge_server -- -j16 -l16
[0.890s] Built target ament_cmake_python_copy_rosbridge_server
[1.132s] running egg_info
[1.133s] creating rosbridge_server.egg-info
[1.133s] writing rosbridge_server.egg-info/PKG-INFO
[1.133s] writing dependency_links to rosbridge_server.egg-info/dependency_links.txt
[1.134s] writing top-level names to rosbridge_server.egg-info/top_level.txt
[1.134s] writing manifest file 'rosbridge_server.egg-info/SOURCES.txt'
[1.136s] reading manifest file 'rosbridge_server.egg-info/SOURCES.txt'
[1.137s] writing manifest file 'rosbridge_server.egg-info/SOURCES.txt'
[1.182s] Built target ament_cmake_python_build_rosbridge_server_egg
[1.193s] Invoked command in '/home/hello-robot/ament_ws/build/rosbridge_server' returned '0': AMENT_PREFIX_PATH=/home/hello-robot/ament_ws/install/rosapi:/home/hello-robot/ament_ws/install/rosbridge_library:/home/hello-robot/ament_ws/install/rosbridge_msgs:/home/hello-robot/ament_ws/install/rosapi_msgs:${AMENT_PREFIX_PATH} CMAKE_PREFIX_PATH=/home/hello-robot/ament_ws/install/rosapi:/home/hello-robot/ament_ws/install/rosbridge_library:/home/hello-robot/ament_ws/install/rosbridge_msgs:/home/hello-robot/ament_ws/install/rosapi_msgs:/opt/ros/humble LD_LIBRARY_PATH=/home/hello-robot/ament_ws/install/rosbridge_msgs/lib:/home/hello-robot/ament_ws/install/rosapi_msgs/lib:${LD_LIBRARY_PATH} PYTHONPATH=/home/hello-robot/ament_ws/install/rosapi/local/lib/python3.10/dist-packages:/home/hello-robot/ament_ws/install/rosbridge_library/local/lib/python3.10/dist-packages:/home/hello-robot/ament_ws/install/rosbridge_msgs/local/lib/python3.10/dist-packages:/home/hello-robot/ament_ws/install/rosapi_msgs/local/lib/python3.10/dist-packages:${PYTHONPATH} /usr/bin/cmake --build /home/hello-robot/ament_ws/build/rosbridge_server -- -j16 -l16
[1.213s] Invoking command in '/home/hello-robot/ament_ws/build/rosbridge_server': AMENT_PREFIX_PATH=/home/hello-robot/ament_ws/install/rosapi:/home/hello-robot/ament_ws/install/rosbridge_library:/home/hello-robot/ament_ws/install/rosbridge_msgs:/home/hello-robot/ament_ws/install/rosapi_msgs:${AMENT_PREFIX_PATH} CMAKE_PREFIX_PATH=/home/hello-robot/ament_ws/install/rosapi:/home/hello-robot/ament_ws/install/rosbridge_library:/home/hello-robot/ament_ws/install/rosbridge_msgs:/home/hello-robot/ament_ws/install/rosapi_msgs:/opt/ros/humble LD_LIBRARY_PATH=/home/hello-robot/ament_ws/install/rosbridge_msgs/lib:/home/hello-robot/ament_ws/install/rosapi_msgs/lib:${LD_LIBRARY_PATH} PYTHONPATH=/home/hello-robot/ament_ws/install/rosapi/local/lib/python3.10/dist-packages:/home/hello-robot/ament_ws/install/rosbridge_library/local/lib/python3.10/dist-packages:/home/hello-robot/ament_ws/install/rosbridge_msgs/local/lib/python3.10/dist-packages:/home/hello-robot/ament_ws/install/rosapi_msgs/local/lib/python3.10/dist-packages:${PYTHONPATH} /usr/bin/cmake --install /home/hello-robot/ament_ws/build/rosbridge_server
[1.220s] -- Install configuration: "Release"
[1.220s] -- Installing: /home/hello-robot/ament_ws/install/rosbridge_server/share/rosbridge_server/environment/pythonpath.sh
[1.220s] -- Installing: /home/hello-robot/ament_ws/install/rosbridge_server/share/rosbridge_server/environment/pythonpath.dsv
[1.220s] -- Installing: /home/hello-robot/ament_ws/install/rosbridge_server/local/lib/python3.10/dist-packages/rosbridge_server-1.3.2-py3.10.egg-info
[1.220s] -- Installing: /home/hello-robot/ament_ws/install/rosbridge_server/local/lib/python3.10/dist-packages/rosbridge_server-1.3.2-py3.10.egg-info/PKG-INFO
[1.220s] -- Installing: /home/hello-robot/ament_ws/install/rosbridge_server/local/lib/python3.10/dist-packages/rosbridge_server-1.3.2-py3.10.egg-info/dependency_links.txt
[1.220s] -- Installing: /home/hello-robot/ament_ws/install/rosbridge_server/local/lib/python3.10/dist-packages/rosbridge_server-1.3.2-py3.10.egg-info/top_level.txt
[1.220s] -- Installing: /home/hello-robot/ament_ws/install/rosbridge_server/local/lib/python3.10/dist-packages/rosbridge_server-1.3.2-py3.10.egg-info/SOURCES.txt
[1.220s] -- Installing: /home/hello-robot/ament_ws/install/rosbridge_server/local/lib/python3.10/dist-packages/rosbridge_server
[1.221s] -- Installing: /home/hello-robot/ament_ws/install/rosbridge_server/local/lib/python3.10/dist-packages/rosbridge_server/websocket_handler.py
[1.221s] -- Installing: /home/hello-robot/ament_ws/install/rosbridge_server/local/lib/python3.10/dist-packages/rosbridge_server/client_manager.py
[1.221s] -- Installing: /home/hello-robot/ament_ws/install/rosbridge_server/local/lib/python3.10/dist-packages/rosbridge_server/__init__.py
[1.251s] Listing '/home/hello-robot/ament_ws/install/rosbridge_server/local/lib/python3.10/dist-packages/rosbridge_server'...
[1.251s] Compiling '/home/hello-robot/ament_ws/install/rosbridge_server/local/lib/python3.10/dist-packages/rosbridge_server/__init__.py'...
[1.251s] Compiling '/home/hello-robot/ament_ws/install/rosbridge_server/local/lib/python3.10/dist-packages/rosbridge_server/client_manager.py'...
[1.251s] Compiling '/home/hello-robot/ament_ws/install/rosbridge_server/local/lib/python3.10/dist-packages/rosbridge_server/websocket_handler.py'...
[1.256s] -- Installing: /home/hello-robot/ament_ws/install/rosbridge_server/share/ament_index/resource_index/package_run_dependencies/rosbridge_server
[1.257s] -- Installing: /home/hello-robot/ament_ws/install/rosbridge_server/share/ament_index/resource_index/parent_prefix_path/rosbridge_server
[1.257s] -- Installing: /home/hello-robot/ament_ws/install/rosbridge_server/share/rosbridge_server/environment/ament_prefix_path.sh
[1.257s] -- Installing: /home/hello-robot/ament_ws/install/rosbridge_server/share/rosbridge_server/environment/ament_prefix_path.dsv
[1.257s] -- Installing: /home/hello-robot/ament_ws/install/rosbridge_server/share/rosbridge_server/environment/path.sh
[1.257s] -- Installing: /home/hello-robot/ament_ws/install/rosbridge_server/share/rosbridge_server/environment/path.dsv
[1.257s] -- Installing: /home/hello-robot/ament_ws/install/rosbridge_server/share/rosbridge_server/local_setup.bash
[1.257s] -- Installing: /home/hello-robot/ament_ws/install/rosbridge_server/share/rosbridge_server/local_setup.sh
[1.257s] -- Installing: /home/hello-robot/ament_ws/install/rosbridge_server/share/rosbridge_server/local_setup.zsh
[1.258s] -- Installing: /home/hello-robot/ament_ws/install/rosbridge_server/share/rosbridge_server/local_setup.dsv
[1.258s] -- Installing: /home/hello-robot/ament_ws/install/rosbridge_server/share/rosbridge_server/package.dsv
[1.258s] -- Installing: /home/hello-robot/ament_ws/install/rosbridge_server/share/ament_index/resource_index/packages/rosbridge_server
[1.258s] -- Installing: /home/hello-robot/ament_ws/install/rosbridge_server/share/rosbridge_server/cmake/rosbridge_serverConfig.cmake
[1.258s] -- Installing: /home/hello-robot/ament_ws/install/rosbridge_server/share/rosbridge_server/cmake/rosbridge_serverConfig-version.cmake
[1.258s] -- Installing: /home/hello-robot/ament_ws/install/rosbridge_server/share/rosbridge_server/package.xml
[1.258s] -- Installing: /home/hello-robot/ament_ws/install/rosbridge_server/lib/rosbridge_server/rosbridge_websocket.py
[1.266s] -- Installing: /home/hello-robot/ament_ws/install/rosbridge_server/lib/rosbridge_server/rosbridge_websocket
[1.266s] -- Installing: /home/hello-robot/ament_ws/install/rosbridge_server/share/rosbridge_server/launch/rosbridge_websocket_launch.xml
[1.268s] Invoked command in '/home/hello-robot/ament_ws/build/rosbridge_server' returned '0': AMENT_PREFIX_PATH=/home/hello-robot/ament_ws/install/rosapi:/home/hello-robot/ament_ws/install/rosbridge_library:/home/hello-robot/ament_ws/install/rosbridge_msgs:/home/hello-robot/ament_ws/install/rosapi_msgs:${AMENT_PREFIX_PATH} CMAKE_PREFIX_PATH=/home/hello-robot/ament_ws/install/rosapi:/home/hello-robot/ament_ws/install/rosbridge_library:/home/hello-robot/ament_ws/install/rosbridge_msgs:/home/hello-robot/ament_ws/install/rosapi_msgs:/opt/ros/humble LD_LIBRARY_PATH=/home/hello-robot/ament_ws/install/rosbridge_msgs/lib:/home/hello-robot/ament_ws/install/rosapi_msgs/lib:${LD_LIBRARY_PATH} PYTHONPATH=/home/hello-robot/ament_ws/install/rosapi/local/lib/python3.10/dist-packages:/home/hello-robot/ament_ws/install/rosbridge_library/local/lib/python3.10/dist-packages:/home/hello-robot/ament_ws/install/rosbridge_msgs/local/lib/python3.10/dist-packages:/home/hello-robot/ament_ws/install/rosapi_msgs/local/lib/python3.10/dist-packages:${PYTHONPATH} /usr/bin/cmake --install /home/hello-robot/ament_ws/build/rosbridge_server
