[0.664s] Invoking command in '/home/hello-robot/ament_ws/build/ros2_numpy': CMAKE_PREFIX_PATH=/opt/ros/humble /usr/bin/cmake /home/hello-robot/ament_ws/src/ros2_numpy -DCMAKE_BUILD_TYPE=Release -DCMAKE_INSTALL_PREFIX=/home/hello-robot/ament_ws/install/ros2_numpy
[3.474s] -- The C compiler identification is GNU 11.4.0
[3.474s] -- The CXX compiler identification is GNU 11.4.0
[3.474s] -- Detecting C compiler ABI info
[3.474s] -- Detecting C compiler ABI info - done
[3.474s] -- Check for working C compiler: /usr/bin/cc - skipped
[3.474s] -- Detecting C compile features
[3.474s] -- Detecting C compile features - done
[3.474s] -- Detecting CXX compiler ABI info
[3.474s] -- Detecting CXX compiler ABI info - done
[3.474s] -- Check for working CXX compiler: /usr/bin/c++ - skipped
[3.474s] -- Detecting CXX compile features
[3.474s] -- Detecting CXX compile features - done
[3.474s] -- Found ament_cmake: 1.3.8 (/opt/ros/humble/share/ament_cmake/cmake)
[3.474s] -- Found Python3: /usr/bin/python3 (found version "3.10.12") found components: Interpreter 
[3.474s] -- Found sensor_msgs: 4.2.3 (/opt/ros/humble/share/sensor_msgs/cmake)
[3.474s] -- Found rosidl_generator_c: 3.1.5 (/opt/ros/humble/share/rosidl_generator_c/cmake)
[3.475s] -- Found rosidl_adapter: 3.1.5 (/opt/ros/humble/share/rosidl_adapter/cmake)
[3.475s] -- Found rosidl_generator_cpp: 3.1.5 (/opt/ros/humble/share/rosidl_generator_cpp/cmake)
[3.475s] -- Using all available rosidl_typesupport_c: rosidl_typesupport_fastrtps_c;rosidl_typesupport_introspection_c
[3.475s] -- Using all available rosidl_typesupport_cpp: rosidl_typesupport_fastrtps_cpp;rosidl_typesupport_introspection_cpp
[3.475s] -- Found nav_msgs: 4.2.3 (/opt/ros/humble/share/nav_msgs/cmake)
[3.475s] -- Found rclpy: 3.3.12 (/opt/ros/humble/share/rclpy/cmake)
[3.475s] -- Found ament_cmake_pytest: 1.3.8 (/opt/ros/humble/share/ament_cmake_pytest/cmake)
[17.496s] -- Configuring done
[17.496s] -- Generating done
[17.496s] -- Build files have been written to: /home/hello-robot/ament_ws/build/ros2_numpy
[17.497s] Invoked command in '/home/hello-robot/ament_ws/build/ros2_numpy' returned '0': CMAKE_PREFIX_PATH=/opt/ros/humble /usr/bin/cmake /home/hello-robot/ament_ws/src/ros2_numpy -DCMAKE_BUILD_TYPE=Release -DCMAKE_INSTALL_PREFIX=/home/hello-robot/ament_ws/install/ros2_numpy
[17.499s] Invoking command in '/home/hello-robot/ament_ws/build/ros2_numpy': CMAKE_PREFIX_PATH=/opt/ros/humble /usr/bin/cmake --build /home/hello-robot/ament_ws/build/ros2_numpy -- -j16 -l16
[17.890s] Built target ament_cmake_python_copy_ros2_numpy
[20.782s] running egg_info
[20.782s] creating ros2_numpy.egg-info
[20.782s] writing ros2_numpy.egg-info/PKG-INFO
[20.782s] writing dependency_links to ros2_numpy.egg-info/dependency_links.txt
[20.782s] writing top-level names to ros2_numpy.egg-info/top_level.txt
[20.782s] writing manifest file 'ros2_numpy.egg-info/SOURCES.txt'
[20.782s] reading manifest file 'ros2_numpy.egg-info/SOURCES.txt'
[20.782s] writing manifest file 'ros2_numpy.egg-info/SOURCES.txt'
[20.782s] Built target ament_cmake_python_build_ros2_numpy_egg
[20.786s] Invoked command in '/home/hello-robot/ament_ws/build/ros2_numpy' returned '0': CMAKE_PREFIX_PATH=/opt/ros/humble /usr/bin/cmake --build /home/hello-robot/ament_ws/build/ros2_numpy -- -j16 -l16
[21.533s] Invoking command in '/home/hello-robot/ament_ws/build/ros2_numpy': CMAKE_PREFIX_PATH=/opt/ros/humble /usr/bin/cmake --install /home/hello-robot/ament_ws/build/ros2_numpy
[21.563s] -- Install configuration: "Release"
[21.563s] -- Installing: /home/hello-robot/ament_ws/install/ros2_numpy/share/ros2_numpy/environment/pythonpath.sh
[21.563s] -- Installing: /home/hello-robot/ament_ws/install/ros2_numpy/share/ros2_numpy/environment/pythonpath.dsv
[21.563s] -- Installing: /home/hello-robot/ament_ws/install/ros2_numpy/local/lib/python3.10/dist-packages/ros2_numpy-2.0.9-py3.10.egg-info
[21.563s] -- Installing: /home/hello-robot/ament_ws/install/ros2_numpy/local/lib/python3.10/dist-packages/ros2_numpy-2.0.9-py3.10.egg-info/PKG-INFO
[21.563s] -- Installing: /home/hello-robot/ament_ws/install/ros2_numpy/local/lib/python3.10/dist-packages/ros2_numpy-2.0.9-py3.10.egg-info/dependency_links.txt
[21.563s] -- Installing: /home/hello-robot/ament_ws/install/ros2_numpy/local/lib/python3.10/dist-packages/ros2_numpy-2.0.9-py3.10.egg-info/top_level.txt
[21.563s] -- Installing: /home/hello-robot/ament_ws/install/ros2_numpy/local/lib/python3.10/dist-packages/ros2_numpy-2.0.9-py3.10.egg-info/SOURCES.txt
[21.563s] -- Installing: /home/hello-robot/ament_ws/install/ros2_numpy/local/lib/python3.10/dist-packages/ros2_numpy
[21.563s] -- Installing: /home/hello-robot/ament_ws/install/ros2_numpy/local/lib/python3.10/dist-packages/ros2_numpy/geometry.py
[21.563s] -- Installing: /home/hello-robot/ament_ws/install/ros2_numpy/local/lib/python3.10/dist-packages/ros2_numpy/point_cloud2.py
[21.563s] -- Installing: /home/hello-robot/ament_ws/install/ros2_numpy/local/lib/python3.10/dist-packages/ros2_numpy/registry.py
[21.563s] -- Installing: /home/hello-robot/ament_ws/install/ros2_numpy/local/lib/python3.10/dist-packages/ros2_numpy/occupancy_grid.py
[21.563s] -- Installing: /home/hello-robot/ament_ws/install/ros2_numpy/local/lib/python3.10/dist-packages/ros2_numpy/image.py
[21.563s] -- Installing: /home/hello-robot/ament_ws/install/ros2_numpy/local/lib/python3.10/dist-packages/ros2_numpy/__init__.py
[21.696s] Listing '/home/hello-robot/ament_ws/install/ros2_numpy/local/lib/python3.10/dist-packages/ros2_numpy'...
[21.697s] Compiling '/home/hello-robot/ament_ws/install/ros2_numpy/local/lib/python3.10/dist-packages/ros2_numpy/__init__.py'...
[21.697s] Compiling '/home/hello-robot/ament_ws/install/ros2_numpy/local/lib/python3.10/dist-packages/ros2_numpy/geometry.py'...
[21.697s] Compiling '/home/hello-robot/ament_ws/install/ros2_numpy/local/lib/python3.10/dist-packages/ros2_numpy/image.py'...
[21.697s] Compiling '/home/hello-robot/ament_ws/install/ros2_numpy/local/lib/python3.10/dist-packages/ros2_numpy/occupancy_grid.py'...
[21.697s] Compiling '/home/hello-robot/ament_ws/install/ros2_numpy/local/lib/python3.10/dist-packages/ros2_numpy/point_cloud2.py'...
[21.697s] Compiling '/home/hello-robot/ament_ws/install/ros2_numpy/local/lib/python3.10/dist-packages/ros2_numpy/registry.py'...
[21.726s] -- Installing: /home/hello-robot/ament_ws/install/ros2_numpy/share/ament_index/resource_index/package_run_dependencies/ros2_numpy
[21.726s] -- Installing: /home/hello-robot/ament_ws/install/ros2_numpy/share/ament_index/resource_index/parent_prefix_path/ros2_numpy
[21.726s] -- Installing: /home/hello-robot/ament_ws/install/ros2_numpy/share/ros2_numpy/environment/ament_prefix_path.sh
[21.726s] -- Installing: /home/hello-robot/ament_ws/install/ros2_numpy/share/ros2_numpy/environment/ament_prefix_path.dsv
[21.726s] -- Installing: /home/hello-robot/ament_ws/install/ros2_numpy/share/ros2_numpy/environment/path.sh
[21.727s] -- Installing: /home/hello-robot/ament_ws/install/ros2_numpy/share/ros2_numpy/environment/path.dsv
[21.727s] -- Installing: /home/hello-robot/ament_ws/install/ros2_numpy/share/ros2_numpy/local_setup.bash
[21.727s] -- Installing: /home/hello-robot/ament_ws/install/ros2_numpy/share/ros2_numpy/local_setup.sh
[21.727s] -- Installing: /home/hello-robot/ament_ws/install/ros2_numpy/share/ros2_numpy/local_setup.zsh
[21.727s] -- Installing: /home/hello-robot/ament_ws/install/ros2_numpy/share/ros2_numpy/local_setup.dsv
[21.727s] -- Installing: /home/hello-robot/ament_ws/install/ros2_numpy/share/ros2_numpy/package.dsv
[21.727s] -- Installing: /home/hello-robot/ament_ws/install/ros2_numpy/share/ament_index/resource_index/packages/ros2_numpy
[21.727s] -- Installing: /home/hello-robot/ament_ws/install/ros2_numpy/share/ros2_numpy/cmake/ament_cmake_export_dependencies-extras.cmake
[21.727s] -- Installing: /home/hello-robot/ament_ws/install/ros2_numpy/share/ros2_numpy/cmake/ros2_numpyConfig.cmake
[21.728s] -- Installing: /home/hello-robot/ament_ws/install/ros2_numpy/share/ros2_numpy/cmake/ros2_numpyConfig-version.cmake
[21.728s] -- Installing: /home/hello-robot/ament_ws/install/ros2_numpy/share/ros2_numpy/package.xml
[21.736s] Invoked command in '/home/hello-robot/ament_ws/build/ros2_numpy' returned '0': CMAKE_PREFIX_PATH=/opt/ros/humble /usr/bin/cmake --install /home/hello-robot/ament_ws/build/ros2_numpy
