[0.706s] Invoking command in '/home/hello-robot/ament_ws/build/rosapi_msgs': CMAKE_PREFIX_PATH=${CMAKE_PREFIX_PATH}:/home/hello-robot/ament_ws/install/tf2_web_republisher_py:/home/hello-robot/ament_ws/install/stretch_ros_tutorials:/home/hello-robot/ament_ws/install/stretch_funmap:/home/hello-robot/ament_ws/install/stretch_calibration:/home/hello-robot/ament_ws/install/stretch_demos:/home/hello-robot/ament_ws/install/stretch_deep_perception:/home/hello-robot/ament_ws/install/stretch_core:/home/hello-robot/ament_ws/install/respeaker_ros2:/home/hello-robot/ament_ws/install/hello_helpers:/opt/ros/humble /usr/bin/cmake /home/hello-robot/ament_ws/src/rosbridge_suite/rosapi_msgs -DCMAKE_INSTALL_PREFIX=/home/hello-robot/ament_ws/install/rosapi_msgs
[3.688s] -- Found ament_cmake_ros: 0.10.0 (/opt/ros/humble/share/ament_cmake_ros/cmake)
[3.688s] -- Found builtin_interfaces: 1.2.1 (/opt/ros/humble/share/builtin_interfaces/cmake)
[3.688s] -- Found rosidl_generator_c: 3.1.5 (/opt/ros/humble/share/rosidl_generator_c/cmake)
[3.688s] -- Found rosidl_adapter: 3.1.5 (/opt/ros/humble/share/rosidl_adapter/cmake)
[3.688s] -- Found rosidl_generator_cpp: 3.1.5 (/opt/ros/humble/share/rosidl_generator_cpp/cmake)
[3.688s] -- Using all available rosidl_typesupport_c: rosidl_typesupport_fastrtps_c;rosidl_typesupport_introspection_c
[3.688s] -- Using all available rosidl_typesupport_cpp: rosidl_typesupport_fastrtps_cpp;rosidl_typesupport_introspection_cpp
[3.688s] -- Found rosidl_default_generators: 1.2.0 (/opt/ros/humble/share/rosidl_default_generators/cmake)
[3.688s] -- Using all available rosidl_typesupport_c: rosidl_typesupport_fastrtps_c;rosidl_typesupport_introspection_c
[3.688s] -- Using all available rosidl_typesupport_cpp: rosidl_typesupport_fastrtps_cpp;rosidl_typesupport_introspection_cpp
[3.689s] -- Found python_cmake_module: 0.10.0 (/opt/ros/humble/share/python_cmake_module/cmake)
[3.689s] -- Using PYTHON_EXECUTABLE: /usr/bin/python3
[3.689s] -- Using PYTHON_INCLUDE_DIRS: /usr/include/python3.10
[3.689s] -- Using PYTHON_LIBRARIES: /usr/lib/x86_64-linux-gnu/libpython3.10.so
[3.689s] -- Configuring done
[3.689s] -- Generating done
[3.689s] -- Build files have been written to: /home/hello-robot/ament_ws/build/rosapi_msgs
[3.706s] Invoked command in '/home/hello-robot/ament_ws/build/rosapi_msgs' returned '0': CMAKE_PREFIX_PATH=${CMAKE_PREFIX_PATH}:/home/hello-robot/ament_ws/install/tf2_web_republisher_py:/home/hello-robot/ament_ws/install/stretch_ros_tutorials:/home/hello-robot/ament_ws/install/stretch_funmap:/home/hello-robot/ament_ws/install/stretch_calibration:/home/hello-robot/ament_ws/install/stretch_demos:/home/hello-robot/ament_ws/install/stretch_deep_perception:/home/hello-robot/ament_ws/install/stretch_core:/home/hello-robot/ament_ws/install/respeaker_ros2:/home/hello-robot/ament_ws/install/hello_helpers:/opt/ros/humble /usr/bin/cmake /home/hello-robot/ament_ws/src/rosbridge_suite/rosapi_msgs -DCMAKE_INSTALL_PREFIX=/home/hello-robot/ament_ws/install/rosapi_msgs
[3.706s] Invoking command in '/home/hello-robot/ament_ws/build/rosapi_msgs': CMAKE_PREFIX_PATH=${CMAKE_PREFIX_PATH}:/home/hello-robot/ament_ws/install/tf2_web_republisher_py:/home/hello-robot/ament_ws/install/stretch_ros_tutorials:/home/hello-robot/ament_ws/install/stretch_funmap:/home/hello-robot/ament_ws/install/stretch_calibration:/home/hello-robot/ament_ws/install/stretch_demos:/home/hello-robot/ament_ws/install/stretch_deep_perception:/home/hello-robot/ament_ws/install/stretch_core:/home/hello-robot/ament_ws/install/respeaker_ros2:/home/hello-robot/ament_ws/install/hello_helpers:/opt/ros/humble /usr/bin/cmake --build /home/hello-robot/ament_ws/build/rosapi_msgs -- -j16 -l16
[3.801s] Consolidate compiler generated dependencies of target rosapi_msgs__rosidl_generator_c
[3.863s] [ 13%] Built target rosapi_msgs__rosidl_generator_c
[3.869s] [ 13%] Built target rosapi_msgs__cpp
[3.885s] [ 13%] Built target ament_cmake_python_copy_rosapi_msgs
[3.940s] Consolidate compiler generated dependencies of target rosapi_msgs__rosidl_typesupport_introspection_c
[3.952s] Consolidate compiler generated dependencies of target rosapi_msgs__rosidl_typesupport_c
[3.967s] Consolidate compiler generated dependencies of target rosapi_msgs__rosidl_typesupport_fastrtps_c
[3.971s] Consolidate compiler generated dependencies of target rosapi_msgs__rosidl_typesupport_introspection_cpp
[4.038s] [ 25%] Built target rosapi_msgs__rosidl_typesupport_introspection_c
[4.046s] [ 37%] Built target rosapi_msgs__rosidl_typesupport_c
[4.054s] [ 49%] Built target rosapi_msgs__rosidl_typesupport_fastrtps_c
[4.060s] [ 62%] Built target rosapi_msgs__rosidl_typesupport_introspection_cpp
[4.105s] Consolidate compiler generated dependencies of target rosapi_msgs__rosidl_typesupport_cpp
[4.115s] Consolidate compiler generated dependencies of target rosapi_msgs__rosidl_typesupport_fastrtps_cpp
[4.147s] [ 74%] Built target rosapi_msgs__rosidl_typesupport_cpp
[4.156s] [ 86%] Built target rosapi_msgs__rosidl_typesupport_fastrtps_cpp
[4.196s] [ 86%] Built target rosapi_msgs
[4.292s] [ 86%] Built target rosapi_msgs__py
[4.389s] Consolidate compiler generated dependencies of target rosapi_msgs__rosidl_generator_py
[4.448s] [ 97%] Built target rosapi_msgs__rosidl_generator_py
[4.510s] Consolidate compiler generated dependencies of target rosapi_msgs__rosidl_typesupport_c__pyext
[4.510s] Consolidate compiler generated dependencies of target rosapi_msgs__rosidl_typesupport_fastrtps_c__pyext
[4.659s] Consolidate compiler generated dependencies of target rosapi_msgs__rosidl_typesupport_introspection_c__pyext
[4.659s] [ 98%] Built target rosapi_msgs__rosidl_typesupport_c__pyext
[4.659s] [ 99%] Built target rosapi_msgs__rosidl_typesupport_fastrtps_c__pyext
[4.659s] [100%] Built target rosapi_msgs__rosidl_typesupport_introspection_c__pyext
[4.659s] running egg_info
[4.659s] writing rosapi_msgs.egg-info/PKG-INFO
[4.659s] writing dependency_links to rosapi_msgs.egg-info/dependency_links.txt
[4.659s] writing top-level names to rosapi_msgs.egg-info/top_level.txt
[4.660s] reading manifest file 'rosapi_msgs.egg-info/SOURCES.txt'
[4.660s] writing manifest file 'rosapi_msgs.egg-info/SOURCES.txt'
[4.741s] [100%] Built target ament_cmake_python_build_rosapi_msgs_egg
[4.748s] Invoked command in '/home/hello-robot/ament_ws/build/rosapi_msgs' returned '0': CMAKE_PREFIX_PATH=${CMAKE_PREFIX_PATH}:/home/hello-robot/ament_ws/install/tf2_web_republisher_py:/home/hello-robot/ament_ws/install/stretch_ros_tutorials:/home/hello-robot/ament_ws/install/stretch_funmap:/home/hello-robot/ament_ws/install/stretch_calibration:/home/hello-robot/ament_ws/install/stretch_demos:/home/hello-robot/ament_ws/install/stretch_deep_perception:/home/hello-robot/ament_ws/install/stretch_core:/home/hello-robot/ament_ws/install/respeaker_ros2:/home/hello-robot/ament_ws/install/hello_helpers:/opt/ros/humble /usr/bin/cmake --build /home/hello-robot/ament_ws/build/rosapi_msgs -- -j16 -l16
[5.947s] Invoking command in '/home/hello-robot/ament_ws/build/rosapi_msgs': CMAKE_PREFIX_PATH=${CMAKE_PREFIX_PATH}:/home/hello-robot/ament_ws/install/tf2_web_republisher_py:/home/hello-robot/ament_ws/install/stretch_ros_tutorials:/home/hello-robot/ament_ws/install/stretch_funmap:/home/hello-robot/ament_ws/install/stretch_calibration:/home/hello-robot/ament_ws/install/stretch_demos:/home/hello-robot/ament_ws/install/stretch_deep_perception:/home/hello-robot/ament_ws/install/stretch_core:/home/hello-robot/ament_ws/install/respeaker_ros2:/home/hello-robot/ament_ws/install/hello_helpers:/opt/ros/humble /usr/bin/cmake --install /home/hello-robot/ament_ws/build/rosapi_msgs
[6.039s] -- Install configuration: "Release"
[6.039s] -- Up-to-date: /home/hello-robot/ament_ws/install/rosapi_msgs/share/ament_index/resource_index/rosidl_interfaces/rosapi_msgs
[6.039s] -- Up-to-date: /home/hello-robot/ament_ws/install/rosapi_msgs/include/rosapi_msgs/rosapi_msgs
[6.039s] -- Up-to-date: /home/hello-robot/ament_ws/install/rosapi_msgs/include/rosapi_msgs/rosapi_msgs/srv
[6.039s] -- Up-to-date: /home/hello-robot/ament_ws/install/rosapi_msgs/include/rosapi_msgs/rosapi_msgs/srv/services.h
[6.040s] -- Up-to-date: /home/hello-robot/ament_ws/install/rosapi_msgs/include/rosapi_msgs/rosapi_msgs/srv/topics_and_raw_types.h
[6.040s] -- Up-to-date: /home/hello-robot/ament_ws/install/rosapi_msgs/include/rosapi_msgs/rosapi_msgs/srv/service_type.h
[6.040s] -- Up-to-date: /home/hello-robot/ament_ws/install/rosapi_msgs/include/rosapi_msgs/rosapi_msgs/srv/get_ros_version.h
[6.040s] -- Up-to-date: /home/hello-robot/ament_ws/install/rosapi_msgs/include/rosapi_msgs/rosapi_msgs/srv/set_param.h
[6.040s] -- Up-to-date: /home/hello-robot/ament_ws/install/rosapi_msgs/include/rosapi_msgs/rosapi_msgs/srv/services_for_type.h
[6.041s] -- Up-to-date: /home/hello-robot/ament_ws/install/rosapi_msgs/include/rosapi_msgs/rosapi_msgs/srv/service_node.h
[6.041s] -- Up-to-date: /home/hello-robot/ament_ws/install/rosapi_msgs/include/rosapi_msgs/rosapi_msgs/srv/has_param.h
[6.041s] -- Up-to-date: /home/hello-robot/ament_ws/install/rosapi_msgs/include/rosapi_msgs/rosapi_msgs/srv/topic_type.h
[6.041s] -- Up-to-date: /home/hello-robot/ament_ws/install/rosapi_msgs/include/rosapi_msgs/rosapi_msgs/srv/service_response_details.h
[6.041s] -- Up-to-date: /home/hello-robot/ament_ws/install/rosapi_msgs/include/rosapi_msgs/rosapi_msgs/srv/detail
[6.041s] -- Up-to-date: /home/hello-robot/ament_ws/install/rosapi_msgs/include/rosapi_msgs/rosapi_msgs/srv/detail/service_type__functions.h
[6.041s] -- Up-to-date: /home/hello-robot/ament_ws/install/rosapi_msgs/include/rosapi_msgs/rosapi_msgs/srv/detail/get_param__functions.h
[6.041s] -- Up-to-date: /home/hello-robot/ament_ws/install/rosapi_msgs/include/rosapi_msgs/rosapi_msgs/srv/detail/subscribers__functions.h
[6.042s] -- Up-to-date: /home/hello-robot/ament_ws/install/rosapi_msgs/include/rosapi_msgs/rosapi_msgs/srv/detail/topics_and_raw_types__type_support.h
[6.042s] -- Up-to-date: /home/hello-robot/ament_ws/install/rosapi_msgs/include/rosapi_msgs/rosapi_msgs/srv/detail/topics__functions.c
[6.042s] -- Up-to-date: /home/hello-robot/ament_ws/install/rosapi_msgs/include/rosapi_msgs/rosapi_msgs/srv/detail/subscribers__struct.h
[6.042s] -- Up-to-date: /home/hello-robot/ament_ws/install/rosapi_msgs/include/rosapi_msgs/rosapi_msgs/srv/detail/service_response_details__type_support.h
[6.042s] -- Up-to-date: /home/hello-robot/ament_ws/install/rosapi_msgs/include/rosapi_msgs/rosapi_msgs/srv/detail/topics_for_type__type_support.h
[6.042s] -- Up-to-date: /home/hello-robot/ament_ws/install/rosapi_msgs/include/rosapi_msgs/rosapi_msgs/srv/detail/get_action_servers__functions.c
[6.042s] -- Up-to-date: /home/hello-robot/ament_ws/install/rosapi_msgs/include/rosapi_msgs/rosapi_msgs/srv/detail/service_node__functions.c
[6.042s] -- Up-to-date: /home/hello-robot/ament_ws/install/rosapi_msgs/include/rosapi_msgs/rosapi_msgs/srv/detail/get_ros_version__functions.c
[6.042s] -- Up-to-date: /home/hello-robot/ament_ws/install/rosapi_msgs/include/rosapi_msgs/rosapi_msgs/srv/detail/publishers__functions.c
[6.042s] -- Up-to-date: /home/hello-robot/ament_ws/install/rosapi_msgs/include/rosapi_msgs/rosapi_msgs/srv/detail/delete_param__functions.c
[6.043s] -- Up-to-date: /home/hello-robot/ament_ws/install/rosapi_msgs/include/rosapi_msgs/rosapi_msgs/srv/detail/subscribers__type_support.h
[6.043s] -- Up-to-date: /home/hello-robot/ament_ws/install/rosapi_msgs/include/rosapi_msgs/rosapi_msgs/srv/detail/subscribers__functions.c
[6.043s] -- Up-to-date: /home/hello-robot/ament_ws/install/rosapi_msgs/include/rosapi_msgs/rosapi_msgs/srv/detail/service_response_details__struct.h
[6.043s] -- Up-to-date: /home/hello-robot/ament_ws/install/rosapi_msgs/include/rosapi_msgs/rosapi_msgs/srv/detail/topics_and_raw_types__struct.h
[6.043s] -- Up-to-date: /home/hello-robot/ament_ws/install/rosapi_msgs/include/rosapi_msgs/rosapi_msgs/srv/detail/services__functions.h
[6.043s] -- Up-to-date: /home/hello-robot/ament_ws/install/rosapi_msgs/include/rosapi_msgs/rosapi_msgs/srv/detail/services__functions.c
[6.043s] -- Up-to-date: /home/hello-robot/ament_ws/install/rosapi_msgs/include/rosapi_msgs/rosapi_msgs/srv/detail/services_for_type__functions.c
[6.043s] -- Up-to-date: /home/hello-robot/ament_ws/install/rosapi_msgs/include/rosapi_msgs/rosapi_msgs/srv/detail/get_action_servers__functions.h
[6.043s] -- Up-to-date: /home/hello-robot/ament_ws/install/rosapi_msgs/include/rosapi_msgs/rosapi_msgs/srv/detail/service_node__functions.h
[6.043s] -- Up-to-date: /home/hello-robot/ament_ws/install/rosapi_msgs/include/rosapi_msgs/rosapi_msgs/srv/detail/publishers__type_support.h
[6.043s] -- Up-to-date: /home/hello-robot/ament_ws/install/rosapi_msgs/include/rosapi_msgs/rosapi_msgs/srv/detail/topics_and_raw_types__functions.h
[6.044s] -- Up-to-date: /home/hello-robot/ament_ws/install/rosapi_msgs/include/rosapi_msgs/rosapi_msgs/srv/detail/get_time__functions.c
[6.044s] -- Up-to-date: /home/hello-robot/ament_ws/install/rosapi_msgs/include/rosapi_msgs/rosapi_msgs/srv/detail/get_time__type_support.h
[6.044s] -- Up-to-date: /home/hello-robot/ament_ws/install/rosapi_msgs/include/rosapi_msgs/rosapi_msgs/srv/detail/topic_type__functions.c
[6.044s] -- Up-to-date: /home/hello-robot/ament_ws/install/rosapi_msgs/include/rosapi_msgs/rosapi_msgs/srv/detail/topics_and_raw_types__functions.c
[6.044s] -- Up-to-date: /home/hello-robot/ament_ws/install/rosapi_msgs/include/rosapi_msgs/rosapi_msgs/srv/detail/get_param__functions.c
[6.044s] -- Up-to-date: /home/hello-robot/ament_ws/install/rosapi_msgs/include/rosapi_msgs/rosapi_msgs/srv/detail/node_details__struct.h
[6.044s] -- Up-to-date: /home/hello-robot/ament_ws/install/rosapi_msgs/include/rosapi_msgs/rosapi_msgs/srv/detail/get_ros_version__functions.h
[6.044s] -- Up-to-date: /home/hello-robot/ament_ws/install/rosapi_msgs/include/rosapi_msgs/rosapi_msgs/srv/detail/nodes__functions.c
[6.044s] -- Up-to-date: /home/hello-robot/ament_ws/install/rosapi_msgs/include/rosapi_msgs/rosapi_msgs/srv/detail/delete_param__type_support.h
[6.044s] -- Up-to-date: /home/hello-robot/ament_ws/install/rosapi_msgs/include/rosapi_msgs/rosapi_msgs/srv/detail/topics_for_type__functions.c
[6.044s] -- Up-to-date: /home/hello-robot/ament_ws/install/rosapi_msgs/include/rosapi_msgs/rosapi_msgs/srv/detail/services_for_type__functions.h
[6.044s] -- Up-to-date: /home/hello-robot/ament_ws/install/rosapi_msgs/include/rosapi_msgs/rosapi_msgs/srv/detail/services_for_type__type_support.h
[6.044s] -- Up-to-date: /home/hello-robot/ament_ws/install/rosapi_msgs/include/rosapi_msgs/rosapi_msgs/srv/detail/services_for_type__struct.h
[6.044s] -- Up-to-date: /home/hello-robot/ament_ws/install/rosapi_msgs/include/rosapi_msgs/rosapi_msgs/srv/detail/set_param__functions.c
[6.044s] -- Up-to-date: /home/hello-robot/ament_ws/install/rosapi_msgs/include/rosapi_msgs/rosapi_msgs/srv/detail/delete_param__functions.h
[6.045s] -- Up-to-date: /home/hello-robot/ament_ws/install/rosapi_msgs/include/rosapi_msgs/rosapi_msgs/srv/detail/topics__struct.h
[6.045s] -- Up-to-date: /home/hello-robot/ament_ws/install/rosapi_msgs/include/rosapi_msgs/rosapi_msgs/srv/detail/message_details__struct.h
[6.045s] -- Up-to-date: /home/hello-robot/ament_ws/install/rosapi_msgs/include/rosapi_msgs/rosapi_msgs/srv/detail/get_ros_version__struct.h
[6.045s] -- Up-to-date: /home/hello-robot/ament_ws/install/rosapi_msgs/include/rosapi_msgs/rosapi_msgs/srv/detail/get_action_servers__type_support.h
[6.045s] -- Up-to-date: /home/hello-robot/ament_ws/install/rosapi_msgs/include/rosapi_msgs/rosapi_msgs/srv/detail/topics_for_type__functions.h
[6.045s] -- Up-to-date: /home/hello-robot/ament_ws/install/rosapi_msgs/include/rosapi_msgs/rosapi_msgs/srv/detail/message_details__type_support.h
[6.045s] -- Up-to-date: /home/hello-robot/ament_ws/install/rosapi_msgs/include/rosapi_msgs/rosapi_msgs/srv/detail/node_details__functions.c
[6.045s] -- Up-to-date: /home/hello-robot/ament_ws/install/rosapi_msgs/include/rosapi_msgs/rosapi_msgs/srv/detail/service_type__type_support.h
[6.045s] -- Up-to-date: /home/hello-robot/ament_ws/install/rosapi_msgs/include/rosapi_msgs/rosapi_msgs/srv/detail/service_request_details__functions.c
[6.045s] -- Up-to-date: /home/hello-robot/ament_ws/install/rosapi_msgs/include/rosapi_msgs/rosapi_msgs/srv/detail/has_param__struct.h
[6.045s] -- Up-to-date: /home/hello-robot/ament_ws/install/rosapi_msgs/include/rosapi_msgs/rosapi_msgs/srv/detail/topics_for_type__struct.h
[6.046s] -- Up-to-date: /home/hello-robot/ament_ws/install/rosapi_msgs/include/rosapi_msgs/rosapi_msgs/srv/detail/topics__functions.h
[6.046s] -- Up-to-date: /home/hello-robot/ament_ws/install/rosapi_msgs/include/rosapi_msgs/rosapi_msgs/srv/detail/service_request_details__type_support.h
[6.046s] -- Up-to-date: /home/hello-robot/ament_ws/install/rosapi_msgs/include/rosapi_msgs/rosapi_msgs/srv/detail/get_param__struct.h
[6.046s] -- Up-to-date: /home/hello-robot/ament_ws/install/rosapi_msgs/include/rosapi_msgs/rosapi_msgs/srv/detail/service_providers__struct.h
[6.046s] -- Up-to-date: /home/hello-robot/ament_ws/install/rosapi_msgs/include/rosapi_msgs/rosapi_msgs/srv/detail/delete_param__struct.h
[6.047s] -- Up-to-date: /home/hello-robot/ament_ws/install/rosapi_msgs/include/rosapi_msgs/rosapi_msgs/srv/detail/set_param__type_support.h
[6.047s] -- Up-to-date: /home/hello-robot/ament_ws/install/rosapi_msgs/include/rosapi_msgs/rosapi_msgs/srv/detail/topic_type__type_support.h
[6.048s] -- Up-to-date: /home/hello-robot/ament_ws/install/rosapi_msgs/include/rosapi_msgs/rosapi_msgs/srv/detail/nodes__functions.h
[6.048s] -- Up-to-date: /home/hello-robot/ament_ws/install/rosapi_msgs/include/rosapi_msgs/rosapi_msgs/srv/detail/get_param_names__type_support.h
[6.049s] -- Up-to-date: /home/hello-robot/ament_ws/install/rosapi_msgs/include/rosapi_msgs/rosapi_msgs/srv/detail/has_param__functions.h
[6.049s] -- Up-to-date: /home/hello-robot/ament_ws/install/rosapi_msgs/include/rosapi_msgs/rosapi_msgs/srv/detail/services__struct.h
[6.050s] -- Up-to-date: /home/hello-robot/ament_ws/install/rosapi_msgs/include/rosapi_msgs/rosapi_msgs/srv/detail/get_time__struct.h
[6.050s] -- Up-to-date: /home/hello-robot/ament_ws/install/rosapi_msgs/include/rosapi_msgs/rosapi_msgs/srv/detail/has_param__functions.c
[6.050s] -- Up-to-date: /home/hello-robot/ament_ws/install/rosapi_msgs/include/rosapi_msgs/rosapi_msgs/srv/detail/get_param_names__functions.c
[6.051s] -- Up-to-date: /home/hello-robot/ament_ws/install/rosapi_msgs/include/rosapi_msgs/rosapi_msgs/srv/detail/get_time__functions.h
[6.051s] -- Up-to-date: /home/hello-robot/ament_ws/install/rosapi_msgs/include/rosapi_msgs/rosapi_msgs/srv/detail/service_providers__type_support.h
[6.052s] -- Up-to-date: /home/hello-robot/ament_ws/install/rosapi_msgs/include/rosapi_msgs/rosapi_msgs/srv/detail/service_node__type_support.h
[6.052s] -- Up-to-date: /home/hello-robot/ament_ws/install/rosapi_msgs/include/rosapi_msgs/rosapi_msgs/srv/detail/service_type__struct.h
[6.052s] -- Up-to-date: /home/hello-robot/ament_ws/install/rosapi_msgs/include/rosapi_msgs/rosapi_msgs/srv/detail/service_request_details__struct.h
[6.053s] -- Up-to-date: /home/hello-robot/ament_ws/install/rosapi_msgs/include/rosapi_msgs/rosapi_msgs/srv/detail/service_node__struct.h
[6.053s] -- Up-to-date: /home/hello-robot/ament_ws/install/rosapi_msgs/include/rosapi_msgs/rosapi_msgs/srv/detail/topic_type__struct.h
[6.053s] -- Up-to-date: /home/hello-robot/ament_ws/install/rosapi_msgs/include/rosapi_msgs/rosapi_msgs/srv/detail/get_param__type_support.h
[6.053s] -- Up-to-date: /home/hello-robot/ament_ws/install/rosapi_msgs/include/rosapi_msgs/rosapi_msgs/srv/detail/message_details__functions.c
[6.054s] -- Up-to-date: /home/hello-robot/ament_ws/install/rosapi_msgs/include/rosapi_msgs/rosapi_msgs/srv/detail/service_providers__functions.c
[6.054s] -- Up-to-date: /home/hello-robot/ament_ws/install/rosapi_msgs/include/rosapi_msgs/rosapi_msgs/srv/detail/set_param__functions.h
[6.055s] -- Up-to-date: /home/hello-robot/ament_ws/install/rosapi_msgs/include/rosapi_msgs/rosapi_msgs/srv/detail/service_response_details__functions.h
[6.055s] -- Up-to-date: /home/hello-robot/ament_ws/install/rosapi_msgs/include/rosapi_msgs/rosapi_msgs/srv/detail/node_details__functions.h
[6.055s] -- Up-to-date: /home/hello-robot/ament_ws/install/rosapi_msgs/include/rosapi_msgs/rosapi_msgs/srv/detail/get_ros_version__type_support.h
[6.056s] -- Up-to-date: /home/hello-robot/ament_ws/install/rosapi_msgs/include/rosapi_msgs/rosapi_msgs/srv/detail/get_param_names__functions.h
[6.056s] -- Up-to-date: /home/hello-robot/ament_ws/install/rosapi_msgs/include/rosapi_msgs/rosapi_msgs/srv/detail/get_param_names__struct.h
[6.058s] -- Up-to-date: /home/hello-robot/ament_ws/install/rosapi_msgs/include/rosapi_msgs/rosapi_msgs/srv/detail/service_providers__functions.h
[6.059s] -- Up-to-date: /home/hello-robot/ament_ws/install/rosapi_msgs/include/rosapi_msgs/rosapi_msgs/srv/detail/service_type__functions.c
[6.059s] -- Up-to-date: /home/hello-robot/ament_ws/install/rosapi_msgs/include/rosapi_msgs/rosapi_msgs/srv/detail/get_action_servers__struct.h
[6.059s] -- Up-to-date: /home/hello-robot/ament_ws/install/rosapi_msgs/include/rosapi_msgs/rosapi_msgs/srv/detail/nodes__type_support.h
[6.059s] -- Up-to-date: /home/hello-robot/ament_ws/install/rosapi_msgs/include/rosapi_msgs/rosapi_msgs/srv/detail/service_request_details__functions.h
[6.060s] -- Up-to-date: /home/hello-robot/ament_ws/install/rosapi_msgs/include/rosapi_msgs/rosapi_msgs/srv/detail/service_response_details__functions.c
[6.060s] -- Up-to-date: /home/hello-robot/ament_ws/install/rosapi_msgs/include/rosapi_msgs/rosapi_msgs/srv/detail/services__type_support.h
[6.060s] -- Up-to-date: /home/hello-robot/ament_ws/install/rosapi_msgs/include/rosapi_msgs/rosapi_msgs/srv/detail/topics__type_support.h
[6.060s] -- Up-to-date: /home/hello-robot/ament_ws/install/rosapi_msgs/include/rosapi_msgs/rosapi_msgs/srv/detail/message_details__functions.h
[6.061s] -- Up-to-date: /home/hello-robot/ament_ws/install/rosapi_msgs/include/rosapi_msgs/rosapi_msgs/srv/detail/topic_type__functions.h
[6.061s] -- Up-to-date: /home/hello-robot/ament_ws/install/rosapi_msgs/include/rosapi_msgs/rosapi_msgs/srv/detail/publishers__struct.h
[6.061s] -- Up-to-date: /home/hello-robot/ament_ws/install/rosapi_msgs/include/rosapi_msgs/rosapi_msgs/srv/detail/has_param__type_support.h
[6.061s] -- Up-to-date: /home/hello-robot/ament_ws/install/rosapi_msgs/include/rosapi_msgs/rosapi_msgs/srv/detail/set_param__struct.h
[6.062s] -- Up-to-date: /home/hello-robot/ament_ws/install/rosapi_msgs/include/rosapi_msgs/rosapi_msgs/srv/detail/node_details__type_support.h
[6.062s] -- Up-to-date: /home/hello-robot/ament_ws/install/rosapi_msgs/include/rosapi_msgs/rosapi_msgs/srv/detail/publishers__functions.h
[6.062s] -- Up-to-date: /home/hello-robot/ament_ws/install/rosapi_msgs/include/rosapi_msgs/rosapi_msgs/srv/detail/nodes__struct.h
[6.062s] -- Up-to-date: /home/hello-robot/ament_ws/install/rosapi_msgs/include/rosapi_msgs/rosapi_msgs/srv/topics_for_type.h
[6.063s] -- Up-to-date: /home/hello-robot/ament_ws/install/rosapi_msgs/include/rosapi_msgs/rosapi_msgs/srv/publishers.h
[6.063s] -- Up-to-date: /home/hello-robot/ament_ws/install/rosapi_msgs/include/rosapi_msgs/rosapi_msgs/srv/get_param.h
[6.063s] -- Up-to-date: /home/hello-robot/ament_ws/install/rosapi_msgs/include/rosapi_msgs/rosapi_msgs/srv/message_details.h
[6.063s] -- Up-to-date: /home/hello-robot/ament_ws/install/rosapi_msgs/include/rosapi_msgs/rosapi_msgs/srv/delete_param.h
[6.064s] -- Up-to-date: /home/hello-robot/ament_ws/install/rosapi_msgs/include/rosapi_msgs/rosapi_msgs/srv/service_request_details.h
[6.064s] -- Up-to-date: /home/hello-robot/ament_ws/install/rosapi_msgs/include/rosapi_msgs/rosapi_msgs/srv/get_action_servers.h
[6.064s] -- Up-to-date: /home/hello-robot/ament_ws/install/rosapi_msgs/include/rosapi_msgs/rosapi_msgs/srv/subscribers.h
[6.065s] -- Up-to-date: /home/hello-robot/ament_ws/install/rosapi_msgs/include/rosapi_msgs/rosapi_msgs/srv/get_time.h
[6.065s] -- Up-to-date: /home/hello-robot/ament_ws/install/rosapi_msgs/include/rosapi_msgs/rosapi_msgs/srv/nodes.h
[6.065s] -- Up-to-date: /home/hello-robot/ament_ws/install/rosapi_msgs/include/rosapi_msgs/rosapi_msgs/srv/topics.h
[6.065s] -- Up-to-date: /home/hello-robot/ament_ws/install/rosapi_msgs/include/rosapi_msgs/rosapi_msgs/srv/get_param_names.h
[6.065s] -- Up-to-date: /home/hello-robot/ament_ws/install/rosapi_msgs/include/rosapi_msgs/rosapi_msgs/srv/service_providers.h
[6.066s] -- Up-to-date: /home/hello-robot/ament_ws/install/rosapi_msgs/include/rosapi_msgs/rosapi_msgs/srv/node_details.h
[6.066s] -- Up-to-date: /home/hello-robot/ament_ws/install/rosapi_msgs/include/rosapi_msgs/rosapi_msgs/msg
[6.066s] -- Up-to-date: /home/hello-robot/ament_ws/install/rosapi_msgs/include/rosapi_msgs/rosapi_msgs/msg/rosidl_generator_c__visibility_control.h
[6.066s] -- Up-to-date: /home/hello-robot/ament_ws/install/rosapi_msgs/include/rosapi_msgs/rosapi_msgs/msg/detail
[6.067s] -- Up-to-date: /home/hello-robot/ament_ws/install/rosapi_msgs/include/rosapi_msgs/rosapi_msgs/msg/detail/type_def__functions.c
[6.067s] -- Up-to-date: /home/hello-robot/ament_ws/install/rosapi_msgs/include/rosapi_msgs/rosapi_msgs/msg/detail/type_def__functions.h
[6.067s] -- Up-to-date: /home/hello-robot/ament_ws/install/rosapi_msgs/include/rosapi_msgs/rosapi_msgs/msg/detail/type_def__struct.h
[6.067s] -- Up-to-date: /home/hello-robot/ament_ws/install/rosapi_msgs/include/rosapi_msgs/rosapi_msgs/msg/detail/type_def__type_support.h
[6.068s] -- Up-to-date: /home/hello-robot/ament_ws/install/rosapi_msgs/include/rosapi_msgs/rosapi_msgs/msg/type_def.h
[6.068s] -- Up-to-date: /home/hello-robot/ament_ws/install/rosapi_msgs/share/rosapi_msgs/environment/library_path.sh
[6.068s] -- Installing: /home/hello-robot/ament_ws/install/rosapi_msgs/share/rosapi_msgs/environment/library_path.dsv
[6.068s] -- Up-to-date: /home/hello-robot/ament_ws/install/rosapi_msgs/lib/librosapi_msgs__rosidl_generator_c.so
[6.068s] -- Up-to-date: /home/hello-robot/ament_ws/install/rosapi_msgs/include/rosapi_msgs/rosapi_msgs
[6.069s] -- Up-to-date: /home/hello-robot/ament_ws/install/rosapi_msgs/include/rosapi_msgs/rosapi_msgs/srv
[6.069s] -- Up-to-date: /home/hello-robot/ament_ws/install/rosapi_msgs/include/rosapi_msgs/rosapi_msgs/srv/detail
[6.069s] -- Up-to-date: /home/hello-robot/ament_ws/install/rosapi_msgs/include/rosapi_msgs/rosapi_msgs/srv/detail/topics_and_raw_types__rosidl_typesupport_fastrtps_c.h
[6.069s] -- Up-to-date: /home/hello-robot/ament_ws/install/rosapi_msgs/include/rosapi_msgs/rosapi_msgs/srv/detail/get_time__rosidl_typesupport_fastrtps_c.h
[6.070s] -- Up-to-date: /home/hello-robot/ament_ws/install/rosapi_msgs/include/rosapi_msgs/rosapi_msgs/srv/detail/node_details__rosidl_typesupport_fastrtps_c.h
[6.070s] -- Up-to-date: /home/hello-robot/ament_ws/install/rosapi_msgs/include/rosapi_msgs/rosapi_msgs/srv/detail/delete_param__rosidl_typesupport_fastrtps_c.h
[6.070s] -- Up-to-date: /home/hello-robot/ament_ws/install/rosapi_msgs/include/rosapi_msgs/rosapi_msgs/srv/detail/services__rosidl_typesupport_fastrtps_c.h
[6.071s] -- Up-to-date: /home/hello-robot/ament_ws/install/rosapi_msgs/include/rosapi_msgs/rosapi_msgs/srv/detail/get_param_names__rosidl_typesupport_fastrtps_c.h
[6.071s] -- Up-to-date: /home/hello-robot/ament_ws/install/rosapi_msgs/include/rosapi_msgs/rosapi_msgs/srv/detail/get_action_servers__rosidl_typesupport_fastrtps_c.h
[6.072s] -- Up-to-date: /home/hello-robot/ament_ws/install/rosapi_msgs/include/rosapi_msgs/rosapi_msgs/srv/detail/publishers__rosidl_typesupport_fastrtps_c.h
[6.072s] -- Up-to-date: /home/hello-robot/ament_ws/install/rosapi_msgs/include/rosapi_msgs/rosapi_msgs/srv/detail/topics_for_type__rosidl_typesupport_fastrtps_c.h
[6.072s] -- Up-to-date: /home/hello-robot/ament_ws/install/rosapi_msgs/include/rosapi_msgs/rosapi_msgs/srv/detail/message_details__rosidl_typesupport_fastrtps_c.h
[6.072s] -- Up-to-date: /home/hello-robot/ament_ws/install/rosapi_msgs/include/rosapi_msgs/rosapi_msgs/srv/detail/has_param__rosidl_typesupport_fastrtps_c.h
[6.073s] -- Up-to-date: /home/hello-robot/ament_ws/install/rosapi_msgs/include/rosapi_msgs/rosapi_msgs/srv/detail/service_providers__rosidl_typesupport_fastrtps_c.h
[6.073s] -- Up-to-date: /home/hello-robot/ament_ws/install/rosapi_msgs/include/rosapi_msgs/rosapi_msgs/srv/detail/get_param__rosidl_typesupport_fastrtps_c.h
[6.073s] -- Up-to-date: /home/hello-robot/ament_ws/install/rosapi_msgs/include/rosapi_msgs/rosapi_msgs/srv/detail/services_for_type__rosidl_typesupport_fastrtps_c.h
[6.074s] -- Up-to-date: /home/hello-robot/ament_ws/install/rosapi_msgs/include/rosapi_msgs/rosapi_msgs/srv/detail/topic_type__rosidl_typesupport_fastrtps_c.h
[6.074s] -- Up-to-date: /home/hello-robot/ament_ws/install/rosapi_msgs/include/rosapi_msgs/rosapi_msgs/srv/detail/service_type__rosidl_typesupport_fastrtps_c.h
[6.075s] -- Up-to-date: /home/hello-robot/ament_ws/install/rosapi_msgs/include/rosapi_msgs/rosapi_msgs/srv/detail/service_response_details__rosidl_typesupport_fastrtps_c.h
[6.075s] -- Up-to-date: /home/hello-robot/ament_ws/install/rosapi_msgs/include/rosapi_msgs/rosapi_msgs/srv/detail/service_request_details__rosidl_typesupport_fastrtps_c.h
[6.075s] -- Up-to-date: /home/hello-robot/ament_ws/install/rosapi_msgs/include/rosapi_msgs/rosapi_msgs/srv/detail/nodes__rosidl_typesupport_fastrtps_c.h
[6.076s] -- Up-to-date: /home/hello-robot/ament_ws/install/rosapi_msgs/include/rosapi_msgs/rosapi_msgs/srv/detail/topics__rosidl_typesupport_fastrtps_c.h
[6.076s] -- Up-to-date: /home/hello-robot/ament_ws/install/rosapi_msgs/include/rosapi_msgs/rosapi_msgs/srv/detail/subscribers__rosidl_typesupport_fastrtps_c.h
[6.076s] -- Up-to-date: /home/hello-robot/ament_ws/install/rosapi_msgs/include/rosapi_msgs/rosapi_msgs/srv/detail/set_param__rosidl_typesupport_fastrtps_c.h
[6.076s] -- Up-to-date: /home/hello-robot/ament_ws/install/rosapi_msgs/include/rosapi_msgs/rosapi_msgs/srv/detail/get_ros_version__rosidl_typesupport_fastrtps_c.h
[6.077s] -- Up-to-date: /home/hello-robot/ament_ws/install/rosapi_msgs/include/rosapi_msgs/rosapi_msgs/srv/detail/service_node__rosidl_typesupport_fastrtps_c.h
[6.077s] -- Up-to-date: /home/hello-robot/ament_ws/install/rosapi_msgs/include/rosapi_msgs/rosapi_msgs/msg
[6.077s] -- Up-to-date: /home/hello-robot/ament_ws/install/rosapi_msgs/include/rosapi_msgs/rosapi_msgs/msg/rosidl_typesupport_fastrtps_c__visibility_control.h
[6.077s] -- Up-to-date: /home/hello-robot/ament_ws/install/rosapi_msgs/include/rosapi_msgs/rosapi_msgs/msg/detail
[6.078s] -- Up-to-date: /home/hello-robot/ament_ws/install/rosapi_msgs/include/rosapi_msgs/rosapi_msgs/msg/detail/type_def__rosidl_typesupport_fastrtps_c.h
[6.078s] -- Up-to-date: /home/hello-robot/ament_ws/install/rosapi_msgs/lib/librosapi_msgs__rosidl_typesupport_fastrtps_c.so
[6.078s] -- Up-to-date: /home/hello-robot/ament_ws/install/rosapi_msgs/include/rosapi_msgs/rosapi_msgs
[6.078s] -- Up-to-date: /home/hello-robot/ament_ws/install/rosapi_msgs/include/rosapi_msgs/rosapi_msgs/srv
[6.079s] -- Up-to-date: /home/hello-robot/ament_ws/install/rosapi_msgs/include/rosapi_msgs/rosapi_msgs/srv/subscribers.hpp
[6.079s] -- Up-to-date: /home/hello-robot/ament_ws/install/rosapi_msgs/include/rosapi_msgs/rosapi_msgs/srv/service_node.hpp
[6.079s] -- Up-to-date: /home/hello-robot/ament_ws/install/rosapi_msgs/include/rosapi_msgs/rosapi_msgs/srv/topic_type.hpp
[6.079s] -- Up-to-date: /home/hello-robot/ament_ws/install/rosapi_msgs/include/rosapi_msgs/rosapi_msgs/srv/topics_for_type.hpp
[6.080s] -- Up-to-date: /home/hello-robot/ament_ws/install/rosapi_msgs/include/rosapi_msgs/rosapi_msgs/srv/service_providers.hpp
[6.080s] -- Up-to-date: /home/hello-robot/ament_ws/install/rosapi_msgs/include/rosapi_msgs/rosapi_msgs/srv/service_request_details.hpp
[6.080s] -- Up-to-date: /home/hello-robot/ament_ws/install/rosapi_msgs/include/rosapi_msgs/rosapi_msgs/srv/get_action_servers.hpp
[6.080s] -- Up-to-date: /home/hello-robot/ament_ws/install/rosapi_msgs/include/rosapi_msgs/rosapi_msgs/srv/get_param.hpp
[6.081s] -- Up-to-date: /home/hello-robot/ament_ws/install/rosapi_msgs/include/rosapi_msgs/rosapi_msgs/srv/message_details.hpp
[6.081s] -- Up-to-date: /home/hello-robot/ament_ws/install/rosapi_msgs/include/rosapi_msgs/rosapi_msgs/srv/services_for_type.hpp
[6.081s] -- Up-to-date: /home/hello-robot/ament_ws/install/rosapi_msgs/include/rosapi_msgs/rosapi_msgs/srv/node_details.hpp
[6.081s] -- Up-to-date: /home/hello-robot/ament_ws/install/rosapi_msgs/include/rosapi_msgs/rosapi_msgs/srv/detail
[6.082s] -- Up-to-date: /home/hello-robot/ament_ws/install/rosapi_msgs/include/rosapi_msgs/rosapi_msgs/srv/detail/service_node__struct.hpp
[6.082s] -- Up-to-date: /home/hello-robot/ament_ws/install/rosapi_msgs/include/rosapi_msgs/rosapi_msgs/srv/detail/service_response_details__struct.hpp
[6.082s] -- Up-to-date: /home/hello-robot/ament_ws/install/rosapi_msgs/include/rosapi_msgs/rosapi_msgs/srv/detail/nodes__builder.hpp
[6.083s] -- Up-to-date: /home/hello-robot/ament_ws/install/rosapi_msgs/include/rosapi_msgs/rosapi_msgs/srv/detail/has_param__struct.hpp
[6.083s] -- Up-to-date: /home/hello-robot/ament_ws/install/rosapi_msgs/include/rosapi_msgs/rosapi_msgs/srv/detail/get_time__builder.hpp
[6.083s] -- Up-to-date: /home/hello-robot/ament_ws/install/rosapi_msgs/include/rosapi_msgs/rosapi_msgs/srv/detail/service_providers__traits.hpp
[6.178s] -- Up-to-date: /home/hello-robot/ament_ws/install/rosapi_msgs/include/rosapi_msgs/rosapi_msgs/srv/detail/service_type__struct.hpp
[6.178s] -- Up-to-date: /home/hello-robot/ament_ws/install/rosapi_msgs/include/rosapi_msgs/rosapi_msgs/srv/detail/topics_and_raw_types__traits.hpp
[6.179s] -- Up-to-date: /home/hello-robot/ament_ws/install/rosapi_msgs/include/rosapi_msgs/rosapi_msgs/srv/detail/service_response_details__traits.hpp
[6.179s] -- Up-to-date: /home/hello-robot/ament_ws/install/rosapi_msgs/include/rosapi_msgs/rosapi_msgs/srv/detail/subscribers__struct.hpp
[6.179s] -- Up-to-date: /home/hello-robot/ament_ws/install/rosapi_msgs/include/rosapi_msgs/rosapi_msgs/srv/detail/topics_for_type__traits.hpp
[6.179s] -- Up-to-date: /home/hello-robot/ament_ws/install/rosapi_msgs/include/rosapi_msgs/rosapi_msgs/srv/detail/service_providers__struct.hpp
[6.179s] -- Up-to-date: /home/hello-robot/ament_ws/install/rosapi_msgs/include/rosapi_msgs/rosapi_msgs/srv/detail/nodes__struct.hpp
[6.180s] -- Up-to-date: /home/hello-robot/ament_ws/install/rosapi_msgs/include/rosapi_msgs/rosapi_msgs/srv/detail/topics__builder.hpp
[6.180s] -- Up-to-date: /home/hello-robot/ament_ws/install/rosapi_msgs/include/rosapi_msgs/rosapi_msgs/srv/detail/message_details__traits.hpp
[6.180s] -- Up-to-date: /home/hello-robot/ament_ws/install/rosapi_msgs/include/rosapi_msgs/rosapi_msgs/srv/detail/publishers__struct.hpp
[6.180s] -- Up-to-date: /home/hello-robot/ament_ws/install/rosapi_msgs/include/rosapi_msgs/rosapi_msgs/srv/detail/subscribers__builder.hpp
[6.181s] -- Up-to-date: /home/hello-robot/ament_ws/install/rosapi_msgs/include/rosapi_msgs/rosapi_msgs/srv/detail/set_param__builder.hpp
[6.181s] -- Up-to-date: /home/hello-robot/ament_ws/install/rosapi_msgs/include/rosapi_msgs/rosapi_msgs/srv/detail/has_param__builder.hpp
[6.181s] -- Up-to-date: /home/hello-robot/ament_ws/install/rosapi_msgs/include/rosapi_msgs/rosapi_msgs/srv/detail/publishers__builder.hpp
[6.181s] -- Up-to-date: /home/hello-robot/ament_ws/install/rosapi_msgs/include/rosapi_msgs/rosapi_msgs/srv/detail/get_param_names__builder.hpp
[6.181s] -- Up-to-date: /home/hello-robot/ament_ws/install/rosapi_msgs/include/rosapi_msgs/rosapi_msgs/srv/detail/get_time__traits.hpp
[6.181s] -- Up-to-date: /home/hello-robot/ament_ws/install/rosapi_msgs/include/rosapi_msgs/rosapi_msgs/srv/detail/delete_param__traits.hpp
[6.182s] -- Up-to-date: /home/hello-robot/ament_ws/install/rosapi_msgs/include/rosapi_msgs/rosapi_msgs/srv/detail/topics_and_raw_types__builder.hpp
[6.182s] -- Up-to-date: /home/hello-robot/ament_ws/install/rosapi_msgs/include/rosapi_msgs/rosapi_msgs/srv/detail/get_param_names__traits.hpp
[6.182s] -- Up-to-date: /home/hello-robot/ament_ws/install/rosapi_msgs/include/rosapi_msgs/rosapi_msgs/srv/detail/has_param__traits.hpp
[6.182s] -- Up-to-date: /home/hello-robot/ament_ws/install/rosapi_msgs/include/rosapi_msgs/rosapi_msgs/srv/detail/service_providers__builder.hpp
[6.182s] -- Up-to-date: /home/hello-robot/ament_ws/install/rosapi_msgs/include/rosapi_msgs/rosapi_msgs/srv/detail/topic_type__struct.hpp
[6.183s] -- Up-to-date: /home/hello-robot/ament_ws/install/rosapi_msgs/include/rosapi_msgs/rosapi_msgs/srv/detail/get_ros_version__struct.hpp
[6.183s] -- Up-to-date: /home/hello-robot/ament_ws/install/rosapi_msgs/include/rosapi_msgs/rosapi_msgs/srv/detail/message_details__builder.hpp
[6.183s] -- Up-to-date: /home/hello-robot/ament_ws/install/rosapi_msgs/include/rosapi_msgs/rosapi_msgs/srv/detail/service_node__traits.hpp
[6.183s] -- Up-to-date: /home/hello-robot/ament_ws/install/rosapi_msgs/include/rosapi_msgs/rosapi_msgs/srv/detail/service_type__traits.hpp
[6.183s] -- Up-to-date: /home/hello-robot/ament_ws/install/rosapi_msgs/include/rosapi_msgs/rosapi_msgs/srv/detail/services_for_type__builder.hpp
[6.184s] -- Up-to-date: /home/hello-robot/ament_ws/install/rosapi_msgs/include/rosapi_msgs/rosapi_msgs/srv/detail/node_details__traits.hpp
[6.184s] -- Up-to-date: /home/hello-robot/ament_ws/install/rosapi_msgs/include/rosapi_msgs/rosapi_msgs/srv/detail/topic_type__builder.hpp
[6.184s] -- Up-to-date: /home/hello-robot/ament_ws/install/rosapi_msgs/include/rosapi_msgs/rosapi_msgs/srv/detail/get_param_names__struct.hpp
[6.184s] -- Up-to-date: /home/hello-robot/ament_ws/install/rosapi_msgs/include/rosapi_msgs/rosapi_msgs/srv/detail/set_param__struct.hpp
[6.184s] -- Up-to-date: /home/hello-robot/ament_ws/install/rosapi_msgs/include/rosapi_msgs/rosapi_msgs/srv/detail/topics_for_type__builder.hpp
[6.185s] -- Up-to-date: /home/hello-robot/ament_ws/install/rosapi_msgs/include/rosapi_msgs/rosapi_msgs/srv/detail/services_for_type__struct.hpp
[6.185s] -- Up-to-date: /home/hello-robot/ament_ws/install/rosapi_msgs/include/rosapi_msgs/rosapi_msgs/srv/detail/topics_for_type__struct.hpp
[6.185s] -- Up-to-date: /home/hello-robot/ament_ws/install/rosapi_msgs/include/rosapi_msgs/rosapi_msgs/srv/detail/get_param__struct.hpp
[6.185s] -- Up-to-date: /home/hello-robot/ament_ws/install/rosapi_msgs/include/rosapi_msgs/rosapi_msgs/srv/detail/get_ros_version__traits.hpp
[6.185s] -- Up-to-date: /home/hello-robot/ament_ws/install/rosapi_msgs/include/rosapi_msgs/rosapi_msgs/srv/detail/service_request_details__builder.hpp
[6.186s] -- Up-to-date: /home/hello-robot/ament_ws/install/rosapi_msgs/include/rosapi_msgs/rosapi_msgs/srv/detail/get_action_servers__traits.hpp
[6.186s] -- Up-to-date: /home/hello-robot/ament_ws/install/rosapi_msgs/include/rosapi_msgs/rosapi_msgs/srv/detail/set_param__traits.hpp
[6.186s] -- Up-to-date: /home/hello-robot/ament_ws/install/rosapi_msgs/include/rosapi_msgs/rosapi_msgs/srv/detail/get_ros_version__builder.hpp
[6.186s] -- Up-to-date: /home/hello-robot/ament_ws/install/rosapi_msgs/include/rosapi_msgs/rosapi_msgs/srv/detail/get_param__builder.hpp
[6.186s] -- Up-to-date: /home/hello-robot/ament_ws/install/rosapi_msgs/include/rosapi_msgs/rosapi_msgs/srv/detail/node_details__builder.hpp
[6.187s] -- Up-to-date: /home/hello-robot/ament_ws/install/rosapi_msgs/include/rosapi_msgs/rosapi_msgs/srv/detail/services__struct.hpp
[6.187s] -- Up-to-date: /home/hello-robot/ament_ws/install/rosapi_msgs/include/rosapi_msgs/rosapi_msgs/srv/detail/get_time__struct.hpp
[6.187s] -- Up-to-date: /home/hello-robot/ament_ws/install/rosapi_msgs/include/rosapi_msgs/rosapi_msgs/srv/detail/services_for_type__traits.hpp
[6.187s] -- Up-to-date: /home/hello-robot/ament_ws/install/rosapi_msgs/include/rosapi_msgs/rosapi_msgs/srv/detail/service_response_details__builder.hpp
[6.187s] -- Up-to-date: /home/hello-robot/ament_ws/install/rosapi_msgs/include/rosapi_msgs/rosapi_msgs/srv/detail/service_request_details__traits.hpp
[6.188s] -- Up-to-date: /home/hello-robot/ament_ws/install/rosapi_msgs/include/rosapi_msgs/rosapi_msgs/srv/detail/get_action_servers__struct.hpp
[6.188s] -- Up-to-date: /home/hello-robot/ament_ws/install/rosapi_msgs/include/rosapi_msgs/rosapi_msgs/srv/detail/topic_type__traits.hpp
[6.188s] -- Up-to-date: /home/hello-robot/ament_ws/install/rosapi_msgs/include/rosapi_msgs/rosapi_msgs/srv/detail/delete_param__builder.hpp
[6.188s] -- Up-to-date: /home/hello-robot/ament_ws/install/rosapi_msgs/include/rosapi_msgs/rosapi_msgs/srv/detail/node_details__struct.hpp
[6.188s] -- Up-to-date: /home/hello-robot/ament_ws/install/rosapi_msgs/include/rosapi_msgs/rosapi_msgs/srv/detail/topics__struct.hpp
[6.188s] -- Up-to-date: /home/hello-robot/ament_ws/install/rosapi_msgs/include/rosapi_msgs/rosapi_msgs/srv/detail/get_param__traits.hpp
[6.189s] -- Up-to-date: /home/hello-robot/ament_ws/install/rosapi_msgs/include/rosapi_msgs/rosapi_msgs/srv/detail/get_action_servers__builder.hpp
[6.189s] -- Up-to-date: /home/hello-robot/ament_ws/install/rosapi_msgs/include/rosapi_msgs/rosapi_msgs/srv/detail/topics__traits.hpp
[6.189s] -- Up-to-date: /home/hello-robot/ament_ws/install/rosapi_msgs/include/rosapi_msgs/rosapi_msgs/srv/detail/service_type__builder.hpp
[6.189s] -- Up-to-date: /home/hello-robot/ament_ws/install/rosapi_msgs/include/rosapi_msgs/rosapi_msgs/srv/detail/message_details__struct.hpp
[6.189s] -- Up-to-date: /home/hello-robot/ament_ws/install/rosapi_msgs/include/rosapi_msgs/rosapi_msgs/srv/detail/nodes__traits.hpp
[6.189s] -- Up-to-date: /home/hello-robot/ament_ws/install/rosapi_msgs/include/rosapi_msgs/rosapi_msgs/srv/detail/subscribers__traits.hpp
[6.190s] -- Up-to-date: /home/hello-robot/ament_ws/install/rosapi_msgs/include/rosapi_msgs/rosapi_msgs/srv/detail/delete_param__struct.hpp
[6.190s] -- Up-to-date: /home/hello-robot/ament_ws/install/rosapi_msgs/include/rosapi_msgs/rosapi_msgs/srv/detail/publishers__traits.hpp
[6.190s] -- Up-to-date: /home/hello-robot/ament_ws/install/rosapi_msgs/include/rosapi_msgs/rosapi_msgs/srv/detail/service_request_details__struct.hpp
[6.190s] -- Up-to-date: /home/hello-robot/ament_ws/install/rosapi_msgs/include/rosapi_msgs/rosapi_msgs/srv/detail/services__builder.hpp
[6.190s] -- Up-to-date: /home/hello-robot/ament_ws/install/rosapi_msgs/include/rosapi_msgs/rosapi_msgs/srv/detail/services__traits.hpp
[6.191s] -- Up-to-date: /home/hello-robot/ament_ws/install/rosapi_msgs/include/rosapi_msgs/rosapi_msgs/srv/detail/service_node__builder.hpp
[6.191s] -- Up-to-date: /home/hello-robot/ament_ws/install/rosapi_msgs/include/rosapi_msgs/rosapi_msgs/srv/detail/topics_and_raw_types__struct.hpp
[6.191s] -- Up-to-date: /home/hello-robot/ament_ws/install/rosapi_msgs/include/rosapi_msgs/rosapi_msgs/srv/get_param_names.hpp
[6.191s] -- Up-to-date: /home/hello-robot/ament_ws/install/rosapi_msgs/include/rosapi_msgs/rosapi_msgs/srv/get_ros_version.hpp
[6.192s] -- Up-to-date: /home/hello-robot/ament_ws/install/rosapi_msgs/include/rosapi_msgs/rosapi_msgs/srv/has_param.hpp
[6.192s] -- Up-to-date: /home/hello-robot/ament_ws/install/rosapi_msgs/include/rosapi_msgs/rosapi_msgs/srv/nodes.hpp
[6.193s] -- Up-to-date: /home/hello-robot/ament_ws/install/rosapi_msgs/include/rosapi_msgs/rosapi_msgs/srv/get_time.hpp
[6.193s] -- Up-to-date: /home/hello-robot/ament_ws/install/rosapi_msgs/include/rosapi_msgs/rosapi_msgs/srv/publishers.hpp
[6.193s] -- Up-to-date: /home/hello-robot/ament_ws/install/rosapi_msgs/include/rosapi_msgs/rosapi_msgs/srv/topics_and_raw_types.hpp
[6.193s] -- Up-to-date: /home/hello-robot/ament_ws/install/rosapi_msgs/include/rosapi_msgs/rosapi_msgs/srv/set_param.hpp
[6.194s] -- Up-to-date: /home/hello-robot/ament_ws/install/rosapi_msgs/include/rosapi_msgs/rosapi_msgs/srv/service_response_details.hpp
[6.194s] -- Up-to-date: /home/hello-robot/ament_ws/install/rosapi_msgs/include/rosapi_msgs/rosapi_msgs/srv/services.hpp
[6.194s] -- Up-to-date: /home/hello-robot/ament_ws/install/rosapi_msgs/include/rosapi_msgs/rosapi_msgs/srv/service_type.hpp
[6.194s] -- Up-to-date: /home/hello-robot/ament_ws/install/rosapi_msgs/include/rosapi_msgs/rosapi_msgs/srv/topics.hpp
[6.195s] -- Up-to-date: /home/hello-robot/ament_ws/install/rosapi_msgs/include/rosapi_msgs/rosapi_msgs/srv/delete_param.hpp
[6.195s] -- Up-to-date: /home/hello-robot/ament_ws/install/rosapi_msgs/include/rosapi_msgs/rosapi_msgs/msg
[6.195s] -- Up-to-date: /home/hello-robot/ament_ws/install/rosapi_msgs/include/rosapi_msgs/rosapi_msgs/msg/type_def.hpp
[6.195s] -- Up-to-date: /home/hello-robot/ament_ws/install/rosapi_msgs/include/rosapi_msgs/rosapi_msgs/msg/detail
[6.196s] -- Up-to-date: /home/hello-robot/ament_ws/install/rosapi_msgs/include/rosapi_msgs/rosapi_msgs/msg/detail/type_def__struct.hpp
[6.196s] -- Up-to-date: /home/hello-robot/ament_ws/install/rosapi_msgs/include/rosapi_msgs/rosapi_msgs/msg/detail/type_def__traits.hpp
[6.196s] -- Up-to-date: /home/hello-robot/ament_ws/install/rosapi_msgs/include/rosapi_msgs/rosapi_msgs/msg/detail/type_def__builder.hpp
[6.196s] -- Up-to-date: /home/hello-robot/ament_ws/install/rosapi_msgs/include/rosapi_msgs/rosapi_msgs
[6.197s] -- Up-to-date: /home/hello-robot/ament_ws/install/rosapi_msgs/include/rosapi_msgs/rosapi_msgs/srv
[6.197s] -- Up-to-date: /home/hello-robot/ament_ws/install/rosapi_msgs/include/rosapi_msgs/rosapi_msgs/srv/detail
[6.197s] -- Up-to-date: /home/hello-robot/ament_ws/install/rosapi_msgs/include/rosapi_msgs/rosapi_msgs/srv/detail/subscribers__rosidl_typesupport_fastrtps_cpp.hpp
[6.197s] -- Up-to-date: /home/hello-robot/ament_ws/install/rosapi_msgs/include/rosapi_msgs/rosapi_msgs/srv/detail/delete_param__rosidl_typesupport_fastrtps_cpp.hpp
[6.198s] -- Up-to-date: /home/hello-robot/ament_ws/install/rosapi_msgs/include/rosapi_msgs/rosapi_msgs/srv/detail/service_providers__rosidl_typesupport_fastrtps_cpp.hpp
[6.198s] -- Up-to-date: /home/hello-robot/ament_ws/install/rosapi_msgs/include/rosapi_msgs/rosapi_msgs/srv/detail/get_ros_version__rosidl_typesupport_fastrtps_cpp.hpp
[6.198s] -- Up-to-date: /home/hello-robot/ament_ws/install/rosapi_msgs/include/rosapi_msgs/rosapi_msgs/srv/detail/get_param__rosidl_typesupport_fastrtps_cpp.hpp
[6.198s] -- Up-to-date: /home/hello-robot/ament_ws/install/rosapi_msgs/include/rosapi_msgs/rosapi_msgs/srv/detail/message_details__rosidl_typesupport_fastrtps_cpp.hpp
[6.198s] -- Up-to-date: /home/hello-robot/ament_ws/install/rosapi_msgs/include/rosapi_msgs/rosapi_msgs/srv/detail/has_param__rosidl_typesupport_fastrtps_cpp.hpp
[6.198s] -- Up-to-date: /home/hello-robot/ament_ws/install/rosapi_msgs/include/rosapi_msgs/rosapi_msgs/srv/detail/service_response_details__rosidl_typesupport_fastrtps_cpp.hpp
[6.199s] -- Up-to-date: /home/hello-robot/ament_ws/install/rosapi_msgs/include/rosapi_msgs/rosapi_msgs/srv/detail/topics__rosidl_typesupport_fastrtps_cpp.hpp
[6.199s] -- Up-to-date: /home/hello-robot/ament_ws/install/rosapi_msgs/include/rosapi_msgs/rosapi_msgs/srv/detail/node_details__rosidl_typesupport_fastrtps_cpp.hpp
[6.199s] -- Up-to-date: /home/hello-robot/ament_ws/install/rosapi_msgs/include/rosapi_msgs/rosapi_msgs/srv/detail/service_type__rosidl_typesupport_fastrtps_cpp.hpp
[6.199s] -- Up-to-date: /home/hello-robot/ament_ws/install/rosapi_msgs/include/rosapi_msgs/rosapi_msgs/srv/detail/topics_and_raw_types__rosidl_typesupport_fastrtps_cpp.hpp
[6.200s] -- Up-to-date: /home/hello-robot/ament_ws/install/rosapi_msgs/include/rosapi_msgs/rosapi_msgs/srv/detail/get_param_names__rosidl_typesupport_fastrtps_cpp.hpp
[6.200s] -- Up-to-date: /home/hello-robot/ament_ws/install/rosapi_msgs/include/rosapi_msgs/rosapi_msgs/srv/detail/publishers__rosidl_typesupport_fastrtps_cpp.hpp
[6.200s] -- Up-to-date: /home/hello-robot/ament_ws/install/rosapi_msgs/include/rosapi_msgs/rosapi_msgs/srv/detail/services_for_type__rosidl_typesupport_fastrtps_cpp.hpp
[6.200s] -- Up-to-date: /home/hello-robot/ament_ws/install/rosapi_msgs/include/rosapi_msgs/rosapi_msgs/srv/detail/dds_fastrtps
[6.200s] -- Up-to-date: /home/hello-robot/ament_ws/install/rosapi_msgs/include/rosapi_msgs/rosapi_msgs/srv/detail/get_action_servers__rosidl_typesupport_fastrtps_cpp.hpp
[6.200s] -- Up-to-date: /home/hello-robot/ament_ws/install/rosapi_msgs/include/rosapi_msgs/rosapi_msgs/srv/detail/topics_for_type__rosidl_typesupport_fastrtps_cpp.hpp
[6.201s] -- Up-to-date: /home/hello-robot/ament_ws/install/rosapi_msgs/include/rosapi_msgs/rosapi_msgs/srv/detail/get_time__rosidl_typesupport_fastrtps_cpp.hpp
[6.201s] -- Up-to-date: /home/hello-robot/ament_ws/install/rosapi_msgs/include/rosapi_msgs/rosapi_msgs/srv/detail/service_node__rosidl_typesupport_fastrtps_cpp.hpp
[6.201s] -- Up-to-date: /home/hello-robot/ament_ws/install/rosapi_msgs/include/rosapi_msgs/rosapi_msgs/srv/detail/nodes__rosidl_typesupport_fastrtps_cpp.hpp
[6.201s] -- Up-to-date: /home/hello-robot/ament_ws/install/rosapi_msgs/include/rosapi_msgs/rosapi_msgs/srv/detail/services__rosidl_typesupport_fastrtps_cpp.hpp
[6.202s] -- Up-to-date: /home/hello-robot/ament_ws/install/rosapi_msgs/include/rosapi_msgs/rosapi_msgs/srv/detail/topic_type__rosidl_typesupport_fastrtps_cpp.hpp
[6.202s] -- Up-to-date: /home/hello-robot/ament_ws/install/rosapi_msgs/include/rosapi_msgs/rosapi_msgs/srv/detail/set_param__rosidl_typesupport_fastrtps_cpp.hpp
[6.202s] -- Up-to-date: /home/hello-robot/ament_ws/install/rosapi_msgs/include/rosapi_msgs/rosapi_msgs/srv/detail/service_request_details__rosidl_typesupport_fastrtps_cpp.hpp
[6.202s] -- Up-to-date: /home/hello-robot/ament_ws/install/rosapi_msgs/include/rosapi_msgs/rosapi_msgs/msg
[6.203s] -- Up-to-date: /home/hello-robot/ament_ws/install/rosapi_msgs/include/rosapi_msgs/rosapi_msgs/msg/detail
[6.203s] -- Up-to-date: /home/hello-robot/ament_ws/install/rosapi_msgs/include/rosapi_msgs/rosapi_msgs/msg/detail/dds_fastrtps
[6.203s] -- Up-to-date: /home/hello-robot/ament_ws/install/rosapi_msgs/include/rosapi_msgs/rosapi_msgs/msg/detail/type_def__rosidl_typesupport_fastrtps_cpp.hpp
[6.203s] -- Up-to-date: /home/hello-robot/ament_ws/install/rosapi_msgs/include/rosapi_msgs/rosapi_msgs/msg/rosidl_typesupport_fastrtps_cpp__visibility_control.h
[6.204s] -- Up-to-date: /home/hello-robot/ament_ws/install/rosapi_msgs/lib/librosapi_msgs__rosidl_typesupport_fastrtps_cpp.so
[6.501s] -- Up-to-date: /home/hello-robot/ament_ws/install/rosapi_msgs/include/rosapi_msgs/rosapi_msgs
[6.501s] -- Up-to-date: /home/hello-robot/ament_ws/install/rosapi_msgs/include/rosapi_msgs/rosapi_msgs/srv
[6.501s] -- Up-to-date: /home/hello-robot/ament_ws/install/rosapi_msgs/include/rosapi_msgs/rosapi_msgs/srv/detail
[6.501s] -- Up-to-date: /home/hello-robot/ament_ws/install/rosapi_msgs/include/rosapi_msgs/rosapi_msgs/srv/detail/subscribers__type_support.c
[6.501s] -- Up-to-date: /home/hello-robot/ament_ws/install/rosapi_msgs/include/rosapi_msgs/rosapi_msgs/srv/detail/service_response_details__rosidl_typesupport_introspection_c.h
[6.502s] -- Up-to-date: /home/hello-robot/ament_ws/install/rosapi_msgs/include/rosapi_msgs/rosapi_msgs/srv/detail/node_details__type_support.c
[6.502s] -- Up-to-date: /home/hello-robot/ament_ws/install/rosapi_msgs/include/rosapi_msgs/rosapi_msgs/srv/detail/subscribers__rosidl_typesupport_introspection_c.h
[6.502s] -- Up-to-date: /home/hello-robot/ament_ws/install/rosapi_msgs/include/rosapi_msgs/rosapi_msgs/srv/detail/service_request_details__type_support.c
[6.502s] -- Up-to-date: /home/hello-robot/ament_ws/install/rosapi_msgs/include/rosapi_msgs/rosapi_msgs/srv/detail/service_providers__rosidl_typesupport_introspection_c.h
[6.502s] -- Up-to-date: /home/hello-robot/ament_ws/install/rosapi_msgs/include/rosapi_msgs/rosapi_msgs/srv/detail/message_details__type_support.c
[6.502s] -- Up-to-date: /home/hello-robot/ament_ws/install/rosapi_msgs/include/rosapi_msgs/rosapi_msgs/srv/detail/set_param__rosidl_typesupport_introspection_c.h
[6.502s] -- Up-to-date: /home/hello-robot/ament_ws/install/rosapi_msgs/include/rosapi_msgs/rosapi_msgs/srv/detail/delete_param__type_support.c
[6.502s] -- Up-to-date: /home/hello-robot/ament_ws/install/rosapi_msgs/include/rosapi_msgs/rosapi_msgs/srv/detail/service_type__rosidl_typesupport_introspection_c.h
[6.502s] -- Up-to-date: /home/hello-robot/ament_ws/install/rosapi_msgs/include/rosapi_msgs/rosapi_msgs/srv/detail/topics__type_support.c
[6.502s] -- Up-to-date: /home/hello-robot/ament_ws/install/rosapi_msgs/include/rosapi_msgs/rosapi_msgs/srv/detail/get_param_names__rosidl_typesupport_introspection_c.h
[6.502s] -- Up-to-date: /home/hello-robot/ament_ws/install/rosapi_msgs/include/rosapi_msgs/rosapi_msgs/srv/detail/service_node__type_support.c
[6.502s] -- Up-to-date: /home/hello-robot/ament_ws/install/rosapi_msgs/include/rosapi_msgs/rosapi_msgs/srv/detail/delete_param__rosidl_typesupport_introspection_c.h
[6.502s] -- Up-to-date: /home/hello-robot/ament_ws/install/rosapi_msgs/include/rosapi_msgs/rosapi_msgs/srv/detail/services__type_support.c
[6.502s] -- Up-to-date: /home/hello-robot/ament_ws/install/rosapi_msgs/include/rosapi_msgs/rosapi_msgs/srv/detail/service_node__rosidl_typesupport_introspection_c.h
[6.502s] -- Up-to-date: /home/hello-robot/ament_ws/install/rosapi_msgs/include/rosapi_msgs/rosapi_msgs/srv/detail/publishers__type_support.c
[6.502s] -- Up-to-date: /home/hello-robot/ament_ws/install/rosapi_msgs/include/rosapi_msgs/rosapi_msgs/srv/detail/get_time__type_support.c
[6.502s] -- Up-to-date: /home/hello-robot/ament_ws/install/rosapi_msgs/include/rosapi_msgs/rosapi_msgs/srv/detail/has_param__rosidl_typesupport_introspection_c.h
[6.502s] -- Up-to-date: /home/hello-robot/ament_ws/install/rosapi_msgs/include/rosapi_msgs/rosapi_msgs/srv/detail/nodes__rosidl_typesupport_introspection_c.h
[6.503s] -- Up-to-date: /home/hello-robot/ament_ws/install/rosapi_msgs/include/rosapi_msgs/rosapi_msgs/srv/detail/topics__rosidl_typesupport_introspection_c.h
[6.503s] -- Up-to-date: /home/hello-robot/ament_ws/install/rosapi_msgs/include/rosapi_msgs/rosapi_msgs/srv/detail/node_details__rosidl_typesupport_introspection_c.h
[6.503s] -- Up-to-date: /home/hello-robot/ament_ws/install/rosapi_msgs/include/rosapi_msgs/rosapi_msgs/srv/detail/get_param__type_support.c
[6.503s] -- Up-to-date: /home/hello-robot/ament_ws/install/rosapi_msgs/include/rosapi_msgs/rosapi_msgs/srv/detail/get_ros_version__type_support.c
[6.503s] -- Up-to-date: /home/hello-robot/ament_ws/install/rosapi_msgs/include/rosapi_msgs/rosapi_msgs/srv/detail/topics_and_raw_types__type_support.c
[6.503s] -- Up-to-date: /home/hello-robot/ament_ws/install/rosapi_msgs/include/rosapi_msgs/rosapi_msgs/srv/detail/nodes__type_support.c
[6.503s] -- Up-to-date: /home/hello-robot/ament_ws/install/rosapi_msgs/include/rosapi_msgs/rosapi_msgs/srv/detail/topics_for_type__rosidl_typesupport_introspection_c.h
[6.503s] -- Up-to-date: /home/hello-robot/ament_ws/install/rosapi_msgs/include/rosapi_msgs/rosapi_msgs/srv/detail/topics_for_type__type_support.c
[6.503s] -- Up-to-date: /home/hello-robot/ament_ws/install/rosapi_msgs/include/rosapi_msgs/rosapi_msgs/srv/detail/message_details__rosidl_typesupport_introspection_c.h
[6.503s] -- Up-to-date: /home/hello-robot/ament_ws/install/rosapi_msgs/include/rosapi_msgs/rosapi_msgs/srv/detail/publishers__rosidl_typesupport_introspection_c.h
[6.503s] -- Up-to-date: /home/hello-robot/ament_ws/install/rosapi_msgs/include/rosapi_msgs/rosapi_msgs/srv/detail/service_providers__type_support.c
[6.503s] -- Up-to-date: /home/hello-robot/ament_ws/install/rosapi_msgs/include/rosapi_msgs/rosapi_msgs/srv/detail/services__rosidl_typesupport_introspection_c.h
[6.503s] -- Up-to-date: /home/hello-robot/ament_ws/install/rosapi_msgs/include/rosapi_msgs/rosapi_msgs/srv/detail/get_ros_version__rosidl_typesupport_introspection_c.h
[6.503s] -- Up-to-date: /home/hello-robot/ament_ws/install/rosapi_msgs/include/rosapi_msgs/rosapi_msgs/srv/detail/get_action_servers__rosidl_typesupport_introspection_c.h
[6.503s] -- Up-to-date: /home/hello-robot/ament_ws/install/rosapi_msgs/include/rosapi_msgs/rosapi_msgs/srv/detail/get_action_servers__type_support.c
[6.503s] -- Up-to-date: /home/hello-robot/ament_ws/install/rosapi_msgs/include/rosapi_msgs/rosapi_msgs/srv/detail/service_request_details__rosidl_typesupport_introspection_c.h
[6.503s] -- Up-to-date: /home/hello-robot/ament_ws/install/rosapi_msgs/include/rosapi_msgs/rosapi_msgs/srv/detail/get_param__rosidl_typesupport_introspection_c.h
[6.503s] -- Up-to-date: /home/hello-robot/ament_ws/install/rosapi_msgs/include/rosapi_msgs/rosapi_msgs/srv/detail/topic_type__type_support.c
[6.503s] -- Up-to-date: /home/hello-robot/ament_ws/install/rosapi_msgs/include/rosapi_msgs/rosapi_msgs/srv/detail/topic_type__rosidl_typesupport_introspection_c.h
[6.503s] -- Up-to-date: /home/hello-robot/ament_ws/install/rosapi_msgs/include/rosapi_msgs/rosapi_msgs/srv/detail/get_param_names__type_support.c
[6.503s] -- Up-to-date: /home/hello-robot/ament_ws/install/rosapi_msgs/include/rosapi_msgs/rosapi_msgs/srv/detail/service_type__type_support.c
[6.503s] -- Up-to-date: /home/hello-robot/ament_ws/install/rosapi_msgs/include/rosapi_msgs/rosapi_msgs/srv/detail/topics_and_raw_types__rosidl_typesupport_introspection_c.h
[6.504s] -- Up-to-date: /home/hello-robot/ament_ws/install/rosapi_msgs/include/rosapi_msgs/rosapi_msgs/srv/detail/service_response_details__type_support.c
[6.504s] -- Up-to-date: /home/hello-robot/ament_ws/install/rosapi_msgs/include/rosapi_msgs/rosapi_msgs/srv/detail/get_time__rosidl_typesupport_introspection_c.h
[6.504s] -- Up-to-date: /home/hello-robot/ament_ws/install/rosapi_msgs/include/rosapi_msgs/rosapi_msgs/srv/detail/services_for_type__type_support.c
[6.504s] -- Up-to-date: /home/hello-robot/ament_ws/install/rosapi_msgs/include/rosapi_msgs/rosapi_msgs/srv/detail/services_for_type__rosidl_typesupport_introspection_c.h
[6.504s] -- Up-to-date: /home/hello-robot/ament_ws/install/rosapi_msgs/include/rosapi_msgs/rosapi_msgs/srv/detail/set_param__type_support.c
[6.504s] -- Up-to-date: /home/hello-robot/ament_ws/install/rosapi_msgs/include/rosapi_msgs/rosapi_msgs/srv/detail/has_param__type_support.c
[6.504s] -- Up-to-date: /home/hello-robot/ament_ws/install/rosapi_msgs/include/rosapi_msgs/rosapi_msgs/msg
[6.504s] -- Up-to-date: /home/hello-robot/ament_ws/install/rosapi_msgs/include/rosapi_msgs/rosapi_msgs/msg/detail
[6.504s] -- Up-to-date: /home/hello-robot/ament_ws/install/rosapi_msgs/include/rosapi_msgs/rosapi_msgs/msg/detail/type_def__type_support.c
[6.504s] -- Up-to-date: /home/hello-robot/ament_ws/install/rosapi_msgs/include/rosapi_msgs/rosapi_msgs/msg/detail/type_def__rosidl_typesupport_introspection_c.h
[6.504s] -- Up-to-date: /home/hello-robot/ament_ws/install/rosapi_msgs/include/rosapi_msgs/rosapi_msgs/msg/rosidl_typesupport_introspection_c__visibility_control.h
[6.504s] -- Up-to-date: /home/hello-robot/ament_ws/install/rosapi_msgs/lib/librosapi_msgs__rosidl_typesupport_introspection_c.so
[6.504s] -- Up-to-date: /home/hello-robot/ament_ws/install/rosapi_msgs/lib/librosapi_msgs__rosidl_typesupport_c.so
[6.504s] -- Up-to-date: /home/hello-robot/ament_ws/install/rosapi_msgs/include/rosapi_msgs/rosapi_msgs
[6.504s] -- Up-to-date: /home/hello-robot/ament_ws/install/rosapi_msgs/include/rosapi_msgs/rosapi_msgs/srv
[6.504s] -- Up-to-date: /home/hello-robot/ament_ws/install/rosapi_msgs/include/rosapi_msgs/rosapi_msgs/srv/detail
[6.504s] -- Up-to-date: /home/hello-robot/ament_ws/install/rosapi_msgs/include/rosapi_msgs/rosapi_msgs/srv/detail/service_response_details__rosidl_typesupport_introspection_cpp.hpp
[6.504s] -- Up-to-date: /home/hello-robot/ament_ws/install/rosapi_msgs/include/rosapi_msgs/rosapi_msgs/srv/detail/get_ros_version__type_support.cpp
[6.506s] -- Up-to-date: /home/hello-robot/ament_ws/install/rosapi_msgs/include/rosapi_msgs/rosapi_msgs/srv/detail/topics__type_support.cpp
[6.506s] -- Up-to-date: /home/hello-robot/ament_ws/install/rosapi_msgs/include/rosapi_msgs/rosapi_msgs/srv/detail/topic_type__type_support.cpp
[6.506s] -- Up-to-date: /home/hello-robot/ament_ws/install/rosapi_msgs/include/rosapi_msgs/rosapi_msgs/srv/detail/service_node__type_support.cpp
[6.506s] -- Up-to-date: /home/hello-robot/ament_ws/install/rosapi_msgs/include/rosapi_msgs/rosapi_msgs/srv/detail/nodes__type_support.cpp
[6.506s] -- Up-to-date: /home/hello-robot/ament_ws/install/rosapi_msgs/include/rosapi_msgs/rosapi_msgs/srv/detail/set_param__type_support.cpp
[6.506s] -- Up-to-date: /home/hello-robot/ament_ws/install/rosapi_msgs/include/rosapi_msgs/rosapi_msgs/srv/detail/service_request_details__type_support.cpp
[6.506s] -- Up-to-date: /home/hello-robot/ament_ws/install/rosapi_msgs/include/rosapi_msgs/rosapi_msgs/srv/detail/node_details__type_support.cpp
[6.506s] -- Up-to-date: /home/hello-robot/ament_ws/install/rosapi_msgs/include/rosapi_msgs/rosapi_msgs/srv/detail/service_type__rosidl_typesupport_introspection_cpp.hpp
[6.506s] -- Up-to-date: /home/hello-robot/ament_ws/install/rosapi_msgs/include/rosapi_msgs/rosapi_msgs/srv/detail/get_param__type_support.cpp
[6.506s] -- Up-to-date: /home/hello-robot/ament_ws/install/rosapi_msgs/include/rosapi_msgs/rosapi_msgs/srv/detail/has_param__rosidl_typesupport_introspection_cpp.hpp
[6.507s] -- Up-to-date: /home/hello-robot/ament_ws/install/rosapi_msgs/include/rosapi_msgs/rosapi_msgs/srv/detail/services__type_support.cpp
[6.507s] -- Up-to-date: /home/hello-robot/ament_ws/install/rosapi_msgs/include/rosapi_msgs/rosapi_msgs/srv/detail/get_param_names__rosidl_typesupport_introspection_cpp.hpp
[6.507s] -- Up-to-date: /home/hello-robot/ament_ws/install/rosapi_msgs/include/rosapi_msgs/rosapi_msgs/srv/detail/set_param__rosidl_typesupport_introspection_cpp.hpp
[6.507s] -- Up-to-date: /home/hello-robot/ament_ws/install/rosapi_msgs/include/rosapi_msgs/rosapi_msgs/srv/detail/service_providers__type_support.cpp
[6.507s] -- Up-to-date: /home/hello-robot/ament_ws/install/rosapi_msgs/include/rosapi_msgs/rosapi_msgs/srv/detail/get_param__rosidl_typesupport_introspection_cpp.hpp
[6.507s] -- Up-to-date: /home/hello-robot/ament_ws/install/rosapi_msgs/include/rosapi_msgs/rosapi_msgs/srv/detail/message_details__rosidl_typesupport_introspection_cpp.hpp
[6.507s] -- Up-to-date: /home/hello-robot/ament_ws/install/rosapi_msgs/include/rosapi_msgs/rosapi_msgs/srv/detail/topics_and_raw_types__rosidl_typesupport_introspection_cpp.hpp
[6.507s] -- Up-to-date: /home/hello-robot/ament_ws/install/rosapi_msgs/include/rosapi_msgs/rosapi_msgs/srv/detail/message_details__type_support.cpp
[6.507s] -- Up-to-date: /home/hello-robot/ament_ws/install/rosapi_msgs/include/rosapi_msgs/rosapi_msgs/srv/detail/delete_param__type_support.cpp
[6.507s] -- Up-to-date: /home/hello-robot/ament_ws/install/rosapi_msgs/include/rosapi_msgs/rosapi_msgs/srv/detail/service_request_details__rosidl_typesupport_introspection_cpp.hpp
[6.507s] -- Up-to-date: /home/hello-robot/ament_ws/install/rosapi_msgs/include/rosapi_msgs/rosapi_msgs/srv/detail/delete_param__rosidl_typesupport_introspection_cpp.hpp
[6.507s] -- Up-to-date: /home/hello-robot/ament_ws/install/rosapi_msgs/include/rosapi_msgs/rosapi_msgs/srv/detail/topics_for_type__type_support.cpp
[6.507s] -- Up-to-date: /home/hello-robot/ament_ws/install/rosapi_msgs/include/rosapi_msgs/rosapi_msgs/srv/detail/nodes__rosidl_typesupport_introspection_cpp.hpp
[6.507s] -- Up-to-date: /home/hello-robot/ament_ws/install/rosapi_msgs/include/rosapi_msgs/rosapi_msgs/srv/detail/get_action_servers__type_support.cpp
[6.507s] -- Up-to-date: /home/hello-robot/ament_ws/install/rosapi_msgs/include/rosapi_msgs/rosapi_msgs/srv/detail/service_providers__rosidl_typesupport_introspection_cpp.hpp
[6.507s] -- Up-to-date: /home/hello-robot/ament_ws/install/rosapi_msgs/include/rosapi_msgs/rosapi_msgs/srv/detail/services_for_type__rosidl_typesupport_introspection_cpp.hpp
[6.507s] -- Up-to-date: /home/hello-robot/ament_ws/install/rosapi_msgs/include/rosapi_msgs/rosapi_msgs/srv/detail/get_ros_version__rosidl_typesupport_introspection_cpp.hpp
[6.507s] -- Up-to-date: /home/hello-robot/ament_ws/install/rosapi_msgs/include/rosapi_msgs/rosapi_msgs/srv/detail/service_type__type_support.cpp
[6.507s] -- Up-to-date: /home/hello-robot/ament_ws/install/rosapi_msgs/include/rosapi_msgs/rosapi_msgs/srv/detail/get_param_names__type_support.cpp
[6.507s] -- Up-to-date: /home/hello-robot/ament_ws/install/rosapi_msgs/include/rosapi_msgs/rosapi_msgs/srv/detail/services_for_type__type_support.cpp
[6.508s] -- Up-to-date: /home/hello-robot/ament_ws/install/rosapi_msgs/include/rosapi_msgs/rosapi_msgs/srv/detail/publishers__type_support.cpp
[6.508s] -- Up-to-date: /home/hello-robot/ament_ws/install/rosapi_msgs/include/rosapi_msgs/rosapi_msgs/srv/detail/topics__rosidl_typesupport_introspection_cpp.hpp
[6.508s] -- Up-to-date: /home/hello-robot/ament_ws/install/rosapi_msgs/include/rosapi_msgs/rosapi_msgs/srv/detail/get_time__type_support.cpp
[6.508s] -- Up-to-date: /home/hello-robot/ament_ws/install/rosapi_msgs/include/rosapi_msgs/rosapi_msgs/srv/detail/get_time__rosidl_typesupport_introspection_cpp.hpp
[6.508s] -- Up-to-date: /home/hello-robot/ament_ws/install/rosapi_msgs/include/rosapi_msgs/rosapi_msgs/srv/detail/services__rosidl_typesupport_introspection_cpp.hpp
[6.508s] -- Up-to-date: /home/hello-robot/ament_ws/install/rosapi_msgs/include/rosapi_msgs/rosapi_msgs/srv/detail/node_details__rosidl_typesupport_introspection_cpp.hpp
[6.508s] -- Up-to-date: /home/hello-robot/ament_ws/install/rosapi_msgs/include/rosapi_msgs/rosapi_msgs/srv/detail/topics_for_type__rosidl_typesupport_introspection_cpp.hpp
[6.508s] -- Up-to-date: /home/hello-robot/ament_ws/install/rosapi_msgs/include/rosapi_msgs/rosapi_msgs/srv/detail/get_action_servers__rosidl_typesupport_introspection_cpp.hpp
[6.508s] -- Up-to-date: /home/hello-robot/ament_ws/install/rosapi_msgs/include/rosapi_msgs/rosapi_msgs/srv/detail/publishers__rosidl_typesupport_introspection_cpp.hpp
[6.508s] -- Up-to-date: /home/hello-robot/ament_ws/install/rosapi_msgs/include/rosapi_msgs/rosapi_msgs/srv/detail/service_response_details__type_support.cpp
[6.508s] -- Up-to-date: /home/hello-robot/ament_ws/install/rosapi_msgs/include/rosapi_msgs/rosapi_msgs/srv/detail/topics_and_raw_types__type_support.cpp
[6.508s] -- Up-to-date: /home/hello-robot/ament_ws/install/rosapi_msgs/include/rosapi_msgs/rosapi_msgs/srv/detail/topic_type__rosidl_typesupport_introspection_cpp.hpp
[6.508s] -- Up-to-date: /home/hello-robot/ament_ws/install/rosapi_msgs/include/rosapi_msgs/rosapi_msgs/srv/detail/subscribers__type_support.cpp
[6.508s] -- Up-to-date: /home/hello-robot/ament_ws/install/rosapi_msgs/include/rosapi_msgs/rosapi_msgs/srv/detail/subscribers__rosidl_typesupport_introspection_cpp.hpp
[6.508s] -- Up-to-date: /home/hello-robot/ament_ws/install/rosapi_msgs/include/rosapi_msgs/rosapi_msgs/srv/detail/service_node__rosidl_typesupport_introspection_cpp.hpp
[6.508s] -- Up-to-date: /home/hello-robot/ament_ws/install/rosapi_msgs/include/rosapi_msgs/rosapi_msgs/srv/detail/has_param__type_support.cpp
[6.508s] -- Up-to-date: /home/hello-robot/ament_ws/install/rosapi_msgs/include/rosapi_msgs/rosapi_msgs/msg
[6.508s] -- Up-to-date: /home/hello-robot/ament_ws/install/rosapi_msgs/include/rosapi_msgs/rosapi_msgs/msg/detail
[6.508s] -- Up-to-date: /home/hello-robot/ament_ws/install/rosapi_msgs/include/rosapi_msgs/rosapi_msgs/msg/detail/type_def__rosidl_typesupport_introspection_cpp.hpp
[6.508s] -- Up-to-date: /home/hello-robot/ament_ws/install/rosapi_msgs/include/rosapi_msgs/rosapi_msgs/msg/detail/type_def__type_support.cpp
[6.508s] -- Up-to-date: /home/hello-robot/ament_ws/install/rosapi_msgs/lib/librosapi_msgs__rosidl_typesupport_introspection_cpp.so
[6.509s] -- Up-to-date: /home/hello-robot/ament_ws/install/rosapi_msgs/lib/librosapi_msgs__rosidl_typesupport_cpp.so
[6.509s] -- Up-to-date: /home/hello-robot/ament_ws/install/rosapi_msgs/share/rosapi_msgs/environment/pythonpath.sh
[6.509s] -- Installing: /home/hello-robot/ament_ws/install/rosapi_msgs/share/rosapi_msgs/environment/pythonpath.dsv
[6.509s] -- Up-to-date: /home/hello-robot/ament_ws/install/rosapi_msgs/local/lib/python3.10/dist-packages/rosapi_msgs-1.3.2-py3.10.egg-info
[6.509s] -- Installing: /home/hello-robot/ament_ws/install/rosapi_msgs/local/lib/python3.10/dist-packages/rosapi_msgs-1.3.2-py3.10.egg-info/PKG-INFO
[6.509s] -- Installing: /home/hello-robot/ament_ws/install/rosapi_msgs/local/lib/python3.10/dist-packages/rosapi_msgs-1.3.2-py3.10.egg-info/dependency_links.txt
[6.509s] -- Installing: /home/hello-robot/ament_ws/install/rosapi_msgs/local/lib/python3.10/dist-packages/rosapi_msgs-1.3.2-py3.10.egg-info/top_level.txt
[6.509s] -- Installing: /home/hello-robot/ament_ws/install/rosapi_msgs/local/lib/python3.10/dist-packages/rosapi_msgs-1.3.2-py3.10.egg-info/SOURCES.txt
[6.509s] -- Up-to-date: /home/hello-robot/ament_ws/install/rosapi_msgs/local/lib/python3.10/dist-packages/rosapi_msgs
[6.509s] -- Up-to-date: /home/hello-robot/ament_ws/install/rosapi_msgs/local/lib/python3.10/dist-packages/rosapi_msgs/rosapi_msgs_s__rosidl_typesupport_fastrtps_c.cpython-310-x86_64-linux-gnu.so
[6.509s] -- Up-to-date: /home/hello-robot/ament_ws/install/rosapi_msgs/local/lib/python3.10/dist-packages/rosapi_msgs/_rosapi_msgs_s.ep.rosidl_typesupport_c.c
[6.509s] -- Up-to-date: /home/hello-robot/ament_ws/install/rosapi_msgs/local/lib/python3.10/dist-packages/rosapi_msgs/rosapi_msgs_s__rosidl_typesupport_c.cpython-310-x86_64-linux-gnu.so
[6.509s] -- Up-to-date: /home/hello-robot/ament_ws/install/rosapi_msgs/local/lib/python3.10/dist-packages/rosapi_msgs/rosapi_msgs_s__rosidl_typesupport_introspection_c.cpython-310-x86_64-linux-gnu.so
[6.509s] -- Up-to-date: /home/hello-robot/ament_ws/install/rosapi_msgs/local/lib/python3.10/dist-packages/rosapi_msgs/_rosapi_msgs_s.ep.rosidl_typesupport_introspection_c.c
[6.509s] -- Up-to-date: /home/hello-robot/ament_ws/install/rosapi_msgs/local/lib/python3.10/dist-packages/rosapi_msgs/_rosapi_msgs_s.ep.rosidl_typesupport_fastrtps_c.c
[6.509s] -- Up-to-date: /home/hello-robot/ament_ws/install/rosapi_msgs/local/lib/python3.10/dist-packages/rosapi_msgs/srv
[6.509s] -- Up-to-date: /home/hello-robot/ament_ws/install/rosapi_msgs/local/lib/python3.10/dist-packages/rosapi_msgs/srv/_get_ros_version.py
[6.509s] -- Up-to-date: /home/hello-robot/ament_ws/install/rosapi_msgs/local/lib/python3.10/dist-packages/rosapi_msgs/srv/_services_for_type_s.c
[6.509s] -- Up-to-date: /home/hello-robot/ament_ws/install/rosapi_msgs/local/lib/python3.10/dist-packages/rosapi_msgs/srv/_nodes.py
[6.509s] -- Up-to-date: /home/hello-robot/ament_ws/install/rosapi_msgs/local/lib/python3.10/dist-packages/rosapi_msgs/srv/_delete_param_s.c
[6.510s] -- Up-to-date: /home/hello-robot/ament_ws/install/rosapi_msgs/local/lib/python3.10/dist-packages/rosapi_msgs/srv/_services_for_type.py
[6.510s] -- Up-to-date: /home/hello-robot/ament_ws/install/rosapi_msgs/local/lib/python3.10/dist-packages/rosapi_msgs/srv/_service_providers_s.c
[6.510s] -- Up-to-date: /home/hello-robot/ament_ws/install/rosapi_msgs/local/lib/python3.10/dist-packages/rosapi_msgs/srv/_has_param_s.c
[6.510s] -- Up-to-date: /home/hello-robot/ament_ws/install/rosapi_msgs/local/lib/python3.10/dist-packages/rosapi_msgs/srv/_service_providers.py
[6.510s] -- Up-to-date: /home/hello-robot/ament_ws/install/rosapi_msgs/local/lib/python3.10/dist-packages/rosapi_msgs/srv/_node_details_s.c
[6.510s] -- Up-to-date: /home/hello-robot/ament_ws/install/rosapi_msgs/local/lib/python3.10/dist-packages/rosapi_msgs/srv/_service_type_s.c
[6.510s] -- Up-to-date: /home/hello-robot/ament_ws/install/rosapi_msgs/local/lib/python3.10/dist-packages/rosapi_msgs/srv/_get_param_names_s.c
[6.510s] -- Up-to-date: /home/hello-robot/ament_ws/install/rosapi_msgs/local/lib/python3.10/dist-packages/rosapi_msgs/srv/_services.py
[6.510s] -- Up-to-date: /home/hello-robot/ament_ws/install/rosapi_msgs/local/lib/python3.10/dist-packages/rosapi_msgs/srv/_topics_s.c
[6.510s] -- Up-to-date: /home/hello-robot/ament_ws/install/rosapi_msgs/local/lib/python3.10/dist-packages/rosapi_msgs/srv/_node_details.py
[6.510s] -- Up-to-date: /home/hello-robot/ament_ws/install/rosapi_msgs/local/lib/python3.10/dist-packages/rosapi_msgs/srv/_get_action_servers_s.c
[6.510s] -- Up-to-date: /home/hello-robot/ament_ws/install/rosapi_msgs/local/lib/python3.10/dist-packages/rosapi_msgs/srv/_service_response_details.py
[6.510s] -- Up-to-date: /home/hello-robot/ament_ws/install/rosapi_msgs/local/lib/python3.10/dist-packages/rosapi_msgs/srv/_set_param.py
[6.510s] -- Up-to-date: /home/hello-robot/ament_ws/install/rosapi_msgs/local/lib/python3.10/dist-packages/rosapi_msgs/srv/_topic_type.py
[6.510s] -- Up-to-date: /home/hello-robot/ament_ws/install/rosapi_msgs/local/lib/python3.10/dist-packages/rosapi_msgs/srv/_get_param_s.c
[6.510s] -- Up-to-date: /home/hello-robot/ament_ws/install/rosapi_msgs/local/lib/python3.10/dist-packages/rosapi_msgs/srv/_topic_type_s.c
[6.510s] -- Up-to-date: /home/hello-robot/ament_ws/install/rosapi_msgs/local/lib/python3.10/dist-packages/rosapi_msgs/srv/_topics_and_raw_types.py
[6.510s] -- Up-to-date: /home/hello-robot/ament_ws/install/rosapi_msgs/local/lib/python3.10/dist-packages/rosapi_msgs/srv/_topics_for_type.py
[6.511s] -- Up-to-date: /home/hello-robot/ament_ws/install/rosapi_msgs/local/lib/python3.10/dist-packages/rosapi_msgs/srv/_get_time.py
[6.511s] -- Up-to-date: /home/hello-robot/ament_ws/install/rosapi_msgs/local/lib/python3.10/dist-packages/rosapi_msgs/srv/_get_ros_version_s.c
[6.511s] -- Up-to-date: /home/hello-robot/ament_ws/install/rosapi_msgs/local/lib/python3.10/dist-packages/rosapi_msgs/srv/_service_type.py
[6.511s] -- Up-to-date: /home/hello-robot/ament_ws/install/rosapi_msgs/local/lib/python3.10/dist-packages/rosapi_msgs/srv/_get_param_names.py
[6.511s] -- Up-to-date: /home/hello-robot/ament_ws/install/rosapi_msgs/local/lib/python3.10/dist-packages/rosapi_msgs/srv/_publishers_s.c
[6.511s] -- Up-to-date: /home/hello-robot/ament_ws/install/rosapi_msgs/local/lib/python3.10/dist-packages/rosapi_msgs/srv/_has_param.py
[6.511s] -- Up-to-date: /home/hello-robot/ament_ws/install/rosapi_msgs/local/lib/python3.10/dist-packages/rosapi_msgs/srv/_topics_for_type_s.c
[6.511s] -- Up-to-date: /home/hello-robot/ament_ws/install/rosapi_msgs/local/lib/python3.10/dist-packages/rosapi_msgs/srv/_publishers.py
[6.511s] -- Up-to-date: /home/hello-robot/ament_ws/install/rosapi_msgs/local/lib/python3.10/dist-packages/rosapi_msgs/srv/_service_response_details_s.c
[6.511s] -- Up-to-date: /home/hello-robot/ament_ws/install/rosapi_msgs/local/lib/python3.10/dist-packages/rosapi_msgs/srv/_service_request_details_s.c
[6.511s] -- Up-to-date: /home/hello-robot/ament_ws/install/rosapi_msgs/local/lib/python3.10/dist-packages/rosapi_msgs/srv/_get_time_s.c
[6.511s] -- Up-to-date: /home/hello-robot/ament_ws/install/rosapi_msgs/local/lib/python3.10/dist-packages/rosapi_msgs/srv/_nodes_s.c
[6.511s] -- Up-to-date: /home/hello-robot/ament_ws/install/rosapi_msgs/local/lib/python3.10/dist-packages/rosapi_msgs/srv/_message_details_s.c
[6.511s] -- Up-to-date: /home/hello-robot/ament_ws/install/rosapi_msgs/local/lib/python3.10/dist-packages/rosapi_msgs/srv/_topics_and_raw_types_s.c
[6.511s] -- Up-to-date: /home/hello-robot/ament_ws/install/rosapi_msgs/local/lib/python3.10/dist-packages/rosapi_msgs/srv/_subscribers_s.c
[6.511s] -- Up-to-date: /home/hello-robot/ament_ws/install/rosapi_msgs/local/lib/python3.10/dist-packages/rosapi_msgs/srv/_service_node_s.c
[6.511s] -- Up-to-date: /home/hello-robot/ament_ws/install/rosapi_msgs/local/lib/python3.10/dist-packages/rosapi_msgs/srv/_topics.py
[6.511s] -- Up-to-date: /home/hello-robot/ament_ws/install/rosapi_msgs/local/lib/python3.10/dist-packages/rosapi_msgs/srv/_service_node.py
[6.511s] -- Up-to-date: /home/hello-robot/ament_ws/install/rosapi_msgs/local/lib/python3.10/dist-packages/rosapi_msgs/srv/_get_param.py
[6.512s] -- Up-to-date: /home/hello-robot/ament_ws/install/rosapi_msgs/local/lib/python3.10/dist-packages/rosapi_msgs/srv/__init__.py
[6.512s] -- Up-to-date: /home/hello-robot/ament_ws/install/rosapi_msgs/local/lib/python3.10/dist-packages/rosapi_msgs/srv/_set_param_s.c
[6.512s] -- Up-to-date: /home/hello-robot/ament_ws/install/rosapi_msgs/local/lib/python3.10/dist-packages/rosapi_msgs/srv/_get_action_servers.py
[6.512s] -- Up-to-date: /home/hello-robot/ament_ws/install/rosapi_msgs/local/lib/python3.10/dist-packages/rosapi_msgs/srv/_services_s.c
[6.512s] -- Up-to-date: /home/hello-robot/ament_ws/install/rosapi_msgs/local/lib/python3.10/dist-packages/rosapi_msgs/srv/_delete_param.py
[6.512s] -- Up-to-date: /home/hello-robot/ament_ws/install/rosapi_msgs/local/lib/python3.10/dist-packages/rosapi_msgs/srv/_message_details.py
[6.512s] -- Up-to-date: /home/hello-robot/ament_ws/install/rosapi_msgs/local/lib/python3.10/dist-packages/rosapi_msgs/srv/_subscribers.py
[6.512s] -- Up-to-date: /home/hello-robot/ament_ws/install/rosapi_msgs/local/lib/python3.10/dist-packages/rosapi_msgs/srv/_service_request_details.py
[6.512s] -- Up-to-date: /home/hello-robot/ament_ws/install/rosapi_msgs/local/lib/python3.10/dist-packages/rosapi_msgs/msg
[6.512s] -- Up-to-date: /home/hello-robot/ament_ws/install/rosapi_msgs/local/lib/python3.10/dist-packages/rosapi_msgs/msg/_type_def_s.c
[6.512s] -- Up-to-date: /home/hello-robot/ament_ws/install/rosapi_msgs/local/lib/python3.10/dist-packages/rosapi_msgs/msg/_type_def.py
[6.512s] -- Up-to-date: /home/hello-robot/ament_ws/install/rosapi_msgs/local/lib/python3.10/dist-packages/rosapi_msgs/msg/__init__.py
[6.512s] -- Installing: /home/hello-robot/ament_ws/install/rosapi_msgs/local/lib/python3.10/dist-packages/rosapi_msgs/__init__.py
[6.512s] -- Up-to-date: /home/hello-robot/ament_ws/install/rosapi_msgs/local/lib/python3.10/dist-packages/rosapi_msgs/librosapi_msgs__rosidl_generator_py.so
[6.512s] Listing '/home/hello-robot/ament_ws/install/rosapi_msgs/local/lib/python3.10/dist-packages/rosapi_msgs'...
[6.512s] Compiling '/home/hello-robot/ament_ws/install/rosapi_msgs/local/lib/python3.10/dist-packages/rosapi_msgs/__init__.py'...
[6.512s] Listing '/home/hello-robot/ament_ws/install/rosapi_msgs/local/lib/python3.10/dist-packages/rosapi_msgs/msg'...
[6.512s] Listing '/home/hello-robot/ament_ws/install/rosapi_msgs/local/lib/python3.10/dist-packages/rosapi_msgs/srv'...
[6.512s] -- Up-to-date: /home/hello-robot/ament_ws/install/rosapi_msgs/local/lib/python3.10/dist-packages/rosapi_msgs/rosapi_msgs_s__rosidl_typesupport_fastrtps_c.cpython-310-x86_64-linux-gnu.so
[6.512s] -- Up-to-date: /home/hello-robot/ament_ws/install/rosapi_msgs/local/lib/python3.10/dist-packages/rosapi_msgs/rosapi_msgs_s__rosidl_typesupport_introspection_c.cpython-310-x86_64-linux-gnu.so
[6.512s] -- Up-to-date: /home/hello-robot/ament_ws/install/rosapi_msgs/local/lib/python3.10/dist-packages/rosapi_msgs/rosapi_msgs_s__rosidl_typesupport_c.cpython-310-x86_64-linux-gnu.so
[6.513s] -- Up-to-date: /home/hello-robot/ament_ws/install/rosapi_msgs/lib/librosapi_msgs__rosidl_generator_py.so
[6.513s] -- Up-to-date: /home/hello-robot/ament_ws/install/rosapi_msgs/share/rosapi_msgs/msg/TypeDef.idl
[6.513s] -- Up-to-date: /home/hello-robot/ament_ws/install/rosapi_msgs/share/rosapi_msgs/srv/DeleteParam.idl
[6.513s] -- Up-to-date: /home/hello-robot/ament_ws/install/rosapi_msgs/share/rosapi_msgs/srv/GetActionServers.idl
[6.513s] -- Up-to-date: /home/hello-robot/ament_ws/install/rosapi_msgs/share/rosapi_msgs/srv/GetParam.idl
[6.513s] -- Up-to-date: /home/hello-robot/ament_ws/install/rosapi_msgs/share/rosapi_msgs/srv/GetParamNames.idl
[6.513s] -- Up-to-date: /home/hello-robot/ament_ws/install/rosapi_msgs/share/rosapi_msgs/srv/GetROSVersion.idl
[6.513s] -- Up-to-date: /home/hello-robot/ament_ws/install/rosapi_msgs/share/rosapi_msgs/srv/GetTime.idl
[6.513s] -- Up-to-date: /home/hello-robot/ament_ws/install/rosapi_msgs/share/rosapi_msgs/srv/HasParam.idl
[6.513s] -- Up-to-date: /home/hello-robot/ament_ws/install/rosapi_msgs/share/rosapi_msgs/srv/MessageDetails.idl
[6.513s] -- Up-to-date: /home/hello-robot/ament_ws/install/rosapi_msgs/share/rosapi_msgs/srv/Nodes.idl
[6.513s] -- Up-to-date: /home/hello-robot/ament_ws/install/rosapi_msgs/share/rosapi_msgs/srv/NodeDetails.idl
[6.513s] -- Up-to-date: /home/hello-robot/ament_ws/install/rosapi_msgs/share/rosapi_msgs/srv/Publishers.idl
[6.513s] -- Up-to-date: /home/hello-robot/ament_ws/install/rosapi_msgs/share/rosapi_msgs/srv/ServiceNode.idl
[6.513s] -- Up-to-date: /home/hello-robot/ament_ws/install/rosapi_msgs/share/rosapi_msgs/srv/ServiceProviders.idl
[6.513s] -- Up-to-date: /home/hello-robot/ament_ws/install/rosapi_msgs/share/rosapi_msgs/srv/ServiceRequestDetails.idl
[6.513s] -- Up-to-date: /home/hello-robot/ament_ws/install/rosapi_msgs/share/rosapi_msgs/srv/ServiceResponseDetails.idl
[6.513s] -- Up-to-date: /home/hello-robot/ament_ws/install/rosapi_msgs/share/rosapi_msgs/srv/Services.idl
[6.513s] -- Up-to-date: /home/hello-robot/ament_ws/install/rosapi_msgs/share/rosapi_msgs/srv/ServicesForType.idl
[6.513s] -- Up-to-date: /home/hello-robot/ament_ws/install/rosapi_msgs/share/rosapi_msgs/srv/ServiceType.idl
[6.513s] -- Up-to-date: /home/hello-robot/ament_ws/install/rosapi_msgs/share/rosapi_msgs/srv/SetParam.idl
[6.514s] -- Up-to-date: /home/hello-robot/ament_ws/install/rosapi_msgs/share/rosapi_msgs/srv/Subscribers.idl
[6.514s] -- Up-to-date: /home/hello-robot/ament_ws/install/rosapi_msgs/share/rosapi_msgs/srv/Topics.idl
[6.514s] -- Up-to-date: /home/hello-robot/ament_ws/install/rosapi_msgs/share/rosapi_msgs/srv/TopicsAndRawTypes.idl
[6.514s] -- Up-to-date: /home/hello-robot/ament_ws/install/rosapi_msgs/share/rosapi_msgs/srv/TopicsForType.idl
[6.514s] -- Up-to-date: /home/hello-robot/ament_ws/install/rosapi_msgs/share/rosapi_msgs/srv/TopicType.idl
[6.514s] -- Up-to-date: /home/hello-robot/ament_ws/install/rosapi_msgs/share/rosapi_msgs/msg/TypeDef.msg
[6.514s] -- Up-to-date: /home/hello-robot/ament_ws/install/rosapi_msgs/share/rosapi_msgs/srv/DeleteParam.srv
[6.514s] -- Up-to-date: /home/hello-robot/ament_ws/install/rosapi_msgs/share/rosapi_msgs/srv/DeleteParam_Request.msg
[6.514s] -- Up-to-date: /home/hello-robot/ament_ws/install/rosapi_msgs/share/rosapi_msgs/srv/DeleteParam_Response.msg
[6.514s] -- Up-to-date: /home/hello-robot/ament_ws/install/rosapi_msgs/share/rosapi_msgs/srv/GetActionServers.srv
[6.514s] -- Up-to-date: /home/hello-robot/ament_ws/install/rosapi_msgs/share/rosapi_msgs/srv/GetActionServers_Request.msg
[6.514s] -- Up-to-date: /home/hello-robot/ament_ws/install/rosapi_msgs/share/rosapi_msgs/srv/GetActionServers_Response.msg
[6.514s] -- Up-to-date: /home/hello-robot/ament_ws/install/rosapi_msgs/share/rosapi_msgs/srv/GetParam.srv
[6.514s] -- Up-to-date: /home/hello-robot/ament_ws/install/rosapi_msgs/share/rosapi_msgs/srv/GetParam_Request.msg
[6.514s] -- Up-to-date: /home/hello-robot/ament_ws/install/rosapi_msgs/share/rosapi_msgs/srv/GetParam_Response.msg
[6.514s] -- Up-to-date: /home/hello-robot/ament_ws/install/rosapi_msgs/share/rosapi_msgs/srv/GetParamNames.srv
[6.514s] -- Up-to-date: /home/hello-robot/ament_ws/install/rosapi_msgs/share/rosapi_msgs/srv/GetParamNames_Request.msg
[6.514s] -- Up-to-date: /home/hello-robot/ament_ws/install/rosapi_msgs/share/rosapi_msgs/srv/GetParamNames_Response.msg
[6.514s] -- Up-to-date: /home/hello-robot/ament_ws/install/rosapi_msgs/share/rosapi_msgs/srv/GetROSVersion.srv
[6.514s] -- Up-to-date: /home/hello-robot/ament_ws/install/rosapi_msgs/share/rosapi_msgs/srv/GetROSVersion_Request.msg
[6.514s] -- Up-to-date: /home/hello-robot/ament_ws/install/rosapi_msgs/share/rosapi_msgs/srv/GetROSVersion_Response.msg
[6.514s] -- Up-to-date: /home/hello-robot/ament_ws/install/rosapi_msgs/share/rosapi_msgs/srv/GetTime.srv
[6.514s] -- Up-to-date: /home/hello-robot/ament_ws/install/rosapi_msgs/share/rosapi_msgs/srv/GetTime_Request.msg
[6.515s] -- Up-to-date: /home/hello-robot/ament_ws/install/rosapi_msgs/share/rosapi_msgs/srv/GetTime_Response.msg
[6.515s] -- Up-to-date: /home/hello-robot/ament_ws/install/rosapi_msgs/share/rosapi_msgs/srv/HasParam.srv
[6.515s] -- Up-to-date: /home/hello-robot/ament_ws/install/rosapi_msgs/share/rosapi_msgs/srv/HasParam_Request.msg
[6.515s] -- Up-to-date: /home/hello-robot/ament_ws/install/rosapi_msgs/share/rosapi_msgs/srv/HasParam_Response.msg
[6.515s] -- Up-to-date: /home/hello-robot/ament_ws/install/rosapi_msgs/share/rosapi_msgs/srv/MessageDetails.srv
[6.515s] -- Up-to-date: /home/hello-robot/ament_ws/install/rosapi_msgs/share/rosapi_msgs/srv/MessageDetails_Request.msg
[6.515s] -- Up-to-date: /home/hello-robot/ament_ws/install/rosapi_msgs/share/rosapi_msgs/srv/MessageDetails_Response.msg
[6.515s] -- Up-to-date: /home/hello-robot/ament_ws/install/rosapi_msgs/share/rosapi_msgs/srv/Nodes.srv
[6.515s] -- Up-to-date: /home/hello-robot/ament_ws/install/rosapi_msgs/share/rosapi_msgs/srv/Nodes_Request.msg
[6.515s] -- Up-to-date: /home/hello-robot/ament_ws/install/rosapi_msgs/share/rosapi_msgs/srv/Nodes_Response.msg
[6.515s] -- Up-to-date: /home/hello-robot/ament_ws/install/rosapi_msgs/share/rosapi_msgs/srv/NodeDetails.srv
[6.515s] -- Up-to-date: /home/hello-robot/ament_ws/install/rosapi_msgs/share/rosapi_msgs/srv/NodeDetails_Request.msg
[6.515s] -- Up-to-date: /home/hello-robot/ament_ws/install/rosapi_msgs/share/rosapi_msgs/srv/NodeDetails_Response.msg
[6.515s] -- Up-to-date: /home/hello-robot/ament_ws/install/rosapi_msgs/share/rosapi_msgs/srv/Publishers.srv
[6.515s] -- Up-to-date: /home/hello-robot/ament_ws/install/rosapi_msgs/share/rosapi_msgs/srv/Publishers_Request.msg
[6.515s] -- Up-to-date: /home/hello-robot/ament_ws/install/rosapi_msgs/share/rosapi_msgs/srv/Publishers_Response.msg
[6.515s] -- Up-to-date: /home/hello-robot/ament_ws/install/rosapi_msgs/share/rosapi_msgs/srv/ServiceNode.srv
[6.515s] -- Up-to-date: /home/hello-robot/ament_ws/install/rosapi_msgs/share/rosapi_msgs/srv/ServiceNode_Request.msg
[6.515s] -- Up-to-date: /home/hello-robot/ament_ws/install/rosapi_msgs/share/rosapi_msgs/srv/ServiceNode_Response.msg
[6.515s] -- Up-to-date: /home/hello-robot/ament_ws/install/rosapi_msgs/share/rosapi_msgs/srv/ServiceProviders.srv
[6.515s] -- Up-to-date: /home/hello-robot/ament_ws/install/rosapi_msgs/share/rosapi_msgs/srv/ServiceProviders_Request.msg
[6.515s] -- Up-to-date: /home/hello-robot/ament_ws/install/rosapi_msgs/share/rosapi_msgs/srv/ServiceProviders_Response.msg
[6.516s] -- Up-to-date: /home/hello-robot/ament_ws/install/rosapi_msgs/share/rosapi_msgs/srv/ServiceRequestDetails.srv
[6.516s] -- Up-to-date: /home/hello-robot/ament_ws/install/rosapi_msgs/share/rosapi_msgs/srv/ServiceRequestDetails_Request.msg
[6.516s] -- Up-to-date: /home/hello-robot/ament_ws/install/rosapi_msgs/share/rosapi_msgs/srv/ServiceRequestDetails_Response.msg
[6.516s] -- Up-to-date: /home/hello-robot/ament_ws/install/rosapi_msgs/share/rosapi_msgs/srv/ServiceResponseDetails.srv
[6.516s] -- Up-to-date: /home/hello-robot/ament_ws/install/rosapi_msgs/share/rosapi_msgs/srv/ServiceResponseDetails_Request.msg
[6.516s] -- Up-to-date: /home/hello-robot/ament_ws/install/rosapi_msgs/share/rosapi_msgs/srv/ServiceResponseDetails_Response.msg
[6.516s] -- Up-to-date: /home/hello-robot/ament_ws/install/rosapi_msgs/share/rosapi_msgs/srv/Services.srv
[6.516s] -- Up-to-date: /home/hello-robot/ament_ws/install/rosapi_msgs/share/rosapi_msgs/srv/Services_Request.msg
[6.516s] -- Up-to-date: /home/hello-robot/ament_ws/install/rosapi_msgs/share/rosapi_msgs/srv/Services_Response.msg
[6.516s] -- Up-to-date: /home/hello-robot/ament_ws/install/rosapi_msgs/share/rosapi_msgs/srv/ServicesForType.srv
[6.516s] -- Up-to-date: /home/hello-robot/ament_ws/install/rosapi_msgs/share/rosapi_msgs/srv/ServicesForType_Request.msg
[6.516s] -- Up-to-date: /home/hello-robot/ament_ws/install/rosapi_msgs/share/rosapi_msgs/srv/ServicesForType_Response.msg
[6.516s] -- Up-to-date: /home/hello-robot/ament_ws/install/rosapi_msgs/share/rosapi_msgs/srv/ServiceType.srv
[6.516s] -- Up-to-date: /home/hello-robot/ament_ws/install/rosapi_msgs/share/rosapi_msgs/srv/ServiceType_Request.msg
[6.516s] -- Up-to-date: /home/hello-robot/ament_ws/install/rosapi_msgs/share/rosapi_msgs/srv/ServiceType_Response.msg
[6.516s] -- Up-to-date: /home/hello-robot/ament_ws/install/rosapi_msgs/share/rosapi_msgs/srv/SetParam.srv
[6.516s] -- Up-to-date: /home/hello-robot/ament_ws/install/rosapi_msgs/share/rosapi_msgs/srv/SetParam_Request.msg
[6.516s] -- Up-to-date: /home/hello-robot/ament_ws/install/rosapi_msgs/share/rosapi_msgs/srv/SetParam_Response.msg
[6.516s] -- Up-to-date: /home/hello-robot/ament_ws/install/rosapi_msgs/share/rosapi_msgs/srv/Subscribers.srv
[6.516s] -- Up-to-date: /home/hello-robot/ament_ws/install/rosapi_msgs/share/rosapi_msgs/srv/Subscribers_Request.msg
[6.516s] -- Up-to-date: /home/hello-robot/ament_ws/install/rosapi_msgs/share/rosapi_msgs/srv/Subscribers_Response.msg
[6.516s] -- Up-to-date: /home/hello-robot/ament_ws/install/rosapi_msgs/share/rosapi_msgs/srv/Topics.srv
[6.517s] -- Up-to-date: /home/hello-robot/ament_ws/install/rosapi_msgs/share/rosapi_msgs/srv/Topics_Request.msg
[6.517s] -- Up-to-date: /home/hello-robot/ament_ws/install/rosapi_msgs/share/rosapi_msgs/srv/Topics_Response.msg
[6.517s] -- Up-to-date: /home/hello-robot/ament_ws/install/rosapi_msgs/share/rosapi_msgs/srv/TopicsAndRawTypes.srv
[6.517s] -- Up-to-date: /home/hello-robot/ament_ws/install/rosapi_msgs/share/rosapi_msgs/srv/TopicsAndRawTypes_Request.msg
[6.517s] -- Up-to-date: /home/hello-robot/ament_ws/install/rosapi_msgs/share/rosapi_msgs/srv/TopicsAndRawTypes_Response.msg
[6.517s] -- Up-to-date: /home/hello-robot/ament_ws/install/rosapi_msgs/share/rosapi_msgs/srv/TopicsForType.srv
[6.517s] -- Up-to-date: /home/hello-robot/ament_ws/install/rosapi_msgs/share/rosapi_msgs/srv/TopicsForType_Request.msg
[6.517s] -- Up-to-date: /home/hello-robot/ament_ws/install/rosapi_msgs/share/rosapi_msgs/srv/TopicsForType_Response.msg
[6.517s] -- Up-to-date: /home/hello-robot/ament_ws/install/rosapi_msgs/share/rosapi_msgs/srv/TopicType.srv
[6.517s] -- Up-to-date: /home/hello-robot/ament_ws/install/rosapi_msgs/share/rosapi_msgs/srv/TopicType_Request.msg
[6.517s] -- Up-to-date: /home/hello-robot/ament_ws/install/rosapi_msgs/share/rosapi_msgs/srv/TopicType_Response.msg
[6.517s] -- Up-to-date: /home/hello-robot/ament_ws/install/rosapi_msgs/share/ament_index/resource_index/package_run_dependencies/rosapi_msgs
[6.517s] -- Installing: /home/hello-robot/ament_ws/install/rosapi_msgs/share/ament_index/resource_index/parent_prefix_path/rosapi_msgs
[6.517s] -- Up-to-date: /home/hello-robot/ament_ws/install/rosapi_msgs/share/rosapi_msgs/environment/ament_prefix_path.sh
[6.517s] -- Installing: /home/hello-robot/ament_ws/install/rosapi_msgs/share/rosapi_msgs/environment/ament_prefix_path.dsv
[6.517s] -- Up-to-date: /home/hello-robot/ament_ws/install/rosapi_msgs/share/rosapi_msgs/environment/path.sh
[6.517s] -- Installing: /home/hello-robot/ament_ws/install/rosapi_msgs/share/rosapi_msgs/environment/path.dsv
[6.517s] -- Up-to-date: /home/hello-robot/ament_ws/install/rosapi_msgs/share/rosapi_msgs/local_setup.bash
[6.517s] -- Up-to-date: /home/hello-robot/ament_ws/install/rosapi_msgs/share/rosapi_msgs/local_setup.sh
[6.517s] -- Up-to-date: /home/hello-robot/ament_ws/install/rosapi_msgs/share/rosapi_msgs/local_setup.zsh
[6.517s] -- Installing: /home/hello-robot/ament_ws/install/rosapi_msgs/share/rosapi_msgs/local_setup.dsv
[6.517s] -- Installing: /home/hello-robot/ament_ws/install/rosapi_msgs/share/rosapi_msgs/package.dsv
[6.517s] -- Up-to-date: /home/hello-robot/ament_ws/install/rosapi_msgs/share/ament_index/resource_index/packages/rosapi_msgs
[6.517s] -- Up-to-date: /home/hello-robot/ament_ws/install/rosapi_msgs/share/rosapi_msgs/cmake/export_rosapi_msgs__rosidl_generator_cExport.cmake
[6.517s] -- Up-to-date: /home/hello-robot/ament_ws/install/rosapi_msgs/share/rosapi_msgs/cmake/export_rosapi_msgs__rosidl_generator_cExport-release.cmake
[6.518s] -- Up-to-date: /home/hello-robot/ament_ws/install/rosapi_msgs/share/rosapi_msgs/cmake/export_rosapi_msgs__rosidl_typesupport_fastrtps_cExport.cmake
[6.518s] -- Up-to-date: /home/hello-robot/ament_ws/install/rosapi_msgs/share/rosapi_msgs/cmake/export_rosapi_msgs__rosidl_typesupport_fastrtps_cExport-release.cmake
[6.518s] -- Up-to-date: /home/hello-robot/ament_ws/install/rosapi_msgs/share/rosapi_msgs/cmake/export_rosapi_msgs__rosidl_generator_cppExport.cmake
[6.518s] -- Up-to-date: /home/hello-robot/ament_ws/install/rosapi_msgs/share/rosapi_msgs/cmake/export_rosapi_msgs__rosidl_typesupport_fastrtps_cppExport.cmake
[6.518s] -- Up-to-date: /home/hello-robot/ament_ws/install/rosapi_msgs/share/rosapi_msgs/cmake/export_rosapi_msgs__rosidl_typesupport_fastrtps_cppExport-release.cmake
[6.518s] -- Up-to-date: /home/hello-robot/ament_ws/install/rosapi_msgs/share/rosapi_msgs/cmake/rosapi_msgs__rosidl_typesupport_introspection_cExport.cmake
[6.518s] -- Up-to-date: /home/hello-robot/ament_ws/install/rosapi_msgs/share/rosapi_msgs/cmake/rosapi_msgs__rosidl_typesupport_introspection_cExport-release.cmake
[6.518s] -- Up-to-date: /home/hello-robot/ament_ws/install/rosapi_msgs/share/rosapi_msgs/cmake/rosapi_msgs__rosidl_typesupport_cExport.cmake
[6.518s] -- Up-to-date: /home/hello-robot/ament_ws/install/rosapi_msgs/share/rosapi_msgs/cmake/rosapi_msgs__rosidl_typesupport_cExport-release.cmake
[6.518s] -- Up-to-date: /home/hello-robot/ament_ws/install/rosapi_msgs/share/rosapi_msgs/cmake/rosapi_msgs__rosidl_typesupport_introspection_cppExport.cmake
[6.518s] -- Up-to-date: /home/hello-robot/ament_ws/install/rosapi_msgs/share/rosapi_msgs/cmake/rosapi_msgs__rosidl_typesupport_introspection_cppExport-release.cmake
[6.518s] -- Up-to-date: /home/hello-robot/ament_ws/install/rosapi_msgs/share/rosapi_msgs/cmake/rosapi_msgs__rosidl_typesupport_cppExport.cmake
[6.518s] -- Up-to-date: /home/hello-robot/ament_ws/install/rosapi_msgs/share/rosapi_msgs/cmake/rosapi_msgs__rosidl_typesupport_cppExport-release.cmake
[6.518s] -- Up-to-date: /home/hello-robot/ament_ws/install/rosapi_msgs/share/rosapi_msgs/cmake/export_rosapi_msgs__rosidl_generator_pyExport.cmake
[6.518s] -- Up-to-date: /home/hello-robot/ament_ws/install/rosapi_msgs/share/rosapi_msgs/cmake/export_rosapi_msgs__rosidl_generator_pyExport-release.cmake
[6.518s] -- Up-to-date: /home/hello-robot/ament_ws/install/rosapi_msgs/share/rosapi_msgs/cmake/rosidl_cmake-extras.cmake
[6.518s] -- Up-to-date: /home/hello-robot/ament_ws/install/rosapi_msgs/share/rosapi_msgs/cmake/ament_cmake_export_dependencies-extras.cmake
[6.518s] -- Up-to-date: /home/hello-robot/ament_ws/install/rosapi_msgs/share/rosapi_msgs/cmake/ament_cmake_export_include_directories-extras.cmake
[6.518s] -- Up-to-date: /home/hello-robot/ament_ws/install/rosapi_msgs/share/rosapi_msgs/cmake/ament_cmake_export_libraries-extras.cmake
[6.518s] -- Up-to-date: /home/hello-robot/ament_ws/install/rosapi_msgs/share/rosapi_msgs/cmake/ament_cmake_export_targets-extras.cmake
[6.518s] -- Up-to-date: /home/hello-robot/ament_ws/install/rosapi_msgs/share/rosapi_msgs/cmake/rosidl_cmake_export_typesupport_targets-extras.cmake
[6.518s] -- Up-to-date: /home/hello-robot/ament_ws/install/rosapi_msgs/share/rosapi_msgs/cmake/rosidl_cmake_export_typesupport_libraries-extras.cmake
[6.518s] -- Up-to-date: /home/hello-robot/ament_ws/install/rosapi_msgs/share/rosapi_msgs/cmake/rosapi_msgsConfig.cmake
[6.519s] -- Up-to-date: /home/hello-robot/ament_ws/install/rosapi_msgs/share/rosapi_msgs/cmake/rosapi_msgsConfig-version.cmake
[6.519s] -- Up-to-date: /home/hello-robot/ament_ws/install/rosapi_msgs/share/rosapi_msgs/package.xml
[6.929s] Invoked command in '/home/hello-robot/ament_ws/build/rosapi_msgs' returned '0': CMAKE_PREFIX_PATH=${CMAKE_PREFIX_PATH}:/home/hello-robot/ament_ws/install/tf2_web_republisher_py:/home/hello-robot/ament_ws/install/stretch_ros_tutorials:/home/hello-robot/ament_ws/install/stretch_funmap:/home/hello-robot/ament_ws/install/stretch_calibration:/home/hello-robot/ament_ws/install/stretch_demos:/home/hello-robot/ament_ws/install/stretch_deep_perception:/home/hello-robot/ament_ws/install/stretch_core:/home/hello-robot/ament_ws/install/respeaker_ros2:/home/hello-robot/ament_ws/install/hello_helpers:/opt/ros/humble /usr/bin/cmake --install /home/hello-robot/ament_ws/build/rosapi_msgs
