[0.705s] Invoking command in '/home/hello-robot/ament_ws/build/sound_play': CMAKE_PREFIX_PATH=/home/hello-robot/ament_ws/install/audio_common_msgs:/home/hello-robot/ament_ws/install/tf2_web_republisher:/home/hello-robot/ament_ws/install/stretch_web_teleop:/home/hello-robot/ament_ws/install/stretch_rtabmap:/home/hello-robot/ament_ws/install/stretch_nav2:/home/hello-robot/ament_ws/install/stretch_description:/home/hello-robot/ament_ws/install/speech_recognition_msgs:/home/hello-robot/ament_ws/install/sound_play_msgs:/home/hello-robot/ament_ws/install/audio_common:/home/hello-robot/ament_ws/install/sound_play:/home/hello-robot/ament_ws/install/sllidar_ros2:/home/hello-robot/ament_ws/install/rosbridge_test_msgs:/home/hello-robot/ament_ws/install/rosbridge_suite:/home/hello-robot/ament_ws/install/rosbridge_server:/home/hello-robot/ament_ws/install/rosbridge_msgs:/home/hello-robot/ament_ws/install/rosapi:/home/hello-robot/ament_ws/install/rosbridge_library:/home/hello-robot/ament_ws/install/rosapi_msgs:/home/hello-robot/ament_ws/install/ros2_numpy:/home/hello-robot/ament_ws/install/realsense2_description:/home/hello-robot/ament_ws/install/realsense2_camera:/home/hello-robot/ament_ws/install/realsense2_camera_msgs:/home/hello-robot/ament_ws/install/audio_play:/home/hello-robot/ament_ws/install/audio_capture:/home/hello-robot/ament_ws/install/tf2_web_republisher_py:/home/hello-robot/ament_ws/install/stretch_ros_tutorials:/home/hello-robot/ament_ws/install/stretch_funmap:/home/hello-robot/ament_ws/install/stretch_calibration:/home/hello-robot/ament_ws/install/stretch_demos:/home/hello-robot/ament_ws/install/stretch_deep_perception:/home/hello-robot/ament_ws/install/stretch_core:/home/hello-robot/ament_ws/install/respeaker_ros2:/home/hello-robot/ament_ws/install/hello_helpers:/opt/ros/humble LD_LIBRARY_PATH=/home/hello-robot/ament_ws/install/audio_common_msgs/lib:/home/hello-robot/ament_ws/install/tf2_web_republisher/lib:/home/hello-robot/ament_ws/install/speech_recognition_msgs/lib:/home/hello-robot/ament_ws/install/sound_play_msgs/lib:/home/hello-robot/ament_ws/install/rosbridge_test_msgs/lib:/home/hello-robot/ament_ws/install/rosbridge_msgs/lib:/home/hello-robot/ament_ws/install/rosapi_msgs/lib:/home/hello-robot/ament_ws/install/realsense2_camera/lib:/home/hello-robot/ament_ws/install/realsense2_camera_msgs/lib:/home/hello-robot/ament_ws/install/audio_play/lib:/home/hello-robot/ament_ws/install/audio_capture/lib:/usr/lib/x86_64-linux-gnu/gazebo-11/plugins:/opt/ros/humble/opt/rviz_ogre_vendor/lib:/opt/ros/humble/lib/x86_64-linux-gnu:/opt/ros/humble/lib /usr/bin/cmake --build /home/hello-robot/ament_ws/build/sound_play -- -j16 -l16
[0.872s] Built target ament_cmake_python_copy_sound_play
[1.201s] running egg_info
[1.202s] writing sound_play.egg-info/PKG-INFO
[1.202s] writing dependency_links to sound_play.egg-info/dependency_links.txt
[1.202s] writing top-level names to sound_play.egg-info/top_level.txt
[1.204s] reading manifest file 'sound_play.egg-info/SOURCES.txt'
[1.204s] writing manifest file 'sound_play.egg-info/SOURCES.txt'
[1.231s] Built target ament_cmake_python_build_sound_play_egg
[1.428s] Invoked command in '/home/hello-robot/ament_ws/build/sound_play' returned '0': CMAKE_PREFIX_PATH=/home/hello-robot/ament_ws/install/audio_common_msgs:/home/hello-robot/ament_ws/install/tf2_web_republisher:/home/hello-robot/ament_ws/install/stretch_web_teleop:/home/hello-robot/ament_ws/install/stretch_rtabmap:/home/hello-robot/ament_ws/install/stretch_nav2:/home/hello-robot/ament_ws/install/stretch_description:/home/hello-robot/ament_ws/install/speech_recognition_msgs:/home/hello-robot/ament_ws/install/sound_play_msgs:/home/hello-robot/ament_ws/install/audio_common:/home/hello-robot/ament_ws/install/sound_play:/home/hello-robot/ament_ws/install/sllidar_ros2:/home/hello-robot/ament_ws/install/rosbridge_test_msgs:/home/hello-robot/ament_ws/install/rosbridge_suite:/home/hello-robot/ament_ws/install/rosbridge_server:/home/hello-robot/ament_ws/install/rosbridge_msgs:/home/hello-robot/ament_ws/install/rosapi:/home/hello-robot/ament_ws/install/rosbridge_library:/home/hello-robot/ament_ws/install/rosapi_msgs:/home/hello-robot/ament_ws/install/ros2_numpy:/home/hello-robot/ament_ws/install/realsense2_description:/home/hello-robot/ament_ws/install/realsense2_camera:/home/hello-robot/ament_ws/install/realsense2_camera_msgs:/home/hello-robot/ament_ws/install/audio_play:/home/hello-robot/ament_ws/install/audio_capture:/home/hello-robot/ament_ws/install/tf2_web_republisher_py:/home/hello-robot/ament_ws/install/stretch_ros_tutorials:/home/hello-robot/ament_ws/install/stretch_funmap:/home/hello-robot/ament_ws/install/stretch_calibration:/home/hello-robot/ament_ws/install/stretch_demos:/home/hello-robot/ament_ws/install/stretch_deep_perception:/home/hello-robot/ament_ws/install/stretch_core:/home/hello-robot/ament_ws/install/respeaker_ros2:/home/hello-robot/ament_ws/install/hello_helpers:/opt/ros/humble LD_LIBRARY_PATH=/home/hello-robot/ament_ws/install/audio_common_msgs/lib:/home/hello-robot/ament_ws/install/tf2_web_republisher/lib:/home/hello-robot/ament_ws/install/speech_recognition_msgs/lib:/home/hello-robot/ament_ws/install/sound_play_msgs/lib:/home/hello-robot/ament_ws/install/rosbridge_test_msgs/lib:/home/hello-robot/ament_ws/install/rosbridge_msgs/lib:/home/hello-robot/ament_ws/install/rosapi_msgs/lib:/home/hello-robot/ament_ws/install/realsense2_camera/lib:/home/hello-robot/ament_ws/install/realsense2_camera_msgs/lib:/home/hello-robot/ament_ws/install/audio_play/lib:/home/hello-robot/ament_ws/install/audio_capture/lib:/usr/lib/x86_64-linux-gnu/gazebo-11/plugins:/opt/ros/humble/opt/rviz_ogre_vendor/lib:/opt/ros/humble/lib/x86_64-linux-gnu:/opt/ros/humble/lib /usr/bin/cmake --build /home/hello-robot/ament_ws/build/sound_play -- -j16 -l16
[1.910s] Invoking command in '/home/hello-robot/ament_ws/build/sound_play': CMAKE_PREFIX_PATH=/home/hello-robot/ament_ws/install/audio_common_msgs:/home/hello-robot/ament_ws/install/tf2_web_republisher:/home/hello-robot/ament_ws/install/stretch_web_teleop:/home/hello-robot/ament_ws/install/stretch_rtabmap:/home/hello-robot/ament_ws/install/stretch_nav2:/home/hello-robot/ament_ws/install/stretch_description:/home/hello-robot/ament_ws/install/speech_recognition_msgs:/home/hello-robot/ament_ws/install/sound_play_msgs:/home/hello-robot/ament_ws/install/audio_common:/home/hello-robot/ament_ws/install/sound_play:/home/hello-robot/ament_ws/install/sllidar_ros2:/home/hello-robot/ament_ws/install/rosbridge_test_msgs:/home/hello-robot/ament_ws/install/rosbridge_suite:/home/hello-robot/ament_ws/install/rosbridge_server:/home/hello-robot/ament_ws/install/rosbridge_msgs:/home/hello-robot/ament_ws/install/rosapi:/home/hello-robot/ament_ws/install/rosbridge_library:/home/hello-robot/ament_ws/install/rosapi_msgs:/home/hello-robot/ament_ws/install/ros2_numpy:/home/hello-robot/ament_ws/install/realsense2_description:/home/hello-robot/ament_ws/install/realsense2_camera:/home/hello-robot/ament_ws/install/realsense2_camera_msgs:/home/hello-robot/ament_ws/install/audio_play:/home/hello-robot/ament_ws/install/audio_capture:/home/hello-robot/ament_ws/install/tf2_web_republisher_py:/home/hello-robot/ament_ws/install/stretch_ros_tutorials:/home/hello-robot/ament_ws/install/stretch_funmap:/home/hello-robot/ament_ws/install/stretch_calibration:/home/hello-robot/ament_ws/install/stretch_demos:/home/hello-robot/ament_ws/install/stretch_deep_perception:/home/hello-robot/ament_ws/install/stretch_core:/home/hello-robot/ament_ws/install/respeaker_ros2:/home/hello-robot/ament_ws/install/hello_helpers:/opt/ros/humble LD_LIBRARY_PATH=/home/hello-robot/ament_ws/install/audio_common_msgs/lib:/home/hello-robot/ament_ws/install/tf2_web_republisher/lib:/home/hello-robot/ament_ws/install/speech_recognition_msgs/lib:/home/hello-robot/ament_ws/install/sound_play_msgs/lib:/home/hello-robot/ament_ws/install/rosbridge_test_msgs/lib:/home/hello-robot/ament_ws/install/rosbridge_msgs/lib:/home/hello-robot/ament_ws/install/rosapi_msgs/lib:/home/hello-robot/ament_ws/install/realsense2_camera/lib:/home/hello-robot/ament_ws/install/realsense2_camera_msgs/lib:/home/hello-robot/ament_ws/install/audio_play/lib:/home/hello-robot/ament_ws/install/audio_capture/lib:/usr/lib/x86_64-linux-gnu/gazebo-11/plugins:/opt/ros/humble/opt/rviz_ogre_vendor/lib:/opt/ros/humble/lib/x86_64-linux-gnu:/opt/ros/humble/lib /usr/bin/cmake --install /home/hello-robot/ament_ws/build/sound_play
[2.027s] -- Install configuration: "Release"
[2.028s] -- Up-to-date: /home/hello-robot/ament_ws/install/sound_play/share/sound_play/environment/pythonpath.sh
[2.028s] -- Up-to-date: /home/hello-robot/ament_ws/install/sound_play/share/sound_play/environment/pythonpath.dsv
[2.028s] -- Up-to-date: /home/hello-robot/ament_ws/install/sound_play/local/lib/python3.10/dist-packages/sound_play-0.3.12-py3.10.egg-info
[2.028s] -- Installing: /home/hello-robot/ament_ws/install/sound_play/local/lib/python3.10/dist-packages/sound_play-0.3.12-py3.10.egg-info/PKG-INFO
[2.029s] -- Installing: /home/hello-robot/ament_ws/install/sound_play/local/lib/python3.10/dist-packages/sound_play-0.3.12-py3.10.egg-info/dependency_links.txt
[2.029s] -- Installing: /home/hello-robot/ament_ws/install/sound_play/local/lib/python3.10/dist-packages/sound_play-0.3.12-py3.10.egg-info/top_level.txt
[2.029s] -- Installing: /home/hello-robot/ament_ws/install/sound_play/local/lib/python3.10/dist-packages/sound_play-0.3.12-py3.10.egg-info/SOURCES.txt
[2.029s] -- Up-to-date: /home/hello-robot/ament_ws/install/sound_play/local/lib/python3.10/dist-packages/sound_play
[2.029s] -- Up-to-date: /home/hello-robot/ament_ws/install/sound_play/local/lib/python3.10/dist-packages/sound_play/libsoundplay.py
[2.030s] -- Up-to-date: /home/hello-robot/ament_ws/install/sound_play/local/lib/python3.10/dist-packages/sound_play/__init__.py
[2.030s] Listing '/home/hello-robot/ament_ws/install/sound_play/local/lib/python3.10/dist-packages/sound_play'...
[2.030s] -- Up-to-date: /home/hello-robot/ament_ws/install/sound_play/lib/sound_play/is_speaking.py
[2.030s] -- Up-to-date: /home/hello-robot/ament_ws/install/sound_play/lib/sound_play/playbuiltin.py
[2.030s] -- Up-to-date: /home/hello-robot/ament_ws/install/sound_play/lib/sound_play/play.py
[2.030s] -- Up-to-date: /home/hello-robot/ament_ws/install/sound_play/lib/sound_play/say.py
[2.030s] -- Up-to-date: /home/hello-robot/ament_ws/install/sound_play/lib/sound_play/shutup.py
[2.031s] -- Up-to-date: /home/hello-robot/ament_ws/install/sound_play/lib/sound_play/soundplay_node.py
[2.031s] -- Up-to-date: /home/hello-robot/ament_ws/install/sound_play/include/sound_play
[2.031s] -- Up-to-date: /home/hello-robot/ament_ws/install/sound_play/include/sound_play/sound_play.h
[2.031s] -- Up-to-date: /home/hello-robot/ament_ws/install/sound_play/share/sound_play/launch
[2.032s] -- Up-to-date: /home/hello-robot/ament_ws/install/sound_play/share/sound_play/launch/soundplay_node.launch.xml
[2.032s] -- Up-to-date: /home/hello-robot/ament_ws/install/sound_play/share/sound_play/sounds
[2.032s] -- Up-to-date: /home/hello-robot/ament_ws/install/sound_play/share/sound_play/sounds/NEEDS_UNPLUGGING.ogg
[2.032s] -- Up-to-date: /home/hello-robot/ament_ws/install/sound_play/share/sound_play/sounds/NEEDS_PLUGGING_BADLY.ogg
[2.032s] -- Up-to-date: /home/hello-robot/ament_ws/install/sound_play/share/sound_play/sounds/say-beep.wav
[2.032s] -- Up-to-date: /home/hello-robot/ament_ws/install/sound_play/share/sound_play/sounds/NEEDS_UNPLUGGING_BADLY.ogg
[2.033s] -- Up-to-date: /home/hello-robot/ament_ws/install/sound_play/share/sound_play/sounds/NEEDS_PLUGGING.ogg
[2.033s] -- Up-to-date: /home/hello-robot/ament_ws/install/sound_play/share/sound_play/sounds/BACKINGUP.ogg
[2.033s] -- Up-to-date: /home/hello-robot/ament_ws/install/sound_play/share/ament_index/resource_index/package_run_dependencies/sound_play
[2.034s] -- Up-to-date: /home/hello-robot/ament_ws/install/sound_play/share/ament_index/resource_index/parent_prefix_path/sound_play
[2.034s] -- Up-to-date: /home/hello-robot/ament_ws/install/sound_play/share/sound_play/environment/ament_prefix_path.sh
[2.034s] -- Up-to-date: /home/hello-robot/ament_ws/install/sound_play/share/sound_play/environment/ament_prefix_path.dsv
[2.034s] -- Up-to-date: /home/hello-robot/ament_ws/install/sound_play/share/sound_play/environment/path.sh
[2.034s] -- Up-to-date: /home/hello-robot/ament_ws/install/sound_play/share/sound_play/environment/path.dsv
[2.034s] -- Up-to-date: /home/hello-robot/ament_ws/install/sound_play/share/sound_play/local_setup.bash
[2.034s] -- Up-to-date: /home/hello-robot/ament_ws/install/sound_play/share/sound_play/local_setup.sh
[2.035s] -- Up-to-date: /home/hello-robot/ament_ws/install/sound_play/share/sound_play/local_setup.zsh
[2.035s] -- Up-to-date: /home/hello-robot/ament_ws/install/sound_play/share/sound_play/local_setup.dsv
[2.035s] -- Installing: /home/hello-robot/ament_ws/install/sound_play/share/sound_play/package.dsv
[2.035s] -- Up-to-date: /home/hello-robot/ament_ws/install/sound_play/share/ament_index/resource_index/packages/sound_play
[2.036s] -- Up-to-date: /home/hello-robot/ament_ws/install/sound_play/share/sound_play/cmake/sound_playConfig.cmake
[2.036s] -- Up-to-date: /home/hello-robot/ament_ws/install/sound_play/share/sound_play/cmake/sound_playConfig-version.cmake
[2.036s] -- Up-to-date: /home/hello-robot/ament_ws/install/sound_play/share/sound_play/package.xml
[2.088s] Invoked command in '/home/hello-robot/ament_ws/build/sound_play' returned '0': CMAKE_PREFIX_PATH=/home/hello-robot/ament_ws/install/audio_common_msgs:/home/hello-robot/ament_ws/install/tf2_web_republisher:/home/hello-robot/ament_ws/install/stretch_web_teleop:/home/hello-robot/ament_ws/install/stretch_rtabmap:/home/hello-robot/ament_ws/install/stretch_nav2:/home/hello-robot/ament_ws/install/stretch_description:/home/hello-robot/ament_ws/install/speech_recognition_msgs:/home/hello-robot/ament_ws/install/sound_play_msgs:/home/hello-robot/ament_ws/install/audio_common:/home/hello-robot/ament_ws/install/sound_play:/home/hello-robot/ament_ws/install/sllidar_ros2:/home/hello-robot/ament_ws/install/rosbridge_test_msgs:/home/hello-robot/ament_ws/install/rosbridge_suite:/home/hello-robot/ament_ws/install/rosbridge_server:/home/hello-robot/ament_ws/install/rosbridge_msgs:/home/hello-robot/ament_ws/install/rosapi:/home/hello-robot/ament_ws/install/rosbridge_library:/home/hello-robot/ament_ws/install/rosapi_msgs:/home/hello-robot/ament_ws/install/ros2_numpy:/home/hello-robot/ament_ws/install/realsense2_description:/home/hello-robot/ament_ws/install/realsense2_camera:/home/hello-robot/ament_ws/install/realsense2_camera_msgs:/home/hello-robot/ament_ws/install/audio_play:/home/hello-robot/ament_ws/install/audio_capture:/home/hello-robot/ament_ws/install/tf2_web_republisher_py:/home/hello-robot/ament_ws/install/stretch_ros_tutorials:/home/hello-robot/ament_ws/install/stretch_funmap:/home/hello-robot/ament_ws/install/stretch_calibration:/home/hello-robot/ament_ws/install/stretch_demos:/home/hello-robot/ament_ws/install/stretch_deep_perception:/home/hello-robot/ament_ws/install/stretch_core:/home/hello-robot/ament_ws/install/respeaker_ros2:/home/hello-robot/ament_ws/install/hello_helpers:/opt/ros/humble LD_LIBRARY_PATH=/home/hello-robot/ament_ws/install/audio_common_msgs/lib:/home/hello-robot/ament_ws/install/tf2_web_republisher/lib:/home/hello-robot/ament_ws/install/speech_recognition_msgs/lib:/home/hello-robot/ament_ws/install/sound_play_msgs/lib:/home/hello-robot/ament_ws/install/rosbridge_test_msgs/lib:/home/hello-robot/ament_ws/install/rosbridge_msgs/lib:/home/hello-robot/ament_ws/install/rosapi_msgs/lib:/home/hello-robot/ament_ws/install/realsense2_camera/lib:/home/hello-robot/ament_ws/install/realsense2_camera_msgs/lib:/home/hello-robot/ament_ws/install/audio_play/lib:/home/hello-robot/ament_ws/install/audio_capture/lib:/usr/lib/x86_64-linux-gnu/gazebo-11/plugins:/opt/ros/humble/opt/rviz_ogre_vendor/lib:/opt/ros/humble/lib/x86_64-linux-gnu:/opt/ros/humble/lib /usr/bin/cmake --install /home/hello-robot/ament_ws/build/sound_play
