[3.008s] Invoking command in '/home/hello-robot/ament_ws/build/tf2_web_republisher': CMAKE_PREFIX_PATH=${CMAKE_PREFIX_PATH}:/home/hello-robot/ament_ws/install/tf2_web_republisher_py:/home/hello-robot/ament_ws/install/stretch_ros_tutorials:/home/hello-robot/ament_ws/install/stretch_funmap:/home/hello-robot/ament_ws/install/stretch_calibration:/home/hello-robot/ament_ws/install/stretch_demos:/home/hello-robot/ament_ws/install/stretch_deep_perception:/home/hello-robot/ament_ws/install/stretch_core:/home/hello-robot/ament_ws/install/respeaker_ros2:/home/hello-robot/ament_ws/install/hello_helpers:/opt/ros/humble /usr/bin/cmake --build /home/hello-robot/ament_ws/build/tf2_web_republisher -- -j16 -l16
[3.065s] [  2%] Built target tf2_web_republisher__cpp
[3.069s] [ 12%] Built target tf2_web_republisher__rosidl_generator_c
[3.082s] [ 12%] Built target ament_cmake_python_copy_tf2_web_republisher
[3.118s] [ 53%] Built target tf2_web_republisher__rosidl_typesupport_fastrtps_c
[3.118s] [ 53%] Built target tf2_web_republisher__rosidl_typesupport_c
[3.118s] [ 53%] Built target tf2_web_republisher__rosidl_typesupport_introspection_cpp
[3.118s] [ 55%] Built target tf2_web_republisher__rosidl_typesupport_fastrtps_cpp
[3.125s] [ 65%] Built target tf2_web_republisher__rosidl_typesupport_introspection_c
[3.127s] [ 76%] Built target tf2_web_republisher__rosidl_typesupport_cpp
[3.162s] [ 76%] Built target tf2_web_republisher
[3.194s] [ 78%] Built target tf2_web_republisher__py
[3.223s] [ 87%] Built target tf2_web_republisher__rosidl_generator_py
[3.248s] [ 91%] Built target tf2_web_republisher__rosidl_typesupport_fastrtps_c__pyext
[3.250s] [ 97%] Built target tf2_web_republisher__rosidl_typesupport_introspection_c__pyext
[3.251s] [100%] Built target tf2_web_republisher__rosidl_typesupport_c__pyext
[3.456s] running egg_info
[3.456s] writing tf2_web_republisher.egg-info/PKG-INFO
[3.456s] writing dependency_links to tf2_web_republisher.egg-info/dependency_links.txt
[3.456s] writing top-level names to tf2_web_republisher.egg-info/top_level.txt
[3.456s] reading manifest file 'tf2_web_republisher.egg-info/SOURCES.txt'
[3.456s] writing manifest file 'tf2_web_republisher.egg-info/SOURCES.txt'
[3.507s] [100%] Built target ament_cmake_python_build_tf2_web_republisher_egg
[3.838s] Invoked command in '/home/hello-robot/ament_ws/build/tf2_web_republisher' returned '0': CMAKE_PREFIX_PATH=${CMAKE_PREFIX_PATH}:/home/hello-robot/ament_ws/install/tf2_web_republisher_py:/home/hello-robot/ament_ws/install/stretch_ros_tutorials:/home/hello-robot/ament_ws/install/stretch_funmap:/home/hello-robot/ament_ws/install/stretch_calibration:/home/hello-robot/ament_ws/install/stretch_demos:/home/hello-robot/ament_ws/install/stretch_deep_perception:/home/hello-robot/ament_ws/install/stretch_core:/home/hello-robot/ament_ws/install/respeaker_ros2:/home/hello-robot/ament_ws/install/hello_helpers:/opt/ros/humble /usr/bin/cmake --build /home/hello-robot/ament_ws/build/tf2_web_republisher -- -j16 -l16
[4.481s] Invoking command in '/home/hello-robot/ament_ws/build/tf2_web_republisher': CMAKE_PREFIX_PATH=${CMAKE_PREFIX_PATH}:/home/hello-robot/ament_ws/install/tf2_web_republisher_py:/home/hello-robot/ament_ws/install/stretch_ros_tutorials:/home/hello-robot/ament_ws/install/stretch_funmap:/home/hello-robot/ament_ws/install/stretch_calibration:/home/hello-robot/ament_ws/install/stretch_demos:/home/hello-robot/ament_ws/install/stretch_deep_perception:/home/hello-robot/ament_ws/install/stretch_core:/home/hello-robot/ament_ws/install/respeaker_ros2:/home/hello-robot/ament_ws/install/hello_helpers:/opt/ros/humble /usr/bin/cmake --install /home/hello-robot/ament_ws/build/tf2_web_republisher
[4.614s] -- Install configuration: "Release"
[4.615s] -- Up-to-date: /home/hello-robot/ament_ws/install/tf2_web_republisher/share/ament_index/resource_index/rosidl_interfaces/tf2_web_republisher
[4.615s] -- Up-to-date: /home/hello-robot/ament_ws/install/tf2_web_republisher/include/tf2_web_republisher/tf2_web_republisher
[4.615s] -- Up-to-date: /home/hello-robot/ament_ws/install/tf2_web_republisher/include/tf2_web_republisher/tf2_web_republisher/action
[4.615s] -- Up-to-date: /home/hello-robot/ament_ws/install/tf2_web_republisher/include/tf2_web_republisher/tf2_web_republisher/action/detail
[4.615s] -- Up-to-date: /home/hello-robot/ament_ws/install/tf2_web_republisher/include/tf2_web_republisher/tf2_web_republisher/action/detail/tf_subscription__functions.c
[4.615s] -- Up-to-date: /home/hello-robot/ament_ws/install/tf2_web_republisher/include/tf2_web_republisher/tf2_web_republisher/action/detail/tf_subscription__struct.h
[4.615s] -- Up-to-date: /home/hello-robot/ament_ws/install/tf2_web_republisher/include/tf2_web_republisher/tf2_web_republisher/action/detail/tf_subscription__type_support.h
[4.615s] -- Up-to-date: /home/hello-robot/ament_ws/install/tf2_web_republisher/include/tf2_web_republisher/tf2_web_republisher/action/detail/tf_subscription__functions.h
[4.615s] -- Up-to-date: /home/hello-robot/ament_ws/install/tf2_web_republisher/include/tf2_web_republisher/tf2_web_republisher/action/tf_subscription.h
[4.615s] -- Up-to-date: /home/hello-robot/ament_ws/install/tf2_web_republisher/include/tf2_web_republisher/tf2_web_republisher/srv
[4.615s] -- Up-to-date: /home/hello-robot/ament_ws/install/tf2_web_republisher/include/tf2_web_republisher/tf2_web_republisher/srv/republish_t_fs.h
[4.615s] -- Up-to-date: /home/hello-robot/ament_ws/install/tf2_web_republisher/include/tf2_web_republisher/tf2_web_republisher/srv/detail
[4.615s] -- Up-to-date: /home/hello-robot/ament_ws/install/tf2_web_republisher/include/tf2_web_republisher/tf2_web_republisher/srv/detail/republish_t_fs__functions.h
[4.615s] -- Up-to-date: /home/hello-robot/ament_ws/install/tf2_web_republisher/include/tf2_web_republisher/tf2_web_republisher/srv/detail/republish_t_fs__functions.c
[4.615s] -- Up-to-date: /home/hello-robot/ament_ws/install/tf2_web_republisher/include/tf2_web_republisher/tf2_web_republisher/srv/detail/republish_t_fs__struct.h
[4.615s] -- Up-to-date: /home/hello-robot/ament_ws/install/tf2_web_republisher/include/tf2_web_republisher/tf2_web_republisher/srv/detail/republish_t_fs__type_support.h
[4.615s] -- Up-to-date: /home/hello-robot/ament_ws/install/tf2_web_republisher/include/tf2_web_republisher/tf2_web_republisher/msg
[4.616s] -- Up-to-date: /home/hello-robot/ament_ws/install/tf2_web_republisher/include/tf2_web_republisher/tf2_web_republisher/msg/tf_array.h
[4.616s] -- Up-to-date: /home/hello-robot/ament_ws/install/tf2_web_republisher/include/tf2_web_republisher/tf2_web_republisher/msg/rosidl_generator_c__visibility_control.h
[4.616s] -- Up-to-date: /home/hello-robot/ament_ws/install/tf2_web_republisher/include/tf2_web_republisher/tf2_web_republisher/msg/detail
[4.616s] -- Up-to-date: /home/hello-robot/ament_ws/install/tf2_web_republisher/include/tf2_web_republisher/tf2_web_republisher/msg/detail/tf_array__functions.c
[4.616s] -- Up-to-date: /home/hello-robot/ament_ws/install/tf2_web_republisher/include/tf2_web_republisher/tf2_web_republisher/msg/detail/tf_array__functions.h
[4.616s] -- Up-to-date: /home/hello-robot/ament_ws/install/tf2_web_republisher/include/tf2_web_republisher/tf2_web_republisher/msg/detail/tf_array__type_support.h
[4.616s] -- Up-to-date: /home/hello-robot/ament_ws/install/tf2_web_republisher/include/tf2_web_republisher/tf2_web_republisher/msg/detail/tf_array__struct.h
[4.616s] -- Up-to-date: /home/hello-robot/ament_ws/install/tf2_web_republisher/share/tf2_web_republisher/environment/library_path.sh
[4.617s] -- Up-to-date: /home/hello-robot/ament_ws/install/tf2_web_republisher/share/tf2_web_republisher/environment/library_path.dsv
[4.617s] -- Up-to-date: /home/hello-robot/ament_ws/install/tf2_web_republisher/lib/libtf2_web_republisher__rosidl_generator_c.so
[4.617s] -- Up-to-date: /home/hello-robot/ament_ws/install/tf2_web_republisher/include/tf2_web_republisher/tf2_web_republisher
[4.617s] -- Up-to-date: /home/hello-robot/ament_ws/install/tf2_web_republisher/include/tf2_web_republisher/tf2_web_republisher/action
[4.617s] -- Up-to-date: /home/hello-robot/ament_ws/install/tf2_web_republisher/include/tf2_web_republisher/tf2_web_republisher/action/detail
[4.617s] -- Up-to-date: /home/hello-robot/ament_ws/install/tf2_web_republisher/include/tf2_web_republisher/tf2_web_republisher/action/detail/tf_subscription__rosidl_typesupport_fastrtps_c.h
[4.617s] -- Up-to-date: /home/hello-robot/ament_ws/install/tf2_web_republisher/include/tf2_web_republisher/tf2_web_republisher/srv
[4.618s] -- Up-to-date: /home/hello-robot/ament_ws/install/tf2_web_republisher/include/tf2_web_republisher/tf2_web_republisher/srv/detail
[4.618s] -- Up-to-date: /home/hello-robot/ament_ws/install/tf2_web_republisher/include/tf2_web_republisher/tf2_web_republisher/srv/detail/republish_t_fs__rosidl_typesupport_fastrtps_c.h
[4.618s] -- Up-to-date: /home/hello-robot/ament_ws/install/tf2_web_republisher/include/tf2_web_republisher/tf2_web_republisher/msg
[4.618s] -- Up-to-date: /home/hello-robot/ament_ws/install/tf2_web_republisher/include/tf2_web_republisher/tf2_web_republisher/msg/rosidl_typesupport_fastrtps_c__visibility_control.h
[4.618s] -- Up-to-date: /home/hello-robot/ament_ws/install/tf2_web_republisher/include/tf2_web_republisher/tf2_web_republisher/msg/detail
[4.618s] -- Up-to-date: /home/hello-robot/ament_ws/install/tf2_web_republisher/include/tf2_web_republisher/tf2_web_republisher/msg/detail/tf_array__rosidl_typesupport_fastrtps_c.h
[4.618s] -- Up-to-date: /home/hello-robot/ament_ws/install/tf2_web_republisher/lib/libtf2_web_republisher__rosidl_typesupport_fastrtps_c.so
[4.618s] -- Up-to-date: /home/hello-robot/ament_ws/install/tf2_web_republisher/include/tf2_web_republisher/tf2_web_republisher
[4.618s] -- Up-to-date: /home/hello-robot/ament_ws/install/tf2_web_republisher/include/tf2_web_republisher/tf2_web_republisher/action
[4.618s] -- Up-to-date: /home/hello-robot/ament_ws/install/tf2_web_republisher/include/tf2_web_republisher/tf2_web_republisher/action/detail
[4.618s] -- Up-to-date: /home/hello-robot/ament_ws/install/tf2_web_republisher/include/tf2_web_republisher/tf2_web_republisher/action/detail/tf_subscription__rosidl_typesupport_introspection_c.h
[4.618s] -- Up-to-date: /home/hello-robot/ament_ws/install/tf2_web_republisher/include/tf2_web_republisher/tf2_web_republisher/action/detail/tf_subscription__type_support.c
[4.618s] -- Up-to-date: /home/hello-robot/ament_ws/install/tf2_web_republisher/include/tf2_web_republisher/tf2_web_republisher/srv
[4.619s] -- Up-to-date: /home/hello-robot/ament_ws/install/tf2_web_republisher/include/tf2_web_republisher/tf2_web_republisher/srv/detail
[4.619s] -- Up-to-date: /home/hello-robot/ament_ws/install/tf2_web_republisher/include/tf2_web_republisher/tf2_web_republisher/srv/detail/republish_t_fs__type_support.c
[4.619s] -- Up-to-date: /home/hello-robot/ament_ws/install/tf2_web_republisher/include/tf2_web_republisher/tf2_web_republisher/srv/detail/republish_t_fs__rosidl_typesupport_introspection_c.h
[4.619s] -- Up-to-date: /home/hello-robot/ament_ws/install/tf2_web_republisher/include/tf2_web_republisher/tf2_web_republisher/msg
[4.619s] -- Up-to-date: /home/hello-robot/ament_ws/install/tf2_web_republisher/include/tf2_web_republisher/tf2_web_republisher/msg/detail
[4.619s] -- Up-to-date: /home/hello-robot/ament_ws/install/tf2_web_republisher/include/tf2_web_republisher/tf2_web_republisher/msg/detail/tf_array__rosidl_typesupport_introspection_c.h
[4.619s] -- Up-to-date: /home/hello-robot/ament_ws/install/tf2_web_republisher/include/tf2_web_republisher/tf2_web_republisher/msg/detail/tf_array__type_support.c
[4.620s] -- Up-to-date: /home/hello-robot/ament_ws/install/tf2_web_republisher/include/tf2_web_republisher/tf2_web_republisher/msg/rosidl_typesupport_introspection_c__visibility_control.h
[4.620s] -- Up-to-date: /home/hello-robot/ament_ws/install/tf2_web_republisher/lib/libtf2_web_republisher__rosidl_typesupport_introspection_c.so
[4.621s] -- Up-to-date: /home/hello-robot/ament_ws/install/tf2_web_republisher/lib/libtf2_web_republisher__rosidl_typesupport_c.so
[4.621s] -- Up-to-date: /home/hello-robot/ament_ws/install/tf2_web_republisher/include/tf2_web_republisher/tf2_web_republisher
[4.621s] -- Up-to-date: /home/hello-robot/ament_ws/install/tf2_web_republisher/include/tf2_web_republisher/tf2_web_republisher/action
[4.621s] -- Up-to-date: /home/hello-robot/ament_ws/install/tf2_web_republisher/include/tf2_web_republisher/tf2_web_republisher/action/detail
[4.621s] -- Up-to-date: /home/hello-robot/ament_ws/install/tf2_web_republisher/include/tf2_web_republisher/tf2_web_republisher/action/detail/tf_subscription__builder.hpp
[4.622s] -- Up-to-date: /home/hello-robot/ament_ws/install/tf2_web_republisher/include/tf2_web_republisher/tf2_web_republisher/action/detail/tf_subscription__traits.hpp
[4.622s] -- Up-to-date: /home/hello-robot/ament_ws/install/tf2_web_republisher/include/tf2_web_republisher/tf2_web_republisher/action/detail/tf_subscription__struct.hpp
[4.622s] -- Up-to-date: /home/hello-robot/ament_ws/install/tf2_web_republisher/include/tf2_web_republisher/tf2_web_republisher/action/tf_subscription.hpp
[4.622s] -- Up-to-date: /home/hello-robot/ament_ws/install/tf2_web_republisher/include/tf2_web_republisher/tf2_web_republisher/srv
[4.622s] -- Up-to-date: /home/hello-robot/ament_ws/install/tf2_web_republisher/include/tf2_web_republisher/tf2_web_republisher/srv/detail
[4.622s] -- Up-to-date: /home/hello-robot/ament_ws/install/tf2_web_republisher/include/tf2_web_republisher/tf2_web_republisher/srv/detail/republish_t_fs__struct.hpp
[4.622s] -- Up-to-date: /home/hello-robot/ament_ws/install/tf2_web_republisher/include/tf2_web_republisher/tf2_web_republisher/srv/detail/republish_t_fs__traits.hpp
[4.622s] -- Up-to-date: /home/hello-robot/ament_ws/install/tf2_web_republisher/include/tf2_web_republisher/tf2_web_republisher/srv/detail/republish_t_fs__builder.hpp
[4.622s] -- Up-to-date: /home/hello-robot/ament_ws/install/tf2_web_republisher/include/tf2_web_republisher/tf2_web_republisher/srv/republish_t_fs.hpp
[4.622s] -- Up-to-date: /home/hello-robot/ament_ws/install/tf2_web_republisher/include/tf2_web_republisher/tf2_web_republisher/msg
[4.623s] -- Up-to-date: /home/hello-robot/ament_ws/install/tf2_web_republisher/include/tf2_web_republisher/tf2_web_republisher/msg/detail
[4.623s] -- Up-to-date: /home/hello-robot/ament_ws/install/tf2_web_republisher/include/tf2_web_republisher/tf2_web_republisher/msg/detail/tf_array__struct.hpp
[4.623s] -- Up-to-date: /home/hello-robot/ament_ws/install/tf2_web_republisher/include/tf2_web_republisher/tf2_web_republisher/msg/detail/tf_array__traits.hpp
[4.623s] -- Up-to-date: /home/hello-robot/ament_ws/install/tf2_web_republisher/include/tf2_web_republisher/tf2_web_republisher/msg/detail/tf_array__builder.hpp
[4.623s] -- Up-to-date: /home/hello-robot/ament_ws/install/tf2_web_republisher/include/tf2_web_republisher/tf2_web_republisher/msg/tf_array.hpp
[4.623s] -- Up-to-date: /home/hello-robot/ament_ws/install/tf2_web_republisher/include/tf2_web_republisher/tf2_web_republisher
[4.623s] -- Up-to-date: /home/hello-robot/ament_ws/install/tf2_web_republisher/include/tf2_web_republisher/tf2_web_republisher/action
[4.623s] -- Up-to-date: /home/hello-robot/ament_ws/install/tf2_web_republisher/include/tf2_web_republisher/tf2_web_republisher/action/detail
[4.623s] -- Up-to-date: /home/hello-robot/ament_ws/install/tf2_web_republisher/include/tf2_web_republisher/tf2_web_republisher/action/detail/dds_fastrtps
[4.623s] -- Up-to-date: /home/hello-robot/ament_ws/install/tf2_web_republisher/include/tf2_web_republisher/tf2_web_republisher/action/detail/tf_subscription__rosidl_typesupport_fastrtps_cpp.hpp
[4.624s] -- Up-to-date: /home/hello-robot/ament_ws/install/tf2_web_republisher/include/tf2_web_republisher/tf2_web_republisher/srv
[4.624s] -- Up-to-date: /home/hello-robot/ament_ws/install/tf2_web_republisher/include/tf2_web_republisher/tf2_web_republisher/srv/detail
[4.624s] -- Up-to-date: /home/hello-robot/ament_ws/install/tf2_web_republisher/include/tf2_web_republisher/tf2_web_republisher/srv/detail/republish_t_fs__rosidl_typesupport_fastrtps_cpp.hpp
[4.624s] -- Up-to-date: /home/hello-robot/ament_ws/install/tf2_web_republisher/include/tf2_web_republisher/tf2_web_republisher/srv/detail/dds_fastrtps
[4.624s] -- Up-to-date: /home/hello-robot/ament_ws/install/tf2_web_republisher/include/tf2_web_republisher/tf2_web_republisher/msg
[4.624s] -- Up-to-date: /home/hello-robot/ament_ws/install/tf2_web_republisher/include/tf2_web_republisher/tf2_web_republisher/msg/detail
[4.624s] -- Up-to-date: /home/hello-robot/ament_ws/install/tf2_web_republisher/include/tf2_web_republisher/tf2_web_republisher/msg/detail/tf_array__rosidl_typesupport_fastrtps_cpp.hpp
[4.624s] -- Up-to-date: /home/hello-robot/ament_ws/install/tf2_web_republisher/include/tf2_web_republisher/tf2_web_republisher/msg/detail/dds_fastrtps
[4.624s] -- Up-to-date: /home/hello-robot/ament_ws/install/tf2_web_republisher/include/tf2_web_republisher/tf2_web_republisher/msg/rosidl_typesupport_fastrtps_cpp__visibility_control.h
[4.624s] -- Up-to-date: /home/hello-robot/ament_ws/install/tf2_web_republisher/lib/libtf2_web_republisher__rosidl_typesupport_fastrtps_cpp.so
[4.624s] -- Up-to-date: /home/hello-robot/ament_ws/install/tf2_web_republisher/include/tf2_web_republisher/tf2_web_republisher
[4.625s] -- Up-to-date: /home/hello-robot/ament_ws/install/tf2_web_republisher/include/tf2_web_republisher/tf2_web_republisher/action
[4.625s] -- Up-to-date: /home/hello-robot/ament_ws/install/tf2_web_republisher/include/tf2_web_republisher/tf2_web_republisher/action/detail
[4.625s] -- Up-to-date: /home/hello-robot/ament_ws/install/tf2_web_republisher/include/tf2_web_republisher/tf2_web_republisher/action/detail/tf_subscription__type_support.cpp
[4.625s] -- Up-to-date: /home/hello-robot/ament_ws/install/tf2_web_republisher/include/tf2_web_republisher/tf2_web_republisher/action/detail/tf_subscription__rosidl_typesupport_introspection_cpp.hpp
[4.625s] -- Up-to-date: /home/hello-robot/ament_ws/install/tf2_web_republisher/include/tf2_web_republisher/tf2_web_republisher/srv
[4.625s] -- Up-to-date: /home/hello-robot/ament_ws/install/tf2_web_republisher/include/tf2_web_republisher/tf2_web_republisher/srv/detail
[4.625s] -- Up-to-date: /home/hello-robot/ament_ws/install/tf2_web_republisher/include/tf2_web_republisher/tf2_web_republisher/srv/detail/republish_t_fs__rosidl_typesupport_introspection_cpp.hpp
[4.625s] -- Up-to-date: /home/hello-robot/ament_ws/install/tf2_web_republisher/include/tf2_web_republisher/tf2_web_republisher/srv/detail/republish_t_fs__type_support.cpp
[4.625s] -- Up-to-date: /home/hello-robot/ament_ws/install/tf2_web_republisher/include/tf2_web_republisher/tf2_web_republisher/msg
[4.625s] -- Up-to-date: /home/hello-robot/ament_ws/install/tf2_web_republisher/include/tf2_web_republisher/tf2_web_republisher/msg/detail
[4.625s] -- Up-to-date: /home/hello-robot/ament_ws/install/tf2_web_republisher/include/tf2_web_republisher/tf2_web_republisher/msg/detail/tf_array__type_support.cpp
[4.625s] -- Up-to-date: /home/hello-robot/ament_ws/install/tf2_web_republisher/include/tf2_web_republisher/tf2_web_republisher/msg/detail/tf_array__rosidl_typesupport_introspection_cpp.hpp
[4.625s] -- Up-to-date: /home/hello-robot/ament_ws/install/tf2_web_republisher/lib/libtf2_web_republisher__rosidl_typesupport_introspection_cpp.so
[4.626s] -- Up-to-date: /home/hello-robot/ament_ws/install/tf2_web_republisher/lib/libtf2_web_republisher__rosidl_typesupport_cpp.so
[4.626s] -- Up-to-date: /home/hello-robot/ament_ws/install/tf2_web_republisher/share/tf2_web_republisher/environment/pythonpath.sh
[4.626s] -- Up-to-date: /home/hello-robot/ament_ws/install/tf2_web_republisher/share/tf2_web_republisher/environment/pythonpath.dsv
[4.626s] -- Up-to-date: /home/hello-robot/ament_ws/install/tf2_web_republisher/local/lib/python3.10/dist-packages/tf2_web_republisher-0.0.0-py3.10.egg-info
[4.626s] -- Installing: /home/hello-robot/ament_ws/install/tf2_web_republisher/local/lib/python3.10/dist-packages/tf2_web_republisher-0.0.0-py3.10.egg-info/PKG-INFO
[4.626s] -- Installing: /home/hello-robot/ament_ws/install/tf2_web_republisher/local/lib/python3.10/dist-packages/tf2_web_republisher-0.0.0-py3.10.egg-info/dependency_links.txt
[4.626s] -- Installing: /home/hello-robot/ament_ws/install/tf2_web_republisher/local/lib/python3.10/dist-packages/tf2_web_republisher-0.0.0-py3.10.egg-info/top_level.txt
[4.626s] -- Installing: /home/hello-robot/ament_ws/install/tf2_web_republisher/local/lib/python3.10/dist-packages/tf2_web_republisher-0.0.0-py3.10.egg-info/SOURCES.txt
[4.626s] -- Up-to-date: /home/hello-robot/ament_ws/install/tf2_web_republisher/local/lib/python3.10/dist-packages/tf2_web_republisher
[4.626s] -- Up-to-date: /home/hello-robot/ament_ws/install/tf2_web_republisher/local/lib/python3.10/dist-packages/tf2_web_republisher/tf2_web_republisher_s__rosidl_typesupport_introspection_c.cpython-310-x86_64-linux-gnu.so
[4.626s] -- Up-to-date: /home/hello-robot/ament_ws/install/tf2_web_republisher/local/lib/python3.10/dist-packages/tf2_web_republisher/_tf2_web_republisher_s.ep.rosidl_typesupport_c.c
[4.626s] -- Up-to-date: /home/hello-robot/ament_ws/install/tf2_web_republisher/local/lib/python3.10/dist-packages/tf2_web_republisher/action
[4.626s] -- Up-to-date: /home/hello-robot/ament_ws/install/tf2_web_republisher/local/lib/python3.10/dist-packages/tf2_web_republisher/action/_tf_subscription_s.c
[4.627s] -- Up-to-date: /home/hello-robot/ament_ws/install/tf2_web_republisher/local/lib/python3.10/dist-packages/tf2_web_republisher/action/_tf_subscription.py
[4.627s] -- Up-to-date: /home/hello-robot/ament_ws/install/tf2_web_republisher/local/lib/python3.10/dist-packages/tf2_web_republisher/action/__init__.py
[4.627s] -- Up-to-date: /home/hello-robot/ament_ws/install/tf2_web_republisher/local/lib/python3.10/dist-packages/tf2_web_republisher/srv
[4.627s] -- Up-to-date: /home/hello-robot/ament_ws/install/tf2_web_republisher/local/lib/python3.10/dist-packages/tf2_web_republisher/srv/_republish_t_fs_s.c
[4.627s] -- Up-to-date: /home/hello-robot/ament_ws/install/tf2_web_republisher/local/lib/python3.10/dist-packages/tf2_web_republisher/srv/_republish_t_fs.py
[4.627s] -- Up-to-date: /home/hello-robot/ament_ws/install/tf2_web_republisher/local/lib/python3.10/dist-packages/tf2_web_republisher/srv/__init__.py
[4.627s] -- Up-to-date: /home/hello-robot/ament_ws/install/tf2_web_republisher/local/lib/python3.10/dist-packages/tf2_web_republisher/_tf2_web_republisher_s.ep.rosidl_typesupport_introspection_c.c
[4.627s] -- Up-to-date: /home/hello-robot/ament_ws/install/tf2_web_republisher/local/lib/python3.10/dist-packages/tf2_web_republisher/tf2_web_republisher_s__rosidl_typesupport_c.cpython-310-x86_64-linux-gnu.so
[4.627s] -- Up-to-date: /home/hello-robot/ament_ws/install/tf2_web_republisher/local/lib/python3.10/dist-packages/tf2_web_republisher/tf2_web_republisher_s__rosidl_typesupport_fastrtps_c.cpython-310-x86_64-linux-gnu.so
[4.627s] -- Up-to-date: /home/hello-robot/ament_ws/install/tf2_web_republisher/local/lib/python3.10/dist-packages/tf2_web_republisher/msg
[4.627s] -- Up-to-date: /home/hello-robot/ament_ws/install/tf2_web_republisher/local/lib/python3.10/dist-packages/tf2_web_republisher/msg/_tf_array_s.c
[4.627s] -- Up-to-date: /home/hello-robot/ament_ws/install/tf2_web_republisher/local/lib/python3.10/dist-packages/tf2_web_republisher/msg/_tf_array.py
[4.627s] -- Up-to-date: /home/hello-robot/ament_ws/install/tf2_web_republisher/local/lib/python3.10/dist-packages/tf2_web_republisher/msg/__init__.py
[4.627s] -- Up-to-date: /home/hello-robot/ament_ws/install/tf2_web_republisher/local/lib/python3.10/dist-packages/tf2_web_republisher/libtf2_web_republisher__rosidl_generator_py.so
[4.628s] -- Up-to-date: /home/hello-robot/ament_ws/install/tf2_web_republisher/local/lib/python3.10/dist-packages/tf2_web_republisher/__init__.py
[4.628s] -- Up-to-date: /home/hello-robot/ament_ws/install/tf2_web_republisher/local/lib/python3.10/dist-packages/tf2_web_republisher/_tf2_web_republisher_s.ep.rosidl_typesupport_fastrtps_c.c
[4.688s] Listing '/home/hello-robot/ament_ws/install/tf2_web_republisher/local/lib/python3.10/dist-packages/tf2_web_republisher'...
[4.688s] Listing '/home/hello-robot/ament_ws/install/tf2_web_republisher/local/lib/python3.10/dist-packages/tf2_web_republisher/action'...
[4.689s] Listing '/home/hello-robot/ament_ws/install/tf2_web_republisher/local/lib/python3.10/dist-packages/tf2_web_republisher/msg'...
[4.689s] Listing '/home/hello-robot/ament_ws/install/tf2_web_republisher/local/lib/python3.10/dist-packages/tf2_web_republisher/srv'...
[4.689s] -- Up-to-date: /home/hello-robot/ament_ws/install/tf2_web_republisher/local/lib/python3.10/dist-packages/tf2_web_republisher/tf2_web_republisher_s__rosidl_typesupport_fastrtps_c.cpython-310-x86_64-linux-gnu.so
[4.689s] -- Up-to-date: /home/hello-robot/ament_ws/install/tf2_web_republisher/local/lib/python3.10/dist-packages/tf2_web_republisher/tf2_web_republisher_s__rosidl_typesupport_introspection_c.cpython-310-x86_64-linux-gnu.so
[4.689s] -- Up-to-date: /home/hello-robot/ament_ws/install/tf2_web_republisher/local/lib/python3.10/dist-packages/tf2_web_republisher/tf2_web_republisher_s__rosidl_typesupport_c.cpython-310-x86_64-linux-gnu.so
[4.689s] -- Up-to-date: /home/hello-robot/ament_ws/install/tf2_web_republisher/lib/libtf2_web_republisher__rosidl_generator_py.so
[4.689s] -- Up-to-date: /home/hello-robot/ament_ws/install/tf2_web_republisher/share/tf2_web_republisher/msg/TFArray.idl
[4.689s] -- Up-to-date: /home/hello-robot/ament_ws/install/tf2_web_republisher/share/tf2_web_republisher/srv/RepublishTFs.idl
[4.690s] -- Up-to-date: /home/hello-robot/ament_ws/install/tf2_web_republisher/share/tf2_web_republisher/action/TFSubscription.idl
[4.690s] -- Up-to-date: /home/hello-robot/ament_ws/install/tf2_web_republisher/share/tf2_web_republisher/msg/TFArray.msg
[4.690s] -- Up-to-date: /home/hello-robot/ament_ws/install/tf2_web_republisher/share/tf2_web_republisher/srv/RepublishTFs.srv
[4.690s] -- Up-to-date: /home/hello-robot/ament_ws/install/tf2_web_republisher/share/tf2_web_republisher/srv/RepublishTFs_Request.msg
[4.690s] -- Up-to-date: /home/hello-robot/ament_ws/install/tf2_web_republisher/share/tf2_web_republisher/srv/RepublishTFs_Response.msg
[4.690s] -- Up-to-date: /home/hello-robot/ament_ws/install/tf2_web_republisher/share/tf2_web_republisher/action/TFSubscription.action
[4.691s] -- Up-to-date: /home/hello-robot/ament_ws/install/tf2_web_republisher/share/ament_index/resource_index/package_run_dependencies/tf2_web_republisher
[4.691s] -- Up-to-date: /home/hello-robot/ament_ws/install/tf2_web_republisher/share/ament_index/resource_index/parent_prefix_path/tf2_web_republisher
[4.691s] -- Up-to-date: /home/hello-robot/ament_ws/install/tf2_web_republisher/share/tf2_web_republisher/environment/ament_prefix_path.sh
[4.691s] -- Up-to-date: /home/hello-robot/ament_ws/install/tf2_web_republisher/share/tf2_web_republisher/environment/ament_prefix_path.dsv
[4.692s] -- Up-to-date: /home/hello-robot/ament_ws/install/tf2_web_republisher/share/tf2_web_republisher/environment/path.sh
[4.692s] -- Up-to-date: /home/hello-robot/ament_ws/install/tf2_web_republisher/share/tf2_web_republisher/environment/path.dsv
[4.693s] -- Up-to-date: /home/hello-robot/ament_ws/install/tf2_web_republisher/share/tf2_web_republisher/local_setup.bash
[4.693s] -- Up-to-date: /home/hello-robot/ament_ws/install/tf2_web_republisher/share/tf2_web_republisher/local_setup.sh
[4.693s] -- Up-to-date: /home/hello-robot/ament_ws/install/tf2_web_republisher/share/tf2_web_republisher/local_setup.zsh
[4.694s] -- Up-to-date: /home/hello-robot/ament_ws/install/tf2_web_republisher/share/tf2_web_republisher/local_setup.dsv
[4.694s] -- Installing: /home/hello-robot/ament_ws/install/tf2_web_republisher/share/tf2_web_republisher/package.dsv
[4.694s] -- Up-to-date: /home/hello-robot/ament_ws/install/tf2_web_republisher/share/ament_index/resource_index/packages/tf2_web_republisher
[4.694s] -- Up-to-date: /home/hello-robot/ament_ws/install/tf2_web_republisher/share/tf2_web_republisher/cmake/export_tf2_web_republisher__rosidl_generator_cExport.cmake
[4.695s] -- Up-to-date: /home/hello-robot/ament_ws/install/tf2_web_republisher/share/tf2_web_republisher/cmake/export_tf2_web_republisher__rosidl_generator_cExport-release.cmake
[4.695s] -- Up-to-date: /home/hello-robot/ament_ws/install/tf2_web_republisher/share/tf2_web_republisher/cmake/export_tf2_web_republisher__rosidl_typesupport_fastrtps_cExport.cmake
[4.695s] -- Up-to-date: /home/hello-robot/ament_ws/install/tf2_web_republisher/share/tf2_web_republisher/cmake/export_tf2_web_republisher__rosidl_typesupport_fastrtps_cExport-release.cmake
[4.696s] -- Up-to-date: /home/hello-robot/ament_ws/install/tf2_web_republisher/share/tf2_web_republisher/cmake/tf2_web_republisher__rosidl_typesupport_introspection_cExport.cmake
[4.696s] -- Up-to-date: /home/hello-robot/ament_ws/install/tf2_web_republisher/share/tf2_web_republisher/cmake/tf2_web_republisher__rosidl_typesupport_introspection_cExport-release.cmake
[4.696s] -- Up-to-date: /home/hello-robot/ament_ws/install/tf2_web_republisher/share/tf2_web_republisher/cmake/tf2_web_republisher__rosidl_typesupport_cExport.cmake
[4.696s] -- Up-to-date: /home/hello-robot/ament_ws/install/tf2_web_republisher/share/tf2_web_republisher/cmake/tf2_web_republisher__rosidl_typesupport_cExport-release.cmake
[4.696s] -- Up-to-date: /home/hello-robot/ament_ws/install/tf2_web_republisher/share/tf2_web_republisher/cmake/export_tf2_web_republisher__rosidl_generator_cppExport.cmake
[4.696s] -- Up-to-date: /home/hello-robot/ament_ws/install/tf2_web_republisher/share/tf2_web_republisher/cmake/export_tf2_web_republisher__rosidl_typesupport_fastrtps_cppExport.cmake
[4.697s] -- Up-to-date: /home/hello-robot/ament_ws/install/tf2_web_republisher/share/tf2_web_republisher/cmake/export_tf2_web_republisher__rosidl_typesupport_fastrtps_cppExport-release.cmake
[4.697s] -- Up-to-date: /home/hello-robot/ament_ws/install/tf2_web_republisher/share/tf2_web_republisher/cmake/tf2_web_republisher__rosidl_typesupport_introspection_cppExport.cmake
[4.697s] -- Up-to-date: /home/hello-robot/ament_ws/install/tf2_web_republisher/share/tf2_web_republisher/cmake/tf2_web_republisher__rosidl_typesupport_introspection_cppExport-release.cmake
[4.697s] -- Up-to-date: /home/hello-robot/ament_ws/install/tf2_web_republisher/share/tf2_web_republisher/cmake/tf2_web_republisher__rosidl_typesupport_cppExport.cmake
[4.697s] -- Up-to-date: /home/hello-robot/ament_ws/install/tf2_web_republisher/share/tf2_web_republisher/cmake/tf2_web_republisher__rosidl_typesupport_cppExport-release.cmake
[4.698s] -- Up-to-date: /home/hello-robot/ament_ws/install/tf2_web_republisher/share/tf2_web_republisher/cmake/export_tf2_web_republisher__rosidl_generator_pyExport.cmake
[4.698s] -- Up-to-date: /home/hello-robot/ament_ws/install/tf2_web_republisher/share/tf2_web_republisher/cmake/export_tf2_web_republisher__rosidl_generator_pyExport-release.cmake
[4.698s] -- Up-to-date: /home/hello-robot/ament_ws/install/tf2_web_republisher/share/tf2_web_republisher/cmake/rosidl_cmake-extras.cmake
[4.698s] -- Up-to-date: /home/hello-robot/ament_ws/install/tf2_web_republisher/share/tf2_web_republisher/cmake/ament_cmake_export_dependencies-extras.cmake
[4.699s] -- Up-to-date: /home/hello-robot/ament_ws/install/tf2_web_republisher/share/tf2_web_republisher/cmake/ament_cmake_export_include_directories-extras.cmake
[4.699s] -- Up-to-date: /home/hello-robot/ament_ws/install/tf2_web_republisher/share/tf2_web_republisher/cmake/ament_cmake_export_libraries-extras.cmake
[4.699s] -- Up-to-date: /home/hello-robot/ament_ws/install/tf2_web_republisher/share/tf2_web_republisher/cmake/ament_cmake_export_targets-extras.cmake
[4.699s] -- Up-to-date: /home/hello-robot/ament_ws/install/tf2_web_republisher/share/tf2_web_republisher/cmake/rosidl_cmake_export_typesupport_targets-extras.cmake
[4.700s] -- Up-to-date: /home/hello-robot/ament_ws/install/tf2_web_republisher/share/tf2_web_republisher/cmake/rosidl_cmake_export_typesupport_libraries-extras.cmake
[4.700s] -- Up-to-date: /home/hello-robot/ament_ws/install/tf2_web_republisher/share/tf2_web_republisher/cmake/tf2_web_republisherConfig.cmake
[4.701s] -- Up-to-date: /home/hello-robot/ament_ws/install/tf2_web_republisher/share/tf2_web_republisher/cmake/tf2_web_republisherConfig-version.cmake
[4.701s] -- Up-to-date: /home/hello-robot/ament_ws/install/tf2_web_republisher/share/tf2_web_republisher/package.xml
[6.012s] Invoked command in '/home/hello-robot/ament_ws/build/tf2_web_republisher' returned '0': CMAKE_PREFIX_PATH=${CMAKE_PREFIX_PATH}:/home/hello-robot/ament_ws/install/tf2_web_republisher_py:/home/hello-robot/ament_ws/install/stretch_ros_tutorials:/home/hello-robot/ament_ws/install/stretch_funmap:/home/hello-robot/ament_ws/install/stretch_calibration:/home/hello-robot/ament_ws/install/stretch_demos:/home/hello-robot/ament_ws/install/stretch_deep_perception:/home/hello-robot/ament_ws/install/stretch_core:/home/hello-robot/ament_ws/install/respeaker_ros2:/home/hello-robot/ament_ws/install/hello_helpers:/opt/ros/humble /usr/bin/cmake --install /home/hello-robot/ament_ws/build/tf2_web_republisher
