[0.046s] Invoking command in '/home/hello-robot/ament_ws/build/rosapi': AMENT_PREFIX_PATH=/home/hello-robot/ament_ws/install/rosbridge_library:/home/hello-robot/ament_ws/install/rosapi_msgs:${AMENT_PREFIX_PATH} CMAKE_PREFIX_PATH=/home/hello-robot/ament_ws/install/rosbridge_library:/home/hello-robot/ament_ws/install/rosapi_msgs:/opt/ros/humble LD_LIBRARY_PATH=/home/hello-robot/ament_ws/install/rosapi_msgs/lib:${LD_LIBRARY_PATH} PYTHONPATH=/home/hello-robot/ament_ws/install/rosbridge_library/local/lib/python3.10/dist-packages:/home/hello-robot/ament_ws/install/rosapi_msgs/local/lib/python3.10/dist-packages:${PYTHONPATH} /usr/bin/cmake /home/hello-robot/ament_ws/src/rosbridge_suite/rosapi -DCMAKE_BUILD_TYPE=Release -DCMAKE_INSTALL_PREFIX=/home/hello-robot/ament_ws/install/rosapi
[0.085s] -- The C compiler identification is GNU 11.4.0
[0.127s] -- The CXX compiler identification is GNU 11.4.0
[0.132s] -- Detecting C compiler ABI info
[0.179s] -- Detecting C compiler ABI info - done
[0.184s] -- Check for working C compiler: /usr/bin/cc - skipped
[0.184s] -- Detecting C compile features
[0.185s] -- Detecting C compile features - done
[0.188s] -- Detecting CXX compiler ABI info
[0.244s] -- Detecting CXX compiler ABI info - done
[0.250s] -- Check for working CXX compiler: /usr/bin/c++ - skipped
[0.250s] -- Detecting CXX compile features
[0.250s] -- Detecting CXX compile features - done
[0.252s] -- Found ament_cmake_ros: 0.10.0 (/opt/ros/humble/share/ament_cmake_ros/cmake)
[0.377s] -- Found Python3: /usr/bin/python3 (found version "3.10.12") found components: Interpreter 
[2.045s] -- Configuring done
[2.047s] -- Generating done
[2.048s] -- Build files have been written to: /home/hello-robot/ament_ws/build/rosapi
[2.051s] Invoked command in '/home/hello-robot/ament_ws/build/rosapi' returned '0': AMENT_PREFIX_PATH=/home/hello-robot/ament_ws/install/rosbridge_library:/home/hello-robot/ament_ws/install/rosapi_msgs:${AMENT_PREFIX_PATH} CMAKE_PREFIX_PATH=/home/hello-robot/ament_ws/install/rosbridge_library:/home/hello-robot/ament_ws/install/rosapi_msgs:/opt/ros/humble LD_LIBRARY_PATH=/home/hello-robot/ament_ws/install/rosapi_msgs/lib:${LD_LIBRARY_PATH} PYTHONPATH=/home/hello-robot/ament_ws/install/rosbridge_library/local/lib/python3.10/dist-packages:/home/hello-robot/ament_ws/install/rosapi_msgs/local/lib/python3.10/dist-packages:${PYTHONPATH} /usr/bin/cmake /home/hello-robot/ament_ws/src/rosbridge_suite/rosapi -DCMAKE_BUILD_TYPE=Release -DCMAKE_INSTALL_PREFIX=/home/hello-robot/ament_ws/install/rosapi
[2.052s] Invoking command in '/home/hello-robot/ament_ws/build/rosapi': AMENT_PREFIX_PATH=/home/hello-robot/ament_ws/install/rosbridge_library:/home/hello-robot/ament_ws/install/rosapi_msgs:${AMENT_PREFIX_PATH} CMAKE_PREFIX_PATH=/home/hello-robot/ament_ws/install/rosbridge_library:/home/hello-robot/ament_ws/install/rosapi_msgs:/opt/ros/humble LD_LIBRARY_PATH=/home/hello-robot/ament_ws/install/rosapi_msgs/lib:${LD_LIBRARY_PATH} PYTHONPATH=/home/hello-robot/ament_ws/install/rosbridge_library/local/lib/python3.10/dist-packages:/home/hello-robot/ament_ws/install/rosapi_msgs/local/lib/python3.10/dist-packages:${PYTHONPATH} /usr/bin/cmake --build /home/hello-robot/ament_ws/build/rosapi -- -j16 -l16
[2.163s] Built target ament_cmake_python_copy_rosapi
[2.290s] running egg_info
[2.291s] creating rosapi.egg-info
[2.291s] writing rosapi.egg-info/PKG-INFO
[2.291s] writing dependency_links to rosapi.egg-info/dependency_links.txt
[2.291s] writing top-level names to rosapi.egg-info/top_level.txt
[2.291s] writing manifest file 'rosapi.egg-info/SOURCES.txt'
[2.293s] reading manifest file 'rosapi.egg-info/SOURCES.txt'
[2.293s] writing manifest file 'rosapi.egg-info/SOURCES.txt'
[2.316s] Built target ament_cmake_python_build_rosapi_egg
[2.325s] Invoked command in '/home/hello-robot/ament_ws/build/rosapi' returned '0': AMENT_PREFIX_PATH=/home/hello-robot/ament_ws/install/rosbridge_library:/home/hello-robot/ament_ws/install/rosapi_msgs:${AMENT_PREFIX_PATH} CMAKE_PREFIX_PATH=/home/hello-robot/ament_ws/install/rosbridge_library:/home/hello-robot/ament_ws/install/rosapi_msgs:/opt/ros/humble LD_LIBRARY_PATH=/home/hello-robot/ament_ws/install/rosapi_msgs/lib:${LD_LIBRARY_PATH} PYTHONPATH=/home/hello-robot/ament_ws/install/rosbridge_library/local/lib/python3.10/dist-packages:/home/hello-robot/ament_ws/install/rosapi_msgs/local/lib/python3.10/dist-packages:${PYTHONPATH} /usr/bin/cmake --build /home/hello-robot/ament_ws/build/rosapi -- -j16 -l16
[2.339s] Invoking command in '/home/hello-robot/ament_ws/build/rosapi': AMENT_PREFIX_PATH=/home/hello-robot/ament_ws/install/rosbridge_library:/home/hello-robot/ament_ws/install/rosapi_msgs:${AMENT_PREFIX_PATH} CMAKE_PREFIX_PATH=/home/hello-robot/ament_ws/install/rosbridge_library:/home/hello-robot/ament_ws/install/rosapi_msgs:/opt/ros/humble LD_LIBRARY_PATH=/home/hello-robot/ament_ws/install/rosapi_msgs/lib:${LD_LIBRARY_PATH} PYTHONPATH=/home/hello-robot/ament_ws/install/rosbridge_library/local/lib/python3.10/dist-packages:/home/hello-robot/ament_ws/install/rosapi_msgs/local/lib/python3.10/dist-packages:${PYTHONPATH} /usr/bin/cmake --install /home/hello-robot/ament_ws/build/rosapi
[2.345s] -- Install configuration: "Release"
[2.346s] -- Installing: /home/hello-robot/ament_ws/install/rosapi/share/rosapi/environment/pythonpath.sh
[2.346s] -- Installing: /home/hello-robot/ament_ws/install/rosapi/share/rosapi/environment/pythonpath.dsv
[2.346s] -- Installing: /home/hello-robot/ament_ws/install/rosapi/local/lib/python3.10/dist-packages/rosapi-1.3.2-py3.10.egg-info
[2.346s] -- Installing: /home/hello-robot/ament_ws/install/rosapi/local/lib/python3.10/dist-packages/rosapi-1.3.2-py3.10.egg-info/PKG-INFO
[2.346s] -- Installing: /home/hello-robot/ament_ws/install/rosapi/local/lib/python3.10/dist-packages/rosapi-1.3.2-py3.10.egg-info/dependency_links.txt
[2.346s] -- Installing: /home/hello-robot/ament_ws/install/rosapi/local/lib/python3.10/dist-packages/rosapi-1.3.2-py3.10.egg-info/top_level.txt
[2.346s] -- Installing: /home/hello-robot/ament_ws/install/rosapi/local/lib/python3.10/dist-packages/rosapi-1.3.2-py3.10.egg-info/SOURCES.txt
[2.346s] -- Installing: /home/hello-robot/ament_ws/install/rosapi/local/lib/python3.10/dist-packages/rosapi
[2.346s] -- Installing: /home/hello-robot/ament_ws/install/rosapi/local/lib/python3.10/dist-packages/rosapi/objectutils.py
[2.346s] -- Installing: /home/hello-robot/ament_ws/install/rosapi/local/lib/python3.10/dist-packages/rosapi/params.py
[2.346s] -- Installing: /home/hello-robot/ament_ws/install/rosapi/local/lib/python3.10/dist-packages/rosapi/stringify_field_types.py
[2.347s] -- Installing: /home/hello-robot/ament_ws/install/rosapi/local/lib/python3.10/dist-packages/rosapi/glob_helper.py
[2.347s] -- Installing: /home/hello-robot/ament_ws/install/rosapi/local/lib/python3.10/dist-packages/rosapi/proxy.py
[2.347s] -- Installing: /home/hello-robot/ament_ws/install/rosapi/local/lib/python3.10/dist-packages/rosapi/__init__.py
[2.373s] Listing '/home/hello-robot/ament_ws/install/rosapi/local/lib/python3.10/dist-packages/rosapi'...
[2.374s] Compiling '/home/hello-robot/ament_ws/install/rosapi/local/lib/python3.10/dist-packages/rosapi/__init__.py'...
[2.374s] Compiling '/home/hello-robot/ament_ws/install/rosapi/local/lib/python3.10/dist-packages/rosapi/glob_helper.py'...
[2.374s] Compiling '/home/hello-robot/ament_ws/install/rosapi/local/lib/python3.10/dist-packages/rosapi/objectutils.py'...
[2.374s] Compiling '/home/hello-robot/ament_ws/install/rosapi/local/lib/python3.10/dist-packages/rosapi/params.py'...
[2.374s] Compiling '/home/hello-robot/ament_ws/install/rosapi/local/lib/python3.10/dist-packages/rosapi/proxy.py'...
[2.374s] Compiling '/home/hello-robot/ament_ws/install/rosapi/local/lib/python3.10/dist-packages/rosapi/stringify_field_types.py'...
[2.377s] -- Installing: /home/hello-robot/ament_ws/install/rosapi/share/ament_index/resource_index/package_run_dependencies/rosapi
[2.378s] -- Installing: /home/hello-robot/ament_ws/install/rosapi/share/ament_index/resource_index/parent_prefix_path/rosapi
[2.378s] -- Installing: /home/hello-robot/ament_ws/install/rosapi/share/rosapi/environment/ament_prefix_path.sh
[2.378s] -- Installing: /home/hello-robot/ament_ws/install/rosapi/share/rosapi/environment/ament_prefix_path.dsv
[2.378s] -- Installing: /home/hello-robot/ament_ws/install/rosapi/share/rosapi/environment/path.sh
[2.378s] -- Installing: /home/hello-robot/ament_ws/install/rosapi/share/rosapi/environment/path.dsv
[2.378s] -- Installing: /home/hello-robot/ament_ws/install/rosapi/share/rosapi/local_setup.bash
[2.378s] -- Installing: /home/hello-robot/ament_ws/install/rosapi/share/rosapi/local_setup.sh
[2.379s] -- Installing: /home/hello-robot/ament_ws/install/rosapi/share/rosapi/local_setup.zsh
[2.379s] -- Installing: /home/hello-robot/ament_ws/install/rosapi/share/rosapi/local_setup.dsv
[2.379s] -- Installing: /home/hello-robot/ament_ws/install/rosapi/share/rosapi/package.dsv
[2.379s] -- Installing: /home/hello-robot/ament_ws/install/rosapi/share/ament_index/resource_index/packages/rosapi
[2.379s] -- Installing: /home/hello-robot/ament_ws/install/rosapi/share/rosapi/cmake/rosapiConfig.cmake
[2.379s] -- Installing: /home/hello-robot/ament_ws/install/rosapi/share/rosapi/cmake/rosapiConfig-version.cmake
[2.379s] -- Installing: /home/hello-robot/ament_ws/install/rosapi/share/rosapi/package.xml
[2.380s] -- Installing: /home/hello-robot/ament_ws/install/rosapi/lib/rosapi/rosapi_node
[2.380s] -- Installing: /home/hello-robot/ament_ws/install/rosapi/share/rosapi/mapping_rules.yaml
[2.380s] Invoked command in '/home/hello-robot/ament_ws/build/rosapi' returned '0': AMENT_PREFIX_PATH=/home/hello-robot/ament_ws/install/rosbridge_library:/home/hello-robot/ament_ws/install/rosapi_msgs:${AMENT_PREFIX_PATH} CMAKE_PREFIX_PATH=/home/hello-robot/ament_ws/install/rosbridge_library:/home/hello-robot/ament_ws/install/rosapi_msgs:/opt/ros/humble LD_LIBRARY_PATH=/home/hello-robot/ament_ws/install/rosapi_msgs/lib:${LD_LIBRARY_PATH} PYTHONPATH=/home/hello-robot/ament_ws/install/rosbridge_library/local/lib/python3.10/dist-packages:/home/hello-robot/ament_ws/install/rosapi_msgs/local/lib/python3.10/dist-packages:${PYTHONPATH} /usr/bin/cmake --install /home/hello-robot/ament_ws/build/rosapi
