[ 10%] Built target sound_play_msgs__rosidl_generator_c
[ 12%] Built target sound_play_msgs__cpp
[ 12%] Built target ament_cmake_python_copy_sound_play_msgs
[ 23%] Built target sound_play_msgs__rosidl_typesupport_c
[ 33%] Built target sound_play_msgs__rosidl_typesupport_introspection_c
[ 43%] Built target sound_play_msgs__rosidl_typesupport_fastrtps_c
[ 53%] Built target sound_play_msgs__rosidl_typesupport_fastrtps_cpp
[ 64%] Built target sound_play_msgs__rosidl_typesupport_cpp
[ 74%] Built target sound_play_msgs__rosidl_typesupport_introspection_cpp
[ 74%] Built target sound_play_msgs
[ 76%] Built target sound_play_msgs__py
[ 84%] Built target sound_play_msgs__rosidl_generator_py
[ 89%] Built target sound_play_msgs__rosidl_typesupport_fastrtps_c__pyext
[100%] Built target sound_play_msgs__rosidl_typesupport_c__pyext
[100%] Built target sound_play_msgs__rosidl_typesupport_introspection_c__pyext
running egg_info
writing sound_play_msgs.egg-info/PKG-INFO
writing dependency_links to sound_play_msgs.egg-info/dependency_links.txt
writing top-level names to sound_play_msgs.egg-info/top_level.txt
reading manifest file 'sound_play_msgs.egg-info/SOURCES.txt'
writing manifest file 'sound_play_msgs.egg-info/SOURCES.txt'
[100%] Built target ament_cmake_python_build_sound_play_msgs_egg
-- Install configuration: "Release"
-- Up-to-date: /home/hello-robot/ament_ws/install/sound_play_msgs/share/ament_index/resource_index/rosidl_interfaces/sound_play_msgs
-- Up-to-date: /home/hello-robot/ament_ws/install/sound_play_msgs/include/sound_play_msgs/sound_play_msgs
-- Up-to-date: /home/hello-robot/ament_ws/install/sound_play_msgs/include/sound_play_msgs/sound_play_msgs/action
-- Up-to-date: /home/hello-robot/ament_ws/install/sound_play_msgs/include/sound_play_msgs/sound_play_msgs/action/detail
-- Up-to-date: /home/hello-robot/ament_ws/install/sound_play_msgs/include/sound_play_msgs/sound_play_msgs/action/detail/sound_request__type_support.h
-- Up-to-date: /home/hello-robot/ament_ws/install/sound_play_msgs/include/sound_play_msgs/sound_play_msgs/action/detail/sound_request__functions.h
-- Up-to-date: /home/hello-robot/ament_ws/install/sound_play_msgs/include/sound_play_msgs/sound_play_msgs/action/detail/sound_request__struct.h
-- Up-to-date: /home/hello-robot/ament_ws/install/sound_play_msgs/include/sound_play_msgs/sound_play_msgs/action/detail/sound_request__functions.c
-- Up-to-date: /home/hello-robot/ament_ws/install/sound_play_msgs/include/sound_play_msgs/sound_play_msgs/action/sound_request.h
-- Up-to-date: /home/hello-robot/ament_ws/install/sound_play_msgs/include/sound_play_msgs/sound_play_msgs/msg
-- Up-to-date: /home/hello-robot/ament_ws/install/sound_play_msgs/include/sound_play_msgs/sound_play_msgs/msg/rosidl_generator_c__visibility_control.h
-- Up-to-date: /home/hello-robot/ament_ws/install/sound_play_msgs/include/sound_play_msgs/sound_play_msgs/msg/detail
-- Up-to-date: /home/hello-robot/ament_ws/install/sound_play_msgs/include/sound_play_msgs/sound_play_msgs/msg/detail/sound_request__type_support.h
-- Up-to-date: /home/hello-robot/ament_ws/install/sound_play_msgs/include/sound_play_msgs/sound_play_msgs/msg/detail/sound_request__functions.h
-- Up-to-date: /home/hello-robot/ament_ws/install/sound_play_msgs/include/sound_play_msgs/sound_play_msgs/msg/detail/sound_request__struct.h
-- Up-to-date: /home/hello-robot/ament_ws/install/sound_play_msgs/include/sound_play_msgs/sound_play_msgs/msg/detail/sound_request__functions.c
-- Up-to-date: /home/hello-robot/ament_ws/install/sound_play_msgs/include/sound_play_msgs/sound_play_msgs/msg/sound_request.h
-- Up-to-date: /home/hello-robot/ament_ws/install/sound_play_msgs/share/sound_play_msgs/environment/library_path.sh
-- Up-to-date: /home/hello-robot/ament_ws/install/sound_play_msgs/share/sound_play_msgs/environment/library_path.dsv
-- Up-to-date: /home/hello-robot/ament_ws/install/sound_play_msgs/lib/libsound_play_msgs__rosidl_generator_c.so
-- Up-to-date: /home/hello-robot/ament_ws/install/sound_play_msgs/include/sound_play_msgs/sound_play_msgs
-- Up-to-date: /home/hello-robot/ament_ws/install/sound_play_msgs/include/sound_play_msgs/sound_play_msgs/action
-- Up-to-date: /home/hello-robot/ament_ws/install/sound_play_msgs/include/sound_play_msgs/sound_play_msgs/action/detail
-- Up-to-date: /home/hello-robot/ament_ws/install/sound_play_msgs/include/sound_play_msgs/sound_play_msgs/action/detail/sound_request__rosidl_typesupport_fastrtps_c.h
-- Up-to-date: /home/hello-robot/ament_ws/install/sound_play_msgs/include/sound_play_msgs/sound_play_msgs/msg
-- Up-to-date: /home/hello-robot/ament_ws/install/sound_play_msgs/include/sound_play_msgs/sound_play_msgs/msg/rosidl_typesupport_fastrtps_c__visibility_control.h
-- Up-to-date: /home/hello-robot/ament_ws/install/sound_play_msgs/include/sound_play_msgs/sound_play_msgs/msg/detail
-- Up-to-date: /home/hello-robot/ament_ws/install/sound_play_msgs/include/sound_play_msgs/sound_play_msgs/msg/detail/sound_request__rosidl_typesupport_fastrtps_c.h
-- Up-to-date: /home/hello-robot/ament_ws/install/sound_play_msgs/lib/libsound_play_msgs__rosidl_typesupport_fastrtps_c.so
-- Up-to-date: /home/hello-robot/ament_ws/install/sound_play_msgs/include/sound_play_msgs/sound_play_msgs
-- Up-to-date: /home/hello-robot/ament_ws/install/sound_play_msgs/include/sound_play_msgs/sound_play_msgs/action
-- Up-to-date: /home/hello-robot/ament_ws/install/sound_play_msgs/include/sound_play_msgs/sound_play_msgs/action/detail
-- Up-to-date: /home/hello-robot/ament_ws/install/sound_play_msgs/include/sound_play_msgs/sound_play_msgs/action/detail/sound_request__rosidl_typesupport_introspection_c.h
-- Up-to-date: /home/hello-robot/ament_ws/install/sound_play_msgs/include/sound_play_msgs/sound_play_msgs/action/detail/sound_request__type_support.c
-- Up-to-date: /home/hello-robot/ament_ws/install/sound_play_msgs/include/sound_play_msgs/sound_play_msgs/msg
-- Up-to-date: /home/hello-robot/ament_ws/install/sound_play_msgs/include/sound_play_msgs/sound_play_msgs/msg/detail
-- Up-to-date: /home/hello-robot/ament_ws/install/sound_play_msgs/include/sound_play_msgs/sound_play_msgs/msg/detail/sound_request__rosidl_typesupport_introspection_c.h
-- Up-to-date: /home/hello-robot/ament_ws/install/sound_play_msgs/include/sound_play_msgs/sound_play_msgs/msg/detail/sound_request__type_support.c
-- Up-to-date: /home/hello-robot/ament_ws/install/sound_play_msgs/include/sound_play_msgs/sound_play_msgs/msg/rosidl_typesupport_introspection_c__visibility_control.h
-- Up-to-date: /home/hello-robot/ament_ws/install/sound_play_msgs/lib/libsound_play_msgs__rosidl_typesupport_introspection_c.so
-- Up-to-date: /home/hello-robot/ament_ws/install/sound_play_msgs/lib/libsound_play_msgs__rosidl_typesupport_c.so
-- Up-to-date: /home/hello-robot/ament_ws/install/sound_play_msgs/include/sound_play_msgs/sound_play_msgs
-- Up-to-date: /home/hello-robot/ament_ws/install/sound_play_msgs/include/sound_play_msgs/sound_play_msgs/action
-- Up-to-date: /home/hello-robot/ament_ws/install/sound_play_msgs/include/sound_play_msgs/sound_play_msgs/action/detail
-- Up-to-date: /home/hello-robot/ament_ws/install/sound_play_msgs/include/sound_play_msgs/sound_play_msgs/action/detail/sound_request__struct.hpp
-- Up-to-date: /home/hello-robot/ament_ws/install/sound_play_msgs/include/sound_play_msgs/sound_play_msgs/action/detail/sound_request__traits.hpp
-- Up-to-date: /home/hello-robot/ament_ws/install/sound_play_msgs/include/sound_play_msgs/sound_play_msgs/action/detail/sound_request__builder.hpp
-- Up-to-date: /home/hello-robot/ament_ws/install/sound_play_msgs/include/sound_play_msgs/sound_play_msgs/action/sound_request.hpp
-- Up-to-date: /home/hello-robot/ament_ws/install/sound_play_msgs/include/sound_play_msgs/sound_play_msgs/msg
-- Up-to-date: /home/hello-robot/ament_ws/install/sound_play_msgs/include/sound_play_msgs/sound_play_msgs/msg/detail
-- Up-to-date: /home/hello-robot/ament_ws/install/sound_play_msgs/include/sound_play_msgs/sound_play_msgs/msg/detail/sound_request__struct.hpp
-- Up-to-date: /home/hello-robot/ament_ws/install/sound_play_msgs/include/sound_play_msgs/sound_play_msgs/msg/detail/sound_request__traits.hpp
-- Up-to-date: /home/hello-robot/ament_ws/install/sound_play_msgs/include/sound_play_msgs/sound_play_msgs/msg/detail/sound_request__builder.hpp
-- Up-to-date: /home/hello-robot/ament_ws/install/sound_play_msgs/include/sound_play_msgs/sound_play_msgs/msg/sound_request.hpp
-- Up-to-date: /home/hello-robot/ament_ws/install/sound_play_msgs/include/sound_play_msgs/sound_play_msgs
-- Up-to-date: /home/hello-robot/ament_ws/install/sound_play_msgs/include/sound_play_msgs/sound_play_msgs/action
-- Up-to-date: /home/hello-robot/ament_ws/install/sound_play_msgs/include/sound_play_msgs/sound_play_msgs/action/detail
-- Up-to-date: /home/hello-robot/ament_ws/install/sound_play_msgs/include/sound_play_msgs/sound_play_msgs/action/detail/dds_fastrtps
-- Up-to-date: /home/hello-robot/ament_ws/install/sound_play_msgs/include/sound_play_msgs/sound_play_msgs/action/detail/sound_request__rosidl_typesupport_fastrtps_cpp.hpp
-- Up-to-date: /home/hello-robot/ament_ws/install/sound_play_msgs/include/sound_play_msgs/sound_play_msgs/msg
-- Up-to-date: /home/hello-robot/ament_ws/install/sound_play_msgs/include/sound_play_msgs/sound_play_msgs/msg/detail
-- Up-to-date: /home/hello-robot/ament_ws/install/sound_play_msgs/include/sound_play_msgs/sound_play_msgs/msg/detail/dds_fastrtps
-- Up-to-date: /home/hello-robot/ament_ws/install/sound_play_msgs/include/sound_play_msgs/sound_play_msgs/msg/detail/sound_request__rosidl_typesupport_fastrtps_cpp.hpp
-- Up-to-date: /home/hello-robot/ament_ws/install/sound_play_msgs/include/sound_play_msgs/sound_play_msgs/msg/rosidl_typesupport_fastrtps_cpp__visibility_control.h
-- Up-to-date: /home/hello-robot/ament_ws/install/sound_play_msgs/lib/libsound_play_msgs__rosidl_typesupport_fastrtps_cpp.so
-- Up-to-date: /home/hello-robot/ament_ws/install/sound_play_msgs/include/sound_play_msgs/sound_play_msgs
-- Up-to-date: /home/hello-robot/ament_ws/install/sound_play_msgs/include/sound_play_msgs/sound_play_msgs/action
-- Up-to-date: /home/hello-robot/ament_ws/install/sound_play_msgs/include/sound_play_msgs/sound_play_msgs/action/detail
-- Up-to-date: /home/hello-robot/ament_ws/install/sound_play_msgs/include/sound_play_msgs/sound_play_msgs/action/detail/sound_request__rosidl_typesupport_introspection_cpp.hpp
-- Up-to-date: /home/hello-robot/ament_ws/install/sound_play_msgs/include/sound_play_msgs/sound_play_msgs/action/detail/sound_request__type_support.cpp
-- Up-to-date: /home/hello-robot/ament_ws/install/sound_play_msgs/include/sound_play_msgs/sound_play_msgs/msg
-- Up-to-date: /home/hello-robot/ament_ws/install/sound_play_msgs/include/sound_play_msgs/sound_play_msgs/msg/detail
-- Up-to-date: /home/hello-robot/ament_ws/install/sound_play_msgs/include/sound_play_msgs/sound_play_msgs/msg/detail/sound_request__rosidl_typesupport_introspection_cpp.hpp
-- Up-to-date: /home/hello-robot/ament_ws/install/sound_play_msgs/include/sound_play_msgs/sound_play_msgs/msg/detail/sound_request__type_support.cpp
-- Up-to-date: /home/hello-robot/ament_ws/install/sound_play_msgs/lib/libsound_play_msgs__rosidl_typesupport_introspection_cpp.so
-- Up-to-date: /home/hello-robot/ament_ws/install/sound_play_msgs/lib/libsound_play_msgs__rosidl_typesupport_cpp.so
-- Up-to-date: /home/hello-robot/ament_ws/install/sound_play_msgs/share/sound_play_msgs/environment/pythonpath.sh
-- Up-to-date: /home/hello-robot/ament_ws/install/sound_play_msgs/share/sound_play_msgs/environment/pythonpath.dsv
-- Up-to-date: /home/hello-robot/ament_ws/install/sound_play_msgs/local/lib/python3.10/dist-packages/sound_play_msgs-0.3.12-py3.10.egg-info
-- Installing: /home/hello-robot/ament_ws/install/sound_play_msgs/local/lib/python3.10/dist-packages/sound_play_msgs-0.3.12-py3.10.egg-info/PKG-INFO
-- Installing: /home/hello-robot/ament_ws/install/sound_play_msgs/local/lib/python3.10/dist-packages/sound_play_msgs-0.3.12-py3.10.egg-info/dependency_links.txt
-- Installing: /home/hello-robot/ament_ws/install/sound_play_msgs/local/lib/python3.10/dist-packages/sound_play_msgs-0.3.12-py3.10.egg-info/top_level.txt
-- Installing: /home/hello-robot/ament_ws/install/sound_play_msgs/local/lib/python3.10/dist-packages/sound_play_msgs-0.3.12-py3.10.egg-info/SOURCES.txt
-- Up-to-date: /home/hello-robot/ament_ws/install/sound_play_msgs/local/lib/python3.10/dist-packages/sound_play_msgs
-- Up-to-date: /home/hello-robot/ament_ws/install/sound_play_msgs/local/lib/python3.10/dist-packages/sound_play_msgs/sound_play_msgs_s__rosidl_typesupport_fastrtps_c.cpython-310-x86_64-linux-gnu.so
-- Up-to-date: /home/hello-robot/ament_ws/install/sound_play_msgs/local/lib/python3.10/dist-packages/sound_play_msgs/sound_play_msgs_s__rosidl_typesupport_introspection_c.cpython-310-x86_64-linux-gnu.so
-- Up-to-date: /home/hello-robot/ament_ws/install/sound_play_msgs/local/lib/python3.10/dist-packages/sound_play_msgs/action
-- Up-to-date: /home/hello-robot/ament_ws/install/sound_play_msgs/local/lib/python3.10/dist-packages/sound_play_msgs/action/_sound_request_s.c
-- Up-to-date: /home/hello-robot/ament_ws/install/sound_play_msgs/local/lib/python3.10/dist-packages/sound_play_msgs/action/__init__.py
-- Up-to-date: /home/hello-robot/ament_ws/install/sound_play_msgs/local/lib/python3.10/dist-packages/sound_play_msgs/action/_sound_request.py
-- Up-to-date: /home/hello-robot/ament_ws/install/sound_play_msgs/local/lib/python3.10/dist-packages/sound_play_msgs/libsound_play_msgs__rosidl_generator_py.so
-- Up-to-date: /home/hello-robot/ament_ws/install/sound_play_msgs/local/lib/python3.10/dist-packages/sound_play_msgs/_sound_play_msgs_s.ep.rosidl_typesupport_c.c
-- Up-to-date: /home/hello-robot/ament_ws/install/sound_play_msgs/local/lib/python3.10/dist-packages/sound_play_msgs/msg
-- Up-to-date: /home/hello-robot/ament_ws/install/sound_play_msgs/local/lib/python3.10/dist-packages/sound_play_msgs/msg/_sound_request_s.c
-- Up-to-date: /home/hello-robot/ament_ws/install/sound_play_msgs/local/lib/python3.10/dist-packages/sound_play_msgs/msg/__init__.py
-- Up-to-date: /home/hello-robot/ament_ws/install/sound_play_msgs/local/lib/python3.10/dist-packages/sound_play_msgs/msg/_sound_request.py
-- Up-to-date: /home/hello-robot/ament_ws/install/sound_play_msgs/local/lib/python3.10/dist-packages/sound_play_msgs/_sound_play_msgs_s.ep.rosidl_typesupport_introspection_c.c
-- Up-to-date: /home/hello-robot/ament_ws/install/sound_play_msgs/local/lib/python3.10/dist-packages/sound_play_msgs/__init__.py
-- Up-to-date: /home/hello-robot/ament_ws/install/sound_play_msgs/local/lib/python3.10/dist-packages/sound_play_msgs/sound_play_msgs_s__rosidl_typesupport_c.cpython-310-x86_64-linux-gnu.so
-- Up-to-date: /home/hello-robot/ament_ws/install/sound_play_msgs/local/lib/python3.10/dist-packages/sound_play_msgs/_sound_play_msgs_s.ep.rosidl_typesupport_fastrtps_c.c
Listing '/home/hello-robot/ament_ws/install/sound_play_msgs/local/lib/python3.10/dist-packages/sound_play_msgs'...
Listing '/home/hello-robot/ament_ws/install/sound_play_msgs/local/lib/python3.10/dist-packages/sound_play_msgs/action'...
Listing '/home/hello-robot/ament_ws/install/sound_play_msgs/local/lib/python3.10/dist-packages/sound_play_msgs/msg'...
-- Up-to-date: /home/hello-robot/ament_ws/install/sound_play_msgs/local/lib/python3.10/dist-packages/sound_play_msgs/sound_play_msgs_s__rosidl_typesupport_fastrtps_c.cpython-310-x86_64-linux-gnu.so
-- Up-to-date: /home/hello-robot/ament_ws/install/sound_play_msgs/local/lib/python3.10/dist-packages/sound_play_msgs/sound_play_msgs_s__rosidl_typesupport_introspection_c.cpython-310-x86_64-linux-gnu.so
-- Up-to-date: /home/hello-robot/ament_ws/install/sound_play_msgs/local/lib/python3.10/dist-packages/sound_play_msgs/sound_play_msgs_s__rosidl_typesupport_c.cpython-310-x86_64-linux-gnu.so
-- Up-to-date: /home/hello-robot/ament_ws/install/sound_play_msgs/lib/libsound_play_msgs__rosidl_generator_py.so
-- Up-to-date: /home/hello-robot/ament_ws/install/sound_play_msgs/share/sound_play_msgs/msg/SoundRequest.idl
-- Up-to-date: /home/hello-robot/ament_ws/install/sound_play_msgs/share/sound_play_msgs/action/SoundRequest.idl
-- Up-to-date: /home/hello-robot/ament_ws/install/sound_play_msgs/share/sound_play_msgs/msg/SoundRequest.msg
-- Up-to-date: /home/hello-robot/ament_ws/install/sound_play_msgs/share/sound_play_msgs/action/SoundRequest.action
-- Up-to-date: /home/hello-robot/ament_ws/install/sound_play_msgs/share/ament_index/resource_index/package_run_dependencies/sound_play_msgs
-- Up-to-date: /home/hello-robot/ament_ws/install/sound_play_msgs/share/ament_index/resource_index/parent_prefix_path/sound_play_msgs
-- Up-to-date: /home/hello-robot/ament_ws/install/sound_play_msgs/share/sound_play_msgs/environment/ament_prefix_path.sh
-- Up-to-date: /home/hello-robot/ament_ws/install/sound_play_msgs/share/sound_play_msgs/environment/ament_prefix_path.dsv
-- Up-to-date: /home/hello-robot/ament_ws/install/sound_play_msgs/share/sound_play_msgs/environment/path.sh
-- Up-to-date: /home/hello-robot/ament_ws/install/sound_play_msgs/share/sound_play_msgs/environment/path.dsv
-- Up-to-date: /home/hello-robot/ament_ws/install/sound_play_msgs/share/sound_play_msgs/local_setup.bash
-- Up-to-date: /home/hello-robot/ament_ws/install/sound_play_msgs/share/sound_play_msgs/local_setup.sh
-- Up-to-date: /home/hello-robot/ament_ws/install/sound_play_msgs/share/sound_play_msgs/local_setup.zsh
-- Up-to-date: /home/hello-robot/ament_ws/install/sound_play_msgs/share/sound_play_msgs/local_setup.dsv
-- Installing: /home/hello-robot/ament_ws/install/sound_play_msgs/share/sound_play_msgs/package.dsv
-- Up-to-date: /home/hello-robot/ament_ws/install/sound_play_msgs/share/ament_index/resource_index/packages/sound_play_msgs
-- Up-to-date: /home/hello-robot/ament_ws/install/sound_play_msgs/share/sound_play_msgs/cmake/export_sound_play_msgs__rosidl_generator_cExport.cmake
-- Up-to-date: /home/hello-robot/ament_ws/install/sound_play_msgs/share/sound_play_msgs/cmake/export_sound_play_msgs__rosidl_generator_cExport-release.cmake
-- Up-to-date: /home/hello-robot/ament_ws/install/sound_play_msgs/share/sound_play_msgs/cmake/export_sound_play_msgs__rosidl_typesupport_fastrtps_cExport.cmake
-- Up-to-date: /home/hello-robot/ament_ws/install/sound_play_msgs/share/sound_play_msgs/cmake/export_sound_play_msgs__rosidl_typesupport_fastrtps_cExport-release.cmake
-- Up-to-date: /home/hello-robot/ament_ws/install/sound_play_msgs/share/sound_play_msgs/cmake/sound_play_msgs__rosidl_typesupport_introspection_cExport.cmake
-- Up-to-date: /home/hello-robot/ament_ws/install/sound_play_msgs/share/sound_play_msgs/cmake/sound_play_msgs__rosidl_typesupport_introspection_cExport-release.cmake
-- Up-to-date: /home/hello-robot/ament_ws/install/sound_play_msgs/share/sound_play_msgs/cmake/sound_play_msgs__rosidl_typesupport_cExport.cmake
-- Up-to-date: /home/hello-robot/ament_ws/install/sound_play_msgs/share/sound_play_msgs/cmake/sound_play_msgs__rosidl_typesupport_cExport-release.cmake
-- Up-to-date: /home/hello-robot/ament_ws/install/sound_play_msgs/share/sound_play_msgs/cmake/export_sound_play_msgs__rosidl_generator_cppExport.cmake
-- Up-to-date: /home/hello-robot/ament_ws/install/sound_play_msgs/share/sound_play_msgs/cmake/export_sound_play_msgs__rosidl_typesupport_fastrtps_cppExport.cmake
-- Up-to-date: /home/hello-robot/ament_ws/install/sound_play_msgs/share/sound_play_msgs/cmake/export_sound_play_msgs__rosidl_typesupport_fastrtps_cppExport-release.cmake
-- Up-to-date: /home/hello-robot/ament_ws/install/sound_play_msgs/share/sound_play_msgs/cmake/sound_play_msgs__rosidl_typesupport_introspection_cppExport.cmake
-- Up-to-date: /home/hello-robot/ament_ws/install/sound_play_msgs/share/sound_play_msgs/cmake/sound_play_msgs__rosidl_typesupport_introspection_cppExport-release.cmake
-- Up-to-date: /home/hello-robot/ament_ws/install/sound_play_msgs/share/sound_play_msgs/cmake/sound_play_msgs__rosidl_typesupport_cppExport.cmake
-- Up-to-date: /home/hello-robot/ament_ws/install/sound_play_msgs/share/sound_play_msgs/cmake/sound_play_msgs__rosidl_typesupport_cppExport-release.cmake
-- Up-to-date: /home/hello-robot/ament_ws/install/sound_play_msgs/share/sound_play_msgs/cmake/export_sound_play_msgs__rosidl_generator_pyExport.cmake
-- Up-to-date: /home/hello-robot/ament_ws/install/sound_play_msgs/share/sound_play_msgs/cmake/export_sound_play_msgs__rosidl_generator_pyExport-release.cmake
-- Up-to-date: /home/hello-robot/ament_ws/install/sound_play_msgs/share/sound_play_msgs/cmake/rosidl_cmake-extras.cmake
-- Up-to-date: /home/hello-robot/ament_ws/install/sound_play_msgs/share/sound_play_msgs/cmake/ament_cmake_export_dependencies-extras.cmake
-- Up-to-date: /home/hello-robot/ament_ws/install/sound_play_msgs/share/sound_play_msgs/cmake/ament_cmake_export_include_directories-extras.cmake
-- Up-to-date: /home/hello-robot/ament_ws/install/sound_play_msgs/share/sound_play_msgs/cmake/ament_cmake_export_libraries-extras.cmake
-- Up-to-date: /home/hello-robot/ament_ws/install/sound_play_msgs/share/sound_play_msgs/cmake/ament_cmake_export_targets-extras.cmake
-- Up-to-date: /home/hello-robot/ament_ws/install/sound_play_msgs/share/sound_play_msgs/cmake/rosidl_cmake_export_typesupport_targets-extras.cmake
-- Up-to-date: /home/hello-robot/ament_ws/install/sound_play_msgs/share/sound_play_msgs/cmake/rosidl_cmake_export_typesupport_libraries-extras.cmake
-- Up-to-date: /home/hello-robot/ament_ws/install/sound_play_msgs/share/sound_play_msgs/cmake/sound_play_msgsConfig.cmake
-- Up-to-date: /home/hello-robot/ament_ws/install/sound_play_msgs/share/sound_play_msgs/cmake/sound_play_msgsConfig-version.cmake
-- Up-to-date: /home/hello-robot/ament_ws/install/sound_play_msgs/share/sound_play_msgs/package.xml
