[0.450s] Invoking command in '/home/hello-robot/ament_ws/build/sound_play_msgs': CMAKE_PREFIX_PATH=/home/hello-robot/ament_ws/install/audio_common_msgs:/home/hello-robot/ament_ws/install/tf2_web_republisher:/home/hello-robot/ament_ws/install/stretch_web_teleop:/home/hello-robot/ament_ws/install/stretch_rtabmap:/home/hello-robot/ament_ws/install/stretch_nav2:/home/hello-robot/ament_ws/install/stretch_description:/home/hello-robot/ament_ws/install/speech_recognition_msgs:/home/hello-robot/ament_ws/install/sound_play_msgs:/home/hello-robot/ament_ws/install/audio_common:/home/hello-robot/ament_ws/install/sound_play:/home/hello-robot/ament_ws/install/sllidar_ros2:/home/hello-robot/ament_ws/install/rosbridge_test_msgs:/home/hello-robot/ament_ws/install/rosbridge_suite:/home/hello-robot/ament_ws/install/rosbridge_server:/home/hello-robot/ament_ws/install/rosbridge_msgs:/home/hello-robot/ament_ws/install/rosapi:/home/hello-robot/ament_ws/install/rosbridge_library:/home/hello-robot/ament_ws/install/rosapi_msgs:/home/hello-robot/ament_ws/install/ros2_numpy:/home/hello-robot/ament_ws/install/realsense2_description:/home/hello-robot/ament_ws/install/realsense2_camera:/home/hello-robot/ament_ws/install/realsense2_camera_msgs:/home/hello-robot/ament_ws/install/audio_play:/home/hello-robot/ament_ws/install/audio_capture:/home/hello-robot/ament_ws/install/tf2_web_republisher_py:/home/hello-robot/ament_ws/install/stretch_ros_tutorials:/home/hello-robot/ament_ws/install/stretch_funmap:/home/hello-robot/ament_ws/install/stretch_calibration:/home/hello-robot/ament_ws/install/stretch_demos:/home/hello-robot/ament_ws/install/stretch_deep_perception:/home/hello-robot/ament_ws/install/stretch_core:/home/hello-robot/ament_ws/install/respeaker_ros2:/home/hello-robot/ament_ws/install/hello_helpers:/opt/ros/humble LD_LIBRARY_PATH=/home/hello-robot/ament_ws/install/audio_common_msgs/lib:/home/hello-robot/ament_ws/install/tf2_web_republisher/lib:/home/hello-robot/ament_ws/install/speech_recognition_msgs/lib:/home/hello-robot/ament_ws/install/sound_play_msgs/lib:/home/hello-robot/ament_ws/install/rosbridge_test_msgs/lib:/home/hello-robot/ament_ws/install/rosbridge_msgs/lib:/home/hello-robot/ament_ws/install/rosapi_msgs/lib:/home/hello-robot/ament_ws/install/realsense2_camera/lib:/home/hello-robot/ament_ws/install/realsense2_camera_msgs/lib:/home/hello-robot/ament_ws/install/audio_play/lib:/home/hello-robot/ament_ws/install/audio_capture/lib:/usr/lib/x86_64-linux-gnu/gazebo-11/plugins:/opt/ros/humble/opt/rviz_ogre_vendor/lib:/opt/ros/humble/lib/x86_64-linux-gnu:/opt/ros/humble/lib /usr/bin/cmake /home/hello-robot/ament_ws/src/audio_common/sound_play_msgs -DCMAKE_INSTALL_PREFIX=/home/hello-robot/ament_ws/install/sound_play_msgs
[0.722s] -- Found ament_cmake: 1.3.8 (/opt/ros/humble/share/ament_cmake/cmake)
[0.722s] -- Found rosidl_default_generators: 1.2.0 (/opt/ros/humble/share/rosidl_default_generators/cmake)
[0.722s] -- Using all available rosidl_typesupport_c: rosidl_typesupport_fastrtps_c;rosidl_typesupport_introspection_c
[0.722s] -- Found rosidl_adapter: 3.1.5 (/opt/ros/humble/share/rosidl_adapter/cmake)
[0.722s] -- Using all available rosidl_typesupport_cpp: rosidl_typesupport_fastrtps_cpp;rosidl_typesupport_introspection_cpp
[0.919s] -- Found audio_common_msgs: 0.3.12 (/home/hello-robot/ament_ws/install/audio_common_msgs/share/audio_common_msgs/cmake)
[1.228s] -- Found action_msgs: 1.2.1 (/opt/ros/humble/share/action_msgs/cmake)
[1.300s] -- Found ament_cmake_ros: 0.10.0 (/opt/ros/humble/share/ament_cmake_ros/cmake)
[1.590s] -- Using all available rosidl_typesupport_c: rosidl_typesupport_fastrtps_c;rosidl_typesupport_introspection_c
[1.848s] -- Using all available rosidl_typesupport_cpp: rosidl_typesupport_fastrtps_cpp;rosidl_typesupport_introspection_cpp
[1.848s] -- Found python_cmake_module: 0.10.0 (/opt/ros/humble/share/python_cmake_module/cmake)
[2.072s] -- Using PYTHON_EXECUTABLE: /usr/bin/python3
[2.072s] -- Using PYTHON_INCLUDE_DIRS: /usr/include/python3.10
[2.073s] -- Using PYTHON_LIBRARIES: /usr/lib/x86_64-linux-gnu/libpython3.10.so
[2.074s] -- Configuring done
[2.075s] -- Generating done
[2.075s] -- Build files have been written to: /home/hello-robot/ament_ws/build/sound_play_msgs
[2.076s] Invoked command in '/home/hello-robot/ament_ws/build/sound_play_msgs' returned '0': CMAKE_PREFIX_PATH=/home/hello-robot/ament_ws/install/audio_common_msgs:/home/hello-robot/ament_ws/install/tf2_web_republisher:/home/hello-robot/ament_ws/install/stretch_web_teleop:/home/hello-robot/ament_ws/install/stretch_rtabmap:/home/hello-robot/ament_ws/install/stretch_nav2:/home/hello-robot/ament_ws/install/stretch_description:/home/hello-robot/ament_ws/install/speech_recognition_msgs:/home/hello-robot/ament_ws/install/sound_play_msgs:/home/hello-robot/ament_ws/install/audio_common:/home/hello-robot/ament_ws/install/sound_play:/home/hello-robot/ament_ws/install/sllidar_ros2:/home/hello-robot/ament_ws/install/rosbridge_test_msgs:/home/hello-robot/ament_ws/install/rosbridge_suite:/home/hello-robot/ament_ws/install/rosbridge_server:/home/hello-robot/ament_ws/install/rosbridge_msgs:/home/hello-robot/ament_ws/install/rosapi:/home/hello-robot/ament_ws/install/rosbridge_library:/home/hello-robot/ament_ws/install/rosapi_msgs:/home/hello-robot/ament_ws/install/ros2_numpy:/home/hello-robot/ament_ws/install/realsense2_description:/home/hello-robot/ament_ws/install/realsense2_camera:/home/hello-robot/ament_ws/install/realsense2_camera_msgs:/home/hello-robot/ament_ws/install/audio_play:/home/hello-robot/ament_ws/install/audio_capture:/home/hello-robot/ament_ws/install/tf2_web_republisher_py:/home/hello-robot/ament_ws/install/stretch_ros_tutorials:/home/hello-robot/ament_ws/install/stretch_funmap:/home/hello-robot/ament_ws/install/stretch_calibration:/home/hello-robot/ament_ws/install/stretch_demos:/home/hello-robot/ament_ws/install/stretch_deep_perception:/home/hello-robot/ament_ws/install/stretch_core:/home/hello-robot/ament_ws/install/respeaker_ros2:/home/hello-robot/ament_ws/install/hello_helpers:/opt/ros/humble LD_LIBRARY_PATH=/home/hello-robot/ament_ws/install/audio_common_msgs/lib:/home/hello-robot/ament_ws/install/tf2_web_republisher/lib:/home/hello-robot/ament_ws/install/speech_recognition_msgs/lib:/home/hello-robot/ament_ws/install/sound_play_msgs/lib:/home/hello-robot/ament_ws/install/rosbridge_test_msgs/lib:/home/hello-robot/ament_ws/install/rosbridge_msgs/lib:/home/hello-robot/ament_ws/install/rosapi_msgs/lib:/home/hello-robot/ament_ws/install/realsense2_camera/lib:/home/hello-robot/ament_ws/install/realsense2_camera_msgs/lib:/home/hello-robot/ament_ws/install/audio_play/lib:/home/hello-robot/ament_ws/install/audio_capture/lib:/usr/lib/x86_64-linux-gnu/gazebo-11/plugins:/opt/ros/humble/opt/rviz_ogre_vendor/lib:/opt/ros/humble/lib/x86_64-linux-gnu:/opt/ros/humble/lib /usr/bin/cmake /home/hello-robot/ament_ws/src/audio_common/sound_play_msgs -DCMAKE_INSTALL_PREFIX=/home/hello-robot/ament_ws/install/sound_play_msgs
[2.076s] Invoking command in '/home/hello-robot/ament_ws/build/sound_play_msgs': CMAKE_PREFIX_PATH=/home/hello-robot/ament_ws/install/audio_common_msgs:/home/hello-robot/ament_ws/install/tf2_web_republisher:/home/hello-robot/ament_ws/install/stretch_web_teleop:/home/hello-robot/ament_ws/install/stretch_rtabmap:/home/hello-robot/ament_ws/install/stretch_nav2:/home/hello-robot/ament_ws/install/stretch_description:/home/hello-robot/ament_ws/install/speech_recognition_msgs:/home/hello-robot/ament_ws/install/sound_play_msgs:/home/hello-robot/ament_ws/install/audio_common:/home/hello-robot/ament_ws/install/sound_play:/home/hello-robot/ament_ws/install/sllidar_ros2:/home/hello-robot/ament_ws/install/rosbridge_test_msgs:/home/hello-robot/ament_ws/install/rosbridge_suite:/home/hello-robot/ament_ws/install/rosbridge_server:/home/hello-robot/ament_ws/install/rosbridge_msgs:/home/hello-robot/ament_ws/install/rosapi:/home/hello-robot/ament_ws/install/rosbridge_library:/home/hello-robot/ament_ws/install/rosapi_msgs:/home/hello-robot/ament_ws/install/ros2_numpy:/home/hello-robot/ament_ws/install/realsense2_description:/home/hello-robot/ament_ws/install/realsense2_camera:/home/hello-robot/ament_ws/install/realsense2_camera_msgs:/home/hello-robot/ament_ws/install/audio_play:/home/hello-robot/ament_ws/install/audio_capture:/home/hello-robot/ament_ws/install/tf2_web_republisher_py:/home/hello-robot/ament_ws/install/stretch_ros_tutorials:/home/hello-robot/ament_ws/install/stretch_funmap:/home/hello-robot/ament_ws/install/stretch_calibration:/home/hello-robot/ament_ws/install/stretch_demos:/home/hello-robot/ament_ws/install/stretch_deep_perception:/home/hello-robot/ament_ws/install/stretch_core:/home/hello-robot/ament_ws/install/respeaker_ros2:/home/hello-robot/ament_ws/install/hello_helpers:/opt/ros/humble LD_LIBRARY_PATH=/home/hello-robot/ament_ws/install/audio_common_msgs/lib:/home/hello-robot/ament_ws/install/tf2_web_republisher/lib:/home/hello-robot/ament_ws/install/speech_recognition_msgs/lib:/home/hello-robot/ament_ws/install/sound_play_msgs/lib:/home/hello-robot/ament_ws/install/rosbridge_test_msgs/lib:/home/hello-robot/ament_ws/install/rosbridge_msgs/lib:/home/hello-robot/ament_ws/install/rosapi_msgs/lib:/home/hello-robot/ament_ws/install/realsense2_camera/lib:/home/hello-robot/ament_ws/install/realsense2_camera_msgs/lib:/home/hello-robot/ament_ws/install/audio_play/lib:/home/hello-robot/ament_ws/install/audio_capture/lib:/usr/lib/x86_64-linux-gnu/gazebo-11/plugins:/opt/ros/humble/opt/rviz_ogre_vendor/lib:/opt/ros/humble/lib/x86_64-linux-gnu:/opt/ros/humble/lib /usr/bin/cmake --build /home/hello-robot/ament_ws/build/sound_play_msgs -- -j16 -l16
[2.291s] Consolidate compiler generated dependencies of target sound_play_msgs__rosidl_generator_c
[2.291s] [  2%] Built target sound_play_msgs__cpp
[2.291s] [ 12%] Built target sound_play_msgs__rosidl_generator_c
[2.292s] [ 12%] Built target ament_cmake_python_copy_sound_play_msgs
[2.292s] Consolidate compiler generated dependencies of target sound_play_msgs__rosidl_typesupport_cpp
[2.292s] Consolidate compiler generated dependencies of target sound_play_msgs__rosidl_typesupport_introspection_cpp
[2.292s] Consolidate compiler generated dependencies of target sound_play_msgs__rosidl_typesupport_fastrtps_cpp
[2.292s] [ 23%] Built target sound_play_msgs__rosidl_typesupport_fastrtps_cpp
[2.293s] Consolidate compiler generated dependencies of target sound_play_msgs__rosidl_typesupport_introspection_c
[2.293s] Consolidate compiler generated dependencies of target sound_play_msgs__rosidl_typesupport_c
[2.293s] [ 43%] Built target sound_play_msgs__rosidl_typesupport_cpp
[2.293s] [ 43%] Built target sound_play_msgs__rosidl_typesupport_introspection_cpp
[2.293s] Consolidate compiler generated dependencies of target sound_play_msgs__rosidl_typesupport_fastrtps_c
[2.293s] [ 53%] Built target sound_play_msgs__rosidl_typesupport_introspection_c
[2.294s] [ 64%] Built target sound_play_msgs__rosidl_typesupport_c
[2.294s] [ 74%] Built target sound_play_msgs__rosidl_typesupport_fastrtps_c
[2.294s] [ 74%] Built target sound_play_msgs
[2.294s] [ 76%] Built target sound_play_msgs__py
[2.294s] Consolidate compiler generated dependencies of target sound_play_msgs__rosidl_generator_py
[2.294s] [ 84%] Built target sound_play_msgs__rosidl_generator_py
[2.295s] Consolidate compiler generated dependencies of target sound_play_msgs__rosidl_typesupport_fastrtps_c__pyext
[2.295s] Consolidate compiler generated dependencies of target sound_play_msgs__rosidl_typesupport_introspection_c__pyext
[2.295s] Consolidate compiler generated dependencies of target sound_play_msgs__rosidl_typesupport_c__pyext
[2.295s] [100%] Built target sound_play_msgs__rosidl_typesupport_introspection_c__pyext
[2.295s] [100%] Built target sound_play_msgs__rosidl_typesupport_fastrtps_c__pyext
[2.296s] [100%] Built target sound_play_msgs__rosidl_typesupport_c__pyext
[2.525s] running egg_info
[2.525s] writing sound_play_msgs.egg-info/PKG-INFO
[2.526s] writing dependency_links to sound_play_msgs.egg-info/dependency_links.txt
[2.526s] writing top-level names to sound_play_msgs.egg-info/top_level.txt
[2.526s] reading manifest file 'sound_play_msgs.egg-info/SOURCES.txt'
[2.527s] writing manifest file 'sound_play_msgs.egg-info/SOURCES.txt'
[2.527s] [100%] Built target ament_cmake_python_build_sound_play_msgs_egg
[2.528s] Invoked command in '/home/hello-robot/ament_ws/build/sound_play_msgs' returned '0': CMAKE_PREFIX_PATH=/home/hello-robot/ament_ws/install/audio_common_msgs:/home/hello-robot/ament_ws/install/tf2_web_republisher:/home/hello-robot/ament_ws/install/stretch_web_teleop:/home/hello-robot/ament_ws/install/stretch_rtabmap:/home/hello-robot/ament_ws/install/stretch_nav2:/home/hello-robot/ament_ws/install/stretch_description:/home/hello-robot/ament_ws/install/speech_recognition_msgs:/home/hello-robot/ament_ws/install/sound_play_msgs:/home/hello-robot/ament_ws/install/audio_common:/home/hello-robot/ament_ws/install/sound_play:/home/hello-robot/ament_ws/install/sllidar_ros2:/home/hello-robot/ament_ws/install/rosbridge_test_msgs:/home/hello-robot/ament_ws/install/rosbridge_suite:/home/hello-robot/ament_ws/install/rosbridge_server:/home/hello-robot/ament_ws/install/rosbridge_msgs:/home/hello-robot/ament_ws/install/rosapi:/home/hello-robot/ament_ws/install/rosbridge_library:/home/hello-robot/ament_ws/install/rosapi_msgs:/home/hello-robot/ament_ws/install/ros2_numpy:/home/hello-robot/ament_ws/install/realsense2_description:/home/hello-robot/ament_ws/install/realsense2_camera:/home/hello-robot/ament_ws/install/realsense2_camera_msgs:/home/hello-robot/ament_ws/install/audio_play:/home/hello-robot/ament_ws/install/audio_capture:/home/hello-robot/ament_ws/install/tf2_web_republisher_py:/home/hello-robot/ament_ws/install/stretch_ros_tutorials:/home/hello-robot/ament_ws/install/stretch_funmap:/home/hello-robot/ament_ws/install/stretch_calibration:/home/hello-robot/ament_ws/install/stretch_demos:/home/hello-robot/ament_ws/install/stretch_deep_perception:/home/hello-robot/ament_ws/install/stretch_core:/home/hello-robot/ament_ws/install/respeaker_ros2:/home/hello-robot/ament_ws/install/hello_helpers:/opt/ros/humble LD_LIBRARY_PATH=/home/hello-robot/ament_ws/install/audio_common_msgs/lib:/home/hello-robot/ament_ws/install/tf2_web_republisher/lib:/home/hello-robot/ament_ws/install/speech_recognition_msgs/lib:/home/hello-robot/ament_ws/install/sound_play_msgs/lib:/home/hello-robot/ament_ws/install/rosbridge_test_msgs/lib:/home/hello-robot/ament_ws/install/rosbridge_msgs/lib:/home/hello-robot/ament_ws/install/rosapi_msgs/lib:/home/hello-robot/ament_ws/install/realsense2_camera/lib:/home/hello-robot/ament_ws/install/realsense2_camera_msgs/lib:/home/hello-robot/ament_ws/install/audio_play/lib:/home/hello-robot/ament_ws/install/audio_capture/lib:/usr/lib/x86_64-linux-gnu/gazebo-11/plugins:/opt/ros/humble/opt/rviz_ogre_vendor/lib:/opt/ros/humble/lib/x86_64-linux-gnu:/opt/ros/humble/lib /usr/bin/cmake --build /home/hello-robot/ament_ws/build/sound_play_msgs -- -j16 -l16
[2.682s] Invoking command in '/home/hello-robot/ament_ws/build/sound_play_msgs': CMAKE_PREFIX_PATH=/home/hello-robot/ament_ws/install/audio_common_msgs:/home/hello-robot/ament_ws/install/tf2_web_republisher:/home/hello-robot/ament_ws/install/stretch_web_teleop:/home/hello-robot/ament_ws/install/stretch_rtabmap:/home/hello-robot/ament_ws/install/stretch_nav2:/home/hello-robot/ament_ws/install/stretch_description:/home/hello-robot/ament_ws/install/speech_recognition_msgs:/home/hello-robot/ament_ws/install/sound_play_msgs:/home/hello-robot/ament_ws/install/audio_common:/home/hello-robot/ament_ws/install/sound_play:/home/hello-robot/ament_ws/install/sllidar_ros2:/home/hello-robot/ament_ws/install/rosbridge_test_msgs:/home/hello-robot/ament_ws/install/rosbridge_suite:/home/hello-robot/ament_ws/install/rosbridge_server:/home/hello-robot/ament_ws/install/rosbridge_msgs:/home/hello-robot/ament_ws/install/rosapi:/home/hello-robot/ament_ws/install/rosbridge_library:/home/hello-robot/ament_ws/install/rosapi_msgs:/home/hello-robot/ament_ws/install/ros2_numpy:/home/hello-robot/ament_ws/install/realsense2_description:/home/hello-robot/ament_ws/install/realsense2_camera:/home/hello-robot/ament_ws/install/realsense2_camera_msgs:/home/hello-robot/ament_ws/install/audio_play:/home/hello-robot/ament_ws/install/audio_capture:/home/hello-robot/ament_ws/install/tf2_web_republisher_py:/home/hello-robot/ament_ws/install/stretch_ros_tutorials:/home/hello-robot/ament_ws/install/stretch_funmap:/home/hello-robot/ament_ws/install/stretch_calibration:/home/hello-robot/ament_ws/install/stretch_demos:/home/hello-robot/ament_ws/install/stretch_deep_perception:/home/hello-robot/ament_ws/install/stretch_core:/home/hello-robot/ament_ws/install/respeaker_ros2:/home/hello-robot/ament_ws/install/hello_helpers:/opt/ros/humble LD_LIBRARY_PATH=/home/hello-robot/ament_ws/install/audio_common_msgs/lib:/home/hello-robot/ament_ws/install/tf2_web_republisher/lib:/home/hello-robot/ament_ws/install/speech_recognition_msgs/lib:/home/hello-robot/ament_ws/install/sound_play_msgs/lib:/home/hello-robot/ament_ws/install/rosbridge_test_msgs/lib:/home/hello-robot/ament_ws/install/rosbridge_msgs/lib:/home/hello-robot/ament_ws/install/rosapi_msgs/lib:/home/hello-robot/ament_ws/install/realsense2_camera/lib:/home/hello-robot/ament_ws/install/realsense2_camera_msgs/lib:/home/hello-robot/ament_ws/install/audio_play/lib:/home/hello-robot/ament_ws/install/audio_capture/lib:/usr/lib/x86_64-linux-gnu/gazebo-11/plugins:/opt/ros/humble/opt/rviz_ogre_vendor/lib:/opt/ros/humble/lib/x86_64-linux-gnu:/opt/ros/humble/lib /usr/bin/cmake --install /home/hello-robot/ament_ws/build/sound_play_msgs
[2.691s] -- Install configuration: "Release"
[2.691s] -- Up-to-date: /home/hello-robot/ament_ws/install/sound_play_msgs/share/ament_index/resource_index/rosidl_interfaces/sound_play_msgs
[2.692s] -- Up-to-date: /home/hello-robot/ament_ws/install/sound_play_msgs/include/sound_play_msgs/sound_play_msgs
[2.692s] -- Up-to-date: /home/hello-robot/ament_ws/install/sound_play_msgs/include/sound_play_msgs/sound_play_msgs/action
[2.692s] -- Up-to-date: /home/hello-robot/ament_ws/install/sound_play_msgs/include/sound_play_msgs/sound_play_msgs/action/detail
[2.692s] -- Up-to-date: /home/hello-robot/ament_ws/install/sound_play_msgs/include/sound_play_msgs/sound_play_msgs/action/detail/sound_request__type_support.h
[2.692s] -- Up-to-date: /home/hello-robot/ament_ws/install/sound_play_msgs/include/sound_play_msgs/sound_play_msgs/action/detail/sound_request__functions.h
[2.693s] -- Up-to-date: /home/hello-robot/ament_ws/install/sound_play_msgs/include/sound_play_msgs/sound_play_msgs/action/detail/sound_request__struct.h
[2.693s] -- Up-to-date: /home/hello-robot/ament_ws/install/sound_play_msgs/include/sound_play_msgs/sound_play_msgs/action/detail/sound_request__functions.c
[2.693s] -- Up-to-date: /home/hello-robot/ament_ws/install/sound_play_msgs/include/sound_play_msgs/sound_play_msgs/action/sound_request.h
[2.693s] -- Up-to-date: /home/hello-robot/ament_ws/install/sound_play_msgs/include/sound_play_msgs/sound_play_msgs/msg
[2.693s] -- Up-to-date: /home/hello-robot/ament_ws/install/sound_play_msgs/include/sound_play_msgs/sound_play_msgs/msg/rosidl_generator_c__visibility_control.h
[2.693s] -- Up-to-date: /home/hello-robot/ament_ws/install/sound_play_msgs/include/sound_play_msgs/sound_play_msgs/msg/detail
[2.693s] -- Up-to-date: /home/hello-robot/ament_ws/install/sound_play_msgs/include/sound_play_msgs/sound_play_msgs/msg/detail/sound_request__type_support.h
[2.693s] -- Up-to-date: /home/hello-robot/ament_ws/install/sound_play_msgs/include/sound_play_msgs/sound_play_msgs/msg/detail/sound_request__functions.h
[2.693s] -- Up-to-date: /home/hello-robot/ament_ws/install/sound_play_msgs/include/sound_play_msgs/sound_play_msgs/msg/detail/sound_request__struct.h
[2.693s] -- Up-to-date: /home/hello-robot/ament_ws/install/sound_play_msgs/include/sound_play_msgs/sound_play_msgs/msg/detail/sound_request__functions.c
[2.693s] -- Up-to-date: /home/hello-robot/ament_ws/install/sound_play_msgs/include/sound_play_msgs/sound_play_msgs/msg/sound_request.h
[2.693s] -- Up-to-date: /home/hello-robot/ament_ws/install/sound_play_msgs/share/sound_play_msgs/environment/library_path.sh
[2.694s] -- Installing: /home/hello-robot/ament_ws/install/sound_play_msgs/share/sound_play_msgs/environment/library_path.dsv
[2.694s] -- Up-to-date: /home/hello-robot/ament_ws/install/sound_play_msgs/lib/libsound_play_msgs__rosidl_generator_c.so
[2.694s] -- Up-to-date: /home/hello-robot/ament_ws/install/sound_play_msgs/include/sound_play_msgs/sound_play_msgs
[2.694s] -- Up-to-date: /home/hello-robot/ament_ws/install/sound_play_msgs/include/sound_play_msgs/sound_play_msgs/action
[2.694s] -- Up-to-date: /home/hello-robot/ament_ws/install/sound_play_msgs/include/sound_play_msgs/sound_play_msgs/action/detail
[2.694s] -- Up-to-date: /home/hello-robot/ament_ws/install/sound_play_msgs/include/sound_play_msgs/sound_play_msgs/action/detail/sound_request__rosidl_typesupport_fastrtps_c.h
[2.694s] -- Up-to-date: /home/hello-robot/ament_ws/install/sound_play_msgs/include/sound_play_msgs/sound_play_msgs/msg
[2.694s] -- Up-to-date: /home/hello-robot/ament_ws/install/sound_play_msgs/include/sound_play_msgs/sound_play_msgs/msg/rosidl_typesupport_fastrtps_c__visibility_control.h
[2.694s] -- Up-to-date: /home/hello-robot/ament_ws/install/sound_play_msgs/include/sound_play_msgs/sound_play_msgs/msg/detail
[2.694s] -- Up-to-date: /home/hello-robot/ament_ws/install/sound_play_msgs/include/sound_play_msgs/sound_play_msgs/msg/detail/sound_request__rosidl_typesupport_fastrtps_c.h
[2.694s] -- Up-to-date: /home/hello-robot/ament_ws/install/sound_play_msgs/lib/libsound_play_msgs__rosidl_typesupport_fastrtps_c.so
[2.694s] -- Up-to-date: /home/hello-robot/ament_ws/install/sound_play_msgs/include/sound_play_msgs/sound_play_msgs
[2.694s] -- Up-to-date: /home/hello-robot/ament_ws/install/sound_play_msgs/include/sound_play_msgs/sound_play_msgs/action
[2.694s] -- Up-to-date: /home/hello-robot/ament_ws/install/sound_play_msgs/include/sound_play_msgs/sound_play_msgs/action/detail
[2.695s] -- Up-to-date: /home/hello-robot/ament_ws/install/sound_play_msgs/include/sound_play_msgs/sound_play_msgs/action/detail/sound_request__rosidl_typesupport_introspection_c.h
[2.695s] -- Up-to-date: /home/hello-robot/ament_ws/install/sound_play_msgs/include/sound_play_msgs/sound_play_msgs/action/detail/sound_request__type_support.c
[2.695s] -- Up-to-date: /home/hello-robot/ament_ws/install/sound_play_msgs/include/sound_play_msgs/sound_play_msgs/msg
[2.695s] -- Up-to-date: /home/hello-robot/ament_ws/install/sound_play_msgs/include/sound_play_msgs/sound_play_msgs/msg/detail
[2.695s] -- Up-to-date: /home/hello-robot/ament_ws/install/sound_play_msgs/include/sound_play_msgs/sound_play_msgs/msg/detail/sound_request__rosidl_typesupport_introspection_c.h
[2.695s] -- Up-to-date: /home/hello-robot/ament_ws/install/sound_play_msgs/include/sound_play_msgs/sound_play_msgs/msg/detail/sound_request__type_support.c
[2.695s] -- Up-to-date: /home/hello-robot/ament_ws/install/sound_play_msgs/include/sound_play_msgs/sound_play_msgs/msg/rosidl_typesupport_introspection_c__visibility_control.h
[2.695s] -- Up-to-date: /home/hello-robot/ament_ws/install/sound_play_msgs/lib/libsound_play_msgs__rosidl_typesupport_introspection_c.so
[2.695s] -- Up-to-date: /home/hello-robot/ament_ws/install/sound_play_msgs/lib/libsound_play_msgs__rosidl_typesupport_c.so
[2.695s] -- Up-to-date: /home/hello-robot/ament_ws/install/sound_play_msgs/include/sound_play_msgs/sound_play_msgs
[2.695s] -- Up-to-date: /home/hello-robot/ament_ws/install/sound_play_msgs/include/sound_play_msgs/sound_play_msgs/action
[2.695s] -- Up-to-date: /home/hello-robot/ament_ws/install/sound_play_msgs/include/sound_play_msgs/sound_play_msgs/action/detail
[2.695s] -- Up-to-date: /home/hello-robot/ament_ws/install/sound_play_msgs/include/sound_play_msgs/sound_play_msgs/action/detail/sound_request__struct.hpp
[2.696s] -- Up-to-date: /home/hello-robot/ament_ws/install/sound_play_msgs/include/sound_play_msgs/sound_play_msgs/action/detail/sound_request__traits.hpp
[2.696s] -- Up-to-date: /home/hello-robot/ament_ws/install/sound_play_msgs/include/sound_play_msgs/sound_play_msgs/action/detail/sound_request__builder.hpp
[2.696s] -- Up-to-date: /home/hello-robot/ament_ws/install/sound_play_msgs/include/sound_play_msgs/sound_play_msgs/action/sound_request.hpp
[2.696s] -- Up-to-date: /home/hello-robot/ament_ws/install/sound_play_msgs/include/sound_play_msgs/sound_play_msgs/msg
[2.696s] -- Up-to-date: /home/hello-robot/ament_ws/install/sound_play_msgs/include/sound_play_msgs/sound_play_msgs/msg/detail
[2.696s] -- Up-to-date: /home/hello-robot/ament_ws/install/sound_play_msgs/include/sound_play_msgs/sound_play_msgs/msg/detail/sound_request__struct.hpp
[2.696s] -- Up-to-date: /home/hello-robot/ament_ws/install/sound_play_msgs/include/sound_play_msgs/sound_play_msgs/msg/detail/sound_request__traits.hpp
[2.696s] -- Up-to-date: /home/hello-robot/ament_ws/install/sound_play_msgs/include/sound_play_msgs/sound_play_msgs/msg/detail/sound_request__builder.hpp
[2.696s] -- Up-to-date: /home/hello-robot/ament_ws/install/sound_play_msgs/include/sound_play_msgs/sound_play_msgs/msg/sound_request.hpp
[2.696s] -- Up-to-date: /home/hello-robot/ament_ws/install/sound_play_msgs/include/sound_play_msgs/sound_play_msgs
[2.696s] -- Up-to-date: /home/hello-robot/ament_ws/install/sound_play_msgs/include/sound_play_msgs/sound_play_msgs/action
[2.696s] -- Up-to-date: /home/hello-robot/ament_ws/install/sound_play_msgs/include/sound_play_msgs/sound_play_msgs/action/detail
[2.696s] -- Up-to-date: /home/hello-robot/ament_ws/install/sound_play_msgs/include/sound_play_msgs/sound_play_msgs/action/detail/dds_fastrtps
[2.696s] -- Up-to-date: /home/hello-robot/ament_ws/install/sound_play_msgs/include/sound_play_msgs/sound_play_msgs/action/detail/sound_request__rosidl_typesupport_fastrtps_cpp.hpp
[2.696s] -- Up-to-date: /home/hello-robot/ament_ws/install/sound_play_msgs/include/sound_play_msgs/sound_play_msgs/msg
[2.697s] -- Up-to-date: /home/hello-robot/ament_ws/install/sound_play_msgs/include/sound_play_msgs/sound_play_msgs/msg/detail
[2.697s] -- Up-to-date: /home/hello-robot/ament_ws/install/sound_play_msgs/include/sound_play_msgs/sound_play_msgs/msg/detail/dds_fastrtps
[2.697s] -- Up-to-date: /home/hello-robot/ament_ws/install/sound_play_msgs/include/sound_play_msgs/sound_play_msgs/msg/detail/sound_request__rosidl_typesupport_fastrtps_cpp.hpp
[2.697s] -- Up-to-date: /home/hello-robot/ament_ws/install/sound_play_msgs/include/sound_play_msgs/sound_play_msgs/msg/rosidl_typesupport_fastrtps_cpp__visibility_control.h
[2.697s] -- Up-to-date: /home/hello-robot/ament_ws/install/sound_play_msgs/lib/libsound_play_msgs__rosidl_typesupport_fastrtps_cpp.so
[2.697s] -- Up-to-date: /home/hello-robot/ament_ws/install/sound_play_msgs/include/sound_play_msgs/sound_play_msgs
[2.697s] -- Up-to-date: /home/hello-robot/ament_ws/install/sound_play_msgs/include/sound_play_msgs/sound_play_msgs/action
[2.697s] -- Up-to-date: /home/hello-robot/ament_ws/install/sound_play_msgs/include/sound_play_msgs/sound_play_msgs/action/detail
[2.697s] -- Up-to-date: /home/hello-robot/ament_ws/install/sound_play_msgs/include/sound_play_msgs/sound_play_msgs/action/detail/sound_request__rosidl_typesupport_introspection_cpp.hpp
[2.697s] -- Up-to-date: /home/hello-robot/ament_ws/install/sound_play_msgs/include/sound_play_msgs/sound_play_msgs/action/detail/sound_request__type_support.cpp
[2.697s] -- Up-to-date: /home/hello-robot/ament_ws/install/sound_play_msgs/include/sound_play_msgs/sound_play_msgs/msg
[2.697s] -- Up-to-date: /home/hello-robot/ament_ws/install/sound_play_msgs/include/sound_play_msgs/sound_play_msgs/msg/detail
[2.697s] -- Up-to-date: /home/hello-robot/ament_ws/install/sound_play_msgs/include/sound_play_msgs/sound_play_msgs/msg/detail/sound_request__rosidl_typesupport_introspection_cpp.hpp
[2.697s] -- Up-to-date: /home/hello-robot/ament_ws/install/sound_play_msgs/include/sound_play_msgs/sound_play_msgs/msg/detail/sound_request__type_support.cpp
[2.697s] -- Up-to-date: /home/hello-robot/ament_ws/install/sound_play_msgs/lib/libsound_play_msgs__rosidl_typesupport_introspection_cpp.so
[2.698s] -- Up-to-date: /home/hello-robot/ament_ws/install/sound_play_msgs/lib/libsound_play_msgs__rosidl_typesupport_cpp.so
[2.698s] -- Up-to-date: /home/hello-robot/ament_ws/install/sound_play_msgs/share/sound_play_msgs/environment/pythonpath.sh
[2.698s] -- Installing: /home/hello-robot/ament_ws/install/sound_play_msgs/share/sound_play_msgs/environment/pythonpath.dsv
[2.698s] -- Up-to-date: /home/hello-robot/ament_ws/install/sound_play_msgs/local/lib/python3.10/dist-packages/sound_play_msgs-0.3.12-py3.10.egg-info
[2.698s] -- Installing: /home/hello-robot/ament_ws/install/sound_play_msgs/local/lib/python3.10/dist-packages/sound_play_msgs-0.3.12-py3.10.egg-info/PKG-INFO
[2.698s] -- Installing: /home/hello-robot/ament_ws/install/sound_play_msgs/local/lib/python3.10/dist-packages/sound_play_msgs-0.3.12-py3.10.egg-info/dependency_links.txt
[2.698s] -- Installing: /home/hello-robot/ament_ws/install/sound_play_msgs/local/lib/python3.10/dist-packages/sound_play_msgs-0.3.12-py3.10.egg-info/top_level.txt
[2.698s] -- Installing: /home/hello-robot/ament_ws/install/sound_play_msgs/local/lib/python3.10/dist-packages/sound_play_msgs-0.3.12-py3.10.egg-info/SOURCES.txt
[2.698s] -- Up-to-date: /home/hello-robot/ament_ws/install/sound_play_msgs/local/lib/python3.10/dist-packages/sound_play_msgs
[2.698s] -- Up-to-date: /home/hello-robot/ament_ws/install/sound_play_msgs/local/lib/python3.10/dist-packages/sound_play_msgs/sound_play_msgs_s__rosidl_typesupport_fastrtps_c.cpython-310-x86_64-linux-gnu.so
[2.698s] -- Up-to-date: /home/hello-robot/ament_ws/install/sound_play_msgs/local/lib/python3.10/dist-packages/sound_play_msgs/sound_play_msgs_s__rosidl_typesupport_introspection_c.cpython-310-x86_64-linux-gnu.so
[2.698s] -- Up-to-date: /home/hello-robot/ament_ws/install/sound_play_msgs/local/lib/python3.10/dist-packages/sound_play_msgs/action
[2.698s] -- Up-to-date: /home/hello-robot/ament_ws/install/sound_play_msgs/local/lib/python3.10/dist-packages/sound_play_msgs/action/_sound_request_s.c
[2.698s] -- Up-to-date: /home/hello-robot/ament_ws/install/sound_play_msgs/local/lib/python3.10/dist-packages/sound_play_msgs/action/__init__.py
[2.698s] -- Up-to-date: /home/hello-robot/ament_ws/install/sound_play_msgs/local/lib/python3.10/dist-packages/sound_play_msgs/action/_sound_request.py
[2.698s] -- Up-to-date: /home/hello-robot/ament_ws/install/sound_play_msgs/local/lib/python3.10/dist-packages/sound_play_msgs/libsound_play_msgs__rosidl_generator_py.so
[2.699s] -- Up-to-date: /home/hello-robot/ament_ws/install/sound_play_msgs/local/lib/python3.10/dist-packages/sound_play_msgs/_sound_play_msgs_s.ep.rosidl_typesupport_c.c
[2.699s] -- Up-to-date: /home/hello-robot/ament_ws/install/sound_play_msgs/local/lib/python3.10/dist-packages/sound_play_msgs/msg
[2.699s] -- Up-to-date: /home/hello-robot/ament_ws/install/sound_play_msgs/local/lib/python3.10/dist-packages/sound_play_msgs/msg/_sound_request_s.c
[2.699s] -- Up-to-date: /home/hello-robot/ament_ws/install/sound_play_msgs/local/lib/python3.10/dist-packages/sound_play_msgs/msg/__init__.py
[2.699s] -- Up-to-date: /home/hello-robot/ament_ws/install/sound_play_msgs/local/lib/python3.10/dist-packages/sound_play_msgs/msg/_sound_request.py
[2.699s] -- Up-to-date: /home/hello-robot/ament_ws/install/sound_play_msgs/local/lib/python3.10/dist-packages/sound_play_msgs/_sound_play_msgs_s.ep.rosidl_typesupport_introspection_c.c
[2.699s] -- Installing: /home/hello-robot/ament_ws/install/sound_play_msgs/local/lib/python3.10/dist-packages/sound_play_msgs/__init__.py
[2.699s] -- Up-to-date: /home/hello-robot/ament_ws/install/sound_play_msgs/local/lib/python3.10/dist-packages/sound_play_msgs/sound_play_msgs_s__rosidl_typesupport_c.cpython-310-x86_64-linux-gnu.so
[2.699s] -- Up-to-date: /home/hello-robot/ament_ws/install/sound_play_msgs/local/lib/python3.10/dist-packages/sound_play_msgs/_sound_play_msgs_s.ep.rosidl_typesupport_fastrtps_c.c
[2.729s] Listing '/home/hello-robot/ament_ws/install/sound_play_msgs/local/lib/python3.10/dist-packages/sound_play_msgs'...
[2.729s] Compiling '/home/hello-robot/ament_ws/install/sound_play_msgs/local/lib/python3.10/dist-packages/sound_play_msgs/__init__.py'...
[2.729s] Listing '/home/hello-robot/ament_ws/install/sound_play_msgs/local/lib/python3.10/dist-packages/sound_play_msgs/action'...
[2.729s] Listing '/home/hello-robot/ament_ws/install/sound_play_msgs/local/lib/python3.10/dist-packages/sound_play_msgs/msg'...
[2.734s] -- Up-to-date: /home/hello-robot/ament_ws/install/sound_play_msgs/local/lib/python3.10/dist-packages/sound_play_msgs/sound_play_msgs_s__rosidl_typesupport_fastrtps_c.cpython-310-x86_64-linux-gnu.so
[2.734s] -- Up-to-date: /home/hello-robot/ament_ws/install/sound_play_msgs/local/lib/python3.10/dist-packages/sound_play_msgs/sound_play_msgs_s__rosidl_typesupport_introspection_c.cpython-310-x86_64-linux-gnu.so
[2.734s] -- Up-to-date: /home/hello-robot/ament_ws/install/sound_play_msgs/local/lib/python3.10/dist-packages/sound_play_msgs/sound_play_msgs_s__rosidl_typesupport_c.cpython-310-x86_64-linux-gnu.so
[2.735s] -- Up-to-date: /home/hello-robot/ament_ws/install/sound_play_msgs/lib/libsound_play_msgs__rosidl_generator_py.so
[2.735s] -- Up-to-date: /home/hello-robot/ament_ws/install/sound_play_msgs/share/sound_play_msgs/msg/SoundRequest.idl
[2.735s] -- Up-to-date: /home/hello-robot/ament_ws/install/sound_play_msgs/share/sound_play_msgs/action/SoundRequest.idl
[2.736s] -- Up-to-date: /home/hello-robot/ament_ws/install/sound_play_msgs/share/sound_play_msgs/msg/SoundRequest.msg
[2.736s] -- Up-to-date: /home/hello-robot/ament_ws/install/sound_play_msgs/share/sound_play_msgs/action/SoundRequest.action
[2.736s] -- Up-to-date: /home/hello-robot/ament_ws/install/sound_play_msgs/share/ament_index/resource_index/package_run_dependencies/sound_play_msgs
[2.736s] -- Installing: /home/hello-robot/ament_ws/install/sound_play_msgs/share/ament_index/resource_index/parent_prefix_path/sound_play_msgs
[2.736s] -- Up-to-date: /home/hello-robot/ament_ws/install/sound_play_msgs/share/sound_play_msgs/environment/ament_prefix_path.sh
[2.736s] -- Installing: /home/hello-robot/ament_ws/install/sound_play_msgs/share/sound_play_msgs/environment/ament_prefix_path.dsv
[2.736s] -- Up-to-date: /home/hello-robot/ament_ws/install/sound_play_msgs/share/sound_play_msgs/environment/path.sh
[2.737s] -- Installing: /home/hello-robot/ament_ws/install/sound_play_msgs/share/sound_play_msgs/environment/path.dsv
[2.737s] -- Up-to-date: /home/hello-robot/ament_ws/install/sound_play_msgs/share/sound_play_msgs/local_setup.bash
[2.737s] -- Up-to-date: /home/hello-robot/ament_ws/install/sound_play_msgs/share/sound_play_msgs/local_setup.sh
[2.737s] -- Up-to-date: /home/hello-robot/ament_ws/install/sound_play_msgs/share/sound_play_msgs/local_setup.zsh
[2.738s] -- Installing: /home/hello-robot/ament_ws/install/sound_play_msgs/share/sound_play_msgs/local_setup.dsv
[2.738s] -- Installing: /home/hello-robot/ament_ws/install/sound_play_msgs/share/sound_play_msgs/package.dsv
[2.738s] -- Up-to-date: /home/hello-robot/ament_ws/install/sound_play_msgs/share/ament_index/resource_index/packages/sound_play_msgs
[2.739s] -- Up-to-date: /home/hello-robot/ament_ws/install/sound_play_msgs/share/sound_play_msgs/cmake/export_sound_play_msgs__rosidl_generator_cExport.cmake
[2.739s] -- Up-to-date: /home/hello-robot/ament_ws/install/sound_play_msgs/share/sound_play_msgs/cmake/export_sound_play_msgs__rosidl_generator_cExport-release.cmake
[2.740s] -- Up-to-date: /home/hello-robot/ament_ws/install/sound_play_msgs/share/sound_play_msgs/cmake/export_sound_play_msgs__rosidl_typesupport_fastrtps_cExport.cmake
[2.740s] -- Up-to-date: /home/hello-robot/ament_ws/install/sound_play_msgs/share/sound_play_msgs/cmake/export_sound_play_msgs__rosidl_typesupport_fastrtps_cExport-release.cmake
[2.740s] -- Up-to-date: /home/hello-robot/ament_ws/install/sound_play_msgs/share/sound_play_msgs/cmake/sound_play_msgs__rosidl_typesupport_introspection_cExport.cmake
[2.741s] -- Up-to-date: /home/hello-robot/ament_ws/install/sound_play_msgs/share/sound_play_msgs/cmake/sound_play_msgs__rosidl_typesupport_introspection_cExport-release.cmake
[2.741s] -- Up-to-date: /home/hello-robot/ament_ws/install/sound_play_msgs/share/sound_play_msgs/cmake/sound_play_msgs__rosidl_typesupport_cExport.cmake
[2.741s] -- Up-to-date: /home/hello-robot/ament_ws/install/sound_play_msgs/share/sound_play_msgs/cmake/sound_play_msgs__rosidl_typesupport_cExport-release.cmake
[2.742s] -- Up-to-date: /home/hello-robot/ament_ws/install/sound_play_msgs/share/sound_play_msgs/cmake/export_sound_play_msgs__rosidl_generator_cppExport.cmake
[2.742s] -- Up-to-date: /home/hello-robot/ament_ws/install/sound_play_msgs/share/sound_play_msgs/cmake/export_sound_play_msgs__rosidl_typesupport_fastrtps_cppExport.cmake
[2.742s] -- Up-to-date: /home/hello-robot/ament_ws/install/sound_play_msgs/share/sound_play_msgs/cmake/export_sound_play_msgs__rosidl_typesupport_fastrtps_cppExport-release.cmake
[2.742s] -- Up-to-date: /home/hello-robot/ament_ws/install/sound_play_msgs/share/sound_play_msgs/cmake/sound_play_msgs__rosidl_typesupport_introspection_cppExport.cmake
[2.742s] -- Up-to-date: /home/hello-robot/ament_ws/install/sound_play_msgs/share/sound_play_msgs/cmake/sound_play_msgs__rosidl_typesupport_introspection_cppExport-release.cmake
[2.743s] -- Up-to-date: /home/hello-robot/ament_ws/install/sound_play_msgs/share/sound_play_msgs/cmake/sound_play_msgs__rosidl_typesupport_cppExport.cmake
[2.743s] -- Up-to-date: /home/hello-robot/ament_ws/install/sound_play_msgs/share/sound_play_msgs/cmake/sound_play_msgs__rosidl_typesupport_cppExport-release.cmake
[2.743s] -- Up-to-date: /home/hello-robot/ament_ws/install/sound_play_msgs/share/sound_play_msgs/cmake/export_sound_play_msgs__rosidl_generator_pyExport.cmake
[2.744s] -- Up-to-date: /home/hello-robot/ament_ws/install/sound_play_msgs/share/sound_play_msgs/cmake/export_sound_play_msgs__rosidl_generator_pyExport-release.cmake
[2.744s] -- Up-to-date: /home/hello-robot/ament_ws/install/sound_play_msgs/share/sound_play_msgs/cmake/rosidl_cmake-extras.cmake
[2.745s] -- Up-to-date: /home/hello-robot/ament_ws/install/sound_play_msgs/share/sound_play_msgs/cmake/ament_cmake_export_dependencies-extras.cmake
[2.745s] -- Up-to-date: /home/hello-robot/ament_ws/install/sound_play_msgs/share/sound_play_msgs/cmake/ament_cmake_export_include_directories-extras.cmake
[2.745s] -- Up-to-date: /home/hello-robot/ament_ws/install/sound_play_msgs/share/sound_play_msgs/cmake/ament_cmake_export_libraries-extras.cmake
[2.745s] -- Up-to-date: /home/hello-robot/ament_ws/install/sound_play_msgs/share/sound_play_msgs/cmake/ament_cmake_export_targets-extras.cmake
[2.746s] -- Up-to-date: /home/hello-robot/ament_ws/install/sound_play_msgs/share/sound_play_msgs/cmake/rosidl_cmake_export_typesupport_targets-extras.cmake
[2.746s] -- Up-to-date: /home/hello-robot/ament_ws/install/sound_play_msgs/share/sound_play_msgs/cmake/rosidl_cmake_export_typesupport_libraries-extras.cmake
[2.746s] -- Up-to-date: /home/hello-robot/ament_ws/install/sound_play_msgs/share/sound_play_msgs/cmake/sound_play_msgsConfig.cmake
[2.746s] -- Up-to-date: /home/hello-robot/ament_ws/install/sound_play_msgs/share/sound_play_msgs/cmake/sound_play_msgsConfig-version.cmake
[2.747s] -- Up-to-date: /home/hello-robot/ament_ws/install/sound_play_msgs/share/sound_play_msgs/package.xml
[2.749s] Invoked command in '/home/hello-robot/ament_ws/build/sound_play_msgs' returned '0': CMAKE_PREFIX_PATH=/home/hello-robot/ament_ws/install/audio_common_msgs:/home/hello-robot/ament_ws/install/tf2_web_republisher:/home/hello-robot/ament_ws/install/stretch_web_teleop:/home/hello-robot/ament_ws/install/stretch_rtabmap:/home/hello-robot/ament_ws/install/stretch_nav2:/home/hello-robot/ament_ws/install/stretch_description:/home/hello-robot/ament_ws/install/speech_recognition_msgs:/home/hello-robot/ament_ws/install/sound_play_msgs:/home/hello-robot/ament_ws/install/audio_common:/home/hello-robot/ament_ws/install/sound_play:/home/hello-robot/ament_ws/install/sllidar_ros2:/home/hello-robot/ament_ws/install/rosbridge_test_msgs:/home/hello-robot/ament_ws/install/rosbridge_suite:/home/hello-robot/ament_ws/install/rosbridge_server:/home/hello-robot/ament_ws/install/rosbridge_msgs:/home/hello-robot/ament_ws/install/rosapi:/home/hello-robot/ament_ws/install/rosbridge_library:/home/hello-robot/ament_ws/install/rosapi_msgs:/home/hello-robot/ament_ws/install/ros2_numpy:/home/hello-robot/ament_ws/install/realsense2_description:/home/hello-robot/ament_ws/install/realsense2_camera:/home/hello-robot/ament_ws/install/realsense2_camera_msgs:/home/hello-robot/ament_ws/install/audio_play:/home/hello-robot/ament_ws/install/audio_capture:/home/hello-robot/ament_ws/install/tf2_web_republisher_py:/home/hello-robot/ament_ws/install/stretch_ros_tutorials:/home/hello-robot/ament_ws/install/stretch_funmap:/home/hello-robot/ament_ws/install/stretch_calibration:/home/hello-robot/ament_ws/install/stretch_demos:/home/hello-robot/ament_ws/install/stretch_deep_perception:/home/hello-robot/ament_ws/install/stretch_core:/home/hello-robot/ament_ws/install/respeaker_ros2:/home/hello-robot/ament_ws/install/hello_helpers:/opt/ros/humble LD_LIBRARY_PATH=/home/hello-robot/ament_ws/install/audio_common_msgs/lib:/home/hello-robot/ament_ws/install/tf2_web_republisher/lib:/home/hello-robot/ament_ws/install/speech_recognition_msgs/lib:/home/hello-robot/ament_ws/install/sound_play_msgs/lib:/home/hello-robot/ament_ws/install/rosbridge_test_msgs/lib:/home/hello-robot/ament_ws/install/rosbridge_msgs/lib:/home/hello-robot/ament_ws/install/rosapi_msgs/lib:/home/hello-robot/ament_ws/install/realsense2_camera/lib:/home/hello-robot/ament_ws/install/realsense2_camera_msgs/lib:/home/hello-robot/ament_ws/install/audio_play/lib:/home/hello-robot/ament_ws/install/audio_capture/lib:/usr/lib/x86_64-linux-gnu/gazebo-11/plugins:/opt/ros/humble/opt/rviz_ogre_vendor/lib:/opt/ros/humble/lib/x86_64-linux-gnu:/opt/ros/humble/lib /usr/bin/cmake --install /home/hello-robot/ament_ws/build/sound_play_msgs
