[0.094s] Invoking command in '/home/hello-robot/ament_ws/build/stretch_web_teleop': AMENT_PREFIX_PATH=/home/hello-robot/ament_ws/install/rosbridge_server:/home/hello-robot/ament_ws/install/rosapi:/home/hello-robot/ament_ws/install/rosbridge_library:/home/hello-robot/ament_ws/install/rosbridge_msgs:/home/hello-robot/ament_ws/install/rosapi_msgs:${AMENT_PREFIX_PATH} CMAKE_PREFIX_PATH=/home/hello-robot/ament_ws/install/rosbridge_server:/home/hello-robot/ament_ws/install/rosapi:/home/hello-robot/ament_ws/install/rosbridge_library:/home/hello-robot/ament_ws/install/rosbridge_msgs:/home/hello-robot/ament_ws/install/rosapi_msgs:/opt/ros/humble LD_LIBRARY_PATH=/home/hello-robot/ament_ws/install/rosbridge_msgs/lib:/home/hello-robot/ament_ws/install/rosapi_msgs/lib:${LD_LIBRARY_PATH} PYTHONPATH=/home/hello-robot/ament_ws/install/rosbridge_server/local/lib/python3.10/dist-packages:/home/hello-robot/ament_ws/install/rosapi/local/lib/python3.10/dist-packages:/home/hello-robot/ament_ws/install/rosbridge_library/local/lib/python3.10/dist-packages:/home/hello-robot/ament_ws/install/rosbridge_msgs/local/lib/python3.10/dist-packages:/home/hello-robot/ament_ws/install/rosapi_msgs/local/lib/python3.10/dist-packages:${PYTHONPATH} /usr/bin/cmake /home/hello-robot/ament_ws/src/stretch_web_teleop -DCMAKE_BUILD_TYPE=Release -DCMAKE_INSTALL_PREFIX=/home/hello-robot/ament_ws/install/stretch_web_teleop
[0.171s] -- The C compiler identification is GNU 11.4.0
[0.242s] -- The CXX compiler identification is GNU 11.4.0
[0.250s] -- Detecting C compiler ABI info
[0.339s] -- Detecting C compiler ABI info - done
[0.349s] -- Check for working C compiler: /usr/bin/cc - skipped
[0.349s] -- Detecting C compile features
[0.349s] -- Detecting C compile features - done
[0.353s] -- Detecting CXX compiler ABI info
[0.457s] -- Detecting CXX compiler ABI info - done
[0.468s] -- Check for working CXX compiler: /usr/bin/c++ - skipped
[0.468s] -- Detecting CXX compile features
[0.469s] -- Detecting CXX compile features - done
[0.473s] -- Found ament_cmake: 1.3.8 (/opt/ros/humble/share/ament_cmake/cmake)
[0.742s] -- Found Python3: /usr/bin/python3 (found version "3.10.12") found components: Interpreter 
[0.885s] -- Found rosbridge_server: 1.3.2 (/home/hello-robot/ament_ws/install/rosbridge_server/share/rosbridge_server/cmake)
[0.936s] -- Configuring done
[0.938s] -- Generating done
[0.939s] -- Build files have been written to: /home/hello-robot/ament_ws/build/stretch_web_teleop
[0.944s] Invoked command in '/home/hello-robot/ament_ws/build/stretch_web_teleop' returned '0': AMENT_PREFIX_PATH=/home/hello-robot/ament_ws/install/rosbridge_server:/home/hello-robot/ament_ws/install/rosapi:/home/hello-robot/ament_ws/install/rosbridge_library:/home/hello-robot/ament_ws/install/rosbridge_msgs:/home/hello-robot/ament_ws/install/rosapi_msgs:${AMENT_PREFIX_PATH} CMAKE_PREFIX_PATH=/home/hello-robot/ament_ws/install/rosbridge_server:/home/hello-robot/ament_ws/install/rosapi:/home/hello-robot/ament_ws/install/rosbridge_library:/home/hello-robot/ament_ws/install/rosbridge_msgs:/home/hello-robot/ament_ws/install/rosapi_msgs:/opt/ros/humble LD_LIBRARY_PATH=/home/hello-robot/ament_ws/install/rosbridge_msgs/lib:/home/hello-robot/ament_ws/install/rosapi_msgs/lib:${LD_LIBRARY_PATH} PYTHONPATH=/home/hello-robot/ament_ws/install/rosbridge_server/local/lib/python3.10/dist-packages:/home/hello-robot/ament_ws/install/rosapi/local/lib/python3.10/dist-packages:/home/hello-robot/ament_ws/install/rosbridge_library/local/lib/python3.10/dist-packages:/home/hello-robot/ament_ws/install/rosbridge_msgs/local/lib/python3.10/dist-packages:/home/hello-robot/ament_ws/install/rosapi_msgs/local/lib/python3.10/dist-packages:${PYTHONPATH} /usr/bin/cmake /home/hello-robot/ament_ws/src/stretch_web_teleop -DCMAKE_BUILD_TYPE=Release -DCMAKE_INSTALL_PREFIX=/home/hello-robot/ament_ws/install/stretch_web_teleop
[0.946s] Invoking command in '/home/hello-robot/ament_ws/build/stretch_web_teleop': AMENT_PREFIX_PATH=/home/hello-robot/ament_ws/install/rosbridge_server:/home/hello-robot/ament_ws/install/rosapi:/home/hello-robot/ament_ws/install/rosbridge_library:/home/hello-robot/ament_ws/install/rosbridge_msgs:/home/hello-robot/ament_ws/install/rosapi_msgs:${AMENT_PREFIX_PATH} CMAKE_PREFIX_PATH=/home/hello-robot/ament_ws/install/rosbridge_server:/home/hello-robot/ament_ws/install/rosapi:/home/hello-robot/ament_ws/install/rosbridge_library:/home/hello-robot/ament_ws/install/rosbridge_msgs:/home/hello-robot/ament_ws/install/rosapi_msgs:/opt/ros/humble LD_LIBRARY_PATH=/home/hello-robot/ament_ws/install/rosbridge_msgs/lib:/home/hello-robot/ament_ws/install/rosapi_msgs/lib:${LD_LIBRARY_PATH} PYTHONPATH=/home/hello-robot/ament_ws/install/rosbridge_server/local/lib/python3.10/dist-packages:/home/hello-robot/ament_ws/install/rosapi/local/lib/python3.10/dist-packages:/home/hello-robot/ament_ws/install/rosbridge_library/local/lib/python3.10/dist-packages:/home/hello-robot/ament_ws/install/rosbridge_msgs/local/lib/python3.10/dist-packages:/home/hello-robot/ament_ws/install/rosapi_msgs/local/lib/python3.10/dist-packages:${PYTHONPATH} /usr/bin/cmake --build /home/hello-robot/ament_ws/build/stretch_web_teleop -- -j16 -l16
[0.994s] Invoked command in '/home/hello-robot/ament_ws/build/stretch_web_teleop' returned '0': AMENT_PREFIX_PATH=/home/hello-robot/ament_ws/install/rosbridge_server:/home/hello-robot/ament_ws/install/rosapi:/home/hello-robot/ament_ws/install/rosbridge_library:/home/hello-robot/ament_ws/install/rosbridge_msgs:/home/hello-robot/ament_ws/install/rosapi_msgs:${AMENT_PREFIX_PATH} CMAKE_PREFIX_PATH=/home/hello-robot/ament_ws/install/rosbridge_server:/home/hello-robot/ament_ws/install/rosapi:/home/hello-robot/ament_ws/install/rosbridge_library:/home/hello-robot/ament_ws/install/rosbridge_msgs:/home/hello-robot/ament_ws/install/rosapi_msgs:/opt/ros/humble LD_LIBRARY_PATH=/home/hello-robot/ament_ws/install/rosbridge_msgs/lib:/home/hello-robot/ament_ws/install/rosapi_msgs/lib:${LD_LIBRARY_PATH} PYTHONPATH=/home/hello-robot/ament_ws/install/rosbridge_server/local/lib/python3.10/dist-packages:/home/hello-robot/ament_ws/install/rosapi/local/lib/python3.10/dist-packages:/home/hello-robot/ament_ws/install/rosbridge_library/local/lib/python3.10/dist-packages:/home/hello-robot/ament_ws/install/rosbridge_msgs/local/lib/python3.10/dist-packages:/home/hello-robot/ament_ws/install/rosapi_msgs/local/lib/python3.10/dist-packages:${PYTHONPATH} /usr/bin/cmake --build /home/hello-robot/ament_ws/build/stretch_web_teleop -- -j16 -l16
[1.018s] Invoking command in '/home/hello-robot/ament_ws/build/stretch_web_teleop': AMENT_PREFIX_PATH=/home/hello-robot/ament_ws/install/rosbridge_server:/home/hello-robot/ament_ws/install/rosapi:/home/hello-robot/ament_ws/install/rosbridge_library:/home/hello-robot/ament_ws/install/rosbridge_msgs:/home/hello-robot/ament_ws/install/rosapi_msgs:${AMENT_PREFIX_PATH} CMAKE_PREFIX_PATH=/home/hello-robot/ament_ws/install/rosbridge_server:/home/hello-robot/ament_ws/install/rosapi:/home/hello-robot/ament_ws/install/rosbridge_library:/home/hello-robot/ament_ws/install/rosbridge_msgs:/home/hello-robot/ament_ws/install/rosapi_msgs:/opt/ros/humble LD_LIBRARY_PATH=/home/hello-robot/ament_ws/install/rosbridge_msgs/lib:/home/hello-robot/ament_ws/install/rosapi_msgs/lib:${LD_LIBRARY_PATH} PYTHONPATH=/home/hello-robot/ament_ws/install/rosbridge_server/local/lib/python3.10/dist-packages:/home/hello-robot/ament_ws/install/rosapi/local/lib/python3.10/dist-packages:/home/hello-robot/ament_ws/install/rosbridge_library/local/lib/python3.10/dist-packages:/home/hello-robot/ament_ws/install/rosbridge_msgs/local/lib/python3.10/dist-packages:/home/hello-robot/ament_ws/install/rosapi_msgs/local/lib/python3.10/dist-packages:${PYTHONPATH} /usr/bin/cmake --install /home/hello-robot/ament_ws/build/stretch_web_teleop
[1.028s] -- Install configuration: "Release"
[1.028s] -- Installing: /home/hello-robot/ament_ws/install/stretch_web_teleop/lib/stretch_web_teleop/configure_video_streams.py
[1.028s] -- Installing: /home/hello-robot/ament_ws/install/stretch_web_teleop/lib/stretch_web_teleop/navigation_camera.py
[1.028s] -- Installing: /home/hello-robot/ament_ws/install/stretch_web_teleop/share/stretch_web_teleop/launch
[1.028s] -- Installing: /home/hello-robot/ament_ws/install/stretch_web_teleop/share/stretch_web_teleop/launch/web_interface.launch.py
[1.028s] -- Installing: /home/hello-robot/ament_ws/install/stretch_web_teleop/share/stretch_web_teleop/launch/navigation_camera.launch.py
[1.028s] -- Installing: /home/hello-robot/ament_ws/install/stretch_web_teleop/share/stretch_web_teleop/launch/multi_camera.launch.py
[1.029s] -- Installing: /home/hello-robot/ament_ws/install/stretch_web_teleop/share/stretch_web_teleop/launch/gripper_camera.launch.py
[1.029s] -- Installing: /home/hello-robot/ament_ws/install/stretch_web_teleop/share/stretch_web_teleop/certificates
[1.029s] -- Installing: /home/hello-robot/ament_ws/install/stretch_web_teleop/share/stretch_web_teleop/certificates/stretch-se3-3014+6-key.pem
[1.029s] -- Installing: /home/hello-robot/ament_ws/install/stretch_web_teleop/share/stretch_web_teleop/certificates/.gitkeep
[1.029s] -- Installing: /home/hello-robot/ament_ws/install/stretch_web_teleop/share/stretch_web_teleop/certificates/rootCA-key.pem
[1.029s] -- Installing: /home/hello-robot/ament_ws/install/stretch_web_teleop/share/stretch_web_teleop/certificates/stretch-se3-3014+6.pem
[1.029s] -- Installing: /home/hello-robot/ament_ws/install/stretch_web_teleop/share/stretch_web_teleop/certificates/rootCA.pem
[1.030s] -- Installing: /home/hello-robot/ament_ws/install/stretch_web_teleop/share/stretch_web_teleop/nodes
[1.030s] -- Installing: /home/hello-robot/ament_ws/install/stretch_web_teleop/share/stretch_web_teleop/nodes/configure_video_streams.py
[1.030s] -- Installing: /home/hello-robot/ament_ws/install/stretch_web_teleop/share/stretch_web_teleop/nodes/old_navigation_camera.py
[1.030s] -- Installing: /home/hello-robot/ament_ws/install/stretch_web_teleop/share/stretch_web_teleop/nodes/navigation_camera.py
[1.030s] -- Installing: /home/hello-robot/ament_ws/install/stretch_web_teleop/share/stretch_web_teleop/nodes/gripper_camera.py
[1.030s] -- Installing: /home/hello-robot/ament_ws/install/stretch_web_teleop/share/stretch_web_teleop/nodes/blank_image.png
[1.030s] -- Installing: /home/hello-robot/ament_ws/install/stretch_web_teleop/share/stretch_web_teleop/config
[1.030s] -- Installing: /home/hello-robot/ament_ws/install/stretch_web_teleop/share/stretch_web_teleop/config/configure_video_streams_params.yaml
[1.030s] -- Installing: /home/hello-robot/ament_ws/install/stretch_web_teleop/share/stretch_web_teleop/maps
[1.030s] -- Installing: /home/hello-robot/ament_ws/install/stretch_web_teleop/share/stretch_web_teleop/maps/map.pgm
[1.031s] -- Installing: /home/hello-robot/ament_ws/install/stretch_web_teleop/share/stretch_web_teleop/maps/map.yaml
[1.031s] -- Installing: /home/hello-robot/ament_ws/install/stretch_web_teleop/share/ament_index/resource_index/package_run_dependencies/stretch_web_teleop
[1.031s] -- Installing: /home/hello-robot/ament_ws/install/stretch_web_teleop/share/ament_index/resource_index/parent_prefix_path/stretch_web_teleop
[1.032s] -- Installing: /home/hello-robot/ament_ws/install/stretch_web_teleop/share/stretch_web_teleop/environment/ament_prefix_path.sh
[1.032s] -- Installing: /home/hello-robot/ament_ws/install/stretch_web_teleop/share/stretch_web_teleop/environment/ament_prefix_path.dsv
[1.032s] -- Installing: /home/hello-robot/ament_ws/install/stretch_web_teleop/share/stretch_web_teleop/environment/path.sh
[1.032s] -- Installing: /home/hello-robot/ament_ws/install/stretch_web_teleop/share/stretch_web_teleop/environment/path.dsv
[1.032s] -- Installing: /home/hello-robot/ament_ws/install/stretch_web_teleop/share/stretch_web_teleop/local_setup.bash
[1.032s] -- Installing: /home/hello-robot/ament_ws/install/stretch_web_teleop/share/stretch_web_teleop/local_setup.sh
[1.032s] -- Installing: /home/hello-robot/ament_ws/install/stretch_web_teleop/share/stretch_web_teleop/local_setup.zsh
[1.032s] -- Installing: /home/hello-robot/ament_ws/install/stretch_web_teleop/share/stretch_web_teleop/local_setup.dsv
[1.032s] -- Installing: /home/hello-robot/ament_ws/install/stretch_web_teleop/share/stretch_web_teleop/package.dsv
[1.033s] -- Installing: /home/hello-robot/ament_ws/install/stretch_web_teleop/share/ament_index/resource_index/packages/stretch_web_teleop
[1.033s] -- Installing: /home/hello-robot/ament_ws/install/stretch_web_teleop/share/stretch_web_teleop/cmake/stretch_web_teleopConfig.cmake
[1.033s] -- Installing: /home/hello-robot/ament_ws/install/stretch_web_teleop/share/stretch_web_teleop/cmake/stretch_web_teleopConfig-version.cmake
[1.033s] -- Installing: /home/hello-robot/ament_ws/install/stretch_web_teleop/share/stretch_web_teleop/package.xml
[1.035s] Invoked command in '/home/hello-robot/ament_ws/build/stretch_web_teleop' returned '0': AMENT_PREFIX_PATH=/home/hello-robot/ament_ws/install/rosbridge_server:/home/hello-robot/ament_ws/install/rosapi:/home/hello-robot/ament_ws/install/rosbridge_library:/home/hello-robot/ament_ws/install/rosbridge_msgs:/home/hello-robot/ament_ws/install/rosapi_msgs:${AMENT_PREFIX_PATH} CMAKE_PREFIX_PATH=/home/hello-robot/ament_ws/install/rosbridge_server:/home/hello-robot/ament_ws/install/rosapi:/home/hello-robot/ament_ws/install/rosbridge_library:/home/hello-robot/ament_ws/install/rosbridge_msgs:/home/hello-robot/ament_ws/install/rosapi_msgs:/opt/ros/humble LD_LIBRARY_PATH=/home/hello-robot/ament_ws/install/rosbridge_msgs/lib:/home/hello-robot/ament_ws/install/rosapi_msgs/lib:${LD_LIBRARY_PATH} PYTHONPATH=/home/hello-robot/ament_ws/install/rosbridge_server/local/lib/python3.10/dist-packages:/home/hello-robot/ament_ws/install/rosapi/local/lib/python3.10/dist-packages:/home/hello-robot/ament_ws/install/rosbridge_library/local/lib/python3.10/dist-packages:/home/hello-robot/ament_ws/install/rosbridge_msgs/local/lib/python3.10/dist-packages:/home/hello-robot/ament_ws/install/rosapi_msgs/local/lib/python3.10/dist-packages:${PYTHONPATH} /usr/bin/cmake --install /home/hello-robot/ament_ws/build/stretch_web_teleop
