[0.844s] Invoking command in '/home/hello-robot/ament_ws/build/rosbridge_msgs': CMAKE_PREFIX_PATH=${CMAKE_PREFIX_PATH}:/home/hello-robot/ament_ws/install/tf2_web_republisher_py:/home/hello-robot/ament_ws/install/stretch_ros_tutorials:/home/hello-robot/ament_ws/install/stretch_funmap:/home/hello-robot/ament_ws/install/stretch_calibration:/home/hello-robot/ament_ws/install/stretch_demos:/home/hello-robot/ament_ws/install/stretch_deep_perception:/home/hello-robot/ament_ws/install/stretch_core:/home/hello-robot/ament_ws/install/respeaker_ros2:/home/hello-robot/ament_ws/install/hello_helpers:/opt/ros/humble /usr/bin/cmake --build /home/hello-robot/ament_ws/build/rosbridge_msgs -- -j16 -l16
[3.791s] [  2%] Built target rosbridge_msgs__cpp
[3.791s] [ 12%] Built target rosbridge_msgs__rosidl_generator_c
[3.791s] [ 12%] Built target ament_cmake_python_copy_rosbridge_msgs
[3.791s] [ 23%] Built target rosbridge_msgs__rosidl_typesupport_fastrtps_cpp
[3.791s] [ 33%] Built target rosbridge_msgs__rosidl_typesupport_cpp
[3.791s] [ 43%] Built target rosbridge_msgs__rosidl_typesupport_introspection_c
[3.791s] [ 53%] Built target rosbridge_msgs__rosidl_typesupport_introspection_cpp
[3.791s] [ 64%] Built target rosbridge_msgs__rosidl_typesupport_fastrtps_c
[3.791s] [ 74%] Built target rosbridge_msgs__rosidl_typesupport_c
[3.791s] [ 74%] Built target rosbridge_msgs
[3.791s] [ 76%] Built target rosbridge_msgs__py
[3.791s] [ 84%] Built target rosbridge_msgs__rosidl_generator_py
[3.791s] [ 92%] Built target rosbridge_msgs__rosidl_typesupport_introspection_c__pyext
[3.791s] [ 94%] Built target rosbridge_msgs__rosidl_typesupport_fastrtps_c__pyext
[3.791s] [100%] Built target rosbridge_msgs__rosidl_typesupport_c__pyext
[3.791s] running egg_info
[3.791s] writing rosbridge_msgs.egg-info/PKG-INFO
[3.791s] writing dependency_links to rosbridge_msgs.egg-info/dependency_links.txt
[3.791s] writing top-level names to rosbridge_msgs.egg-info/top_level.txt
[3.791s] reading manifest file 'rosbridge_msgs.egg-info/SOURCES.txt'
[3.791s] writing manifest file 'rosbridge_msgs.egg-info/SOURCES.txt'
[3.791s] [100%] Built target ament_cmake_python_build_rosbridge_msgs_egg
[3.798s] Invoked command in '/home/hello-robot/ament_ws/build/rosbridge_msgs' returned '0': CMAKE_PREFIX_PATH=${CMAKE_PREFIX_PATH}:/home/hello-robot/ament_ws/install/tf2_web_republisher_py:/home/hello-robot/ament_ws/install/stretch_ros_tutorials:/home/hello-robot/ament_ws/install/stretch_funmap:/home/hello-robot/ament_ws/install/stretch_calibration:/home/hello-robot/ament_ws/install/stretch_demos:/home/hello-robot/ament_ws/install/stretch_deep_perception:/home/hello-robot/ament_ws/install/stretch_core:/home/hello-robot/ament_ws/install/respeaker_ros2:/home/hello-robot/ament_ws/install/hello_helpers:/opt/ros/humble /usr/bin/cmake --build /home/hello-robot/ament_ws/build/rosbridge_msgs -- -j16 -l16
[4.316s] Invoking command in '/home/hello-robot/ament_ws/build/rosbridge_msgs': CMAKE_PREFIX_PATH=${CMAKE_PREFIX_PATH}:/home/hello-robot/ament_ws/install/tf2_web_republisher_py:/home/hello-robot/ament_ws/install/stretch_ros_tutorials:/home/hello-robot/ament_ws/install/stretch_funmap:/home/hello-robot/ament_ws/install/stretch_calibration:/home/hello-robot/ament_ws/install/stretch_demos:/home/hello-robot/ament_ws/install/stretch_deep_perception:/home/hello-robot/ament_ws/install/stretch_core:/home/hello-robot/ament_ws/install/respeaker_ros2:/home/hello-robot/ament_ws/install/hello_helpers:/opt/ros/humble /usr/bin/cmake --install /home/hello-robot/ament_ws/build/rosbridge_msgs
[4.501s] -- Install configuration: "Release"
[4.501s] -- Up-to-date: /home/hello-robot/ament_ws/install/rosbridge_msgs/share/ament_index/resource_index/rosidl_interfaces/rosbridge_msgs
[4.501s] -- Up-to-date: /home/hello-robot/ament_ws/install/rosbridge_msgs/include/rosbridge_msgs/rosbridge_msgs
[4.502s] -- Up-to-date: /home/hello-robot/ament_ws/install/rosbridge_msgs/include/rosbridge_msgs/rosbridge_msgs/msg
[4.502s] -- Up-to-date: /home/hello-robot/ament_ws/install/rosbridge_msgs/include/rosbridge_msgs/rosbridge_msgs/msg/rosidl_generator_c__visibility_control.h
[4.502s] -- Up-to-date: /home/hello-robot/ament_ws/install/rosbridge_msgs/include/rosbridge_msgs/rosbridge_msgs/msg/connected_client.h
[4.503s] -- Up-to-date: /home/hello-robot/ament_ws/install/rosbridge_msgs/include/rosbridge_msgs/rosbridge_msgs/msg/detail
[4.503s] -- Up-to-date: /home/hello-robot/ament_ws/install/rosbridge_msgs/include/rosbridge_msgs/rosbridge_msgs/msg/detail/connected_clients__struct.h
[4.503s] -- Up-to-date: /home/hello-robot/ament_ws/install/rosbridge_msgs/include/rosbridge_msgs/rosbridge_msgs/msg/detail/connected_client__functions.c
[4.503s] -- Up-to-date: /home/hello-robot/ament_ws/install/rosbridge_msgs/include/rosbridge_msgs/rosbridge_msgs/msg/detail/connected_client__type_support.h
[4.503s] -- Up-to-date: /home/hello-robot/ament_ws/install/rosbridge_msgs/include/rosbridge_msgs/rosbridge_msgs/msg/detail/connected_client__functions.h
[4.506s] -- Up-to-date: /home/hello-robot/ament_ws/install/rosbridge_msgs/include/rosbridge_msgs/rosbridge_msgs/msg/detail/connected_client__struct.h
[4.507s] -- Up-to-date: /home/hello-robot/ament_ws/install/rosbridge_msgs/include/rosbridge_msgs/rosbridge_msgs/msg/detail/connected_clients__functions.c
[4.507s] -- Up-to-date: /home/hello-robot/ament_ws/install/rosbridge_msgs/include/rosbridge_msgs/rosbridge_msgs/msg/detail/connected_clients__functions.h
[4.507s] -- Up-to-date: /home/hello-robot/ament_ws/install/rosbridge_msgs/include/rosbridge_msgs/rosbridge_msgs/msg/detail/connected_clients__type_support.h
[4.507s] -- Up-to-date: /home/hello-robot/ament_ws/install/rosbridge_msgs/include/rosbridge_msgs/rosbridge_msgs/msg/connected_clients.h
[4.507s] -- Up-to-date: /home/hello-robot/ament_ws/install/rosbridge_msgs/share/rosbridge_msgs/environment/library_path.sh
[4.507s] -- Up-to-date: /home/hello-robot/ament_ws/install/rosbridge_msgs/share/rosbridge_msgs/environment/library_path.dsv
[4.507s] -- Up-to-date: /home/hello-robot/ament_ws/install/rosbridge_msgs/lib/librosbridge_msgs__rosidl_generator_c.so
[4.507s] -- Up-to-date: /home/hello-robot/ament_ws/install/rosbridge_msgs/include/rosbridge_msgs/rosbridge_msgs
[4.507s] -- Up-to-date: /home/hello-robot/ament_ws/install/rosbridge_msgs/include/rosbridge_msgs/rosbridge_msgs/msg
[4.507s] -- Up-to-date: /home/hello-robot/ament_ws/install/rosbridge_msgs/include/rosbridge_msgs/rosbridge_msgs/msg/rosidl_typesupport_fastrtps_c__visibility_control.h
[4.507s] -- Up-to-date: /home/hello-robot/ament_ws/install/rosbridge_msgs/include/rosbridge_msgs/rosbridge_msgs/msg/detail
[4.507s] -- Up-to-date: /home/hello-robot/ament_ws/install/rosbridge_msgs/include/rosbridge_msgs/rosbridge_msgs/msg/detail/connected_clients__rosidl_typesupport_fastrtps_c.h
[4.507s] -- Up-to-date: /home/hello-robot/ament_ws/install/rosbridge_msgs/include/rosbridge_msgs/rosbridge_msgs/msg/detail/connected_client__rosidl_typesupport_fastrtps_c.h
[4.507s] -- Up-to-date: /home/hello-robot/ament_ws/install/rosbridge_msgs/lib/librosbridge_msgs__rosidl_typesupport_fastrtps_c.so
[4.507s] -- Up-to-date: /home/hello-robot/ament_ws/install/rosbridge_msgs/include/rosbridge_msgs/rosbridge_msgs
[4.507s] -- Up-to-date: /home/hello-robot/ament_ws/install/rosbridge_msgs/include/rosbridge_msgs/rosbridge_msgs/msg
[4.507s] -- Up-to-date: /home/hello-robot/ament_ws/install/rosbridge_msgs/include/rosbridge_msgs/rosbridge_msgs/msg/detail
[4.508s] -- Up-to-date: /home/hello-robot/ament_ws/install/rosbridge_msgs/include/rosbridge_msgs/rosbridge_msgs/msg/detail/connected_client__builder.hpp
[4.508s] -- Up-to-date: /home/hello-robot/ament_ws/install/rosbridge_msgs/include/rosbridge_msgs/rosbridge_msgs/msg/detail/connected_client__struct.hpp
[4.508s] -- Up-to-date: /home/hello-robot/ament_ws/install/rosbridge_msgs/include/rosbridge_msgs/rosbridge_msgs/msg/detail/connected_clients__traits.hpp
[4.508s] -- Up-to-date: /home/hello-robot/ament_ws/install/rosbridge_msgs/include/rosbridge_msgs/rosbridge_msgs/msg/detail/connected_client__traits.hpp
[4.508s] -- Up-to-date: /home/hello-robot/ament_ws/install/rosbridge_msgs/include/rosbridge_msgs/rosbridge_msgs/msg/detail/connected_clients__builder.hpp
[4.508s] -- Up-to-date: /home/hello-robot/ament_ws/install/rosbridge_msgs/include/rosbridge_msgs/rosbridge_msgs/msg/detail/connected_clients__struct.hpp
[4.508s] -- Up-to-date: /home/hello-robot/ament_ws/install/rosbridge_msgs/include/rosbridge_msgs/rosbridge_msgs/msg/connected_clients.hpp
[4.508s] -- Up-to-date: /home/hello-robot/ament_ws/install/rosbridge_msgs/include/rosbridge_msgs/rosbridge_msgs/msg/connected_client.hpp
[4.508s] -- Up-to-date: /home/hello-robot/ament_ws/install/rosbridge_msgs/include/rosbridge_msgs/rosbridge_msgs
[4.508s] -- Up-to-date: /home/hello-robot/ament_ws/install/rosbridge_msgs/include/rosbridge_msgs/rosbridge_msgs/msg
[4.508s] -- Up-to-date: /home/hello-robot/ament_ws/install/rosbridge_msgs/include/rosbridge_msgs/rosbridge_msgs/msg/detail
[4.508s] -- Up-to-date: /home/hello-robot/ament_ws/install/rosbridge_msgs/include/rosbridge_msgs/rosbridge_msgs/msg/detail/connected_client__rosidl_typesupport_fastrtps_cpp.hpp
[4.508s] -- Up-to-date: /home/hello-robot/ament_ws/install/rosbridge_msgs/include/rosbridge_msgs/rosbridge_msgs/msg/detail/dds_fastrtps
[4.508s] -- Up-to-date: /home/hello-robot/ament_ws/install/rosbridge_msgs/include/rosbridge_msgs/rosbridge_msgs/msg/detail/connected_clients__rosidl_typesupport_fastrtps_cpp.hpp
[4.508s] -- Up-to-date: /home/hello-robot/ament_ws/install/rosbridge_msgs/include/rosbridge_msgs/rosbridge_msgs/msg/rosidl_typesupport_fastrtps_cpp__visibility_control.h
[4.508s] -- Up-to-date: /home/hello-robot/ament_ws/install/rosbridge_msgs/lib/librosbridge_msgs__rosidl_typesupport_fastrtps_cpp.so
[4.508s] -- Up-to-date: /home/hello-robot/ament_ws/install/rosbridge_msgs/include/rosbridge_msgs/rosbridge_msgs
[4.508s] -- Up-to-date: /home/hello-robot/ament_ws/install/rosbridge_msgs/include/rosbridge_msgs/rosbridge_msgs/msg
[4.508s] -- Up-to-date: /home/hello-robot/ament_ws/install/rosbridge_msgs/include/rosbridge_msgs/rosbridge_msgs/msg/detail
[4.508s] -- Up-to-date: /home/hello-robot/ament_ws/install/rosbridge_msgs/include/rosbridge_msgs/rosbridge_msgs/msg/detail/connected_clients__rosidl_typesupport_introspection_c.h
[4.509s] -- Up-to-date: /home/hello-robot/ament_ws/install/rosbridge_msgs/include/rosbridge_msgs/rosbridge_msgs/msg/detail/connected_client__type_support.c
[4.509s] -- Up-to-date: /home/hello-robot/ament_ws/install/rosbridge_msgs/include/rosbridge_msgs/rosbridge_msgs/msg/detail/connected_client__rosidl_typesupport_introspection_c.h
[4.509s] -- Up-to-date: /home/hello-robot/ament_ws/install/rosbridge_msgs/include/rosbridge_msgs/rosbridge_msgs/msg/detail/connected_clients__type_support.c
[4.509s] -- Up-to-date: /home/hello-robot/ament_ws/install/rosbridge_msgs/include/rosbridge_msgs/rosbridge_msgs/msg/rosidl_typesupport_introspection_c__visibility_control.h
[4.509s] -- Up-to-date: /home/hello-robot/ament_ws/install/rosbridge_msgs/lib/librosbridge_msgs__rosidl_typesupport_introspection_c.so
[4.509s] -- Up-to-date: /home/hello-robot/ament_ws/install/rosbridge_msgs/lib/librosbridge_msgs__rosidl_typesupport_c.so
[4.509s] -- Up-to-date: /home/hello-robot/ament_ws/install/rosbridge_msgs/include/rosbridge_msgs/rosbridge_msgs
[4.509s] -- Up-to-date: /home/hello-robot/ament_ws/install/rosbridge_msgs/include/rosbridge_msgs/rosbridge_msgs/msg
[4.510s] -- Up-to-date: /home/hello-robot/ament_ws/install/rosbridge_msgs/include/rosbridge_msgs/rosbridge_msgs/msg/detail
[4.510s] -- Up-to-date: /home/hello-robot/ament_ws/install/rosbridge_msgs/include/rosbridge_msgs/rosbridge_msgs/msg/detail/connected_client__rosidl_typesupport_introspection_cpp.hpp
[4.510s] -- Up-to-date: /home/hello-robot/ament_ws/install/rosbridge_msgs/include/rosbridge_msgs/rosbridge_msgs/msg/detail/connected_clients__type_support.cpp
[4.511s] -- Up-to-date: /home/hello-robot/ament_ws/install/rosbridge_msgs/include/rosbridge_msgs/rosbridge_msgs/msg/detail/connected_client__type_support.cpp
[4.511s] -- Up-to-date: /home/hello-robot/ament_ws/install/rosbridge_msgs/include/rosbridge_msgs/rosbridge_msgs/msg/detail/connected_clients__rosidl_typesupport_introspection_cpp.hpp
[4.511s] -- Up-to-date: /home/hello-robot/ament_ws/install/rosbridge_msgs/lib/librosbridge_msgs__rosidl_typesupport_introspection_cpp.so
[4.511s] -- Up-to-date: /home/hello-robot/ament_ws/install/rosbridge_msgs/lib/librosbridge_msgs__rosidl_typesupport_cpp.so
[4.511s] -- Up-to-date: /home/hello-robot/ament_ws/install/rosbridge_msgs/share/rosbridge_msgs/environment/pythonpath.sh
[4.511s] -- Up-to-date: /home/hello-robot/ament_ws/install/rosbridge_msgs/share/rosbridge_msgs/environment/pythonpath.dsv
[4.511s] -- Up-to-date: /home/hello-robot/ament_ws/install/rosbridge_msgs/local/lib/python3.10/dist-packages/rosbridge_msgs-1.3.2-py3.10.egg-info
[4.511s] -- Installing: /home/hello-robot/ament_ws/install/rosbridge_msgs/local/lib/python3.10/dist-packages/rosbridge_msgs-1.3.2-py3.10.egg-info/PKG-INFO
[4.511s] -- Installing: /home/hello-robot/ament_ws/install/rosbridge_msgs/local/lib/python3.10/dist-packages/rosbridge_msgs-1.3.2-py3.10.egg-info/dependency_links.txt
[4.511s] -- Installing: /home/hello-robot/ament_ws/install/rosbridge_msgs/local/lib/python3.10/dist-packages/rosbridge_msgs-1.3.2-py3.10.egg-info/top_level.txt
[4.511s] -- Installing: /home/hello-robot/ament_ws/install/rosbridge_msgs/local/lib/python3.10/dist-packages/rosbridge_msgs-1.3.2-py3.10.egg-info/SOURCES.txt
[4.511s] -- Up-to-date: /home/hello-robot/ament_ws/install/rosbridge_msgs/local/lib/python3.10/dist-packages/rosbridge_msgs
[4.512s] -- Up-to-date: /home/hello-robot/ament_ws/install/rosbridge_msgs/local/lib/python3.10/dist-packages/rosbridge_msgs/_rosbridge_msgs_s.ep.rosidl_typesupport_introspection_c.c
[4.512s] -- Up-to-date: /home/hello-robot/ament_ws/install/rosbridge_msgs/local/lib/python3.10/dist-packages/rosbridge_msgs/rosbridge_msgs_s__rosidl_typesupport_introspection_c.cpython-310-x86_64-linux-gnu.so
[4.514s] -- Up-to-date: /home/hello-robot/ament_ws/install/rosbridge_msgs/local/lib/python3.10/dist-packages/rosbridge_msgs/rosbridge_msgs_s__rosidl_typesupport_c.cpython-310-x86_64-linux-gnu.so
[4.514s] -- Up-to-date: /home/hello-robot/ament_ws/install/rosbridge_msgs/local/lib/python3.10/dist-packages/rosbridge_msgs/_rosbridge_msgs_s.ep.rosidl_typesupport_c.c
[4.514s] -- Up-to-date: /home/hello-robot/ament_ws/install/rosbridge_msgs/local/lib/python3.10/dist-packages/rosbridge_msgs/librosbridge_msgs__rosidl_generator_py.so
[4.514s] -- Up-to-date: /home/hello-robot/ament_ws/install/rosbridge_msgs/local/lib/python3.10/dist-packages/rosbridge_msgs/msg
[4.515s] -- Up-to-date: /home/hello-robot/ament_ws/install/rosbridge_msgs/local/lib/python3.10/dist-packages/rosbridge_msgs/msg/_connected_clients_s.c
[4.515s] -- Up-to-date: /home/hello-robot/ament_ws/install/rosbridge_msgs/local/lib/python3.10/dist-packages/rosbridge_msgs/msg/_connected_client_s.c
[4.515s] -- Up-to-date: /home/hello-robot/ament_ws/install/rosbridge_msgs/local/lib/python3.10/dist-packages/rosbridge_msgs/msg/_connected_client.py
[4.515s] -- Up-to-date: /home/hello-robot/ament_ws/install/rosbridge_msgs/local/lib/python3.10/dist-packages/rosbridge_msgs/msg/_connected_clients.py
[4.515s] -- Up-to-date: /home/hello-robot/ament_ws/install/rosbridge_msgs/local/lib/python3.10/dist-packages/rosbridge_msgs/msg/__init__.py
[4.515s] -- Up-to-date: /home/hello-robot/ament_ws/install/rosbridge_msgs/local/lib/python3.10/dist-packages/rosbridge_msgs/__init__.py
[4.515s] -- Up-to-date: /home/hello-robot/ament_ws/install/rosbridge_msgs/local/lib/python3.10/dist-packages/rosbridge_msgs/_rosbridge_msgs_s.ep.rosidl_typesupport_fastrtps_c.c
[4.515s] -- Up-to-date: /home/hello-robot/ament_ws/install/rosbridge_msgs/local/lib/python3.10/dist-packages/rosbridge_msgs/rosbridge_msgs_s__rosidl_typesupport_fastrtps_c.cpython-310-x86_64-linux-gnu.so
[4.515s] Listing '/home/hello-robot/ament_ws/install/rosbridge_msgs/local/lib/python3.10/dist-packages/rosbridge_msgs'...
[4.515s] Listing '/home/hello-robot/ament_ws/install/rosbridge_msgs/local/lib/python3.10/dist-packages/rosbridge_msgs/msg'...
[4.515s] -- Up-to-date: /home/hello-robot/ament_ws/install/rosbridge_msgs/local/lib/python3.10/dist-packages/rosbridge_msgs/rosbridge_msgs_s__rosidl_typesupport_fastrtps_c.cpython-310-x86_64-linux-gnu.so
[4.515s] -- Up-to-date: /home/hello-robot/ament_ws/install/rosbridge_msgs/local/lib/python3.10/dist-packages/rosbridge_msgs/rosbridge_msgs_s__rosidl_typesupport_introspection_c.cpython-310-x86_64-linux-gnu.so
[4.515s] -- Up-to-date: /home/hello-robot/ament_ws/install/rosbridge_msgs/local/lib/python3.10/dist-packages/rosbridge_msgs/rosbridge_msgs_s__rosidl_typesupport_c.cpython-310-x86_64-linux-gnu.so
[4.515s] -- Up-to-date: /home/hello-robot/ament_ws/install/rosbridge_msgs/lib/librosbridge_msgs__rosidl_generator_py.so
[4.515s] -- Up-to-date: /home/hello-robot/ament_ws/install/rosbridge_msgs/share/rosbridge_msgs/msg/ConnectedClient.idl
[4.515s] -- Up-to-date: /home/hello-robot/ament_ws/install/rosbridge_msgs/share/rosbridge_msgs/msg/ConnectedClients.idl
[4.515s] -- Up-to-date: /home/hello-robot/ament_ws/install/rosbridge_msgs/share/rosbridge_msgs/msg/ConnectedClient.msg
[4.515s] -- Up-to-date: /home/hello-robot/ament_ws/install/rosbridge_msgs/share/rosbridge_msgs/msg/ConnectedClients.msg
[4.515s] -- Up-to-date: /home/hello-robot/ament_ws/install/rosbridge_msgs/share/ament_index/resource_index/package_run_dependencies/rosbridge_msgs
[4.515s] -- Up-to-date: /home/hello-robot/ament_ws/install/rosbridge_msgs/share/ament_index/resource_index/parent_prefix_path/rosbridge_msgs
[4.515s] -- Up-to-date: /home/hello-robot/ament_ws/install/rosbridge_msgs/share/rosbridge_msgs/environment/ament_prefix_path.sh
[4.516s] -- Up-to-date: /home/hello-robot/ament_ws/install/rosbridge_msgs/share/rosbridge_msgs/environment/ament_prefix_path.dsv
[4.516s] -- Up-to-date: /home/hello-robot/ament_ws/install/rosbridge_msgs/share/rosbridge_msgs/environment/path.sh
[4.516s] -- Up-to-date: /home/hello-robot/ament_ws/install/rosbridge_msgs/share/rosbridge_msgs/environment/path.dsv
[4.516s] -- Up-to-date: /home/hello-robot/ament_ws/install/rosbridge_msgs/share/rosbridge_msgs/local_setup.bash
[4.516s] -- Up-to-date: /home/hello-robot/ament_ws/install/rosbridge_msgs/share/rosbridge_msgs/local_setup.sh
[4.516s] -- Up-to-date: /home/hello-robot/ament_ws/install/rosbridge_msgs/share/rosbridge_msgs/local_setup.zsh
[4.516s] -- Up-to-date: /home/hello-robot/ament_ws/install/rosbridge_msgs/share/rosbridge_msgs/local_setup.dsv
[4.516s] -- Installing: /home/hello-robot/ament_ws/install/rosbridge_msgs/share/rosbridge_msgs/package.dsv
[4.516s] -- Up-to-date: /home/hello-robot/ament_ws/install/rosbridge_msgs/share/ament_index/resource_index/packages/rosbridge_msgs
[4.516s] -- Up-to-date: /home/hello-robot/ament_ws/install/rosbridge_msgs/share/rosbridge_msgs/cmake/export_rosbridge_msgs__rosidl_generator_cExport.cmake
[4.516s] -- Up-to-date: /home/hello-robot/ament_ws/install/rosbridge_msgs/share/rosbridge_msgs/cmake/export_rosbridge_msgs__rosidl_generator_cExport-release.cmake
[4.516s] -- Up-to-date: /home/hello-robot/ament_ws/install/rosbridge_msgs/share/rosbridge_msgs/cmake/export_rosbridge_msgs__rosidl_typesupport_fastrtps_cExport.cmake
[4.516s] -- Up-to-date: /home/hello-robot/ament_ws/install/rosbridge_msgs/share/rosbridge_msgs/cmake/export_rosbridge_msgs__rosidl_typesupport_fastrtps_cExport-release.cmake
[4.516s] -- Up-to-date: /home/hello-robot/ament_ws/install/rosbridge_msgs/share/rosbridge_msgs/cmake/export_rosbridge_msgs__rosidl_generator_cppExport.cmake
[4.516s] -- Up-to-date: /home/hello-robot/ament_ws/install/rosbridge_msgs/share/rosbridge_msgs/cmake/export_rosbridge_msgs__rosidl_typesupport_fastrtps_cppExport.cmake
[4.516s] -- Up-to-date: /home/hello-robot/ament_ws/install/rosbridge_msgs/share/rosbridge_msgs/cmake/export_rosbridge_msgs__rosidl_typesupport_fastrtps_cppExport-release.cmake
[4.516s] -- Up-to-date: /home/hello-robot/ament_ws/install/rosbridge_msgs/share/rosbridge_msgs/cmake/rosbridge_msgs__rosidl_typesupport_introspection_cExport.cmake
[4.516s] -- Up-to-date: /home/hello-robot/ament_ws/install/rosbridge_msgs/share/rosbridge_msgs/cmake/rosbridge_msgs__rosidl_typesupport_introspection_cExport-release.cmake
[4.517s] -- Up-to-date: /home/hello-robot/ament_ws/install/rosbridge_msgs/share/rosbridge_msgs/cmake/rosbridge_msgs__rosidl_typesupport_cExport.cmake
[4.517s] -- Up-to-date: /home/hello-robot/ament_ws/install/rosbridge_msgs/share/rosbridge_msgs/cmake/rosbridge_msgs__rosidl_typesupport_cExport-release.cmake
[4.517s] -- Up-to-date: /home/hello-robot/ament_ws/install/rosbridge_msgs/share/rosbridge_msgs/cmake/rosbridge_msgs__rosidl_typesupport_introspection_cppExport.cmake
[4.517s] -- Up-to-date: /home/hello-robot/ament_ws/install/rosbridge_msgs/share/rosbridge_msgs/cmake/rosbridge_msgs__rosidl_typesupport_introspection_cppExport-release.cmake
[4.517s] -- Up-to-date: /home/hello-robot/ament_ws/install/rosbridge_msgs/share/rosbridge_msgs/cmake/rosbridge_msgs__rosidl_typesupport_cppExport.cmake
[4.517s] -- Up-to-date: /home/hello-robot/ament_ws/install/rosbridge_msgs/share/rosbridge_msgs/cmake/rosbridge_msgs__rosidl_typesupport_cppExport-release.cmake
[4.517s] -- Up-to-date: /home/hello-robot/ament_ws/install/rosbridge_msgs/share/rosbridge_msgs/cmake/export_rosbridge_msgs__rosidl_generator_pyExport.cmake
[4.517s] -- Up-to-date: /home/hello-robot/ament_ws/install/rosbridge_msgs/share/rosbridge_msgs/cmake/export_rosbridge_msgs__rosidl_generator_pyExport-release.cmake
[4.517s] -- Up-to-date: /home/hello-robot/ament_ws/install/rosbridge_msgs/share/rosbridge_msgs/cmake/rosidl_cmake-extras.cmake
[4.517s] -- Up-to-date: /home/hello-robot/ament_ws/install/rosbridge_msgs/share/rosbridge_msgs/cmake/ament_cmake_export_dependencies-extras.cmake
[4.517s] -- Up-to-date: /home/hello-robot/ament_ws/install/rosbridge_msgs/share/rosbridge_msgs/cmake/ament_cmake_export_include_directories-extras.cmake
[4.517s] -- Up-to-date: /home/hello-robot/ament_ws/install/rosbridge_msgs/share/rosbridge_msgs/cmake/ament_cmake_export_libraries-extras.cmake
[4.517s] -- Up-to-date: /home/hello-robot/ament_ws/install/rosbridge_msgs/share/rosbridge_msgs/cmake/ament_cmake_export_targets-extras.cmake
[4.517s] -- Up-to-date: /home/hello-robot/ament_ws/install/rosbridge_msgs/share/rosbridge_msgs/cmake/rosidl_cmake_export_typesupport_targets-extras.cmake
[4.517s] -- Up-to-date: /home/hello-robot/ament_ws/install/rosbridge_msgs/share/rosbridge_msgs/cmake/rosidl_cmake_export_typesupport_libraries-extras.cmake
[4.517s] -- Up-to-date: /home/hello-robot/ament_ws/install/rosbridge_msgs/share/rosbridge_msgs/cmake/rosbridge_msgsConfig.cmake
[4.517s] -- Up-to-date: /home/hello-robot/ament_ws/install/rosbridge_msgs/share/rosbridge_msgs/cmake/rosbridge_msgsConfig-version.cmake
[4.517s] -- Up-to-date: /home/hello-robot/ament_ws/install/rosbridge_msgs/share/rosbridge_msgs/package.xml
[4.833s] Invoked command in '/home/hello-robot/ament_ws/build/rosbridge_msgs' returned '0': CMAKE_PREFIX_PATH=${CMAKE_PREFIX_PATH}:/home/hello-robot/ament_ws/install/tf2_web_republisher_py:/home/hello-robot/ament_ws/install/stretch_ros_tutorials:/home/hello-robot/ament_ws/install/stretch_funmap:/home/hello-robot/ament_ws/install/stretch_calibration:/home/hello-robot/ament_ws/install/stretch_demos:/home/hello-robot/ament_ws/install/stretch_deep_perception:/home/hello-robot/ament_ws/install/stretch_core:/home/hello-robot/ament_ws/install/respeaker_ros2:/home/hello-robot/ament_ws/install/hello_helpers:/opt/ros/humble /usr/bin/cmake --install /home/hello-robot/ament_ws/build/rosbridge_msgs
