[3.070s] Invoking command in '/home/hello-robot/ament_ws/build/stretch_rtabmap': CMAKE_PREFIX_PATH=${CMAKE_PREFIX_PATH}:/home/hello-robot/ament_ws/install/tf2_web_republisher_py:/home/hello-robot/ament_ws/install/stretch_ros_tutorials:/home/hello-robot/ament_ws/install/stretch_funmap:/home/hello-robot/ament_ws/install/stretch_calibration:/home/hello-robot/ament_ws/install/stretch_demos:/home/hello-robot/ament_ws/install/stretch_deep_perception:/home/hello-robot/ament_ws/install/stretch_core:/home/hello-robot/ament_ws/install/respeaker_ros2:/home/hello-robot/ament_ws/install/hello_helpers:/opt/ros/humble /usr/bin/cmake /home/hello-robot/ament_ws/src/stretch_ros2/stretch_rtabmap -DCMAKE_INSTALL_PREFIX=/home/hello-robot/ament_ws/install/stretch_rtabmap
[3.139s] -- Found ament_cmake: 1.3.8 (/opt/ros/humble/share/ament_cmake/cmake)
[3.354s] -- Found rclcpp: 16.0.8 (/opt/ros/humble/share/rclcpp/cmake)
[3.427s] -- Found rosidl_generator_c: 3.1.5 (/opt/ros/humble/share/rosidl_generator_c/cmake)
[3.447s] -- Found rosidl_adapter: 3.1.5 (/opt/ros/humble/share/rosidl_adapter/cmake)
[3.459s] -- Found rosidl_generator_cpp: 3.1.5 (/opt/ros/humble/share/rosidl_generator_cpp/cmake)
[3.487s] -- Using all available rosidl_typesupport_c: rosidl_typesupport_fastrtps_c;rosidl_typesupport_introspection_c
[3.518s] -- Using all available rosidl_typesupport_cpp: rosidl_typesupport_fastrtps_cpp;rosidl_typesupport_introspection_cpp
[3.631s] -- Found rmw_implementation_cmake: 6.1.1 (/opt/ros/humble/share/rmw_implementation_cmake/cmake)
[3.638s] -- Found rmw_fastrtps_cpp: 6.2.6 (/opt/ros/humble/share/rmw_fastrtps_cpp/cmake)
[4.058s] -- Using RMW implementation 'rmw_fastrtps_cpp' as default
[4.504s] -- Found ament_lint_auto: 0.12.10 (/opt/ros/humble/share/ament_lint_auto/cmake)
[4.505s] -- Added test 'copyright' to check source files copyright and LICENSE
[4.505s] -- Added test 'flake8' to check Python code syntax and style conventions
[4.505s] -- Added test 'lint_cmake' to check CMake code style
[4.505s] -- Added test 'pep257' to check Python code against some of the docstring style conventions in PEP 257
[4.505s] -- Added test 'xmllint' to check XML markup files
[4.505s] -- Configuring done
[4.505s] -- Generating done
[4.505s] -- Build files have been written to: /home/hello-robot/ament_ws/build/stretch_rtabmap
[4.517s] Invoked command in '/home/hello-robot/ament_ws/build/stretch_rtabmap' returned '0': CMAKE_PREFIX_PATH=${CMAKE_PREFIX_PATH}:/home/hello-robot/ament_ws/install/tf2_web_republisher_py:/home/hello-robot/ament_ws/install/stretch_ros_tutorials:/home/hello-robot/ament_ws/install/stretch_funmap:/home/hello-robot/ament_ws/install/stretch_calibration:/home/hello-robot/ament_ws/install/stretch_demos:/home/hello-robot/ament_ws/install/stretch_deep_perception:/home/hello-robot/ament_ws/install/stretch_core:/home/hello-robot/ament_ws/install/respeaker_ros2:/home/hello-robot/ament_ws/install/hello_helpers:/opt/ros/humble /usr/bin/cmake /home/hello-robot/ament_ws/src/stretch_ros2/stretch_rtabmap -DCMAKE_INSTALL_PREFIX=/home/hello-robot/ament_ws/install/stretch_rtabmap
[4.518s] Invoking command in '/home/hello-robot/ament_ws/build/stretch_rtabmap': CMAKE_PREFIX_PATH=${CMAKE_PREFIX_PATH}:/home/hello-robot/ament_ws/install/tf2_web_republisher_py:/home/hello-robot/ament_ws/install/stretch_ros_tutorials:/home/hello-robot/ament_ws/install/stretch_funmap:/home/hello-robot/ament_ws/install/stretch_calibration:/home/hello-robot/ament_ws/install/stretch_demos:/home/hello-robot/ament_ws/install/stretch_deep_perception:/home/hello-robot/ament_ws/install/stretch_core:/home/hello-robot/ament_ws/install/respeaker_ros2:/home/hello-robot/ament_ws/install/hello_helpers:/opt/ros/humble /usr/bin/cmake --build /home/hello-robot/ament_ws/build/stretch_rtabmap -- -j16 -l16
[4.965s] Invoked command in '/home/hello-robot/ament_ws/build/stretch_rtabmap' returned '0': CMAKE_PREFIX_PATH=${CMAKE_PREFIX_PATH}:/home/hello-robot/ament_ws/install/tf2_web_republisher_py:/home/hello-robot/ament_ws/install/stretch_ros_tutorials:/home/hello-robot/ament_ws/install/stretch_funmap:/home/hello-robot/ament_ws/install/stretch_calibration:/home/hello-robot/ament_ws/install/stretch_demos:/home/hello-robot/ament_ws/install/stretch_deep_perception:/home/hello-robot/ament_ws/install/stretch_core:/home/hello-robot/ament_ws/install/respeaker_ros2:/home/hello-robot/ament_ws/install/hello_helpers:/opt/ros/humble /usr/bin/cmake --build /home/hello-robot/ament_ws/build/stretch_rtabmap -- -j16 -l16
[5.476s] Invoking command in '/home/hello-robot/ament_ws/build/stretch_rtabmap': CMAKE_PREFIX_PATH=${CMAKE_PREFIX_PATH}:/home/hello-robot/ament_ws/install/tf2_web_republisher_py:/home/hello-robot/ament_ws/install/stretch_ros_tutorials:/home/hello-robot/ament_ws/install/stretch_funmap:/home/hello-robot/ament_ws/install/stretch_calibration:/home/hello-robot/ament_ws/install/stretch_demos:/home/hello-robot/ament_ws/install/stretch_deep_perception:/home/hello-robot/ament_ws/install/stretch_core:/home/hello-robot/ament_ws/install/respeaker_ros2:/home/hello-robot/ament_ws/install/hello_helpers:/opt/ros/humble /usr/bin/cmake --install /home/hello-robot/ament_ws/build/stretch_rtabmap
[6.376s] -- Install configuration: "Release"
[6.376s] -- Up-to-date: /home/hello-robot/ament_ws/install/stretch_rtabmap/share/stretch_rtabmap/launch
[6.376s] -- Up-to-date: /home/hello-robot/ament_ws/install/stretch_rtabmap/share/stretch_rtabmap/launch/visual_navigation.launch.py
[6.376s] -- Up-to-date: /home/hello-robot/ament_ws/install/stretch_rtabmap/share/stretch_rtabmap/launch/visual_odometry.launch.py
[6.376s] -- Up-to-date: /home/hello-robot/ament_ws/install/stretch_rtabmap/share/stretch_rtabmap/launch/visual_mapping.launch.py
[6.376s] -- Up-to-date: /home/hello-robot/ament_ws/install/stretch_rtabmap/share/stretch_rtabmap/rviz
[6.376s] -- Up-to-date: /home/hello-robot/ament_ws/install/stretch_rtabmap/share/stretch_rtabmap/rviz/rtabmap.rviz
[6.376s] -- Up-to-date: /home/hello-robot/ament_ws/install/stretch_rtabmap/share/stretch_rtabmap/rviz/rtabmap_nav.rviz
[6.376s] -- Up-to-date: /home/hello-robot/ament_ws/install/stretch_rtabmap/share/ament_index/resource_index/package_run_dependencies/stretch_rtabmap
[6.376s] -- Installing: /home/hello-robot/ament_ws/install/stretch_rtabmap/share/ament_index/resource_index/parent_prefix_path/stretch_rtabmap
[6.376s] -- Up-to-date: /home/hello-robot/ament_ws/install/stretch_rtabmap/share/stretch_rtabmap/environment/ament_prefix_path.sh
[6.376s] -- Installing: /home/hello-robot/ament_ws/install/stretch_rtabmap/share/stretch_rtabmap/environment/ament_prefix_path.dsv
[6.376s] -- Up-to-date: /home/hello-robot/ament_ws/install/stretch_rtabmap/share/stretch_rtabmap/environment/path.sh
[6.376s] -- Installing: /home/hello-robot/ament_ws/install/stretch_rtabmap/share/stretch_rtabmap/environment/path.dsv
[6.376s] -- Up-to-date: /home/hello-robot/ament_ws/install/stretch_rtabmap/share/stretch_rtabmap/local_setup.bash
[6.376s] -- Up-to-date: /home/hello-robot/ament_ws/install/stretch_rtabmap/share/stretch_rtabmap/local_setup.sh
[6.376s] -- Up-to-date: /home/hello-robot/ament_ws/install/stretch_rtabmap/share/stretch_rtabmap/local_setup.zsh
[6.376s] -- Installing: /home/hello-robot/ament_ws/install/stretch_rtabmap/share/stretch_rtabmap/local_setup.dsv
[6.376s] -- Installing: /home/hello-robot/ament_ws/install/stretch_rtabmap/share/stretch_rtabmap/package.dsv
[6.376s] -- Up-to-date: /home/hello-robot/ament_ws/install/stretch_rtabmap/share/ament_index/resource_index/packages/stretch_rtabmap
[6.376s] -- Up-to-date: /home/hello-robot/ament_ws/install/stretch_rtabmap/share/stretch_rtabmap/cmake/stretch_rtabmapConfig.cmake
[6.376s] -- Up-to-date: /home/hello-robot/ament_ws/install/stretch_rtabmap/share/stretch_rtabmap/cmake/stretch_rtabmapConfig-version.cmake
[6.376s] -- Up-to-date: /home/hello-robot/ament_ws/install/stretch_rtabmap/share/stretch_rtabmap/package.xml
[6.623s] Invoked command in '/home/hello-robot/ament_ws/build/stretch_rtabmap' returned '0': CMAKE_PREFIX_PATH=${CMAKE_PREFIX_PATH}:/home/hello-robot/ament_ws/install/tf2_web_republisher_py:/home/hello-robot/ament_ws/install/stretch_ros_tutorials:/home/hello-robot/ament_ws/install/stretch_funmap:/home/hello-robot/ament_ws/install/stretch_calibration:/home/hello-robot/ament_ws/install/stretch_demos:/home/hello-robot/ament_ws/install/stretch_deep_perception:/home/hello-robot/ament_ws/install/stretch_core:/home/hello-robot/ament_ws/install/respeaker_ros2:/home/hello-robot/ament_ws/install/hello_helpers:/opt/ros/humble /usr/bin/cmake --install /home/hello-robot/ament_ws/build/stretch_rtabmap
