[0.659s] Invoking command in '/home/hello-robot/ament_ws/build/realsense2_camera': CMAKE_PREFIX_PATH=/home/hello-robot/ament_ws/install/realsense2_camera_msgs:/home/hello-robot/ament_ws/install/tf2_web_republisher:/home/hello-robot/ament_ws/install/stretch_web_teleop:/home/hello-robot/ament_ws/install/stretch_rtabmap:/home/hello-robot/ament_ws/install/stretch_nav2:/home/hello-robot/ament_ws/install/stretch_description:/home/hello-robot/ament_ws/install/speech_recognition_msgs:/home/hello-robot/ament_ws/install/sound_play_msgs:/home/hello-robot/ament_ws/install/audio_common:/home/hello-robot/ament_ws/install/sound_play:/home/hello-robot/ament_ws/install/sllidar_ros2:/home/hello-robot/ament_ws/install/rosbridge_test_msgs:/home/hello-robot/ament_ws/install/rosbridge_suite:/home/hello-robot/ament_ws/install/rosbridge_server:/home/hello-robot/ament_ws/install/rosbridge_msgs:/home/hello-robot/ament_ws/install/rosapi:/home/hello-robot/ament_ws/install/rosbridge_library:/home/hello-robot/ament_ws/install/rosapi_msgs:/home/hello-robot/ament_ws/install/ros2_numpy:/home/hello-robot/ament_ws/install/realsense2_description:/home/hello-robot/ament_ws/install/realsense2_camera:/home/hello-robot/ament_ws/install/audio_play:/home/hello-robot/ament_ws/install/audio_capture:/home/hello-robot/ament_ws/install/audio_common_msgs:/home/hello-robot/ament_ws/install/tf2_web_republisher_py:/home/hello-robot/ament_ws/install/stretch_ros_tutorials:/home/hello-robot/ament_ws/install/stretch_funmap:/home/hello-robot/ament_ws/install/stretch_calibration:/home/hello-robot/ament_ws/install/stretch_demos:/home/hello-robot/ament_ws/install/stretch_deep_perception:/home/hello-robot/ament_ws/install/stretch_core:/home/hello-robot/ament_ws/install/respeaker_ros2:/home/hello-robot/ament_ws/install/hello_helpers:/opt/ros/humble LD_LIBRARY_PATH=/home/hello-robot/ament_ws/install/realsense2_camera_msgs/lib:/home/hello-robot/ament_ws/install/tf2_web_republisher/lib:/home/hello-robot/ament_ws/install/speech_recognition_msgs/lib:/home/hello-robot/ament_ws/install/sound_play_msgs/lib:/home/hello-robot/ament_ws/install/rosbridge_test_msgs/lib:/home/hello-robot/ament_ws/install/rosbridge_msgs/lib:/home/hello-robot/ament_ws/install/rosapi_msgs/lib:/home/hello-robot/ament_ws/install/realsense2_camera/lib:/home/hello-robot/ament_ws/install/audio_play/lib:/home/hello-robot/ament_ws/install/audio_capture/lib:/home/hello-robot/ament_ws/install/audio_common_msgs/lib:/usr/lib/x86_64-linux-gnu/gazebo-11/plugins:/opt/ros/humble/opt/rviz_ogre_vendor/lib:/opt/ros/humble/lib/x86_64-linux-gnu:/opt/ros/humble/lib /usr/bin/cmake /home/hello-robot/ament_ws/src/realsense-ros/realsense2_camera -DCMAKE_INSTALL_PREFIX=/home/hello-robot/ament_ws/install/realsense2_camera
[0.937s] -- Create Release Build.
[0.937s] -- Found ament_cmake: 1.3.8 (/opt/ros/humble/share/ament_cmake/cmake)
[0.937s] -- Found builtin_interfaces: 1.2.1 (/opt/ros/humble/share/builtin_interfaces/cmake)
[0.938s] -- Found rosidl_generator_c: 3.1.5 (/opt/ros/humble/share/rosidl_generator_c/cmake)
[0.938s] -- Found rosidl_adapter: 3.1.5 (/opt/ros/humble/share/rosidl_adapter/cmake)
[0.938s] -- Found rosidl_generator_cpp: 3.1.5 (/opt/ros/humble/share/rosidl_generator_cpp/cmake)
[0.938s] -- Using all available rosidl_typesupport_c: rosidl_typesupport_fastrtps_c;rosidl_typesupport_introspection_c
[0.939s] -- Using all available rosidl_typesupport_cpp: rosidl_typesupport_fastrtps_cpp;rosidl_typesupport_introspection_cpp
[0.939s] -- Found cv_bridge: 3.2.1 (/opt/ros/humble/share/cv_bridge/cmake)
[1.448s] -- Found image_transport: 3.1.8 (/opt/ros/humble/share/image_transport/cmake)
[1.448s] -- Found rmw_implementation_cmake: 6.1.1 (/opt/ros/humble/share/rmw_implementation_cmake/cmake)
[1.448s] -- Found rmw_fastrtps_cpp: 6.2.6 (/opt/ros/humble/share/rmw_fastrtps_cpp/cmake)
[1.515s] -- Using RMW implementation 'rmw_fastrtps_cpp' as default
[1.515s] -- Found rclcpp_components: 16.0.8 (/opt/ros/humble/share/rclcpp_components/cmake)
[1.516s] -- Found realsense2_camera_msgs: 4.54.1 (/home/hello-robot/ament_ws/install/realsense2_camera_msgs/share/realsense2_camera_msgs/cmake)
[1.521s] -- Found nav_msgs: 4.2.3 (/opt/ros/humble/share/nav_msgs/cmake)
[1.526s] -- Found tf2_ros: 0.25.6 (/opt/ros/humble/share/tf2_ros/cmake)
[1.811s] -- Found diagnostic_updater: 3.1.2 (/opt/ros/humble/share/diagnostic_updater/cmake)
[1.811s] -- Build for ROS2 Humble
[1.812s] -- Found ament_cmake_gtest: 1.3.8 (/opt/ros/humble/share/ament_cmake_gtest/cmake)
[1.812s] -- Found gtest sources under '/opt/ros/humble/src/gtest_vendor': C++ tests using 'Google Test' will be built
[1.812s] -- Found ament_cmake_pytest: 1.3.8 (/opt/ros/humble/share/ament_cmake_pytest/cmake)
[7.701s] -- rs_device_info:
[7.701s] -- No device detected. Is it plugged in?
[7.701s] 
[7.747s] -- Configuring done
[7.760s] -- Generating done
[7.761s] -- Build files have been written to: /home/hello-robot/ament_ws/build/realsense2_camera
[7.768s] Invoked command in '/home/hello-robot/ament_ws/build/realsense2_camera' returned '0': CMAKE_PREFIX_PATH=/home/hello-robot/ament_ws/install/realsense2_camera_msgs:/home/hello-robot/ament_ws/install/tf2_web_republisher:/home/hello-robot/ament_ws/install/stretch_web_teleop:/home/hello-robot/ament_ws/install/stretch_rtabmap:/home/hello-robot/ament_ws/install/stretch_nav2:/home/hello-robot/ament_ws/install/stretch_description:/home/hello-robot/ament_ws/install/speech_recognition_msgs:/home/hello-robot/ament_ws/install/sound_play_msgs:/home/hello-robot/ament_ws/install/audio_common:/home/hello-robot/ament_ws/install/sound_play:/home/hello-robot/ament_ws/install/sllidar_ros2:/home/hello-robot/ament_ws/install/rosbridge_test_msgs:/home/hello-robot/ament_ws/install/rosbridge_suite:/home/hello-robot/ament_ws/install/rosbridge_server:/home/hello-robot/ament_ws/install/rosbridge_msgs:/home/hello-robot/ament_ws/install/rosapi:/home/hello-robot/ament_ws/install/rosbridge_library:/home/hello-robot/ament_ws/install/rosapi_msgs:/home/hello-robot/ament_ws/install/ros2_numpy:/home/hello-robot/ament_ws/install/realsense2_description:/home/hello-robot/ament_ws/install/realsense2_camera:/home/hello-robot/ament_ws/install/audio_play:/home/hello-robot/ament_ws/install/audio_capture:/home/hello-robot/ament_ws/install/audio_common_msgs:/home/hello-robot/ament_ws/install/tf2_web_republisher_py:/home/hello-robot/ament_ws/install/stretch_ros_tutorials:/home/hello-robot/ament_ws/install/stretch_funmap:/home/hello-robot/ament_ws/install/stretch_calibration:/home/hello-robot/ament_ws/install/stretch_demos:/home/hello-robot/ament_ws/install/stretch_deep_perception:/home/hello-robot/ament_ws/install/stretch_core:/home/hello-robot/ament_ws/install/respeaker_ros2:/home/hello-robot/ament_ws/install/hello_helpers:/opt/ros/humble LD_LIBRARY_PATH=/home/hello-robot/ament_ws/install/realsense2_camera_msgs/lib:/home/hello-robot/ament_ws/install/tf2_web_republisher/lib:/home/hello-robot/ament_ws/install/speech_recognition_msgs/lib:/home/hello-robot/ament_ws/install/sound_play_msgs/lib:/home/hello-robot/ament_ws/install/rosbridge_test_msgs/lib:/home/hello-robot/ament_ws/install/rosbridge_msgs/lib:/home/hello-robot/ament_ws/install/rosapi_msgs/lib:/home/hello-robot/ament_ws/install/realsense2_camera/lib:/home/hello-robot/ament_ws/install/audio_play/lib:/home/hello-robot/ament_ws/install/audio_capture/lib:/home/hello-robot/ament_ws/install/audio_common_msgs/lib:/usr/lib/x86_64-linux-gnu/gazebo-11/plugins:/opt/ros/humble/opt/rviz_ogre_vendor/lib:/opt/ros/humble/lib/x86_64-linux-gnu:/opt/ros/humble/lib /usr/bin/cmake /home/hello-robot/ament_ws/src/realsense-ros/realsense2_camera -DCMAKE_INSTALL_PREFIX=/home/hello-robot/ament_ws/install/realsense2_camera
[7.769s] Invoking command in '/home/hello-robot/ament_ws/build/realsense2_camera': CMAKE_PREFIX_PATH=/home/hello-robot/ament_ws/install/realsense2_camera_msgs:/home/hello-robot/ament_ws/install/tf2_web_republisher:/home/hello-robot/ament_ws/install/stretch_web_teleop:/home/hello-robot/ament_ws/install/stretch_rtabmap:/home/hello-robot/ament_ws/install/stretch_nav2:/home/hello-robot/ament_ws/install/stretch_description:/home/hello-robot/ament_ws/install/speech_recognition_msgs:/home/hello-robot/ament_ws/install/sound_play_msgs:/home/hello-robot/ament_ws/install/audio_common:/home/hello-robot/ament_ws/install/sound_play:/home/hello-robot/ament_ws/install/sllidar_ros2:/home/hello-robot/ament_ws/install/rosbridge_test_msgs:/home/hello-robot/ament_ws/install/rosbridge_suite:/home/hello-robot/ament_ws/install/rosbridge_server:/home/hello-robot/ament_ws/install/rosbridge_msgs:/home/hello-robot/ament_ws/install/rosapi:/home/hello-robot/ament_ws/install/rosbridge_library:/home/hello-robot/ament_ws/install/rosapi_msgs:/home/hello-robot/ament_ws/install/ros2_numpy:/home/hello-robot/ament_ws/install/realsense2_description:/home/hello-robot/ament_ws/install/realsense2_camera:/home/hello-robot/ament_ws/install/audio_play:/home/hello-robot/ament_ws/install/audio_capture:/home/hello-robot/ament_ws/install/audio_common_msgs:/home/hello-robot/ament_ws/install/tf2_web_republisher_py:/home/hello-robot/ament_ws/install/stretch_ros_tutorials:/home/hello-robot/ament_ws/install/stretch_funmap:/home/hello-robot/ament_ws/install/stretch_calibration:/home/hello-robot/ament_ws/install/stretch_demos:/home/hello-robot/ament_ws/install/stretch_deep_perception:/home/hello-robot/ament_ws/install/stretch_core:/home/hello-robot/ament_ws/install/respeaker_ros2:/home/hello-robot/ament_ws/install/hello_helpers:/opt/ros/humble LD_LIBRARY_PATH=/home/hello-robot/ament_ws/install/realsense2_camera_msgs/lib:/home/hello-robot/ament_ws/install/tf2_web_republisher/lib:/home/hello-robot/ament_ws/install/speech_recognition_msgs/lib:/home/hello-robot/ament_ws/install/sound_play_msgs/lib:/home/hello-robot/ament_ws/install/rosbridge_test_msgs/lib:/home/hello-robot/ament_ws/install/rosbridge_msgs/lib:/home/hello-robot/ament_ws/install/rosapi_msgs/lib:/home/hello-robot/ament_ws/install/realsense2_camera/lib:/home/hello-robot/ament_ws/install/audio_play/lib:/home/hello-robot/ament_ws/install/audio_capture/lib:/home/hello-robot/ament_ws/install/audio_common_msgs/lib:/usr/lib/x86_64-linux-gnu/gazebo-11/plugins:/opt/ros/humble/opt/rviz_ogre_vendor/lib:/opt/ros/humble/lib/x86_64-linux-gnu:/opt/ros/humble/lib /usr/bin/cmake --build /home/hello-robot/ament_ws/build/realsense2_camera -- -j16 -l16
[7.798s] Consolidate compiler generated dependencies of target gtest_main
[7.798s] Consolidate compiler generated dependencies of target gtest
[7.799s] Consolidate compiler generated dependencies of target realsense2_camera_node
[7.806s] [ 18%] Built target gtest
[7.806s] [ 18%] Built target gtest_main
[7.808s] [ 27%] Built target realsense2_camera_node
[7.814s] Consolidate compiler generated dependencies of target gtest_template
[7.819s] Consolidate compiler generated dependencies of target realsense2_camera
[7.822s] [ 36%] Built target gtest_template
[7.834s] [100%] Built target realsense2_camera
[7.841s] Invoked command in '/home/hello-robot/ament_ws/build/realsense2_camera' returned '0': CMAKE_PREFIX_PATH=/home/hello-robot/ament_ws/install/realsense2_camera_msgs:/home/hello-robot/ament_ws/install/tf2_web_republisher:/home/hello-robot/ament_ws/install/stretch_web_teleop:/home/hello-robot/ament_ws/install/stretch_rtabmap:/home/hello-robot/ament_ws/install/stretch_nav2:/home/hello-robot/ament_ws/install/stretch_description:/home/hello-robot/ament_ws/install/speech_recognition_msgs:/home/hello-robot/ament_ws/install/sound_play_msgs:/home/hello-robot/ament_ws/install/audio_common:/home/hello-robot/ament_ws/install/sound_play:/home/hello-robot/ament_ws/install/sllidar_ros2:/home/hello-robot/ament_ws/install/rosbridge_test_msgs:/home/hello-robot/ament_ws/install/rosbridge_suite:/home/hello-robot/ament_ws/install/rosbridge_server:/home/hello-robot/ament_ws/install/rosbridge_msgs:/home/hello-robot/ament_ws/install/rosapi:/home/hello-robot/ament_ws/install/rosbridge_library:/home/hello-robot/ament_ws/install/rosapi_msgs:/home/hello-robot/ament_ws/install/ros2_numpy:/home/hello-robot/ament_ws/install/realsense2_description:/home/hello-robot/ament_ws/install/realsense2_camera:/home/hello-robot/ament_ws/install/audio_play:/home/hello-robot/ament_ws/install/audio_capture:/home/hello-robot/ament_ws/install/audio_common_msgs:/home/hello-robot/ament_ws/install/tf2_web_republisher_py:/home/hello-robot/ament_ws/install/stretch_ros_tutorials:/home/hello-robot/ament_ws/install/stretch_funmap:/home/hello-robot/ament_ws/install/stretch_calibration:/home/hello-robot/ament_ws/install/stretch_demos:/home/hello-robot/ament_ws/install/stretch_deep_perception:/home/hello-robot/ament_ws/install/stretch_core:/home/hello-robot/ament_ws/install/respeaker_ros2:/home/hello-robot/ament_ws/install/hello_helpers:/opt/ros/humble LD_LIBRARY_PATH=/home/hello-robot/ament_ws/install/realsense2_camera_msgs/lib:/home/hello-robot/ament_ws/install/tf2_web_republisher/lib:/home/hello-robot/ament_ws/install/speech_recognition_msgs/lib:/home/hello-robot/ament_ws/install/sound_play_msgs/lib:/home/hello-robot/ament_ws/install/rosbridge_test_msgs/lib:/home/hello-robot/ament_ws/install/rosbridge_msgs/lib:/home/hello-robot/ament_ws/install/rosapi_msgs/lib:/home/hello-robot/ament_ws/install/realsense2_camera/lib:/home/hello-robot/ament_ws/install/audio_play/lib:/home/hello-robot/ament_ws/install/audio_capture/lib:/home/hello-robot/ament_ws/install/audio_common_msgs/lib:/usr/lib/x86_64-linux-gnu/gazebo-11/plugins:/opt/ros/humble/opt/rviz_ogre_vendor/lib:/opt/ros/humble/lib/x86_64-linux-gnu:/opt/ros/humble/lib /usr/bin/cmake --build /home/hello-robot/ament_ws/build/realsense2_camera -- -j16 -l16
[7.884s] Invoking command in '/home/hello-robot/ament_ws/build/realsense2_camera': CMAKE_PREFIX_PATH=/home/hello-robot/ament_ws/install/realsense2_camera_msgs:/home/hello-robot/ament_ws/install/tf2_web_republisher:/home/hello-robot/ament_ws/install/stretch_web_teleop:/home/hello-robot/ament_ws/install/stretch_rtabmap:/home/hello-robot/ament_ws/install/stretch_nav2:/home/hello-robot/ament_ws/install/stretch_description:/home/hello-robot/ament_ws/install/speech_recognition_msgs:/home/hello-robot/ament_ws/install/sound_play_msgs:/home/hello-robot/ament_ws/install/audio_common:/home/hello-robot/ament_ws/install/sound_play:/home/hello-robot/ament_ws/install/sllidar_ros2:/home/hello-robot/ament_ws/install/rosbridge_test_msgs:/home/hello-robot/ament_ws/install/rosbridge_suite:/home/hello-robot/ament_ws/install/rosbridge_server:/home/hello-robot/ament_ws/install/rosbridge_msgs:/home/hello-robot/ament_ws/install/rosapi:/home/hello-robot/ament_ws/install/rosbridge_library:/home/hello-robot/ament_ws/install/rosapi_msgs:/home/hello-robot/ament_ws/install/ros2_numpy:/home/hello-robot/ament_ws/install/realsense2_description:/home/hello-robot/ament_ws/install/realsense2_camera:/home/hello-robot/ament_ws/install/audio_play:/home/hello-robot/ament_ws/install/audio_capture:/home/hello-robot/ament_ws/install/audio_common_msgs:/home/hello-robot/ament_ws/install/tf2_web_republisher_py:/home/hello-robot/ament_ws/install/stretch_ros_tutorials:/home/hello-robot/ament_ws/install/stretch_funmap:/home/hello-robot/ament_ws/install/stretch_calibration:/home/hello-robot/ament_ws/install/stretch_demos:/home/hello-robot/ament_ws/install/stretch_deep_perception:/home/hello-robot/ament_ws/install/stretch_core:/home/hello-robot/ament_ws/install/respeaker_ros2:/home/hello-robot/ament_ws/install/hello_helpers:/opt/ros/humble LD_LIBRARY_PATH=/home/hello-robot/ament_ws/install/realsense2_camera_msgs/lib:/home/hello-robot/ament_ws/install/tf2_web_republisher/lib:/home/hello-robot/ament_ws/install/speech_recognition_msgs/lib:/home/hello-robot/ament_ws/install/sound_play_msgs/lib:/home/hello-robot/ament_ws/install/rosbridge_test_msgs/lib:/home/hello-robot/ament_ws/install/rosbridge_msgs/lib:/home/hello-robot/ament_ws/install/rosapi_msgs/lib:/home/hello-robot/ament_ws/install/realsense2_camera/lib:/home/hello-robot/ament_ws/install/audio_play/lib:/home/hello-robot/ament_ws/install/audio_capture/lib:/home/hello-robot/ament_ws/install/audio_common_msgs/lib:/usr/lib/x86_64-linux-gnu/gazebo-11/plugins:/opt/ros/humble/opt/rviz_ogre_vendor/lib:/opt/ros/humble/lib/x86_64-linux-gnu:/opt/ros/humble/lib /usr/bin/cmake --install /home/hello-robot/ament_ws/build/realsense2_camera
[7.889s] -- Install configuration: "Release"
[7.890s] -- Up-to-date: /home/hello-robot/ament_ws/install/realsense2_camera/lib/realsense2_camera/realsense2_camera_node
[7.890s] -- Up-to-date: /home/hello-robot/ament_ws/install/realsense2_camera/lib/librealsense2_camera.so
[7.890s] -- Up-to-date: /home/hello-robot/ament_ws/install/realsense2_camera/include
[7.890s] -- Up-to-date: /home/hello-robot/ament_ws/install/realsense2_camera/include/sensor_params.h
[7.890s] -- Up-to-date: /home/hello-robot/ament_ws/install/realsense2_camera/include/constants.h
[7.890s] -- Up-to-date: /home/hello-robot/ament_ws/install/realsense2_camera/include/profile_manager.h
[7.890s] -- Up-to-date: /home/hello-robot/ament_ws/install/realsense2_camera/include/base_realsense_node.h
[7.890s] -- Up-to-date: /home/hello-robot/ament_ws/install/realsense2_camera/include/ros_utils.h
[7.890s] -- Up-to-date: /home/hello-robot/ament_ws/install/realsense2_camera/include/dynamic_params.h
[7.890s] -- Up-to-date: /home/hello-robot/ament_ws/install/realsense2_camera/include/named_filter.h
[7.890s] -- Up-to-date: /home/hello-robot/ament_ws/install/realsense2_camera/include/realsense_node_factory.h
[7.890s] -- Up-to-date: /home/hello-robot/ament_ws/install/realsense2_camera/include/ros_param_backend.h
[7.890s] -- Up-to-date: /home/hello-robot/ament_ws/install/realsense2_camera/include/image_publisher.h
[7.890s] -- Up-to-date: /home/hello-robot/ament_ws/install/realsense2_camera/include/gl_window.h
[7.890s] -- Up-to-date: /home/hello-robot/ament_ws/install/realsense2_camera/include/ros_sensor.h
[7.890s] -- Up-to-date: /home/hello-robot/ament_ws/install/realsense2_camera/share/realsense2_camera/launch
[7.891s] -- Up-to-date: /home/hello-robot/ament_ws/install/realsense2_camera/share/realsense2_camera/launch/rs_multi_camera_launch.py
[7.891s] -- Up-to-date: /home/hello-robot/ament_ws/install/realsense2_camera/share/realsense2_camera/launch/default.rviz
[7.891s] -- Up-to-date: /home/hello-robot/ament_ws/install/realsense2_camera/share/realsense2_camera/launch/rs_launch.py
[7.891s] -- Up-to-date: /home/hello-robot/ament_ws/install/realsense2_camera/share/realsense2_camera/launch/rs_intra_process_demo_launch.py
[7.891s] -- Up-to-date: /home/hello-robot/ament_ws/install/realsense2_camera/share/realsense2_camera/examples
[7.891s] -- Up-to-date: /home/hello-robot/ament_ws/install/realsense2_camera/share/realsense2_camera/examples/align_depth
[7.891s] -- Up-to-date: /home/hello-robot/ament_ws/install/realsense2_camera/share/realsense2_camera/examples/align_depth/README.md
[7.891s] -- Up-to-date: /home/hello-robot/ament_ws/install/realsense2_camera/share/realsense2_camera/examples/align_depth/rs_align_depth_launch.py
[7.891s] -- Up-to-date: /home/hello-robot/ament_ws/install/realsense2_camera/share/realsense2_camera/examples/launch_from_rosbag
[7.891s] -- Up-to-date: /home/hello-robot/ament_ws/install/realsense2_camera/share/realsense2_camera/examples/launch_from_rosbag/README.md
[7.891s] -- Up-to-date: /home/hello-robot/ament_ws/install/realsense2_camera/share/realsense2_camera/examples/launch_from_rosbag/rs_launch_from_rosbag.py
[7.891s] -- Up-to-date: /home/hello-robot/ament_ws/install/realsense2_camera/share/realsense2_camera/examples/pointcloud
[7.891s] -- Up-to-date: /home/hello-robot/ament_ws/install/realsense2_camera/share/realsense2_camera/examples/pointcloud/README.md
[7.891s] -- Up-to-date: /home/hello-robot/ament_ws/install/realsense2_camera/share/realsense2_camera/examples/pointcloud/rs_d455_pointcloud_launch.py
[7.891s] -- Up-to-date: /home/hello-robot/ament_ws/install/realsense2_camera/share/realsense2_camera/examples/pointcloud/rs_d405_pointcloud_launch.py
[7.891s] -- Up-to-date: /home/hello-robot/ament_ws/install/realsense2_camera/share/realsense2_camera/examples/pointcloud/rviz
[7.891s] -- Up-to-date: /home/hello-robot/ament_ws/install/realsense2_camera/share/realsense2_camera/examples/pointcloud/rviz/pointcloud.rviz
[7.891s] -- Up-to-date: /home/hello-robot/ament_ws/install/realsense2_camera/share/realsense2_camera/examples/pointcloud/rviz/urdf_pointcloud.rviz
[7.891s] -- Up-to-date: /home/hello-robot/ament_ws/install/realsense2_camera/share/realsense2_camera/examples/pointcloud/rs_pointcloud_launch.py
[7.891s] -- Up-to-date: /home/hello-robot/ament_ws/install/realsense2_camera/share/realsense2_camera/examples/launch_params_from_file
[7.891s] -- Up-to-date: /home/hello-robot/ament_ws/install/realsense2_camera/share/realsense2_camera/examples/launch_params_from_file/README.md
[7.891s] -- Up-to-date: /home/hello-robot/ament_ws/install/realsense2_camera/share/realsense2_camera/examples/launch_params_from_file/rs_launch_get_params_from_yaml.py
[7.891s] -- Up-to-date: /home/hello-robot/ament_ws/install/realsense2_camera/share/realsense2_camera/examples/launch_params_from_file/config
[7.891s] -- Up-to-date: /home/hello-robot/ament_ws/install/realsense2_camera/share/realsense2_camera/examples/launch_params_from_file/config/config.yaml
[7.891s] -- Up-to-date: /home/hello-robot/ament_ws/install/realsense2_camera/share/realsense2_camera/examples/dual_camera
[7.891s] -- Up-to-date: /home/hello-robot/ament_ws/install/realsense2_camera/share/realsense2_camera/examples/dual_camera/README.md
[7.891s] -- Up-to-date: /home/hello-robot/ament_ws/install/realsense2_camera/share/realsense2_camera/examples/dual_camera/rviz
[7.891s] -- Up-to-date: /home/hello-robot/ament_ws/install/realsense2_camera/share/realsense2_camera/examples/dual_camera/rviz/dual_camera_pointcloud.rviz
[7.891s] -- Up-to-date: /home/hello-robot/ament_ws/install/realsense2_camera/share/realsense2_camera/examples/dual_camera/rs_dual_camera_launch.py
[7.891s] -- Up-to-date: /home/hello-robot/ament_ws/install/realsense2_camera/share/realsense2_camera/environment/library_path.sh
[7.891s] -- Installing: /home/hello-robot/ament_ws/install/realsense2_camera/share/realsense2_camera/environment/library_path.dsv
[7.891s] -- Up-to-date: /home/hello-robot/ament_ws/install/realsense2_camera/share/ament_index/resource_index/package_run_dependencies/realsense2_camera
[7.892s] -- Installing: /home/hello-robot/ament_ws/install/realsense2_camera/share/ament_index/resource_index/parent_prefix_path/realsense2_camera
[7.892s] -- Up-to-date: /home/hello-robot/ament_ws/install/realsense2_camera/share/realsense2_camera/environment/ament_prefix_path.sh
[7.892s] -- Installing: /home/hello-robot/ament_ws/install/realsense2_camera/share/realsense2_camera/environment/ament_prefix_path.dsv
[7.892s] -- Up-to-date: /home/hello-robot/ament_ws/install/realsense2_camera/share/realsense2_camera/environment/path.sh
[7.892s] -- Installing: /home/hello-robot/ament_ws/install/realsense2_camera/share/realsense2_camera/environment/path.dsv
[7.892s] -- Up-to-date: /home/hello-robot/ament_ws/install/realsense2_camera/share/realsense2_camera/local_setup.bash
[7.892s] -- Up-to-date: /home/hello-robot/ament_ws/install/realsense2_camera/share/realsense2_camera/local_setup.sh
[7.892s] -- Up-to-date: /home/hello-robot/ament_ws/install/realsense2_camera/share/realsense2_camera/local_setup.zsh
[7.892s] -- Installing: /home/hello-robot/ament_ws/install/realsense2_camera/share/realsense2_camera/local_setup.dsv
[7.892s] -- Installing: /home/hello-robot/ament_ws/install/realsense2_camera/share/realsense2_camera/package.dsv
[7.892s] -- Up-to-date: /home/hello-robot/ament_ws/install/realsense2_camera/share/ament_index/resource_index/packages/realsense2_camera
[7.892s] -- Up-to-date: /home/hello-robot/ament_ws/install/realsense2_camera/share/ament_index/resource_index/rclcpp_components/realsense2_camera
[7.893s] -- Up-to-date: /home/hello-robot/ament_ws/install/realsense2_camera/share/realsense2_camera/cmake/ament_cmake_export_include_directories-extras.cmake
[7.893s] -- Up-to-date: /home/hello-robot/ament_ws/install/realsense2_camera/share/realsense2_camera/cmake/ament_cmake_export_libraries-extras.cmake
[7.893s] -- Up-to-date: /home/hello-robot/ament_ws/install/realsense2_camera/share/realsense2_camera/cmake/ament_cmake_export_dependencies-extras.cmake
[7.893s] -- Up-to-date: /home/hello-robot/ament_ws/install/realsense2_camera/share/realsense2_camera/cmake/realsense2_cameraConfig.cmake
[7.893s] -- Up-to-date: /home/hello-robot/ament_ws/install/realsense2_camera/share/realsense2_camera/cmake/realsense2_cameraConfig-version.cmake
[7.893s] -- Up-to-date: /home/hello-robot/ament_ws/install/realsense2_camera/share/realsense2_camera/package.xml
[7.893s] Invoked command in '/home/hello-robot/ament_ws/build/realsense2_camera' returned '0': CMAKE_PREFIX_PATH=/home/hello-robot/ament_ws/install/realsense2_camera_msgs:/home/hello-robot/ament_ws/install/tf2_web_republisher:/home/hello-robot/ament_ws/install/stretch_web_teleop:/home/hello-robot/ament_ws/install/stretch_rtabmap:/home/hello-robot/ament_ws/install/stretch_nav2:/home/hello-robot/ament_ws/install/stretch_description:/home/hello-robot/ament_ws/install/speech_recognition_msgs:/home/hello-robot/ament_ws/install/sound_play_msgs:/home/hello-robot/ament_ws/install/audio_common:/home/hello-robot/ament_ws/install/sound_play:/home/hello-robot/ament_ws/install/sllidar_ros2:/home/hello-robot/ament_ws/install/rosbridge_test_msgs:/home/hello-robot/ament_ws/install/rosbridge_suite:/home/hello-robot/ament_ws/install/rosbridge_server:/home/hello-robot/ament_ws/install/rosbridge_msgs:/home/hello-robot/ament_ws/install/rosapi:/home/hello-robot/ament_ws/install/rosbridge_library:/home/hello-robot/ament_ws/install/rosapi_msgs:/home/hello-robot/ament_ws/install/ros2_numpy:/home/hello-robot/ament_ws/install/realsense2_description:/home/hello-robot/ament_ws/install/realsense2_camera:/home/hello-robot/ament_ws/install/audio_play:/home/hello-robot/ament_ws/install/audio_capture:/home/hello-robot/ament_ws/install/audio_common_msgs:/home/hello-robot/ament_ws/install/tf2_web_republisher_py:/home/hello-robot/ament_ws/install/stretch_ros_tutorials:/home/hello-robot/ament_ws/install/stretch_funmap:/home/hello-robot/ament_ws/install/stretch_calibration:/home/hello-robot/ament_ws/install/stretch_demos:/home/hello-robot/ament_ws/install/stretch_deep_perception:/home/hello-robot/ament_ws/install/stretch_core:/home/hello-robot/ament_ws/install/respeaker_ros2:/home/hello-robot/ament_ws/install/hello_helpers:/opt/ros/humble LD_LIBRARY_PATH=/home/hello-robot/ament_ws/install/realsense2_camera_msgs/lib:/home/hello-robot/ament_ws/install/tf2_web_republisher/lib:/home/hello-robot/ament_ws/install/speech_recognition_msgs/lib:/home/hello-robot/ament_ws/install/sound_play_msgs/lib:/home/hello-robot/ament_ws/install/rosbridge_test_msgs/lib:/home/hello-robot/ament_ws/install/rosbridge_msgs/lib:/home/hello-robot/ament_ws/install/rosapi_msgs/lib:/home/hello-robot/ament_ws/install/realsense2_camera/lib:/home/hello-robot/ament_ws/install/audio_play/lib:/home/hello-robot/ament_ws/install/audio_capture/lib:/home/hello-robot/ament_ws/install/audio_common_msgs/lib:/usr/lib/x86_64-linux-gnu/gazebo-11/plugins:/opt/ros/humble/opt/rviz_ogre_vendor/lib:/opt/ros/humble/lib/x86_64-linux-gnu:/opt/ros/humble/lib /usr/bin/cmake --install /home/hello-robot/ament_ws/build/realsense2_camera
