[0.536s] Invoking command in '/home/hello-robot/ament_ws/build/realsense2_camera_msgs': CMAKE_PREFIX_PATH=/opt/ros/humble /usr/bin/cmake /home/hello-robot/ament_ws/src/realsense-ros/realsense2_camera_msgs -DCMAKE_BUILD_TYPE=Release -DCMAKE_INSTALL_PREFIX=/home/hello-robot/ament_ws/install/realsense2_camera_msgs
[3.595s] -- The C compiler identification is GNU 11.4.0
[3.595s] -- The CXX compiler identification is GNU 11.4.0
[3.595s] -- Detecting C compiler ABI info
[3.595s] -- Detecting C compiler ABI info - done
[3.595s] -- Check for working C compiler: /usr/bin/cc - skipped
[3.595s] -- Detecting C compile features
[3.595s] -- Detecting C compile features - done
[3.595s] -- Detecting CXX compiler ABI info
[3.595s] -- Detecting CXX compiler ABI info - done
[3.596s] -- Check for working CXX compiler: /usr/bin/c++ - skipped
[3.596s] -- Detecting CXX compile features
[3.596s] -- Detecting CXX compile features - done
[3.596s] -- Found ament_cmake: 1.3.8 (/opt/ros/humble/share/ament_cmake/cmake)
[3.596s] -- Found Python3: /usr/bin/python3 (found version "3.10.12") found components: Interpreter 
[3.596s] -- Found rosidl_default_generators: 1.2.0 (/opt/ros/humble/share/rosidl_default_generators/cmake)
[3.596s] -- Using all available rosidl_typesupport_c: rosidl_typesupport_fastrtps_c;rosidl_typesupport_introspection_c
[3.596s] -- Found rosidl_adapter: 3.1.5 (/opt/ros/humble/share/rosidl_adapter/cmake)
[3.596s] -- Using all available rosidl_typesupport_cpp: rosidl_typesupport_fastrtps_cpp;rosidl_typesupport_introspection_cpp
[3.596s] -- Found builtin_interfaces: 1.2.1 (/opt/ros/humble/share/builtin_interfaces/cmake)
[3.596s] -- Found std_msgs: 4.2.3 (/opt/ros/humble/share/std_msgs/cmake)
[3.596s] -- Found sensor_msgs: 4.2.3 (/opt/ros/humble/share/sensor_msgs/cmake)
[3.596s] -- Found ament_cmake_cppcheck: 0.12.10 (/opt/ros/humble/share/ament_cmake_cppcheck/cmake)
[3.596s] -- Found ament_cmake_cpplint: 0.12.10 (/opt/ros/humble/share/ament_cmake_cpplint/cmake)
[3.597s] -- Found ament_cmake_uncrustify: 0.12.10 (/opt/ros/humble/share/ament_cmake_uncrustify/cmake)
[3.597s] -- Found ament_cmake_ros: 0.10.0 (/opt/ros/humble/share/ament_cmake_ros/cmake)
[3.597s] -- Using all available rosidl_typesupport_c: rosidl_typesupport_fastrtps_c;rosidl_typesupport_introspection_c
[3.597s] -- Using all available rosidl_typesupport_cpp: rosidl_typesupport_fastrtps_cpp;rosidl_typesupport_introspection_cpp
[3.597s] -- Found PythonInterp: /usr/bin/python3 (found suitable version "3.10.12", minimum required is "3.6") 
[3.597s] -- Found python_cmake_module: 0.10.0 (/opt/ros/humble/share/python_cmake_module/cmake)
[3.597s] -- Found PythonLibs: /usr/lib/x86_64-linux-gnu/libpython3.10.so (found suitable version "3.10.12", minimum required is "3.5") 
[3.597s] -- Using PYTHON_EXECUTABLE: /usr/bin/python3
[3.597s] -- Using PYTHON_INCLUDE_DIRS: /usr/include/python3.10
[3.597s] -- Using PYTHON_LIBRARIES: /usr/lib/x86_64-linux-gnu/libpython3.10.so
[3.597s] -- Found PythonExtra: .so  
[3.597s] -- Found ament_cmake_flake8: 0.12.10 (/opt/ros/humble/share/ament_cmake_flake8/cmake)
[3.597s] -- Found ament_cmake_pep257: 0.12.10 (/opt/ros/humble/share/ament_cmake_pep257/cmake)
[3.598s] -- Configuring done
[3.598s] -- Generating done
[3.598s] -- Build files have been written to: /home/hello-robot/ament_ws/build/realsense2_camera_msgs
[3.646s] Invoked command in '/home/hello-robot/ament_ws/build/realsense2_camera_msgs' returned '0': CMAKE_PREFIX_PATH=/opt/ros/humble /usr/bin/cmake /home/hello-robot/ament_ws/src/realsense-ros/realsense2_camera_msgs -DCMAKE_BUILD_TYPE=Release -DCMAKE_INSTALL_PREFIX=/home/hello-robot/ament_ws/install/realsense2_camera_msgs
[3.646s] Invoking command in '/home/hello-robot/ament_ws/build/realsense2_camera_msgs': CMAKE_PREFIX_PATH=/opt/ros/humble /usr/bin/cmake --build /home/hello-robot/ament_ws/build/realsense2_camera_msgs -- -j16 -l16
[3.677s] [  1%] Generating C code for ROS interfaces
[3.677s] [  1%] Built target ament_cmake_python_copy_realsense2_camera_msgs
[3.690s] [  3%] Generating C++ code for ROS interfaces
[4.311s] running egg_info
[4.311s] creating realsense2_camera_msgs.egg-info
[4.311s] writing realsense2_camera_msgs.egg-info/PKG-INFO
[4.312s] writing dependency_links to realsense2_camera_msgs.egg-info/dependency_links.txt
[4.312s] writing top-level names to realsense2_camera_msgs.egg-info/top_level.txt
[4.312s] writing manifest file 'realsense2_camera_msgs.egg-info/SOURCES.txt'
[4.324s] reading manifest file 'realsense2_camera_msgs.egg-info/SOURCES.txt'
[4.325s] writing manifest file 'realsense2_camera_msgs.egg-info/SOURCES.txt'
[4.520s] [  3%] Built target ament_cmake_python_build_realsense2_camera_msgs_egg
[5.879s] [  3%] Built target realsense2_camera_msgs__cpp
[5.939s] [  4%] Generating C++ type support dispatch for ROS interfaces
[5.983s] [  6%] Generating C++ type support for eProsima Fast-RTPS
[5.991s] [  7%] Generating C++ introspection for ROS interfaces
[6.039s] [  9%] Building C object CMakeFiles/realsense2_camera_msgs__rosidl_generator_c.dir/rosidl_generator_c/realsense2_camera_msgs/msg/detail/imu_info__functions.c.o
[6.043s] [ 11%] Building C object CMakeFiles/realsense2_camera_msgs__rosidl_generator_c.dir/rosidl_generator_c/realsense2_camera_msgs/msg/detail/extrinsics__functions.c.o
[6.078s] [ 12%] Building C object CMakeFiles/realsense2_camera_msgs__rosidl_generator_c.dir/rosidl_generator_c/realsense2_camera_msgs/msg/detail/metadata__functions.c.o
[6.087s] [ 14%] Building C object CMakeFiles/realsense2_camera_msgs__rosidl_generator_c.dir/rosidl_generator_c/realsense2_camera_msgs/msg/detail/rgbd__functions.c.o
[6.140s] [ 15%] Building C object CMakeFiles/realsense2_camera_msgs__rosidl_generator_c.dir/rosidl_generator_c/realsense2_camera_msgs/srv/detail/device_info__functions.c.o
[7.044s] [ 17%] Linking C shared library librealsense2_camera_msgs__rosidl_generator_c.so
[7.356s] [ 17%] Built target realsense2_camera_msgs__rosidl_generator_c
[8.401s] [ 19%] Generating C type support for eProsima Fast-RTPS
[8.401s] [ 20%] Generating C type support dispatch for ROS interfaces
[8.401s] [ 22%] Generating C introspection for ROS interfaces
[8.437s] [ 23%] Building CXX object CMakeFiles/realsense2_camera_msgs__rosidl_typesupport_cpp.dir/rosidl_typesupport_cpp/realsense2_camera_msgs/msg/imu_info__type_support.cpp.o
[8.437s] [ 25%] Building CXX object CMakeFiles/realsense2_camera_msgs__rosidl_typesupport_cpp.dir/rosidl_typesupport_cpp/realsense2_camera_msgs/msg/extrinsics__type_support.cpp.o
[8.437s] [ 26%] Building CXX object CMakeFiles/realsense2_camera_msgs__rosidl_typesupport_cpp.dir/rosidl_typesupport_cpp/realsense2_camera_msgs/msg/metadata__type_support.cpp.o
[8.437s] [ 28%] Building CXX object CMakeFiles/realsense2_camera_msgs__rosidl_typesupport_introspection_cpp.dir/rosidl_typesupport_introspection_cpp/realsense2_camera_msgs/msg/detail/imu_info__type_support.cpp.o
[8.437s] [ 30%] Building CXX object CMakeFiles/realsense2_camera_msgs__rosidl_typesupport_cpp.dir/rosidl_typesupport_cpp/realsense2_camera_msgs/srv/device_info__type_support.cpp.o
[8.438s] [ 33%] Building CXX object CMakeFiles/realsense2_camera_msgs__rosidl_typesupport_introspection_cpp.dir/rosidl_typesupport_introspection_cpp/realsense2_camera_msgs/srv/detail/device_info__type_support.cpp.o
[8.438s] [ 33%] Building CXX object CMakeFiles/realsense2_camera_msgs__rosidl_typesupport_cpp.dir/rosidl_typesupport_cpp/realsense2_camera_msgs/msg/rgbd__type_support.cpp.o
[8.438s] [ 36%] Building CXX object CMakeFiles/realsense2_camera_msgs__rosidl_typesupport_introspection_cpp.dir/rosidl_typesupport_introspection_cpp/realsense2_camera_msgs/msg/detail/metadata__type_support.cpp.o
[8.438s] [ 36%] Building CXX object CMakeFiles/realsense2_camera_msgs__rosidl_typesupport_introspection_cpp.dir/rosidl_typesupport_introspection_cpp/realsense2_camera_msgs/msg/detail/rgbd__type_support.cpp.o
[8.438s] [ 38%] Building CXX object CMakeFiles/realsense2_camera_msgs__rosidl_typesupport_introspection_cpp.dir/rosidl_typesupport_introspection_cpp/realsense2_camera_msgs/msg/detail/extrinsics__type_support.cpp.o
[9.181s] [ 39%] Building CXX object CMakeFiles/realsense2_camera_msgs__rosidl_typesupport_fastrtps_cpp.dir/rosidl_typesupport_fastrtps_cpp/realsense2_camera_msgs/msg/detail/dds_fastrtps/imu_info__type_support.cpp.o
[9.181s] [ 41%] Building CXX object CMakeFiles/realsense2_camera_msgs__rosidl_typesupport_fastrtps_cpp.dir/rosidl_typesupport_fastrtps_cpp/realsense2_camera_msgs/msg/detail/dds_fastrtps/extrinsics__type_support.cpp.o
[9.181s] [ 42%] Building CXX object CMakeFiles/realsense2_camera_msgs__rosidl_typesupport_fastrtps_cpp.dir/rosidl_typesupport_fastrtps_cpp/realsense2_camera_msgs/msg/detail/dds_fastrtps/metadata__type_support.cpp.o
[11.091s] [ 44%] Building CXX object CMakeFiles/realsense2_camera_msgs__rosidl_typesupport_fastrtps_cpp.dir/rosidl_typesupport_fastrtps_cpp/realsense2_camera_msgs/msg/detail/dds_fastrtps/rgbd__type_support.cpp.o
[11.091s] [ 46%] Building CXX object CMakeFiles/realsense2_camera_msgs__rosidl_typesupport_fastrtps_cpp.dir/rosidl_typesupport_fastrtps_cpp/realsense2_camera_msgs/srv/detail/dds_fastrtps/device_info__type_support.cpp.o
[11.091s] [ 47%] Linking CXX shared library librealsense2_camera_msgs__rosidl_typesupport_cpp.so
[11.091s] [ 49%] Building CXX object CMakeFiles/realsense2_camera_msgs__rosidl_typesupport_c.dir/rosidl_typesupport_c/realsense2_camera_msgs/msg/imu_info__type_support.cpp.o
[11.091s] [ 50%] Building CXX object CMakeFiles/realsense2_camera_msgs__rosidl_typesupport_c.dir/rosidl_typesupport_c/realsense2_camera_msgs/msg/metadata__type_support.cpp.o
[11.091s] [ 52%] Building CXX object CMakeFiles/realsense2_camera_msgs__rosidl_typesupport_c.dir/rosidl_typesupport_c/realsense2_camera_msgs/msg/extrinsics__type_support.cpp.o
[11.091s] [ 53%] Building CXX object CMakeFiles/realsense2_camera_msgs__rosidl_typesupport_c.dir/rosidl_typesupport_c/realsense2_camera_msgs/msg/rgbd__type_support.cpp.o
[11.091s] [ 53%] Built target realsense2_camera_msgs__rosidl_typesupport_cpp
[11.091s] [ 55%] Building C object CMakeFiles/realsense2_camera_msgs__rosidl_typesupport_introspection_c.dir/rosidl_typesupport_introspection_c/realsense2_camera_msgs/msg/detail/extrinsics__type_support.c.o
[11.091s] [ 57%] Building C object CMakeFiles/realsense2_camera_msgs__rosidl_typesupport_introspection_c.dir/rosidl_typesupport_introspection_c/realsense2_camera_msgs/msg/detail/imu_info__type_support.c.o
[11.091s] [ 58%] Building CXX object CMakeFiles/realsense2_camera_msgs__rosidl_typesupport_c.dir/rosidl_typesupport_c/realsense2_camera_msgs/srv/device_info__type_support.cpp.o
[11.091s] [ 60%] Building C object CMakeFiles/realsense2_camera_msgs__rosidl_typesupport_introspection_c.dir/rosidl_typesupport_introspection_c/realsense2_camera_msgs/msg/detail/metadata__type_support.c.o
[11.091s] [ 61%] Building C object CMakeFiles/realsense2_camera_msgs__rosidl_typesupport_introspection_c.dir/rosidl_typesupport_introspection_c/realsense2_camera_msgs/msg/detail/rgbd__type_support.c.o
[11.091s] [ 63%] Linking CXX shared library librealsense2_camera_msgs__rosidl_typesupport_c.so
[11.091s] [ 65%] Building C object CMakeFiles/realsense2_camera_msgs__rosidl_typesupport_introspection_c.dir/rosidl_typesupport_introspection_c/realsense2_camera_msgs/srv/detail/device_info__type_support.c.o
[11.091s] [ 66%] Linking C shared library librealsense2_camera_msgs__rosidl_typesupport_introspection_c.so
[11.092s] [ 68%] Building CXX object CMakeFiles/realsense2_camera_msgs__rosidl_typesupport_fastrtps_c.dir/rosidl_typesupport_fastrtps_c/realsense2_camera_msgs/msg/detail/imu_info__type_support_c.cpp.o
[11.092s] [ 68%] Built target realsense2_camera_msgs__rosidl_typesupport_c
[11.092s] [ 69%] Building CXX object CMakeFiles/realsense2_camera_msgs__rosidl_typesupport_fastrtps_c.dir/rosidl_typesupport_fastrtps_c/realsense2_camera_msgs/msg/detail/extrinsics__type_support_c.cpp.o
[11.092s] [ 71%] Building CXX object CMakeFiles/realsense2_camera_msgs__rosidl_typesupport_fastrtps_c.dir/rosidl_typesupport_fastrtps_c/realsense2_camera_msgs/msg/detail/metadata__type_support_c.cpp.o
[11.092s] [ 73%] Building CXX object CMakeFiles/realsense2_camera_msgs__rosidl_typesupport_fastrtps_c.dir/rosidl_typesupport_fastrtps_c/realsense2_camera_msgs/msg/detail/rgbd__type_support_c.cpp.o
[11.092s] [ 74%] Building CXX object CMakeFiles/realsense2_camera_msgs__rosidl_typesupport_fastrtps_c.dir/rosidl_typesupport_fastrtps_c/realsense2_camera_msgs/srv/detail/device_info__type_support_c.cpp.o
[11.092s] [ 74%] Built target realsense2_camera_msgs__rosidl_typesupport_introspection_c
[11.092s] [ 76%] Linking CXX shared library librealsense2_camera_msgs__rosidl_typesupport_introspection_cpp.so
[11.261s] [ 76%] Built target realsense2_camera_msgs__rosidl_typesupport_introspection_cpp
[11.524s] [ 77%] Linking CXX shared library librealsense2_camera_msgs__rosidl_typesupport_fastrtps_cpp.so
[11.814s] [ 77%] Built target realsense2_camera_msgs__rosidl_typesupport_fastrtps_cpp
[12.341s] [ 79%] Linking CXX shared library librealsense2_camera_msgs__rosidl_typesupport_fastrtps_c.so
[12.689s] [ 79%] Built target realsense2_camera_msgs__rosidl_typesupport_fastrtps_c
[12.689s] [ 79%] Built target realsense2_camera_msgs
[12.718s] [ 80%] Generating Python code for ROS interfaces
[15.488s] [ 80%] Built target realsense2_camera_msgs__py
[15.646s] [ 85%] Building C object CMakeFiles/realsense2_camera_msgs__rosidl_generator_py.dir/rosidl_generator_py/realsense2_camera_msgs/msg/_extrinsics_s.c.o
[15.651s] [ 85%] Building C object CMakeFiles/realsense2_camera_msgs__rosidl_generator_py.dir/rosidl_generator_py/realsense2_camera_msgs/msg/_imu_info_s.c.o
[15.658s] [ 84%] Building C object CMakeFiles/realsense2_camera_msgs__rosidl_generator_py.dir/rosidl_generator_py/realsense2_camera_msgs/msg/_metadata_s.c.o
[15.669s] [ 87%] Building C object CMakeFiles/realsense2_camera_msgs__rosidl_generator_py.dir/rosidl_generator_py/realsense2_camera_msgs/msg/_rgbd_s.c.o
[15.674s] [ 88%] Building C object CMakeFiles/realsense2_camera_msgs__rosidl_generator_py.dir/rosidl_generator_py/realsense2_camera_msgs/srv/_device_info_s.c.o
[16.638s] [ 90%] Linking C shared library rosidl_generator_py/realsense2_camera_msgs/librealsense2_camera_msgs__rosidl_generator_py.so
[16.698s] [ 90%] Built target realsense2_camera_msgs__rosidl_generator_py
[16.837s] [ 92%] Building C object CMakeFiles/realsense2_camera_msgs__rosidl_typesupport_introspection_c__pyext.dir/rosidl_generator_py/realsense2_camera_msgs/_realsense2_camera_msgs_s.ep.rosidl_typesupport_introspection_c.c.o
[16.850s] [ 93%] Building C object CMakeFiles/realsense2_camera_msgs__rosidl_typesupport_fastrtps_c__pyext.dir/rosidl_generator_py/realsense2_camera_msgs/_realsense2_camera_msgs_s.ep.rosidl_typesupport_fastrtps_c.c.o
[16.910s] [ 95%] Building C object CMakeFiles/realsense2_camera_msgs__rosidl_typesupport_c__pyext.dir/rosidl_generator_py/realsense2_camera_msgs/_realsense2_camera_msgs_s.ep.rosidl_typesupport_c.c.o
[17.636s] [ 96%] Linking C shared library rosidl_generator_py/realsense2_camera_msgs/realsense2_camera_msgs_s__rosidl_typesupport_introspection_c.cpython-310-x86_64-linux-gnu.so
[17.734s] [ 98%] Linking C shared library rosidl_generator_py/realsense2_camera_msgs/realsense2_camera_msgs_s__rosidl_typesupport_fastrtps_c.cpython-310-x86_64-linux-gnu.so
[17.805s] [ 98%] Built target realsense2_camera_msgs__rosidl_typesupport_introspection_c__pyext
[17.988s] [100%] Linking C shared library rosidl_generator_py/realsense2_camera_msgs/realsense2_camera_msgs_s__rosidl_typesupport_c.cpython-310-x86_64-linux-gnu.so
[18.025s] [100%] Built target realsense2_camera_msgs__rosidl_typesupport_fastrtps_c__pyext
[18.280s] [100%] Built target realsense2_camera_msgs__rosidl_typesupport_c__pyext
[18.344s] Invoked command in '/home/hello-robot/ament_ws/build/realsense2_camera_msgs' returned '0': CMAKE_PREFIX_PATH=/opt/ros/humble /usr/bin/cmake --build /home/hello-robot/ament_ws/build/realsense2_camera_msgs -- -j16 -l16
[21.632s] Invoking command in '/home/hello-robot/ament_ws/build/realsense2_camera_msgs': CMAKE_PREFIX_PATH=/opt/ros/humble /usr/bin/cmake --install /home/hello-robot/ament_ws/build/realsense2_camera_msgs
[21.694s] -- Install configuration: "Release"
[21.694s] -- Installing: /home/hello-robot/ament_ws/install/realsense2_camera_msgs/share/ament_index/resource_index/rosidl_interfaces/realsense2_camera_msgs
[21.694s] -- Installing: /home/hello-robot/ament_ws/install/realsense2_camera_msgs/include/realsense2_camera_msgs/realsense2_camera_msgs
[21.694s] -- Installing: /home/hello-robot/ament_ws/install/realsense2_camera_msgs/include/realsense2_camera_msgs/realsense2_camera_msgs/srv
[21.694s] -- Installing: /home/hello-robot/ament_ws/install/realsense2_camera_msgs/include/realsense2_camera_msgs/realsense2_camera_msgs/srv/device_info.h
[21.694s] -- Installing: /home/hello-robot/ament_ws/install/realsense2_camera_msgs/include/realsense2_camera_msgs/realsense2_camera_msgs/srv/detail
[21.694s] -- Installing: /home/hello-robot/ament_ws/install/realsense2_camera_msgs/include/realsense2_camera_msgs/realsense2_camera_msgs/srv/detail/device_info__functions.c
[21.694s] -- Installing: /home/hello-robot/ament_ws/install/realsense2_camera_msgs/include/realsense2_camera_msgs/realsense2_camera_msgs/srv/detail/device_info__type_support.h
[21.694s] -- Installing: /home/hello-robot/ament_ws/install/realsense2_camera_msgs/include/realsense2_camera_msgs/realsense2_camera_msgs/srv/detail/device_info__functions.h
[21.694s] -- Installing: /home/hello-robot/ament_ws/install/realsense2_camera_msgs/include/realsense2_camera_msgs/realsense2_camera_msgs/srv/detail/device_info__struct.h
[21.694s] -- Installing: /home/hello-robot/ament_ws/install/realsense2_camera_msgs/include/realsense2_camera_msgs/realsense2_camera_msgs/msg
[21.694s] -- Installing: /home/hello-robot/ament_ws/install/realsense2_camera_msgs/include/realsense2_camera_msgs/realsense2_camera_msgs/msg/imu_info.h
[21.694s] -- Installing: /home/hello-robot/ament_ws/install/realsense2_camera_msgs/include/realsense2_camera_msgs/realsense2_camera_msgs/msg/metadata.h
[21.694s] -- Installing: /home/hello-robot/ament_ws/install/realsense2_camera_msgs/include/realsense2_camera_msgs/realsense2_camera_msgs/msg/rgbd.h
[21.695s] -- Installing: /home/hello-robot/ament_ws/install/realsense2_camera_msgs/include/realsense2_camera_msgs/realsense2_camera_msgs/msg/rosidl_generator_c__visibility_control.h
[21.695s] -- Installing: /home/hello-robot/ament_ws/install/realsense2_camera_msgs/include/realsense2_camera_msgs/realsense2_camera_msgs/msg/detail
[21.695s] -- Installing: /home/hello-robot/ament_ws/install/realsense2_camera_msgs/include/realsense2_camera_msgs/realsense2_camera_msgs/msg/detail/extrinsics__type_support.h
[21.695s] -- Installing: /home/hello-robot/ament_ws/install/realsense2_camera_msgs/include/realsense2_camera_msgs/realsense2_camera_msgs/msg/detail/extrinsics__struct.h
[21.695s] -- Installing: /home/hello-robot/ament_ws/install/realsense2_camera_msgs/include/realsense2_camera_msgs/realsense2_camera_msgs/msg/detail/extrinsics__functions.c
[21.695s] -- Installing: /home/hello-robot/ament_ws/install/realsense2_camera_msgs/include/realsense2_camera_msgs/realsense2_camera_msgs/msg/detail/imu_info__functions.c
[21.695s] -- Installing: /home/hello-robot/ament_ws/install/realsense2_camera_msgs/include/realsense2_camera_msgs/realsense2_camera_msgs/msg/detail/metadata__functions.c
[21.695s] -- Installing: /home/hello-robot/ament_ws/install/realsense2_camera_msgs/include/realsense2_camera_msgs/realsense2_camera_msgs/msg/detail/imu_info__functions.h
[21.695s] -- Installing: /home/hello-robot/ament_ws/install/realsense2_camera_msgs/include/realsense2_camera_msgs/realsense2_camera_msgs/msg/detail/imu_info__struct.h
[21.695s] -- Installing: /home/hello-robot/ament_ws/install/realsense2_camera_msgs/include/realsense2_camera_msgs/realsense2_camera_msgs/msg/detail/metadata__struct.h
[21.695s] -- Installing: /home/hello-robot/ament_ws/install/realsense2_camera_msgs/include/realsense2_camera_msgs/realsense2_camera_msgs/msg/detail/metadata__type_support.h
[21.695s] -- Installing: /home/hello-robot/ament_ws/install/realsense2_camera_msgs/include/realsense2_camera_msgs/realsense2_camera_msgs/msg/detail/rgbd__functions.c
[21.695s] -- Installing: /home/hello-robot/ament_ws/install/realsense2_camera_msgs/include/realsense2_camera_msgs/realsense2_camera_msgs/msg/detail/rgbd__type_support.h
[21.695s] -- Installing: /home/hello-robot/ament_ws/install/realsense2_camera_msgs/include/realsense2_camera_msgs/realsense2_camera_msgs/msg/detail/metadata__functions.h
[21.695s] -- Installing: /home/hello-robot/ament_ws/install/realsense2_camera_msgs/include/realsense2_camera_msgs/realsense2_camera_msgs/msg/detail/rgbd__functions.h
[21.695s] -- Installing: /home/hello-robot/ament_ws/install/realsense2_camera_msgs/include/realsense2_camera_msgs/realsense2_camera_msgs/msg/detail/extrinsics__functions.h
[21.695s] -- Installing: /home/hello-robot/ament_ws/install/realsense2_camera_msgs/include/realsense2_camera_msgs/realsense2_camera_msgs/msg/detail/imu_info__type_support.h
[21.695s] -- Installing: /home/hello-robot/ament_ws/install/realsense2_camera_msgs/include/realsense2_camera_msgs/realsense2_camera_msgs/msg/detail/rgbd__struct.h
[21.696s] -- Installing: /home/hello-robot/ament_ws/install/realsense2_camera_msgs/include/realsense2_camera_msgs/realsense2_camera_msgs/msg/extrinsics.h
[21.696s] -- Installing: /home/hello-robot/ament_ws/install/realsense2_camera_msgs/share/realsense2_camera_msgs/environment/library_path.sh
[21.696s] -- Installing: /home/hello-robot/ament_ws/install/realsense2_camera_msgs/share/realsense2_camera_msgs/environment/library_path.dsv
[21.696s] -- Installing: /home/hello-robot/ament_ws/install/realsense2_camera_msgs/lib/librealsense2_camera_msgs__rosidl_generator_c.so
[21.696s] -- Set runtime path of "/home/hello-robot/ament_ws/install/realsense2_camera_msgs/lib/librealsense2_camera_msgs__rosidl_generator_c.so" to ""
[21.696s] -- Up-to-date: /home/hello-robot/ament_ws/install/realsense2_camera_msgs/include/realsense2_camera_msgs/realsense2_camera_msgs
[21.696s] -- Up-to-date: /home/hello-robot/ament_ws/install/realsense2_camera_msgs/include/realsense2_camera_msgs/realsense2_camera_msgs/srv
[21.696s] -- Up-to-date: /home/hello-robot/ament_ws/install/realsense2_camera_msgs/include/realsense2_camera_msgs/realsense2_camera_msgs/srv/detail
[21.696s] -- Installing: /home/hello-robot/ament_ws/install/realsense2_camera_msgs/include/realsense2_camera_msgs/realsense2_camera_msgs/srv/detail/device_info__rosidl_typesupport_fastrtps_c.h
[21.696s] -- Up-to-date: /home/hello-robot/ament_ws/install/realsense2_camera_msgs/include/realsense2_camera_msgs/realsense2_camera_msgs/msg
[21.696s] -- Installing: /home/hello-robot/ament_ws/install/realsense2_camera_msgs/include/realsense2_camera_msgs/realsense2_camera_msgs/msg/rosidl_typesupport_fastrtps_c__visibility_control.h
[21.696s] -- Up-to-date: /home/hello-robot/ament_ws/install/realsense2_camera_msgs/include/realsense2_camera_msgs/realsense2_camera_msgs/msg/detail
[21.696s] -- Installing: /home/hello-robot/ament_ws/install/realsense2_camera_msgs/include/realsense2_camera_msgs/realsense2_camera_msgs/msg/detail/metadata__rosidl_typesupport_fastrtps_c.h
[21.696s] -- Installing: /home/hello-robot/ament_ws/install/realsense2_camera_msgs/include/realsense2_camera_msgs/realsense2_camera_msgs/msg/detail/imu_info__rosidl_typesupport_fastrtps_c.h
[21.696s] -- Installing: /home/hello-robot/ament_ws/install/realsense2_camera_msgs/include/realsense2_camera_msgs/realsense2_camera_msgs/msg/detail/rgbd__rosidl_typesupport_fastrtps_c.h
[21.696s] -- Installing: /home/hello-robot/ament_ws/install/realsense2_camera_msgs/include/realsense2_camera_msgs/realsense2_camera_msgs/msg/detail/extrinsics__rosidl_typesupport_fastrtps_c.h
[21.696s] -- Installing: /home/hello-robot/ament_ws/install/realsense2_camera_msgs/lib/librealsense2_camera_msgs__rosidl_typesupport_fastrtps_c.so
[21.696s] -- Set runtime path of "/home/hello-robot/ament_ws/install/realsense2_camera_msgs/lib/librealsense2_camera_msgs__rosidl_typesupport_fastrtps_c.so" to ""
[21.696s] -- Up-to-date: /home/hello-robot/ament_ws/install/realsense2_camera_msgs/include/realsense2_camera_msgs/realsense2_camera_msgs
[21.696s] -- Up-to-date: /home/hello-robot/ament_ws/install/realsense2_camera_msgs/include/realsense2_camera_msgs/realsense2_camera_msgs/srv
[21.697s] -- Up-to-date: /home/hello-robot/ament_ws/install/realsense2_camera_msgs/include/realsense2_camera_msgs/realsense2_camera_msgs/srv/detail
[21.697s] -- Installing: /home/hello-robot/ament_ws/install/realsense2_camera_msgs/include/realsense2_camera_msgs/realsense2_camera_msgs/srv/detail/device_info__type_support.c
[21.697s] -- Installing: /home/hello-robot/ament_ws/install/realsense2_camera_msgs/include/realsense2_camera_msgs/realsense2_camera_msgs/srv/detail/device_info__rosidl_typesupport_introspection_c.h
[21.697s] -- Up-to-date: /home/hello-robot/ament_ws/install/realsense2_camera_msgs/include/realsense2_camera_msgs/realsense2_camera_msgs/msg
[21.697s] -- Up-to-date: /home/hello-robot/ament_ws/install/realsense2_camera_msgs/include/realsense2_camera_msgs/realsense2_camera_msgs/msg/detail
[21.697s] -- Installing: /home/hello-robot/ament_ws/install/realsense2_camera_msgs/include/realsense2_camera_msgs/realsense2_camera_msgs/msg/detail/rgbd__type_support.c
[21.697s] -- Installing: /home/hello-robot/ament_ws/install/realsense2_camera_msgs/include/realsense2_camera_msgs/realsense2_camera_msgs/msg/detail/imu_info__rosidl_typesupport_introspection_c.h
[21.697s] -- Installing: /home/hello-robot/ament_ws/install/realsense2_camera_msgs/include/realsense2_camera_msgs/realsense2_camera_msgs/msg/detail/extrinsics__type_support.c
[21.697s] -- Installing: /home/hello-robot/ament_ws/install/realsense2_camera_msgs/include/realsense2_camera_msgs/realsense2_camera_msgs/msg/detail/metadata__type_support.c
[21.697s] -- Installing: /home/hello-robot/ament_ws/install/realsense2_camera_msgs/include/realsense2_camera_msgs/realsense2_camera_msgs/msg/detail/rgbd__rosidl_typesupport_introspection_c.h
[21.697s] -- Installing: /home/hello-robot/ament_ws/install/realsense2_camera_msgs/include/realsense2_camera_msgs/realsense2_camera_msgs/msg/detail/metadata__rosidl_typesupport_introspection_c.h
[21.697s] -- Installing: /home/hello-robot/ament_ws/install/realsense2_camera_msgs/include/realsense2_camera_msgs/realsense2_camera_msgs/msg/detail/imu_info__type_support.c
[21.697s] -- Installing: /home/hello-robot/ament_ws/install/realsense2_camera_msgs/include/realsense2_camera_msgs/realsense2_camera_msgs/msg/detail/extrinsics__rosidl_typesupport_introspection_c.h
[21.697s] -- Installing: /home/hello-robot/ament_ws/install/realsense2_camera_msgs/include/realsense2_camera_msgs/realsense2_camera_msgs/msg/rosidl_typesupport_introspection_c__visibility_control.h
[21.697s] -- Installing: /home/hello-robot/ament_ws/install/realsense2_camera_msgs/lib/librealsense2_camera_msgs__rosidl_typesupport_introspection_c.so
[21.697s] -- Set runtime path of "/home/hello-robot/ament_ws/install/realsense2_camera_msgs/lib/librealsense2_camera_msgs__rosidl_typesupport_introspection_c.so" to ""
[21.697s] -- Installing: /home/hello-robot/ament_ws/install/realsense2_camera_msgs/lib/librealsense2_camera_msgs__rosidl_typesupport_c.so
[21.697s] -- Set runtime path of "/home/hello-robot/ament_ws/install/realsense2_camera_msgs/lib/librealsense2_camera_msgs__rosidl_typesupport_c.so" to ""
[21.697s] -- Up-to-date: /home/hello-robot/ament_ws/install/realsense2_camera_msgs/include/realsense2_camera_msgs/realsense2_camera_msgs
[21.697s] -- Up-to-date: /home/hello-robot/ament_ws/install/realsense2_camera_msgs/include/realsense2_camera_msgs/realsense2_camera_msgs/srv
[21.698s] -- Up-to-date: /home/hello-robot/ament_ws/install/realsense2_camera_msgs/include/realsense2_camera_msgs/realsense2_camera_msgs/srv/detail
[21.698s] -- Installing: /home/hello-robot/ament_ws/install/realsense2_camera_msgs/include/realsense2_camera_msgs/realsense2_camera_msgs/srv/detail/device_info__struct.hpp
[21.698s] -- Installing: /home/hello-robot/ament_ws/install/realsense2_camera_msgs/include/realsense2_camera_msgs/realsense2_camera_msgs/srv/detail/device_info__builder.hpp
[21.698s] -- Installing: /home/hello-robot/ament_ws/install/realsense2_camera_msgs/include/realsense2_camera_msgs/realsense2_camera_msgs/srv/detail/device_info__traits.hpp
[21.698s] -- Installing: /home/hello-robot/ament_ws/install/realsense2_camera_msgs/include/realsense2_camera_msgs/realsense2_camera_msgs/srv/device_info.hpp
[21.698s] -- Up-to-date: /home/hello-robot/ament_ws/install/realsense2_camera_msgs/include/realsense2_camera_msgs/realsense2_camera_msgs/msg
[21.698s] -- Installing: /home/hello-robot/ament_ws/install/realsense2_camera_msgs/include/realsense2_camera_msgs/realsense2_camera_msgs/msg/imu_info.hpp
[21.698s] -- Up-to-date: /home/hello-robot/ament_ws/install/realsense2_camera_msgs/include/realsense2_camera_msgs/realsense2_camera_msgs/msg/detail
[21.698s] -- Installing: /home/hello-robot/ament_ws/install/realsense2_camera_msgs/include/realsense2_camera_msgs/realsense2_camera_msgs/msg/detail/extrinsics__traits.hpp
[21.698s] -- Installing: /home/hello-robot/ament_ws/install/realsense2_camera_msgs/include/realsense2_camera_msgs/realsense2_camera_msgs/msg/detail/imu_info__builder.hpp
[21.698s] -- Installing: /home/hello-robot/ament_ws/install/realsense2_camera_msgs/include/realsense2_camera_msgs/realsense2_camera_msgs/msg/detail/metadata__struct.hpp
[21.698s] -- Installing: /home/hello-robot/ament_ws/install/realsense2_camera_msgs/include/realsense2_camera_msgs/realsense2_camera_msgs/msg/detail/metadata__traits.hpp
[21.698s] -- Installing: /home/hello-robot/ament_ws/install/realsense2_camera_msgs/include/realsense2_camera_msgs/realsense2_camera_msgs/msg/detail/rgbd__builder.hpp
[21.698s] -- Installing: /home/hello-robot/ament_ws/install/realsense2_camera_msgs/include/realsense2_camera_msgs/realsense2_camera_msgs/msg/detail/rgbd__struct.hpp
[21.698s] -- Installing: /home/hello-robot/ament_ws/install/realsense2_camera_msgs/include/realsense2_camera_msgs/realsense2_camera_msgs/msg/detail/metadata__builder.hpp
[21.698s] -- Installing: /home/hello-robot/ament_ws/install/realsense2_camera_msgs/include/realsense2_camera_msgs/realsense2_camera_msgs/msg/detail/rgbd__traits.hpp
[21.698s] -- Installing: /home/hello-robot/ament_ws/install/realsense2_camera_msgs/include/realsense2_camera_msgs/realsense2_camera_msgs/msg/detail/extrinsics__struct.hpp
[21.698s] -- Installing: /home/hello-robot/ament_ws/install/realsense2_camera_msgs/include/realsense2_camera_msgs/realsense2_camera_msgs/msg/detail/extrinsics__builder.hpp
[21.698s] -- Installing: /home/hello-robot/ament_ws/install/realsense2_camera_msgs/include/realsense2_camera_msgs/realsense2_camera_msgs/msg/detail/imu_info__traits.hpp
[21.698s] -- Installing: /home/hello-robot/ament_ws/install/realsense2_camera_msgs/include/realsense2_camera_msgs/realsense2_camera_msgs/msg/detail/imu_info__struct.hpp
[21.698s] -- Installing: /home/hello-robot/ament_ws/install/realsense2_camera_msgs/include/realsense2_camera_msgs/realsense2_camera_msgs/msg/rgbd.hpp
[21.699s] -- Installing: /home/hello-robot/ament_ws/install/realsense2_camera_msgs/include/realsense2_camera_msgs/realsense2_camera_msgs/msg/metadata.hpp
[21.699s] -- Installing: /home/hello-robot/ament_ws/install/realsense2_camera_msgs/include/realsense2_camera_msgs/realsense2_camera_msgs/msg/extrinsics.hpp
[21.699s] -- Up-to-date: /home/hello-robot/ament_ws/install/realsense2_camera_msgs/include/realsense2_camera_msgs/realsense2_camera_msgs
[21.699s] -- Up-to-date: /home/hello-robot/ament_ws/install/realsense2_camera_msgs/include/realsense2_camera_msgs/realsense2_camera_msgs/srv
[21.699s] -- Up-to-date: /home/hello-robot/ament_ws/install/realsense2_camera_msgs/include/realsense2_camera_msgs/realsense2_camera_msgs/srv/detail
[21.699s] -- Installing: /home/hello-robot/ament_ws/install/realsense2_camera_msgs/include/realsense2_camera_msgs/realsense2_camera_msgs/srv/detail/dds_fastrtps
[21.699s] -- Installing: /home/hello-robot/ament_ws/install/realsense2_camera_msgs/include/realsense2_camera_msgs/realsense2_camera_msgs/srv/detail/device_info__rosidl_typesupport_fastrtps_cpp.hpp
[21.699s] -- Up-to-date: /home/hello-robot/ament_ws/install/realsense2_camera_msgs/include/realsense2_camera_msgs/realsense2_camera_msgs/msg
[21.699s] -- Up-to-date: /home/hello-robot/ament_ws/install/realsense2_camera_msgs/include/realsense2_camera_msgs/realsense2_camera_msgs/msg/detail
[21.699s] -- Installing: /home/hello-robot/ament_ws/install/realsense2_camera_msgs/include/realsense2_camera_msgs/realsense2_camera_msgs/msg/detail/extrinsics__rosidl_typesupport_fastrtps_cpp.hpp
[21.699s] -- Installing: /home/hello-robot/ament_ws/install/realsense2_camera_msgs/include/realsense2_camera_msgs/realsense2_camera_msgs/msg/detail/dds_fastrtps
[21.699s] -- Installing: /home/hello-robot/ament_ws/install/realsense2_camera_msgs/include/realsense2_camera_msgs/realsense2_camera_msgs/msg/detail/imu_info__rosidl_typesupport_fastrtps_cpp.hpp
[21.699s] -- Installing: /home/hello-robot/ament_ws/install/realsense2_camera_msgs/include/realsense2_camera_msgs/realsense2_camera_msgs/msg/detail/rgbd__rosidl_typesupport_fastrtps_cpp.hpp
[21.699s] -- Installing: /home/hello-robot/ament_ws/install/realsense2_camera_msgs/include/realsense2_camera_msgs/realsense2_camera_msgs/msg/detail/metadata__rosidl_typesupport_fastrtps_cpp.hpp
[21.699s] -- Installing: /home/hello-robot/ament_ws/install/realsense2_camera_msgs/include/realsense2_camera_msgs/realsense2_camera_msgs/msg/rosidl_typesupport_fastrtps_cpp__visibility_control.h
[21.699s] -- Installing: /home/hello-robot/ament_ws/install/realsense2_camera_msgs/lib/librealsense2_camera_msgs__rosidl_typesupport_fastrtps_cpp.so
[21.699s] -- Set runtime path of "/home/hello-robot/ament_ws/install/realsense2_camera_msgs/lib/librealsense2_camera_msgs__rosidl_typesupport_fastrtps_cpp.so" to ""
[21.699s] -- Up-to-date: /home/hello-robot/ament_ws/install/realsense2_camera_msgs/include/realsense2_camera_msgs/realsense2_camera_msgs
[21.699s] -- Up-to-date: /home/hello-robot/ament_ws/install/realsense2_camera_msgs/include/realsense2_camera_msgs/realsense2_camera_msgs/srv
[21.699s] -- Up-to-date: /home/hello-robot/ament_ws/install/realsense2_camera_msgs/include/realsense2_camera_msgs/realsense2_camera_msgs/srv/detail
[21.700s] -- Installing: /home/hello-robot/ament_ws/install/realsense2_camera_msgs/include/realsense2_camera_msgs/realsense2_camera_msgs/srv/detail/device_info__type_support.cpp
[21.700s] -- Installing: /home/hello-robot/ament_ws/install/realsense2_camera_msgs/include/realsense2_camera_msgs/realsense2_camera_msgs/srv/detail/device_info__rosidl_typesupport_introspection_cpp.hpp
[21.700s] -- Up-to-date: /home/hello-robot/ament_ws/install/realsense2_camera_msgs/include/realsense2_camera_msgs/realsense2_camera_msgs/msg
[21.700s] -- Up-to-date: /home/hello-robot/ament_ws/install/realsense2_camera_msgs/include/realsense2_camera_msgs/realsense2_camera_msgs/msg/detail
[21.700s] -- Installing: /home/hello-robot/ament_ws/install/realsense2_camera_msgs/include/realsense2_camera_msgs/realsense2_camera_msgs/msg/detail/rgbd__rosidl_typesupport_introspection_cpp.hpp
[21.700s] -- Installing: /home/hello-robot/ament_ws/install/realsense2_camera_msgs/include/realsense2_camera_msgs/realsense2_camera_msgs/msg/detail/extrinsics__rosidl_typesupport_introspection_cpp.hpp
[21.700s] -- Installing: /home/hello-robot/ament_ws/install/realsense2_camera_msgs/include/realsense2_camera_msgs/realsense2_camera_msgs/msg/detail/extrinsics__type_support.cpp
[21.700s] -- Installing: /home/hello-robot/ament_ws/install/realsense2_camera_msgs/include/realsense2_camera_msgs/realsense2_camera_msgs/msg/detail/imu_info__type_support.cpp
[21.700s] -- Installing: /home/hello-robot/ament_ws/install/realsense2_camera_msgs/include/realsense2_camera_msgs/realsense2_camera_msgs/msg/detail/metadata__type_support.cpp
[21.700s] -- Installing: /home/hello-robot/ament_ws/install/realsense2_camera_msgs/include/realsense2_camera_msgs/realsense2_camera_msgs/msg/detail/imu_info__rosidl_typesupport_introspection_cpp.hpp
[21.700s] -- Installing: /home/hello-robot/ament_ws/install/realsense2_camera_msgs/include/realsense2_camera_msgs/realsense2_camera_msgs/msg/detail/metadata__rosidl_typesupport_introspection_cpp.hpp
[21.700s] -- Installing: /home/hello-robot/ament_ws/install/realsense2_camera_msgs/include/realsense2_camera_msgs/realsense2_camera_msgs/msg/detail/rgbd__type_support.cpp
[21.700s] -- Installing: /home/hello-robot/ament_ws/install/realsense2_camera_msgs/lib/librealsense2_camera_msgs__rosidl_typesupport_introspection_cpp.so
[21.700s] -- Set runtime path of "/home/hello-robot/ament_ws/install/realsense2_camera_msgs/lib/librealsense2_camera_msgs__rosidl_typesupport_introspection_cpp.so" to ""
[21.700s] -- Installing: /home/hello-robot/ament_ws/install/realsense2_camera_msgs/lib/librealsense2_camera_msgs__rosidl_typesupport_cpp.so
[21.700s] -- Set runtime path of "/home/hello-robot/ament_ws/install/realsense2_camera_msgs/lib/librealsense2_camera_msgs__rosidl_typesupport_cpp.so" to ""
[21.700s] -- Installing: /home/hello-robot/ament_ws/install/realsense2_camera_msgs/share/realsense2_camera_msgs/environment/pythonpath.sh
[21.700s] -- Installing: /home/hello-robot/ament_ws/install/realsense2_camera_msgs/share/realsense2_camera_msgs/environment/pythonpath.dsv
[21.700s] -- Installing: /home/hello-robot/ament_ws/install/realsense2_camera_msgs/local/lib/python3.10/dist-packages/realsense2_camera_msgs-4.54.1-py3.10.egg-info
[21.700s] -- Installing: /home/hello-robot/ament_ws/install/realsense2_camera_msgs/local/lib/python3.10/dist-packages/realsense2_camera_msgs-4.54.1-py3.10.egg-info/PKG-INFO
[21.700s] -- Installing: /home/hello-robot/ament_ws/install/realsense2_camera_msgs/local/lib/python3.10/dist-packages/realsense2_camera_msgs-4.54.1-py3.10.egg-info/dependency_links.txt
[21.701s] -- Installing: /home/hello-robot/ament_ws/install/realsense2_camera_msgs/local/lib/python3.10/dist-packages/realsense2_camera_msgs-4.54.1-py3.10.egg-info/top_level.txt
[21.701s] -- Installing: /home/hello-robot/ament_ws/install/realsense2_camera_msgs/local/lib/python3.10/dist-packages/realsense2_camera_msgs-4.54.1-py3.10.egg-info/SOURCES.txt
[21.701s] -- Installing: /home/hello-robot/ament_ws/install/realsense2_camera_msgs/local/lib/python3.10/dist-packages/realsense2_camera_msgs
[21.701s] -- Installing: /home/hello-robot/ament_ws/install/realsense2_camera_msgs/local/lib/python3.10/dist-packages/realsense2_camera_msgs/_realsense2_camera_msgs_s.ep.rosidl_typesupport_c.c
[21.701s] -- Installing: /home/hello-robot/ament_ws/install/realsense2_camera_msgs/local/lib/python3.10/dist-packages/realsense2_camera_msgs/_realsense2_camera_msgs_s.ep.rosidl_typesupport_fastrtps_c.c
[21.701s] -- Installing: /home/hello-robot/ament_ws/install/realsense2_camera_msgs/local/lib/python3.10/dist-packages/realsense2_camera_msgs/srv
[21.701s] -- Installing: /home/hello-robot/ament_ws/install/realsense2_camera_msgs/local/lib/python3.10/dist-packages/realsense2_camera_msgs/srv/_device_info_s.c
[21.703s] -- Installing: /home/hello-robot/ament_ws/install/realsense2_camera_msgs/local/lib/python3.10/dist-packages/realsense2_camera_msgs/srv/_device_info.py
[21.703s] -- Installing: /home/hello-robot/ament_ws/install/realsense2_camera_msgs/local/lib/python3.10/dist-packages/realsense2_camera_msgs/srv/__init__.py
[21.703s] -- Installing: /home/hello-robot/ament_ws/install/realsense2_camera_msgs/local/lib/python3.10/dist-packages/realsense2_camera_msgs/msg
[21.703s] -- Installing: /home/hello-robot/ament_ws/install/realsense2_camera_msgs/local/lib/python3.10/dist-packages/realsense2_camera_msgs/msg/_extrinsics_s.c
[21.703s] -- Installing: /home/hello-robot/ament_ws/install/realsense2_camera_msgs/local/lib/python3.10/dist-packages/realsense2_camera_msgs/msg/_imu_info_s.c
[21.703s] -- Installing: /home/hello-robot/ament_ws/install/realsense2_camera_msgs/local/lib/python3.10/dist-packages/realsense2_camera_msgs/msg/_rgbd.py
[21.703s] -- Installing: /home/hello-robot/ament_ws/install/realsense2_camera_msgs/local/lib/python3.10/dist-packages/realsense2_camera_msgs/msg/_imu_info.py
[21.703s] -- Installing: /home/hello-robot/ament_ws/install/realsense2_camera_msgs/local/lib/python3.10/dist-packages/realsense2_camera_msgs/msg/_rgbd_s.c
[21.703s] -- Installing: /home/hello-robot/ament_ws/install/realsense2_camera_msgs/local/lib/python3.10/dist-packages/realsense2_camera_msgs/msg/_extrinsics.py
[21.703s] -- Installing: /home/hello-robot/ament_ws/install/realsense2_camera_msgs/local/lib/python3.10/dist-packages/realsense2_camera_msgs/msg/__init__.py
[21.703s] -- Installing: /home/hello-robot/ament_ws/install/realsense2_camera_msgs/local/lib/python3.10/dist-packages/realsense2_camera_msgs/msg/_metadata.py
[21.703s] -- Installing: /home/hello-robot/ament_ws/install/realsense2_camera_msgs/local/lib/python3.10/dist-packages/realsense2_camera_msgs/msg/_metadata_s.c
[21.703s] -- Installing: /home/hello-robot/ament_ws/install/realsense2_camera_msgs/local/lib/python3.10/dist-packages/realsense2_camera_msgs/librealsense2_camera_msgs__rosidl_generator_py.so
[21.704s] -- Installing: /home/hello-robot/ament_ws/install/realsense2_camera_msgs/local/lib/python3.10/dist-packages/realsense2_camera_msgs/_realsense2_camera_msgs_s.ep.rosidl_typesupport_introspection_c.c
[21.704s] -- Installing: /home/hello-robot/ament_ws/install/realsense2_camera_msgs/local/lib/python3.10/dist-packages/realsense2_camera_msgs/realsense2_camera_msgs_s__rosidl_typesupport_c.cpython-310-x86_64-linux-gnu.so
[21.704s] -- Installing: /home/hello-robot/ament_ws/install/realsense2_camera_msgs/local/lib/python3.10/dist-packages/realsense2_camera_msgs/__init__.py
[21.704s] -- Installing: /home/hello-robot/ament_ws/install/realsense2_camera_msgs/local/lib/python3.10/dist-packages/realsense2_camera_msgs/realsense2_camera_msgs_s__rosidl_typesupport_introspection_c.cpython-310-x86_64-linux-gnu.so
[21.704s] -- Installing: /home/hello-robot/ament_ws/install/realsense2_camera_msgs/local/lib/python3.10/dist-packages/realsense2_camera_msgs/realsense2_camera_msgs_s__rosidl_typesupport_fastrtps_c.cpython-310-x86_64-linux-gnu.so
[22.152s] Listing '/home/hello-robot/ament_ws/install/realsense2_camera_msgs/local/lib/python3.10/dist-packages/realsense2_camera_msgs'...
[22.152s] Compiling '/home/hello-robot/ament_ws/install/realsense2_camera_msgs/local/lib/python3.10/dist-packages/realsense2_camera_msgs/__init__.py'...
[22.152s] Listing '/home/hello-robot/ament_ws/install/realsense2_camera_msgs/local/lib/python3.10/dist-packages/realsense2_camera_msgs/msg'...
[22.152s] Compiling '/home/hello-robot/ament_ws/install/realsense2_camera_msgs/local/lib/python3.10/dist-packages/realsense2_camera_msgs/msg/__init__.py'...
[22.152s] Compiling '/home/hello-robot/ament_ws/install/realsense2_camera_msgs/local/lib/python3.10/dist-packages/realsense2_camera_msgs/msg/_extrinsics.py'...
[22.152s] Compiling '/home/hello-robot/ament_ws/install/realsense2_camera_msgs/local/lib/python3.10/dist-packages/realsense2_camera_msgs/msg/_imu_info.py'...
[22.152s] Compiling '/home/hello-robot/ament_ws/install/realsense2_camera_msgs/local/lib/python3.10/dist-packages/realsense2_camera_msgs/msg/_metadata.py'...
[22.152s] Compiling '/home/hello-robot/ament_ws/install/realsense2_camera_msgs/local/lib/python3.10/dist-packages/realsense2_camera_msgs/msg/_rgbd.py'...
[22.152s] Listing '/home/hello-robot/ament_ws/install/realsense2_camera_msgs/local/lib/python3.10/dist-packages/realsense2_camera_msgs/srv'...
[22.152s] Compiling '/home/hello-robot/ament_ws/install/realsense2_camera_msgs/local/lib/python3.10/dist-packages/realsense2_camera_msgs/srv/__init__.py'...
[22.152s] Compiling '/home/hello-robot/ament_ws/install/realsense2_camera_msgs/local/lib/python3.10/dist-packages/realsense2_camera_msgs/srv/_device_info.py'...
[22.153s] -- Installing: /home/hello-robot/ament_ws/install/realsense2_camera_msgs/local/lib/python3.10/dist-packages/realsense2_camera_msgs/realsense2_camera_msgs_s__rosidl_typesupport_fastrtps_c.cpython-310-x86_64-linux-gnu.so
[22.153s] -- Set runtime path of "/home/hello-robot/ament_ws/install/realsense2_camera_msgs/local/lib/python3.10/dist-packages/realsense2_camera_msgs/realsense2_camera_msgs_s__rosidl_typesupport_fastrtps_c.cpython-310-x86_64-linux-gnu.so" to ""
[22.153s] -- Installing: /home/hello-robot/ament_ws/install/realsense2_camera_msgs/local/lib/python3.10/dist-packages/realsense2_camera_msgs/realsense2_camera_msgs_s__rosidl_typesupport_introspection_c.cpython-310-x86_64-linux-gnu.so
[22.153s] -- Set runtime path of "/home/hello-robot/ament_ws/install/realsense2_camera_msgs/local/lib/python3.10/dist-packages/realsense2_camera_msgs/realsense2_camera_msgs_s__rosidl_typesupport_introspection_c.cpython-310-x86_64-linux-gnu.so" to ""
[22.153s] -- Installing: /home/hello-robot/ament_ws/install/realsense2_camera_msgs/local/lib/python3.10/dist-packages/realsense2_camera_msgs/realsense2_camera_msgs_s__rosidl_typesupport_c.cpython-310-x86_64-linux-gnu.so
[22.153s] -- Set runtime path of "/home/hello-robot/ament_ws/install/realsense2_camera_msgs/local/lib/python3.10/dist-packages/realsense2_camera_msgs/realsense2_camera_msgs_s__rosidl_typesupport_c.cpython-310-x86_64-linux-gnu.so" to ""
[22.153s] -- Installing: /home/hello-robot/ament_ws/install/realsense2_camera_msgs/lib/librealsense2_camera_msgs__rosidl_generator_py.so
[22.153s] -- Set runtime path of "/home/hello-robot/ament_ws/install/realsense2_camera_msgs/lib/librealsense2_camera_msgs__rosidl_generator_py.so" to ""
[22.153s] -- Installing: /home/hello-robot/ament_ws/install/realsense2_camera_msgs/share/realsense2_camera_msgs/msg/IMUInfo.idl
[22.153s] -- Installing: /home/hello-robot/ament_ws/install/realsense2_camera_msgs/share/realsense2_camera_msgs/msg/Extrinsics.idl
[22.153s] -- Installing: /home/hello-robot/ament_ws/install/realsense2_camera_msgs/share/realsense2_camera_msgs/msg/Metadata.idl
[22.153s] -- Installing: /home/hello-robot/ament_ws/install/realsense2_camera_msgs/share/realsense2_camera_msgs/msg/RGBD.idl
[22.153s] -- Installing: /home/hello-robot/ament_ws/install/realsense2_camera_msgs/share/realsense2_camera_msgs/srv/DeviceInfo.idl
[22.153s] -- Installing: /home/hello-robot/ament_ws/install/realsense2_camera_msgs/share/realsense2_camera_msgs/msg/IMUInfo.msg
[22.153s] -- Installing: /home/hello-robot/ament_ws/install/realsense2_camera_msgs/share/realsense2_camera_msgs/msg/Extrinsics.msg
[22.154s] -- Installing: /home/hello-robot/ament_ws/install/realsense2_camera_msgs/share/realsense2_camera_msgs/msg/Metadata.msg
[22.154s] -- Installing: /home/hello-robot/ament_ws/install/realsense2_camera_msgs/share/realsense2_camera_msgs/msg/RGBD.msg
[22.154s] -- Installing: /home/hello-robot/ament_ws/install/realsense2_camera_msgs/share/realsense2_camera_msgs/srv/DeviceInfo.srv
[22.154s] -- Installing: /home/hello-robot/ament_ws/install/realsense2_camera_msgs/share/realsense2_camera_msgs/srv/DeviceInfo_Request.msg
[22.154s] -- Installing: /home/hello-robot/ament_ws/install/realsense2_camera_msgs/share/realsense2_camera_msgs/srv/DeviceInfo_Response.msg
[22.154s] -- Installing: /home/hello-robot/ament_ws/install/realsense2_camera_msgs/share/ament_index/resource_index/package_run_dependencies/realsense2_camera_msgs
[22.154s] -- Installing: /home/hello-robot/ament_ws/install/realsense2_camera_msgs/share/ament_index/resource_index/parent_prefix_path/realsense2_camera_msgs
[22.154s] -- Installing: /home/hello-robot/ament_ws/install/realsense2_camera_msgs/share/realsense2_camera_msgs/environment/ament_prefix_path.sh
[22.154s] -- Installing: /home/hello-robot/ament_ws/install/realsense2_camera_msgs/share/realsense2_camera_msgs/environment/ament_prefix_path.dsv
[22.154s] -- Installing: /home/hello-robot/ament_ws/install/realsense2_camera_msgs/share/realsense2_camera_msgs/environment/path.sh
[22.154s] -- Installing: /home/hello-robot/ament_ws/install/realsense2_camera_msgs/share/realsense2_camera_msgs/environment/path.dsv
[22.154s] -- Installing: /home/hello-robot/ament_ws/install/realsense2_camera_msgs/share/realsense2_camera_msgs/local_setup.bash
[22.154s] -- Installing: /home/hello-robot/ament_ws/install/realsense2_camera_msgs/share/realsense2_camera_msgs/local_setup.sh
[22.154s] -- Installing: /home/hello-robot/ament_ws/install/realsense2_camera_msgs/share/realsense2_camera_msgs/local_setup.zsh
[22.155s] -- Installing: /home/hello-robot/ament_ws/install/realsense2_camera_msgs/share/realsense2_camera_msgs/local_setup.dsv
[22.155s] -- Installing: /home/hello-robot/ament_ws/install/realsense2_camera_msgs/share/realsense2_camera_msgs/package.dsv
[22.155s] -- Installing: /home/hello-robot/ament_ws/install/realsense2_camera_msgs/share/ament_index/resource_index/packages/realsense2_camera_msgs
[22.155s] -- Installing: /home/hello-robot/ament_ws/install/realsense2_camera_msgs/share/realsense2_camera_msgs/cmake/export_realsense2_camera_msgs__rosidl_generator_cExport.cmake
[22.155s] -- Installing: /home/hello-robot/ament_ws/install/realsense2_camera_msgs/share/realsense2_camera_msgs/cmake/export_realsense2_camera_msgs__rosidl_generator_cExport-release.cmake
[22.156s] -- Installing: /home/hello-robot/ament_ws/install/realsense2_camera_msgs/share/realsense2_camera_msgs/cmake/export_realsense2_camera_msgs__rosidl_typesupport_fastrtps_cExport.cmake
[22.156s] -- Installing: /home/hello-robot/ament_ws/install/realsense2_camera_msgs/share/realsense2_camera_msgs/cmake/export_realsense2_camera_msgs__rosidl_typesupport_fastrtps_cExport-release.cmake
[22.156s] -- Installing: /home/hello-robot/ament_ws/install/realsense2_camera_msgs/share/realsense2_camera_msgs/cmake/realsense2_camera_msgs__rosidl_typesupport_introspection_cExport.cmake
[22.156s] -- Installing: /home/hello-robot/ament_ws/install/realsense2_camera_msgs/share/realsense2_camera_msgs/cmake/realsense2_camera_msgs__rosidl_typesupport_introspection_cExport-release.cmake
[22.156s] -- Installing: /home/hello-robot/ament_ws/install/realsense2_camera_msgs/share/realsense2_camera_msgs/cmake/realsense2_camera_msgs__rosidl_typesupport_cExport.cmake
[22.156s] -- Installing: /home/hello-robot/ament_ws/install/realsense2_camera_msgs/share/realsense2_camera_msgs/cmake/realsense2_camera_msgs__rosidl_typesupport_cExport-release.cmake
[22.156s] -- Installing: /home/hello-robot/ament_ws/install/realsense2_camera_msgs/share/realsense2_camera_msgs/cmake/export_realsense2_camera_msgs__rosidl_generator_cppExport.cmake
[22.156s] -- Installing: /home/hello-robot/ament_ws/install/realsense2_camera_msgs/share/realsense2_camera_msgs/cmake/export_realsense2_camera_msgs__rosidl_typesupport_fastrtps_cppExport.cmake
[22.156s] -- Installing: /home/hello-robot/ament_ws/install/realsense2_camera_msgs/share/realsense2_camera_msgs/cmake/export_realsense2_camera_msgs__rosidl_typesupport_fastrtps_cppExport-release.cmake
[22.156s] -- Installing: /home/hello-robot/ament_ws/install/realsense2_camera_msgs/share/realsense2_camera_msgs/cmake/realsense2_camera_msgs__rosidl_typesupport_introspection_cppExport.cmake
[22.156s] -- Installing: /home/hello-robot/ament_ws/install/realsense2_camera_msgs/share/realsense2_camera_msgs/cmake/realsense2_camera_msgs__rosidl_typesupport_introspection_cppExport-release.cmake
[22.156s] -- Installing: /home/hello-robot/ament_ws/install/realsense2_camera_msgs/share/realsense2_camera_msgs/cmake/realsense2_camera_msgs__rosidl_typesupport_cppExport.cmake
[22.156s] -- Installing: /home/hello-robot/ament_ws/install/realsense2_camera_msgs/share/realsense2_camera_msgs/cmake/realsense2_camera_msgs__rosidl_typesupport_cppExport-release.cmake
[22.156s] -- Installing: /home/hello-robot/ament_ws/install/realsense2_camera_msgs/share/realsense2_camera_msgs/cmake/export_realsense2_camera_msgs__rosidl_generator_pyExport.cmake
[22.157s] -- Installing: /home/hello-robot/ament_ws/install/realsense2_camera_msgs/share/realsense2_camera_msgs/cmake/export_realsense2_camera_msgs__rosidl_generator_pyExport-release.cmake
[22.157s] -- Installing: /home/hello-robot/ament_ws/install/realsense2_camera_msgs/share/realsense2_camera_msgs/cmake/rosidl_cmake-extras.cmake
[22.157s] -- Installing: /home/hello-robot/ament_ws/install/realsense2_camera_msgs/share/realsense2_camera_msgs/cmake/ament_cmake_export_dependencies-extras.cmake
[22.157s] -- Installing: /home/hello-robot/ament_ws/install/realsense2_camera_msgs/share/realsense2_camera_msgs/cmake/ament_cmake_export_include_directories-extras.cmake
[22.157s] -- Installing: /home/hello-robot/ament_ws/install/realsense2_camera_msgs/share/realsense2_camera_msgs/cmake/ament_cmake_export_libraries-extras.cmake
[22.157s] -- Installing: /home/hello-robot/ament_ws/install/realsense2_camera_msgs/share/realsense2_camera_msgs/cmake/ament_cmake_export_targets-extras.cmake
[22.157s] -- Installing: /home/hello-robot/ament_ws/install/realsense2_camera_msgs/share/realsense2_camera_msgs/cmake/rosidl_cmake_export_typesupport_targets-extras.cmake
[22.157s] -- Installing: /home/hello-robot/ament_ws/install/realsense2_camera_msgs/share/realsense2_camera_msgs/cmake/rosidl_cmake_export_typesupport_libraries-extras.cmake
[22.157s] -- Installing: /home/hello-robot/ament_ws/install/realsense2_camera_msgs/share/realsense2_camera_msgs/cmake/realsense2_camera_msgsConfig.cmake
[22.157s] -- Installing: /home/hello-robot/ament_ws/install/realsense2_camera_msgs/share/realsense2_camera_msgs/cmake/realsense2_camera_msgsConfig-version.cmake
[22.157s] -- Installing: /home/hello-robot/ament_ws/install/realsense2_camera_msgs/share/realsense2_camera_msgs/package.xml
[22.158s] Invoked command in '/home/hello-robot/ament_ws/build/realsense2_camera_msgs' returned '0': CMAKE_PREFIX_PATH=/opt/ros/humble /usr/bin/cmake --install /home/hello-robot/ament_ws/build/realsense2_camera_msgs
