[1.076s] Invoking command in '/home/hello-robot/ament_ws/src/respeaker_ros2': CMAKE_PREFIX_PATH=/home/hello-robot/ament_ws/install/sound_play_msgs:/home/hello-robot/ament_ws/install/sound_play:/home/hello-robot/ament_ws/install/audio_play:/home/hello-robot/ament_ws/install/speech_recognition_msgs:/home/hello-robot/ament_ws/install/audio_common_msgs:/home/hello-robot/ament_ws/install/tf2_web_republisher:/home/hello-robot/ament_ws/install/stretch_web_teleop:/home/hello-robot/ament_ws/install/stretch_rtabmap:/home/hello-robot/ament_ws/install/stretch_nav2:/home/hello-robot/ament_ws/install/stretch_description:/home/hello-robot/ament_ws/install/audio_common:/home/hello-robot/ament_ws/install/sllidar_ros2:/home/hello-robot/ament_ws/install/rosbridge_test_msgs:/home/hello-robot/ament_ws/install/rosbridge_suite:/home/hello-robot/ament_ws/install/rosbridge_server:/home/hello-robot/ament_ws/install/rosbridge_msgs:/home/hello-robot/ament_ws/install/rosapi:/home/hello-robot/ament_ws/install/rosbridge_library:/home/hello-robot/ament_ws/install/rosapi_msgs:/home/hello-robot/ament_ws/install/ros2_numpy:/home/hello-robot/ament_ws/install/realsense2_description:/home/hello-robot/ament_ws/install/realsense2_camera:/home/hello-robot/ament_ws/install/realsense2_camera_msgs:/home/hello-robot/ament_ws/install/audio_capture LD_LIBRARY_PATH=/home/hello-robot/ament_ws/install/sound_play_msgs/lib:/home/hello-robot/ament_ws/install/audio_play/lib:/home/hello-robot/ament_ws/install/speech_recognition_msgs/lib:/home/hello-robot/ament_ws/install/audio_common_msgs/lib:/home/hello-robot/ament_ws/install/tf2_web_republisher/lib:/home/hello-robot/ament_ws/install/rosbridge_test_msgs/lib:/home/hello-robot/ament_ws/install/rosbridge_msgs/lib:/home/hello-robot/ament_ws/install/rosapi_msgs/lib:/home/hello-robot/ament_ws/install/realsense2_camera/lib:/home/hello-robot/ament_ws/install/realsense2_camera_msgs/lib:/home/hello-robot/ament_ws/install/audio_capture/lib:/usr/lib/x86_64-linux-gnu/gazebo-11/plugins:/opt/ros/humble/opt/rviz_ogre_vendor/lib:/opt/ros/humble/lib/x86_64-linux-gnu:/opt/ros/humble/lib PYTHONPATH=/home/hello-robot/ament_ws/build/respeaker_ros2/prefix_override:/home/hello-robot/ament_ws/install/respeaker_ros2/lib/python3.10/site-packages:${PYTHONPATH} /usr/bin/python3 setup.py egg_info --egg-base ../../build/respeaker_ros2 build --build-base /home/hello-robot/ament_ws/build/respeaker_ros2/build install --record /home/hello-robot/ament_ws/build/respeaker_ros2/install.log --single-version-externally-managed
[1.302s] running egg_info
[1.303s] writing ../../build/respeaker_ros2/respeaker_ros2.egg-info/PKG-INFO
[1.303s] writing dependency_links to ../../build/respeaker_ros2/respeaker_ros2.egg-info/dependency_links.txt
[1.303s] writing entry points to ../../build/respeaker_ros2/respeaker_ros2.egg-info/entry_points.txt
[1.303s] writing requirements to ../../build/respeaker_ros2/respeaker_ros2.egg-info/requires.txt
[1.303s] writing top-level names to ../../build/respeaker_ros2/respeaker_ros2.egg-info/top_level.txt
[1.305s] reading manifest file '../../build/respeaker_ros2/respeaker_ros2.egg-info/SOURCES.txt'
[1.305s] adding license file 'LICENSE.md'
[1.305s] writing manifest file '../../build/respeaker_ros2/respeaker_ros2.egg-info/SOURCES.txt'
[1.306s] running build
[1.306s] running build_py
[1.306s] running install
[1.307s] running install_lib
[1.308s] running install_data
[1.308s] running install_egg_info
[1.310s] removing '/home/hello-robot/ament_ws/install/respeaker_ros2/lib/python3.10/site-packages/respeaker_ros2-0.1.0-py3.10.egg-info' (and everything under it)
[1.310s] Copying ../../build/respeaker_ros2/respeaker_ros2.egg-info to /home/hello-robot/ament_ws/install/respeaker_ros2/lib/python3.10/site-packages/respeaker_ros2-0.1.0-py3.10.egg-info
[1.310s] running install_scripts
[1.328s] Installing respeaker_node script to /home/hello-robot/ament_ws/install/respeaker_ros2/lib/respeaker_ros2
[1.328s] Installing speech_to_text script to /home/hello-robot/ament_ws/install/respeaker_ros2/lib/respeaker_ros2
[1.328s] writing list of installed files to '/home/hello-robot/ament_ws/build/respeaker_ros2/install.log'
[1.399s] Invoked command in '/home/hello-robot/ament_ws/src/respeaker_ros2' returned '0': CMAKE_PREFIX_PATH=/home/hello-robot/ament_ws/install/sound_play_msgs:/home/hello-robot/ament_ws/install/sound_play:/home/hello-robot/ament_ws/install/audio_play:/home/hello-robot/ament_ws/install/speech_recognition_msgs:/home/hello-robot/ament_ws/install/audio_common_msgs:/home/hello-robot/ament_ws/install/tf2_web_republisher:/home/hello-robot/ament_ws/install/stretch_web_teleop:/home/hello-robot/ament_ws/install/stretch_rtabmap:/home/hello-robot/ament_ws/install/stretch_nav2:/home/hello-robot/ament_ws/install/stretch_description:/home/hello-robot/ament_ws/install/audio_common:/home/hello-robot/ament_ws/install/sllidar_ros2:/home/hello-robot/ament_ws/install/rosbridge_test_msgs:/home/hello-robot/ament_ws/install/rosbridge_suite:/home/hello-robot/ament_ws/install/rosbridge_server:/home/hello-robot/ament_ws/install/rosbridge_msgs:/home/hello-robot/ament_ws/install/rosapi:/home/hello-robot/ament_ws/install/rosbridge_library:/home/hello-robot/ament_ws/install/rosapi_msgs:/home/hello-robot/ament_ws/install/ros2_numpy:/home/hello-robot/ament_ws/install/realsense2_description:/home/hello-robot/ament_ws/install/realsense2_camera:/home/hello-robot/ament_ws/install/realsense2_camera_msgs:/home/hello-robot/ament_ws/install/audio_capture LD_LIBRARY_PATH=/home/hello-robot/ament_ws/install/sound_play_msgs/lib:/home/hello-robot/ament_ws/install/audio_play/lib:/home/hello-robot/ament_ws/install/speech_recognition_msgs/lib:/home/hello-robot/ament_ws/install/audio_common_msgs/lib:/home/hello-robot/ament_ws/install/tf2_web_republisher/lib:/home/hello-robot/ament_ws/install/rosbridge_test_msgs/lib:/home/hello-robot/ament_ws/install/rosbridge_msgs/lib:/home/hello-robot/ament_ws/install/rosapi_msgs/lib:/home/hello-robot/ament_ws/install/realsense2_camera/lib:/home/hello-robot/ament_ws/install/realsense2_camera_msgs/lib:/home/hello-robot/ament_ws/install/audio_capture/lib:/usr/lib/x86_64-linux-gnu/gazebo-11/plugins:/opt/ros/humble/opt/rviz_ogre_vendor/lib:/opt/ros/humble/lib/x86_64-linux-gnu:/opt/ros/humble/lib PYTHONPATH=/home/hello-robot/ament_ws/build/respeaker_ros2/prefix_override:/home/hello-robot/ament_ws/install/respeaker_ros2/lib/python3.10/site-packages:${PYTHONPATH} /usr/bin/python3 setup.py egg_info --egg-base ../../build/respeaker_ros2 build --build-base /home/hello-robot/ament_ws/build/respeaker_ros2/build install --record /home/hello-robot/ament_ws/build/respeaker_ros2/install.log --single-version-externally-managed
