[4.145s] Invoking command in '/home/hello-robot/ament_ws/src/stretch_tutorials': PYTHONPATH=/home/hello-robot/ament_ws/build/stretch_ros_tutorials/prefix_override:/home/hello-robot/ament_ws/install/stretch_ros_tutorials/lib/python3.10/site-packages:${PYTHONPATH} /usr/bin/python3 setup.py egg_info --egg-base ../../build/stretch_ros_tutorials build --build-base /home/hello-robot/ament_ws/build/stretch_ros_tutorials/build install --record /home/hello-robot/ament_ws/build/stretch_ros_tutorials/install.log --single-version-externally-managed
[5.030s] running egg_info
[5.030s] writing ../../build/stretch_ros_tutorials/stretch_ros_tutorials.egg-info/PKG-INFO
[5.030s] writing dependency_links to ../../build/stretch_ros_tutorials/stretch_ros_tutorials.egg-info/dependency_links.txt
[5.030s] writing entry points to ../../build/stretch_ros_tutorials/stretch_ros_tutorials.egg-info/entry_points.txt
[5.030s] writing requirements to ../../build/stretch_ros_tutorials/stretch_ros_tutorials.egg-info/requires.txt
[5.030s] writing top-level names to ../../build/stretch_ros_tutorials/stretch_ros_tutorials.egg-info/top_level.txt
[5.030s] reading manifest file '../../build/stretch_ros_tutorials/stretch_ros_tutorials.egg-info/SOURCES.txt'
[5.030s] writing manifest file '../../build/stretch_ros_tutorials/stretch_ros_tutorials.egg-info/SOURCES.txt'
[5.030s] running build
[5.030s] running build_py
[5.030s] running install
[5.030s] running install_lib
[5.030s] running install_data
[5.030s] running install_egg_info
[5.030s] removing '/home/hello-robot/ament_ws/install/stretch_ros_tutorials/lib/python3.10/site-packages/stretch_ros_tutorials-0.0.0-py3.10.egg-info' (and everything under it)
[5.031s] Copying ../../build/stretch_ros_tutorials/stretch_ros_tutorials.egg-info to /home/hello-robot/ament_ws/install/stretch_ros_tutorials/lib/python3.10/site-packages/stretch_ros_tutorials-0.0.0-py3.10.egg-info
[5.031s] running install_scripts
[5.031s] Installing avoider script to /home/hello-robot/ament_ws/install/stretch_ros_tutorials/lib/stretch_ros_tutorials
[5.031s] Installing marker script to /home/hello-robot/ament_ws/install/stretch_ros_tutorials/lib/stretch_ros_tutorials
[5.031s] Installing move script to /home/hello-robot/ament_ws/install/stretch_ros_tutorials/lib/stretch_ros_tutorials
[5.031s] Installing multipoint_command script to /home/hello-robot/ament_ws/install/stretch_ros_tutorials/lib/stretch_ros_tutorials
[5.031s] Installing scan_filter script to /home/hello-robot/ament_ws/install/stretch_ros_tutorials/lib/stretch_ros_tutorials
[5.031s] Installing stow_command script to /home/hello-robot/ament_ws/install/stretch_ros_tutorials/lib/stretch_ros_tutorials
[5.031s] Installing tf_broadcaster script to /home/hello-robot/ament_ws/install/stretch_ros_tutorials/lib/stretch_ros_tutorials
[5.031s] Installing tf_listener script to /home/hello-robot/ament_ws/install/stretch_ros_tutorials/lib/stretch_ros_tutorials
[5.031s] writing list of installed files to '/home/hello-robot/ament_ws/build/stretch_ros_tutorials/install.log'
[5.031s] /usr/lib/python3/dist-packages/setuptools/command/install.py:34: SetuptoolsDeprecationWarning: setup.py install is deprecated. Use build and pip and other standards-based tools.
[5.031s]   warnings.warn(
[5.362s] Invoked command in '/home/hello-robot/ament_ws/src/stretch_tutorials' returned '0': PYTHONPATH=/home/hello-robot/ament_ws/build/stretch_ros_tutorials/prefix_override:/home/hello-robot/ament_ws/install/stretch_ros_tutorials/lib/python3.10/site-packages:${PYTHONPATH} /usr/bin/python3 setup.py egg_info --egg-base ../../build/stretch_ros_tutorials build --build-base /home/hello-robot/ament_ws/build/stretch_ros_tutorials/build install --record /home/hello-robot/ament_ws/build/stretch_ros_tutorials/install.log --single-version-externally-managed
