[0.285s] Invoking command in '/home/hello-robot/ament_ws/build/stretch_description': CMAKE_PREFIX_PATH=/home/hello-robot/ament_ws/install/realsense2_description:/home/hello-robot/ament_ws/install/realsense2_camera_msgs:/home/hello-robot/ament_ws/install/tf2_web_republisher:/home/hello-robot/ament_ws/install/stretch_web_teleop:/home/hello-robot/ament_ws/install/stretch_rtabmap:/home/hello-robot/ament_ws/install/stretch_nav2:/home/hello-robot/ament_ws/install/stretch_description:/home/hello-robot/ament_ws/install/speech_recognition_msgs:/home/hello-robot/ament_ws/install/sound_play_msgs:/home/hello-robot/ament_ws/install/audio_common:/home/hello-robot/ament_ws/install/sound_play:/home/hello-robot/ament_ws/install/sllidar_ros2:/home/hello-robot/ament_ws/install/rosbridge_test_msgs:/home/hello-robot/ament_ws/install/rosbridge_suite:/home/hello-robot/ament_ws/install/rosbridge_server:/home/hello-robot/ament_ws/install/rosbridge_msgs:/home/hello-robot/ament_ws/install/rosapi:/home/hello-robot/ament_ws/install/rosbridge_library:/home/hello-robot/ament_ws/install/rosapi_msgs:/home/hello-robot/ament_ws/install/ros2_numpy:/home/hello-robot/ament_ws/install/realsense2_camera:/home/hello-robot/ament_ws/install/audio_play:/home/hello-robot/ament_ws/install/audio_capture:/home/hello-robot/ament_ws/install/audio_common_msgs:/home/hello-robot/ament_ws/install/tf2_web_republisher_py:/home/hello-robot/ament_ws/install/stretch_ros_tutorials:/home/hello-robot/ament_ws/install/stretch_funmap:/home/hello-robot/ament_ws/install/stretch_calibration:/home/hello-robot/ament_ws/install/stretch_demos:/home/hello-robot/ament_ws/install/stretch_deep_perception:/home/hello-robot/ament_ws/install/stretch_core:/home/hello-robot/ament_ws/install/respeaker_ros2:/home/hello-robot/ament_ws/install/hello_helpers:/opt/ros/humble LD_LIBRARY_PATH=/home/hello-robot/ament_ws/install/realsense2_camera_msgs/lib:/home/hello-robot/.local/lib/python3.10/site-packages/cv2/../../lib64:/home/hello-robot/ament_ws/install/tf2_web_republisher/lib:/home/hello-robot/ament_ws/install/speech_recognition_msgs/lib:/home/hello-robot/ament_ws/install/sound_play_msgs/lib:/home/hello-robot/ament_ws/install/rosbridge_test_msgs/lib:/home/hello-robot/ament_ws/install/rosbridge_msgs/lib:/home/hello-robot/ament_ws/install/rosapi_msgs/lib:/home/hello-robot/ament_ws/install/realsense2_camera/lib:/home/hello-robot/ament_ws/install/audio_play/lib:/home/hello-robot/ament_ws/install/audio_capture/lib:/home/hello-robot/ament_ws/install/audio_common_msgs/lib:/usr/lib/x86_64-linux-gnu/gazebo-11/plugins:/opt/ros/humble/opt/rviz_ogre_vendor/lib:/opt/ros/humble/lib/x86_64-linux-gnu:/opt/ros/humble/lib /usr/bin/cmake --build /home/hello-robot/ament_ws/build/stretch_description -- -j16 -l16
[0.311s] Invoked command in '/home/hello-robot/ament_ws/build/stretch_description' returned '0': CMAKE_PREFIX_PATH=/home/hello-robot/ament_ws/install/realsense2_description:/home/hello-robot/ament_ws/install/realsense2_camera_msgs:/home/hello-robot/ament_ws/install/tf2_web_republisher:/home/hello-robot/ament_ws/install/stretch_web_teleop:/home/hello-robot/ament_ws/install/stretch_rtabmap:/home/hello-robot/ament_ws/install/stretch_nav2:/home/hello-robot/ament_ws/install/stretch_description:/home/hello-robot/ament_ws/install/speech_recognition_msgs:/home/hello-robot/ament_ws/install/sound_play_msgs:/home/hello-robot/ament_ws/install/audio_common:/home/hello-robot/ament_ws/install/sound_play:/home/hello-robot/ament_ws/install/sllidar_ros2:/home/hello-robot/ament_ws/install/rosbridge_test_msgs:/home/hello-robot/ament_ws/install/rosbridge_suite:/home/hello-robot/ament_ws/install/rosbridge_server:/home/hello-robot/ament_ws/install/rosbridge_msgs:/home/hello-robot/ament_ws/install/rosapi:/home/hello-robot/ament_ws/install/rosbridge_library:/home/hello-robot/ament_ws/install/rosapi_msgs:/home/hello-robot/ament_ws/install/ros2_numpy:/home/hello-robot/ament_ws/install/realsense2_camera:/home/hello-robot/ament_ws/install/audio_play:/home/hello-robot/ament_ws/install/audio_capture:/home/hello-robot/ament_ws/install/audio_common_msgs:/home/hello-robot/ament_ws/install/tf2_web_republisher_py:/home/hello-robot/ament_ws/install/stretch_ros_tutorials:/home/hello-robot/ament_ws/install/stretch_funmap:/home/hello-robot/ament_ws/install/stretch_calibration:/home/hello-robot/ament_ws/install/stretch_demos:/home/hello-robot/ament_ws/install/stretch_deep_perception:/home/hello-robot/ament_ws/install/stretch_core:/home/hello-robot/ament_ws/install/respeaker_ros2:/home/hello-robot/ament_ws/install/hello_helpers:/opt/ros/humble LD_LIBRARY_PATH=/home/hello-robot/ament_ws/install/realsense2_camera_msgs/lib:/home/hello-robot/.local/lib/python3.10/site-packages/cv2/../../lib64:/home/hello-robot/ament_ws/install/tf2_web_republisher/lib:/home/hello-robot/ament_ws/install/speech_recognition_msgs/lib:/home/hello-robot/ament_ws/install/sound_play_msgs/lib:/home/hello-robot/ament_ws/install/rosbridge_test_msgs/lib:/home/hello-robot/ament_ws/install/rosbridge_msgs/lib:/home/hello-robot/ament_ws/install/rosapi_msgs/lib:/home/hello-robot/ament_ws/install/realsense2_camera/lib:/home/hello-robot/ament_ws/install/audio_play/lib:/home/hello-robot/ament_ws/install/audio_capture/lib:/home/hello-robot/ament_ws/install/audio_common_msgs/lib:/usr/lib/x86_64-linux-gnu/gazebo-11/plugins:/opt/ros/humble/opt/rviz_ogre_vendor/lib:/opt/ros/humble/lib/x86_64-linux-gnu:/opt/ros/humble/lib /usr/bin/cmake --build /home/hello-robot/ament_ws/build/stretch_description -- -j16 -l16
[0.333s] Invoking command in '/home/hello-robot/ament_ws/build/stretch_description': CMAKE_PREFIX_PATH=/home/hello-robot/ament_ws/install/realsense2_description:/home/hello-robot/ament_ws/install/realsense2_camera_msgs:/home/hello-robot/ament_ws/install/tf2_web_republisher:/home/hello-robot/ament_ws/install/stretch_web_teleop:/home/hello-robot/ament_ws/install/stretch_rtabmap:/home/hello-robot/ament_ws/install/stretch_nav2:/home/hello-robot/ament_ws/install/stretch_description:/home/hello-robot/ament_ws/install/speech_recognition_msgs:/home/hello-robot/ament_ws/install/sound_play_msgs:/home/hello-robot/ament_ws/install/audio_common:/home/hello-robot/ament_ws/install/sound_play:/home/hello-robot/ament_ws/install/sllidar_ros2:/home/hello-robot/ament_ws/install/rosbridge_test_msgs:/home/hello-robot/ament_ws/install/rosbridge_suite:/home/hello-robot/ament_ws/install/rosbridge_server:/home/hello-robot/ament_ws/install/rosbridge_msgs:/home/hello-robot/ament_ws/install/rosapi:/home/hello-robot/ament_ws/install/rosbridge_library:/home/hello-robot/ament_ws/install/rosapi_msgs:/home/hello-robot/ament_ws/install/ros2_numpy:/home/hello-robot/ament_ws/install/realsense2_camera:/home/hello-robot/ament_ws/install/audio_play:/home/hello-robot/ament_ws/install/audio_capture:/home/hello-robot/ament_ws/install/audio_common_msgs:/home/hello-robot/ament_ws/install/tf2_web_republisher_py:/home/hello-robot/ament_ws/install/stretch_ros_tutorials:/home/hello-robot/ament_ws/install/stretch_funmap:/home/hello-robot/ament_ws/install/stretch_calibration:/home/hello-robot/ament_ws/install/stretch_demos:/home/hello-robot/ament_ws/install/stretch_deep_perception:/home/hello-robot/ament_ws/install/stretch_core:/home/hello-robot/ament_ws/install/respeaker_ros2:/home/hello-robot/ament_ws/install/hello_helpers:/opt/ros/humble LD_LIBRARY_PATH=/home/hello-robot/ament_ws/install/realsense2_camera_msgs/lib:/home/hello-robot/.local/lib/python3.10/site-packages/cv2/../../lib64:/home/hello-robot/ament_ws/install/tf2_web_republisher/lib:/home/hello-robot/ament_ws/install/speech_recognition_msgs/lib:/home/hello-robot/ament_ws/install/sound_play_msgs/lib:/home/hello-robot/ament_ws/install/rosbridge_test_msgs/lib:/home/hello-robot/ament_ws/install/rosbridge_msgs/lib:/home/hello-robot/ament_ws/install/rosapi_msgs/lib:/home/hello-robot/ament_ws/install/realsense2_camera/lib:/home/hello-robot/ament_ws/install/audio_play/lib:/home/hello-robot/ament_ws/install/audio_capture/lib:/home/hello-robot/ament_ws/install/audio_common_msgs/lib:/usr/lib/x86_64-linux-gnu/gazebo-11/plugins:/opt/ros/humble/opt/rviz_ogre_vendor/lib:/opt/ros/humble/lib/x86_64-linux-gnu:/opt/ros/humble/lib /usr/bin/cmake --install /home/hello-robot/ament_ws/build/stretch_description
[0.340s] -- Install configuration: "Release"
[0.340s] -- Up-to-date: /home/hello-robot/ament_ws/install/stretch_description/share/stretch_description/meshes
[0.340s] -- Up-to-date: /home/hello-robot/ament_ws/install/stretch_description/share/stretch_description/meshes/link_aruco_shoulder_collision.STL
[0.340s] -- Up-to-date: /home/hello-robot/ament_ws/install/stretch_description/share/stretch_description/meshes/link_aruco_top_wrist.STL
[0.340s] -- Up-to-date: /home/hello-robot/ament_ws/install/stretch_description/share/stretch_description/meshes/link_SG3_gripper_fingertip_right_collision.STL
[0.340s] -- Up-to-date: /home/hello-robot/ament_ws/install/stretch_description/share/stretch_description/meshes/respeaker_base.STL
[0.340s] -- Up-to-date: /home/hello-robot/ament_ws/install/stretch_description/share/stretch_description/meshes/link_SE3_head_nav_cam_collision.STL
[0.340s] -- Up-to-date: /home/hello-robot/ament_ws/install/stretch_description/share/stretch_description/meshes/link_head_tilt.STL
[0.340s] -- Up-to-date: /home/hello-robot/ament_ws/install/stretch_description/share/stretch_description/meshes/link_SG3_gripper_fingertip_right.STL
[0.340s] -- Up-to-date: /home/hello-robot/ament_ws/install/stretch_description/share/stretch_description/meshes/d435.dae
[0.340s] -- Up-to-date: /home/hello-robot/ament_ws/install/stretch_description/share/stretch_description/meshes/link_SG3_gripper_finger_left.STL
[0.340s] -- Up-to-date: /home/hello-robot/ament_ws/install/stretch_description/share/stretch_description/meshes/link_head_tilt_collision.STL
[0.340s] -- Up-to-date: /home/hello-robot/ament_ws/install/stretch_description/share/stretch_description/meshes/link_left_wheel_collision.STL
[0.340s] -- Up-to-date: /home/hello-robot/ament_ws/install/stretch_description/share/stretch_description/meshes/link_SG3_gripper_finger_right_collision.STL
[0.341s] -- Up-to-date: /home/hello-robot/ament_ws/install/stretch_description/share/stretch_description/meshes/link_arm_l3_collision.STL
[0.341s] -- Up-to-date: /home/hello-robot/ament_ws/install/stretch_description/share/stretch_description/meshes/link_DW3_wrist_yaw_bottom_collision.STL
[0.341s] -- Up-to-date: /home/hello-robot/ament_ws/install/stretch_description/share/stretch_description/meshes/link_SG3_gripper_fingertip_left_collision.STL
[0.341s] -- Up-to-date: /home/hello-robot/ament_ws/install/stretch_description/share/stretch_description/meshes/link_SG3_aruco_fingertip_left.STL
[0.341s] -- Up-to-date: /home/hello-robot/ament_ws/install/stretch_description/share/stretch_description/meshes/link_aruco_shoulder.STL
[0.341s] -- Up-to-date: /home/hello-robot/ament_ws/install/stretch_description/share/stretch_description/meshes/link_arm_l2_collision.STL
[0.341s] -- Up-to-date: /home/hello-robot/ament_ws/install/stretch_description/share/stretch_description/meshes/link_SG3_aruco_fingertip_right.STL
[0.341s] -- Up-to-date: /home/hello-robot/ament_ws/install/stretch_description/share/stretch_description/meshes/link_aruco_inner_wrist_collision.STL
[0.341s] -- Up-to-date: /home/hello-robot/ament_ws/install/stretch_description/share/stretch_description/meshes/link_arm_l4.STL
[0.341s] -- Up-to-date: /home/hello-robot/ament_ws/install/stretch_description/share/stretch_description/meshes/link_aruco_right_base_collision.STL
[0.341s] -- Up-to-date: /home/hello-robot/ament_ws/install/stretch_description/share/stretch_description/meshes/link_SG3_gripper_finger_right.STL
[0.341s] -- Up-to-date: /home/hello-robot/ament_ws/install/stretch_description/share/stretch_description/meshes/link_mast.STL
[0.341s] -- Up-to-date: /home/hello-robot/ament_ws/install/stretch_description/share/stretch_description/meshes/link_right_wheel_collision.STL
[0.341s] -- Up-to-date: /home/hello-robot/ament_ws/install/stretch_description/share/stretch_description/meshes/link_aruco_inner_wrist.STL
[0.341s] -- Up-to-date: /home/hello-robot/ament_ws/install/stretch_description/share/stretch_description/meshes/link_camera_collision.STL
[0.341s] -- Up-to-date: /home/hello-robot/ament_ws/install/stretch_description/share/stretch_description/meshes/link_head.STL
[0.341s] -- Up-to-date: /home/hello-robot/ament_ws/install/stretch_description/share/stretch_description/meshes/link_lift.STL
[0.341s] -- Up-to-date: /home/hello-robot/ament_ws/install/stretch_description/share/stretch_description/meshes/link_DW3_wrist_yaw_bottom.STL
[0.341s] -- Up-to-date: /home/hello-robot/ament_ws/install/stretch_description/share/stretch_description/meshes/link_aruco_right_base.STL
[0.341s] -- Up-to-date: /home/hello-robot/ament_ws/install/stretch_description/share/stretch_description/meshes/link_ground_collision.STL
[0.341s] -- Up-to-date: /home/hello-robot/ament_ws/install/stretch_description/share/stretch_description/meshes/link_SG3_aruco_d405.STL
[0.341s] -- Up-to-date: /home/hello-robot/ament_ws/install/stretch_description/share/stretch_description/meshes/base_imu.STL
[0.342s] -- Up-to-date: /home/hello-robot/ament_ws/install/stretch_description/share/stretch_description/meshes/link_SG3_gripper_fingertip_left.STL
[0.342s] -- Up-to-date: /home/hello-robot/ament_ws/install/stretch_description/share/stretch_description/meshes/link_aruco_left_base_collision.STL
[0.342s] -- Up-to-date: /home/hello-robot/ament_ws/install/stretch_description/share/stretch_description/meshes/link_head_pan.STL
[0.342s] -- Up-to-date: /home/hello-robot/ament_ws/install/stretch_description/share/stretch_description/meshes/link_arm_l0_collision.STL
[0.342s] -- Up-to-date: /home/hello-robot/ament_ws/install/stretch_description/share/stretch_description/meshes/link_arm_l3.STL
[0.342s] -- Up-to-date: /home/hello-robot/ament_ws/install/stretch_description/share/stretch_description/meshes/link_arm_l1.STL
[0.342s] -- Up-to-date: /home/hello-robot/ament_ws/install/stretch_description/share/stretch_description/meshes/link_DW3_tablet_12in_collision.STL
[0.342s] -- Up-to-date: /home/hello-robot/ament_ws/install/stretch_description/share/stretch_description/meshes/link_DW3_wrist_roll.STL
[0.342s] -- Up-to-date: /home/hello-robot/ament_ws/install/stretch_description/share/stretch_description/meshes/.gitkeep
[0.342s] -- Up-to-date: /home/hello-robot/ament_ws/install/stretch_description/share/stretch_description/meshes/link_puller.STL
[0.342s] -- Up-to-date: /home/hello-robot/ament_ws/install/stretch_description/share/stretch_description/meshes/laser_collision.STL
[0.342s] -- Up-to-date: /home/hello-robot/ament_ws/install/stretch_description/share/stretch_description/meshes/link_SG3_gripper_body.STL
[0.342s] -- Up-to-date: /home/hello-robot/ament_ws/install/stretch_description/share/stretch_description/meshes/link_arm_l4_collision.STL
[0.342s] -- Up-to-date: /home/hello-robot/ament_ws/install/stretch_description/share/stretch_description/meshes/link_SE3_head_nav_cam.STL
[0.342s] -- Up-to-date: /home/hello-robot/ament_ws/install/stretch_description/share/stretch_description/meshes/link_head_collision.STL
[0.342s] -- Up-to-date: /home/hello-robot/ament_ws/install/stretch_description/share/stretch_description/meshes/omni_wheel_m.STL
[0.342s] -- Up-to-date: /home/hello-robot/ament_ws/install/stretch_description/share/stretch_description/meshes/link_lift_collision.STL
[0.342s] -- Up-to-date: /home/hello-robot/ament_ws/install/stretch_description/share/stretch_description/meshes/link_respeaker.STL
[0.342s] -- Up-to-date: /home/hello-robot/ament_ws/install/stretch_description/share/stretch_description/meshes/link_arm_l1_collision.STL
[0.342s] -- Up-to-date: /home/hello-robot/ament_ws/install/stretch_description/share/stretch_description/meshes/respeaker_base_collision.STL
[0.342s] -- Up-to-date: /home/hello-robot/ament_ws/install/stretch_description/share/stretch_description/meshes/link_mast_collision.STL
[0.342s] -- Up-to-date: /home/hello-robot/ament_ws/install/stretch_description/share/stretch_description/meshes/link_arm_l2.STL
[0.342s] -- Up-to-date: /home/hello-robot/ament_ws/install/stretch_description/share/stretch_description/meshes/link_aruco_left_base.STL
[0.342s] -- Up-to-date: /home/hello-robot/ament_ws/install/stretch_description/share/stretch_description/meshes/link_wrist_yaw_collision.STL
[0.342s] -- Up-to-date: /home/hello-robot/ament_ws/install/stretch_description/share/stretch_description/meshes/link_right_wheel.STL
[0.342s] -- Up-to-date: /home/hello-robot/ament_ws/install/stretch_description/share/stretch_description/meshes/link_DW3_wrist_roll_collision.STL
[0.342s] -- Up-to-date: /home/hello-robot/ament_ws/install/stretch_description/share/stretch_description/meshes/link_left_wheel.STL
[0.343s] -- Up-to-date: /home/hello-robot/ament_ws/install/stretch_description/share/stretch_description/meshes/link_SG3_gripper_body_collision.STL
[0.343s] -- Up-to-date: /home/hello-robot/ament_ws/install/stretch_description/share/stretch_description/meshes/base_link_collision.STL
[0.343s] -- Up-to-date: /home/hello-robot/ament_ws/install/stretch_description/share/stretch_description/meshes/link_DW3_wrist_pitch_collision.STL
[0.343s] -- Up-to-date: /home/hello-robot/ament_ws/install/stretch_description/share/stretch_description/meshes/link_arm_l0.STL
[0.343s] -- Up-to-date: /home/hello-robot/ament_ws/install/stretch_description/share/stretch_description/meshes/link_DW3_wrist_pitch.STL
[0.343s] -- Up-to-date: /home/hello-robot/ament_ws/install/stretch_description/share/stretch_description/meshes/link_DW3_wrist_quick_connect.STL
[0.343s] -- Up-to-date: /home/hello-robot/ament_ws/install/stretch_description/share/stretch_description/meshes/link_camera.STL
[0.343s] -- Up-to-date: /home/hello-robot/ament_ws/install/stretch_description/share/stretch_description/meshes/base_imu_collision.STL
[0.343s] -- Up-to-date: /home/hello-robot/ament_ws/install/stretch_description/share/stretch_description/meshes/link_aruco_top_wrist_collision.STL
[0.343s] -- Up-to-date: /home/hello-robot/ament_ws/install/stretch_description/share/stretch_description/meshes/base_link.STL
[0.343s] -- Up-to-date: /home/hello-robot/ament_ws/install/stretch_description/share/stretch_description/meshes/link_DW3_tablet_12in.STL
[0.343s] -- Up-to-date: /home/hello-robot/ament_ws/install/stretch_description/share/stretch_description/meshes/link_head_pan_collision.STL
[0.343s] -- Up-to-date: /home/hello-robot/ament_ws/install/stretch_description/share/stretch_description/meshes/link_wrist_yaw.STL
[0.343s] -- Up-to-date: /home/hello-robot/ament_ws/install/stretch_description/share/stretch_description/meshes/laser.STL
[0.343s] -- Up-to-date: /home/hello-robot/ament_ws/install/stretch_description/share/stretch_description/meshes/link_SG3_gripper_finger_left_collision.STL
[0.343s] -- Up-to-date: /home/hello-robot/ament_ws/install/stretch_description/share/stretch_description/urdf
[0.343s] -- Up-to-date: /home/hello-robot/ament_ws/install/stretch_description/share/stretch_description/urdf/stretch_head_nav_cam.xacro
[0.343s] -- Up-to-date: /home/hello-robot/ament_ws/install/stretch_description/share/stretch_description/urdf/stretch_description_SE3_eoa_wrist_dw3_tool_nil.xacro
[0.343s] -- Up-to-date: /home/hello-robot/ament_ws/install/stretch_description/share/stretch_description/urdf/stretch_aruco.xacro
[0.343s] -- Up-to-date: /home/hello-robot/ament_ws/install/stretch_description/share/stretch_description/urdf/stretch_tool_sg3.xacro
[0.343s] -- Up-to-date: /home/hello-robot/ament_ws/install/stretch_description/share/stretch_description/urdf/export_urdf_license_template.md
[0.344s] -- Up-to-date: /home/hello-robot/ament_ws/install/stretch_description/share/stretch_description/urdf/stretch_description_SE3_eoa_wrist_dw3_tool_sg3.xacro
[0.344s] -- Up-to-date: /home/hello-robot/ament_ws/install/stretch_description/share/stretch_description/urdf/stretch_wrist_dw3.xacro
[0.344s] -- Up-to-date: /home/hello-robot/ament_ws/install/stretch_description/share/stretch_description/urdf/stretch_main.xacro
[0.344s] -- Up-to-date: /home/hello-robot/ament_ws/install/stretch_description/share/stretch_description/urdf/d435i
[0.344s] -- Up-to-date: /home/hello-robot/ament_ws/install/stretch_description/share/stretch_description/urdf/d435i/_d435.urdf.xacro
[0.344s] -- Up-to-date: /home/hello-robot/ament_ws/install/stretch_description/share/stretch_description/urdf/d435i/_materials.urdf.xacro
[0.344s] -- Up-to-date: /home/hello-robot/ament_ws/install/stretch_description/share/stretch_description/urdf/d435i/_usb_plug.urdf.xacro
[0.344s] -- Up-to-date: /home/hello-robot/ament_ws/install/stretch_description/share/stretch_description/urdf/d435i/_d435i_imu_modules.urdf.xacro
[0.344s] -- Up-to-date: /home/hello-robot/ament_ws/install/stretch_description/share/stretch_description/urdf/d435i/_d435i.urdf.xacro
[0.344s] -- Up-to-date: /home/hello-robot/ament_ws/install/stretch_description/share/stretch_description/urdf/stretch_description_SE3_eoa_wrist_dw3_tool_tablet_12in.xacro
[0.344s] -- Up-to-date: /home/hello-robot/ament_ws/install/stretch_description/share/stretch_description/urdf/stretch_base_imu.xacro
[0.344s] -- Up-to-date: /home/hello-robot/ament_ws/install/stretch_description/share/stretch_description/urdf/stretch_tool_tablet_12in.xacro
[0.344s] -- Up-to-date: /home/hello-robot/ament_ws/install/stretch_description/share/stretch_description/urdf/stretch_laser_range_finder.xacro
[0.344s] -- Up-to-date: /home/hello-robot/ament_ws/install/stretch_description/share/stretch_description/urdf/export_urdf.sh
[0.344s] -- Up-to-date: /home/hello-robot/ament_ws/install/stretch_description/share/stretch_description/urdf/stretch_respeaker.xacro
[0.344s] -- Up-to-date: /home/hello-robot/ament_ws/install/stretch_description/share/stretch_description/urdf/stretch_uncalibrated.urdf
[0.344s] -- Up-to-date: /home/hello-robot/ament_ws/install/stretch_description/share/stretch_description/urdf/stretch_description.xacro
[0.344s] -- Up-to-date: /home/hello-robot/ament_ws/install/stretch_description/share/stretch_description/urdf/stretch_d435i.xacro
[0.344s] -- Up-to-date: /home/hello-robot/ament_ws/install/stretch_description/share/stretch_description/launch
[0.344s] -- Up-to-date: /home/hello-robot/ament_ws/install/stretch_description/share/stretch_description/launch/display.launch.py
[0.344s] -- Up-to-date: /home/hello-robot/ament_ws/install/stretch_description/share/stretch_description/rviz
[0.345s] -- Up-to-date: /home/hello-robot/ament_ws/install/stretch_description/share/stretch_description/rviz/stretch.rviz
[0.345s] -- Up-to-date: /home/hello-robot/ament_ws/install/stretch_description/share/ament_index/resource_index/package_run_dependencies/stretch_description
[0.345s] -- Up-to-date: /home/hello-robot/ament_ws/install/stretch_description/share/ament_index/resource_index/parent_prefix_path/stretch_description
[0.345s] -- Up-to-date: /home/hello-robot/ament_ws/install/stretch_description/share/stretch_description/environment/ament_prefix_path.sh
[0.345s] -- Up-to-date: /home/hello-robot/ament_ws/install/stretch_description/share/stretch_description/environment/ament_prefix_path.dsv
[0.345s] -- Up-to-date: /home/hello-robot/ament_ws/install/stretch_description/share/stretch_description/environment/path.sh
[0.345s] -- Up-to-date: /home/hello-robot/ament_ws/install/stretch_description/share/stretch_description/environment/path.dsv
[0.345s] -- Up-to-date: /home/hello-robot/ament_ws/install/stretch_description/share/stretch_description/local_setup.bash
[0.345s] -- Up-to-date: /home/hello-robot/ament_ws/install/stretch_description/share/stretch_description/local_setup.sh
[0.345s] -- Up-to-date: /home/hello-robot/ament_ws/install/stretch_description/share/stretch_description/local_setup.zsh
[0.345s] -- Up-to-date: /home/hello-robot/ament_ws/install/stretch_description/share/stretch_description/local_setup.dsv
[0.345s] -- Installing: /home/hello-robot/ament_ws/install/stretch_description/share/stretch_description/package.dsv
[0.345s] -- Up-to-date: /home/hello-robot/ament_ws/install/stretch_description/share/ament_index/resource_index/packages/stretch_description
[0.345s] -- Up-to-date: /home/hello-robot/ament_ws/install/stretch_description/share/stretch_description/cmake/stretch_descriptionConfig.cmake
[0.345s] -- Up-to-date: /home/hello-robot/ament_ws/install/stretch_description/share/stretch_description/cmake/stretch_descriptionConfig-version.cmake
[0.345s] -- Up-to-date: /home/hello-robot/ament_ws/install/stretch_description/share/stretch_description/package.xml
[0.345s] Invoked command in '/home/hello-robot/ament_ws/build/stretch_description' returned '0': CMAKE_PREFIX_PATH=/home/hello-robot/ament_ws/install/realsense2_description:/home/hello-robot/ament_ws/install/realsense2_camera_msgs:/home/hello-robot/ament_ws/install/tf2_web_republisher:/home/hello-robot/ament_ws/install/stretch_web_teleop:/home/hello-robot/ament_ws/install/stretch_rtabmap:/home/hello-robot/ament_ws/install/stretch_nav2:/home/hello-robot/ament_ws/install/stretch_description:/home/hello-robot/ament_ws/install/speech_recognition_msgs:/home/hello-robot/ament_ws/install/sound_play_msgs:/home/hello-robot/ament_ws/install/audio_common:/home/hello-robot/ament_ws/install/sound_play:/home/hello-robot/ament_ws/install/sllidar_ros2:/home/hello-robot/ament_ws/install/rosbridge_test_msgs:/home/hello-robot/ament_ws/install/rosbridge_suite:/home/hello-robot/ament_ws/install/rosbridge_server:/home/hello-robot/ament_ws/install/rosbridge_msgs:/home/hello-robot/ament_ws/install/rosapi:/home/hello-robot/ament_ws/install/rosbridge_library:/home/hello-robot/ament_ws/install/rosapi_msgs:/home/hello-robot/ament_ws/install/ros2_numpy:/home/hello-robot/ament_ws/install/realsense2_camera:/home/hello-robot/ament_ws/install/audio_play:/home/hello-robot/ament_ws/install/audio_capture:/home/hello-robot/ament_ws/install/audio_common_msgs:/home/hello-robot/ament_ws/install/tf2_web_republisher_py:/home/hello-robot/ament_ws/install/stretch_ros_tutorials:/home/hello-robot/ament_ws/install/stretch_funmap:/home/hello-robot/ament_ws/install/stretch_calibration:/home/hello-robot/ament_ws/install/stretch_demos:/home/hello-robot/ament_ws/install/stretch_deep_perception:/home/hello-robot/ament_ws/install/stretch_core:/home/hello-robot/ament_ws/install/respeaker_ros2:/home/hello-robot/ament_ws/install/hello_helpers:/opt/ros/humble LD_LIBRARY_PATH=/home/hello-robot/ament_ws/install/realsense2_camera_msgs/lib:/home/hello-robot/.local/lib/python3.10/site-packages/cv2/../../lib64:/home/hello-robot/ament_ws/install/tf2_web_republisher/lib:/home/hello-robot/ament_ws/install/speech_recognition_msgs/lib:/home/hello-robot/ament_ws/install/sound_play_msgs/lib:/home/hello-robot/ament_ws/install/rosbridge_test_msgs/lib:/home/hello-robot/ament_ws/install/rosbridge_msgs/lib:/home/hello-robot/ament_ws/install/rosapi_msgs/lib:/home/hello-robot/ament_ws/install/realsense2_camera/lib:/home/hello-robot/ament_ws/install/audio_play/lib:/home/hello-robot/ament_ws/install/audio_capture/lib:/home/hello-robot/ament_ws/install/audio_common_msgs/lib:/usr/lib/x86_64-linux-gnu/gazebo-11/plugins:/opt/ros/humble/opt/rviz_ogre_vendor/lib:/opt/ros/humble/lib/x86_64-linux-gnu:/opt/ros/humble/lib /usr/bin/cmake --install /home/hello-robot/ament_ws/build/stretch_description
