[INFO] [robot_monitor]: Guarded contact lift
[INFO] [robot_monitor]: Wrist single tap: 6
[INFO] [robot_monitor]: Base bump event
[INFO] [robot_monitor]: Base bump event
[INFO] [robot_monitor]: Base bump event
[INFO] [robot_monitor]: Base bump event
[INFO] [robot_monitor]: Base bump event
[INFO] [robot_monitor]: Guarded contact arm
[INFO] [robot_monitor]: Wrist single tap: 8
[INFO] [robot_monitor]: Wrist single tap: 10
[INFO] [robot_monitor]: Wrist single tap: 12
[INFO] [robot_monitor]: Wrist single tap: 13
[INFO] [robot_monitor]: Base bump event
[INFO] [robot_monitor]: Base bump event
[INFO] [robot_monitor]: Base bump event
[INFO] [robot_monitor]: Base bump event
[INFO] [robot_monitor]: Base bump event
[INFO] [robot_monitor]: Base bump event
[INFO] [robot_monitor]: Base bump event
[INFO] [robot_monitor]: Base bump event
[INFO] [robot_monitor]: Base bump event
[INFO] [robot_monitor]: Base bump event
[INFO] [robot_monitor]: Base bump event
[INFO] [robot_monitor]: High current of: 7.38
[INFO] [robot_monitor]: High current of: 7.24
[INFO] [robot_monitor]: High current of: 7.15
