[INFO] [robot_monitor]: Guarded contact lift
[INFO] [robot_monitor]: Wrist single tap: 8
[INFO] [robot_monitor]: Guarded contact arm
[INFO] [robot_monitor]: Wrist single tap: 9
[INFO] [robot_monitor]: Wrist single tap: 10
[INFO] [robot_monitor]: High current of: 7.13
[INFO] [robot_monitor]: High current of: 7.28
[INFO] [robot_monitor]: Base bump event
[INFO] [robot_monitor]: Base bump event
[INFO] [robot_monitor]: Base bump event
[INFO] [robot_monitor]: Base bump event
[INFO] [robot_monitor]: Guarded contact lift
[INFO] [robot_monitor]: Base bump event
[INFO] [robot_monitor]: Base bump event
[INFO] [robot_monitor]: Base bump event
[INFO] [robot_monitor]: Base bump event
[INFO] [robot_monitor]: High current of: 7.05
[INFO] [robot_monitor]: High current of: 7.03
[INFO] [robot_monitor]: High current of: 7.12
For use with S T R E T C H (R) from Hello Robot Inc.
---------------------------------------------------------------------

Key mapped to End-Of-Arm Tool: eoa_wrist_dw3_tool_sg3
press the start button to calibrate the robot
press the start button to calibrate the robot
press the start button to calibrate the robot
--------- Homing Head ----
--------- Homing Lift ----
Homing Lift...
Hardstop detected at motor position (rad) 58.418785095214844
Marking Lift position to 1.101937 (m)
Marking Lift position to 0.000000 (m)
Lift homing successful
--------- Homing Arm ----
Homing Arm...
Hardstop detected at motor position (rad) -13.48493766784668
Marking Arm position to 0.000000 (m)
Arm homing successful
Moving to first hardstop...
First hardstop contact at position (ticks): 4086
-----
Homing offset was 6599
Marking current position to zero ticks
Homing offset is now  2508 (ticks)
-----
Current position (ticks): 33
Moving to calibrated zero: (rad)
Moving to first hardstop...
First hardstop contact at position (ticks): 191
-----
Homing offset was 2190
Marking current position to zero ticks
Homing offset is now  1996 (ticks)
-----
Current position (ticks): 18
Moving to calibrated zero: (rad)
Switch D-Pad to Head Control
Switch D-Pad to DexWrist Control
Switch D-Pad to Head Control
Caught signal 15
Caught signal 15
Caught signal 15
Caught signal 15
Caught signal 15
Traceback (most recent call last):
  File "/home/hello-robot/.local/lib/python3.10/site-packages/stretch_body/gamepad_teleop.py", line 461, in mainloop
    self.step_mainloop()
  File "/home/hello-robot/.local/lib/python3.10/site-packages/stretch_body/gamepad_teleop.py", line 454, in step_mainloop
    time.sleep(self.sleep)
  File "/home/hello-robot/.local/lib/python3.10/site-packages/stretch_body/hello_utils.py", line 296, in thread_service_shutdown
    raise ThreadServiceExit
stretch_body.hello_utils.ThreadServiceExit

During handling of the above exception, another exception occurred:

Traceback (most recent call last):
  File "/home/hello-robot/.local/bin/stretch_gamepad_teleop.py", line 11, in <module>
    gamepad_teleop.mainloop()
  File "/home/hello-robot/.local/lib/python3.10/site-packages/stretch_body/gamepad_teleop.py", line 464, in mainloop
    self.robot.stop()
  File "/home/hello-robot/.local/lib/python3.10/site-packages/stretch_body/robot.py", line 358, in stop
    self.devices[k].stop()
  File "/home/hello-robot/.local/lib/python3.10/site-packages/stretch_body/base.py", line 60, in stop
    self.left_wheel.stop()
  File "/home/hello-robot/.local/lib/python3.10/site-packages/stretch_body/stepper.py", line 191, in stop
    self.push_command(exiting=True)
  File "/home/hello-robot/.local/lib/python3.10/site-packages/stretch_body/stepper.py", line 224, in push_command
    self.transport.do_push_rpc_sync(payload[:sidx], self.rpc_command_reply, exiting=exiting)
  File "/home/hello-robot/.local/lib/python3.10/site-packages/stretch_body/transport.py", line 937, in do_push_rpc_sync
    self.sync_handler.do_rpc(push=True, payload=payload, reply_callback=reply_callback, exiting=exiting)
  File "/home/hello-robot/.local/lib/python3.10/site-packages/stretch_body/transport.py", line 166, in do_rpc
    time.sleep(0.1)  # May have been a hard exit, give time for bad data to land, remove, do final RPC
  File "/home/hello-robot/.local/lib/python3.10/site-packages/stretch_body/hello_utils.py", line 296, in thread_service_shutdown
    raise ThreadServiceExit
stretch_body.hello_utils.ThreadServiceExit
