[INFO] [robot_monitor]: Guarded contact lift
[INFO] [robot_monitor]: Wrist single tap: 8
[INFO] [robot_monitor]: Base bump event
[INFO] [robot_monitor]: Base bump event
[INFO] [robot_monitor]: Base bump event
[INFO] [robot_monitor]: Base bump event
[INFO] [robot_monitor]: Wrist single tap: 9
[INFO] [robot_monitor]: Guarded contact arm
[INFO] [robot_monitor]: Wrist single tap: 10
[INFO] [robot_monitor]: Wrist single tap: 11
[INFO] [robot_monitor]: Wrist single tap: 12
[INFO] [robot_monitor]: Wrist single tap: 13
[INFO] [robot_monitor]: Wrist single tap: 14
[WARNING] [wrist_pitch]: set_velocity in collision . Motion disabled in direction pos for wrist_pitch. Not executing set_velocity
[WARNING] [wrist_pitch]: set_velocity in collision . Motion disabled in direction pos for wrist_pitch. Not executing set_velocity
[WARNING] [wrist_pitch]: set_velocity in collision . Motion disabled in direction pos for wrist_pitch. Not executing set_velocity
[WARNING] [wrist_pitch]: set_velocity in collision . Motion disabled in direction pos for wrist_pitch. Not executing set_velocity
[WARNING] [wrist_pitch]: set_velocity in collision . Motion disabled in direction pos for wrist_pitch. Not executing set_velocity
[WARNING] [wrist_pitch]: set_velocity in collision . Motion disabled in direction pos for wrist_pitch. Not executing set_velocity
[WARNING] [wrist_roll]: set_velocity in collision . Motion disabled in direction pos for wrist_roll. Not executing set_velocity
[WARNING] [wrist_roll]: set_velocity in collision . Motion disabled in direction pos for wrist_roll. Not executing set_velocity
[WARNING] [wrist_roll]: set_velocity in collision . Motion disabled in direction pos for wrist_roll. Not executing set_velocity
[WARNING] [wrist_roll]: set_velocity in collision . Motion disabled in direction pos for wrist_roll. Not executing set_velocity
[WARNING] [wrist_roll]: set_velocity in collision . Motion disabled in direction pos for wrist_roll. Not executing set_velocity
[WARNING] [wrist_roll]: set_velocity in collision . Motion disabled in direction pos for wrist_roll. Not executing set_velocity
[WARNING] [wrist_roll]: set_velocity in collision . Motion disabled in direction pos for wrist_roll. Not executing set_velocity
[WARNING] [wrist_roll]: set_velocity in collision . Motion disabled in direction pos for wrist_roll. Not executing set_velocity
[WARNING] [wrist_roll]: set_velocity in collision . Motion disabled in direction pos for wrist_roll. Not executing set_velocity
[WARNING] [wrist_roll]: set_velocity in collision . Motion disabled in direction pos for wrist_roll. Not executing set_velocity
[WARNING] [wrist_roll]: set_velocity in collision . Motion disabled in direction pos for wrist_roll. Not executing set_velocity
[WARNING] [wrist_roll]: set_velocity in collision . Motion disabled in direction pos for wrist_roll. Not executing set_velocity
[WARNING] [wrist_roll]: set_velocity in collision . Motion disabled in direction pos for wrist_roll. Not executing set_velocity
[WARNING] [wrist_roll]: set_velocity in collision . Motion disabled in direction pos for wrist_roll. Not executing set_velocity
[WARNING] [wrist_roll]: set_velocity in collision . Motion disabled in direction pos for wrist_roll. Not executing set_velocity
[WARNING] [wrist_roll]: set_velocity in collision . Motion disabled in direction pos for wrist_roll. Not executing set_velocity
[WARNING] [wrist_roll]: set_velocity in collision . Motion disabled in direction pos for wrist_roll. Not executing set_velocity
[WARNING] [wrist_roll]: set_velocity in collision . Motion disabled in direction pos for wrist_roll. Not executing set_velocity
[WARNING] [wrist_roll]: set_velocity in collision . Motion disabled in direction pos for wrist_roll. Not executing set_velocity
[WARNING] [wrist_roll]: set_velocity in collision . Motion disabled in direction pos for wrist_roll. Not executing set_velocity
[WARNING] [wrist_roll]: set_velocity in collision . Motion disabled in direction pos for wrist_roll. Not executing set_velocity
[WARNING] [wrist_roll]: set_velocity in collision . Motion disabled in direction pos for wrist_roll. Not executing set_velocity
[WARNING] [wrist_roll]: set_velocity in collision . Motion disabled in direction pos for wrist_roll. Not executing set_velocity
[WARNING] [wrist_roll]: set_velocity in collision . Motion disabled in direction pos for wrist_roll. Not executing set_velocity
[WARNING] [wrist_roll]: set_velocity in collision . Motion disabled in direction pos for wrist_roll. Not executing set_velocity
[WARNING] [wrist_roll]: set_velocity in collision . Motion disabled in direction pos for wrist_roll. Not executing set_velocity
[WARNING] [wrist_roll]: set_velocity in collision . Motion disabled in direction pos for wrist_roll. Not executing set_velocity
[WARNING] [wrist_roll]: set_velocity in collision . Motion disabled in direction pos for wrist_roll. Not executing set_velocity
[WARNING] [wrist_roll]: set_velocity in collision . Motion disabled in direction pos for wrist_roll. Not executing set_velocity
[WARNING] [wrist_roll]: set_velocity in collision . Motion disabled in direction pos for wrist_roll. Not executing set_velocity
[WARNING] [wrist_roll]: set_velocity in collision . Motion disabled in direction pos for wrist_roll. Not executing set_velocity
[WARNING] [wrist_roll]: set_velocity in collision . Motion disabled in direction pos for wrist_roll. Not executing set_velocity
[WARNING] [wrist_roll]: set_velocity in collision . Motion disabled in direction pos for wrist_roll. Not executing set_velocity
[WARNING] [wrist_roll]: set_velocity in collision . Motion disabled in direction pos for wrist_roll. Not executing set_velocity
[WARNING] [wrist_roll]: set_velocity in collision . Motion disabled in direction pos for wrist_roll. Not executing set_velocity
[WARNING] [wrist_roll]: set_velocity in collision . Motion disabled in direction pos for wrist_roll. Not executing set_velocity
[WARNING] [wrist_roll]: set_velocity in collision . Motion disabled in direction pos for wrist_roll. Not executing set_velocity
[WARNING] [wrist_roll]: set_velocity in collision . Motion disabled in direction pos for wrist_roll. Not executing set_velocity
[WARNING] [wrist_roll]: set_velocity in collision . Motion disabled in direction pos for wrist_roll. Not executing set_velocity
[WARNING] [wrist_roll]: set_velocity in collision . Motion disabled in direction pos for wrist_roll. Not executing set_velocity
[WARNING] [wrist_roll]: set_velocity in collision . Motion disabled in direction pos for wrist_roll. Not executing set_velocity
[WARNING] [wrist_roll]: set_velocity in collision . Motion disabled in direction pos for wrist_roll. Not executing set_velocity
[WARNING] [wrist_roll]: set_velocity in collision . Motion disabled in direction pos for wrist_roll. Not executing set_velocity
[WARNING] [wrist_roll]: set_velocity in collision . Motion disabled in direction pos for wrist_roll. Not executing set_velocity
[WARNING] [wrist_roll]: set_velocity in collision . Motion disabled in direction pos for wrist_roll. Not executing set_velocity
[WARNING] [wrist_roll]: set_velocity in collision . Motion disabled in direction pos for wrist_roll. Not executing set_velocity
[WARNING] [wrist_roll]: set_velocity in collision . Motion disabled in direction pos for wrist_roll. Not executing set_velocity
[WARNING] [wrist_roll]: set_velocity in collision . Motion disabled in direction pos for wrist_roll. Not executing set_velocity
[WARNING] [wrist_roll]: set_velocity in collision . Motion disabled in direction pos for wrist_roll. Not executing set_velocity
[WARNING] [wrist_roll]: set_velocity in collision . Motion disabled in direction pos for wrist_roll. Not executing set_velocity
[WARNING] [wrist_roll]: set_velocity in collision . Motion disabled in direction pos for wrist_roll. Not executing set_velocity
[WARNING] [wrist_roll]: set_velocity in collision . Motion disabled in direction pos for wrist_roll. Not executing set_velocity
[WARNING] [wrist_roll]: set_velocity in collision . Motion disabled in direction pos for wrist_roll. Not executing set_velocity
[INFO] [robot_monitor]: Wrist single tap: 15
[WARNING] [wrist_roll]: set_velocity in collision . Motion disabled in direction pos for wrist_roll. Not executing set_velocity
[WARNING] [wrist_roll]: set_velocity in collision . Motion disabled in direction pos for wrist_roll. Not executing set_velocity
[WARNING] [wrist_roll]: set_velocity in collision . Motion disabled in direction pos for wrist_roll. Not executing set_velocity
[WARNING] [wrist_roll]: set_velocity in collision . Motion disabled in direction pos for wrist_roll. Not executing set_velocity
[WARNING] [wrist_roll]: set_velocity in collision . Motion disabled in direction pos for wrist_roll. Not executing set_velocity
[WARNING] [wrist_roll]: set_velocity in collision . Motion disabled in direction pos for wrist_roll. Not executing set_velocity
[WARNING] [wrist_roll]: set_velocity in collision . Motion disabled in direction pos for wrist_roll. Not executing set_velocity
[WARNING] [wrist_roll]: set_velocity in collision . Motion disabled in direction pos for wrist_roll. Not executing set_velocity
[WARNING] [wrist_roll]: set_velocity in collision . Motion disabled in direction pos for wrist_roll. Not executing set_velocity
[WARNING] [wrist_roll]: set_velocity in collision . Motion disabled in direction pos for wrist_roll. Not executing set_velocity
[WARNING] [wrist_roll]: set_velocity in collision . Motion disabled in direction pos for wrist_roll. Not executing set_velocity
[WARNING] [wrist_roll]: set_velocity in collision . Motion disabled in direction pos for wrist_roll. Not executing set_velocity
[WARNING] [wrist_roll]: set_velocity in collision . Motion disabled in direction pos for wrist_roll. Not executing set_velocity
[WARNING] [wrist_roll]: set_velocity in collision . Motion disabled in direction pos for wrist_roll. Not executing set_velocity
[WARNING] [wrist_roll]: set_velocity in collision . Motion disabled in direction pos for wrist_roll. Not executing set_velocity
[WARNING] [wrist_roll]: set_velocity in collision . Motion disabled in direction pos for wrist_roll. Not executing set_velocity
[WARNING] [wrist_roll]: set_velocity in collision . Motion disabled in direction pos for wrist_roll. Not executing set_velocity
[INFO] [robot_monitor]: Wrist single tap: 16
[INFO] [robot_monitor]: Wrist single tap: 17
[INFO] [robot_monitor]: Wrist single tap: 18
[INFO] [robot_monitor]: Wrist single tap: 19
[INFO] [robot_monitor]: Wrist single tap: 27
[INFO] [robot_monitor]: Wrist single tap: 34
[INFO] [robot_monitor]: Wrist single tap: 42
[INFO] [robot_monitor]: Wrist single tap: 50
[WARNING] [wrist_roll]: set_velocity in collision . Motion disabled in direction pos for wrist_roll. Not executing set_velocity
[WARNING] [wrist_roll]: set_velocity in collision . Motion disabled in direction pos for wrist_roll. Not executing set_velocity
[WARNING] [wrist_roll]: set_velocity in collision . Motion disabled in direction pos for wrist_roll. Not executing set_velocity
[WARNING] [wrist_roll]: set_velocity in collision . Motion disabled in direction pos for wrist_roll. Not executing set_velocity
[WARNING] [wrist_roll]: set_velocity in collision . Motion disabled in direction pos for wrist_roll. Not executing set_velocity
[WARNING] [wrist_roll]: set_velocity in collision . Motion disabled in direction pos for wrist_roll. Not executing set_velocity
[WARNING] [wrist_roll]: set_velocity in collision . Motion disabled in direction pos for wrist_roll. Not executing set_velocity
[WARNING] [wrist_roll]: set_velocity in collision . Motion disabled in direction pos for wrist_roll. Not executing set_velocity
[WARNING] [wrist_roll]: set_velocity in collision . Motion disabled in direction pos for wrist_roll. Not executing set_velocity
[WARNING] [wrist_roll]: set_velocity in collision . Motion disabled in direction pos for wrist_roll. Not executing set_velocity
[WARNING] [wrist_roll]: set_velocity in collision . Motion disabled in direction pos for wrist_roll. Not executing set_velocity
[WARNING] [wrist_roll]: set_velocity in collision . Motion disabled in direction pos for wrist_roll. Not executing set_velocity
[WARNING] [wrist_roll]: set_velocity in collision . Motion disabled in direction pos for wrist_roll. Not executing set_velocity
[WARNING] [wrist_roll]: set_velocity in collision . Motion disabled in direction pos for wrist_roll. Not executing set_velocity
[WARNING] [wrist_roll]: set_velocity in collision . Motion disabled in direction pos for wrist_roll. Not executing set_velocity
[WARNING] [wrist_roll]: set_velocity in collision . Motion disabled in direction pos for wrist_roll. Not executing set_velocity
[WARNING] [wrist_roll]: set_velocity in collision . Motion disabled in direction pos for wrist_roll. Not executing set_velocity
[WARNING] [wrist_roll]: set_velocity in collision . Motion disabled in direction pos for wrist_roll. Not executing set_velocity
[WARNING] [wrist_roll]: set_velocity in collision . Motion disabled in direction pos for wrist_roll. Not executing set_velocity
[INFO] [robot_monitor]: Wrist single tap: 51
[INFO] [robot_monitor]: Wrist single tap: 52
[INFO] [robot_monitor]: Base bump event
[INFO] [robot_monitor]: Base bump event
[INFO] [robot_monitor]: Base bump event
[INFO] [robot_monitor]: Base bump event
[INFO] [robot_monitor]: Base bump event
[INFO] [robot_monitor]: Base bump event
[INFO] [robot_monitor]: Wrist single tap: 53
For use with S T R E T C H (R) from Hello Robot Inc.
---------------------------------------------------------------------

Key mapped to End-Of-Arm Tool: eoa_wrist_dw3_tool_sg3
press the start button to calibrate the robot
press the start button to calibrate the robot
press the start button to calibrate the robot
press the start button to calibrate the robot
press the start button to calibrate the robot
press the start button to calibrate the robot
press the start button to calibrate the robot
press the start button to calibrate the robot
press the start button to calibrate the robot
press the start button to calibrate the robot
press the start button to calibrate the robot
press the start button to calibrate the robot
press the start button to calibrate the robot
press the start button to calibrate the robot
press the start button to calibrate the robot
press the start button to calibrate the robot
press the start button to calibrate the robot
press the start button to calibrate the robot
press the start button to calibrate the robot
press the start button to calibrate the robot
press the start button to calibrate the robot
press the start button to calibrate the robot
press the start button to calibrate the robot
press the start button to calibrate the robot
press the start button to calibrate the robot
press the start button to calibrate the robot
press the start button to calibrate the robot
press the start button to calibrate the robot
press the start button to calibrate the robot
press the start button to calibrate the robot
press the start button to calibrate the robot
press the start button to calibrate the robot
press the start button to calibrate the robot
press the start button to calibrate the robot
--------- Homing Head ----
--------- Homing Lift ----
Homing Lift...
Hardstop detected at motor position (rad) 107.88229370117188
Marking Lift position to 1.101937 (m)
Marking Lift position to 0.000000 (m)
Lift homing successful
--------- Homing Arm ----
Homing Arm...
Hardstop detected at motor position (rad) -0.7138395309448242
Marking Arm position to 0.000000 (m)
Arm homing successful
Moving to first hardstop...
First hardstop contact at position (ticks): -4
-----
Homing offset was -1589
Marking current position to zero ticks
Homing offset is now  -1597 (ticks)
-----
Current position (ticks): 19
Moving to calibrated zero: (rad)
Moving to first hardstop...
First hardstop contact at position (ticks): 6
-----
Homing offset was 2188
Marking current position to zero ticks
Homing offset is now  2181 (ticks)
-----
Current position (ticks): 20
Moving to calibrated zero: (rad)
New collision pair event: link_gripper_s3_body_TO_link_arm_l0
New collision pair event: link_gripper_s3_body_TO_link_arm_l0
New collision pair event: link_gripper_s3_body_TO_link_arm_l0
New collision pair event: link_gripper_s3_body_TO_link_arm_l0
New collision pair event: link_gripper_s3_body_TO_link_arm_l0
Switch D-Pad to Head Control
Switch D-Pad to DexWrist Control
New collision pair event: link_gripper_s3_body_TO_link_arm_l0
Switch D-Pad to Head Control
Shutting Down the Robot...
--------- Stowing Arm ----
--------- Stowing eoa_wrist_dw3_tool_sg3 ----
--------- Stowing Lift ----
Caught signal 15
