[INFO] [robot_monitor]: Guarded contact lift
[INFO] [robot_monitor]: Wrist single tap: 13
[INFO] [robot_monitor]: Base bump event
[INFO] [robot_monitor]: Base bump event
[INFO] [robot_monitor]: Base bump event
[INFO] [robot_monitor]: Base bump event
[INFO] [robot_monitor]: Wrist single tap: 15
[INFO] [robot_monitor]: Guarded contact arm
[INFO] [robot_monitor]: Wrist single tap: 17
[INFO] [robot_monitor]: Wrist single tap: 18
[INFO] [robot_monitor]: Wrist single tap: 19
[INFO] [robot_monitor]: Wrist single tap: 20
[INFO] [robot_monitor]: Wrist single tap: 21
[INFO] [robot_monitor]: Wrist single tap: 23
[INFO] [robot_monitor]: Wrist single tap: 24
[INFO] [robot_monitor]: Base bump event
[INFO] [robot_monitor]: Base bump event
[INFO] [robot_monitor]: Base bump event
[INFO] [robot_monitor]: Base bump event
[INFO] [robot_monitor]: Base bump event
[INFO] [robot_monitor]: Base bump event
[INFO] [robot_monitor]: Base bump event
[INFO] [robot_monitor]: Base bump event
[INFO] [robot_monitor]: Base bump event
[INFO] [robot_monitor]: Base bump event
[INFO] [robot_monitor]: Base bump event
[INFO] [robot_monitor]: Base bump event
[INFO] [robot_monitor]: Base bump event
[INFO] [robot_monitor]: Base bump event
[INFO] [robot_monitor]: Wrist single tap: 25
[INFO] [robot_monitor]: Wrist single tap: 26
[INFO] [robot_monitor]: Wrist single tap: 28
[INFO] [robot_monitor]: Wrist single tap: 29
[INFO] [robot_monitor]: Wrist single tap: 30
[INFO] [robot_monitor]: Wrist single tap: 32
[INFO] [robot_monitor]: Wrist single tap: 37
[INFO] [robot_monitor]: Wrist single tap: 41
[INFO] [robot_monitor]: Wrist single tap: 43
[INFO] [robot_monitor]: Guarded contact lift
[INFO] [robot_monitor]: Base bump event
[INFO] [robot_monitor]: Base bump event
[INFO] [robot_monitor]: Base bump event
[INFO] [robot_monitor]: Base bump event
[INFO] [robot_monitor]: Wrist single tap: 44
[INFO] [robot_monitor]: Wrist single tap: 46
[INFO] [robot_monitor]: Wrist single tap: 49
[INFO] [robot_monitor]: Base bump event
[INFO] [robot_monitor]: Base bump event
[INFO] [robot_monitor]: Base bump event
[INFO] [robot_monitor]: Base bump event
[INFO] [robot_monitor]: Base bump event
[INFO] [robot_monitor]: Base bump event
[INFO] [robot_monitor]: Base bump event
[INFO] [robot_monitor]: Base bump event
[INFO] [robot_monitor]: Base bump event
[INFO] [robot_monitor]: Base bump event
[INFO] [robot_monitor]: Base bump event
[INFO] [robot_monitor]: Base bump event
[INFO] [robot_monitor]: Base bump event
[INFO] [robot_monitor]: Base bump event
[INFO] [robot_monitor]: Base bump event
[INFO] [robot_monitor]: Base bump event
[INFO] [robot_monitor]: Base bump event
[INFO] [robot_monitor]: Base bump event
[INFO] [robot_monitor]: Base bump event
[INFO] [robot_monitor]: Base bump event
[INFO] [robot_monitor]: Base bump event
[INFO] [robot_monitor]: Base bump event
--- Logging error ---
Traceback (most recent call last):
  File "/home/hello-robot/.local/lib/python3.10/site-packages/stretch_body/gamepad_teleop.py", line 461, in mainloop
    self.step_mainloop()
  File "/home/hello-robot/.local/lib/python3.10/site-packages/stretch_body/gamepad_teleop.py", line 453, in step_mainloop
    robot.push_command()
  File "/home/hello-robot/.local/lib/python3.10/site-packages/stretch_body/robot.py", line 397, in push_command
    future.result()
  File "/usr/lib/python3.10/concurrent/futures/_base.py", line 453, in result
    self._condition.wait(timeout)
  File "/usr/lib/python3.10/threading.py", line 320, in wait
    waiter.acquire()
  File "/home/hello-robot/.local/lib/python3.10/site-packages/stretch_body/hello_utils.py", line 296, in thread_service_shutdown
    raise ThreadServiceExit
stretch_body.hello_utils.ThreadServiceExit

During handling of the above exception, another exception occurred:

Traceback (most recent call last):
  File "/usr/lib/python3.10/logging/__init__.py", line 1104, in emit
    self.flush()
  File "/usr/lib/python3.10/logging/__init__.py", line 1084, in flush
    self.stream.flush()
  File "/home/hello-robot/.local/lib/python3.10/site-packages/stretch_body/hello_utils.py", line 296, in thread_service_shutdown
    raise ThreadServiceExit
stretch_body.hello_utils.ThreadServiceExit
Call stack:
  File "/home/hello-robot/.local/bin/stretch_gamepad_teleop.py", line 11, in <module>
    gamepad_teleop.mainloop()
  File "/home/hello-robot/.local/lib/python3.10/site-packages/stretch_body/gamepad_teleop.py", line 464, in mainloop
    self.robot.stop()
  File "/home/hello-robot/.local/lib/python3.10/site-packages/stretch_body/robot.py", line 357, in stop
    self.logger.debug('Shutting down %s'%k)
Message: 'Shutting down wacc'
Arguments: ()
For use with S T R E T C H (R) from Hello Robot Inc.
---------------------------------------------------------------------

Key mapped to End-Of-Arm Tool: eoa_wrist_dw3_tool_sg3
press the start button to calibrate the robot
press the start button to calibrate the robot
press the start button to calibrate the robot
press the start button to calibrate the robot
press the start button to calibrate the robot
press the start button to calibrate the robot
press the start button to calibrate the robot
press the start button to calibrate the robot
press the start button to calibrate the robot
press the start button to calibrate the robot
press the start button to calibrate the robot
press the start button to calibrate the robot
press the start button to calibrate the robot
press the start button to calibrate the robot
press the start button to calibrate the robot
press the start button to calibrate the robot
press the start button to calibrate the robot
press the start button to calibrate the robot
press the start button to calibrate the robot
--------- Homing Head ----
--------- Homing Lift ----
Homing Lift...
Hardstop detected at motor position (rad) 88.68524169921875
Marking Lift position to 1.101937 (m)
Marking Lift position to 0.000000 (m)
Lift homing successful
--------- Homing Arm ----
Homing Arm...
Hardstop detected at motor position (rad) -19.562522888183594
Marking Arm position to 0.000000 (m)
Arm homing successful
Moving to first hardstop...
First hardstop contact at position (ticks): 8190
-----
Homing offset was 6608
Marking current position to zero ticks
Homing offset is now  -1584 (ticks)
-----
Current position (ticks): 22
Moving to calibrated zero: (rad)
Moving to first hardstop...
First hardstop contact at position (ticks): 4098
-----
Homing offset was 6244
Marking current position to zero ticks
Homing offset is now  2141 (ticks)
-----
Current position (ticks): 32
Moving to calibrated zero: (rad)
--------- Stowing Arm ----
--------- Stowing eoa_wrist_dw3_tool_sg3 ----
--------- Stowing Lift ----
Switch D-Pad to Head Control
Switch D-Pad to DexWrist Control
--------- Stowing Arm ----
--------- Stowing eoa_wrist_dw3_tool_sg3 ----
--------- Stowing Lift ----
--------- Stowing Arm ----
--------- Stowing eoa_wrist_dw3_tool_sg3 ----
--------- Stowing Lift ----
--------- Stowing Lift ----
--------- Stowing Arm ----
--------- Stowing eoa_wrist_dw3_tool_sg3 ----
Shutting Down the Robot...
--------- Stowing Lift ----
--------- Stowing Arm ----
--------- Stowing eoa_wrist_dw3_tool_sg3 ----
Caught signal 15
Caught signal 15
