[INFO] [robot_monitor]: Guarded contact lift
[INFO] [robot_monitor]: Wrist single tap: 5
[INFO] [robot_monitor]: Guarded contact arm
[INFO] [robot_monitor]: Wrist single tap: 7
[INFO] [robot_monitor]: Wrist single tap: 8
[INFO] [robot_monitor]: Wrist single tap: 9
[INFO] [robot_monitor]: Wrist single tap: 10
[INFO] [robot_monitor]: Wrist single tap: 11
[INFO] [robot_monitor]: Wrist single tap: 12
[INFO] [robot_monitor]: Wrist single tap: 15
[INFO] [robot_monitor]: Wrist single tap: 17
For use with S T R E T C H (R) from Hello Robot Inc.
---------------------------------------------------------------------

Key mapped to End-Of-Arm Tool: eoa_wrist_dw3_tool_sg3
press the start button to calibrate the robot
press the start button to calibrate the robot
press the start button to calibrate the robot
press the start button to calibrate the robot
press the start button to calibrate the robot
press the start button to calibrate the robot
press the start button to calibrate the robot
press the start button to calibrate the robot
press the start button to calibrate the robot
press the start button to calibrate the robot
press the start button to calibrate the robot
press the start button to calibrate the robot
press the start button to calibrate the robot
press the start button to calibrate the robot
press the start button to calibrate the robot
press the start button to calibrate the robot
press the start button to calibrate the robot
press the start button to calibrate the robot
press the start button to calibrate the robot
press the start button to calibrate the robot
--------- Homing Head ----
--------- Homing Lift ----
Homing Lift...
Hardstop detected at motor position (rad) 107.97026062011719
Marking Lift position to 1.101937 (m)
Marking Lift position to 0.000000 (m)
Lift homing successful
--------- Homing Arm ----
Homing Arm...
Hardstop detected at motor position (rad) -0.4633847177028656
Marking Arm position to 0.000000 (m)
Arm homing successful
Moving to first hardstop...
First hardstop contact at position (ticks): 4092
-----
Homing offset was 6608
Marking current position to zero ticks
Homing offset is now  2514 (ticks)
-----
Current position (ticks): 25
Moving to calibrated zero: (rad)
Moving to first hardstop...
First hardstop contact at position (ticks): -34
-----
Homing offset was 2159
Marking current position to zero ticks
Homing offset is now  2191 (ticks)
-----
Current position (ticks): 36
Moving to calibrated zero: (rad)
Switch D-Pad to Head Control
Switch D-Pad to DexWrist Control
Switch D-Pad to Head Control
Shutting Down the Robot...
--------- Stowing Arm ----
--------- Stowing eoa_wrist_dw3_tool_sg3 ----
--------- Stowing Lift ----
Caught signal 15
