[INFO] [robot_monitor]: Guarded contact lift
[INFO] [robot_monitor]: Wrist single tap: 9
[INFO] [robot_monitor]: Base bump event
[INFO] [robot_monitor]: Base bump event
[INFO] [robot_monitor]: Base bump event
[INFO] [robot_monitor]: Base bump event
[INFO] [robot_monitor]: Guarded contact arm
[INFO] [robot_monitor]: Wrist single tap: 11
[INFO] [robot_monitor]: Wrist single tap: 12
[INFO] [robot_monitor]: Wrist single tap: 13
[INFO] [robot_monitor]: Wrist single tap: 14
[INFO] [robot_monitor]: Wrist single tap: 16
[INFO] [robot_monitor]: Wrist single tap: 17
[INFO] [robot_monitor]: Base bump event
[INFO] [robot_monitor]: Base bump event
[INFO] [robot_monitor]: Base bump event
[INFO] [robot_monitor]: Base bump event
[INFO] [robot_monitor]: Wrist single tap: 19
[INFO] [robot_monitor]: Wrist single tap: 20
[INFO] [robot_monitor]: Wrist single tap: 21
[INFO] [robot_monitor]: Runstop activated
[INFO] [robot_monitor]: Runstop deactivated
For use with S T R E T C H (R) from Hello Robot Inc.
---------------------------------------------------------------------

Key mapped to End-Of-Arm Tool: eoa_wrist_dw3_tool_sg3
press the start button to calibrate the robot
press the start button to calibrate the robot
press the start button to calibrate the robot
press the start button to calibrate the robot
press the start button to calibrate the robot
press the start button to calibrate the robot
press the start button to calibrate the robot
press the start button to calibrate the robot
press the start button to calibrate the robot
press the start button to calibrate the robot
press the start button to calibrate the robot
press the start button to calibrate the robot
press the start button to calibrate the robot
press the start button to calibrate the robot
press the start button to calibrate the robot
press the start button to calibrate the robot
press the start button to calibrate the robot
press the start button to calibrate the robot
press the start button to calibrate the robot
press the start button to calibrate the robot
press the start button to calibrate the robot
press the start button to calibrate the robot
press the start button to calibrate the robot
press the start button to calibrate the robot
press the start button to calibrate the robot
press the start button to calibrate the robot
press the start button to calibrate the robot
press the start button to calibrate the robot
press the start button to calibrate the robot
press the start button to calibrate the robot
press the start button to calibrate the robot
press the start button to calibrate the robot
press the start button to calibrate the robot
press the start button to calibrate the robot
press the start button to calibrate the robot
press the start button to calibrate the robot
press the start button to calibrate the robot
press the start button to calibrate the robot
press the start button to calibrate the robot
press the start button to calibrate the robot
press the start button to calibrate the robot
press the start button to calibrate the robot
press the start button to calibrate the robot
--------- Homing Head ----
--------- Homing Lift ----
Homing Lift...
Hardstop detected at motor position (rad) 107.51280212402344
Marking Lift position to 1.101937 (m)
Marking Lift position to 0.000000 (m)
Lift homing successful
--------- Homing Arm ----
Homing Arm...
Hardstop detected at motor position (rad) -6.990043640136719
Marking Arm position to 0.000000 (m)
Arm homing successful
Moving to first hardstop...
First hardstop contact at position (ticks): 8186
-----
Homing offset was 6600
Marking current position to zero ticks
Homing offset is now  -1591 (ticks)
-----
Current position (ticks): 19
Moving to calibrated zero: (rad)
Moving to first hardstop...
First hardstop contact at position (ticks): 13
-----
Homing offset was 2179
Marking current position to zero ticks
Homing offset is now  2165 (ticks)
-----
Current position (ticks): 30
Moving to calibrated zero: (rad)
Switch D-Pad to Head Control
New collision pair event: link_head_tilt_TO_link_arm_l4
New collision pair event: link_head_tilt_TO_link_arm_l4
New collision pair event: link_head_tilt_TO_link_arm_l4
New collision pair event: link_head_tilt_TO_link_arm_l4
Switch D-Pad to DexWrist Control
Shutting Down the Robot...
--------- Stowing Arm ----
--------- Stowing eoa_wrist_dw3_tool_sg3 ----
--------- Stowing Lift ----
Caught signal 15
