[INFO] [robot_monitor]: Base bump event
[INFO] [robot_monitor]: Guarded contact lift
[INFO] [robot_monitor]: Wrist single tap: 9
[INFO] [robot_monitor]: Base bump event
[INFO] [robot_monitor]: Base bump event
[INFO] [robot_monitor]: Base bump event
[INFO] [robot_monitor]: Base bump event
[INFO] [robot_monitor]: Guarded contact arm
[INFO] [robot_monitor]: Wrist single tap: 11
[INFO] [robot_monitor]: Wrist single tap: 12
[INFO] [robot_monitor]: Wrist single tap: 13
[INFO] [robot_monitor]: Wrist single tap: 14
[INFO] [robot_monitor]: Base bump event
[INFO] [robot_monitor]: Base bump event
[INFO] [robot_monitor]: Base bump event
[INFO] [robot_monitor]: Base bump event
[INFO] [robot_monitor]: Base bump event
[INFO] [robot_monitor]: Base bump event
[INFO] [robot_monitor]: Base bump event
[INFO] [robot_monitor]: Base bump event
For use with S T R E T C H (R) from Hello Robot Inc.
---------------------------------------------------------------------

Key mapped to End-Of-Arm Tool: eoa_wrist_dw3_tool_sg3
press the start button to calibrate the robot
press the start button to calibrate the robot
press the start button to calibrate the robot
press the start button to calibrate the robot
press the start button to calibrate the robot
--------- Homing Head ----
--------- Homing Lift ----
Homing Lift...
Hardstop detected at motor position (rad) 107.5087890625
Marking Lift position to 1.101937 (m)
Marking Lift position to 0.000000 (m)
Lift homing successful
--------- Homing Arm ----
Homing Arm...
Hardstop detected at motor position (rad) -7.20140266418457
Marking Arm position to 0.000000 (m)
Arm homing successful
Moving to first hardstop...
First hardstop contact at position (ticks): 8188
-----
Homing offset was 6606
Marking current position to zero ticks
Homing offset is now  -1584 (ticks)
-----
Current position (ticks): 29
Moving to calibrated zero: (rad)
Moving to first hardstop...
First hardstop contact at position (ticks): -3
-----
Homing offset was 2191
Marking current position to zero ticks
Homing offset is now  2192 (ticks)
-----
Current position (ticks): 26
Moving to calibrated zero: (rad)
Switch D-Pad to Head Control
Switch D-Pad to DexWrist Control
Switch D-Pad to Head Control
Switch D-Pad to DexWrist Control
Switch D-Pad to Head Control
Switch D-Pad to DexWrist Control
Gamepad Dongle DISCONNECTED........
Waiting for Gamepad Dongle.................
Waiting for Gamepad Dongle.................
Waiting for Gamepad Dongle.................
Waiting for Gamepad Dongle.................
Waiting for Gamepad Dongle.................
Gamepad Dongle FOUND!
Gamepad Dongle DISCONNECTED........
Waiting for Gamepad Dongle.................
Waiting for Gamepad Dongle.................
Waiting for Gamepad Dongle.................
Waiting for Gamepad Dongle.................
Waiting for Gamepad Dongle.................
Waiting for Gamepad Dongle.................
Gamepad Dongle FOUND!
Switch D-Pad to Head Control
Switch D-Pad to DexWrist Control
Gamepad Dongle DISCONNECTED........
Waiting for Gamepad Dongle.................
Waiting for Gamepad Dongle.................
Waiting for Gamepad Dongle.................
Waiting for Gamepad Dongle.................
Waiting for Gamepad Dongle.................
Waiting for Gamepad Dongle.................
Waiting for Gamepad Dongle.................
Waiting for Gamepad Dongle.................
Waiting for Gamepad Dongle.................
Waiting for Gamepad Dongle.................
Waiting for Gamepad Dongle.................
Waiting for Gamepad Dongle.................
Waiting for Gamepad Dongle.................
Gamepad Dongle FOUND!
Switch D-Pad to Head Control
Gamepad Dongle DISCONNECTED........
Waiting for Gamepad Dongle.................
Waiting for Gamepad Dongle.................
Waiting for Gamepad Dongle.................
Waiting for Gamepad Dongle.................
Waiting for Gamepad Dongle.................
Waiting for Gamepad Dongle.................
Waiting for Gamepad Dongle.................
Waiting for Gamepad Dongle.................
Waiting for Gamepad Dongle.................
Waiting for Gamepad Dongle.................
Waiting for Gamepad Dongle.................
Waiting for Gamepad Dongle.................
Waiting for Gamepad Dongle.................
Waiting for Gamepad Dongle.................
Waiting for Gamepad Dongle.................
Waiting for Gamepad Dongle.................
Gamepad Dongle FOUND!
Gamepad Dongle DISCONNECTED........
Waiting for Gamepad Dongle.................
Waiting for Gamepad Dongle.................
Waiting for Gamepad Dongle.................
Waiting for Gamepad Dongle.................
Waiting for Gamepad Dongle.................
Waiting for Gamepad Dongle.................
Waiting for Gamepad Dongle.................
Waiting for Gamepad Dongle.................
Waiting for Gamepad Dongle.................
Waiting for Gamepad Dongle.................
Waiting for Gamepad Dongle.................
Waiting for Gamepad Dongle.................
Gamepad Dongle FOUND!
