For use with S T R E T C H (R) from Hello Robot Inc.
---------------------------------------------------------------------

Key mapped to End-Of-Arm Tool: eoa_wrist_dw3_tool_sg3
press the start button to calibrate the robot
press the start button to calibrate the robot
press the start button to calibrate the robot
press the start button to calibrate the robot
press the start button to calibrate the robot
press the start button to calibrate the robot
press the start button to calibrate the robot
press the start button to calibrate the robot
press the start button to calibrate the robot
press the start button to calibrate the robot
press the start button to calibrate the robot
press the start button to calibrate the robot
press the start button to calibrate the robot
press the start button to calibrate the robot
press the start button to calibrate the robot
press the start button to calibrate the robot
press the start button to calibrate the robot
press the start button to calibrate the robot
press the start button to calibrate the robot
press the start button to calibrate the robot
press the start button to calibrate the robot
press the start button to calibrate the robot
press the start button to calibrate the robot
press the start button to calibrate the robot
press the start button to calibrate the robot
press the start button to calibrate the robot
press the start button to calibrate the robot
press the start button to calibrate the robot
press the start button to calibrate the robot
press the start button to calibrate the robot
press the start button to calibrate the robot
press the start button to calibrate the robot
press the start button to calibrate the robot
press the start button to calibrate the robot
press the start button to calibrate the robot
Gamepad Dongle DISCONNECTED........
Waiting for Gamepad Dongle.................
Waiting for Gamepad Dongle.................
Waiting for Gamepad Dongle.................
Waiting for Gamepad Dongle.................
Waiting for Gamepad Dongle.................
Waiting for Gamepad Dongle.................
Waiting for Gamepad Dongle.................
press the start button to calibrate the robot
Waiting for Gamepad Dongle.................
Waiting for Gamepad Dongle.................
Waiting for Gamepad Dongle.................
Waiting for Gamepad Dongle.................
Waiting for Gamepad Dongle.................
Waiting for Gamepad Dongle.................
Waiting for Gamepad Dongle.................
Waiting for Gamepad Dongle.................
Waiting for Gamepad Dongle.................
Waiting for Gamepad Dongle.................
Waiting for Gamepad Dongle.................
Gamepad Dongle FOUND!
press the start button to calibrate the robot
press the start button to calibrate the robot
press the start button to calibrate the robot
press the start button to calibrate the robot
press the start button to calibrate the robot
Gamepad Dongle DISCONNECTED........
Waiting for Gamepad Dongle.................
Waiting for Gamepad Dongle.................
Waiting for Gamepad Dongle.................
Waiting for Gamepad Dongle.................
Waiting for Gamepad Dongle.................
Waiting for Gamepad Dongle.................
Waiting for Gamepad Dongle.................
Waiting for Gamepad Dongle.................
Waiting for Gamepad Dongle.................
Waiting for Gamepad Dongle.................
Waiting for Gamepad Dongle.................
Waiting for Gamepad Dongle.................
Waiting for Gamepad Dongle.................
Waiting for Gamepad Dongle.................
Waiting for Gamepad Dongle.................
Waiting for Gamepad Dongle.................
Waiting for Gamepad Dongle.................
Gamepad Dongle FOUND!
[INFO] [robot_monitor]: Guarded contact lift
[INFO] [robot_monitor]: Base bump event
[INFO] [robot_monitor]: Wrist single tap: 9
[INFO] [robot_monitor]: Base bump event
[INFO] [robot_monitor]: Base bump event
[INFO] [robot_monitor]: Base bump event
[INFO] [robot_monitor]: Base bump event
[INFO] [robot_monitor]: Wrist single tap: 10
[INFO] [robot_monitor]: Guarded contact arm
[INFO] [robot_monitor]: Wrist single tap: 12
[INFO] [robot_monitor]: Wrist single tap: 14
[INFO] [robot_monitor]: Wrist single tap: 15
[INFO] [robot_monitor]: Wrist single tap: 16
[INFO] [robot_monitor]: Wrist single tap: 17
[INFO] [robot_monitor]: Wrist single tap: 18
[INFO] [robot_monitor]: Wrist single tap: 19
[INFO] [robot_monitor]: Wrist single tap: 20
press the start button to calibrate the robot
press the start button to calibrate the robot
press the start button to calibrate the robot
press the start button to calibrate the robot
press the start button to calibrate the robot
--------- Homing Head ----
--------- Homing Lift ----
Homing Lift...
Hardstop detected at motor position (rad) 45.004188537597656
Marking Lift position to 1.101937 (m)
Marking Lift position to 0.000000 (m)
Lift homing successful
--------- Homing Arm ----
Homing Arm...
Hardstop detected at motor position (rad) -19.562522888183594
Marking Arm position to 0.000000 (m)
Arm homing successful
Moving to first hardstop...
First hardstop contact at position (ticks): -8201
-----
Homing offset was -1591
Marking current position to zero ticks
Homing offset is now  6608 (ticks)
-----
Current position (ticks): 26
Moving to calibrated zero: (rad)
Moving to first hardstop...
First hardstop contact at position (ticks): 12
-----
Homing offset was 2177
Marking current position to zero ticks
Homing offset is now  2159 (ticks)
-----
Current position (ticks): 37
Moving to calibrated zero: (rad)
Gamepad Dongle DISCONNECTED........
Waiting for Gamepad Dongle.................
Waiting for Gamepad Dongle.................
Waiting for Gamepad Dongle.................
Waiting for Gamepad Dongle.................
Waiting for Gamepad Dongle.................
Waiting for Gamepad Dongle.................
Waiting for Gamepad Dongle.................
Waiting for Gamepad Dongle.................
Waiting for Gamepad Dongle.................
Gamepad Dongle FOUND!
Gamepad Dongle DISCONNECTED........
Waiting for Gamepad Dongle.................
Waiting for Gamepad Dongle.................
Waiting for Gamepad Dongle.................
Waiting for Gamepad Dongle.................
Waiting for Gamepad Dongle.................
Gamepad Dongle FOUND!
Switch D-Pad to Head Control
Switch D-Pad to DexWrist Control
Switch D-Pad to Head Control
Gamepad Dongle DISCONNECTED........
Waiting for Gamepad Dongle.................
Waiting for Gamepad Dongle.................
Waiting for Gamepad Dongle.................
Waiting for Gamepad Dongle.................
Waiting for Gamepad Dongle.................
Waiting for Gamepad Dongle.................
Gamepad Dongle FOUND!
Gamepad Dongle DISCONNECTED........
Waiting for Gamepad Dongle.................
Waiting for Gamepad Dongle.................
Waiting for Gamepad Dongle.................
Waiting for Gamepad Dongle.................
Waiting for Gamepad Dongle.................
Waiting for Gamepad Dongle.................
Waiting for Gamepad Dongle.................
Waiting for Gamepad Dongle.................
Gamepad Dongle FOUND!
Gamepad Dongle DISCONNECTED........
Waiting for Gamepad Dongle.................
Waiting for Gamepad Dongle.................
Waiting for Gamepad Dongle.................
Waiting for Gamepad Dongle.................
Waiting for Gamepad Dongle.................
Waiting for Gamepad Dongle.................
Waiting for Gamepad Dongle.................
Waiting for Gamepad Dongle.................
Waiting for Gamepad Dongle.................
Gamepad Dongle FOUND!
Switch D-Pad to DexWrist Control
Switch D-Pad to Head Control
Switch D-Pad to DexWrist Control
Switch D-Pad to Head Control
Gamepad Dongle DISCONNECTED........
Waiting for Gamepad Dongle.................
Waiting for Gamepad Dongle.................
Waiting for Gamepad Dongle.................
Waiting for Gamepad Dongle.................
Waiting for Gamepad Dongle.................
Waiting for Gamepad Dongle.................
Waiting for Gamepad Dongle.................
Waiting for Gamepad Dongle.................
Waiting for Gamepad Dongle.................
Waiting for Gamepad Dongle.................
Gamepad Dongle FOUND!
Gamepad Dongle DISCONNECTED........
Waiting for Gamepad Dongle.................
Waiting for Gamepad Dongle.................
Waiting for Gamepad Dongle.................
Waiting for Gamepad Dongle.................
Waiting for Gamepad Dongle.................
Waiting for Gamepad Dongle.................
Waiting for Gamepad Dongle.................
Gamepad Dongle FOUND!
Gamepad Dongle DISCONNECTED........
Waiting for Gamepad Dongle.................
Waiting for Gamepad Dongle.................
Waiting for Gamepad Dongle.................
Waiting for Gamepad Dongle.................
Waiting for Gamepad Dongle.................
Waiting for Gamepad Dongle.................
Waiting for Gamepad Dongle.................
Gamepad Dongle FOUND!
Gamepad Dongle DISCONNECTED........
Waiting for Gamepad Dongle.................
Waiting for Gamepad Dongle.................
Waiting for Gamepad Dongle.................
Waiting for Gamepad Dongle.................
Waiting for Gamepad Dongle.................
Waiting for Gamepad Dongle.................
Gamepad Dongle FOUND!
Gamepad Dongle DISCONNECTED........
Waiting for Gamepad Dongle.................
Waiting for Gamepad Dongle.................
Waiting for Gamepad Dongle.................
Waiting for Gamepad Dongle.................
Waiting for Gamepad Dongle.................
Waiting for Gamepad Dongle.................
Waiting for Gamepad Dongle.................
Waiting for Gamepad Dongle.................
Gamepad Dongle FOUND!
[INFO] [robot_monitor]: Wrist single tap: 21
[INFO] [robot_monitor]: Wrist single tap: 22
[INFO] [robot_monitor]: Wrist single tap: 23
[INFO] [robot_monitor]: Base bump event
[INFO] [robot_monitor]: Base bump event
[INFO] [robot_monitor]: Base bump event
[INFO] [robot_monitor]: Base bump event
[INFO] [robot_monitor]: Base bump event
[INFO] [robot_monitor]: Base bump event
