[INFO] [robot_monitor]: Guarded contact lift
[INFO] [robot_monitor]: Wrist single tap: 7
[INFO] [robot_monitor]: Base bump event
[INFO] [robot_monitor]: Base bump event
[INFO] [robot_monitor]: Base bump event
[INFO] [robot_monitor]: Base bump event
[INFO] [robot_monitor]: Base bump event
[INFO] [robot_monitor]: Base bump event
[INFO] [robot_monitor]: Base bump event
[INFO] [robot_monitor]: Base bump event
[INFO] [robot_monitor]: Base bump event
[INFO] [robot_monitor]: Guarded contact arm
[INFO] [robot_monitor]: Wrist single tap: 9
[INFO] [robot_monitor]: Wrist single tap: 10
[INFO] [robot_monitor]: Wrist single tap: 11
[INFO] [robot_monitor]: Wrist single tap: 13
[INFO] [robot_monitor]: Wrist single tap: 14
[INFO] [robot_monitor]: Wrist single tap: 17
[INFO] [robot_monitor]: Wrist single tap: 20
[INFO] [robot_monitor]: Wrist single tap: 21
[INFO] [robot_monitor]: Wrist single tap: 23
[INFO] [robot_monitor]: Wrist single tap: 25
[INFO] [robot_monitor]: Wrist single tap: 26
[INFO] [robot_monitor]: Wrist single tap: 27
[INFO] [robot_monitor]: Wrist single tap: 28
[INFO] [robot_monitor]: Wrist single tap: 29
[INFO] [robot_monitor]: Wrist single tap: 30
[INFO] [robot_monitor]: Wrist single tap: 33
[INFO] [robot_monitor]: Wrist single tap: 38
[INFO] [robot_monitor]: Wrist single tap: 39
[INFO] [robot_monitor]: Wrist single tap: 45
[INFO] [robot_monitor]: Wrist single tap: 46
[INFO] [robot_monitor]: Wrist single tap: 48
[INFO] [robot_monitor]: Wrist single tap: 49
[INFO] [robot_monitor]: Guarded contact arm
[INFO] [robot_monitor]: Wrist single tap: 50
[INFO] [robot_monitor]: Wrist single tap: 51
[INFO] [robot_monitor]: Guarded contact arm
[INFO] [robot_monitor]: Wrist single tap: 52
[INFO] [robot_monitor]: Wrist single tap: 53
[INFO] [robot_monitor]: Guarded contact lift
[INFO] [robot_monitor]: Wrist single tap: 54
[INFO] [robot_monitor]: Wrist single tap: 56
[INFO] [robot_monitor]: Wrist single tap: 57
[INFO] [robot_monitor]: Wrist single tap: 58
[INFO] [robot_monitor]: Runstop activated
[INFO] [robot_monitor]: Wrist single tap: 59
[INFO] [robot_monitor]: Wrist single tap: 60
[INFO] [robot_monitor]: Wrist single tap: 61
[INFO] [robot_monitor]: Wrist single tap: 63
[INFO] [robot_monitor]: Wrist single tap: 64
[INFO] [robot_monitor]: Wrist single tap: 65
[INFO] [robot_monitor]: Wrist single tap: 67
[INFO] [robot_monitor]: Wrist single tap: 68
[INFO] [robot_monitor]: Wrist single tap: 69
[INFO] [robot_monitor]: Wrist single tap: 70
[INFO] [robot_monitor]: Wrist single tap: 71
[INFO] [robot_monitor]: Wrist single tap: 72
[INFO] [robot_monitor]: Wrist single tap: 73
[INFO] [robot_monitor]: Wrist single tap: 74
[INFO] [robot_monitor]: Wrist single tap: 75
[INFO] [robot_monitor]: Wrist single tap: 76
[INFO] [robot_monitor]: Wrist single tap: 77
[INFO] [robot_monitor]: Wrist single tap: 78
[INFO] [robot_monitor]: Wrist single tap: 79
[INFO] [robot_monitor]: Wrist single tap: 80
[INFO] [robot_monitor]: Runstop deactivated
[INFO] [robot_monitor]: Base bump event
[INFO] [robot_monitor]: Base bump event
[INFO] [robot_monitor]: Base bump event
[INFO] [robot_monitor]: Base bump event
[WARNING] [arm]: In collision. Motion disabled in direction neg for arm. Not executing move_by
[INFO] [robot_monitor]: Base bump event
[INFO] [robot_monitor]: Base bump event
[INFO] [robot_monitor]: Base bump event
[INFO] [robot_monitor]: Base bump event
[INFO] [robot_monitor]: Base bump event
[INFO] [robot_monitor]: Base bump event
[INFO] [robot_monitor]: Base bump event
[INFO] [robot_monitor]: Base bump event
[INFO] [robot_monitor]: Base bump event
[INFO] [robot_monitor]: Base bump event
[INFO] [robot_monitor]: Base bump event
[INFO] [robot_monitor]: Base bump event
[INFO] [robot_monitor]: Base bump event
[INFO] [robot_monitor]: Base bump event
[INFO] [robot_monitor]: Base bump event
[INFO] [robot_monitor]: Base bump event
[INFO] [robot_monitor]: Base bump event
[INFO] [robot_monitor]: Base bump event
[INFO] [robot_monitor]: Base bump event
For use with S T R E T C H (R) from Hello Robot Inc.
---------------------------------------------------------------------

Key mapped to End-Of-Arm Tool: eoa_wrist_dw3_tool_sg3
press the start button to calibrate the robot
press the start button to calibrate the robot
press the start button to calibrate the robot
press the start button to calibrate the robot
press the start button to calibrate the robot
press the start button to calibrate the robot
--------- Homing Head ----
--------- Homing Lift ----
Homing Lift...
Hardstop detected at motor position (rad) 88.59622955322266
Marking Lift position to 1.101937 (m)
Marking Lift position to 0.000000 (m)
Lift homing successful
--------- Homing Arm ----
Homing Arm...
Hardstop detected at motor position (rad) -0.4016004204750061
Marking Arm position to 0.000000 (m)
Arm homing successful
Moving to first hardstop...
First hardstop contact at position (ticks): -4103
-----
Homing offset was -1590
Marking current position to zero ticks
Homing offset is now  2506 (ticks)
-----
Current position (ticks): 17
Moving to calibrated zero: (rad)
Moving to first hardstop...
First hardstop contact at position (ticks): -6
-----
Homing offset was 2158
Marking current position to zero ticks
Homing offset is now  2157 (ticks)
-----
Current position (ticks): 36
Moving to calibrated zero: (rad)
Switch D-Pad to Head Control
Switch D-Pad to DexWrist Control
Switch D-Pad to Head Control
Switch D-Pad to DexWrist Control
--------- Stowing Arm ----
--------- Stowing eoa_wrist_dw3_tool_sg3 ----
--------- Stowing Lift ----
New collision pair event: link_gripper_fingertip_right_TO_base_link
New collision pair event: link_gripper_fingertip_right_TO_base_link
New collision pair event: link_gripper_finger_left_TO_base_link
New collision pair event: link_gripper_finger_left_TO_base_link
New collision pair event: link_gripper_fingertip_right_TO_base_link
New collision pair event: link_gripper_finger_left_TO_base_link
New collision pair event: link_gripper_fingertip_right_TO_base_link
New collision pair event: link_gripper_finger_left_TO_base_link
New collision pair event: link_gripper_fingertip_right_TO_base_link
New collision pair event: link_gripper_finger_left_TO_base_link
New collision pair event: link_gripper_finger_left_TO_base_link
--------- Stowing Lift ----
--------- Stowing Arm ----
--------- Stowing eoa_wrist_dw3_tool_sg3 ----
Shutting Down the Robot...
--------- Stowing Arm ----
--------- Stowing eoa_wrist_dw3_tool_sg3 ----
--------- Stowing Lift ----
Caught signal 15
