[4.639s] Invoking command in '/home/hello-robot/ament_ws/src/stretch_ros2/hello_helpers': PYTHONPATH=/home/hello-robot/ament_ws/build/hello_helpers/prefix_override:/home/hello-robot/ament_ws/install/hello_helpers/lib/python3.10/site-packages:${PYTHONPATH} /usr/bin/python3 setup.py egg_info --egg-base ../../../build/hello_helpers build --build-base /home/hello-robot/ament_ws/build/hello_helpers/build install --record /home/hello-robot/ament_ws/build/hello_helpers/install.log --single-version-externally-managed
[5.480s] running egg_info
[5.480s] writing ../../../build/hello_helpers/hello_helpers.egg-info/PKG-INFO
[5.480s] writing dependency_links to ../../../build/hello_helpers/hello_helpers.egg-info/dependency_links.txt
[5.480s] writing entry points to ../../../build/hello_helpers/hello_helpers.egg-info/entry_points.txt
[5.480s] writing requirements to ../../../build/hello_helpers/hello_helpers.egg-info/requires.txt
[5.480s] writing top-level names to ../../../build/hello_helpers/hello_helpers.egg-info/top_level.txt
[5.481s] reading manifest file '../../../build/hello_helpers/hello_helpers.egg-info/SOURCES.txt'
[5.481s] adding license file 'LICENSE.md'
[5.481s] writing manifest file '../../../build/hello_helpers/hello_helpers.egg-info/SOURCES.txt'
[5.481s] running build
[5.481s] running build_py
[5.481s] running install
[5.481s] running install_lib
[5.481s] running install_data
[5.481s] running install_egg_info
[5.481s] removing '/home/hello-robot/ament_ws/install/hello_helpers/lib/python3.10/site-packages/hello_helpers-0.2.0-py3.10.egg-info' (and everything under it)
[5.481s] Copying ../../../build/hello_helpers/hello_helpers.egg-info to /home/hello-robot/ament_ws/install/hello_helpers/lib/python3.10/site-packages/hello_helpers-0.2.0-py3.10.egg-info
[5.481s] running install_scripts
[5.481s] Installing configure_wrist script to /home/hello-robot/ament_ws/install/hello_helpers/lib/hello_helpers
[5.481s] writing list of installed files to '/home/hello-robot/ament_ws/build/hello_helpers/install.log'
[5.481s] /usr/lib/python3/dist-packages/setuptools/command/install.py:34: SetuptoolsDeprecationWarning: setup.py install is deprecated. Use build and pip and other standards-based tools.
[5.481s]   warnings.warn(
[5.768s] Invoked command in '/home/hello-robot/ament_ws/src/stretch_ros2/hello_helpers' returned '0': PYTHONPATH=/home/hello-robot/ament_ws/build/hello_helpers/prefix_override:/home/hello-robot/ament_ws/install/hello_helpers/lib/python3.10/site-packages:${PYTHONPATH} /usr/bin/python3 setup.py egg_info --egg-base ../../../build/hello_helpers build --build-base /home/hello-robot/ament_ws/build/hello_helpers/build install --record /home/hello-robot/ament_ws/build/hello_helpers/install.log --single-version-externally-managed
