[5.190s] Invoking command in '/home/hello-robot/ament_ws/src/stretch_ros2/hello_helpers': PYTHONPATH=/home/hello-robot/ament_ws/build/hello_helpers/prefix_override:/home/hello-robot/ament_ws/install/hello_helpers/lib/python3.10/site-packages:${PYTHONPATH} /usr/bin/python3 setup.py egg_info --egg-base ../../../build/hello_helpers build --build-base /home/hello-robot/ament_ws/build/hello_helpers/build install --record /home/hello-robot/ament_ws/build/hello_helpers/install.log --single-version-externally-managed
[5.440s] running egg_info
[5.440s] writing ../../../build/hello_helpers/hello_helpers.egg-info/PKG-INFO
[5.441s] writing dependency_links to ../../../build/hello_helpers/hello_helpers.egg-info/dependency_links.txt
[5.441s] writing entry points to ../../../build/hello_helpers/hello_helpers.egg-info/entry_points.txt
[5.442s] writing requirements to ../../../build/hello_helpers/hello_helpers.egg-info/requires.txt
[5.442s] writing top-level names to ../../../build/hello_helpers/hello_helpers.egg-info/top_level.txt
[5.443s] reading manifest file '../../../build/hello_helpers/hello_helpers.egg-info/SOURCES.txt'
[5.443s] adding license file 'LICENSE.md'
[5.443s] writing manifest file '../../../build/hello_helpers/hello_helpers.egg-info/SOURCES.txt'
[5.443s] running build
[5.444s] running build_py
[5.444s] running install
[5.444s] running install_lib
[5.444s] running install_data
[5.445s] running install_egg_info
[5.446s] removing '/home/hello-robot/ament_ws/install/hello_helpers/lib/python3.10/site-packages/hello_helpers-0.2.0-py3.10.egg-info' (and everything under it)
[5.447s] Copying ../../../build/hello_helpers/hello_helpers.egg-info to /home/hello-robot/ament_ws/install/hello_helpers/lib/python3.10/site-packages/hello_helpers-0.2.0-py3.10.egg-info
[5.447s] running install_scripts
[5.464s] Installing configure_wrist script to /home/hello-robot/ament_ws/install/hello_helpers/lib/hello_helpers
[5.464s] writing list of installed files to '/home/hello-robot/ament_ws/build/hello_helpers/install.log'
[6.792s] Invoked command in '/home/hello-robot/ament_ws/src/stretch_ros2/hello_helpers' returned '0': PYTHONPATH=/home/hello-robot/ament_ws/build/hello_helpers/prefix_override:/home/hello-robot/ament_ws/install/hello_helpers/lib/python3.10/site-packages:${PYTHONPATH} /usr/bin/python3 setup.py egg_info --egg-base ../../../build/hello_helpers build --build-base /home/hello-robot/ament_ws/build/hello_helpers/build install --record /home/hello-robot/ament_ws/build/hello_helpers/install.log --single-version-externally-managed
