[0.906s] Invoking command in '/home/hello-robot/ament_ws/build/realsense2_camera': CMAKE_PREFIX_PATH=/home/hello-robot/ament_ws/install/realsense2_camera_msgs:/home/hello-robot/ament_ws/install/tf2_web_republisher:/home/hello-robot/ament_ws/install/stretch_web_teleop:/home/hello-robot/ament_ws/install/stretch_rtabmap:/home/hello-robot/ament_ws/install/stretch_nav2:/home/hello-robot/ament_ws/install/stretch_description:/home/hello-robot/ament_ws/install/speech_recognition_msgs:/home/hello-robot/ament_ws/install/sound_play_msgs:/home/hello-robot/ament_ws/install/audio_common:/home/hello-robot/ament_ws/install/sound_play:/home/hello-robot/ament_ws/install/sllidar_ros2:/home/hello-robot/ament_ws/install/rosbridge_test_msgs:/home/hello-robot/ament_ws/install/rosbridge_suite:/home/hello-robot/ament_ws/install/rosbridge_server:/home/hello-robot/ament_ws/install/rosbridge_msgs:/home/hello-robot/ament_ws/install/rosapi:/home/hello-robot/ament_ws/install/rosbridge_library:/home/hello-robot/ament_ws/install/rosapi_msgs:/home/hello-robot/ament_ws/install/ros2_numpy:/home/hello-robot/ament_ws/install/realsense2_description:/home/hello-robot/ament_ws/install/realsense2_camera:/home/hello-robot/ament_ws/install/audio_play:/home/hello-robot/ament_ws/install/audio_capture:/home/hello-robot/ament_ws/install/audio_common_msgs:/home/hello-robot/ament_ws/install/tf2_web_republisher_py:/home/hello-robot/ament_ws/install/stretch_ros_tutorials:/home/hello-robot/ament_ws/install/stretch_funmap:/home/hello-robot/ament_ws/install/stretch_calibration:/home/hello-robot/ament_ws/install/stretch_demos:/home/hello-robot/ament_ws/install/stretch_deep_perception:/home/hello-robot/ament_ws/install/stretch_core:/home/hello-robot/ament_ws/install/respeaker_ros2:/home/hello-robot/ament_ws/install/hello_helpers:/opt/ros/humble LD_LIBRARY_PATH=/home/hello-robot/ament_ws/install/realsense2_camera_msgs/lib:/home/hello-robot/ament_ws/install/tf2_web_republisher/lib:/home/hello-robot/ament_ws/install/speech_recognition_msgs/lib:/home/hello-robot/ament_ws/install/sound_play_msgs/lib:/home/hello-robot/ament_ws/install/rosbridge_test_msgs/lib:/home/hello-robot/ament_ws/install/rosbridge_msgs/lib:/home/hello-robot/ament_ws/install/rosapi_msgs/lib:/home/hello-robot/ament_ws/install/realsense2_camera/lib:/home/hello-robot/ament_ws/install/audio_play/lib:/home/hello-robot/ament_ws/install/audio_capture/lib:/home/hello-robot/ament_ws/install/audio_common_msgs/lib:/usr/lib/x86_64-linux-gnu/gazebo-11/plugins:/opt/ros/humble/opt/rviz_ogre_vendor/lib:/opt/ros/humble/lib/x86_64-linux-gnu:/opt/ros/humble/lib /usr/bin/cmake --build /home/hello-robot/ament_ws/build/realsense2_camera -- -j16 -l16
[1.079s] [  9%] Built target gtest
[1.079s] [ 18%] Built target realsense2_camera_node
[1.080s] [ 27%] Built target gtest_main
[1.080s] [ 90%] Built target realsense2_camera
[1.080s] [100%] Built target gtest_template
[1.087s] Invoked command in '/home/hello-robot/ament_ws/build/realsense2_camera' returned '0': CMAKE_PREFIX_PATH=/home/hello-robot/ament_ws/install/realsense2_camera_msgs:/home/hello-robot/ament_ws/install/tf2_web_republisher:/home/hello-robot/ament_ws/install/stretch_web_teleop:/home/hello-robot/ament_ws/install/stretch_rtabmap:/home/hello-robot/ament_ws/install/stretch_nav2:/home/hello-robot/ament_ws/install/stretch_description:/home/hello-robot/ament_ws/install/speech_recognition_msgs:/home/hello-robot/ament_ws/install/sound_play_msgs:/home/hello-robot/ament_ws/install/audio_common:/home/hello-robot/ament_ws/install/sound_play:/home/hello-robot/ament_ws/install/sllidar_ros2:/home/hello-robot/ament_ws/install/rosbridge_test_msgs:/home/hello-robot/ament_ws/install/rosbridge_suite:/home/hello-robot/ament_ws/install/rosbridge_server:/home/hello-robot/ament_ws/install/rosbridge_msgs:/home/hello-robot/ament_ws/install/rosapi:/home/hello-robot/ament_ws/install/rosbridge_library:/home/hello-robot/ament_ws/install/rosapi_msgs:/home/hello-robot/ament_ws/install/ros2_numpy:/home/hello-robot/ament_ws/install/realsense2_description:/home/hello-robot/ament_ws/install/realsense2_camera:/home/hello-robot/ament_ws/install/audio_play:/home/hello-robot/ament_ws/install/audio_capture:/home/hello-robot/ament_ws/install/audio_common_msgs:/home/hello-robot/ament_ws/install/tf2_web_republisher_py:/home/hello-robot/ament_ws/install/stretch_ros_tutorials:/home/hello-robot/ament_ws/install/stretch_funmap:/home/hello-robot/ament_ws/install/stretch_calibration:/home/hello-robot/ament_ws/install/stretch_demos:/home/hello-robot/ament_ws/install/stretch_deep_perception:/home/hello-robot/ament_ws/install/stretch_core:/home/hello-robot/ament_ws/install/respeaker_ros2:/home/hello-robot/ament_ws/install/hello_helpers:/opt/ros/humble LD_LIBRARY_PATH=/home/hello-robot/ament_ws/install/realsense2_camera_msgs/lib:/home/hello-robot/ament_ws/install/tf2_web_republisher/lib:/home/hello-robot/ament_ws/install/speech_recognition_msgs/lib:/home/hello-robot/ament_ws/install/sound_play_msgs/lib:/home/hello-robot/ament_ws/install/rosbridge_test_msgs/lib:/home/hello-robot/ament_ws/install/rosbridge_msgs/lib:/home/hello-robot/ament_ws/install/rosapi_msgs/lib:/home/hello-robot/ament_ws/install/realsense2_camera/lib:/home/hello-robot/ament_ws/install/audio_play/lib:/home/hello-robot/ament_ws/install/audio_capture/lib:/home/hello-robot/ament_ws/install/audio_common_msgs/lib:/usr/lib/x86_64-linux-gnu/gazebo-11/plugins:/opt/ros/humble/opt/rviz_ogre_vendor/lib:/opt/ros/humble/lib/x86_64-linux-gnu:/opt/ros/humble/lib /usr/bin/cmake --build /home/hello-robot/ament_ws/build/realsense2_camera -- -j16 -l16
[1.233s] Invoking command in '/home/hello-robot/ament_ws/build/realsense2_camera': CMAKE_PREFIX_PATH=/home/hello-robot/ament_ws/install/realsense2_camera_msgs:/home/hello-robot/ament_ws/install/tf2_web_republisher:/home/hello-robot/ament_ws/install/stretch_web_teleop:/home/hello-robot/ament_ws/install/stretch_rtabmap:/home/hello-robot/ament_ws/install/stretch_nav2:/home/hello-robot/ament_ws/install/stretch_description:/home/hello-robot/ament_ws/install/speech_recognition_msgs:/home/hello-robot/ament_ws/install/sound_play_msgs:/home/hello-robot/ament_ws/install/audio_common:/home/hello-robot/ament_ws/install/sound_play:/home/hello-robot/ament_ws/install/sllidar_ros2:/home/hello-robot/ament_ws/install/rosbridge_test_msgs:/home/hello-robot/ament_ws/install/rosbridge_suite:/home/hello-robot/ament_ws/install/rosbridge_server:/home/hello-robot/ament_ws/install/rosbridge_msgs:/home/hello-robot/ament_ws/install/rosapi:/home/hello-robot/ament_ws/install/rosbridge_library:/home/hello-robot/ament_ws/install/rosapi_msgs:/home/hello-robot/ament_ws/install/ros2_numpy:/home/hello-robot/ament_ws/install/realsense2_description:/home/hello-robot/ament_ws/install/realsense2_camera:/home/hello-robot/ament_ws/install/audio_play:/home/hello-robot/ament_ws/install/audio_capture:/home/hello-robot/ament_ws/install/audio_common_msgs:/home/hello-robot/ament_ws/install/tf2_web_republisher_py:/home/hello-robot/ament_ws/install/stretch_ros_tutorials:/home/hello-robot/ament_ws/install/stretch_funmap:/home/hello-robot/ament_ws/install/stretch_calibration:/home/hello-robot/ament_ws/install/stretch_demos:/home/hello-robot/ament_ws/install/stretch_deep_perception:/home/hello-robot/ament_ws/install/stretch_core:/home/hello-robot/ament_ws/install/respeaker_ros2:/home/hello-robot/ament_ws/install/hello_helpers:/opt/ros/humble LD_LIBRARY_PATH=/home/hello-robot/ament_ws/install/realsense2_camera_msgs/lib:/home/hello-robot/ament_ws/install/tf2_web_republisher/lib:/home/hello-robot/ament_ws/install/speech_recognition_msgs/lib:/home/hello-robot/ament_ws/install/sound_play_msgs/lib:/home/hello-robot/ament_ws/install/rosbridge_test_msgs/lib:/home/hello-robot/ament_ws/install/rosbridge_msgs/lib:/home/hello-robot/ament_ws/install/rosapi_msgs/lib:/home/hello-robot/ament_ws/install/realsense2_camera/lib:/home/hello-robot/ament_ws/install/audio_play/lib:/home/hello-robot/ament_ws/install/audio_capture/lib:/home/hello-robot/ament_ws/install/audio_common_msgs/lib:/usr/lib/x86_64-linux-gnu/gazebo-11/plugins:/opt/ros/humble/opt/rviz_ogre_vendor/lib:/opt/ros/humble/lib/x86_64-linux-gnu:/opt/ros/humble/lib /usr/bin/cmake --install /home/hello-robot/ament_ws/build/realsense2_camera
[1.246s] -- Install configuration: "Release"
[1.247s] -- Up-to-date: /home/hello-robot/ament_ws/install/realsense2_camera/lib/realsense2_camera/realsense2_camera_node
[1.247s] -- Up-to-date: /home/hello-robot/ament_ws/install/realsense2_camera/lib/librealsense2_camera.so
[1.247s] -- Up-to-date: /home/hello-robot/ament_ws/install/realsense2_camera/include
[1.247s] -- Up-to-date: /home/hello-robot/ament_ws/install/realsense2_camera/include/sensor_params.h
[1.247s] -- Up-to-date: /home/hello-robot/ament_ws/install/realsense2_camera/include/constants.h
[1.247s] -- Up-to-date: /home/hello-robot/ament_ws/install/realsense2_camera/include/profile_manager.h
[1.247s] -- Up-to-date: /home/hello-robot/ament_ws/install/realsense2_camera/include/base_realsense_node.h
[1.247s] -- Up-to-date: /home/hello-robot/ament_ws/install/realsense2_camera/include/ros_utils.h
[1.247s] -- Up-to-date: /home/hello-robot/ament_ws/install/realsense2_camera/include/dynamic_params.h
[1.248s] -- Up-to-date: /home/hello-robot/ament_ws/install/realsense2_camera/include/named_filter.h
[1.248s] -- Up-to-date: /home/hello-robot/ament_ws/install/realsense2_camera/include/realsense_node_factory.h
[1.248s] -- Up-to-date: /home/hello-robot/ament_ws/install/realsense2_camera/include/ros_param_backend.h
[1.248s] -- Up-to-date: /home/hello-robot/ament_ws/install/realsense2_camera/include/image_publisher.h
[1.248s] -- Up-to-date: /home/hello-robot/ament_ws/install/realsense2_camera/include/gl_window.h
[1.248s] -- Up-to-date: /home/hello-robot/ament_ws/install/realsense2_camera/include/ros_sensor.h
[1.248s] -- Up-to-date: /home/hello-robot/ament_ws/install/realsense2_camera/share/realsense2_camera/launch
[1.248s] -- Up-to-date: /home/hello-robot/ament_ws/install/realsense2_camera/share/realsense2_camera/launch/rs_multi_camera_launch.py
[1.248s] -- Up-to-date: /home/hello-robot/ament_ws/install/realsense2_camera/share/realsense2_camera/launch/default.rviz
[1.248s] -- Up-to-date: /home/hello-robot/ament_ws/install/realsense2_camera/share/realsense2_camera/launch/rs_launch.py
[1.248s] -- Up-to-date: /home/hello-robot/ament_ws/install/realsense2_camera/share/realsense2_camera/launch/rs_intra_process_demo_launch.py
[1.248s] -- Up-to-date: /home/hello-robot/ament_ws/install/realsense2_camera/share/realsense2_camera/examples
[1.248s] -- Up-to-date: /home/hello-robot/ament_ws/install/realsense2_camera/share/realsense2_camera/examples/align_depth
[1.248s] -- Up-to-date: /home/hello-robot/ament_ws/install/realsense2_camera/share/realsense2_camera/examples/align_depth/README.md
[1.248s] -- Up-to-date: /home/hello-robot/ament_ws/install/realsense2_camera/share/realsense2_camera/examples/align_depth/rs_align_depth_launch.py
[1.249s] -- Up-to-date: /home/hello-robot/ament_ws/install/realsense2_camera/share/realsense2_camera/examples/launch_from_rosbag
[1.249s] -- Up-to-date: /home/hello-robot/ament_ws/install/realsense2_camera/share/realsense2_camera/examples/launch_from_rosbag/README.md
[1.250s] -- Up-to-date: /home/hello-robot/ament_ws/install/realsense2_camera/share/realsense2_camera/examples/launch_from_rosbag/rs_launch_from_rosbag.py
[1.250s] -- Up-to-date: /home/hello-robot/ament_ws/install/realsense2_camera/share/realsense2_camera/examples/pointcloud
[1.250s] -- Up-to-date: /home/hello-robot/ament_ws/install/realsense2_camera/share/realsense2_camera/examples/pointcloud/README.md
[1.250s] -- Up-to-date: /home/hello-robot/ament_ws/install/realsense2_camera/share/realsense2_camera/examples/pointcloud/rs_d455_pointcloud_launch.py
[1.250s] -- Up-to-date: /home/hello-robot/ament_ws/install/realsense2_camera/share/realsense2_camera/examples/pointcloud/rs_d405_pointcloud_launch.py
[1.250s] -- Up-to-date: /home/hello-robot/ament_ws/install/realsense2_camera/share/realsense2_camera/examples/pointcloud/rviz
[1.250s] -- Up-to-date: /home/hello-robot/ament_ws/install/realsense2_camera/share/realsense2_camera/examples/pointcloud/rviz/pointcloud.rviz
[1.250s] -- Up-to-date: /home/hello-robot/ament_ws/install/realsense2_camera/share/realsense2_camera/examples/pointcloud/rviz/urdf_pointcloud.rviz
[1.251s] -- Up-to-date: /home/hello-robot/ament_ws/install/realsense2_camera/share/realsense2_camera/examples/pointcloud/rs_pointcloud_launch.py
[1.251s] -- Up-to-date: /home/hello-robot/ament_ws/install/realsense2_camera/share/realsense2_camera/examples/launch_params_from_file
[1.251s] -- Up-to-date: /home/hello-robot/ament_ws/install/realsense2_camera/share/realsense2_camera/examples/launch_params_from_file/README.md
[1.251s] -- Up-to-date: /home/hello-robot/ament_ws/install/realsense2_camera/share/realsense2_camera/examples/launch_params_from_file/rs_launch_get_params_from_yaml.py
[1.251s] -- Up-to-date: /home/hello-robot/ament_ws/install/realsense2_camera/share/realsense2_camera/examples/launch_params_from_file/config
[1.251s] -- Up-to-date: /home/hello-robot/ament_ws/install/realsense2_camera/share/realsense2_camera/examples/launch_params_from_file/config/config.yaml
[1.251s] -- Up-to-date: /home/hello-robot/ament_ws/install/realsense2_camera/share/realsense2_camera/examples/dual_camera
[1.251s] -- Up-to-date: /home/hello-robot/ament_ws/install/realsense2_camera/share/realsense2_camera/examples/dual_camera/README.md
[1.251s] -- Up-to-date: /home/hello-robot/ament_ws/install/realsense2_camera/share/realsense2_camera/examples/dual_camera/rviz
[1.251s] -- Up-to-date: /home/hello-robot/ament_ws/install/realsense2_camera/share/realsense2_camera/examples/dual_camera/rviz/dual_camera_pointcloud.rviz
[1.251s] -- Up-to-date: /home/hello-robot/ament_ws/install/realsense2_camera/share/realsense2_camera/examples/dual_camera/rs_dual_camera_launch.py
[1.251s] -- Up-to-date: /home/hello-robot/ament_ws/install/realsense2_camera/share/realsense2_camera/environment/library_path.sh
[1.251s] -- Up-to-date: /home/hello-robot/ament_ws/install/realsense2_camera/share/realsense2_camera/environment/library_path.dsv
[1.251s] -- Up-to-date: /home/hello-robot/ament_ws/install/realsense2_camera/share/ament_index/resource_index/package_run_dependencies/realsense2_camera
[1.252s] -- Up-to-date: /home/hello-robot/ament_ws/install/realsense2_camera/share/ament_index/resource_index/parent_prefix_path/realsense2_camera
[1.252s] -- Up-to-date: /home/hello-robot/ament_ws/install/realsense2_camera/share/realsense2_camera/environment/ament_prefix_path.sh
[1.252s] -- Up-to-date: /home/hello-robot/ament_ws/install/realsense2_camera/share/realsense2_camera/environment/ament_prefix_path.dsv
[1.252s] -- Up-to-date: /home/hello-robot/ament_ws/install/realsense2_camera/share/realsense2_camera/environment/path.sh
[1.252s] -- Up-to-date: /home/hello-robot/ament_ws/install/realsense2_camera/share/realsense2_camera/environment/path.dsv
[1.252s] -- Up-to-date: /home/hello-robot/ament_ws/install/realsense2_camera/share/realsense2_camera/local_setup.bash
[1.252s] -- Up-to-date: /home/hello-robot/ament_ws/install/realsense2_camera/share/realsense2_camera/local_setup.sh
[1.252s] -- Up-to-date: /home/hello-robot/ament_ws/install/realsense2_camera/share/realsense2_camera/local_setup.zsh
[1.252s] -- Up-to-date: /home/hello-robot/ament_ws/install/realsense2_camera/share/realsense2_camera/local_setup.dsv
[1.253s] -- Up-to-date: /home/hello-robot/ament_ws/install/realsense2_camera/share/realsense2_camera/package.dsv
[1.253s] -- Up-to-date: /home/hello-robot/ament_ws/install/realsense2_camera/share/ament_index/resource_index/packages/realsense2_camera
[1.253s] -- Up-to-date: /home/hello-robot/ament_ws/install/realsense2_camera/share/ament_index/resource_index/rclcpp_components/realsense2_camera
[1.253s] -- Up-to-date: /home/hello-robot/ament_ws/install/realsense2_camera/share/realsense2_camera/cmake/ament_cmake_export_include_directories-extras.cmake
[1.253s] -- Up-to-date: /home/hello-robot/ament_ws/install/realsense2_camera/share/realsense2_camera/cmake/ament_cmake_export_libraries-extras.cmake
[1.253s] -- Up-to-date: /home/hello-robot/ament_ws/install/realsense2_camera/share/realsense2_camera/cmake/ament_cmake_export_dependencies-extras.cmake
[1.253s] -- Up-to-date: /home/hello-robot/ament_ws/install/realsense2_camera/share/realsense2_camera/cmake/realsense2_cameraConfig.cmake
[1.254s] -- Up-to-date: /home/hello-robot/ament_ws/install/realsense2_camera/share/realsense2_camera/cmake/realsense2_cameraConfig-version.cmake
[1.254s] -- Up-to-date: /home/hello-robot/ament_ws/install/realsense2_camera/share/realsense2_camera/package.xml
[1.472s] Invoked command in '/home/hello-robot/ament_ws/build/realsense2_camera' returned '0': CMAKE_PREFIX_PATH=/home/hello-robot/ament_ws/install/realsense2_camera_msgs:/home/hello-robot/ament_ws/install/tf2_web_republisher:/home/hello-robot/ament_ws/install/stretch_web_teleop:/home/hello-robot/ament_ws/install/stretch_rtabmap:/home/hello-robot/ament_ws/install/stretch_nav2:/home/hello-robot/ament_ws/install/stretch_description:/home/hello-robot/ament_ws/install/speech_recognition_msgs:/home/hello-robot/ament_ws/install/sound_play_msgs:/home/hello-robot/ament_ws/install/audio_common:/home/hello-robot/ament_ws/install/sound_play:/home/hello-robot/ament_ws/install/sllidar_ros2:/home/hello-robot/ament_ws/install/rosbridge_test_msgs:/home/hello-robot/ament_ws/install/rosbridge_suite:/home/hello-robot/ament_ws/install/rosbridge_server:/home/hello-robot/ament_ws/install/rosbridge_msgs:/home/hello-robot/ament_ws/install/rosapi:/home/hello-robot/ament_ws/install/rosbridge_library:/home/hello-robot/ament_ws/install/rosapi_msgs:/home/hello-robot/ament_ws/install/ros2_numpy:/home/hello-robot/ament_ws/install/realsense2_description:/home/hello-robot/ament_ws/install/realsense2_camera:/home/hello-robot/ament_ws/install/audio_play:/home/hello-robot/ament_ws/install/audio_capture:/home/hello-robot/ament_ws/install/audio_common_msgs:/home/hello-robot/ament_ws/install/tf2_web_republisher_py:/home/hello-robot/ament_ws/install/stretch_ros_tutorials:/home/hello-robot/ament_ws/install/stretch_funmap:/home/hello-robot/ament_ws/install/stretch_calibration:/home/hello-robot/ament_ws/install/stretch_demos:/home/hello-robot/ament_ws/install/stretch_deep_perception:/home/hello-robot/ament_ws/install/stretch_core:/home/hello-robot/ament_ws/install/respeaker_ros2:/home/hello-robot/ament_ws/install/hello_helpers:/opt/ros/humble LD_LIBRARY_PATH=/home/hello-robot/ament_ws/install/realsense2_camera_msgs/lib:/home/hello-robot/ament_ws/install/tf2_web_republisher/lib:/home/hello-robot/ament_ws/install/speech_recognition_msgs/lib:/home/hello-robot/ament_ws/install/sound_play_msgs/lib:/home/hello-robot/ament_ws/install/rosbridge_test_msgs/lib:/home/hello-robot/ament_ws/install/rosbridge_msgs/lib:/home/hello-robot/ament_ws/install/rosapi_msgs/lib:/home/hello-robot/ament_ws/install/realsense2_camera/lib:/home/hello-robot/ament_ws/install/audio_play/lib:/home/hello-robot/ament_ws/install/audio_capture/lib:/home/hello-robot/ament_ws/install/audio_common_msgs/lib:/usr/lib/x86_64-linux-gnu/gazebo-11/plugins:/opt/ros/humble/opt/rviz_ogre_vendor/lib:/opt/ros/humble/lib/x86_64-linux-gnu:/opt/ros/humble/lib /usr/bin/cmake --install /home/hello-robot/ament_ws/build/realsense2_camera
