[0.921s] Invoking command in '/home/hello-robot/ament_ws/src/respeaker_ros2': AMENT_PREFIX_PATH=/home/hello-robot/ament_ws/install/sound_play_msgs:/home/hello-robot/ament_ws/install/sound_play:/home/hello-robot/ament_ws/install/audio_play:/home/hello-robot/ament_ws/install/speech_recognition_msgs:/home/hello-robot/ament_ws/install/audio_common_msgs:${AMENT_PREFIX_PATH} CMAKE_PREFIX_PATH=/home/hello-robot/ament_ws/install/sound_play_msgs:/home/hello-robot/ament_ws/install/sound_play:/home/hello-robot/ament_ws/install/audio_play:/home/hello-robot/ament_ws/install/speech_recognition_msgs:/home/hello-robot/ament_ws/install/audio_common_msgs LD_LIBRARY_PATH=/home/hello-robot/ament_ws/install/sound_play_msgs/lib:/home/hello-robot/ament_ws/install/audio_play/lib:/home/hello-robot/ament_ws/install/speech_recognition_msgs/lib:/home/hello-robot/ament_ws/install/audio_common_msgs/lib:${LD_LIBRARY_PATH} PATH=/home/hello-robot/ament_ws/install/audio_play/bin:${PATH} PYTHONPATH=/home/hello-robot/ament_ws/build/respeaker_ros2/prefix_override:/home/hello-robot/ament_ws/install/respeaker_ros2/lib/python3.10/site-packages:/home/hello-robot/ament_ws/install/sound_play_msgs/local/lib/python3.10/dist-packages:/home/hello-robot/ament_ws/install/sound_play/local/lib/python3.10/dist-packages:/home/hello-robot/ament_ws/install/speech_recognition_msgs/local/lib/python3.10/dist-packages:/home/hello-robot/ament_ws/install/audio_common_msgs/local/lib/python3.10/dist-packages:${PYTHONPATH} /usr/bin/python3 setup.py egg_info --egg-base ../../build/respeaker_ros2 build --build-base /home/hello-robot/ament_ws/build/respeaker_ros2/build install --record /home/hello-robot/ament_ws/build/respeaker_ros2/install.log --single-version-externally-managed
[1.137s] running egg_info
[1.138s] creating ../../build/respeaker_ros2/respeaker_ros2.egg-info
[1.138s] writing ../../build/respeaker_ros2/respeaker_ros2.egg-info/PKG-INFO
[1.139s] writing dependency_links to ../../build/respeaker_ros2/respeaker_ros2.egg-info/dependency_links.txt
[1.139s] writing entry points to ../../build/respeaker_ros2/respeaker_ros2.egg-info/entry_points.txt
[1.139s] writing requirements to ../../build/respeaker_ros2/respeaker_ros2.egg-info/requires.txt
[1.139s] writing top-level names to ../../build/respeaker_ros2/respeaker_ros2.egg-info/top_level.txt
[1.139s] writing manifest file '../../build/respeaker_ros2/respeaker_ros2.egg-info/SOURCES.txt'
[1.141s] reading manifest file '../../build/respeaker_ros2/respeaker_ros2.egg-info/SOURCES.txt'
[1.141s] adding license file 'LICENSE.md'
[1.141s] writing manifest file '../../build/respeaker_ros2/respeaker_ros2.egg-info/SOURCES.txt'
[1.141s] running build
[1.141s] running build_py
[1.141s] creating /home/hello-robot/ament_ws/build/respeaker_ros2/build
[1.142s] creating /home/hello-robot/ament_ws/build/respeaker_ros2/build/lib
[1.142s] creating /home/hello-robot/ament_ws/build/respeaker_ros2/build/lib/respeaker_ros2
[1.142s] copying respeaker_ros2/respeaker_gencfg.py -> /home/hello-robot/ament_ws/build/respeaker_ros2/build/lib/respeaker_ros2
[1.148s] copying respeaker_ros2/speech_to_text.py -> /home/hello-robot/ament_ws/build/respeaker_ros2/build/lib/respeaker_ros2
[1.148s] copying respeaker_ros2/respeaker_node.py -> /home/hello-robot/ament_ws/build/respeaker_ros2/build/lib/respeaker_ros2
[1.149s] copying respeaker_ros2/__init__.py -> /home/hello-robot/ament_ws/build/respeaker_ros2/build/lib/respeaker_ros2
[1.149s] creating /home/hello-robot/ament_ws/build/respeaker_ros2/build/lib/test
[1.149s] copying test/test_pep257.py -> /home/hello-robot/ament_ws/build/respeaker_ros2/build/lib/test
[1.149s] copying test/test_installed.py -> /home/hello-robot/ament_ws/build/respeaker_ros2/build/lib/test
[1.149s] copying test/test_copyright.py -> /home/hello-robot/ament_ws/build/respeaker_ros2/build/lib/test
[1.149s] copying test/test_flake8.py -> /home/hello-robot/ament_ws/build/respeaker_ros2/build/lib/test
[1.149s] copying test/__init__.py -> /home/hello-robot/ament_ws/build/respeaker_ros2/build/lib/test
[1.150s] running install
[1.150s] /usr/lib/python3/dist-packages/setuptools/command/install.py:34: SetuptoolsDeprecationWarning: setup.py install is deprecated. Use build and pip and other standards-based tools.
[1.150s]   warnings.warn(
[1.150s] running install_lib
[1.151s] creating /home/hello-robot/ament_ws/install/respeaker_ros2/lib/python3.10/site-packages/respeaker_ros2
[1.151s] copying /home/hello-robot/ament_ws/build/respeaker_ros2/build/lib/respeaker_ros2/respeaker_gencfg.py -> /home/hello-robot/ament_ws/install/respeaker_ros2/lib/python3.10/site-packages/respeaker_ros2
[1.151s] copying /home/hello-robot/ament_ws/build/respeaker_ros2/build/lib/respeaker_ros2/speech_to_text.py -> /home/hello-robot/ament_ws/install/respeaker_ros2/lib/python3.10/site-packages/respeaker_ros2
[1.152s] copying /home/hello-robot/ament_ws/build/respeaker_ros2/build/lib/respeaker_ros2/respeaker_node.py -> /home/hello-robot/ament_ws/install/respeaker_ros2/lib/python3.10/site-packages/respeaker_ros2
[1.152s] copying /home/hello-robot/ament_ws/build/respeaker_ros2/build/lib/respeaker_ros2/__init__.py -> /home/hello-robot/ament_ws/install/respeaker_ros2/lib/python3.10/site-packages/respeaker_ros2
[1.152s] creating /home/hello-robot/ament_ws/install/respeaker_ros2/lib/python3.10/site-packages/test
[1.152s] copying /home/hello-robot/ament_ws/build/respeaker_ros2/build/lib/test/test_pep257.py -> /home/hello-robot/ament_ws/install/respeaker_ros2/lib/python3.10/site-packages/test
[1.152s] copying /home/hello-robot/ament_ws/build/respeaker_ros2/build/lib/test/test_installed.py -> /home/hello-robot/ament_ws/install/respeaker_ros2/lib/python3.10/site-packages/test
[1.152s] copying /home/hello-robot/ament_ws/build/respeaker_ros2/build/lib/test/test_copyright.py -> /home/hello-robot/ament_ws/install/respeaker_ros2/lib/python3.10/site-packages/test
[1.152s] copying /home/hello-robot/ament_ws/build/respeaker_ros2/build/lib/test/test_flake8.py -> /home/hello-robot/ament_ws/install/respeaker_ros2/lib/python3.10/site-packages/test
[1.152s] copying /home/hello-robot/ament_ws/build/respeaker_ros2/build/lib/test/__init__.py -> /home/hello-robot/ament_ws/install/respeaker_ros2/lib/python3.10/site-packages/test
[1.152s] byte-compiling /home/hello-robot/ament_ws/install/respeaker_ros2/lib/python3.10/site-packages/respeaker_ros2/respeaker_gencfg.py to respeaker_gencfg.cpython-310.pyc
[1.153s] byte-compiling /home/hello-robot/ament_ws/install/respeaker_ros2/lib/python3.10/site-packages/respeaker_ros2/speech_to_text.py to speech_to_text.cpython-310.pyc
[1.154s] byte-compiling /home/hello-robot/ament_ws/install/respeaker_ros2/lib/python3.10/site-packages/respeaker_ros2/respeaker_node.py to respeaker_node.cpython-310.pyc
[1.157s] byte-compiling /home/hello-robot/ament_ws/install/respeaker_ros2/lib/python3.10/site-packages/respeaker_ros2/__init__.py to __init__.cpython-310.pyc
[1.157s] byte-compiling /home/hello-robot/ament_ws/install/respeaker_ros2/lib/python3.10/site-packages/test/test_pep257.py to test_pep257.cpython-310.pyc
[1.157s] byte-compiling /home/hello-robot/ament_ws/install/respeaker_ros2/lib/python3.10/site-packages/test/test_installed.py to test_installed.cpython-310.pyc
[1.157s] byte-compiling /home/hello-robot/ament_ws/install/respeaker_ros2/lib/python3.10/site-packages/test/test_copyright.py to test_copyright.cpython-310.pyc
[1.157s] byte-compiling /home/hello-robot/ament_ws/install/respeaker_ros2/lib/python3.10/site-packages/test/test_flake8.py to test_flake8.cpython-310.pyc
[1.157s] byte-compiling /home/hello-robot/ament_ws/install/respeaker_ros2/lib/python3.10/site-packages/test/__init__.py to __init__.cpython-310.pyc
[1.158s] running install_data
[1.158s] creating /home/hello-robot/ament_ws/install/respeaker_ros2/share/ament_index
[1.158s] creating /home/hello-robot/ament_ws/install/respeaker_ros2/share/ament_index/resource_index
[1.159s] creating /home/hello-robot/ament_ws/install/respeaker_ros2/share/ament_index/resource_index/packages
[1.159s] copying resource/respeaker_ros2 -> /home/hello-robot/ament_ws/install/respeaker_ros2/share/ament_index/resource_index/packages
[1.159s] copying package.xml -> /home/hello-robot/ament_ws/install/respeaker_ros2/share/respeaker_ros2
[1.159s] creating /home/hello-robot/ament_ws/install/respeaker_ros2/share/respeaker_ros2/launch
[1.159s] copying launch/respeaker.launch.py -> /home/hello-robot/ament_ws/install/respeaker_ros2/share/respeaker_ros2/launch
[1.159s] running install_egg_info
[1.161s] Copying ../../build/respeaker_ros2/respeaker_ros2.egg-info to /home/hello-robot/ament_ws/install/respeaker_ros2/lib/python3.10/site-packages/respeaker_ros2-0.1.0-py3.10.egg-info
[1.162s] running install_scripts
[1.180s] Installing respeaker_node script to /home/hello-robot/ament_ws/install/respeaker_ros2/lib/respeaker_ros2
[1.180s] Installing speech_to_text script to /home/hello-robot/ament_ws/install/respeaker_ros2/lib/respeaker_ros2
[1.180s] writing list of installed files to '/home/hello-robot/ament_ws/build/respeaker_ros2/install.log'
[1.208s] Invoked command in '/home/hello-robot/ament_ws/src/respeaker_ros2' returned '0': AMENT_PREFIX_PATH=/home/hello-robot/ament_ws/install/sound_play_msgs:/home/hello-robot/ament_ws/install/sound_play:/home/hello-robot/ament_ws/install/audio_play:/home/hello-robot/ament_ws/install/speech_recognition_msgs:/home/hello-robot/ament_ws/install/audio_common_msgs:${AMENT_PREFIX_PATH} CMAKE_PREFIX_PATH=/home/hello-robot/ament_ws/install/sound_play_msgs:/home/hello-robot/ament_ws/install/sound_play:/home/hello-robot/ament_ws/install/audio_play:/home/hello-robot/ament_ws/install/speech_recognition_msgs:/home/hello-robot/ament_ws/install/audio_common_msgs LD_LIBRARY_PATH=/home/hello-robot/ament_ws/install/sound_play_msgs/lib:/home/hello-robot/ament_ws/install/audio_play/lib:/home/hello-robot/ament_ws/install/speech_recognition_msgs/lib:/home/hello-robot/ament_ws/install/audio_common_msgs/lib:${LD_LIBRARY_PATH} PATH=/home/hello-robot/ament_ws/install/audio_play/bin:${PATH} PYTHONPATH=/home/hello-robot/ament_ws/build/respeaker_ros2/prefix_override:/home/hello-robot/ament_ws/install/respeaker_ros2/lib/python3.10/site-packages:/home/hello-robot/ament_ws/install/sound_play_msgs/local/lib/python3.10/dist-packages:/home/hello-robot/ament_ws/install/sound_play/local/lib/python3.10/dist-packages:/home/hello-robot/ament_ws/install/speech_recognition_msgs/local/lib/python3.10/dist-packages:/home/hello-robot/ament_ws/install/audio_common_msgs/local/lib/python3.10/dist-packages:${PYTHONPATH} /usr/bin/python3 setup.py egg_info --egg-base ../../build/respeaker_ros2 build --build-base /home/hello-robot/ament_ws/build/respeaker_ros2/build install --record /home/hello-robot/ament_ws/build/respeaker_ros2/install.log --single-version-externally-managed
