[DEBUG   ] [07/08/2024 13:22:06.546] [filelock]: Attempting to acquire lock 131043991939744 on /tmp/stretch_body_robot_pid.txt.lock
[DEBUG   ] [07/08/2024 13:22:06.546] [filelock]: Lock 131043991939744 acquired on /tmp/stretch_body_robot_pid.txt.lock
[DEBUG   ] [07/08/2024 13:22:06.560] [robot]: Starting up Robot stretch-se3-3014 of batch questlove
[DEBUG   ] [07/08/2024 13:22:06.560] [pimu]: Starting TransportConnection on: /dev/hello-pimu
[DEBUG   ] [07/08/2024 13:22:06.571] [hello-motor-left-wheel]: Starting TransportConnection on: /dev/hello-motor-left-wheel
[DEBUG   ] [07/08/2024 13:22:06.586] [hello-motor-right-wheel]: Starting TransportConnection on: /dev/hello-motor-right-wheel
[DEBUG   ] [07/08/2024 13:22:06.601] [hello-motor-lift]: Starting TransportConnection on: /dev/hello-motor-lift
[DEBUG   ] [07/08/2024 13:22:06.620] [hello-motor-arm]: Starting TransportConnection on: /dev/hello-motor-arm
[DEBUG   ] [07/08/2024 13:22:06.653] [head_pan]: [Dynamixel ID:011] ping Succeeded. Dynamixel model : XC430-W240. Baud 115200
[DEBUG   ] [07/08/2024 13:22:06.742] [head_tilt]: [Dynamixel ID:012] ping Succeeded. Dynamixel model : XL430-W250. Baud 115200
[DEBUG   ] [07/08/2024 13:22:06.839] [wacc]: Starting TransportConnection on: /dev/hello-wacc
[DEBUG   ] [07/08/2024 13:22:06.860] [wrist_pitch]: [Dynamixel ID:015] ping Succeeded. Dynamixel model : XM540-W270. Baud 115200
[DEBUG   ] [07/08/2024 13:22:06.978] [wrist_roll]: [Dynamixel ID:016] ping Succeeded. Dynamixel model : XM430-W350. Baud 115200
[DEBUG   ] [07/08/2024 13:22:07.077] [wrist_yaw]: [Dynamixel ID:013] ping Succeeded. Dynamixel model : XC430-W240. Baud 115200
[DEBUG   ] [07/08/2024 13:22:07.165] [stretch_gripper]: [Dynamixel ID:014] ping Succeeded. Dynamixel model : XL430-W250. Baud 115200
[DEBUG   ] [07/08/2024 13:22:07.295] [trimesh]: loaded <trimesh.Trimesh(vertices.shape=(17669, 3), faces.shape=(31052, 3))> using load_stl
[DEBUG   ] [07/08/2024 13:22:07.295] [trimesh]: load_mesh executed in 0.0239 seconds.
[DEBUG   ] [07/08/2024 13:22:07.295] [trimesh]: loaded <trimesh.Trimesh(vertices.shape=(8, 3), faces.shape=(12, 3))> using load_stl
[DEBUG   ] [07/08/2024 13:22:07.295] [trimesh]: load_mesh executed in 0.0006 seconds.
[DEBUG   ] [07/08/2024 13:22:07.296] [trimesh]: loaded <trimesh.Trimesh(vertices.shape=(8, 3), faces.shape=(12, 3))> using load_stl
[DEBUG   ] [07/08/2024 13:22:07.296] [trimesh]: load_mesh executed in 0.0003 seconds.
[DEBUG   ] [07/08/2024 13:22:07.297] [trimesh]: loaded <trimesh.Trimesh(vertices.shape=(8, 3), faces.shape=(12, 3))> using load_stl
[DEBUG   ] [07/08/2024 13:22:07.297] [trimesh]: load_mesh executed in 0.0004 seconds.
[DEBUG   ] [07/08/2024 13:22:07.305] [trimesh]: loaded <trimesh.Trimesh(vertices.shape=(6712, 3), faces.shape=(12741, 3))> using load_stl
[DEBUG   ] [07/08/2024 13:22:07.305] [trimesh]: load_mesh executed in 0.0080 seconds.
[DEBUG   ] [07/08/2024 13:22:07.306] [trimesh]: loaded <trimesh.Trimesh(vertices.shape=(8, 3), faces.shape=(12, 3))> using load_stl
[DEBUG   ] [07/08/2024 13:22:07.306] [trimesh]: load_mesh executed in 0.0004 seconds.
[DEBUG   ] [07/08/2024 13:22:07.314] [trimesh]: loaded <trimesh.Trimesh(vertices.shape=(6712, 3), faces.shape=(12741, 3))> using load_stl
[DEBUG   ] [07/08/2024 13:22:07.314] [trimesh]: load_mesh executed in 0.0076 seconds.
[DEBUG   ] [07/08/2024 13:22:07.314] [trimesh]: loaded <trimesh.Trimesh(vertices.shape=(8, 3), faces.shape=(12, 3))> using load_stl
[DEBUG   ] [07/08/2024 13:22:07.314] [trimesh]: load_mesh executed in 0.0004 seconds.
[DEBUG   ] [07/08/2024 13:22:07.356] [trimesh]: loaded <trimesh.Trimesh(vertices.shape=(27344, 3), faces.shape=(54720, 3))> using load_stl
[DEBUG   ] [07/08/2024 13:22:07.356] [trimesh]: load_mesh executed in 0.0417 seconds.
[DEBUG   ] [07/08/2024 13:22:07.357] [trimesh]: loaded <trimesh.Trimesh(vertices.shape=(32, 3), faces.shape=(60, 3))> using load_stl
[DEBUG   ] [07/08/2024 13:22:07.357] [trimesh]: load_mesh executed in 0.0005 seconds.
[DEBUG   ] [07/08/2024 13:22:07.358] [trimesh]: loaded <trimesh.Trimesh(vertices.shape=(8, 3), faces.shape=(12, 3))> using load_stl
[DEBUG   ] [07/08/2024 13:22:07.358] [trimesh]: load_mesh executed in 0.0004 seconds.
[DEBUG   ] [07/08/2024 13:22:07.368] [trimesh]: loaded <trimesh.Trimesh(vertices.shape=(7871, 3), faces.shape=(15812, 3))> using load_stl
[DEBUG   ] [07/08/2024 13:22:07.368] [trimesh]: load_mesh executed in 0.0094 seconds.
[DEBUG   ] [07/08/2024 13:22:07.368] [trimesh]: loaded <trimesh.Trimesh(vertices.shape=(8, 3), faces.shape=(12, 3))> using load_stl
[DEBUG   ] [07/08/2024 13:22:07.368] [trimesh]: load_mesh executed in 0.0005 seconds.
[DEBUG   ] [07/08/2024 13:22:07.370] [trimesh]: loaded <trimesh.Trimesh(vertices.shape=(1102, 3), faces.shape=(2268, 3))> using load_stl
[DEBUG   ] [07/08/2024 13:22:07.370] [trimesh]: load_mesh executed in 0.0015 seconds.
[DEBUG   ] [07/08/2024 13:22:07.371] [trimesh]: loaded <trimesh.Trimesh(vertices.shape=(8, 3), faces.shape=(12, 3))> using load_stl
[DEBUG   ] [07/08/2024 13:22:07.371] [trimesh]: load_mesh executed in 0.0004 seconds.
[DEBUG   ] [07/08/2024 13:22:07.373] [trimesh]: loaded <trimesh.Trimesh(vertices.shape=(1176, 3), faces.shape=(2416, 3))> using load_stl
[DEBUG   ] [07/08/2024 13:22:07.373] [trimesh]: load_mesh executed in 0.0016 seconds.
[DEBUG   ] [07/08/2024 13:22:07.373] [trimesh]: loaded <trimesh.Trimesh(vertices.shape=(8, 3), faces.shape=(12, 3))> using load_stl
[DEBUG   ] [07/08/2024 13:22:07.373] [trimesh]: load_mesh executed in 0.0004 seconds.
[DEBUG   ] [07/08/2024 13:22:07.375] [trimesh]: loaded <trimesh.Trimesh(vertices.shape=(1176, 3), faces.shape=(2416, 3))> using load_stl
[DEBUG   ] [07/08/2024 13:22:07.375] [trimesh]: load_mesh executed in 0.0015 seconds.
[DEBUG   ] [07/08/2024 13:22:07.376] [trimesh]: loaded <trimesh.Trimesh(vertices.shape=(8, 3), faces.shape=(12, 3))> using load_stl
[DEBUG   ] [07/08/2024 13:22:07.376] [trimesh]: load_mesh executed in 0.0003 seconds.
[DEBUG   ] [07/08/2024 13:22:07.378] [trimesh]: loaded <trimesh.Trimesh(vertices.shape=(1204, 3), faces.shape=(2472, 3))> using load_stl
[DEBUG   ] [07/08/2024 13:22:07.378] [trimesh]: load_mesh executed in 0.0016 seconds.
[DEBUG   ] [07/08/2024 13:22:07.378] [trimesh]: loaded <trimesh.Trimesh(vertices.shape=(8, 3), faces.shape=(12, 3))> using load_stl
[DEBUG   ] [07/08/2024 13:22:07.378] [trimesh]: load_mesh executed in 0.0003 seconds.
[DEBUG   ] [07/08/2024 13:22:07.383] [trimesh]: loaded <trimesh.Trimesh(vertices.shape=(4271, 3), faces.shape=(8838, 3))> using load_stl
[DEBUG   ] [07/08/2024 13:22:07.384] [trimesh]: load_mesh executed in 0.0051 seconds.
[DEBUG   ] [07/08/2024 13:22:07.384] [trimesh]: loaded <trimesh.Trimesh(vertices.shape=(8, 3), faces.shape=(12, 3))> using load_stl
[DEBUG   ] [07/08/2024 13:22:07.384] [trimesh]: load_mesh executed in 0.0004 seconds.
[DEBUG   ] [07/08/2024 13:22:07.386] [trimesh]: loaded <trimesh.Trimesh(vertices.shape=(1433, 3), faces.shape=(2870, 3))> using load_stl
[DEBUG   ] [07/08/2024 13:22:07.386] [trimesh]: load_mesh executed in 0.0018 seconds.
[DEBUG   ] [07/08/2024 13:22:07.387] [trimesh]: face_normals didn't match triangles, ignoring!
[DEBUG   ] [07/08/2024 13:22:07.387] [trimesh]: loaded <trimesh.Trimesh(vertices.shape=(8, 3), faces.shape=(12, 3))> using load_stl
[DEBUG   ] [07/08/2024 13:22:07.387] [trimesh]: load_mesh executed in 0.0004 seconds.
[DEBUG   ] [07/08/2024 13:22:07.396] [trimesh]: loaded <trimesh.Trimesh(vertices.shape=(7551, 3), faces.shape=(15334, 3))> using load_stl
[DEBUG   ] [07/08/2024 13:22:07.396] [trimesh]: load_mesh executed in 0.0095 seconds.
[DEBUG   ] [07/08/2024 13:22:07.397] [trimesh]: loaded <trimesh.Trimesh(vertices.shape=(8, 3), faces.shape=(12, 3))> using load_stl
[DEBUG   ] [07/08/2024 13:22:07.397] [trimesh]: load_mesh executed in 0.0004 seconds.
[DEBUG   ] [07/08/2024 13:22:07.401] [trimesh]: loaded <trimesh.Trimesh(vertices.shape=(3017, 3), faces.shape=(6118, 3))> using load_stl
[DEBUG   ] [07/08/2024 13:22:07.401] [trimesh]: load_mesh executed in 0.0036 seconds.
[DEBUG   ] [07/08/2024 13:22:07.402] [trimesh]: loaded <trimesh.Trimesh(vertices.shape=(8, 3), faces.shape=(12, 3))> using load_stl
[DEBUG   ] [07/08/2024 13:22:07.402] [trimesh]: load_mesh executed in 0.0004 seconds.
[DEBUG   ] [07/08/2024 13:22:07.415] [trimesh]: loaded <trimesh.Trimesh(vertices.shape=(9941, 3), faces.shape=(20078, 3))> using load_stl
[DEBUG   ] [07/08/2024 13:22:07.415] [trimesh]: load_mesh executed in 0.0129 seconds.
[DEBUG   ] [07/08/2024 13:22:07.415] [trimesh]: loaded <trimesh.Trimesh(vertices.shape=(8, 3), faces.shape=(12, 3))> using load_stl
[DEBUG   ] [07/08/2024 13:22:07.415] [trimesh]: load_mesh executed in 0.0004 seconds.
[DEBUG   ] [07/08/2024 13:22:07.416] [trimesh]: loaded <trimesh.Trimesh(vertices.shape=(40, 3), faces.shape=(76, 3))> using load_stl
[DEBUG   ] [07/08/2024 13:22:07.416] [trimesh]: load_mesh executed in 0.0004 seconds.
[DEBUG   ] [07/08/2024 13:22:07.417] [trimesh]: loaded <trimesh.Trimesh(vertices.shape=(40, 3), faces.shape=(76, 3))> using load_stl
[DEBUG   ] [07/08/2024 13:22:07.417] [trimesh]: load_mesh executed in 0.0004 seconds.
[DEBUG   ] [07/08/2024 13:22:07.418] [trimesh]: loaded <trimesh.Trimesh(vertices.shape=(40, 3), faces.shape=(76, 3))> using load_stl
[DEBUG   ] [07/08/2024 13:22:07.418] [trimesh]: load_mesh executed in 0.0003 seconds.
[DEBUG   ] [07/08/2024 13:22:07.418] [trimesh]: loaded <trimesh.Trimesh(vertices.shape=(40, 3), faces.shape=(76, 3))> using load_stl
[DEBUG   ] [07/08/2024 13:22:07.418] [trimesh]: load_mesh executed in 0.0004 seconds.
[DEBUG   ] [07/08/2024 13:22:07.419] [trimesh]: loaded <trimesh.Trimesh(vertices.shape=(40, 3), faces.shape=(76, 3))> using load_stl
[DEBUG   ] [07/08/2024 13:22:07.419] [trimesh]: load_mesh executed in 0.0003 seconds.
[DEBUG   ] [07/08/2024 13:22:07.419] [trimesh]: loaded <trimesh.Trimesh(vertices.shape=(40, 3), faces.shape=(76, 3))> using load_stl
[DEBUG   ] [07/08/2024 13:22:07.419] [trimesh]: load_mesh executed in 0.0004 seconds.
[DEBUG   ] [07/08/2024 13:22:07.420] [trimesh]: loaded <trimesh.Trimesh(vertices.shape=(40, 3), faces.shape=(76, 3))> using load_stl
[DEBUG   ] [07/08/2024 13:22:07.420] [trimesh]: load_mesh executed in 0.0003 seconds.
[DEBUG   ] [07/08/2024 13:22:07.420] [trimesh]: loaded <trimesh.Trimesh(vertices.shape=(40, 3), faces.shape=(76, 3))> using load_stl
[DEBUG   ] [07/08/2024 13:22:07.420] [trimesh]: load_mesh executed in 0.0004 seconds.
[DEBUG   ] [07/08/2024 13:22:07.421] [trimesh]: loaded <trimesh.Trimesh(vertices.shape=(40, 3), faces.shape=(76, 3))> using load_stl
[DEBUG   ] [07/08/2024 13:22:07.421] [trimesh]: load_mesh executed in 0.0004 seconds.
[DEBUG   ] [07/08/2024 13:22:07.422] [trimesh]: loaded <trimesh.Trimesh(vertices.shape=(40, 3), faces.shape=(76, 3))> using load_stl
[DEBUG   ] [07/08/2024 13:22:07.422] [trimesh]: load_mesh executed in 0.0004 seconds.
[DEBUG   ] [07/08/2024 13:22:07.704] [trimesh]: loaded <trimesh.Scene(len(geometry)=18)> using load_collada
[DEBUG   ] [07/08/2024 13:22:07.704] [trimesh]: load_mesh executed in 0.2819 seconds.
[DEBUG   ] [07/08/2024 13:22:07.704] [trimesh]: `nodes_geometry`: 1.08E-05s, `cache.verify`: 1.46E-06s
[DEBUG   ] [07/08/2024 13:22:07.704] [trimesh]: apply_transform passed identity matrix
[DEBUG   ] [07/08/2024 13:22:07.704] [trimesh]: apply_transform passed identity matrix
[DEBUG   ] [07/08/2024 13:22:07.704] [trimesh]: apply_transform passed identity matrix
[DEBUG   ] [07/08/2024 13:22:07.705] [trimesh]: apply_transform passed identity matrix
[DEBUG   ] [07/08/2024 13:22:07.705] [trimesh]: apply_transform passed identity matrix
[DEBUG   ] [07/08/2024 13:22:07.705] [trimesh]: apply_transform passed identity matrix
[DEBUG   ] [07/08/2024 13:22:07.705] [trimesh]: apply_transform passed identity matrix
[DEBUG   ] [07/08/2024 13:22:07.705] [trimesh]: apply_transform passed identity matrix
[DEBUG   ] [07/08/2024 13:22:07.705] [trimesh]: apply_transform passed identity matrix
[DEBUG   ] [07/08/2024 13:22:07.705] [trimesh]: apply_transform passed identity matrix
[DEBUG   ] [07/08/2024 13:22:07.705] [trimesh]: apply_transform passed identity matrix
[DEBUG   ] [07/08/2024 13:22:07.705] [trimesh]: apply_transform passed identity matrix
[DEBUG   ] [07/08/2024 13:22:07.708] [trimesh]: apply_transform passed identity matrix
[DEBUG   ] [07/08/2024 13:22:07.708] [trimesh]: apply_transform passed identity matrix
[DEBUG   ] [07/08/2024 13:22:07.708] [trimesh]: apply_transform passed identity matrix
[DEBUG   ] [07/08/2024 13:22:07.709] [trimesh]: apply_transform passed identity matrix
[DEBUG   ] [07/08/2024 13:22:07.709] [trimesh]: apply_transform passed identity matrix
[DEBUG   ] [07/08/2024 13:22:07.709] [trimesh]: apply_transform passed identity matrix
[DEBUG   ] [07/08/2024 13:22:07.710] [trimesh]: face_normals didn't match triangles, ignoring!
[DEBUG   ] [07/08/2024 13:22:07.710] [trimesh]: loaded <trimesh.Trimesh(vertices.shape=(344, 3), faces.shape=(684, 3))> using load_stl
[DEBUG   ] [07/08/2024 13:22:07.710] [trimesh]: load_mesh executed in 0.0008 seconds.
[DEBUG   ] [07/08/2024 13:22:07.711] [trimesh]: loaded <trimesh.Trimesh(vertices.shape=(8, 3), faces.shape=(12, 3))> using load_stl
[DEBUG   ] [07/08/2024 13:22:07.711] [trimesh]: load_mesh executed in 0.0004 seconds.
[DEBUG   ] [07/08/2024 13:22:07.712] [trimesh]: loaded <trimesh.Trimesh(vertices.shape=(430, 3), faces.shape=(896, 3))> using load_stl
[DEBUG   ] [07/08/2024 13:22:07.712] [trimesh]: load_mesh executed in 0.0008 seconds.
[DEBUG   ] [07/08/2024 13:22:07.713] [trimesh]: loaded <trimesh.Trimesh(vertices.shape=(430, 3), faces.shape=(896, 3))> using load_stl
[DEBUG   ] [07/08/2024 13:22:07.713] [trimesh]: load_mesh executed in 0.0008 seconds.
[DEBUG   ] [07/08/2024 13:22:07.715] [trimesh]: loaded <trimesh.Trimesh(vertices.shape=(1130, 3), faces.shape=(2292, 3))> using load_stl
[DEBUG   ] [07/08/2024 13:22:07.715] [trimesh]: load_mesh executed in 0.0015 seconds.
[DEBUG   ] [07/08/2024 13:22:07.716] [trimesh]: loaded <trimesh.Trimesh(vertices.shape=(1130, 3), faces.shape=(2292, 3))> using load_stl
[DEBUG   ] [07/08/2024 13:22:07.716] [trimesh]: load_mesh executed in 0.0015 seconds.
[DEBUG   ] [07/08/2024 13:22:07.719] [trimesh]: loaded <trimesh.Trimesh(vertices.shape=(1847, 3), faces.shape=(3729, 3))> using load_stl
[DEBUG   ] [07/08/2024 13:22:07.719] [trimesh]: load_mesh executed in 0.0022 seconds.
[DEBUG   ] [07/08/2024 13:22:07.719] [trimesh]: loaded <trimesh.Trimesh(vertices.shape=(8, 3), faces.shape=(12, 3))> using load_stl
[DEBUG   ] [07/08/2024 13:22:07.719] [trimesh]: load_mesh executed in 0.0003 seconds.
[DEBUG   ] [07/08/2024 13:22:07.722] [trimesh]: loaded <trimesh.Trimesh(vertices.shape=(1433, 3), faces.shape=(2842, 3))> using load_stl
[DEBUG   ] [07/08/2024 13:22:07.722] [trimesh]: load_mesh executed in 0.0018 seconds.
[DEBUG   ] [07/08/2024 13:22:07.722] [trimesh]: loaded <trimesh.Trimesh(vertices.shape=(8, 3), faces.shape=(12, 3))> using load_stl
[DEBUG   ] [07/08/2024 13:22:07.722] [trimesh]: load_mesh executed in 0.0004 seconds.
[DEBUG   ] [07/08/2024 13:22:07.723] [trimesh]: loaded <trimesh.Trimesh(vertices.shape=(381, 3), faces.shape=(758, 3))> using load_stl
[DEBUG   ] [07/08/2024 13:22:07.723] [trimesh]: load_mesh executed in 0.0007 seconds.
[DEBUG   ] [07/08/2024 13:22:07.724] [trimesh]: loaded <trimesh.Trimesh(vertices.shape=(8, 3), faces.shape=(12, 3))> using load_stl
[DEBUG   ] [07/08/2024 13:22:07.724] [trimesh]: load_mesh executed in 0.0004 seconds.
[DEBUG   ] [07/08/2024 13:22:07.739] [trimesh]: loaded <trimesh.Trimesh(vertices.shape=(14545, 3), faces.shape=(24513, 3))> using load_stl
[DEBUG   ] [07/08/2024 13:22:07.739] [trimesh]: load_mesh executed in 0.0150 seconds.
[DEBUG   ] [07/08/2024 13:22:07.740] [trimesh]: loaded <trimesh.Trimesh(vertices.shape=(46, 3), faces.shape=(88, 3))> using load_stl
[DEBUG   ] [07/08/2024 13:22:07.740] [trimesh]: load_mesh executed in 0.0005 seconds.
[DEBUG   ] [07/08/2024 13:22:07.740] [trimesh]: face_normals didn't match triangles, ignoring!
[DEBUG   ] [07/08/2024 13:22:07.741] [trimesh]: loaded <trimesh.Trimesh(vertices.shape=(582, 3), faces.shape=(1164, 3))> using load_stl
[DEBUG   ] [07/08/2024 13:22:07.741] [trimesh]: load_mesh executed in 0.0010 seconds.
[DEBUG   ] [07/08/2024 13:22:07.742] [trimesh]: loaded <trimesh.Trimesh(vertices.shape=(8, 3), faces.shape=(12, 3))> using load_stl
[DEBUG   ] [07/08/2024 13:22:07.742] [trimesh]: load_mesh executed in 0.0004 seconds.
[DEBUG   ] [07/08/2024 13:22:07.744] [trimesh]: loaded <trimesh.Trimesh(vertices.shape=(1256, 3), faces.shape=(2508, 3))> using load_stl
[DEBUG   ] [07/08/2024 13:22:07.744] [trimesh]: load_mesh executed in 0.0016 seconds.
[DEBUG   ] [07/08/2024 13:22:07.744] [trimesh]: loaded <trimesh.Trimesh(vertices.shape=(8, 3), faces.shape=(12, 3))> using load_stl
[DEBUG   ] [07/08/2024 13:22:07.744] [trimesh]: load_mesh executed in 0.0004 seconds.
[DEBUG   ] [07/08/2024 13:22:07.745] [trimesh]: loaded <trimesh.Trimesh(vertices.shape=(72, 3), faces.shape=(140, 3))> using load_stl
[DEBUG   ] [07/08/2024 13:22:07.745] [trimesh]: load_mesh executed in 0.0004 seconds.
[DEBUG   ] [07/08/2024 13:22:07.745] [trimesh]: loaded <trimesh.Trimesh(vertices.shape=(72, 3), faces.shape=(140, 3))> using load_stl
[DEBUG   ] [07/08/2024 13:22:07.745] [trimesh]: load_mesh executed in 0.0004 seconds.
[DEBUG   ] [07/08/2024 13:22:07.746] [trimesh]: face_normals didn't match triangles, ignoring!
[DEBUG   ] [07/08/2024 13:22:07.747] [trimesh]: loaded <trimesh.Trimesh(vertices.shape=(577, 3), faces.shape=(1154, 3))> using load_stl
[DEBUG   ] [07/08/2024 13:22:07.747] [trimesh]: load_mesh executed in 0.0009 seconds.
[DEBUG   ] [07/08/2024 13:22:07.747] [trimesh]: loaded <trimesh.Trimesh(vertices.shape=(8, 3), faces.shape=(12, 3))> using load_stl
[DEBUG   ] [07/08/2024 13:22:07.747] [trimesh]: load_mesh executed in 0.0003 seconds.
[DEBUG   ] [07/08/2024 13:22:07.749] [trimesh]: loaded <trimesh.Trimesh(vertices.shape=(1256, 3), faces.shape=(2508, 3))> using load_stl
[DEBUG   ] [07/08/2024 13:22:07.749] [trimesh]: load_mesh executed in 0.0016 seconds.
[DEBUG   ] [07/08/2024 13:22:07.750] [trimesh]: loaded <trimesh.Trimesh(vertices.shape=(8, 3), faces.shape=(12, 3))> using load_stl
[DEBUG   ] [07/08/2024 13:22:07.750] [trimesh]: load_mesh executed in 0.0004 seconds.
[DEBUG   ] [07/08/2024 13:22:07.750] [trimesh]: loaded <trimesh.Trimesh(vertices.shape=(72, 3), faces.shape=(140, 3))> using load_stl
[DEBUG   ] [07/08/2024 13:22:07.750] [trimesh]: load_mesh executed in 0.0004 seconds.
[DEBUG   ] [07/08/2024 13:22:07.751] [trimesh]: loaded <trimesh.Trimesh(vertices.shape=(72, 3), faces.shape=(140, 3))> using load_stl
[DEBUG   ] [07/08/2024 13:22:07.751] [trimesh]: load_mesh executed in 0.0004 seconds.
[DEBUG   ] [07/08/2024 13:22:07.752] [trimesh]: loaded <trimesh.Trimesh(vertices.shape=(56, 3), faces.shape=(108, 3))> using load_stl
[DEBUG   ] [07/08/2024 13:22:07.752] [trimesh]: load_mesh executed in 0.0004 seconds.
[DEBUG   ] [07/08/2024 13:22:07.752] [trimesh]: loaded <trimesh.Trimesh(vertices.shape=(56, 3), faces.shape=(108, 3))> using load_stl
[DEBUG   ] [07/08/2024 13:22:07.752] [trimesh]: load_mesh executed in 0.0004 seconds.
[DEBUG   ] [07/08/2024 13:22:07.756] [trimesh]: loaded <trimesh.Trimesh(vertices.shape=(3274, 3), faces.shape=(6042, 3))> using load_stl
[DEBUG   ] [07/08/2024 13:22:07.756] [trimesh]: load_mesh executed in 0.0035 seconds.
[DEBUG   ] [07/08/2024 13:22:07.757] [trimesh]: loaded <trimesh.Trimesh(vertices.shape=(8, 3), faces.shape=(12, 3))> using load_stl
[DEBUG   ] [07/08/2024 13:22:07.757] [trimesh]: load_mesh executed in 0.0004 seconds.
[DEBUG   ] [07/08/2024 13:22:07.788] [wrist_pitch]: [Dynamixel ID:015] ping Succeeded. Dynamixel model : XM540-W270. Baud 115200
[DEBUG   ] [07/08/2024 13:22:07.791] [wrist_roll]: [Dynamixel ID:016] ping Succeeded. Dynamixel model : XM430-W350. Baud 115200
[DEBUG   ] [07/08/2024 13:22:07.794] [wrist_yaw]: [Dynamixel ID:013] ping Succeeded. Dynamixel model : XC430-W240. Baud 115200
[DEBUG   ] [07/08/2024 13:22:07.794] [base]: Fast motion turned off
[DEBUG   ] [07/08/2024 13:22:07.797] [stretch_gripper]: [Dynamixel ID:014] ping Succeeded. Dynamixel model : XL430-W250. Baud 115200
[DEBUG   ] [07/08/2024 13:22:07.802] [head_pan]: [Dynamixel ID:011] ping Succeeded. Dynamixel model : XC430-W240. Baud 115200
[DEBUG   ] [07/08/2024 13:22:07.817] [head_tilt]: [Dynamixel ID:012] ping Succeeded. Dynamixel model : XL430-W250. Baud 115200
[DEBUG   ] [07/08/2024 13:22:08.218] [eoa_wrist_dw3_tool_sg3]: Dynamixel X sync read txRxPacket failed with error code = -3001
[DEBUG   ] [07/08/2024 13:22:08.283] [eoa_wrist_dw3_tool_sg3]: Dynamixel X sync read txRxPacket failed with error code = -3002
[DEBUG   ] [07/08/2024 13:22:08.999] [robot]: ---- Shutting down robot ----
[DEBUG   ] [07/08/2024 13:22:08.999] [filelock]: Attempting to release lock 131043991939744 on /tmp/stretch_body_robot_pid.txt.lock
[DEBUG   ] [07/08/2024 13:22:09.000] [filelock]: Lock 131043991939744 released on /tmp/stretch_body_robot_pid.txt.lock
[DEBUG   ] [07/08/2024 13:22:09.006] [robot]: Shutting down NonDXLStatusThread
[DEBUG   ] [07/08/2024 13:22:09.019] [robot]: Shutting down DXLHeadStatusThread
[DEBUG   ] [07/08/2024 13:22:09.026] [robot]: Shutting down DXLEndOfArmStatusThread
[DEBUG   ] [07/08/2024 13:22:09.092] [robot]: Shutting down SystemMonitorThread
[DEBUG   ] [07/08/2024 13:22:09.092] [robot]: Shutting down pimu
[DEBUG   ] [07/08/2024 13:22:09.094] [pimu]: Shutting down TransportConnection on: /dev/hello-pimu
[DEBUG   ] [07/08/2024 13:22:09.132] [robot]: Shutting down base
[DEBUG   ] [07/08/2024 13:22:09.134] [hello-motor-left-wheel]: Shutting down Stepper on: /dev/hello-motor-left-wheel
[DEBUG   ] [07/08/2024 13:22:09.237] [hello-motor-left-wheel]: Shutting down TransportConnection on: /dev/hello-motor-left-wheel
[DEBUG   ] [07/08/2024 13:22:09.272] [hello-motor-right-wheel]: Shutting down Stepper on: /dev/hello-motor-right-wheel
[DEBUG   ] [07/08/2024 13:22:09.375] [hello-motor-right-wheel]: Shutting down TransportConnection on: /dev/hello-motor-right-wheel
[DEBUG   ] [07/08/2024 13:22:09.411] [robot]: Shutting down lift
[DEBUG   ] [07/08/2024 13:22:09.412] [hello-motor-lift]: Shutting down Stepper on: /dev/hello-motor-lift
[DEBUG   ] [07/08/2024 13:22:09.516] [hello-motor-lift]: Shutting down TransportConnection on: /dev/hello-motor-lift
[DEBUG   ] [07/08/2024 13:22:09.518] [robot]: Shutting down arm
[DEBUG   ] [07/08/2024 13:22:09.519] [hello-motor-arm]: Shutting down Stepper on: /dev/hello-motor-arm
[DEBUG   ] [07/08/2024 13:22:09.622] [hello-motor-arm]: Shutting down TransportConnection on: /dev/hello-motor-arm
[DEBUG   ] [07/08/2024 13:22:09.657] [robot]: Shutting down head
[DEBUG   ] [07/08/2024 13:22:09.663] [robot]: Shutting down wacc
[DEBUG   ] [07/08/2024 13:22:09.663] [wacc]: Shutting down TransportConnection on: /dev/hello-wacc
[DEBUG   ] [07/08/2024 13:22:09.700] [robot]: Shutting down end_of_arm
[DEBUG   ] [07/08/2024 13:22:09.768] [robot]: ---- Shutdown complete ----
