[DEBUG   ] [07/08/2024 13:38:20.821] [filelock]: Attempting to acquire lock 137618202487360 on /tmp/stretch_body_robot_pid.txt.lock
[DEBUG   ] [07/08/2024 13:38:20.821] [filelock]: Lock 137618202487360 acquired on /tmp/stretch_body_robot_pid.txt.lock
[DEBUG   ] [07/08/2024 13:38:20.835] [robot]: Starting up Robot stretch-se3-3014 of batch questlove
[DEBUG   ] [07/08/2024 13:38:20.835] [pimu]: Starting TransportConnection on: /dev/hello-pimu
[DEBUG   ] [07/08/2024 13:38:20.846] [hello-motor-left-wheel]: Starting TransportConnection on: /dev/hello-motor-left-wheel
[DEBUG   ] [07/08/2024 13:38:20.862] [hello-motor-right-wheel]: Starting TransportConnection on: /dev/hello-motor-right-wheel
[DEBUG   ] [07/08/2024 13:38:20.878] [hello-motor-lift]: Starting TransportConnection on: /dev/hello-motor-lift
[DEBUG   ] [07/08/2024 13:38:20.897] [hello-motor-arm]: Starting TransportConnection on: /dev/hello-motor-arm
[DEBUG   ] [07/08/2024 13:38:20.931] [head_pan]: [Dynamixel ID:011] ping Succeeded. Dynamixel model : XC430-W240. Baud 115200
[DEBUG   ] [07/08/2024 13:38:21.021] [head_tilt]: [Dynamixel ID:012] ping Succeeded. Dynamixel model : XL430-W250. Baud 115200
[DEBUG   ] [07/08/2024 13:38:21.118] [wacc]: Starting TransportConnection on: /dev/hello-wacc
[DEBUG   ] [07/08/2024 13:38:21.143] [wrist_pitch]: [Dynamixel ID:015] ping Succeeded. Dynamixel model : XM540-W270. Baud 115200
[DEBUG   ] [07/08/2024 13:38:21.263] [wrist_roll]: [Dynamixel ID:016] ping Succeeded. Dynamixel model : XM430-W350. Baud 115200
[DEBUG   ] [07/08/2024 13:38:21.360] [wrist_yaw]: [Dynamixel ID:013] ping Succeeded. Dynamixel model : XC430-W240. Baud 115200
[DEBUG   ] [07/08/2024 13:38:21.453] [stretch_gripper]: [Dynamixel ID:014] ping Succeeded. Dynamixel model : XL430-W250. Baud 115200
[DEBUG   ] [07/08/2024 13:38:21.582] [trimesh]: loaded <trimesh.Trimesh(vertices.shape=(17669, 3), faces.shape=(31052, 3))> using load_stl
[DEBUG   ] [07/08/2024 13:38:21.582] [trimesh]: load_mesh executed in 0.0240 seconds.
[DEBUG   ] [07/08/2024 13:38:21.583] [trimesh]: loaded <trimesh.Trimesh(vertices.shape=(8, 3), faces.shape=(12, 3))> using load_stl
[DEBUG   ] [07/08/2024 13:38:21.583] [trimesh]: load_mesh executed in 0.0006 seconds.
[DEBUG   ] [07/08/2024 13:38:21.583] [trimesh]: loaded <trimesh.Trimesh(vertices.shape=(8, 3), faces.shape=(12, 3))> using load_stl
[DEBUG   ] [07/08/2024 13:38:21.583] [trimesh]: load_mesh executed in 0.0003 seconds.
[DEBUG   ] [07/08/2024 13:38:21.584] [trimesh]: loaded <trimesh.Trimesh(vertices.shape=(8, 3), faces.shape=(12, 3))> using load_stl
[DEBUG   ] [07/08/2024 13:38:21.584] [trimesh]: load_mesh executed in 0.0003 seconds.
[DEBUG   ] [07/08/2024 13:38:21.592] [trimesh]: loaded <trimesh.Trimesh(vertices.shape=(6712, 3), faces.shape=(12741, 3))> using load_stl
[DEBUG   ] [07/08/2024 13:38:21.592] [trimesh]: load_mesh executed in 0.0079 seconds.
[DEBUG   ] [07/08/2024 13:38:21.593] [trimesh]: loaded <trimesh.Trimesh(vertices.shape=(8, 3), faces.shape=(12, 3))> using load_stl
[DEBUG   ] [07/08/2024 13:38:21.593] [trimesh]: load_mesh executed in 0.0004 seconds.
[DEBUG   ] [07/08/2024 13:38:21.601] [trimesh]: loaded <trimesh.Trimesh(vertices.shape=(6712, 3), faces.shape=(12741, 3))> using load_stl
[DEBUG   ] [07/08/2024 13:38:21.601] [trimesh]: load_mesh executed in 0.0075 seconds.
[DEBUG   ] [07/08/2024 13:38:21.601] [trimesh]: loaded <trimesh.Trimesh(vertices.shape=(8, 3), faces.shape=(12, 3))> using load_stl
[DEBUG   ] [07/08/2024 13:38:21.601] [trimesh]: load_mesh executed in 0.0004 seconds.
[DEBUG   ] [07/08/2024 13:38:21.643] [trimesh]: loaded <trimesh.Trimesh(vertices.shape=(27344, 3), faces.shape=(54720, 3))> using load_stl
[DEBUG   ] [07/08/2024 13:38:21.643] [trimesh]: load_mesh executed in 0.0414 seconds.
[DEBUG   ] [07/08/2024 13:38:21.644] [trimesh]: loaded <trimesh.Trimesh(vertices.shape=(32, 3), faces.shape=(60, 3))> using load_stl
[DEBUG   ] [07/08/2024 13:38:21.644] [trimesh]: load_mesh executed in 0.0005 seconds.
[DEBUG   ] [07/08/2024 13:38:21.645] [trimesh]: loaded <trimesh.Trimesh(vertices.shape=(8, 3), faces.shape=(12, 3))> using load_stl
[DEBUG   ] [07/08/2024 13:38:21.645] [trimesh]: load_mesh executed in 0.0004 seconds.
[DEBUG   ] [07/08/2024 13:38:21.654] [trimesh]: loaded <trimesh.Trimesh(vertices.shape=(7871, 3), faces.shape=(15812, 3))> using load_stl
[DEBUG   ] [07/08/2024 13:38:21.654] [trimesh]: load_mesh executed in 0.0092 seconds.
[DEBUG   ] [07/08/2024 13:38:21.655] [trimesh]: loaded <trimesh.Trimesh(vertices.shape=(8, 3), faces.shape=(12, 3))> using load_stl
[DEBUG   ] [07/08/2024 13:38:21.655] [trimesh]: load_mesh executed in 0.0004 seconds.
[DEBUG   ] [07/08/2024 13:38:21.657] [trimesh]: loaded <trimesh.Trimesh(vertices.shape=(1102, 3), faces.shape=(2268, 3))> using load_stl
[DEBUG   ] [07/08/2024 13:38:21.657] [trimesh]: load_mesh executed in 0.0015 seconds.
[DEBUG   ] [07/08/2024 13:38:21.657] [trimesh]: loaded <trimesh.Trimesh(vertices.shape=(8, 3), faces.shape=(12, 3))> using load_stl
[DEBUG   ] [07/08/2024 13:38:21.657] [trimesh]: load_mesh executed in 0.0004 seconds.
[DEBUG   ] [07/08/2024 13:38:21.659] [trimesh]: loaded <trimesh.Trimesh(vertices.shape=(1176, 3), faces.shape=(2416, 3))> using load_stl
[DEBUG   ] [07/08/2024 13:38:21.659] [trimesh]: load_mesh executed in 0.0015 seconds.
[DEBUG   ] [07/08/2024 13:38:21.660] [trimesh]: loaded <trimesh.Trimesh(vertices.shape=(8, 3), faces.shape=(12, 3))> using load_stl
[DEBUG   ] [07/08/2024 13:38:21.660] [trimesh]: load_mesh executed in 0.0004 seconds.
[DEBUG   ] [07/08/2024 13:38:21.661] [trimesh]: loaded <trimesh.Trimesh(vertices.shape=(1176, 3), faces.shape=(2416, 3))> using load_stl
[DEBUG   ] [07/08/2024 13:38:21.661] [trimesh]: load_mesh executed in 0.0015 seconds.
[DEBUG   ] [07/08/2024 13:38:21.662] [trimesh]: loaded <trimesh.Trimesh(vertices.shape=(8, 3), faces.shape=(12, 3))> using load_stl
[DEBUG   ] [07/08/2024 13:38:21.662] [trimesh]: load_mesh executed in 0.0003 seconds.
[DEBUG   ] [07/08/2024 13:38:21.664] [trimesh]: loaded <trimesh.Trimesh(vertices.shape=(1204, 3), faces.shape=(2472, 3))> using load_stl
[DEBUG   ] [07/08/2024 13:38:21.664] [trimesh]: load_mesh executed in 0.0015 seconds.
[DEBUG   ] [07/08/2024 13:38:21.664] [trimesh]: loaded <trimesh.Trimesh(vertices.shape=(8, 3), faces.shape=(12, 3))> using load_stl
[DEBUG   ] [07/08/2024 13:38:21.664] [trimesh]: load_mesh executed in 0.0003 seconds.
[DEBUG   ] [07/08/2024 13:38:21.670] [trimesh]: loaded <trimesh.Trimesh(vertices.shape=(4271, 3), faces.shape=(8838, 3))> using load_stl
[DEBUG   ] [07/08/2024 13:38:21.670] [trimesh]: load_mesh executed in 0.0049 seconds.
[DEBUG   ] [07/08/2024 13:38:21.670] [trimesh]: loaded <trimesh.Trimesh(vertices.shape=(8, 3), faces.shape=(12, 3))> using load_stl
[DEBUG   ] [07/08/2024 13:38:21.670] [trimesh]: load_mesh executed in 0.0004 seconds.
[DEBUG   ] [07/08/2024 13:38:21.672] [trimesh]: loaded <trimesh.Trimesh(vertices.shape=(1433, 3), faces.shape=(2870, 3))> using load_stl
[DEBUG   ] [07/08/2024 13:38:21.672] [trimesh]: load_mesh executed in 0.0017 seconds.
[DEBUG   ] [07/08/2024 13:38:21.673] [trimesh]: face_normals didn't match triangles, ignoring!
[DEBUG   ] [07/08/2024 13:38:21.673] [trimesh]: loaded <trimesh.Trimesh(vertices.shape=(8, 3), faces.shape=(12, 3))> using load_stl
[DEBUG   ] [07/08/2024 13:38:21.673] [trimesh]: load_mesh executed in 0.0004 seconds.
[DEBUG   ] [07/08/2024 13:38:21.682] [trimesh]: loaded <trimesh.Trimesh(vertices.shape=(7551, 3), faces.shape=(15334, 3))> using load_stl
[DEBUG   ] [07/08/2024 13:38:21.682] [trimesh]: load_mesh executed in 0.0091 seconds.
[DEBUG   ] [07/08/2024 13:38:21.683] [trimesh]: loaded <trimesh.Trimesh(vertices.shape=(8, 3), faces.shape=(12, 3))> using load_stl
[DEBUG   ] [07/08/2024 13:38:21.683] [trimesh]: load_mesh executed in 0.0004 seconds.
[DEBUG   ] [07/08/2024 13:38:21.687] [trimesh]: loaded <trimesh.Trimesh(vertices.shape=(3017, 3), faces.shape=(6118, 3))> using load_stl
[DEBUG   ] [07/08/2024 13:38:21.687] [trimesh]: load_mesh executed in 0.0034 seconds.
[DEBUG   ] [07/08/2024 13:38:21.687] [trimesh]: loaded <trimesh.Trimesh(vertices.shape=(8, 3), faces.shape=(12, 3))> using load_stl
[DEBUG   ] [07/08/2024 13:38:21.687] [trimesh]: load_mesh executed in 0.0004 seconds.
[DEBUG   ] [07/08/2024 13:38:21.700] [trimesh]: loaded <trimesh.Trimesh(vertices.shape=(9941, 3), faces.shape=(20078, 3))> using load_stl
[DEBUG   ] [07/08/2024 13:38:21.700] [trimesh]: load_mesh executed in 0.0128 seconds.
[DEBUG   ] [07/08/2024 13:38:21.701] [trimesh]: loaded <trimesh.Trimesh(vertices.shape=(8, 3), faces.shape=(12, 3))> using load_stl
[DEBUG   ] [07/08/2024 13:38:21.701] [trimesh]: load_mesh executed in 0.0005 seconds.
[DEBUG   ] [07/08/2024 13:38:21.702] [trimesh]: loaded <trimesh.Trimesh(vertices.shape=(40, 3), faces.shape=(76, 3))> using load_stl
[DEBUG   ] [07/08/2024 13:38:21.702] [trimesh]: load_mesh executed in 0.0004 seconds.
[DEBUG   ] [07/08/2024 13:38:21.702] [trimesh]: loaded <trimesh.Trimesh(vertices.shape=(40, 3), faces.shape=(76, 3))> using load_stl
[DEBUG   ] [07/08/2024 13:38:21.702] [trimesh]: load_mesh executed in 0.0004 seconds.
[DEBUG   ] [07/08/2024 13:38:21.703] [trimesh]: loaded <trimesh.Trimesh(vertices.shape=(40, 3), faces.shape=(76, 3))> using load_stl
[DEBUG   ] [07/08/2024 13:38:21.703] [trimesh]: load_mesh executed in 0.0003 seconds.
[DEBUG   ] [07/08/2024 13:38:21.704] [trimesh]: loaded <trimesh.Trimesh(vertices.shape=(40, 3), faces.shape=(76, 3))> using load_stl
[DEBUG   ] [07/08/2024 13:38:21.704] [trimesh]: load_mesh executed in 0.0004 seconds.
[DEBUG   ] [07/08/2024 13:38:21.704] [trimesh]: loaded <trimesh.Trimesh(vertices.shape=(40, 3), faces.shape=(76, 3))> using load_stl
[DEBUG   ] [07/08/2024 13:38:21.704] [trimesh]: load_mesh executed in 0.0004 seconds.
[DEBUG   ] [07/08/2024 13:38:21.705] [trimesh]: loaded <trimesh.Trimesh(vertices.shape=(40, 3), faces.shape=(76, 3))> using load_stl
[DEBUG   ] [07/08/2024 13:38:21.705] [trimesh]: load_mesh executed in 0.0004 seconds.
[DEBUG   ] [07/08/2024 13:38:21.705] [trimesh]: loaded <trimesh.Trimesh(vertices.shape=(40, 3), faces.shape=(76, 3))> using load_stl
[DEBUG   ] [07/08/2024 13:38:21.705] [trimesh]: load_mesh executed in 0.0003 seconds.
[DEBUG   ] [07/08/2024 13:38:21.706] [trimesh]: loaded <trimesh.Trimesh(vertices.shape=(40, 3), faces.shape=(76, 3))> using load_stl
[DEBUG   ] [07/08/2024 13:38:21.706] [trimesh]: load_mesh executed in 0.0004 seconds.
[DEBUG   ] [07/08/2024 13:38:21.707] [trimesh]: loaded <trimesh.Trimesh(vertices.shape=(40, 3), faces.shape=(76, 3))> using load_stl
[DEBUG   ] [07/08/2024 13:38:21.707] [trimesh]: load_mesh executed in 0.0004 seconds.
[DEBUG   ] [07/08/2024 13:38:21.707] [trimesh]: loaded <trimesh.Trimesh(vertices.shape=(40, 3), faces.shape=(76, 3))> using load_stl
[DEBUG   ] [07/08/2024 13:38:21.707] [trimesh]: load_mesh executed in 0.0004 seconds.
[DEBUG   ] [07/08/2024 13:38:21.994] [trimesh]: loaded <trimesh.Scene(len(geometry)=18)> using load_collada
[DEBUG   ] [07/08/2024 13:38:21.994] [trimesh]: load_mesh executed in 0.2861 seconds.
[DEBUG   ] [07/08/2024 13:38:21.994] [trimesh]: `nodes_geometry`: 9.55E-06s, `cache.verify`: 1.42E-06s
[DEBUG   ] [07/08/2024 13:38:21.994] [trimesh]: apply_transform passed identity matrix
[DEBUG   ] [07/08/2024 13:38:21.994] [trimesh]: apply_transform passed identity matrix
[DEBUG   ] [07/08/2024 13:38:21.994] [trimesh]: apply_transform passed identity matrix
[DEBUG   ] [07/08/2024 13:38:21.994] [trimesh]: apply_transform passed identity matrix
[DEBUG   ] [07/08/2024 13:38:21.994] [trimesh]: apply_transform passed identity matrix
[DEBUG   ] [07/08/2024 13:38:21.995] [trimesh]: apply_transform passed identity matrix
[DEBUG   ] [07/08/2024 13:38:21.995] [trimesh]: apply_transform passed identity matrix
[DEBUG   ] [07/08/2024 13:38:21.995] [trimesh]: apply_transform passed identity matrix
[DEBUG   ] [07/08/2024 13:38:21.995] [trimesh]: apply_transform passed identity matrix
[DEBUG   ] [07/08/2024 13:38:21.995] [trimesh]: apply_transform passed identity matrix
[DEBUG   ] [07/08/2024 13:38:21.995] [trimesh]: apply_transform passed identity matrix
[DEBUG   ] [07/08/2024 13:38:21.995] [trimesh]: apply_transform passed identity matrix
[DEBUG   ] [07/08/2024 13:38:21.998] [trimesh]: apply_transform passed identity matrix
[DEBUG   ] [07/08/2024 13:38:21.998] [trimesh]: apply_transform passed identity matrix
[DEBUG   ] [07/08/2024 13:38:21.998] [trimesh]: apply_transform passed identity matrix
[DEBUG   ] [07/08/2024 13:38:21.998] [trimesh]: apply_transform passed identity matrix
[DEBUG   ] [07/08/2024 13:38:21.998] [trimesh]: apply_transform passed identity matrix
[DEBUG   ] [07/08/2024 13:38:21.998] [trimesh]: apply_transform passed identity matrix
[DEBUG   ] [07/08/2024 13:38:21.999] [trimesh]: face_normals didn't match triangles, ignoring!
[DEBUG   ] [07/08/2024 13:38:22.000] [trimesh]: loaded <trimesh.Trimesh(vertices.shape=(344, 3), faces.shape=(684, 3))> using load_stl
[DEBUG   ] [07/08/2024 13:38:22.000] [trimesh]: load_mesh executed in 0.0008 seconds.
[DEBUG   ] [07/08/2024 13:38:22.000] [trimesh]: loaded <trimesh.Trimesh(vertices.shape=(8, 3), faces.shape=(12, 3))> using load_stl
[DEBUG   ] [07/08/2024 13:38:22.000] [trimesh]: load_mesh executed in 0.0004 seconds.
[DEBUG   ] [07/08/2024 13:38:22.002] [trimesh]: loaded <trimesh.Trimesh(vertices.shape=(430, 3), faces.shape=(896, 3))> using load_stl
[DEBUG   ] [07/08/2024 13:38:22.002] [trimesh]: load_mesh executed in 0.0007 seconds.
[DEBUG   ] [07/08/2024 13:38:22.002] [trimesh]: loaded <trimesh.Trimesh(vertices.shape=(430, 3), faces.shape=(896, 3))> using load_stl
[DEBUG   ] [07/08/2024 13:38:22.002] [trimesh]: load_mesh executed in 0.0007 seconds.
[DEBUG   ] [07/08/2024 13:38:22.004] [trimesh]: loaded <trimesh.Trimesh(vertices.shape=(1130, 3), faces.shape=(2292, 3))> using load_stl
[DEBUG   ] [07/08/2024 13:38:22.004] [trimesh]: load_mesh executed in 0.0015 seconds.
[DEBUG   ] [07/08/2024 13:38:22.006] [trimesh]: loaded <trimesh.Trimesh(vertices.shape=(1130, 3), faces.shape=(2292, 3))> using load_stl
[DEBUG   ] [07/08/2024 13:38:22.006] [trimesh]: load_mesh executed in 0.0015 seconds.
[DEBUG   ] [07/08/2024 13:38:22.009] [trimesh]: loaded <trimesh.Trimesh(vertices.shape=(1847, 3), faces.shape=(3729, 3))> using load_stl
[DEBUG   ] [07/08/2024 13:38:22.009] [trimesh]: load_mesh executed in 0.0022 seconds.
[DEBUG   ] [07/08/2024 13:38:22.009] [trimesh]: loaded <trimesh.Trimesh(vertices.shape=(8, 3), faces.shape=(12, 3))> using load_stl
[DEBUG   ] [07/08/2024 13:38:22.009] [trimesh]: load_mesh executed in 0.0003 seconds.
[DEBUG   ] [07/08/2024 13:38:22.011] [trimesh]: loaded <trimesh.Trimesh(vertices.shape=(1433, 3), faces.shape=(2842, 3))> using load_stl
[DEBUG   ] [07/08/2024 13:38:22.011] [trimesh]: load_mesh executed in 0.0017 seconds.
[DEBUG   ] [07/08/2024 13:38:22.012] [trimesh]: loaded <trimesh.Trimesh(vertices.shape=(8, 3), faces.shape=(12, 3))> using load_stl
[DEBUG   ] [07/08/2024 13:38:22.012] [trimesh]: load_mesh executed in 0.0003 seconds.
[DEBUG   ] [07/08/2024 13:38:22.013] [trimesh]: loaded <trimesh.Trimesh(vertices.shape=(381, 3), faces.shape=(758, 3))> using load_stl
[DEBUG   ] [07/08/2024 13:38:22.013] [trimesh]: load_mesh executed in 0.0007 seconds.
[DEBUG   ] [07/08/2024 13:38:22.013] [trimesh]: loaded <trimesh.Trimesh(vertices.shape=(8, 3), faces.shape=(12, 3))> using load_stl
[DEBUG   ] [07/08/2024 13:38:22.013] [trimesh]: load_mesh executed in 0.0003 seconds.
[DEBUG   ] [07/08/2024 13:38:22.028] [trimesh]: loaded <trimesh.Trimesh(vertices.shape=(14545, 3), faces.shape=(24513, 3))> using load_stl
[DEBUG   ] [07/08/2024 13:38:22.028] [trimesh]: load_mesh executed in 0.0148 seconds.
[DEBUG   ] [07/08/2024 13:38:22.029] [trimesh]: loaded <trimesh.Trimesh(vertices.shape=(46, 3), faces.shape=(88, 3))> using load_stl
[DEBUG   ] [07/08/2024 13:38:22.029] [trimesh]: load_mesh executed in 0.0005 seconds.
[DEBUG   ] [07/08/2024 13:38:22.030] [trimesh]: face_normals didn't match triangles, ignoring!
[DEBUG   ] [07/08/2024 13:38:22.030] [trimesh]: loaded <trimesh.Trimesh(vertices.shape=(582, 3), faces.shape=(1164, 3))> using load_stl
[DEBUG   ] [07/08/2024 13:38:22.030] [trimesh]: load_mesh executed in 0.0009 seconds.
[DEBUG   ] [07/08/2024 13:38:22.031] [trimesh]: loaded <trimesh.Trimesh(vertices.shape=(8, 3), faces.shape=(12, 3))> using load_stl
[DEBUG   ] [07/08/2024 13:38:22.031] [trimesh]: load_mesh executed in 0.0004 seconds.
[DEBUG   ] [07/08/2024 13:38:22.033] [trimesh]: loaded <trimesh.Trimesh(vertices.shape=(1256, 3), faces.shape=(2508, 3))> using load_stl
[DEBUG   ] [07/08/2024 13:38:22.033] [trimesh]: load_mesh executed in 0.0016 seconds.
[DEBUG   ] [07/08/2024 13:38:22.033] [trimesh]: loaded <trimesh.Trimesh(vertices.shape=(8, 3), faces.shape=(12, 3))> using load_stl
[DEBUG   ] [07/08/2024 13:38:22.033] [trimesh]: load_mesh executed in 0.0004 seconds.
[DEBUG   ] [07/08/2024 13:38:22.034] [trimesh]: loaded <trimesh.Trimesh(vertices.shape=(72, 3), faces.shape=(140, 3))> using load_stl
[DEBUG   ] [07/08/2024 13:38:22.034] [trimesh]: load_mesh executed in 0.0004 seconds.
[DEBUG   ] [07/08/2024 13:38:22.035] [trimesh]: loaded <trimesh.Trimesh(vertices.shape=(72, 3), faces.shape=(140, 3))> using load_stl
[DEBUG   ] [07/08/2024 13:38:22.035] [trimesh]: load_mesh executed in 0.0004 seconds.
[DEBUG   ] [07/08/2024 13:38:22.035] [trimesh]: face_normals didn't match triangles, ignoring!
[DEBUG   ] [07/08/2024 13:38:22.036] [trimesh]: loaded <trimesh.Trimesh(vertices.shape=(577, 3), faces.shape=(1154, 3))> using load_stl
[DEBUG   ] [07/08/2024 13:38:22.036] [trimesh]: load_mesh executed in 0.0009 seconds.
[DEBUG   ] [07/08/2024 13:38:22.036] [trimesh]: loaded <trimesh.Trimesh(vertices.shape=(8, 3), faces.shape=(12, 3))> using load_stl
[DEBUG   ] [07/08/2024 13:38:22.036] [trimesh]: load_mesh executed in 0.0003 seconds.
[DEBUG   ] [07/08/2024 13:38:22.038] [trimesh]: loaded <trimesh.Trimesh(vertices.shape=(1256, 3), faces.shape=(2508, 3))> using load_stl
[DEBUG   ] [07/08/2024 13:38:22.038] [trimesh]: load_mesh executed in 0.0015 seconds.
[DEBUG   ] [07/08/2024 13:38:22.039] [trimesh]: loaded <trimesh.Trimesh(vertices.shape=(8, 3), faces.shape=(12, 3))> using load_stl
[DEBUG   ] [07/08/2024 13:38:22.039] [trimesh]: load_mesh executed in 0.0004 seconds.
[DEBUG   ] [07/08/2024 13:38:22.039] [trimesh]: loaded <trimesh.Trimesh(vertices.shape=(72, 3), faces.shape=(140, 3))> using load_stl
[DEBUG   ] [07/08/2024 13:38:22.040] [trimesh]: load_mesh executed in 0.0004 seconds.
[DEBUG   ] [07/08/2024 13:38:22.040] [trimesh]: loaded <trimesh.Trimesh(vertices.shape=(72, 3), faces.shape=(140, 3))> using load_stl
[DEBUG   ] [07/08/2024 13:38:22.040] [trimesh]: load_mesh executed in 0.0004 seconds.
[DEBUG   ] [07/08/2024 13:38:22.041] [trimesh]: loaded <trimesh.Trimesh(vertices.shape=(56, 3), faces.shape=(108, 3))> using load_stl
[DEBUG   ] [07/08/2024 13:38:22.041] [trimesh]: load_mesh executed in 0.0004 seconds.
[DEBUG   ] [07/08/2024 13:38:22.041] [trimesh]: loaded <trimesh.Trimesh(vertices.shape=(56, 3), faces.shape=(108, 3))> using load_stl
[DEBUG   ] [07/08/2024 13:38:22.041] [trimesh]: load_mesh executed in 0.0004 seconds.
[DEBUG   ] [07/08/2024 13:38:22.045] [trimesh]: loaded <trimesh.Trimesh(vertices.shape=(3274, 3), faces.shape=(6042, 3))> using load_stl
[DEBUG   ] [07/08/2024 13:38:22.045] [trimesh]: load_mesh executed in 0.0034 seconds.
[DEBUG   ] [07/08/2024 13:38:22.046] [trimesh]: loaded <trimesh.Trimesh(vertices.shape=(8, 3), faces.shape=(12, 3))> using load_stl
[DEBUG   ] [07/08/2024 13:38:22.046] [trimesh]: load_mesh executed in 0.0003 seconds.
[DEBUG   ] [07/08/2024 13:38:22.076] [wrist_pitch]: [Dynamixel ID:015] ping Succeeded. Dynamixel model : XM540-W270. Baud 115200
[DEBUG   ] [07/08/2024 13:38:22.079] [wrist_roll]: [Dynamixel ID:016] ping Succeeded. Dynamixel model : XM430-W350. Baud 115200
[DEBUG   ] [07/08/2024 13:38:22.082] [wrist_yaw]: [Dynamixel ID:013] ping Succeeded. Dynamixel model : XC430-W240. Baud 115200
[DEBUG   ] [07/08/2024 13:38:22.083] [base]: Fast motion turned off
[DEBUG   ] [07/08/2024 13:38:22.085] [stretch_gripper]: [Dynamixel ID:014] ping Succeeded. Dynamixel model : XL430-W250. Baud 115200
[DEBUG   ] [07/08/2024 13:38:22.091] [head_pan]: [Dynamixel ID:011] ping Succeeded. Dynamixel model : XC430-W240. Baud 115200
[DEBUG   ] [07/08/2024 13:38:22.099] [head_tilt]: [Dynamixel ID:012] ping Succeeded. Dynamixel model : XL430-W250. Baud 115200
[DEBUG   ] [07/08/2024 13:38:23.258] [robot]: ---- Shutting down robot ----
[DEBUG   ] [07/08/2024 13:38:23.258] [filelock]: Attempting to release lock 137618202487360 on /tmp/stretch_body_robot_pid.txt.lock
[DEBUG   ] [07/08/2024 13:38:23.258] [filelock]: Lock 137618202487360 released on /tmp/stretch_body_robot_pid.txt.lock
[DEBUG   ] [07/08/2024 13:38:23.278] [robot]: Shutting down NonDXLStatusThread
[DEBUG   ] [07/08/2024 13:38:23.281] [robot]: Shutting down DXLHeadStatusThread
[DEBUG   ] [07/08/2024 13:38:23.284] [robot]: Shutting down DXLEndOfArmStatusThread
[DEBUG   ] [07/08/2024 13:38:23.295] [robot]: Shutting down SystemMonitorThread
[DEBUG   ] [07/08/2024 13:38:23.296] [robot]: Shutting down pimu
[DEBUG   ] [07/08/2024 13:38:23.297] [pimu]: Shutting down TransportConnection on: /dev/hello-pimu
[DEBUG   ] [07/08/2024 13:38:23.333] [robot]: Shutting down base
[DEBUG   ] [07/08/2024 13:38:23.334] [hello-motor-left-wheel]: Shutting down Stepper on: /dev/hello-motor-left-wheel
[DEBUG   ] [07/08/2024 13:38:23.438] [hello-motor-left-wheel]: Shutting down TransportConnection on: /dev/hello-motor-left-wheel
[DEBUG   ] [07/08/2024 13:38:23.473] [hello-motor-right-wheel]: Shutting down Stepper on: /dev/hello-motor-right-wheel
[DEBUG   ] [07/08/2024 13:38:23.575] [hello-motor-right-wheel]: Shutting down TransportConnection on: /dev/hello-motor-right-wheel
[DEBUG   ] [07/08/2024 13:38:23.611] [robot]: Shutting down lift
[DEBUG   ] [07/08/2024 13:38:23.612] [hello-motor-lift]: Shutting down Stepper on: /dev/hello-motor-lift
[DEBUG   ] [07/08/2024 13:38:23.716] [hello-motor-lift]: Shutting down TransportConnection on: /dev/hello-motor-lift
[DEBUG   ] [07/08/2024 13:38:23.718] [robot]: Shutting down arm
[DEBUG   ] [07/08/2024 13:38:23.719] [hello-motor-arm]: Shutting down Stepper on: /dev/hello-motor-arm
[DEBUG   ] [07/08/2024 13:38:23.822] [hello-motor-arm]: Shutting down TransportConnection on: /dev/hello-motor-arm
[DEBUG   ] [07/08/2024 13:38:23.857] [robot]: Shutting down head
[DEBUG   ] [07/08/2024 13:38:23.864] [robot]: Shutting down wacc
[DEBUG   ] [07/08/2024 13:38:23.864] [wacc]: Shutting down TransportConnection on: /dev/hello-wacc
[DEBUG   ] [07/08/2024 13:38:23.899] [robot]: Shutting down end_of_arm
[DEBUG   ] [07/08/2024 13:38:23.965] [robot]: ---- Shutdown complete ----
