[DEBUG   ] [08/07/2024 09:20:37.118] [robot]: Starting up Robot stretch-se3-3014 of batch questlove
[DEBUG   ] [08/07/2024 09:20:37.118] [pimu]: Starting TransportConnection on: /dev/hello-pimu
[DEBUG   ] [08/07/2024 09:20:37.128] [hello-motor-left-wheel]: Starting TransportConnection on: /dev/hello-motor-left-wheel
[DEBUG   ] [08/07/2024 09:20:37.144] [hello-motor-right-wheel]: Starting TransportConnection on: /dev/hello-motor-right-wheel
[DEBUG   ] [08/07/2024 09:20:37.160] [hello-motor-lift]: Starting TransportConnection on: /dev/hello-motor-lift
[DEBUG   ] [08/07/2024 09:20:37.178] [hello-motor-arm]: Starting TransportConnection on: /dev/hello-motor-arm
[DEBUG   ] [08/07/2024 09:20:37.208] [head_pan]: [Dynamixel ID:011] ping Succeeded. Dynamixel model : XC430-W240. Baud 115200
[DEBUG   ] [08/07/2024 09:20:37.296] [head_tilt]: [Dynamixel ID:012] ping Succeeded. Dynamixel model : XL430-W250. Baud 115200
[DEBUG   ] [08/07/2024 09:20:37.392] [wacc]: Starting TransportConnection on: /dev/hello-wacc
[DEBUG   ] [08/07/2024 09:20:37.440] [wrist_pitch]: [Dynamixel ID:015] ping Succeeded. Dynamixel model : XM540-W270. Baud 115200
[DEBUG   ] [08/07/2024 09:20:37.558] [wrist_roll]: [Dynamixel ID:016] ping Succeeded. Dynamixel model : XM430-W350. Baud 115200
[DEBUG   ] [08/07/2024 09:20:37.658] [wrist_yaw]: [Dynamixel ID:013] ping Succeeded. Dynamixel model : XC430-W240. Baud 115200
[DEBUG   ] [08/07/2024 09:20:37.746] [stretch_gripper]: [Dynamixel ID:014] ping Succeeded. Dynamixel model : XL430-W250. Baud 115200
[DEBUG   ] [08/07/2024 09:20:37.875] [trimesh]: loaded <trimesh.Trimesh(vertices.shape=(17669, 3), faces.shape=(31052, 3))> using load_stl
[DEBUG   ] [08/07/2024 09:20:37.875] [trimesh]: load_mesh executed in 0.0240 seconds.
[DEBUG   ] [08/07/2024 09:20:37.876] [trimesh]: loaded <trimesh.Trimesh(vertices.shape=(8, 3), faces.shape=(12, 3))> using load_stl
[DEBUG   ] [08/07/2024 09:20:37.876] [trimesh]: load_mesh executed in 0.0005 seconds.
[DEBUG   ] [08/07/2024 09:20:37.876] [trimesh]: loaded <trimesh.Trimesh(vertices.shape=(8, 3), faces.shape=(12, 3))> using load_stl
[DEBUG   ] [08/07/2024 09:20:37.876] [trimesh]: load_mesh executed in 0.0004 seconds.
[DEBUG   ] [08/07/2024 09:20:37.877] [trimesh]: loaded <trimesh.Trimesh(vertices.shape=(8, 3), faces.shape=(12, 3))> using load_stl
[DEBUG   ] [08/07/2024 09:20:37.877] [trimesh]: load_mesh executed in 0.0003 seconds.
[DEBUG   ] [08/07/2024 09:20:37.886] [trimesh]: loaded <trimesh.Trimesh(vertices.shape=(6712, 3), faces.shape=(12741, 3))> using load_stl
[DEBUG   ] [08/07/2024 09:20:37.886] [trimesh]: load_mesh executed in 0.0082 seconds.
[DEBUG   ] [08/07/2024 09:20:37.886] [trimesh]: loaded <trimesh.Trimesh(vertices.shape=(8, 3), faces.shape=(12, 3))> using load_stl
[DEBUG   ] [08/07/2024 09:20:37.886] [trimesh]: load_mesh executed in 0.0004 seconds.
[DEBUG   ] [08/07/2024 09:20:37.894] [trimesh]: loaded <trimesh.Trimesh(vertices.shape=(6712, 3), faces.shape=(12741, 3))> using load_stl
[DEBUG   ] [08/07/2024 09:20:37.894] [trimesh]: load_mesh executed in 0.0077 seconds.
[DEBUG   ] [08/07/2024 09:20:37.895] [trimesh]: loaded <trimesh.Trimesh(vertices.shape=(8, 3), faces.shape=(12, 3))> using load_stl
[DEBUG   ] [08/07/2024 09:20:37.895] [trimesh]: load_mesh executed in 0.0004 seconds.
[DEBUG   ] [08/07/2024 09:20:37.937] [trimesh]: loaded <trimesh.Trimesh(vertices.shape=(27344, 3), faces.shape=(54720, 3))> using load_stl
[DEBUG   ] [08/07/2024 09:20:37.937] [trimesh]: load_mesh executed in 0.0420 seconds.
[DEBUG   ] [08/07/2024 09:20:37.938] [trimesh]: loaded <trimesh.Trimesh(vertices.shape=(32, 3), faces.shape=(60, 3))> using load_stl
[DEBUG   ] [08/07/2024 09:20:37.938] [trimesh]: load_mesh executed in 0.0005 seconds.
[DEBUG   ] [08/07/2024 09:20:37.939] [trimesh]: loaded <trimesh.Trimesh(vertices.shape=(8, 3), faces.shape=(12, 3))> using load_stl
[DEBUG   ] [08/07/2024 09:20:37.939] [trimesh]: load_mesh executed in 0.0004 seconds.
[DEBUG   ] [08/07/2024 09:20:37.948] [trimesh]: loaded <trimesh.Trimesh(vertices.shape=(7871, 3), faces.shape=(15812, 3))> using load_stl
[DEBUG   ] [08/07/2024 09:20:37.949] [trimesh]: load_mesh executed in 0.0095 seconds.
[DEBUG   ] [08/07/2024 09:20:37.949] [trimesh]: loaded <trimesh.Trimesh(vertices.shape=(8, 3), faces.shape=(12, 3))> using load_stl
[DEBUG   ] [08/07/2024 09:20:37.949] [trimesh]: load_mesh executed in 0.0004 seconds.
[DEBUG   ] [08/07/2024 09:20:37.951] [trimesh]: loaded <trimesh.Trimesh(vertices.shape=(1102, 3), faces.shape=(2268, 3))> using load_stl
[DEBUG   ] [08/07/2024 09:20:37.951] [trimesh]: load_mesh executed in 0.0015 seconds.
[DEBUG   ] [08/07/2024 09:20:37.952] [trimesh]: loaded <trimesh.Trimesh(vertices.shape=(8, 3), faces.shape=(12, 3))> using load_stl
[DEBUG   ] [08/07/2024 09:20:37.952] [trimesh]: load_mesh executed in 0.0004 seconds.
[DEBUG   ] [08/07/2024 09:20:37.953] [trimesh]: loaded <trimesh.Trimesh(vertices.shape=(1176, 3), faces.shape=(2416, 3))> using load_stl
[DEBUG   ] [08/07/2024 09:20:37.954] [trimesh]: load_mesh executed in 0.0016 seconds.
[DEBUG   ] [08/07/2024 09:20:37.954] [trimesh]: loaded <trimesh.Trimesh(vertices.shape=(8, 3), faces.shape=(12, 3))> using load_stl
[DEBUG   ] [08/07/2024 09:20:37.954] [trimesh]: load_mesh executed in 0.0004 seconds.
[DEBUG   ] [08/07/2024 09:20:37.956] [trimesh]: loaded <trimesh.Trimesh(vertices.shape=(1176, 3), faces.shape=(2416, 3))> using load_stl
[DEBUG   ] [08/07/2024 09:20:37.956] [trimesh]: load_mesh executed in 0.0015 seconds.
[DEBUG   ] [08/07/2024 09:20:37.956] [trimesh]: loaded <trimesh.Trimesh(vertices.shape=(8, 3), faces.shape=(12, 3))> using load_stl
[DEBUG   ] [08/07/2024 09:20:37.956] [trimesh]: load_mesh executed in 0.0004 seconds.
[DEBUG   ] [08/07/2024 09:20:37.958] [trimesh]: loaded <trimesh.Trimesh(vertices.shape=(1204, 3), faces.shape=(2472, 3))> using load_stl
[DEBUG   ] [08/07/2024 09:20:37.958] [trimesh]: load_mesh executed in 0.0016 seconds.
[DEBUG   ] [08/07/2024 09:20:37.959] [trimesh]: loaded <trimesh.Trimesh(vertices.shape=(8, 3), faces.shape=(12, 3))> using load_stl
[DEBUG   ] [08/07/2024 09:20:37.959] [trimesh]: load_mesh executed in 0.0003 seconds.
[DEBUG   ] [08/07/2024 09:20:37.964] [trimesh]: loaded <trimesh.Trimesh(vertices.shape=(4271, 3), faces.shape=(8838, 3))> using load_stl
[DEBUG   ] [08/07/2024 09:20:37.964] [trimesh]: load_mesh executed in 0.0050 seconds.
[DEBUG   ] [08/07/2024 09:20:37.965] [trimesh]: loaded <trimesh.Trimesh(vertices.shape=(8, 3), faces.shape=(12, 3))> using load_stl
[DEBUG   ] [08/07/2024 09:20:37.965] [trimesh]: load_mesh executed in 0.0004 seconds.
[DEBUG   ] [08/07/2024 09:20:37.967] [trimesh]: loaded <trimesh.Trimesh(vertices.shape=(1433, 3), faces.shape=(2870, 3))> using load_stl
[DEBUG   ] [08/07/2024 09:20:37.967] [trimesh]: load_mesh executed in 0.0018 seconds.
[DEBUG   ] [08/07/2024 09:20:37.967] [trimesh]: face_normals didn't match triangles, ignoring!
[DEBUG   ] [08/07/2024 09:20:37.967] [trimesh]: loaded <trimesh.Trimesh(vertices.shape=(8, 3), faces.shape=(12, 3))> using load_stl
[DEBUG   ] [08/07/2024 09:20:37.967] [trimesh]: load_mesh executed in 0.0004 seconds.
[DEBUG   ] [08/07/2024 09:20:37.977] [trimesh]: loaded <trimesh.Trimesh(vertices.shape=(7551, 3), faces.shape=(15334, 3))> using load_stl
[DEBUG   ] [08/07/2024 09:20:37.977] [trimesh]: load_mesh executed in 0.0095 seconds.
[DEBUG   ] [08/07/2024 09:20:37.978] [trimesh]: loaded <trimesh.Trimesh(vertices.shape=(8, 3), faces.shape=(12, 3))> using load_stl
[DEBUG   ] [08/07/2024 09:20:37.978] [trimesh]: load_mesh executed in 0.0004 seconds.
[DEBUG   ] [08/07/2024 09:20:37.982] [trimesh]: loaded <trimesh.Trimesh(vertices.shape=(3017, 3), faces.shape=(6118, 3))> using load_stl
[DEBUG   ] [08/07/2024 09:20:37.982] [trimesh]: load_mesh executed in 0.0036 seconds.
[DEBUG   ] [08/07/2024 09:20:37.982] [trimesh]: loaded <trimesh.Trimesh(vertices.shape=(8, 3), faces.shape=(12, 3))> using load_stl
[DEBUG   ] [08/07/2024 09:20:37.982] [trimesh]: load_mesh executed in 0.0004 seconds.
[DEBUG   ] [08/07/2024 09:20:37.996] [trimesh]: loaded <trimesh.Trimesh(vertices.shape=(9941, 3), faces.shape=(20078, 3))> using load_stl
[DEBUG   ] [08/07/2024 09:20:37.996] [trimesh]: load_mesh executed in 0.0131 seconds.
[DEBUG   ] [08/07/2024 09:20:37.996] [trimesh]: loaded <trimesh.Trimesh(vertices.shape=(8, 3), faces.shape=(12, 3))> using load_stl
[DEBUG   ] [08/07/2024 09:20:37.997] [trimesh]: load_mesh executed in 0.0005 seconds.
[DEBUG   ] [08/07/2024 09:20:37.997] [trimesh]: loaded <trimesh.Trimesh(vertices.shape=(40, 3), faces.shape=(76, 3))> using load_stl
[DEBUG   ] [08/07/2024 09:20:37.997] [trimesh]: load_mesh executed in 0.0004 seconds.
[DEBUG   ] [08/07/2024 09:20:37.998] [trimesh]: loaded <trimesh.Trimesh(vertices.shape=(40, 3), faces.shape=(76, 3))> using load_stl
[DEBUG   ] [08/07/2024 09:20:37.998] [trimesh]: load_mesh executed in 0.0004 seconds.
[DEBUG   ] [08/07/2024 09:20:37.999] [trimesh]: loaded <trimesh.Trimesh(vertices.shape=(40, 3), faces.shape=(76, 3))> using load_stl
[DEBUG   ] [08/07/2024 09:20:37.999] [trimesh]: load_mesh executed in 0.0004 seconds.
[DEBUG   ] [08/07/2024 09:20:37.999] [trimesh]: loaded <trimesh.Trimesh(vertices.shape=(40, 3), faces.shape=(76, 3))> using load_stl
[DEBUG   ] [08/07/2024 09:20:37.999] [trimesh]: load_mesh executed in 0.0003 seconds.
[DEBUG   ] [08/07/2024 09:20:38.000] [trimesh]: loaded <trimesh.Trimesh(vertices.shape=(40, 3), faces.shape=(76, 3))> using load_stl
[DEBUG   ] [08/07/2024 09:20:38.000] [trimesh]: load_mesh executed in 0.0004 seconds.
[DEBUG   ] [08/07/2024 09:20:38.000] [trimesh]: loaded <trimesh.Trimesh(vertices.shape=(40, 3), faces.shape=(76, 3))> using load_stl
[DEBUG   ] [08/07/2024 09:20:38.000] [trimesh]: load_mesh executed in 0.0004 seconds.
[DEBUG   ] [08/07/2024 09:20:38.001] [trimesh]: loaded <trimesh.Trimesh(vertices.shape=(40, 3), faces.shape=(76, 3))> using load_stl
[DEBUG   ] [08/07/2024 09:20:38.001] [trimesh]: load_mesh executed in 0.0004 seconds.
[DEBUG   ] [08/07/2024 09:20:38.001] [trimesh]: loaded <trimesh.Trimesh(vertices.shape=(40, 3), faces.shape=(76, 3))> using load_stl
[DEBUG   ] [08/07/2024 09:20:38.002] [trimesh]: load_mesh executed in 0.0004 seconds.
[DEBUG   ] [08/07/2024 09:20:38.002] [trimesh]: loaded <trimesh.Trimesh(vertices.shape=(40, 3), faces.shape=(76, 3))> using load_stl
[DEBUG   ] [08/07/2024 09:20:38.002] [trimesh]: load_mesh executed in 0.0004 seconds.
[DEBUG   ] [08/07/2024 09:20:38.003] [trimesh]: loaded <trimesh.Trimesh(vertices.shape=(40, 3), faces.shape=(76, 3))> using load_stl
[DEBUG   ] [08/07/2024 09:20:38.003] [trimesh]: load_mesh executed in 0.0003 seconds.
[DEBUG   ] [08/07/2024 09:20:38.289] [trimesh]: loaded <trimesh.Scene(len(geometry)=18)> using load_collada
[DEBUG   ] [08/07/2024 09:20:38.290] [trimesh]: load_mesh executed in 0.2865 seconds.
[DEBUG   ] [08/07/2024 09:20:38.290] [trimesh]: `nodes_geometry`: 7.81E-06s, `cache.verify`: 1.84E-06s
[DEBUG   ] [08/07/2024 09:20:38.290] [trimesh]: apply_transform passed identity matrix
[DEBUG   ] [08/07/2024 09:20:38.290] [trimesh]: apply_transform passed identity matrix
[DEBUG   ] [08/07/2024 09:20:38.290] [trimesh]: apply_transform passed identity matrix
[DEBUG   ] [08/07/2024 09:20:38.290] [trimesh]: apply_transform passed identity matrix
[DEBUG   ] [08/07/2024 09:20:38.290] [trimesh]: apply_transform passed identity matrix
[DEBUG   ] [08/07/2024 09:20:38.291] [trimesh]: apply_transform passed identity matrix
[DEBUG   ] [08/07/2024 09:20:38.291] [trimesh]: apply_transform passed identity matrix
[DEBUG   ] [08/07/2024 09:20:38.291] [trimesh]: apply_transform passed identity matrix
[DEBUG   ] [08/07/2024 09:20:38.291] [trimesh]: apply_transform passed identity matrix
[DEBUG   ] [08/07/2024 09:20:38.291] [trimesh]: apply_transform passed identity matrix
[DEBUG   ] [08/07/2024 09:20:38.291] [trimesh]: apply_transform passed identity matrix
[DEBUG   ] [08/07/2024 09:20:38.291] [trimesh]: apply_transform passed identity matrix
[DEBUG   ] [08/07/2024 09:20:38.294] [trimesh]: apply_transform passed identity matrix
[DEBUG   ] [08/07/2024 09:20:38.294] [trimesh]: apply_transform passed identity matrix
[DEBUG   ] [08/07/2024 09:20:38.294] [trimesh]: apply_transform passed identity matrix
[DEBUG   ] [08/07/2024 09:20:38.294] [trimesh]: apply_transform passed identity matrix
[DEBUG   ] [08/07/2024 09:20:38.294] [trimesh]: apply_transform passed identity matrix
[DEBUG   ] [08/07/2024 09:20:38.294] [trimesh]: apply_transform passed identity matrix
[DEBUG   ] [08/07/2024 09:20:38.295] [trimesh]: face_normals didn't match triangles, ignoring!
[DEBUG   ] [08/07/2024 09:20:38.296] [trimesh]: loaded <trimesh.Trimesh(vertices.shape=(344, 3), faces.shape=(684, 3))> using load_stl
[DEBUG   ] [08/07/2024 09:20:38.296] [trimesh]: load_mesh executed in 0.0008 seconds.
[DEBUG   ] [08/07/2024 09:20:38.296] [trimesh]: loaded <trimesh.Trimesh(vertices.shape=(8, 3), faces.shape=(12, 3))> using load_stl
[DEBUG   ] [08/07/2024 09:20:38.297] [trimesh]: load_mesh executed in 0.0004 seconds.
[DEBUG   ] [08/07/2024 09:20:38.298] [trimesh]: loaded <trimesh.Trimesh(vertices.shape=(430, 3), faces.shape=(896, 3))> using load_stl
[DEBUG   ] [08/07/2024 09:20:38.298] [trimesh]: load_mesh executed in 0.0007 seconds.
[DEBUG   ] [08/07/2024 09:20:38.298] [trimesh]: loaded <trimesh.Trimesh(vertices.shape=(430, 3), faces.shape=(896, 3))> using load_stl
[DEBUG   ] [08/07/2024 09:20:38.299] [trimesh]: load_mesh executed in 0.0007 seconds.
[DEBUG   ] [08/07/2024 09:20:38.300] [trimesh]: loaded <trimesh.Trimesh(vertices.shape=(1130, 3), faces.shape=(2292, 3))> using load_stl
[DEBUG   ] [08/07/2024 09:20:38.300] [trimesh]: load_mesh executed in 0.0016 seconds.
[DEBUG   ] [08/07/2024 09:20:38.302] [trimesh]: loaded <trimesh.Trimesh(vertices.shape=(1130, 3), faces.shape=(2292, 3))> using load_stl
[DEBUG   ] [08/07/2024 09:20:38.302] [trimesh]: load_mesh executed in 0.0015 seconds.
[DEBUG   ] [08/07/2024 09:20:38.305] [trimesh]: loaded <trimesh.Trimesh(vertices.shape=(1847, 3), faces.shape=(3729, 3))> using load_stl
[DEBUG   ] [08/07/2024 09:20:38.305] [trimesh]: load_mesh executed in 0.0023 seconds.
[DEBUG   ] [08/07/2024 09:20:38.305] [trimesh]: loaded <trimesh.Trimesh(vertices.shape=(8, 3), faces.shape=(12, 3))> using load_stl
[DEBUG   ] [08/07/2024 09:20:38.305] [trimesh]: load_mesh executed in 0.0004 seconds.
[DEBUG   ] [08/07/2024 09:20:38.307] [trimesh]: loaded <trimesh.Trimesh(vertices.shape=(1433, 3), faces.shape=(2842, 3))> using load_stl
[DEBUG   ] [08/07/2024 09:20:38.307] [trimesh]: load_mesh executed in 0.0017 seconds.
[DEBUG   ] [08/07/2024 09:20:38.308] [trimesh]: loaded <trimesh.Trimesh(vertices.shape=(8, 3), faces.shape=(12, 3))> using load_stl
[DEBUG   ] [08/07/2024 09:20:38.308] [trimesh]: load_mesh executed in 0.0003 seconds.
[DEBUG   ] [08/07/2024 09:20:38.309] [trimesh]: loaded <trimesh.Trimesh(vertices.shape=(381, 3), faces.shape=(758, 3))> using load_stl
[DEBUG   ] [08/07/2024 09:20:38.309] [trimesh]: load_mesh executed in 0.0007 seconds.
[DEBUG   ] [08/07/2024 09:20:38.309] [trimesh]: loaded <trimesh.Trimesh(vertices.shape=(8, 3), faces.shape=(12, 3))> using load_stl
[DEBUG   ] [08/07/2024 09:20:38.309] [trimesh]: load_mesh executed in 0.0003 seconds.
[DEBUG   ] [08/07/2024 09:20:38.325] [trimesh]: loaded <trimesh.Trimesh(vertices.shape=(14545, 3), faces.shape=(24513, 3))> using load_stl
[DEBUG   ] [08/07/2024 09:20:38.326] [trimesh]: load_mesh executed in 0.0151 seconds.
[DEBUG   ] [08/07/2024 09:20:38.326] [trimesh]: loaded <trimesh.Trimesh(vertices.shape=(46, 3), faces.shape=(88, 3))> using load_stl
[DEBUG   ] [08/07/2024 09:20:38.326] [trimesh]: load_mesh executed in 0.0005 seconds.
[DEBUG   ] [08/07/2024 09:20:38.327] [trimesh]: face_normals didn't match triangles, ignoring!
[DEBUG   ] [08/07/2024 09:20:38.328] [trimesh]: loaded <trimesh.Trimesh(vertices.shape=(582, 3), faces.shape=(1164, 3))> using load_stl
[DEBUG   ] [08/07/2024 09:20:38.328] [trimesh]: load_mesh executed in 0.0010 seconds.
[DEBUG   ] [08/07/2024 09:20:38.328] [trimesh]: loaded <trimesh.Trimesh(vertices.shape=(8, 3), faces.shape=(12, 3))> using load_stl
[DEBUG   ] [08/07/2024 09:20:38.328] [trimesh]: load_mesh executed in 0.0004 seconds.
[DEBUG   ] [08/07/2024 09:20:38.330] [trimesh]: loaded <trimesh.Trimesh(vertices.shape=(1256, 3), faces.shape=(2508, 3))> using load_stl
[DEBUG   ] [08/07/2024 09:20:38.330] [trimesh]: load_mesh executed in 0.0016 seconds.
[DEBUG   ] [08/07/2024 09:20:38.331] [trimesh]: loaded <trimesh.Trimesh(vertices.shape=(8, 3), faces.shape=(12, 3))> using load_stl
[DEBUG   ] [08/07/2024 09:20:38.331] [trimesh]: load_mesh executed in 0.0004 seconds.
[DEBUG   ] [08/07/2024 09:20:38.332] [trimesh]: loaded <trimesh.Trimesh(vertices.shape=(72, 3), faces.shape=(140, 3))> using load_stl
[DEBUG   ] [08/07/2024 09:20:38.332] [trimesh]: load_mesh executed in 0.0004 seconds.
[DEBUG   ] [08/07/2024 09:20:38.332] [trimesh]: loaded <trimesh.Trimesh(vertices.shape=(72, 3), faces.shape=(140, 3))> using load_stl
[DEBUG   ] [08/07/2024 09:20:38.332] [trimesh]: load_mesh executed in 0.0004 seconds.
[DEBUG   ] [08/07/2024 09:20:38.333] [trimesh]: face_normals didn't match triangles, ignoring!
[DEBUG   ] [08/07/2024 09:20:38.333] [trimesh]: loaded <trimesh.Trimesh(vertices.shape=(577, 3), faces.shape=(1154, 3))> using load_stl
[DEBUG   ] [08/07/2024 09:20:38.333] [trimesh]: load_mesh executed in 0.0009 seconds.
[DEBUG   ] [08/07/2024 09:20:38.334] [trimesh]: loaded <trimesh.Trimesh(vertices.shape=(8, 3), faces.shape=(12, 3))> using load_stl
[DEBUG   ] [08/07/2024 09:20:38.334] [trimesh]: load_mesh executed in 0.0003 seconds.
[DEBUG   ] [08/07/2024 09:20:38.336] [trimesh]: loaded <trimesh.Trimesh(vertices.shape=(1256, 3), faces.shape=(2508, 3))> using load_stl
[DEBUG   ] [08/07/2024 09:20:38.336] [trimesh]: load_mesh executed in 0.0016 seconds.
[DEBUG   ] [08/07/2024 09:20:38.336] [trimesh]: loaded <trimesh.Trimesh(vertices.shape=(8, 3), faces.shape=(12, 3))> using load_stl
[DEBUG   ] [08/07/2024 09:20:38.336] [trimesh]: load_mesh executed in 0.0004 seconds.
[DEBUG   ] [08/07/2024 09:20:38.337] [trimesh]: loaded <trimesh.Trimesh(vertices.shape=(72, 3), faces.shape=(140, 3))> using load_stl
[DEBUG   ] [08/07/2024 09:20:38.337] [trimesh]: load_mesh executed in 0.0004 seconds.
[DEBUG   ] [08/07/2024 09:20:38.338] [trimesh]: loaded <trimesh.Trimesh(vertices.shape=(72, 3), faces.shape=(140, 3))> using load_stl
[DEBUG   ] [08/07/2024 09:20:38.338] [trimesh]: load_mesh executed in 0.0004 seconds.
[DEBUG   ] [08/07/2024 09:20:38.338] [trimesh]: loaded <trimesh.Trimesh(vertices.shape=(56, 3), faces.shape=(108, 3))> using load_stl
[DEBUG   ] [08/07/2024 09:20:38.338] [trimesh]: load_mesh executed in 0.0004 seconds.
[DEBUG   ] [08/07/2024 09:20:38.339] [trimesh]: loaded <trimesh.Trimesh(vertices.shape=(56, 3), faces.shape=(108, 3))> using load_stl
[DEBUG   ] [08/07/2024 09:20:38.339] [trimesh]: load_mesh executed in 0.0004 seconds.
[DEBUG   ] [08/07/2024 09:20:38.343] [trimesh]: loaded <trimesh.Trimesh(vertices.shape=(3274, 3), faces.shape=(6042, 3))> using load_stl
[DEBUG   ] [08/07/2024 09:20:38.343] [trimesh]: load_mesh executed in 0.0036 seconds.
[DEBUG   ] [08/07/2024 09:20:38.343] [trimesh]: loaded <trimesh.Trimesh(vertices.shape=(8, 3), faces.shape=(12, 3))> using load_stl
[DEBUG   ] [08/07/2024 09:20:38.343] [trimesh]: load_mesh executed in 0.0004 seconds.
[DEBUG   ] [08/07/2024 09:20:38.360] [arm]: In Vel-Braking Zone.
[DEBUG   ] [08/07/2024 09:20:38.427] [arm]: In Vel-Braking Zone.
[DEBUG   ] [08/07/2024 09:20:38.495] [arm]: In Vel-Braking Zone.
[DEBUG   ] [08/07/2024 09:20:38.561] [arm]: In Vel-Braking Zone.
[DEBUG   ] [08/07/2024 09:20:38.629] [arm]: In Vel-Braking Zone.
[DEBUG   ] [08/07/2024 09:20:38.696] [arm]: In Vel-Braking Zone.
[DEBUG   ] [08/07/2024 09:20:38.763] [arm]: In Vel-Braking Zone.
[DEBUG   ] [08/07/2024 09:20:38.830] [arm]: In Vel-Braking Zone.
[DEBUG   ] [08/07/2024 09:20:38.898] [arm]: In Vel-Braking Zone.
[DEBUG   ] [08/07/2024 09:20:38.965] [arm]: In Vel-Braking Zone.
[DEBUG   ] [08/07/2024 09:20:39.032] [arm]: In Vel-Braking Zone.
[DEBUG   ] [08/07/2024 09:20:39.099] [arm]: In Vel-Braking Zone.
[DEBUG   ] [08/07/2024 09:20:39.167] [arm]: In Vel-Braking Zone.
[DEBUG   ] [08/07/2024 09:20:39.234] [arm]: In Vel-Braking Zone.
[DEBUG   ] [08/07/2024 09:20:39.300] [arm]: In Vel-Braking Zone.
[DEBUG   ] [08/07/2024 09:20:39.368] [arm]: In Vel-Braking Zone.
[DEBUG   ] [08/07/2024 09:20:39.435] [arm]: In Vel-Braking Zone.
[DEBUG   ] [08/07/2024 09:20:39.502] [arm]: In Vel-Braking Zone.
[DEBUG   ] [08/07/2024 09:20:39.569] [arm]: In Vel-Braking Zone.
[DEBUG   ] [08/07/2024 09:20:39.637] [arm]: In Vel-Braking Zone.
[DEBUG   ] [08/07/2024 09:20:39.704] [arm]: In Vel-Braking Zone.
[DEBUG   ] [08/07/2024 09:20:39.771] [arm]: In Vel-Braking Zone.
[DEBUG   ] [08/07/2024 09:20:39.838] [arm]: In Vel-Braking Zone.
[DEBUG   ] [08/07/2024 09:20:39.904] [arm]: In Vel-Braking Zone.
[DEBUG   ] [08/07/2024 09:20:39.971] [arm]: In Vel-Braking Zone.
[DEBUG   ] [08/07/2024 09:20:40.038] [arm]: In Vel-Braking Zone.
[DEBUG   ] [08/07/2024 09:20:40.046] [NonDXLStatusThread]: --------- TimingStats NonDXLStatusThread 50 -----------
[DEBUG   ] [08/07/2024 09:20:40.046] [NonDXLStatusThread]: Target rate: 25.000000
[DEBUG   ] [08/07/2024 09:20:40.046] [NonDXLStatusThread]: Current rate (Hz): 28.953591
[DEBUG   ] [08/07/2024 09:20:40.046] [NonDXLStatusThread]: Average rate (Hz): 30.066835
[DEBUG   ] [08/07/2024 09:20:40.046] [NonDXLStatusThread]: Standard deviation of rate history (Hz): 1.061472
[DEBUG   ] [08/07/2024 09:20:40.046] [NonDXLStatusThread]: Min rate (Hz): 27.955131
[DEBUG   ] [08/07/2024 09:20:40.046] [NonDXLStatusThread]: Max rate (Hz): 32.599907
[DEBUG   ] [08/07/2024 09:20:40.046] [NonDXLStatusThread]: Supportable rate (Hz): 95.281122
[DEBUG   ] [08/07/2024 09:20:40.047] [NonDXLStatusThread]: Standard deviation of supportable rate history (Hz): 15.299947
[DEBUG   ] [08/07/2024 09:20:40.047] [NonDXLStatusThread]: Warnings: 0 out of 50
[DEBUG   ] [08/07/2024 09:20:40.047] [NonDXLStatusThread]: Sleep time (s): 0.028298
[DEBUG   ] [08/07/2024 09:20:40.105] [arm]: In Vel-Braking Zone.
[DEBUG   ] [08/07/2024 09:20:40.172] [arm]: In Vel-Braking Zone.
[DEBUG   ] [08/07/2024 09:20:40.239] [arm]: In Vel-Braking Zone.
[DEBUG   ] [08/07/2024 09:20:40.306] [arm]: In Vel-Braking Zone.
[DEBUG   ] [08/07/2024 09:20:40.374] [arm]: In Vel-Braking Zone.
[DEBUG   ] [08/07/2024 09:20:40.442] [arm]: In Vel-Braking Zone.
[DEBUG   ] [08/07/2024 09:20:40.509] [arm]: In Vel-Braking Zone.
[DEBUG   ] [08/07/2024 09:20:40.576] [arm]: In Vel-Braking Zone.
[DEBUG   ] [08/07/2024 09:20:40.643] [arm]: In Vel-Braking Zone.
[DEBUG   ] [08/07/2024 09:20:40.710] [arm]: In Vel-Braking Zone.
[DEBUG   ] [08/07/2024 09:20:40.777] [arm]: In Vel-Braking Zone.
[DEBUG   ] [08/07/2024 09:20:40.844] [arm]: In Vel-Braking Zone.
[DEBUG   ] [08/07/2024 09:20:40.911] [arm]: In Vel-Braking Zone.
[DEBUG   ] [08/07/2024 09:20:40.979] [arm]: In Vel-Braking Zone.
[DEBUG   ] [08/07/2024 09:20:41.049] [arm]: In Vel-Braking Zone.
[DEBUG   ] [08/07/2024 09:20:41.116] [arm]: In Vel-Braking Zone.
[DEBUG   ] [08/07/2024 09:20:41.183] [arm]: In Vel-Braking Zone.
[DEBUG   ] [08/07/2024 09:20:41.251] [arm]: In Vel-Braking Zone.
[DEBUG   ] [08/07/2024 09:20:41.320] [arm]: In Vel-Braking Zone.
[DEBUG   ] [08/07/2024 09:20:41.388] [arm]: In Vel-Braking Zone.
[DEBUG   ] [08/07/2024 09:20:41.455] [arm]: In Vel-Braking Zone.
[DEBUG   ] [08/07/2024 09:20:41.522] [arm]: In Vel-Braking Zone.
[DEBUG   ] [08/07/2024 09:20:41.589] [arm]: In Vel-Braking Zone.
[DEBUG   ] [08/07/2024 09:20:41.652] [DXLEndOfArmStatusThread]: --------- TimingStats DXLEndOfArmStatusThread 50 -----------
[DEBUG   ] [08/07/2024 09:20:41.652] [DXLEndOfArmStatusThread]: Target rate: 15.000000
[DEBUG   ] [08/07/2024 09:20:41.652] [DXLEndOfArmStatusThread]: Current rate (Hz): 14.749668
[DEBUG   ] [08/07/2024 09:20:41.652] [DXLEndOfArmStatusThread]: Average rate (Hz): 14.888902
[DEBUG   ] [08/07/2024 09:20:41.652] [DXLEndOfArmStatusThread]: Standard deviation of rate history (Hz): 0.185008
[DEBUG   ] [08/07/2024 09:20:41.652] [DXLEndOfArmStatusThread]: Min rate (Hz): 13.754161
[DEBUG   ] [08/07/2024 09:20:41.652] [DXLEndOfArmStatusThread]: Max rate (Hz): 14.995402
[DEBUG   ] [08/07/2024 09:20:41.652] [DXLEndOfArmStatusThread]: Supportable rate (Hz): 38.381439
[DEBUG   ] [08/07/2024 09:20:41.652] [DXLEndOfArmStatusThread]: Standard deviation of supportable rate history (Hz): 2.493302
[DEBUG   ] [08/07/2024 09:20:41.652] [DXLEndOfArmStatusThread]: Warnings: 0 out of 50
[DEBUG   ] [08/07/2024 09:20:41.653] [DXLEndOfArmStatusThread]: Sleep time (s): 0.042214
[DEBUG   ] [08/07/2024 09:20:41.657] [SystemMonitorThread]: --------- TimingStats SystemMonitorThread 50 -----------
[DEBUG   ] [08/07/2024 09:20:41.657] [SystemMonitorThread]: Target rate: 15.000000
[DEBUG   ] [08/07/2024 09:20:41.658] [SystemMonitorThread]: Current rate (Hz): 14.797803
[DEBUG   ] [08/07/2024 09:20:41.659] [DXLHeadStatusThread]: --------- TimingStats DXLHeadStatusThread 50 -----------
[DEBUG   ] [08/07/2024 09:20:41.659] [SystemMonitorThread]: Average rate (Hz): 14.866465
[DEBUG   ] [08/07/2024 09:20:41.659] [DXLHeadStatusThread]: Target rate: 15.000000
[DEBUG   ] [08/07/2024 09:20:41.660] [SystemMonitorThread]: Standard deviation of rate history (Hz): 0.130233
[DEBUG   ] [08/07/2024 09:20:41.661] [DXLHeadStatusThread]: Current rate (Hz): 14.553499
[DEBUG   ] [08/07/2024 09:20:41.661] [SystemMonitorThread]: Min rate (Hz): 14.272311
[DEBUG   ] [08/07/2024 09:20:41.664] [DXLHeadStatusThread]: Average rate (Hz): 14.868744
[DEBUG   ] [08/07/2024 09:20:41.665] [SystemMonitorThread]: Max rate (Hz): 14.996314
[DEBUG   ] [08/07/2024 09:20:41.666] [DXLHeadStatusThread]: Standard deviation of rate history (Hz): 0.138235
[DEBUG   ] [08/07/2024 09:20:41.666] [SystemMonitorThread]: Supportable rate (Hz): 1138.090485
[DEBUG   ] [08/07/2024 09:20:41.666] [DXLHeadStatusThread]: Min rate (Hz): 14.276781
[DEBUG   ] [08/07/2024 09:20:41.667] [SystemMonitorThread]: Standard deviation of supportable rate history (Hz): 642.033191
[DEBUG   ] [08/07/2024 09:20:41.668] [DXLHeadStatusThread]: Max rate (Hz): 14.992776
[DEBUG   ] [08/07/2024 09:20:41.669] [SystemMonitorThread]: Warnings: 0 out of 50
[DEBUG   ] [08/07/2024 09:20:41.670] [DXLHeadStatusThread]: Supportable rate (Hz): 56.303445
[DEBUG   ] [08/07/2024 09:20:41.672] [SystemMonitorThread]: Sleep time (s): 0.066063
[DEBUG   ] [08/07/2024 09:20:41.673] [DXLHeadStatusThread]: Standard deviation of supportable rate history (Hz): 5.737504
[DEBUG   ] [08/07/2024 09:20:41.673] [arm]: In Vel-Braking Zone.
[DEBUG   ] [08/07/2024 09:20:41.674] [DXLHeadStatusThread]: Warnings: 0 out of 50
[DEBUG   ] [08/07/2024 09:20:41.674] [DXLHeadStatusThread]: Sleep time (s): 0.050361
[DEBUG   ] [08/07/2024 09:20:41.713] [NonDXLStatusThread]: --------- TimingStats NonDXLStatusThread 100 -----------
[DEBUG   ] [08/07/2024 09:20:41.713] [NonDXLStatusThread]: Target rate: 25.000000
[DEBUG   ] [08/07/2024 09:20:41.713] [NonDXLStatusThread]: Current rate (Hz): 36.151248
[DEBUG   ] [08/07/2024 09:20:41.713] [NonDXLStatusThread]: Average rate (Hz): 30.136072
[DEBUG   ] [08/07/2024 09:20:41.714] [NonDXLStatusThread]: Standard deviation of rate history (Hz): 1.930809
[DEBUG   ] [08/07/2024 09:20:41.714] [NonDXLStatusThread]: Min rate (Hz): 25.758317
[DEBUG   ] [08/07/2024 09:20:41.714] [NonDXLStatusThread]: Max rate (Hz): 36.151248
[DEBUG   ] [08/07/2024 09:20:41.714] [NonDXLStatusThread]: Supportable rate (Hz): 92.475989
[DEBUG   ] [08/07/2024 09:20:41.715] [NonDXLStatusThread]: Standard deviation of supportable rate history (Hz): 28.832316
[DEBUG   ] [08/07/2024 09:20:41.715] [NonDXLStatusThread]: Warnings: 0 out of 100
[DEBUG   ] [08/07/2024 09:20:41.715] [NonDXLStatusThread]: Sleep time (s): 0.022054
[DEBUG   ] [08/07/2024 09:20:41.725] [arm]: In Vel-Braking Zone.
[DEBUG   ] [08/07/2024 09:20:41.793] [arm]: In Vel-Braking Zone.
[DEBUG   ] [08/07/2024 09:20:41.829] [robot]: ---- Shutting down robot ----
[DEBUG   ] [08/07/2024 09:20:41.860] [robot]: Shutting down DXLHeadStatusThread
[DEBUG   ] [08/07/2024 09:20:41.860] [arm]: In Vel-Braking Zone.
[DEBUG   ] [08/07/2024 09:20:41.877] [robot]: Shutting down DXLEndOfArmStatusThread
[DEBUG   ] [08/07/2024 09:20:41.927] [robot]: Shutting down SystemMonitorThread
[DEBUG   ] [08/07/2024 09:20:41.927] [robot]: Shutting down pimu
[DEBUG   ] [08/07/2024 09:20:41.928] [pimu]: Shutting down TransportConnection on: /dev/hello-pimu
[DEBUG   ] [08/07/2024 09:20:41.968] [robot]: Shutting down base
[DEBUG   ] [08/07/2024 09:20:41.971] [hello-motor-left-wheel]: Shutting down Stepper on: /dev/hello-motor-left-wheel
[DEBUG   ] [08/07/2024 09:20:42.075] [hello-motor-left-wheel]: Shutting down TransportConnection on: /dev/hello-motor-left-wheel
[DEBUG   ] [08/07/2024 09:20:42.115] [hello-motor-right-wheel]: Shutting down Stepper on: /dev/hello-motor-right-wheel
[DEBUG   ] [08/07/2024 09:20:42.218] [hello-motor-right-wheel]: Shutting down TransportConnection on: /dev/hello-motor-right-wheel
[DEBUG   ] [08/07/2024 09:20:42.256] [robot]: Shutting down lift
[DEBUG   ] [08/07/2024 09:20:42.257] [hello-motor-lift]: Shutting down Stepper on: /dev/hello-motor-lift
[DEBUG   ] [08/07/2024 09:20:42.360] [hello-motor-lift]: Shutting down TransportConnection on: /dev/hello-motor-lift
[DEBUG   ] [08/07/2024 09:20:42.362] [robot]: Shutting down arm
[DEBUG   ] [08/07/2024 09:20:42.363] [hello-motor-arm]: Shutting down Stepper on: /dev/hello-motor-arm
[DEBUG   ] [08/07/2024 09:20:42.466] [hello-motor-arm]: Shutting down TransportConnection on: /dev/hello-motor-arm
[DEBUG   ] [08/07/2024 09:20:42.503] [robot]: Shutting down head
[DEBUG   ] [08/07/2024 09:20:42.508] [robot]: Shutting down wacc
[DEBUG   ] [08/07/2024 09:20:42.508] [wacc]: Shutting down TransportConnection on: /dev/hello-wacc
[DEBUG   ] [08/07/2024 09:20:42.546] [robot]: Shutting down end_of_arm
[DEBUG   ] [08/07/2024 09:20:42.612] [robot]: ---- Shutdown complete ----
