[DEBUG   ] [03/07/2024 09:48:11.199] [robot]: Starting up Robot stretch-se3-3014 of batch questlove
[DEBUG   ] [03/07/2024 09:48:11.199] [pimu]: Starting TransportConnection on: /dev/hello-pimu
[DEBUG   ] [03/07/2024 09:48:11.213] [hello-motor-left-wheel]: Starting TransportConnection on: /dev/hello-motor-left-wheel
[DEBUG   ] [03/07/2024 09:48:11.229] [hello-motor-right-wheel]: Starting TransportConnection on: /dev/hello-motor-right-wheel
[DEBUG   ] [03/07/2024 09:48:11.244] [hello-motor-lift]: Starting TransportConnection on: /dev/hello-motor-lift
[DEBUG   ] [03/07/2024 09:48:11.264] [hello-motor-arm]: Starting TransportConnection on: /dev/hello-motor-arm
[DEBUG   ] [03/07/2024 09:48:11.296] [head_pan]: [Dynamixel ID:011] ping Succeeded. Dynamixel model : XC430-W240. Baud 115200
[DEBUG   ] [03/07/2024 09:48:11.385] [head_tilt]: [Dynamixel ID:012] ping Succeeded. Dynamixel model : XL430-W250. Baud 115200
[DEBUG   ] [03/07/2024 09:48:11.482] [wacc]: Starting TransportConnection on: /dev/hello-wacc
[DEBUG   ] [03/07/2024 09:48:11.506] [wrist_pitch]: [Dynamixel ID:015] ping Succeeded. Dynamixel model : XM540-W270. Baud 115200
[DEBUG   ] [03/07/2024 09:48:11.621] [wrist_roll]: [Dynamixel ID:016] ping Succeeded. Dynamixel model : XM430-W350. Baud 115200
[DEBUG   ] [03/07/2024 09:48:11.717] [wrist_yaw]: [Dynamixel ID:013] ping Succeeded. Dynamixel model : XC430-W240. Baud 115200
[WARNING ] [03/07/2024 09:48:11.798] [wrist_yaw]: WARNING: Servo wrist_yaw in error state: overload_error. Reboot servo with stretch_robot_dynamixel_reboot.py
[DEBUG   ] [03/07/2024 09:48:11.828] [trimesh]: loaded <trimesh.Trimesh(vertices.shape=(17669, 3), faces.shape=(31052, 3))> using load_stl
[DEBUG   ] [03/07/2024 09:48:11.828] [trimesh]: load_mesh executed in 0.0278 seconds.
[DEBUG   ] [03/07/2024 09:48:11.829] [trimesh]: loaded <trimesh.Trimesh(vertices.shape=(8, 3), faces.shape=(12, 3))> using load_stl
[DEBUG   ] [03/07/2024 09:48:11.829] [trimesh]: load_mesh executed in 0.0006 seconds.
[DEBUG   ] [03/07/2024 09:48:11.830] [trimesh]: loaded <trimesh.Trimesh(vertices.shape=(8, 3), faces.shape=(12, 3))> using load_stl
[DEBUG   ] [03/07/2024 09:48:11.830] [trimesh]: load_mesh executed in 0.0004 seconds.
[DEBUG   ] [03/07/2024 09:48:11.830] [trimesh]: loaded <trimesh.Trimesh(vertices.shape=(8, 3), faces.shape=(12, 3))> using load_stl
[DEBUG   ] [03/07/2024 09:48:11.831] [trimesh]: load_mesh executed in 0.0004 seconds.
[DEBUG   ] [03/07/2024 09:48:11.841] [trimesh]: loaded <trimesh.Trimesh(vertices.shape=(6712, 3), faces.shape=(12741, 3))> using load_stl
[DEBUG   ] [03/07/2024 09:48:11.841] [trimesh]: load_mesh executed in 0.0099 seconds.
[DEBUG   ] [03/07/2024 09:48:11.842] [trimesh]: loaded <trimesh.Trimesh(vertices.shape=(8, 3), faces.shape=(12, 3))> using load_stl
[DEBUG   ] [03/07/2024 09:48:11.842] [trimesh]: load_mesh executed in 0.0006 seconds.
[DEBUG   ] [03/07/2024 09:48:11.853] [trimesh]: loaded <trimesh.Trimesh(vertices.shape=(6712, 3), faces.shape=(12741, 3))> using load_stl
[DEBUG   ] [03/07/2024 09:48:11.853] [trimesh]: load_mesh executed in 0.0105 seconds.
[DEBUG   ] [03/07/2024 09:48:11.853] [trimesh]: loaded <trimesh.Trimesh(vertices.shape=(8, 3), faces.shape=(12, 3))> using load_stl
[DEBUG   ] [03/07/2024 09:48:11.853] [trimesh]: load_mesh executed in 0.0006 seconds.
[DEBUG   ] [03/07/2024 09:48:11.902] [trimesh]: loaded <trimesh.Trimesh(vertices.shape=(27344, 3), faces.shape=(54720, 3))> using load_stl
[DEBUG   ] [03/07/2024 09:48:11.902] [trimesh]: load_mesh executed in 0.0483 seconds.
[DEBUG   ] [03/07/2024 09:48:11.903] [trimesh]: loaded <trimesh.Trimesh(vertices.shape=(32, 3), faces.shape=(60, 3))> using load_stl
[DEBUG   ] [03/07/2024 09:48:11.903] [trimesh]: load_mesh executed in 0.0006 seconds.
[DEBUG   ] [03/07/2024 09:48:11.904] [trimesh]: loaded <trimesh.Trimesh(vertices.shape=(8, 3), faces.shape=(12, 3))> using load_stl
[DEBUG   ] [03/07/2024 09:48:11.904] [trimesh]: load_mesh executed in 0.0004 seconds.
[DEBUG   ] [03/07/2024 09:48:11.916] [trimesh]: loaded <trimesh.Trimesh(vertices.shape=(7871, 3), faces.shape=(15812, 3))> using load_stl
[DEBUG   ] [03/07/2024 09:48:11.916] [trimesh]: load_mesh executed in 0.0112 seconds.
[DEBUG   ] [03/07/2024 09:48:11.916] [trimesh]: loaded <trimesh.Trimesh(vertices.shape=(8, 3), faces.shape=(12, 3))> using load_stl
[DEBUG   ] [03/07/2024 09:48:11.917] [trimesh]: load_mesh executed in 0.0006 seconds.
[DEBUG   ] [03/07/2024 09:48:11.919] [trimesh]: loaded <trimesh.Trimesh(vertices.shape=(1102, 3), faces.shape=(2268, 3))> using load_stl
[DEBUG   ] [03/07/2024 09:48:11.919] [trimesh]: load_mesh executed in 0.0018 seconds.
[DEBUG   ] [03/07/2024 09:48:11.919] [trimesh]: loaded <trimesh.Trimesh(vertices.shape=(8, 3), faces.shape=(12, 3))> using load_stl
[DEBUG   ] [03/07/2024 09:48:11.919] [trimesh]: load_mesh executed in 0.0004 seconds.
[DEBUG   ] [03/07/2024 09:48:11.922] [trimesh]: loaded <trimesh.Trimesh(vertices.shape=(1176, 3), faces.shape=(2416, 3))> using load_stl
[DEBUG   ] [03/07/2024 09:48:11.922] [trimesh]: load_mesh executed in 0.0018 seconds.
[DEBUG   ] [03/07/2024 09:48:11.922] [trimesh]: loaded <trimesh.Trimesh(vertices.shape=(8, 3), faces.shape=(12, 3))> using load_stl
[DEBUG   ] [03/07/2024 09:48:11.922] [trimesh]: load_mesh executed in 0.0004 seconds.
[DEBUG   ] [03/07/2024 09:48:11.924] [trimesh]: loaded <trimesh.Trimesh(vertices.shape=(1176, 3), faces.shape=(2416, 3))> using load_stl
[DEBUG   ] [03/07/2024 09:48:11.924] [trimesh]: load_mesh executed in 0.0018 seconds.
[DEBUG   ] [03/07/2024 09:48:11.925] [trimesh]: loaded <trimesh.Trimesh(vertices.shape=(8, 3), faces.shape=(12, 3))> using load_stl
[DEBUG   ] [03/07/2024 09:48:11.925] [trimesh]: load_mesh executed in 0.0004 seconds.
[DEBUG   ] [03/07/2024 09:48:11.928] [trimesh]: loaded <trimesh.Trimesh(vertices.shape=(1204, 3), faces.shape=(2472, 3))> using load_stl
[DEBUG   ] [03/07/2024 09:48:11.928] [trimesh]: load_mesh executed in 0.0024 seconds.
[DEBUG   ] [03/07/2024 09:48:11.929] [trimesh]: loaded <trimesh.Trimesh(vertices.shape=(8, 3), faces.shape=(12, 3))> using load_stl
[DEBUG   ] [03/07/2024 09:48:11.929] [trimesh]: load_mesh executed in 0.0005 seconds.
[DEBUG   ] [03/07/2024 09:48:11.936] [trimesh]: loaded <trimesh.Trimesh(vertices.shape=(4271, 3), faces.shape=(8838, 3))> using load_stl
[DEBUG   ] [03/07/2024 09:48:11.936] [trimesh]: load_mesh executed in 0.0069 seconds.
[DEBUG   ] [03/07/2024 09:48:11.937] [trimesh]: loaded <trimesh.Trimesh(vertices.shape=(8, 3), faces.shape=(12, 3))> using load_stl
[DEBUG   ] [03/07/2024 09:48:11.937] [trimesh]: load_mesh executed in 0.0007 seconds.
[DEBUG   ] [03/07/2024 09:48:11.940] [trimesh]: loaded <trimesh.Trimesh(vertices.shape=(1433, 3), faces.shape=(2870, 3))> using load_stl
[DEBUG   ] [03/07/2024 09:48:11.940] [trimesh]: load_mesh executed in 0.0023 seconds.
[DEBUG   ] [03/07/2024 09:48:11.940] [trimesh]: face_normals didn't match triangles, ignoring!
[DEBUG   ] [03/07/2024 09:48:11.940] [trimesh]: loaded <trimesh.Trimesh(vertices.shape=(8, 3), faces.shape=(12, 3))> using load_stl
[DEBUG   ] [03/07/2024 09:48:11.940] [trimesh]: load_mesh executed in 0.0004 seconds.
[DEBUG   ] [03/07/2024 09:48:11.953] [trimesh]: loaded <trimesh.Trimesh(vertices.shape=(7551, 3), faces.shape=(15334, 3))> using load_stl
[DEBUG   ] [03/07/2024 09:48:11.953] [trimesh]: load_mesh executed in 0.0125 seconds.
[DEBUG   ] [03/07/2024 09:48:11.954] [trimesh]: loaded <trimesh.Trimesh(vertices.shape=(8, 3), faces.shape=(12, 3))> using load_stl
[DEBUG   ] [03/07/2024 09:48:11.954] [trimesh]: load_mesh executed in 0.0005 seconds.
[DEBUG   ] [03/07/2024 09:48:11.958] [trimesh]: loaded <trimesh.Trimesh(vertices.shape=(3017, 3), faces.shape=(6118, 3))> using load_stl
[DEBUG   ] [03/07/2024 09:48:11.958] [trimesh]: load_mesh executed in 0.0037 seconds.
[DEBUG   ] [03/07/2024 09:48:11.959] [trimesh]: loaded <trimesh.Trimesh(vertices.shape=(8, 3), faces.shape=(12, 3))> using load_stl
[DEBUG   ] [03/07/2024 09:48:11.959] [trimesh]: load_mesh executed in 0.0005 seconds.
[DEBUG   ] [03/07/2024 09:48:11.975] [trimesh]: loaded <trimesh.Trimesh(vertices.shape=(9941, 3), faces.shape=(20078, 3))> using load_stl
[DEBUG   ] [03/07/2024 09:48:11.975] [trimesh]: load_mesh executed in 0.0151 seconds.
[DEBUG   ] [03/07/2024 09:48:11.976] [trimesh]: loaded <trimesh.Trimesh(vertices.shape=(8, 3), faces.shape=(12, 3))> using load_stl
[DEBUG   ] [03/07/2024 09:48:11.976] [trimesh]: load_mesh executed in 0.0007 seconds.
[DEBUG   ] [03/07/2024 09:48:11.977] [trimesh]: loaded <trimesh.Trimesh(vertices.shape=(40, 3), faces.shape=(76, 3))> using load_stl
[DEBUG   ] [03/07/2024 09:48:11.977] [trimesh]: load_mesh executed in 0.0005 seconds.
[DEBUG   ] [03/07/2024 09:48:11.978] [trimesh]: loaded <trimesh.Trimesh(vertices.shape=(40, 3), faces.shape=(76, 3))> using load_stl
[DEBUG   ] [03/07/2024 09:48:11.978] [trimesh]: load_mesh executed in 0.0006 seconds.
[DEBUG   ] [03/07/2024 09:48:11.979] [trimesh]: loaded <trimesh.Trimesh(vertices.shape=(40, 3), faces.shape=(76, 3))> using load_stl
[DEBUG   ] [03/07/2024 09:48:11.979] [trimesh]: load_mesh executed in 0.0012 seconds.
[DEBUG   ] [03/07/2024 09:48:11.980] [trimesh]: loaded <trimesh.Trimesh(vertices.shape=(40, 3), faces.shape=(76, 3))> using load_stl
[DEBUG   ] [03/07/2024 09:48:11.980] [trimesh]: load_mesh executed in 0.0005 seconds.
[DEBUG   ] [03/07/2024 09:48:11.981] [trimesh]: loaded <trimesh.Trimesh(vertices.shape=(40, 3), faces.shape=(76, 3))> using load_stl
[DEBUG   ] [03/07/2024 09:48:11.981] [trimesh]: load_mesh executed in 0.0005 seconds.
[DEBUG   ] [03/07/2024 09:48:11.982] [trimesh]: loaded <trimesh.Trimesh(vertices.shape=(40, 3), faces.shape=(76, 3))> using load_stl
[DEBUG   ] [03/07/2024 09:48:11.982] [trimesh]: load_mesh executed in 0.0004 seconds.
[DEBUG   ] [03/07/2024 09:48:11.982] [trimesh]: loaded <trimesh.Trimesh(vertices.shape=(40, 3), faces.shape=(76, 3))> using load_stl
[DEBUG   ] [03/07/2024 09:48:11.982] [trimesh]: load_mesh executed in 0.0005 seconds.
[DEBUG   ] [03/07/2024 09:48:11.983] [trimesh]: loaded <trimesh.Trimesh(vertices.shape=(40, 3), faces.shape=(76, 3))> using load_stl
[DEBUG   ] [03/07/2024 09:48:11.983] [trimesh]: load_mesh executed in 0.0004 seconds.
[DEBUG   ] [03/07/2024 09:48:11.984] [trimesh]: loaded <trimesh.Trimesh(vertices.shape=(40, 3), faces.shape=(76, 3))> using load_stl
[DEBUG   ] [03/07/2024 09:48:11.984] [trimesh]: load_mesh executed in 0.0005 seconds.
[DEBUG   ] [03/07/2024 09:48:11.985] [trimesh]: loaded <trimesh.Trimesh(vertices.shape=(40, 3), faces.shape=(76, 3))> using load_stl
[DEBUG   ] [03/07/2024 09:48:11.985] [trimesh]: load_mesh executed in 0.0004 seconds.
[DEBUG   ] [03/07/2024 09:48:12.338] [trimesh]: loaded <trimesh.Scene(len(geometry)=18)> using load_collada
[DEBUG   ] [03/07/2024 09:48:12.338] [trimesh]: load_mesh executed in 0.3527 seconds.
[DEBUG   ] [03/07/2024 09:48:12.338] [trimesh]: `nodes_geometry`: 9.11E-06s, `cache.verify`: 1.79E-06s
[DEBUG   ] [03/07/2024 09:48:12.338] [trimesh]: apply_transform passed identity matrix
[DEBUG   ] [03/07/2024 09:48:12.338] [trimesh]: apply_transform passed identity matrix
[DEBUG   ] [03/07/2024 09:48:12.338] [trimesh]: apply_transform passed identity matrix
[DEBUG   ] [03/07/2024 09:48:12.339] [trimesh]: apply_transform passed identity matrix
[DEBUG   ] [03/07/2024 09:48:12.339] [trimesh]: apply_transform passed identity matrix
[DEBUG   ] [03/07/2024 09:48:12.339] [trimesh]: apply_transform passed identity matrix
[DEBUG   ] [03/07/2024 09:48:12.339] [trimesh]: apply_transform passed identity matrix
[DEBUG   ] [03/07/2024 09:48:12.339] [trimesh]: apply_transform passed identity matrix
[DEBUG   ] [03/07/2024 09:48:12.339] [trimesh]: apply_transform passed identity matrix
[DEBUG   ] [03/07/2024 09:48:12.339] [trimesh]: apply_transform passed identity matrix
[DEBUG   ] [03/07/2024 09:48:12.339] [trimesh]: apply_transform passed identity matrix
[DEBUG   ] [03/07/2024 09:48:12.339] [trimesh]: apply_transform passed identity matrix
[DEBUG   ] [03/07/2024 09:48:12.342] [trimesh]: apply_transform passed identity matrix
[DEBUG   ] [03/07/2024 09:48:12.342] [trimesh]: apply_transform passed identity matrix
[DEBUG   ] [03/07/2024 09:48:12.342] [trimesh]: apply_transform passed identity matrix
[DEBUG   ] [03/07/2024 09:48:12.343] [trimesh]: apply_transform passed identity matrix
[DEBUG   ] [03/07/2024 09:48:12.343] [trimesh]: apply_transform passed identity matrix
[DEBUG   ] [03/07/2024 09:48:12.343] [trimesh]: apply_transform passed identity matrix
[DEBUG   ] [03/07/2024 09:48:12.344] [trimesh]: face_normals didn't match triangles, ignoring!
[DEBUG   ] [03/07/2024 09:48:12.345] [trimesh]: loaded <trimesh.Trimesh(vertices.shape=(344, 3), faces.shape=(684, 3))> using load_stl
[DEBUG   ] [03/07/2024 09:48:12.345] [trimesh]: load_mesh executed in 0.0013 seconds.
[DEBUG   ] [03/07/2024 09:48:12.346] [trimesh]: loaded <trimesh.Trimesh(vertices.shape=(8, 3), faces.shape=(12, 3))> using load_stl
[DEBUG   ] [03/07/2024 09:48:12.346] [trimesh]: load_mesh executed in 0.0004 seconds.
[DEBUG   ] [03/07/2024 09:48:12.347] [trimesh]: loaded <trimesh.Trimesh(vertices.shape=(430, 3), faces.shape=(896, 3))> using load_stl
[DEBUG   ] [03/07/2024 09:48:12.347] [trimesh]: load_mesh executed in 0.0009 seconds.
[DEBUG   ] [03/07/2024 09:48:12.348] [trimesh]: loaded <trimesh.Trimesh(vertices.shape=(430, 3), faces.shape=(896, 3))> using load_stl
[DEBUG   ] [03/07/2024 09:48:12.349] [trimesh]: load_mesh executed in 0.0012 seconds.
[DEBUG   ] [03/07/2024 09:48:12.351] [trimesh]: loaded <trimesh.Trimesh(vertices.shape=(1130, 3), faces.shape=(2292, 3))> using load_stl
[DEBUG   ] [03/07/2024 09:48:12.351] [trimesh]: load_mesh executed in 0.0018 seconds.
[DEBUG   ] [03/07/2024 09:48:12.353] [trimesh]: loaded <trimesh.Trimesh(vertices.shape=(1130, 3), faces.shape=(2292, 3))> using load_stl
[DEBUG   ] [03/07/2024 09:48:12.353] [trimesh]: load_mesh executed in 0.0015 seconds.
[DEBUG   ] [03/07/2024 09:48:12.355] [trimesh]: loaded <trimesh.Trimesh(vertices.shape=(1847, 3), faces.shape=(3729, 3))> using load_stl
[DEBUG   ] [03/07/2024 09:48:12.355] [trimesh]: load_mesh executed in 0.0023 seconds.
[DEBUG   ] [03/07/2024 09:48:12.356] [trimesh]: loaded <trimesh.Trimesh(vertices.shape=(8, 3), faces.shape=(12, 3))> using load_stl
[DEBUG   ] [03/07/2024 09:48:12.356] [trimesh]: load_mesh executed in 0.0004 seconds.
[DEBUG   ] [03/07/2024 09:48:12.358] [trimesh]: loaded <trimesh.Trimesh(vertices.shape=(1433, 3), faces.shape=(2842, 3))> using load_stl
[DEBUG   ] [03/07/2024 09:48:12.358] [trimesh]: load_mesh executed in 0.0018 seconds.
[DEBUG   ] [03/07/2024 09:48:12.359] [trimesh]: loaded <trimesh.Trimesh(vertices.shape=(8, 3), faces.shape=(12, 3))> using load_stl
[DEBUG   ] [03/07/2024 09:48:12.359] [trimesh]: load_mesh executed in 0.0004 seconds.
[DEBUG   ] [03/07/2024 09:48:12.360] [trimesh]: loaded <trimesh.Trimesh(vertices.shape=(381, 3), faces.shape=(758, 3))> using load_stl
[DEBUG   ] [03/07/2024 09:48:12.360] [trimesh]: load_mesh executed in 0.0007 seconds.
[DEBUG   ] [03/07/2024 09:48:12.360] [trimesh]: loaded <trimesh.Trimesh(vertices.shape=(8, 3), faces.shape=(12, 3))> using load_stl
[DEBUG   ] [03/07/2024 09:48:12.360] [trimesh]: load_mesh executed in 0.0006 seconds.
[DEBUG   ] [03/07/2024 09:48:12.378] [trimesh]: loaded <trimesh.Trimesh(vertices.shape=(14545, 3), faces.shape=(24513, 3))> using load_stl
[DEBUG   ] [03/07/2024 09:48:12.378] [trimesh]: load_mesh executed in 0.0167 seconds.
[DEBUG   ] [03/07/2024 09:48:12.379] [trimesh]: loaded <trimesh.Trimesh(vertices.shape=(46, 3), faces.shape=(88, 3))> using load_stl
[DEBUG   ] [03/07/2024 09:48:12.379] [trimesh]: load_mesh executed in 0.0007 seconds.
[DEBUG   ] [03/07/2024 09:48:12.380] [trimesh]: face_normals didn't match triangles, ignoring!
[DEBUG   ] [03/07/2024 09:48:12.380] [trimesh]: loaded <trimesh.Trimesh(vertices.shape=(582, 3), faces.shape=(1164, 3))> using load_stl
[DEBUG   ] [03/07/2024 09:48:12.380] [trimesh]: load_mesh executed in 0.0011 seconds.
[DEBUG   ] [03/07/2024 09:48:12.381] [trimesh]: loaded <trimesh.Trimesh(vertices.shape=(8, 3), faces.shape=(12, 3))> using load_stl
[DEBUG   ] [03/07/2024 09:48:12.381] [trimesh]: load_mesh executed in 0.0004 seconds.
[DEBUG   ] [03/07/2024 09:48:12.383] [trimesh]: loaded <trimesh.Trimesh(vertices.shape=(1256, 3), faces.shape=(2508, 3))> using load_stl
[DEBUG   ] [03/07/2024 09:48:12.383] [trimesh]: load_mesh executed in 0.0017 seconds.
[DEBUG   ] [03/07/2024 09:48:12.384] [trimesh]: loaded <trimesh.Trimesh(vertices.shape=(8, 3), faces.shape=(12, 3))> using load_stl
[DEBUG   ] [03/07/2024 09:48:12.384] [trimesh]: load_mesh executed in 0.0004 seconds.
[DEBUG   ] [03/07/2024 09:48:12.385] [trimesh]: loaded <trimesh.Trimesh(vertices.shape=(72, 3), faces.shape=(140, 3))> using load_stl
[DEBUG   ] [03/07/2024 09:48:12.385] [trimesh]: load_mesh executed in 0.0005 seconds.
[DEBUG   ] [03/07/2024 09:48:12.385] [trimesh]: loaded <trimesh.Trimesh(vertices.shape=(72, 3), faces.shape=(140, 3))> using load_stl
[DEBUG   ] [03/07/2024 09:48:12.385] [trimesh]: load_mesh executed in 0.0005 seconds.
[DEBUG   ] [03/07/2024 09:48:12.386] [trimesh]: face_normals didn't match triangles, ignoring!
[DEBUG   ] [03/07/2024 09:48:12.387] [trimesh]: loaded <trimesh.Trimesh(vertices.shape=(577, 3), faces.shape=(1154, 3))> using load_stl
[DEBUG   ] [03/07/2024 09:48:12.387] [trimesh]: load_mesh executed in 0.0010 seconds.
[DEBUG   ] [03/07/2024 09:48:12.387] [trimesh]: loaded <trimesh.Trimesh(vertices.shape=(8, 3), faces.shape=(12, 3))> using load_stl
[DEBUG   ] [03/07/2024 09:48:12.387] [trimesh]: load_mesh executed in 0.0004 seconds.
[DEBUG   ] [03/07/2024 09:48:12.389] [trimesh]: loaded <trimesh.Trimesh(vertices.shape=(1256, 3), faces.shape=(2508, 3))> using load_stl
[DEBUG   ] [03/07/2024 09:48:12.389] [trimesh]: load_mesh executed in 0.0017 seconds.
[DEBUG   ] [03/07/2024 09:48:12.390] [trimesh]: loaded <trimesh.Trimesh(vertices.shape=(8, 3), faces.shape=(12, 3))> using load_stl
[DEBUG   ] [03/07/2024 09:48:12.390] [trimesh]: load_mesh executed in 0.0004 seconds.
[DEBUG   ] [03/07/2024 09:48:12.390] [trimesh]: loaded <trimesh.Trimesh(vertices.shape=(72, 3), faces.shape=(140, 3))> using load_stl
[DEBUG   ] [03/07/2024 09:48:12.391] [trimesh]: load_mesh executed in 0.0004 seconds.
[DEBUG   ] [03/07/2024 09:48:12.391] [trimesh]: loaded <trimesh.Trimesh(vertices.shape=(72, 3), faces.shape=(140, 3))> using load_stl
[DEBUG   ] [03/07/2024 09:48:12.391] [trimesh]: load_mesh executed in 0.0004 seconds.
[DEBUG   ] [03/07/2024 09:48:12.392] [trimesh]: loaded <trimesh.Trimesh(vertices.shape=(56, 3), faces.shape=(108, 3))> using load_stl
[DEBUG   ] [03/07/2024 09:48:12.392] [trimesh]: load_mesh executed in 0.0005 seconds.
[DEBUG   ] [03/07/2024 09:48:12.393] [trimesh]: loaded <trimesh.Trimesh(vertices.shape=(56, 3), faces.shape=(108, 3))> using load_stl
[DEBUG   ] [03/07/2024 09:48:12.393] [trimesh]: load_mesh executed in 0.0005 seconds.
[DEBUG   ] [03/07/2024 09:48:12.397] [trimesh]: loaded <trimesh.Trimesh(vertices.shape=(3274, 3), faces.shape=(6042, 3))> using load_stl
[DEBUG   ] [03/07/2024 09:48:12.397] [trimesh]: load_mesh executed in 0.0042 seconds.
[DEBUG   ] [03/07/2024 09:48:12.398] [trimesh]: loaded <trimesh.Trimesh(vertices.shape=(8, 3), faces.shape=(12, 3))> using load_stl
[DEBUG   ] [03/07/2024 09:48:12.398] [trimesh]: load_mesh executed in 0.0004 seconds.
[DEBUG   ] [03/07/2024 09:48:12.429] [head_pan]: [Dynamixel ID:011] ping Succeeded. Dynamixel model : XC430-W240. Baud 115200
[DEBUG   ] [03/07/2024 09:48:12.435] [head_tilt]: [Dynamixel ID:012] ping Succeeded. Dynamixel model : XL430-W250. Baud 115200
[DEBUG   ] [03/07/2024 09:48:12.436] [base]: Fast motion turned off
[DEBUG   ] [03/07/2024 09:48:12.437] [arm]: In Vel-Braking Zone.
[DEBUG   ] [03/07/2024 09:48:12.441] [wrist_pitch]: [Dynamixel ID:015] ping Succeeded. Dynamixel model : XM540-W270. Baud 115200
[DEBUG   ] [03/07/2024 09:48:12.448] [wrist_roll]: [Dynamixel ID:016] ping Succeeded. Dynamixel model : XM430-W350. Baud 115200
[DEBUG   ] [03/07/2024 09:48:12.455] [wrist_yaw]: [Dynamixel ID:013] ping Succeeded. Dynamixel model : XC430-W240. Baud 115200
[DEBUG   ] [03/07/2024 09:48:12.458] [robot]: ---- Shutting down robot ----
[DEBUG   ] [03/07/2024 09:48:12.468] [robot]: Shutting down NonDXLStatusThread
[WARNING ] [03/07/2024 09:48:12.503] [robot_monitor]: Dynamixel overload_error on eoa_wrist_dw3_tool_sg3:wrist_yaw
[DEBUG   ] [03/07/2024 09:48:12.504] [arm]: In Vel-Braking Zone.
[DEBUG   ] [03/07/2024 09:48:12.570] [arm]: In Vel-Braking Zone.
[DEBUG   ] [03/07/2024 09:48:12.571] [head]: Dynamixel X sync read txRxPacket failed with error code = -3001
[DEBUG   ] [03/07/2024 09:48:12.585] [robot]: Shutting down DXLHeadStatusThread
[DEBUG   ] [03/07/2024 09:48:12.637] [arm]: In Vel-Braking Zone.
[DEBUG   ] [03/07/2024 09:48:12.637] [robot]: Shutting down DXLEndOfArmStatusThread
[DEBUG   ] [03/07/2024 09:48:12.704] [robot]: Shutting down SystemMonitorThread
[DEBUG   ] [03/07/2024 09:48:12.704] [robot]: Shutting down pimu
[DEBUG   ] [03/07/2024 09:48:12.706] [pimu]: Shutting down TransportConnection on: /dev/hello-pimu
[DEBUG   ] [03/07/2024 09:48:12.742] [robot]: Shutting down base
[DEBUG   ] [03/07/2024 09:48:12.744] [hello-motor-left-wheel]: Shutting down Stepper on: /dev/hello-motor-left-wheel
[DEBUG   ] [03/07/2024 09:48:12.847] [hello-motor-left-wheel]: Shutting down TransportConnection on: /dev/hello-motor-left-wheel
[DEBUG   ] [03/07/2024 09:48:12.885] [hello-motor-right-wheel]: Shutting down Stepper on: /dev/hello-motor-right-wheel
[DEBUG   ] [03/07/2024 09:48:12.988] [hello-motor-right-wheel]: Shutting down TransportConnection on: /dev/hello-motor-right-wheel
[DEBUG   ] [03/07/2024 09:48:13.024] [robot]: Shutting down lift
[DEBUG   ] [03/07/2024 09:48:13.025] [hello-motor-lift]: Shutting down Stepper on: /dev/hello-motor-lift
[DEBUG   ] [03/07/2024 09:48:13.129] [hello-motor-lift]: Shutting down TransportConnection on: /dev/hello-motor-lift
[DEBUG   ] [03/07/2024 09:48:13.132] [robot]: Shutting down arm
[DEBUG   ] [03/07/2024 09:48:13.133] [hello-motor-arm]: Shutting down Stepper on: /dev/hello-motor-arm
[DEBUG   ] [03/07/2024 09:48:13.236] [hello-motor-arm]: Shutting down TransportConnection on: /dev/hello-motor-arm
[DEBUG   ] [03/07/2024 09:48:13.274] [robot]: Shutting down head
[DEBUG   ] [03/07/2024 09:48:13.280] [robot]: Shutting down wacc
[DEBUG   ] [03/07/2024 09:48:13.280] [wacc]: Shutting down TransportConnection on: /dev/hello-wacc
[DEBUG   ] [03/07/2024 09:48:13.316] [robot]: Shutting down end_of_arm
[DEBUG   ] [03/07/2024 09:48:13.317] [robot]: ---- Shutdown complete ----
