[DEBUG   ] [08/07/2024 10:19:34.516] [filelock]: Attempting to acquire lock 131952788910576 on /tmp/stretch_body_robot_pid.txt.lock
[DEBUG   ] [08/07/2024 10:19:34.516] [filelock]: Lock 131952788910576 acquired on /tmp/stretch_body_robot_pid.txt.lock
[DEBUG   ] [08/07/2024 10:19:34.529] [robot]: Starting up Robot stretch-se3-3014 of batch questlove
[DEBUG   ] [08/07/2024 10:19:34.530] [pimu]: Starting TransportConnection on: /dev/hello-pimu
[DEBUG   ] [08/07/2024 10:19:34.542] [hello-motor-left-wheel]: Starting TransportConnection on: /dev/hello-motor-left-wheel
[DEBUG   ] [08/07/2024 10:19:34.557] [hello-motor-right-wheel]: Starting TransportConnection on: /dev/hello-motor-right-wheel
[DEBUG   ] [08/07/2024 10:19:34.573] [hello-motor-lift]: Starting TransportConnection on: /dev/hello-motor-lift
[DEBUG   ] [08/07/2024 10:19:34.592] [hello-motor-arm]: Starting TransportConnection on: /dev/hello-motor-arm
[DEBUG   ] [08/07/2024 10:19:34.621] [head_pan]: [Dynamixel ID:011] ping Succeeded. Dynamixel model : XC430-W240. Baud 115200
[DEBUG   ] [08/07/2024 10:19:34.710] [head_tilt]: [Dynamixel ID:012] ping Succeeded. Dynamixel model : XL430-W250. Baud 115200
[DEBUG   ] [08/07/2024 10:19:34.817] [wacc]: Starting TransportConnection on: /dev/hello-wacc
[DEBUG   ] [08/07/2024 10:19:34.842] [wrist_pitch]: [Dynamixel ID:015] ping Succeeded. Dynamixel model : XM540-W270. Baud 115200
[DEBUG   ] [08/07/2024 10:19:34.963] [wrist_roll]: [Dynamixel ID:016] ping Succeeded. Dynamixel model : XM430-W350. Baud 115200
[DEBUG   ] [08/07/2024 10:19:35.063] [wrist_yaw]: [Dynamixel ID:013] ping Succeeded. Dynamixel model : XC430-W240. Baud 115200
[DEBUG   ] [08/07/2024 10:19:35.152] [stretch_gripper]: [Dynamixel ID:014] ping Succeeded. Dynamixel model : XL430-W250. Baud 115200
[DEBUG   ] [08/07/2024 10:19:35.278] [trimesh]: loaded <trimesh.Trimesh(vertices.shape=(17669, 3), faces.shape=(31052, 3))> using load_stl
[DEBUG   ] [08/07/2024 10:19:35.278] [trimesh]: load_mesh executed in 0.0235 seconds.
[DEBUG   ] [08/07/2024 10:19:35.279] [trimesh]: loaded <trimesh.Trimesh(vertices.shape=(8, 3), faces.shape=(12, 3))> using load_stl
[DEBUG   ] [08/07/2024 10:19:35.279] [trimesh]: load_mesh executed in 0.0005 seconds.
[DEBUG   ] [08/07/2024 10:19:35.280] [trimesh]: loaded <trimesh.Trimesh(vertices.shape=(8, 3), faces.shape=(12, 3))> using load_stl
[DEBUG   ] [08/07/2024 10:19:35.280] [trimesh]: load_mesh executed in 0.0004 seconds.
[DEBUG   ] [08/07/2024 10:19:35.280] [trimesh]: loaded <trimesh.Trimesh(vertices.shape=(8, 3), faces.shape=(12, 3))> using load_stl
[DEBUG   ] [08/07/2024 10:19:35.280] [trimesh]: load_mesh executed in 0.0003 seconds.
[DEBUG   ] [08/07/2024 10:19:35.289] [trimesh]: loaded <trimesh.Trimesh(vertices.shape=(6712, 3), faces.shape=(12741, 3))> using load_stl
[DEBUG   ] [08/07/2024 10:19:35.289] [trimesh]: load_mesh executed in 0.0079 seconds.
[DEBUG   ] [08/07/2024 10:19:35.289] [trimesh]: loaded <trimesh.Trimesh(vertices.shape=(8, 3), faces.shape=(12, 3))> using load_stl
[DEBUG   ] [08/07/2024 10:19:35.289] [trimesh]: load_mesh executed in 0.0004 seconds.
[DEBUG   ] [08/07/2024 10:19:35.297] [trimesh]: loaded <trimesh.Trimesh(vertices.shape=(6712, 3), faces.shape=(12741, 3))> using load_stl
[DEBUG   ] [08/07/2024 10:19:35.297] [trimesh]: load_mesh executed in 0.0074 seconds.
[DEBUG   ] [08/07/2024 10:19:35.298] [trimesh]: loaded <trimesh.Trimesh(vertices.shape=(8, 3), faces.shape=(12, 3))> using load_stl
[DEBUG   ] [08/07/2024 10:19:35.298] [trimesh]: load_mesh executed in 0.0004 seconds.
[DEBUG   ] [08/07/2024 10:19:35.339] [trimesh]: loaded <trimesh.Trimesh(vertices.shape=(27344, 3), faces.shape=(54720, 3))> using load_stl
[DEBUG   ] [08/07/2024 10:19:35.339] [trimesh]: load_mesh executed in 0.0408 seconds.
[DEBUG   ] [08/07/2024 10:19:35.340] [trimesh]: loaded <trimesh.Trimesh(vertices.shape=(32, 3), faces.shape=(60, 3))> using load_stl
[DEBUG   ] [08/07/2024 10:19:35.340] [trimesh]: load_mesh executed in 0.0006 seconds.
[DEBUG   ] [08/07/2024 10:19:35.340] [trimesh]: loaded <trimesh.Trimesh(vertices.shape=(8, 3), faces.shape=(12, 3))> using load_stl
[DEBUG   ] [08/07/2024 10:19:35.341] [trimesh]: load_mesh executed in 0.0004 seconds.
[DEBUG   ] [08/07/2024 10:19:35.350] [trimesh]: loaded <trimesh.Trimesh(vertices.shape=(7871, 3), faces.shape=(15812, 3))> using load_stl
[DEBUG   ] [08/07/2024 10:19:35.350] [trimesh]: load_mesh executed in 0.0093 seconds.
[DEBUG   ] [08/07/2024 10:19:35.351] [trimesh]: loaded <trimesh.Trimesh(vertices.shape=(8, 3), faces.shape=(12, 3))> using load_stl
[DEBUG   ] [08/07/2024 10:19:35.351] [trimesh]: load_mesh executed in 0.0004 seconds.
[DEBUG   ] [08/07/2024 10:19:35.353] [trimesh]: loaded <trimesh.Trimesh(vertices.shape=(1102, 3), faces.shape=(2268, 3))> using load_stl
[DEBUG   ] [08/07/2024 10:19:35.353] [trimesh]: load_mesh executed in 0.0015 seconds.
[DEBUG   ] [08/07/2024 10:19:35.353] [trimesh]: loaded <trimesh.Trimesh(vertices.shape=(8, 3), faces.shape=(12, 3))> using load_stl
[DEBUG   ] [08/07/2024 10:19:35.353] [trimesh]: load_mesh executed in 0.0004 seconds.
[DEBUG   ] [08/07/2024 10:19:35.355] [trimesh]: loaded <trimesh.Trimesh(vertices.shape=(1176, 3), faces.shape=(2416, 3))> using load_stl
[DEBUG   ] [08/07/2024 10:19:35.355] [trimesh]: load_mesh executed in 0.0015 seconds.
[DEBUG   ] [08/07/2024 10:19:35.356] [trimesh]: loaded <trimesh.Trimesh(vertices.shape=(8, 3), faces.shape=(12, 3))> using load_stl
[DEBUG   ] [08/07/2024 10:19:35.356] [trimesh]: load_mesh executed in 0.0004 seconds.
[DEBUG   ] [08/07/2024 10:19:35.357] [trimesh]: loaded <trimesh.Trimesh(vertices.shape=(1176, 3), faces.shape=(2416, 3))> using load_stl
[DEBUG   ] [08/07/2024 10:19:35.358] [trimesh]: load_mesh executed in 0.0015 seconds.
[DEBUG   ] [08/07/2024 10:19:35.358] [trimesh]: loaded <trimesh.Trimesh(vertices.shape=(8, 3), faces.shape=(12, 3))> using load_stl
[DEBUG   ] [08/07/2024 10:19:35.358] [trimesh]: load_mesh executed in 0.0004 seconds.
[DEBUG   ] [08/07/2024 10:19:35.360] [trimesh]: loaded <trimesh.Trimesh(vertices.shape=(1204, 3), faces.shape=(2472, 3))> using load_stl
[DEBUG   ] [08/07/2024 10:19:35.360] [trimesh]: load_mesh executed in 0.0016 seconds.
[DEBUG   ] [08/07/2024 10:19:35.360] [trimesh]: loaded <trimesh.Trimesh(vertices.shape=(8, 3), faces.shape=(12, 3))> using load_stl
[DEBUG   ] [08/07/2024 10:19:35.360] [trimesh]: load_mesh executed in 0.0004 seconds.
[DEBUG   ] [08/07/2024 10:19:35.366] [trimesh]: loaded <trimesh.Trimesh(vertices.shape=(4271, 3), faces.shape=(8838, 3))> using load_stl
[DEBUG   ] [08/07/2024 10:19:35.366] [trimesh]: load_mesh executed in 0.0049 seconds.
[DEBUG   ] [08/07/2024 10:19:35.366] [trimesh]: loaded <trimesh.Trimesh(vertices.shape=(8, 3), faces.shape=(12, 3))> using load_stl
[DEBUG   ] [08/07/2024 10:19:35.366] [trimesh]: load_mesh executed in 0.0004 seconds.
[DEBUG   ] [08/07/2024 10:19:35.368] [trimesh]: loaded <trimesh.Trimesh(vertices.shape=(1433, 3), faces.shape=(2870, 3))> using load_stl
[DEBUG   ] [08/07/2024 10:19:35.368] [trimesh]: load_mesh executed in 0.0018 seconds.
[DEBUG   ] [08/07/2024 10:19:35.369] [trimesh]: face_normals didn't match triangles, ignoring!
[DEBUG   ] [08/07/2024 10:19:35.369] [trimesh]: loaded <trimesh.Trimesh(vertices.shape=(8, 3), faces.shape=(12, 3))> using load_stl
[DEBUG   ] [08/07/2024 10:19:35.369] [trimesh]: load_mesh executed in 0.0004 seconds.
[DEBUG   ] [08/07/2024 10:19:35.378] [trimesh]: loaded <trimesh.Trimesh(vertices.shape=(7551, 3), faces.shape=(15334, 3))> using load_stl
[DEBUG   ] [08/07/2024 10:19:35.379] [trimesh]: load_mesh executed in 0.0093 seconds.
[DEBUG   ] [08/07/2024 10:19:35.379] [trimesh]: loaded <trimesh.Trimesh(vertices.shape=(8, 3), faces.shape=(12, 3))> using load_stl
[DEBUG   ] [08/07/2024 10:19:35.379] [trimesh]: load_mesh executed in 0.0004 seconds.
[DEBUG   ] [08/07/2024 10:19:35.383] [trimesh]: loaded <trimesh.Trimesh(vertices.shape=(3017, 3), faces.shape=(6118, 3))> using load_stl
[DEBUG   ] [08/07/2024 10:19:35.383] [trimesh]: load_mesh executed in 0.0035 seconds.
[DEBUG   ] [08/07/2024 10:19:35.384] [trimesh]: loaded <trimesh.Trimesh(vertices.shape=(8, 3), faces.shape=(12, 3))> using load_stl
[DEBUG   ] [08/07/2024 10:19:35.384] [trimesh]: load_mesh executed in 0.0004 seconds.
[DEBUG   ] [08/07/2024 10:19:35.397] [trimesh]: loaded <trimesh.Trimesh(vertices.shape=(9941, 3), faces.shape=(20078, 3))> using load_stl
[DEBUG   ] [08/07/2024 10:19:35.397] [trimesh]: load_mesh executed in 0.0126 seconds.
[DEBUG   ] [08/07/2024 10:19:35.397] [trimesh]: loaded <trimesh.Trimesh(vertices.shape=(8, 3), faces.shape=(12, 3))> using load_stl
[DEBUG   ] [08/07/2024 10:19:35.397] [trimesh]: load_mesh executed in 0.0005 seconds.
[DEBUG   ] [08/07/2024 10:19:35.398] [trimesh]: loaded <trimesh.Trimesh(vertices.shape=(40, 3), faces.shape=(76, 3))> using load_stl
[DEBUG   ] [08/07/2024 10:19:35.398] [trimesh]: load_mesh executed in 0.0004 seconds.
[DEBUG   ] [08/07/2024 10:19:35.399] [trimesh]: loaded <trimesh.Trimesh(vertices.shape=(40, 3), faces.shape=(76, 3))> using load_stl
[DEBUG   ] [08/07/2024 10:19:35.399] [trimesh]: load_mesh executed in 0.0004 seconds.
[DEBUG   ] [08/07/2024 10:19:35.399] [trimesh]: loaded <trimesh.Trimesh(vertices.shape=(40, 3), faces.shape=(76, 3))> using load_stl
[DEBUG   ] [08/07/2024 10:19:35.399] [trimesh]: load_mesh executed in 0.0004 seconds.
[DEBUG   ] [08/07/2024 10:19:35.400] [trimesh]: loaded <trimesh.Trimesh(vertices.shape=(40, 3), faces.shape=(76, 3))> using load_stl
[DEBUG   ] [08/07/2024 10:19:35.400] [trimesh]: load_mesh executed in 0.0004 seconds.
[DEBUG   ] [08/07/2024 10:19:35.401] [trimesh]: loaded <trimesh.Trimesh(vertices.shape=(40, 3), faces.shape=(76, 3))> using load_stl
[DEBUG   ] [08/07/2024 10:19:35.401] [trimesh]: load_mesh executed in 0.0004 seconds.
[DEBUG   ] [08/07/2024 10:19:35.401] [trimesh]: loaded <trimesh.Trimesh(vertices.shape=(40, 3), faces.shape=(76, 3))> using load_stl
[DEBUG   ] [08/07/2024 10:19:35.401] [trimesh]: load_mesh executed in 0.0004 seconds.
[DEBUG   ] [08/07/2024 10:19:35.402] [trimesh]: loaded <trimesh.Trimesh(vertices.shape=(40, 3), faces.shape=(76, 3))> using load_stl
[DEBUG   ] [08/07/2024 10:19:35.402] [trimesh]: load_mesh executed in 0.0003 seconds.
[DEBUG   ] [08/07/2024 10:19:35.402] [trimesh]: loaded <trimesh.Trimesh(vertices.shape=(40, 3), faces.shape=(76, 3))> using load_stl
[DEBUG   ] [08/07/2024 10:19:35.402] [trimesh]: load_mesh executed in 0.0004 seconds.
[DEBUG   ] [08/07/2024 10:19:35.403] [trimesh]: loaded <trimesh.Trimesh(vertices.shape=(40, 3), faces.shape=(76, 3))> using load_stl
[DEBUG   ] [08/07/2024 10:19:35.403] [trimesh]: load_mesh executed in 0.0003 seconds.
[DEBUG   ] [08/07/2024 10:19:35.403] [trimesh]: loaded <trimesh.Trimesh(vertices.shape=(40, 3), faces.shape=(76, 3))> using load_stl
[DEBUG   ] [08/07/2024 10:19:35.404] [trimesh]: load_mesh executed in 0.0004 seconds.
[DEBUG   ] [08/07/2024 10:19:35.687] [trimesh]: loaded <trimesh.Scene(len(geometry)=18)> using load_collada
[DEBUG   ] [08/07/2024 10:19:35.687] [trimesh]: load_mesh executed in 0.2834 seconds.
[DEBUG   ] [08/07/2024 10:19:35.687] [trimesh]: `nodes_geometry`: 9.91E-06s, `cache.verify`: 1.51E-06s
[DEBUG   ] [08/07/2024 10:19:35.688] [trimesh]: apply_transform passed identity matrix
[DEBUG   ] [08/07/2024 10:19:35.688] [trimesh]: apply_transform passed identity matrix
[DEBUG   ] [08/07/2024 10:19:35.688] [trimesh]: apply_transform passed identity matrix
[DEBUG   ] [08/07/2024 10:19:35.688] [trimesh]: apply_transform passed identity matrix
[DEBUG   ] [08/07/2024 10:19:35.688] [trimesh]: apply_transform passed identity matrix
[DEBUG   ] [08/07/2024 10:19:35.688] [trimesh]: apply_transform passed identity matrix
[DEBUG   ] [08/07/2024 10:19:35.688] [trimesh]: apply_transform passed identity matrix
[DEBUG   ] [08/07/2024 10:19:35.688] [trimesh]: apply_transform passed identity matrix
[DEBUG   ] [08/07/2024 10:19:35.688] [trimesh]: apply_transform passed identity matrix
[DEBUG   ] [08/07/2024 10:19:35.689] [trimesh]: apply_transform passed identity matrix
[DEBUG   ] [08/07/2024 10:19:35.689] [trimesh]: apply_transform passed identity matrix
[DEBUG   ] [08/07/2024 10:19:35.689] [trimesh]: apply_transform passed identity matrix
[DEBUG   ] [08/07/2024 10:19:35.691] [trimesh]: apply_transform passed identity matrix
[DEBUG   ] [08/07/2024 10:19:35.692] [trimesh]: apply_transform passed identity matrix
[DEBUG   ] [08/07/2024 10:19:35.692] [trimesh]: apply_transform passed identity matrix
[DEBUG   ] [08/07/2024 10:19:35.692] [trimesh]: apply_transform passed identity matrix
[DEBUG   ] [08/07/2024 10:19:35.692] [trimesh]: apply_transform passed identity matrix
[DEBUG   ] [08/07/2024 10:19:35.692] [trimesh]: apply_transform passed identity matrix
[DEBUG   ] [08/07/2024 10:19:35.693] [trimesh]: face_normals didn't match triangles, ignoring!
[DEBUG   ] [08/07/2024 10:19:35.693] [trimesh]: loaded <trimesh.Trimesh(vertices.shape=(344, 3), faces.shape=(684, 3))> using load_stl
[DEBUG   ] [08/07/2024 10:19:35.693] [trimesh]: load_mesh executed in 0.0008 seconds.
[DEBUG   ] [08/07/2024 10:19:35.694] [trimesh]: loaded <trimesh.Trimesh(vertices.shape=(8, 3), faces.shape=(12, 3))> using load_stl
[DEBUG   ] [08/07/2024 10:19:35.694] [trimesh]: load_mesh executed in 0.0004 seconds.
[DEBUG   ] [08/07/2024 10:19:35.695] [trimesh]: loaded <trimesh.Trimesh(vertices.shape=(430, 3), faces.shape=(896, 3))> using load_stl
[DEBUG   ] [08/07/2024 10:19:35.695] [trimesh]: load_mesh executed in 0.0007 seconds.
[DEBUG   ] [08/07/2024 10:19:35.696] [trimesh]: loaded <trimesh.Trimesh(vertices.shape=(430, 3), faces.shape=(896, 3))> using load_stl
[DEBUG   ] [08/07/2024 10:19:35.696] [trimesh]: load_mesh executed in 0.0008 seconds.
[DEBUG   ] [08/07/2024 10:19:35.698] [trimesh]: loaded <trimesh.Trimesh(vertices.shape=(1130, 3), faces.shape=(2292, 3))> using load_stl
[DEBUG   ] [08/07/2024 10:19:35.698] [trimesh]: load_mesh executed in 0.0015 seconds.
[DEBUG   ] [08/07/2024 10:19:35.700] [trimesh]: loaded <trimesh.Trimesh(vertices.shape=(1130, 3), faces.shape=(2292, 3))> using load_stl
[DEBUG   ] [08/07/2024 10:19:35.700] [trimesh]: load_mesh executed in 0.0015 seconds.
[DEBUG   ] [08/07/2024 10:19:35.702] [trimesh]: loaded <trimesh.Trimesh(vertices.shape=(1847, 3), faces.shape=(3729, 3))> using load_stl
[DEBUG   ] [08/07/2024 10:19:35.702] [trimesh]: load_mesh executed in 0.0022 seconds.
[DEBUG   ] [08/07/2024 10:19:35.703] [trimesh]: loaded <trimesh.Trimesh(vertices.shape=(8, 3), faces.shape=(12, 3))> using load_stl
[DEBUG   ] [08/07/2024 10:19:35.703] [trimesh]: load_mesh executed in 0.0004 seconds.
[DEBUG   ] [08/07/2024 10:19:35.705] [trimesh]: loaded <trimesh.Trimesh(vertices.shape=(1433, 3), faces.shape=(2842, 3))> using load_stl
[DEBUG   ] [08/07/2024 10:19:35.705] [trimesh]: load_mesh executed in 0.0017 seconds.
[DEBUG   ] [08/07/2024 10:19:35.705] [trimesh]: loaded <trimesh.Trimesh(vertices.shape=(8, 3), faces.shape=(12, 3))> using load_stl
[DEBUG   ] [08/07/2024 10:19:35.705] [trimesh]: load_mesh executed in 0.0003 seconds.
[DEBUG   ] [08/07/2024 10:19:35.706] [trimesh]: loaded <trimesh.Trimesh(vertices.shape=(381, 3), faces.shape=(758, 3))> using load_stl
[DEBUG   ] [08/07/2024 10:19:35.706] [trimesh]: load_mesh executed in 0.0007 seconds.
[DEBUG   ] [08/07/2024 10:19:35.707] [trimesh]: loaded <trimesh.Trimesh(vertices.shape=(8, 3), faces.shape=(12, 3))> using load_stl
[DEBUG   ] [08/07/2024 10:19:35.707] [trimesh]: load_mesh executed in 0.0004 seconds.
[DEBUG   ] [08/07/2024 10:19:35.722] [trimesh]: loaded <trimesh.Trimesh(vertices.shape=(14545, 3), faces.shape=(24513, 3))> using load_stl
[DEBUG   ] [08/07/2024 10:19:35.722] [trimesh]: load_mesh executed in 0.0149 seconds.
[DEBUG   ] [08/07/2024 10:19:35.723] [trimesh]: loaded <trimesh.Trimesh(vertices.shape=(46, 3), faces.shape=(88, 3))> using load_stl
[DEBUG   ] [08/07/2024 10:19:35.723] [trimesh]: load_mesh executed in 0.0005 seconds.
[DEBUG   ] [08/07/2024 10:19:35.724] [trimesh]: face_normals didn't match triangles, ignoring!
[DEBUG   ] [08/07/2024 10:19:35.724] [trimesh]: loaded <trimesh.Trimesh(vertices.shape=(582, 3), faces.shape=(1164, 3))> using load_stl
[DEBUG   ] [08/07/2024 10:19:35.724] [trimesh]: load_mesh executed in 0.0010 seconds.
[DEBUG   ] [08/07/2024 10:19:35.725] [trimesh]: loaded <trimesh.Trimesh(vertices.shape=(8, 3), faces.shape=(12, 3))> using load_stl
[DEBUG   ] [08/07/2024 10:19:35.725] [trimesh]: load_mesh executed in 0.0004 seconds.
[DEBUG   ] [08/07/2024 10:19:35.727] [trimesh]: loaded <trimesh.Trimesh(vertices.shape=(1256, 3), faces.shape=(2508, 3))> using load_stl
[DEBUG   ] [08/07/2024 10:19:35.727] [trimesh]: load_mesh executed in 0.0016 seconds.
[DEBUG   ] [08/07/2024 10:19:35.727] [trimesh]: loaded <trimesh.Trimesh(vertices.shape=(8, 3), faces.shape=(12, 3))> using load_stl
[DEBUG   ] [08/07/2024 10:19:35.727] [trimesh]: load_mesh executed in 0.0004 seconds.
[DEBUG   ] [08/07/2024 10:19:35.728] [trimesh]: loaded <trimesh.Trimesh(vertices.shape=(72, 3), faces.shape=(140, 3))> using load_stl
[DEBUG   ] [08/07/2024 10:19:35.728] [trimesh]: load_mesh executed in 0.0004 seconds.
[DEBUG   ] [08/07/2024 10:19:35.729] [trimesh]: loaded <trimesh.Trimesh(vertices.shape=(72, 3), faces.shape=(140, 3))> using load_stl
[DEBUG   ] [08/07/2024 10:19:35.729] [trimesh]: load_mesh executed in 0.0004 seconds.
[DEBUG   ] [08/07/2024 10:19:35.729] [trimesh]: face_normals didn't match triangles, ignoring!
[DEBUG   ] [08/07/2024 10:19:35.730] [trimesh]: loaded <trimesh.Trimesh(vertices.shape=(577, 3), faces.shape=(1154, 3))> using load_stl
[DEBUG   ] [08/07/2024 10:19:35.730] [trimesh]: load_mesh executed in 0.0009 seconds.
[DEBUG   ] [08/07/2024 10:19:35.730] [trimesh]: loaded <trimesh.Trimesh(vertices.shape=(8, 3), faces.shape=(12, 3))> using load_stl
[DEBUG   ] [08/07/2024 10:19:35.730] [trimesh]: load_mesh executed in 0.0003 seconds.
[DEBUG   ] [08/07/2024 10:19:35.732] [trimesh]: loaded <trimesh.Trimesh(vertices.shape=(1256, 3), faces.shape=(2508, 3))> using load_stl
[DEBUG   ] [08/07/2024 10:19:35.732] [trimesh]: load_mesh executed in 0.0016 seconds.
[DEBUG   ] [08/07/2024 10:19:35.733] [trimesh]: loaded <trimesh.Trimesh(vertices.shape=(8, 3), faces.shape=(12, 3))> using load_stl
[DEBUG   ] [08/07/2024 10:19:35.733] [trimesh]: load_mesh executed in 0.0003 seconds.
[DEBUG   ] [08/07/2024 10:19:35.734] [trimesh]: loaded <trimesh.Trimesh(vertices.shape=(72, 3), faces.shape=(140, 3))> using load_stl
[DEBUG   ] [08/07/2024 10:19:35.734] [trimesh]: load_mesh executed in 0.0004 seconds.
[DEBUG   ] [08/07/2024 10:19:35.734] [trimesh]: loaded <trimesh.Trimesh(vertices.shape=(72, 3), faces.shape=(140, 3))> using load_stl
[DEBUG   ] [08/07/2024 10:19:35.734] [trimesh]: load_mesh executed in 0.0004 seconds.
[DEBUG   ] [08/07/2024 10:19:35.735] [trimesh]: loaded <trimesh.Trimesh(vertices.shape=(56, 3), faces.shape=(108, 3))> using load_stl
[DEBUG   ] [08/07/2024 10:19:35.735] [trimesh]: load_mesh executed in 0.0004 seconds.
[DEBUG   ] [08/07/2024 10:19:35.735] [trimesh]: loaded <trimesh.Trimesh(vertices.shape=(56, 3), faces.shape=(108, 3))> using load_stl
[DEBUG   ] [08/07/2024 10:19:35.735] [trimesh]: load_mesh executed in 0.0004 seconds.
[DEBUG   ] [08/07/2024 10:19:35.739] [trimesh]: loaded <trimesh.Trimesh(vertices.shape=(3274, 3), faces.shape=(6042, 3))> using load_stl
[DEBUG   ] [08/07/2024 10:19:35.739] [trimesh]: load_mesh executed in 0.0036 seconds.
[DEBUG   ] [08/07/2024 10:19:35.740] [trimesh]: loaded <trimesh.Trimesh(vertices.shape=(8, 3), faces.shape=(12, 3))> using load_stl
[DEBUG   ] [08/07/2024 10:19:35.740] [trimesh]: load_mesh executed in 0.0004 seconds.
[DEBUG   ] [08/07/2024 10:19:35.770] [wrist_pitch]: [Dynamixel ID:015] ping Succeeded. Dynamixel model : XM540-W270. Baud 115200
[DEBUG   ] [08/07/2024 10:19:35.773] [wrist_roll]: [Dynamixel ID:016] ping Succeeded. Dynamixel model : XM430-W350. Baud 115200
[DEBUG   ] [08/07/2024 10:19:35.776] [wrist_yaw]: [Dynamixel ID:013] ping Succeeded. Dynamixel model : XC430-W240. Baud 115200
[DEBUG   ] [08/07/2024 10:19:35.777] [base]: Fast motion turned off
[DEBUG   ] [08/07/2024 10:19:35.779] [stretch_gripper]: [Dynamixel ID:014] ping Succeeded. Dynamixel model : XL430-W250. Baud 115200
[DEBUG   ] [08/07/2024 10:19:35.785] [head_pan]: [Dynamixel ID:011] ping Succeeded. Dynamixel model : XC430-W240. Baud 115200
[DEBUG   ] [08/07/2024 10:19:35.791] [head_tilt]: [Dynamixel ID:012] ping Succeeded. Dynamixel model : XL430-W250. Baud 115200
[DEBUG   ] [08/07/2024 10:19:36.736] [robot]: ---- Shutting down robot ----
[DEBUG   ] [08/07/2024 10:19:36.737] [filelock]: Attempting to release lock 131952788910576 on /tmp/stretch_body_robot_pid.txt.lock
[DEBUG   ] [08/07/2024 10:19:36.737] [filelock]: Lock 131952788910576 released on /tmp/stretch_body_robot_pid.txt.lock
[DEBUG   ] [08/07/2024 10:19:36.739] [robot]: Shutting down NonDXLStatusThread
[DEBUG   ] [08/07/2024 10:19:36.782] [robot]: Shutting down DXLHeadStatusThread
[DEBUG   ] [08/07/2024 10:19:36.786] [robot]: Shutting down DXLEndOfArmStatusThread
[DEBUG   ] [08/07/2024 10:19:36.796] [robot]: Shutting down SystemMonitorThread
[DEBUG   ] [08/07/2024 10:19:36.796] [robot]: Shutting down pimu
[DEBUG   ] [08/07/2024 10:19:36.798] [pimu]: Shutting down TransportConnection on: /dev/hello-pimu
[DEBUG   ] [08/07/2024 10:19:36.832] [robot]: Shutting down base
[DEBUG   ] [08/07/2024 10:19:36.835] [hello-motor-left-wheel]: Shutting down Stepper on: /dev/hello-motor-left-wheel
[DEBUG   ] [08/07/2024 10:19:36.939] [hello-motor-left-wheel]: Shutting down TransportConnection on: /dev/hello-motor-left-wheel
[DEBUG   ] [08/07/2024 10:19:36.976] [hello-motor-right-wheel]: Shutting down Stepper on: /dev/hello-motor-right-wheel
[DEBUG   ] [08/07/2024 10:19:37.079] [hello-motor-right-wheel]: Shutting down TransportConnection on: /dev/hello-motor-right-wheel
[DEBUG   ] [08/07/2024 10:19:37.116] [robot]: Shutting down lift
[DEBUG   ] [08/07/2024 10:19:37.118] [hello-motor-lift]: Shutting down Stepper on: /dev/hello-motor-lift
[DEBUG   ] [08/07/2024 10:19:37.221] [hello-motor-lift]: Shutting down TransportConnection on: /dev/hello-motor-lift
[DEBUG   ] [08/07/2024 10:19:37.224] [robot]: Shutting down arm
[DEBUG   ] [08/07/2024 10:19:37.225] [hello-motor-arm]: Shutting down Stepper on: /dev/hello-motor-arm
[DEBUG   ] [08/07/2024 10:19:37.328] [hello-motor-arm]: Shutting down TransportConnection on: /dev/hello-motor-arm
[DEBUG   ] [08/07/2024 10:19:37.365] [robot]: Shutting down head
[DEBUG   ] [08/07/2024 10:19:37.372] [robot]: Shutting down wacc
[DEBUG   ] [08/07/2024 10:19:37.372] [wacc]: Shutting down TransportConnection on: /dev/hello-wacc
[DEBUG   ] [08/07/2024 10:19:37.409] [robot]: Shutting down end_of_arm
[DEBUG   ] [08/07/2024 10:19:37.477] [robot]: ---- Shutdown complete ----
