[DEBUG   ] [08/07/2024 09:53:41.295] [filelock]: Attempting to acquire lock 132324548323760 on /tmp/stretch_body_robot_pid.txt.lock
[DEBUG   ] [08/07/2024 09:53:41.295] [filelock]: Lock 132324548323760 acquired on /tmp/stretch_body_robot_pid.txt.lock
[DEBUG   ] [08/07/2024 09:53:41.303] [robot]: Starting up Robot stretch-se3-3014 of batch questlove
[DEBUG   ] [08/07/2024 09:53:41.303] [pimu]: Starting TransportConnection on: /dev/hello-pimu
[DEBUG   ] [08/07/2024 09:53:41.312] [hello-motor-left-wheel]: Starting TransportConnection on: /dev/hello-motor-left-wheel
[DEBUG   ] [08/07/2024 09:53:41.326] [hello-motor-right-wheel]: Starting TransportConnection on: /dev/hello-motor-right-wheel
[DEBUG   ] [08/07/2024 09:53:41.342] [hello-motor-lift]: Starting TransportConnection on: /dev/hello-motor-lift
[DEBUG   ] [08/07/2024 09:53:41.360] [hello-motor-arm]: Starting TransportConnection on: /dev/hello-motor-arm
[DEBUG   ] [08/07/2024 09:53:41.389] [head_pan]: [Dynamixel ID:011] ping Succeeded. Dynamixel model : XC430-W240. Baud 115200
[DEBUG   ] [08/07/2024 09:53:41.476] [head_tilt]: [Dynamixel ID:012] ping Succeeded. Dynamixel model : XL430-W250. Baud 115200
[DEBUG   ] [08/07/2024 09:53:41.572] [wacc]: Starting TransportConnection on: /dev/hello-wacc
[DEBUG   ] [08/07/2024 09:53:41.593] [wrist_pitch]: [Dynamixel ID:015] ping Succeeded. Dynamixel model : XM540-W270. Baud 115200
[DEBUG   ] [08/07/2024 09:53:41.710] [wrist_roll]: [Dynamixel ID:016] ping Succeeded. Dynamixel model : XM430-W350. Baud 115200
[DEBUG   ] [08/07/2024 09:53:41.808] [wrist_yaw]: [Dynamixel ID:013] ping Succeeded. Dynamixel model : XC430-W240. Baud 115200
[DEBUG   ] [08/07/2024 09:53:41.892] [stretch_gripper]: [Dynamixel ID:014] ping Succeeded. Dynamixel model : XL430-W250. Baud 115200
[DEBUG   ] [08/07/2024 09:53:42.023] [trimesh]: loaded <trimesh.Trimesh(vertices.shape=(17669, 3), faces.shape=(31052, 3))> using load_stl
[DEBUG   ] [08/07/2024 09:53:42.024] [trimesh]: load_mesh executed in 0.0240 seconds.
[DEBUG   ] [08/07/2024 09:53:42.024] [trimesh]: loaded <trimesh.Trimesh(vertices.shape=(8, 3), faces.shape=(12, 3))> using load_stl
[DEBUG   ] [08/07/2024 09:53:42.024] [trimesh]: load_mesh executed in 0.0006 seconds.
[DEBUG   ] [08/07/2024 09:53:42.025] [trimesh]: loaded <trimesh.Trimesh(vertices.shape=(8, 3), faces.shape=(12, 3))> using load_stl
[DEBUG   ] [08/07/2024 09:53:42.025] [trimesh]: load_mesh executed in 0.0004 seconds.
[DEBUG   ] [08/07/2024 09:53:42.026] [trimesh]: loaded <trimesh.Trimesh(vertices.shape=(8, 3), faces.shape=(12, 3))> using load_stl
[DEBUG   ] [08/07/2024 09:53:42.026] [trimesh]: load_mesh executed in 0.0004 seconds.
[DEBUG   ] [08/07/2024 09:53:42.034] [trimesh]: loaded <trimesh.Trimesh(vertices.shape=(6712, 3), faces.shape=(12741, 3))> using load_stl
[DEBUG   ] [08/07/2024 09:53:42.034] [trimesh]: load_mesh executed in 0.0081 seconds.
[DEBUG   ] [08/07/2024 09:53:42.035] [trimesh]: loaded <trimesh.Trimesh(vertices.shape=(8, 3), faces.shape=(12, 3))> using load_stl
[DEBUG   ] [08/07/2024 09:53:42.035] [trimesh]: load_mesh executed in 0.0005 seconds.
[DEBUG   ] [08/07/2024 09:53:42.043] [trimesh]: loaded <trimesh.Trimesh(vertices.shape=(6712, 3), faces.shape=(12741, 3))> using load_stl
[DEBUG   ] [08/07/2024 09:53:42.043] [trimesh]: load_mesh executed in 0.0077 seconds.
[DEBUG   ] [08/07/2024 09:53:42.044] [trimesh]: loaded <trimesh.Trimesh(vertices.shape=(8, 3), faces.shape=(12, 3))> using load_stl
[DEBUG   ] [08/07/2024 09:53:42.044] [trimesh]: load_mesh executed in 0.0004 seconds.
[DEBUG   ] [08/07/2024 09:53:42.086] [trimesh]: loaded <trimesh.Trimesh(vertices.shape=(27344, 3), faces.shape=(54720, 3))> using load_stl
[DEBUG   ] [08/07/2024 09:53:42.086] [trimesh]: load_mesh executed in 0.0420 seconds.
[DEBUG   ] [08/07/2024 09:53:42.087] [trimesh]: loaded <trimesh.Trimesh(vertices.shape=(32, 3), faces.shape=(60, 3))> using load_stl
[DEBUG   ] [08/07/2024 09:53:42.087] [trimesh]: load_mesh executed in 0.0006 seconds.
[DEBUG   ] [08/07/2024 09:53:42.087] [trimesh]: loaded <trimesh.Trimesh(vertices.shape=(8, 3), faces.shape=(12, 3))> using load_stl
[DEBUG   ] [08/07/2024 09:53:42.088] [trimesh]: load_mesh executed in 0.0004 seconds.
[DEBUG   ] [08/07/2024 09:53:42.097] [trimesh]: loaded <trimesh.Trimesh(vertices.shape=(7871, 3), faces.shape=(15812, 3))> using load_stl
[DEBUG   ] [08/07/2024 09:53:42.098] [trimesh]: load_mesh executed in 0.0095 seconds.
[DEBUG   ] [08/07/2024 09:53:42.098] [trimesh]: loaded <trimesh.Trimesh(vertices.shape=(8, 3), faces.shape=(12, 3))> using load_stl
[DEBUG   ] [08/07/2024 09:53:42.098] [trimesh]: load_mesh executed in 0.0004 seconds.
[DEBUG   ] [08/07/2024 09:53:42.100] [trimesh]: loaded <trimesh.Trimesh(vertices.shape=(1102, 3), faces.shape=(2268, 3))> using load_stl
[DEBUG   ] [08/07/2024 09:53:42.100] [trimesh]: load_mesh executed in 0.0016 seconds.
[DEBUG   ] [08/07/2024 09:53:42.101] [trimesh]: loaded <trimesh.Trimesh(vertices.shape=(8, 3), faces.shape=(12, 3))> using load_stl
[DEBUG   ] [08/07/2024 09:53:42.101] [trimesh]: load_mesh executed in 0.0004 seconds.
[DEBUG   ] [08/07/2024 09:53:42.103] [trimesh]: loaded <trimesh.Trimesh(vertices.shape=(1176, 3), faces.shape=(2416, 3))> using load_stl
[DEBUG   ] [08/07/2024 09:53:42.103] [trimesh]: load_mesh executed in 0.0016 seconds.
[DEBUG   ] [08/07/2024 09:53:42.103] [trimesh]: loaded <trimesh.Trimesh(vertices.shape=(8, 3), faces.shape=(12, 3))> using load_stl
[DEBUG   ] [08/07/2024 09:53:42.103] [trimesh]: load_mesh executed in 0.0004 seconds.
[DEBUG   ] [08/07/2024 09:53:42.105] [trimesh]: loaded <trimesh.Trimesh(vertices.shape=(1176, 3), faces.shape=(2416, 3))> using load_stl
[DEBUG   ] [08/07/2024 09:53:42.105] [trimesh]: load_mesh executed in 0.0016 seconds.
[DEBUG   ] [08/07/2024 09:53:42.106] [trimesh]: loaded <trimesh.Trimesh(vertices.shape=(8, 3), faces.shape=(12, 3))> using load_stl
[DEBUG   ] [08/07/2024 09:53:42.106] [trimesh]: load_mesh executed in 0.0004 seconds.
[DEBUG   ] [08/07/2024 09:53:42.107] [trimesh]: loaded <trimesh.Trimesh(vertices.shape=(1204, 3), faces.shape=(2472, 3))> using load_stl
[DEBUG   ] [08/07/2024 09:53:42.107] [trimesh]: load_mesh executed in 0.0016 seconds.
[DEBUG   ] [08/07/2024 09:53:42.108] [trimesh]: loaded <trimesh.Trimesh(vertices.shape=(8, 3), faces.shape=(12, 3))> using load_stl
[DEBUG   ] [08/07/2024 09:53:42.108] [trimesh]: load_mesh executed in 0.0004 seconds.
[DEBUG   ] [08/07/2024 09:53:42.113] [trimesh]: loaded <trimesh.Trimesh(vertices.shape=(4271, 3), faces.shape=(8838, 3))> using load_stl
[DEBUG   ] [08/07/2024 09:53:42.113] [trimesh]: load_mesh executed in 0.0050 seconds.
[DEBUG   ] [08/07/2024 09:53:42.114] [trimesh]: loaded <trimesh.Trimesh(vertices.shape=(8, 3), faces.shape=(12, 3))> using load_stl
[DEBUG   ] [08/07/2024 09:53:42.114] [trimesh]: load_mesh executed in 0.0004 seconds.
[DEBUG   ] [08/07/2024 09:53:42.116] [trimesh]: loaded <trimesh.Trimesh(vertices.shape=(1433, 3), faces.shape=(2870, 3))> using load_stl
[DEBUG   ] [08/07/2024 09:53:42.116] [trimesh]: load_mesh executed in 0.0018 seconds.
[DEBUG   ] [08/07/2024 09:53:42.116] [trimesh]: face_normals didn't match triangles, ignoring!
[DEBUG   ] [08/07/2024 09:53:42.117] [trimesh]: loaded <trimesh.Trimesh(vertices.shape=(8, 3), faces.shape=(12, 3))> using load_stl
[DEBUG   ] [08/07/2024 09:53:42.117] [trimesh]: load_mesh executed in 0.0004 seconds.
[DEBUG   ] [08/07/2024 09:53:42.126] [trimesh]: loaded <trimesh.Trimesh(vertices.shape=(7551, 3), faces.shape=(15334, 3))> using load_stl
[DEBUG   ] [08/07/2024 09:53:42.126] [trimesh]: load_mesh executed in 0.0095 seconds.
[DEBUG   ] [08/07/2024 09:53:42.127] [trimesh]: loaded <trimesh.Trimesh(vertices.shape=(8, 3), faces.shape=(12, 3))> using load_stl
[DEBUG   ] [08/07/2024 09:53:42.127] [trimesh]: load_mesh executed in 0.0004 seconds.
[DEBUG   ] [08/07/2024 09:53:42.131] [trimesh]: loaded <trimesh.Trimesh(vertices.shape=(3017, 3), faces.shape=(6118, 3))> using load_stl
[DEBUG   ] [08/07/2024 09:53:42.131] [trimesh]: load_mesh executed in 0.0036 seconds.
[DEBUG   ] [08/07/2024 09:53:42.132] [trimesh]: loaded <trimesh.Trimesh(vertices.shape=(8, 3), faces.shape=(12, 3))> using load_stl
[DEBUG   ] [08/07/2024 09:53:42.132] [trimesh]: load_mesh executed in 0.0004 seconds.
[DEBUG   ] [08/07/2024 09:53:42.145] [trimesh]: loaded <trimesh.Trimesh(vertices.shape=(9941, 3), faces.shape=(20078, 3))> using load_stl
[DEBUG   ] [08/07/2024 09:53:42.145] [trimesh]: load_mesh executed in 0.0132 seconds.
[DEBUG   ] [08/07/2024 09:53:42.146] [trimesh]: loaded <trimesh.Trimesh(vertices.shape=(8, 3), faces.shape=(12, 3))> using load_stl
[DEBUG   ] [08/07/2024 09:53:42.146] [trimesh]: load_mesh executed in 0.0005 seconds.
[DEBUG   ] [08/07/2024 09:53:42.147] [trimesh]: loaded <trimesh.Trimesh(vertices.shape=(40, 3), faces.shape=(76, 3))> using load_stl
[DEBUG   ] [08/07/2024 09:53:42.147] [trimesh]: load_mesh executed in 0.0004 seconds.
[DEBUG   ] [08/07/2024 09:53:42.147] [trimesh]: loaded <trimesh.Trimesh(vertices.shape=(40, 3), faces.shape=(76, 3))> using load_stl
[DEBUG   ] [08/07/2024 09:53:42.147] [trimesh]: load_mesh executed in 0.0004 seconds.
[DEBUG   ] [08/07/2024 09:53:42.148] [trimesh]: loaded <trimesh.Trimesh(vertices.shape=(40, 3), faces.shape=(76, 3))> using load_stl
[DEBUG   ] [08/07/2024 09:53:42.148] [trimesh]: load_mesh executed in 0.0004 seconds.
[DEBUG   ] [08/07/2024 09:53:42.148] [trimesh]: loaded <trimesh.Trimesh(vertices.shape=(40, 3), faces.shape=(76, 3))> using load_stl
[DEBUG   ] [08/07/2024 09:53:42.148] [trimesh]: load_mesh executed in 0.0004 seconds.
[DEBUG   ] [08/07/2024 09:53:42.149] [trimesh]: loaded <trimesh.Trimesh(vertices.shape=(40, 3), faces.shape=(76, 3))> using load_stl
[DEBUG   ] [08/07/2024 09:53:42.149] [trimesh]: load_mesh executed in 0.0004 seconds.
[DEBUG   ] [08/07/2024 09:53:42.150] [trimesh]: loaded <trimesh.Trimesh(vertices.shape=(40, 3), faces.shape=(76, 3))> using load_stl
[DEBUG   ] [08/07/2024 09:53:42.150] [trimesh]: load_mesh executed in 0.0004 seconds.
[DEBUG   ] [08/07/2024 09:53:42.150] [trimesh]: loaded <trimesh.Trimesh(vertices.shape=(40, 3), faces.shape=(76, 3))> using load_stl
[DEBUG   ] [08/07/2024 09:53:42.150] [trimesh]: load_mesh executed in 0.0004 seconds.
[DEBUG   ] [08/07/2024 09:53:42.151] [trimesh]: loaded <trimesh.Trimesh(vertices.shape=(40, 3), faces.shape=(76, 3))> using load_stl
[DEBUG   ] [08/07/2024 09:53:42.151] [trimesh]: load_mesh executed in 0.0004 seconds.
[DEBUG   ] [08/07/2024 09:53:42.152] [trimesh]: loaded <trimesh.Trimesh(vertices.shape=(40, 3), faces.shape=(76, 3))> using load_stl
[DEBUG   ] [08/07/2024 09:53:42.152] [trimesh]: load_mesh executed in 0.0004 seconds.
[DEBUG   ] [08/07/2024 09:53:42.152] [trimesh]: loaded <trimesh.Trimesh(vertices.shape=(40, 3), faces.shape=(76, 3))> using load_stl
[DEBUG   ] [08/07/2024 09:53:42.152] [trimesh]: load_mesh executed in 0.0004 seconds.
[DEBUG   ] [08/07/2024 09:53:42.439] [trimesh]: loaded <trimesh.Scene(len(geometry)=18)> using load_collada
[DEBUG   ] [08/07/2024 09:53:42.439] [trimesh]: load_mesh executed in 0.2867 seconds.
[DEBUG   ] [08/07/2024 09:53:42.439] [trimesh]: `nodes_geometry`: 9.77E-06s, `cache.verify`: 1.46E-06s
[DEBUG   ] [08/07/2024 09:53:42.440] [trimesh]: apply_transform passed identity matrix
[DEBUG   ] [08/07/2024 09:53:42.440] [trimesh]: apply_transform passed identity matrix
[DEBUG   ] [08/07/2024 09:53:42.440] [trimesh]: apply_transform passed identity matrix
[DEBUG   ] [08/07/2024 09:53:42.440] [trimesh]: apply_transform passed identity matrix
[DEBUG   ] [08/07/2024 09:53:42.440] [trimesh]: apply_transform passed identity matrix
[DEBUG   ] [08/07/2024 09:53:42.440] [trimesh]: apply_transform passed identity matrix
[DEBUG   ] [08/07/2024 09:53:42.440] [trimesh]: apply_transform passed identity matrix
[DEBUG   ] [08/07/2024 09:53:42.440] [trimesh]: apply_transform passed identity matrix
[DEBUG   ] [08/07/2024 09:53:42.441] [trimesh]: apply_transform passed identity matrix
[DEBUG   ] [08/07/2024 09:53:42.441] [trimesh]: apply_transform passed identity matrix
[DEBUG   ] [08/07/2024 09:53:42.441] [trimesh]: apply_transform passed identity matrix
[DEBUG   ] [08/07/2024 09:53:42.441] [trimesh]: apply_transform passed identity matrix
[DEBUG   ] [08/07/2024 09:53:42.444] [trimesh]: apply_transform passed identity matrix
[DEBUG   ] [08/07/2024 09:53:42.444] [trimesh]: apply_transform passed identity matrix
[DEBUG   ] [08/07/2024 09:53:42.444] [trimesh]: apply_transform passed identity matrix
[DEBUG   ] [08/07/2024 09:53:42.444] [trimesh]: apply_transform passed identity matrix
[DEBUG   ] [08/07/2024 09:53:42.444] [trimesh]: apply_transform passed identity matrix
[DEBUG   ] [08/07/2024 09:53:42.444] [trimesh]: apply_transform passed identity matrix
[DEBUG   ] [08/07/2024 09:53:42.445] [trimesh]: face_normals didn't match triangles, ignoring!
[DEBUG   ] [08/07/2024 09:53:42.446] [trimesh]: loaded <trimesh.Trimesh(vertices.shape=(344, 3), faces.shape=(684, 3))> using load_stl
[DEBUG   ] [08/07/2024 09:53:42.446] [trimesh]: load_mesh executed in 0.0008 seconds.
[DEBUG   ] [08/07/2024 09:53:42.446] [trimesh]: loaded <trimesh.Trimesh(vertices.shape=(8, 3), faces.shape=(12, 3))> using load_stl
[DEBUG   ] [08/07/2024 09:53:42.446] [trimesh]: load_mesh executed in 0.0004 seconds.
[DEBUG   ] [08/07/2024 09:53:42.447] [trimesh]: loaded <trimesh.Trimesh(vertices.shape=(430, 3), faces.shape=(896, 3))> using load_stl
[DEBUG   ] [08/07/2024 09:53:42.448] [trimesh]: load_mesh executed in 0.0008 seconds.
[DEBUG   ] [08/07/2024 09:53:42.448] [trimesh]: loaded <trimesh.Trimesh(vertices.shape=(430, 3), faces.shape=(896, 3))> using load_stl
[DEBUG   ] [08/07/2024 09:53:42.448] [trimesh]: load_mesh executed in 0.0008 seconds.
[DEBUG   ] [08/07/2024 09:53:42.450] [trimesh]: loaded <trimesh.Trimesh(vertices.shape=(1130, 3), faces.shape=(2292, 3))> using load_stl
[DEBUG   ] [08/07/2024 09:53:42.450] [trimesh]: load_mesh executed in 0.0016 seconds.
[DEBUG   ] [08/07/2024 09:53:42.452] [trimesh]: loaded <trimesh.Trimesh(vertices.shape=(1130, 3), faces.shape=(2292, 3))> using load_stl
[DEBUG   ] [08/07/2024 09:53:42.452] [trimesh]: load_mesh executed in 0.0015 seconds.
[DEBUG   ] [08/07/2024 09:53:42.455] [trimesh]: loaded <trimesh.Trimesh(vertices.shape=(1847, 3), faces.shape=(3729, 3))> using load_stl
[DEBUG   ] [08/07/2024 09:53:42.455] [trimesh]: load_mesh executed in 0.0022 seconds.
[DEBUG   ] [08/07/2024 09:53:42.455] [trimesh]: loaded <trimesh.Trimesh(vertices.shape=(8, 3), faces.shape=(12, 3))> using load_stl
[DEBUG   ] [08/07/2024 09:53:42.455] [trimesh]: load_mesh executed in 0.0004 seconds.
[DEBUG   ] [08/07/2024 09:53:42.457] [trimesh]: loaded <trimesh.Trimesh(vertices.shape=(1433, 3), faces.shape=(2842, 3))> using load_stl
[DEBUG   ] [08/07/2024 09:53:42.457] [trimesh]: load_mesh executed in 0.0018 seconds.
[DEBUG   ] [08/07/2024 09:53:42.458] [trimesh]: loaded <trimesh.Trimesh(vertices.shape=(8, 3), faces.shape=(12, 3))> using load_stl
[DEBUG   ] [08/07/2024 09:53:42.458] [trimesh]: load_mesh executed in 0.0004 seconds.
[DEBUG   ] [08/07/2024 09:53:42.459] [trimesh]: loaded <trimesh.Trimesh(vertices.shape=(381, 3), faces.shape=(758, 3))> using load_stl
[DEBUG   ] [08/07/2024 09:53:42.459] [trimesh]: load_mesh executed in 0.0007 seconds.
[DEBUG   ] [08/07/2024 09:53:42.460] [trimesh]: loaded <trimesh.Trimesh(vertices.shape=(8, 3), faces.shape=(12, 3))> using load_stl
[DEBUG   ] [08/07/2024 09:53:42.460] [trimesh]: load_mesh executed in 0.0004 seconds.
[DEBUG   ] [08/07/2024 09:53:42.475] [trimesh]: loaded <trimesh.Trimesh(vertices.shape=(14545, 3), faces.shape=(24513, 3))> using load_stl
[DEBUG   ] [08/07/2024 09:53:42.475] [trimesh]: load_mesh executed in 0.0152 seconds.
[DEBUG   ] [08/07/2024 09:53:42.476] [trimesh]: loaded <trimesh.Trimesh(vertices.shape=(46, 3), faces.shape=(88, 3))> using load_stl
[DEBUG   ] [08/07/2024 09:53:42.476] [trimesh]: load_mesh executed in 0.0006 seconds.
[DEBUG   ] [08/07/2024 09:53:42.477] [trimesh]: face_normals didn't match triangles, ignoring!
[DEBUG   ] [08/07/2024 09:53:42.477] [trimesh]: loaded <trimesh.Trimesh(vertices.shape=(582, 3), faces.shape=(1164, 3))> using load_stl
[DEBUG   ] [08/07/2024 09:53:42.477] [trimesh]: load_mesh executed in 0.0010 seconds.
[DEBUG   ] [08/07/2024 09:53:42.478] [trimesh]: loaded <trimesh.Trimesh(vertices.shape=(8, 3), faces.shape=(12, 3))> using load_stl
[DEBUG   ] [08/07/2024 09:53:42.478] [trimesh]: load_mesh executed in 0.0004 seconds.
[DEBUG   ] [08/07/2024 09:53:42.480] [trimesh]: loaded <trimesh.Trimesh(vertices.shape=(1256, 3), faces.shape=(2508, 3))> using load_stl
[DEBUG   ] [08/07/2024 09:53:42.480] [trimesh]: load_mesh executed in 0.0016 seconds.
[DEBUG   ] [08/07/2024 09:53:42.480] [trimesh]: loaded <trimesh.Trimesh(vertices.shape=(8, 3), faces.shape=(12, 3))> using load_stl
[DEBUG   ] [08/07/2024 09:53:42.480] [trimesh]: load_mesh executed in 0.0004 seconds.
[DEBUG   ] [08/07/2024 09:53:42.481] [trimesh]: loaded <trimesh.Trimesh(vertices.shape=(72, 3), faces.shape=(140, 3))> using load_stl
[DEBUG   ] [08/07/2024 09:53:42.481] [trimesh]: load_mesh executed in 0.0004 seconds.
[DEBUG   ] [08/07/2024 09:53:42.482] [trimesh]: loaded <trimesh.Trimesh(vertices.shape=(72, 3), faces.shape=(140, 3))> using load_stl
[DEBUG   ] [08/07/2024 09:53:42.482] [trimesh]: load_mesh executed in 0.0004 seconds.
[DEBUG   ] [08/07/2024 09:53:42.482] [trimesh]: face_normals didn't match triangles, ignoring!
[DEBUG   ] [08/07/2024 09:53:42.483] [trimesh]: loaded <trimesh.Trimesh(vertices.shape=(577, 3), faces.shape=(1154, 3))> using load_stl
[DEBUG   ] [08/07/2024 09:53:42.483] [trimesh]: load_mesh executed in 0.0009 seconds.
[DEBUG   ] [08/07/2024 09:53:42.483] [trimesh]: loaded <trimesh.Trimesh(vertices.shape=(8, 3), faces.shape=(12, 3))> using load_stl
[DEBUG   ] [08/07/2024 09:53:42.483] [trimesh]: load_mesh executed in 0.0003 seconds.
[DEBUG   ] [08/07/2024 09:53:42.485] [trimesh]: loaded <trimesh.Trimesh(vertices.shape=(1256, 3), faces.shape=(2508, 3))> using load_stl
[DEBUG   ] [08/07/2024 09:53:42.485] [trimesh]: load_mesh executed in 0.0016 seconds.
[DEBUG   ] [08/07/2024 09:53:42.486] [trimesh]: loaded <trimesh.Trimesh(vertices.shape=(8, 3), faces.shape=(12, 3))> using load_stl
[DEBUG   ] [08/07/2024 09:53:42.486] [trimesh]: load_mesh executed in 0.0004 seconds.
[DEBUG   ] [08/07/2024 09:53:42.487] [trimesh]: loaded <trimesh.Trimesh(vertices.shape=(72, 3), faces.shape=(140, 3))> using load_stl
[DEBUG   ] [08/07/2024 09:53:42.487] [trimesh]: load_mesh executed in 0.0004 seconds.
[DEBUG   ] [08/07/2024 09:53:42.487] [trimesh]: loaded <trimesh.Trimesh(vertices.shape=(72, 3), faces.shape=(140, 3))> using load_stl
[DEBUG   ] [08/07/2024 09:53:42.487] [trimesh]: load_mesh executed in 0.0004 seconds.
[DEBUG   ] [08/07/2024 09:53:42.488] [trimesh]: loaded <trimesh.Trimesh(vertices.shape=(56, 3), faces.shape=(108, 3))> using load_stl
[DEBUG   ] [08/07/2024 09:53:42.488] [trimesh]: load_mesh executed in 0.0004 seconds.
[DEBUG   ] [08/07/2024 09:53:42.489] [trimesh]: loaded <trimesh.Trimesh(vertices.shape=(56, 3), faces.shape=(108, 3))> using load_stl
[DEBUG   ] [08/07/2024 09:53:42.489] [trimesh]: load_mesh executed in 0.0004 seconds.
[DEBUG   ] [08/07/2024 09:53:42.493] [trimesh]: loaded <trimesh.Trimesh(vertices.shape=(3274, 3), faces.shape=(6042, 3))> using load_stl
[DEBUG   ] [08/07/2024 09:53:42.493] [trimesh]: load_mesh executed in 0.0035 seconds.
[DEBUG   ] [08/07/2024 09:53:42.493] [trimesh]: loaded <trimesh.Trimesh(vertices.shape=(8, 3), faces.shape=(12, 3))> using load_stl
[DEBUG   ] [08/07/2024 09:53:42.493] [trimesh]: load_mesh executed in 0.0004 seconds.
[DEBUG   ] [08/07/2024 09:53:42.524] [wrist_pitch]: [Dynamixel ID:015] ping Succeeded. Dynamixel model : XM540-W270. Baud 115200
[DEBUG   ] [08/07/2024 09:53:42.527] [wrist_roll]: [Dynamixel ID:016] ping Succeeded. Dynamixel model : XM430-W350. Baud 115200
[DEBUG   ] [08/07/2024 09:53:42.530] [base]: Fast motion turned off
[DEBUG   ] [08/07/2024 09:53:42.531] [arm]: In Vel-Braking Zone.
[DEBUG   ] [08/07/2024 09:53:42.532] [wrist_yaw]: [Dynamixel ID:013] ping Succeeded. Dynamixel model : XC430-W240. Baud 115200
[DEBUG   ] [08/07/2024 09:53:42.558] [stretch_gripper]: [Dynamixel ID:014] ping Succeeded. Dynamixel model : XL430-W250. Baud 115200
[DEBUG   ] [08/07/2024 09:53:42.561] [head_pan]: [Dynamixel ID:011] ping Succeeded. Dynamixel model : XC430-W240. Baud 115200
[DEBUG   ] [08/07/2024 09:53:42.564] [head_tilt]: [Dynamixel ID:012] ping Succeeded. Dynamixel model : XL430-W250. Baud 115200
[DEBUG   ] [08/07/2024 09:53:42.622] [arm]: In Vel-Braking Zone.
[DEBUG   ] [08/07/2024 09:53:42.693] [arm]: In Vel-Braking Zone.
[DEBUG   ] [08/07/2024 09:53:42.760] [arm]: In Vel-Braking Zone.
[DEBUG   ] [08/07/2024 09:53:43.001] [arm]: In Vel-Braking Zone.
[DEBUG   ] [08/07/2024 09:53:43.068] [arm]: In Vel-Braking Zone.
[DEBUG   ] [08/07/2024 09:53:43.135] [arm]: In Vel-Braking Zone.
[DEBUG   ] [08/07/2024 09:53:43.202] [arm]: In Vel-Braking Zone.
[DEBUG   ] [08/07/2024 09:53:43.269] [arm]: In Vel-Braking Zone.
[DEBUG   ] [08/07/2024 09:53:43.336] [arm]: In Vel-Braking Zone.
[DEBUG   ] [08/07/2024 09:53:43.403] [arm]: In Vel-Braking Zone.
[DEBUG   ] [08/07/2024 09:53:43.470] [arm]: In Vel-Braking Zone.
[DEBUG   ] [08/07/2024 09:53:43.536] [arm]: In Vel-Braking Zone.
[DEBUG   ] [08/07/2024 09:53:43.604] [arm]: In Vel-Braking Zone.
[DEBUG   ] [08/07/2024 09:53:43.671] [arm]: In Vel-Braking Zone.
[DEBUG   ] [08/07/2024 09:53:43.738] [arm]: In Vel-Braking Zone.
[DEBUG   ] [08/07/2024 09:53:43.804] [arm]: In Vel-Braking Zone.
[DEBUG   ] [08/07/2024 09:53:43.871] [arm]: In Vel-Braking Zone.
[DEBUG   ] [08/07/2024 09:53:43.938] [arm]: In Vel-Braking Zone.
[DEBUG   ] [08/07/2024 09:53:43.945] [robot]: ---- Shutting down robot ----
[DEBUG   ] [08/07/2024 09:53:43.945] [filelock]: Attempting to release lock 132324548323760 on /tmp/stretch_body_robot_pid.txt.lock
[DEBUG   ] [08/07/2024 09:53:43.946] [filelock]: Lock 132324548323760 released on /tmp/stretch_body_robot_pid.txt.lock
[DEBUG   ] [08/07/2024 09:53:43.948] [robot]: Shutting down NonDXLStatusThread
[DEBUG   ] [08/07/2024 09:53:43.950] [robot]: Shutting down DXLHeadStatusThread
[DEBUG   ] [08/07/2024 09:53:43.953] [robot]: Shutting down DXLEndOfArmStatusThread
[DEBUG   ] [08/07/2024 09:53:44.005] [robot]: Shutting down SystemMonitorThread
[DEBUG   ] [08/07/2024 09:53:44.006] [robot]: Shutting down pimu
[DEBUG   ] [08/07/2024 09:53:44.008] [pimu]: Shutting down TransportConnection on: /dev/hello-pimu
[DEBUG   ] [08/07/2024 09:53:44.043] [robot]: Shutting down base
[DEBUG   ] [08/07/2024 09:53:44.045] [hello-motor-left-wheel]: Shutting down Stepper on: /dev/hello-motor-left-wheel
[DEBUG   ] [08/07/2024 09:53:44.148] [hello-motor-left-wheel]: Shutting down TransportConnection on: /dev/hello-motor-left-wheel
[DEBUG   ] [08/07/2024 09:53:44.183] [hello-motor-right-wheel]: Shutting down Stepper on: /dev/hello-motor-right-wheel
[DEBUG   ] [08/07/2024 09:53:44.286] [hello-motor-right-wheel]: Shutting down TransportConnection on: /dev/hello-motor-right-wheel
[DEBUG   ] [08/07/2024 09:53:44.321] [robot]: Shutting down lift
[DEBUG   ] [08/07/2024 09:53:44.322] [hello-motor-lift]: Shutting down Stepper on: /dev/hello-motor-lift
[DEBUG   ] [08/07/2024 09:53:44.425] [hello-motor-lift]: Shutting down TransportConnection on: /dev/hello-motor-lift
[DEBUG   ] [08/07/2024 09:53:44.427] [robot]: Shutting down arm
[DEBUG   ] [08/07/2024 09:53:44.428] [hello-motor-arm]: Shutting down Stepper on: /dev/hello-motor-arm
[DEBUG   ] [08/07/2024 09:53:44.531] [hello-motor-arm]: Shutting down TransportConnection on: /dev/hello-motor-arm
[DEBUG   ] [08/07/2024 09:53:44.566] [robot]: Shutting down head
[DEBUG   ] [08/07/2024 09:53:44.572] [robot]: Shutting down wacc
[DEBUG   ] [08/07/2024 09:53:44.573] [wacc]: Shutting down TransportConnection on: /dev/hello-wacc
[DEBUG   ] [08/07/2024 09:53:44.608] [robot]: Shutting down end_of_arm
[DEBUG   ] [08/07/2024 09:53:44.676] [robot]: ---- Shutdown complete ----
