[DEBUG   ] [03/05/2024 10:39:36.383] [hello-motor-arm]: Starting TransportConnection on: /dev/hello-motor-arm
[DEBUG   ] [03/05/2024 10:39:36.398] [hello-motor-arm]: Shutting down Stepper on: /dev/hello-motor-arm
[DEBUG   ] [03/05/2024 10:39:36.501] [hello-motor-arm]: Shutting down TransportConnection on: /dev/hello-motor-arm
[DEBUG   ] [03/05/2024 10:39:36.537] [hello-motor-right-wheel]: Starting TransportConnection on: /dev/hello-motor-right-wheel
[DEBUG   ] [03/05/2024 10:39:36.555] [hello-motor-right-wheel]: Shutting down Stepper on: /dev/hello-motor-right-wheel
[DEBUG   ] [03/05/2024 10:39:36.658] [hello-motor-right-wheel]: Shutting down TransportConnection on: /dev/hello-motor-right-wheel
[DEBUG   ] [03/05/2024 10:39:36.698] [hello-motor-left-wheel]: Starting TransportConnection on: /dev/hello-motor-left-wheel
[DEBUG   ] [03/05/2024 10:39:36.714] [hello-motor-left-wheel]: Shutting down Stepper on: /dev/hello-motor-left-wheel
[DEBUG   ] [03/05/2024 10:39:36.817] [hello-motor-left-wheel]: Shutting down TransportConnection on: /dev/hello-motor-left-wheel
[DEBUG   ] [03/05/2024 10:39:36.878] [pimu]: Starting TransportConnection on: /dev/hello-pimu
[DEBUG   ] [03/05/2024 10:39:36.889] [pimu]: Shutting down TransportConnection on: /dev/hello-pimu
[DEBUG   ] [03/05/2024 10:39:36.926] [wacc]: Starting TransportConnection on: /dev/hello-wacc
[DEBUG   ] [03/05/2024 10:39:36.938] [wacc]: Shutting down TransportConnection on: /dev/hello-wacc
[DEBUG   ] [03/05/2024 10:39:36.975] [hello-motor-lift]: Starting TransportConnection on: /dev/hello-motor-lift
[DEBUG   ] [03/05/2024 10:39:36.991] [hello-motor-lift]: Shutting down Stepper on: /dev/hello-motor-lift
[DEBUG   ] [03/05/2024 10:39:37.094] [hello-motor-lift]: Shutting down TransportConnection on: /dev/hello-motor-lift
[DEBUG   ] [03/05/2024 10:39:54.320] [root]: Config: /tmp/stretch_firmware_update/arduino-cli.yaml
[DEBUG   ] [03/05/2024 10:39:54.320] [root]: Repo: None
[DEBUG   ] [03/05/2024 10:39:54.323] [hello-motor-arm]: Starting TransportConnection on: /dev/hello-motor-arm
[DEBUG   ] [03/05/2024 10:39:54.336] [hello-motor-arm]: Shutting down Stepper on: /dev/hello-motor-arm
[DEBUG   ] [03/05/2024 10:39:54.439] [hello-motor-arm]: Shutting down TransportConnection on: /dev/hello-motor-arm
[DEBUG   ] [03/05/2024 10:39:54.476] [root]: Device: hello-motor-arm Port: ttyACM7
[DEBUG   ] [03/05/2024 10:39:54.519] [root]: arduino-cli compile --config-file /tmp/stretch_firmware_update/arduino-cli.yaml --fqbn hello-robot:samd:hello_stepper /tmp/stretch_firmware_update/arduino/hello_stepper --export-binaries
[DEBUG   ] [03/05/2024 10:39:56.288] [root]: Sketch uses 158960 bytes (60%) of program storage space. Maximum is 262144 bytes.

[92mUsed library[0m           [92mVersion[0m [90mPath[0m                                                                         
[93mHello-Serial-Transport[0m 0.1     [90m/tmp/stretch_firmware_update/arduino/libraries/Hello_Serial_Transport[0m        
[93mSPI[0m                    1.0     [90m/tmp/stretch_firmware_update/arduino/hardware/hello-robot/samd/libraries/SPI[0m 
[93mFlashStorage[0m           0.7.1   [90m/tmp/stretch_firmware_update/arduino/libraries/FlashStorage[0m                  
[93mWire[0m                   1.0     [90m/tmp/stretch_firmware_update/arduino/hardware/hello-robot/samd/libraries/Wire[0m

[92mUsed platform[0m    [92mVersion[0m [90mPath[0m                                                          
[93mhello-robot:samd[0m 1.6.17  [90m/tmp/stretch_firmware_update/arduino/hardware/hello-robot/samd[0m
[DEBUG   ] [03/05/2024 10:40:06.523] [hello-motor-arm]: Starting TransportConnection on: /dev/hello-motor-arm
[DEBUG   ] [03/05/2024 10:40:07.041] [hello-motor-arm]: Shutting down Stepper on: /dev/hello-motor-arm
[DEBUG   ] [03/05/2024 10:40:07.145] [hello-motor-arm]: Shutting down TransportConnection on: /dev/hello-motor-arm
[DEBUG   ] [03/05/2024 10:40:07.181] [hello-motor-arm]: Starting TransportConnection on: /dev/hello-motor-arm
[DEBUG   ] [03/05/2024 10:40:07.196] [hello-motor-arm]: Shutting down Stepper on: /dev/hello-motor-arm
[DEBUG   ] [03/05/2024 10:40:07.300] [hello-motor-arm]: Shutting down TransportConnection on: /dev/hello-motor-arm
[DEBUG   ] [03/05/2024 10:40:07.341] [hello-motor-arm]: Starting TransportConnection on: /dev/hello-motor-arm
[DEBUG   ] [03/05/2024 10:40:07.663] [hello-motor-arm]: Writing encoder calibration...
[DEBUG   ] [03/05/2024 10:40:14.064] [root]: Config: /tmp/stretch_firmware_update/arduino-cli.yaml
[DEBUG   ] [03/05/2024 10:40:14.064] [root]: Repo: None
[DEBUG   ] [03/05/2024 10:40:14.070] [hello-motor-right-wheel]: Starting TransportConnection on: /dev/hello-motor-right-wheel
[DEBUG   ] [03/05/2024 10:40:14.083] [hello-motor-right-wheel]: Shutting down Stepper on: /dev/hello-motor-right-wheel
[DEBUG   ] [03/05/2024 10:40:14.186] [hello-motor-right-wheel]: Shutting down TransportConnection on: /dev/hello-motor-right-wheel
[DEBUG   ] [03/05/2024 10:40:14.221] [root]: Device: hello-motor-right-wheel Port: ttyACM6
[DEBUG   ] [03/05/2024 10:40:14.231] [root]: arduino-cli compile --config-file /tmp/stretch_firmware_update/arduino-cli.yaml --fqbn hello-robot:samd:hello_stepper /tmp/stretch_firmware_update/arduino/hello_stepper --export-binaries
[DEBUG   ] [03/05/2024 10:40:14.635] [root]: Sketch uses 158960 bytes (60%) of program storage space. Maximum is 262144 bytes.

[92mUsed library[0m           [92mVersion[0m [90mPath[0m                                                                         
[93mHello-Serial-Transport[0m 0.1     [90m/tmp/stretch_firmware_update/arduino/libraries/Hello_Serial_Transport[0m        
[93mSPI[0m                    1.0     [90m/tmp/stretch_firmware_update/arduino/hardware/hello-robot/samd/libraries/SPI[0m 
[93mFlashStorage[0m           0.7.1   [90m/tmp/stretch_firmware_update/arduino/libraries/FlashStorage[0m                  
[93mWire[0m                   1.0     [90m/tmp/stretch_firmware_update/arduino/hardware/hello-robot/samd/libraries/Wire[0m

[92mUsed platform[0m    [92mVersion[0m [90mPath[0m                                                          
[93mhello-robot:samd[0m 1.6.17  [90m/tmp/stretch_firmware_update/arduino/hardware/hello-robot/samd[0m
[DEBUG   ] [03/05/2024 10:40:24.654] [hello-motor-right-wheel]: Starting TransportConnection on: /dev/hello-motor-right-wheel
[DEBUG   ] [03/05/2024 10:40:25.172] [hello-motor-right-wheel]: Shutting down Stepper on: /dev/hello-motor-right-wheel
[DEBUG   ] [03/05/2024 10:40:25.275] [hello-motor-right-wheel]: Shutting down TransportConnection on: /dev/hello-motor-right-wheel
[DEBUG   ] [03/05/2024 10:40:25.311] [hello-motor-right-wheel]: Starting TransportConnection on: /dev/hello-motor-right-wheel
[DEBUG   ] [03/05/2024 10:40:25.326] [hello-motor-right-wheel]: Shutting down Stepper on: /dev/hello-motor-right-wheel
[DEBUG   ] [03/05/2024 10:40:25.429] [hello-motor-right-wheel]: Shutting down TransportConnection on: /dev/hello-motor-right-wheel
[DEBUG   ] [03/05/2024 10:40:25.471] [hello-motor-right-wheel]: Starting TransportConnection on: /dev/hello-motor-right-wheel
[DEBUG   ] [03/05/2024 10:40:25.783] [hello-motor-right-wheel]: Writing encoder calibration...
[DEBUG   ] [03/05/2024 10:40:32.170] [root]: Config: /tmp/stretch_firmware_update/arduino-cli.yaml
[DEBUG   ] [03/05/2024 10:40:32.170] [root]: Repo: None
[DEBUG   ] [03/05/2024 10:40:32.176] [hello-motor-left-wheel]: Starting TransportConnection on: /dev/hello-motor-left-wheel
[DEBUG   ] [03/05/2024 10:40:32.189] [hello-motor-left-wheel]: Shutting down Stepper on: /dev/hello-motor-left-wheel
[DEBUG   ] [03/05/2024 10:40:32.292] [hello-motor-left-wheel]: Shutting down TransportConnection on: /dev/hello-motor-left-wheel
[DEBUG   ] [03/05/2024 10:40:32.328] [root]: Device: hello-motor-left-wheel Port: ttyACM3
[DEBUG   ] [03/05/2024 10:40:32.340] [root]: arduino-cli compile --config-file /tmp/stretch_firmware_update/arduino-cli.yaml --fqbn hello-robot:samd:hello_stepper /tmp/stretch_firmware_update/arduino/hello_stepper --export-binaries
[DEBUG   ] [03/05/2024 10:40:32.769] [root]: Sketch uses 158960 bytes (60%) of program storage space. Maximum is 262144 bytes.

[92mUsed library[0m           [92mVersion[0m [90mPath[0m                                                                         
[93mHello-Serial-Transport[0m 0.1     [90m/tmp/stretch_firmware_update/arduino/libraries/Hello_Serial_Transport[0m        
[93mSPI[0m                    1.0     [90m/tmp/stretch_firmware_update/arduino/hardware/hello-robot/samd/libraries/SPI[0m 
[93mFlashStorage[0m           0.7.1   [90m/tmp/stretch_firmware_update/arduino/libraries/FlashStorage[0m                  
[93mWire[0m                   1.0     [90m/tmp/stretch_firmware_update/arduino/hardware/hello-robot/samd/libraries/Wire[0m

[92mUsed platform[0m    [92mVersion[0m [90mPath[0m                                                          
[93mhello-robot:samd[0m 1.6.17  [90m/tmp/stretch_firmware_update/arduino/hardware/hello-robot/samd[0m
[DEBUG   ] [03/05/2024 10:40:42.679] [hello-motor-left-wheel]: Starting TransportConnection on: /dev/hello-motor-left-wheel
[DEBUG   ] [03/05/2024 10:40:43.199] [hello-motor-left-wheel]: Shutting down Stepper on: /dev/hello-motor-left-wheel
[DEBUG   ] [03/05/2024 10:40:43.302] [hello-motor-left-wheel]: Shutting down TransportConnection on: /dev/hello-motor-left-wheel
[DEBUG   ] [03/05/2024 10:40:43.343] [hello-motor-left-wheel]: Starting TransportConnection on: /dev/hello-motor-left-wheel
[DEBUG   ] [03/05/2024 10:40:43.359] [hello-motor-left-wheel]: Shutting down Stepper on: /dev/hello-motor-left-wheel
[DEBUG   ] [03/05/2024 10:40:43.463] [hello-motor-left-wheel]: Shutting down TransportConnection on: /dev/hello-motor-left-wheel
[DEBUG   ] [03/05/2024 10:40:43.505] [hello-motor-left-wheel]: Starting TransportConnection on: /dev/hello-motor-left-wheel
[DEBUG   ] [03/05/2024 10:40:43.819] [hello-motor-left-wheel]: Writing encoder calibration...
[DEBUG   ] [03/05/2024 10:40:50.217] [root]: Config: /tmp/stretch_firmware_update/arduino-cli.yaml
[DEBUG   ] [03/05/2024 10:40:50.217] [root]: Repo: None
[DEBUG   ] [03/05/2024 10:40:50.222] [root]: Device: hello-pimu Port: ttyACM0
[DEBUG   ] [03/05/2024 10:40:50.230] [root]: arduino-cli compile --config-file /tmp/stretch_firmware_update/arduino-cli.yaml --fqbn hello-robot:samd:hello_pimu /tmp/stretch_firmware_update/arduino/hello_pimu --export-binaries
[DEBUG   ] [03/05/2024 10:40:52.746] [root]: Sketch uses 70080 bytes (26%) of program storage space. Maximum is 262144 bytes.

[92mUsed library[0m                     [92mVersion[0m [90mPath[0m                                                                           
[93mHello-Serial-Transport[0m           0.1     [90m/tmp/stretch_firmware_update/arduino/libraries/Hello_Serial_Transport[0m          
[93mAdafruit FXAS21002C[0m              1.1.2   [90m/tmp/stretch_firmware_update/arduino/libraries/Adafruit_FXAS21002C[0m             
[93mAdafruit Unified Sensor[0m          1.0.2   [90m/tmp/stretch_firmware_update/arduino/libraries/Adafruit_Unified_Sensor[0m         
[93mWire[0m                             1.0     [90m/tmp/stretch_firmware_update/arduino/hardware/hello-robot/samd/libraries/Wire[0m  
[93mAdafruit FXOS8700[0m                1.1.3   [90m/tmp/stretch_firmware_update/arduino/libraries/Adafruit_FXOS8700[0m               
[93mAdafruit AHRS[0m                    1.1.3   [90m/tmp/stretch_firmware_update/arduino/libraries/Adafruit_AHRS[0m                   
[93mSparkFun BNO080 Cortex Based IMU[0m 1.1.12  [90m/tmp/stretch_firmware_update/arduino/libraries/SparkFun_BNO080_Cortex_Based_IMU[0m
[93mSPI[0m                              1.0     [90m/tmp/stretch_firmware_update/arduino/hardware/hello-robot/samd/libraries/SPI[0m   
[93mAdafruit DMA neopixel library[0m    1.3.0   [90m/tmp/stretch_firmware_update/arduino/libraries/Adafruit_NeoPixel_ZeroDMA[0m       
[93mAdafruit NeoPixel[0m                1.10.4  [90m/tmp/stretch_firmware_update/arduino/libraries/Adafruit_NeoPixel[0m               
[93mAdafruit Zero DMA Library[0m        1.1.0   [90m/tmp/stretch_firmware_update/arduino/libraries/Adafruit_ZeroDMA[0m                

[92mUsed platform[0m    [92mVersion[0m [90mPath[0m                                                          
[93mhello-robot:samd[0m 1.6.17  [90m/tmp/stretch_firmware_update/arduino/hardware/hello-robot/samd[0m
[DEBUG   ] [03/05/2024 10:41:02.155] [pimu]: Starting TransportConnection on: /dev/hello-pimu
[DEBUG   ] [03/05/2024 10:41:02.673] [pimu]: Shutting down TransportConnection on: /dev/hello-pimu
[DEBUG   ] [03/05/2024 10:41:02.735] [pimu]: Starting TransportConnection on: /dev/hello-pimu
[DEBUG   ] [03/05/2024 10:41:02.747] [pimu]: Shutting down TransportConnection on: /dev/hello-pimu
[DEBUG   ] [03/05/2024 10:41:02.789] [root]: Config: /tmp/stretch_firmware_update/arduino-cli.yaml
[DEBUG   ] [03/05/2024 10:41:02.789] [root]: Repo: None
[DEBUG   ] [03/05/2024 10:41:02.795] [root]: Device: hello-wacc Port: ttyACM5
[DEBUG   ] [03/05/2024 10:41:02.806] [root]: arduino-cli compile --config-file /tmp/stretch_firmware_update/arduino-cli.yaml --fqbn hello-robot:samd:hello_wacc /tmp/stretch_firmware_update/arduino/hello_wacc --export-binaries
[DEBUG   ] [03/05/2024 10:41:04.018] [root]: Sketch uses 31340 bytes (11%) of program storage space. Maximum is 262144 bytes.

[92mUsed library[0m            [92mVersion[0m [90mPath[0m                                                                         
[93mHello-Serial-Transport[0m  0.1     [90m/tmp/stretch_firmware_update/arduino/libraries/Hello_Serial_Transport[0m        
[93mWire[0m                    1.0     [90m/tmp/stretch_firmware_update/arduino/hardware/hello-robot/samd/libraries/Wire[0m
[93mAdafruit Unified Sensor[0m 1.0.2   [90m/tmp/stretch_firmware_update/arduino/libraries/Adafruit_Unified_Sensor[0m       
[93mAdafruit ADXL343[0m        1.2.0   [90m/tmp/stretch_firmware_update/arduino/libraries/Adafruit_ADXL343[0m              

[92mUsed platform[0m    [92mVersion[0m [90mPath[0m                                                          
[93mhello-robot:samd[0m 1.6.17  [90m/tmp/stretch_firmware_update/arduino/hardware/hello-robot/samd[0m
[DEBUG   ] [03/05/2024 10:41:13.614] [wacc]: Starting TransportConnection on: /dev/hello-wacc
[DEBUG   ] [03/05/2024 10:41:14.128] [wacc]: Shutting down TransportConnection on: /dev/hello-wacc
[DEBUG   ] [03/05/2024 10:41:14.167] [wacc]: Starting TransportConnection on: /dev/hello-wacc
[DEBUG   ] [03/05/2024 10:41:14.178] [wacc]: Shutting down TransportConnection on: /dev/hello-wacc
[DEBUG   ] [03/05/2024 10:41:14.221] [root]: Config: /tmp/stretch_firmware_update/arduino-cli.yaml
[DEBUG   ] [03/05/2024 10:41:14.221] [root]: Repo: None
[DEBUG   ] [03/05/2024 10:41:14.227] [hello-motor-lift]: Starting TransportConnection on: /dev/hello-motor-lift
[DEBUG   ] [03/05/2024 10:41:14.242] [hello-motor-lift]: Shutting down Stepper on: /dev/hello-motor-lift
[DEBUG   ] [03/05/2024 10:41:14.345] [hello-motor-lift]: Shutting down TransportConnection on: /dev/hello-motor-lift
[DEBUG   ] [03/05/2024 10:41:14.349] [root]: Device: hello-motor-lift Port: ttyACM8
[DEBUG   ] [03/05/2024 10:41:14.363] [root]: arduino-cli compile --config-file /tmp/stretch_firmware_update/arduino-cli.yaml --fqbn hello-robot:samd:hello_stepper /tmp/stretch_firmware_update/arduino/hello_stepper --export-binaries
[DEBUG   ] [03/05/2024 10:41:16.141] [root]: Sketch uses 158960 bytes (60%) of program storage space. Maximum is 262144 bytes.

[92mUsed library[0m           [92mVersion[0m [90mPath[0m                                                                         
[93mHello-Serial-Transport[0m 0.1     [90m/tmp/stretch_firmware_update/arduino/libraries/Hello_Serial_Transport[0m        
[93mSPI[0m                    1.0     [90m/tmp/stretch_firmware_update/arduino/hardware/hello-robot/samd/libraries/SPI[0m 
[93mFlashStorage[0m           0.7.1   [90m/tmp/stretch_firmware_update/arduino/libraries/FlashStorage[0m                  
[93mWire[0m                   1.0     [90m/tmp/stretch_firmware_update/arduino/hardware/hello-robot/samd/libraries/Wire[0m

[92mUsed platform[0m    [92mVersion[0m [90mPath[0m                                                          
[93mhello-robot:samd[0m 1.6.17  [90m/tmp/stretch_firmware_update/arduino/hardware/hello-robot/samd[0m
[DEBUG   ] [03/05/2024 10:41:26.181] [hello-motor-lift]: Starting TransportConnection on: /dev/hello-motor-lift
[DEBUG   ] [03/05/2024 10:41:26.700] [hello-motor-lift]: Shutting down Stepper on: /dev/hello-motor-lift
[DEBUG   ] [03/05/2024 10:41:26.803] [hello-motor-lift]: Shutting down TransportConnection on: /dev/hello-motor-lift
[DEBUG   ] [03/05/2024 10:41:26.806] [hello-motor-lift]: Starting TransportConnection on: /dev/hello-motor-lift
[DEBUG   ] [03/05/2024 10:41:26.822] [hello-motor-lift]: Shutting down Stepper on: /dev/hello-motor-lift
[DEBUG   ] [03/05/2024 10:41:26.925] [hello-motor-lift]: Shutting down TransportConnection on: /dev/hello-motor-lift
[DEBUG   ] [03/05/2024 10:41:26.933] [hello-motor-lift]: Starting TransportConnection on: /dev/hello-motor-lift
[DEBUG   ] [03/05/2024 10:41:27.250] [hello-motor-lift]: Writing encoder calibration...
