[DEBUG   ] [08/07/2024 10:18:55.474] [filelock]: Attempting to acquire lock 126330551038448 on /tmp/stretch_body_robot_pid.txt.lock
[DEBUG   ] [08/07/2024 10:18:55.474] [filelock]: Lock 126330551038448 acquired on /tmp/stretch_body_robot_pid.txt.lock
[DEBUG   ] [08/07/2024 10:18:55.488] [robot]: Starting up Robot stretch-se3-3014 of batch questlove
[DEBUG   ] [08/07/2024 10:18:55.488] [pimu]: Starting TransportConnection on: /dev/hello-pimu
[DEBUG   ] [08/07/2024 10:18:55.498] [hello-motor-left-wheel]: Starting TransportConnection on: /dev/hello-motor-left-wheel
[DEBUG   ] [08/07/2024 10:18:55.511] [hello-motor-right-wheel]: Starting TransportConnection on: /dev/hello-motor-right-wheel
[DEBUG   ] [08/07/2024 10:18:55.527] [hello-motor-lift]: Starting TransportConnection on: /dev/hello-motor-lift
[DEBUG   ] [08/07/2024 10:18:55.547] [hello-motor-arm]: Starting TransportConnection on: /dev/hello-motor-arm
[DEBUG   ] [08/07/2024 10:18:55.581] [head_pan]: [Dynamixel ID:011] ping Succeeded. Dynamixel model : XC430-W240. Baud 115200
[DEBUG   ] [08/07/2024 10:18:55.669] [head_tilt]: [Dynamixel ID:012] ping Succeeded. Dynamixel model : XL430-W250. Baud 115200
[DEBUG   ] [08/07/2024 10:18:55.766] [wacc]: Starting TransportConnection on: /dev/hello-wacc
[DEBUG   ] [08/07/2024 10:18:55.790] [wrist_pitch]: [Dynamixel ID:015] ping Succeeded. Dynamixel model : XM540-W270. Baud 115200
[DEBUG   ] [08/07/2024 10:18:55.910] [wrist_roll]: [Dynamixel ID:016] ping Succeeded. Dynamixel model : XM430-W350. Baud 115200
[DEBUG   ] [08/07/2024 10:18:56.018] [wrist_yaw]: [Dynamixel ID:013] ping Succeeded. Dynamixel model : XC430-W240. Baud 115200
[DEBUG   ] [08/07/2024 10:18:56.113] [stretch_gripper]: [Dynamixel ID:014] ping Succeeded. Dynamixel model : XL430-W250. Baud 115200
[DEBUG   ] [08/07/2024 10:18:56.249] [trimesh]: loaded <trimesh.Trimesh(vertices.shape=(17669, 3), faces.shape=(31052, 3))> using load_stl
[DEBUG   ] [08/07/2024 10:18:56.249] [trimesh]: load_mesh executed in 0.0249 seconds.
[DEBUG   ] [08/07/2024 10:18:56.250] [trimesh]: loaded <trimesh.Trimesh(vertices.shape=(8, 3), faces.shape=(12, 3))> using load_stl
[DEBUG   ] [08/07/2024 10:18:56.250] [trimesh]: load_mesh executed in 0.0006 seconds.
[DEBUG   ] [08/07/2024 10:18:56.251] [trimesh]: loaded <trimesh.Trimesh(vertices.shape=(8, 3), faces.shape=(12, 3))> using load_stl
[DEBUG   ] [08/07/2024 10:18:56.251] [trimesh]: load_mesh executed in 0.0004 seconds.
[DEBUG   ] [08/07/2024 10:18:56.252] [trimesh]: loaded <trimesh.Trimesh(vertices.shape=(8, 3), faces.shape=(12, 3))> using load_stl
[DEBUG   ] [08/07/2024 10:18:56.252] [trimesh]: load_mesh executed in 0.0004 seconds.
[DEBUG   ] [08/07/2024 10:18:56.260] [trimesh]: loaded <trimesh.Trimesh(vertices.shape=(6712, 3), faces.shape=(12741, 3))> using load_stl
[DEBUG   ] [08/07/2024 10:18:56.260] [trimesh]: load_mesh executed in 0.0082 seconds.
[DEBUG   ] [08/07/2024 10:18:56.261] [trimesh]: loaded <trimesh.Trimesh(vertices.shape=(8, 3), faces.shape=(12, 3))> using load_stl
[DEBUG   ] [08/07/2024 10:18:56.261] [trimesh]: load_mesh executed in 0.0004 seconds.
[DEBUG   ] [08/07/2024 10:18:56.269] [trimesh]: loaded <trimesh.Trimesh(vertices.shape=(6712, 3), faces.shape=(12741, 3))> using load_stl
[DEBUG   ] [08/07/2024 10:18:56.269] [trimesh]: load_mesh executed in 0.0077 seconds.
[DEBUG   ] [08/07/2024 10:18:56.270] [trimesh]: loaded <trimesh.Trimesh(vertices.shape=(8, 3), faces.shape=(12, 3))> using load_stl
[DEBUG   ] [08/07/2024 10:18:56.270] [trimesh]: load_mesh executed in 0.0004 seconds.
[DEBUG   ] [08/07/2024 10:18:56.313] [trimesh]: loaded <trimesh.Trimesh(vertices.shape=(27344, 3), faces.shape=(54720, 3))> using load_stl
[DEBUG   ] [08/07/2024 10:18:56.313] [trimesh]: load_mesh executed in 0.0428 seconds.
[DEBUG   ] [08/07/2024 10:18:56.314] [trimesh]: loaded <trimesh.Trimesh(vertices.shape=(32, 3), faces.shape=(60, 3))> using load_stl
[DEBUG   ] [08/07/2024 10:18:56.314] [trimesh]: load_mesh executed in 0.0007 seconds.
[DEBUG   ] [08/07/2024 10:18:56.314] [trimesh]: loaded <trimesh.Trimesh(vertices.shape=(8, 3), faces.shape=(12, 3))> using load_stl
[DEBUG   ] [08/07/2024 10:18:56.315] [trimesh]: load_mesh executed in 0.0004 seconds.
[DEBUG   ] [08/07/2024 10:18:56.324] [trimesh]: loaded <trimesh.Trimesh(vertices.shape=(7871, 3), faces.shape=(15812, 3))> using load_stl
[DEBUG   ] [08/07/2024 10:18:56.325] [trimesh]: load_mesh executed in 0.0096 seconds.
[DEBUG   ] [08/07/2024 10:18:56.325] [trimesh]: loaded <trimesh.Trimesh(vertices.shape=(8, 3), faces.shape=(12, 3))> using load_stl
[DEBUG   ] [08/07/2024 10:18:56.325] [trimesh]: load_mesh executed in 0.0005 seconds.
[DEBUG   ] [08/07/2024 10:18:56.327] [trimesh]: loaded <trimesh.Trimesh(vertices.shape=(1102, 3), faces.shape=(2268, 3))> using load_stl
[DEBUG   ] [08/07/2024 10:18:56.327] [trimesh]: load_mesh executed in 0.0015 seconds.
[DEBUG   ] [08/07/2024 10:18:56.328] [trimesh]: loaded <trimesh.Trimesh(vertices.shape=(8, 3), faces.shape=(12, 3))> using load_stl
[DEBUG   ] [08/07/2024 10:18:56.328] [trimesh]: load_mesh executed in 0.0004 seconds.
[DEBUG   ] [08/07/2024 10:18:56.330] [trimesh]: loaded <trimesh.Trimesh(vertices.shape=(1176, 3), faces.shape=(2416, 3))> using load_stl
[DEBUG   ] [08/07/2024 10:18:56.330] [trimesh]: load_mesh executed in 0.0016 seconds.
[DEBUG   ] [08/07/2024 10:18:56.330] [trimesh]: loaded <trimesh.Trimesh(vertices.shape=(8, 3), faces.shape=(12, 3))> using load_stl
[DEBUG   ] [08/07/2024 10:18:56.330] [trimesh]: load_mesh executed in 0.0004 seconds.
[DEBUG   ] [08/07/2024 10:18:56.332] [trimesh]: loaded <trimesh.Trimesh(vertices.shape=(1176, 3), faces.shape=(2416, 3))> using load_stl
[DEBUG   ] [08/07/2024 10:18:56.332] [trimesh]: load_mesh executed in 0.0016 seconds.
[DEBUG   ] [08/07/2024 10:18:56.333] [trimesh]: loaded <trimesh.Trimesh(vertices.shape=(8, 3), faces.shape=(12, 3))> using load_stl
[DEBUG   ] [08/07/2024 10:18:56.333] [trimesh]: load_mesh executed in 0.0004 seconds.
[DEBUG   ] [08/07/2024 10:18:56.335] [trimesh]: loaded <trimesh.Trimesh(vertices.shape=(1204, 3), faces.shape=(2472, 3))> using load_stl
[DEBUG   ] [08/07/2024 10:18:56.335] [trimesh]: load_mesh executed in 0.0016 seconds.
[DEBUG   ] [08/07/2024 10:18:56.335] [trimesh]: loaded <trimesh.Trimesh(vertices.shape=(8, 3), faces.shape=(12, 3))> using load_stl
[DEBUG   ] [08/07/2024 10:18:56.335] [trimesh]: load_mesh executed in 0.0004 seconds.
[DEBUG   ] [08/07/2024 10:18:56.341] [trimesh]: loaded <trimesh.Trimesh(vertices.shape=(4271, 3), faces.shape=(8838, 3))> using load_stl
[DEBUG   ] [08/07/2024 10:18:56.341] [trimesh]: load_mesh executed in 0.0051 seconds.
[DEBUG   ] [08/07/2024 10:18:56.341] [trimesh]: loaded <trimesh.Trimesh(vertices.shape=(8, 3), faces.shape=(12, 3))> using load_stl
[DEBUG   ] [08/07/2024 10:18:56.341] [trimesh]: load_mesh executed in 0.0004 seconds.
[DEBUG   ] [08/07/2024 10:18:56.343] [trimesh]: loaded <trimesh.Trimesh(vertices.shape=(1433, 3), faces.shape=(2870, 3))> using load_stl
[DEBUG   ] [08/07/2024 10:18:56.343] [trimesh]: load_mesh executed in 0.0018 seconds.
[DEBUG   ] [08/07/2024 10:18:56.344] [trimesh]: face_normals didn't match triangles, ignoring!
[DEBUG   ] [08/07/2024 10:18:56.344] [trimesh]: loaded <trimesh.Trimesh(vertices.shape=(8, 3), faces.shape=(12, 3))> using load_stl
[DEBUG   ] [08/07/2024 10:18:56.344] [trimesh]: load_mesh executed in 0.0004 seconds.
[DEBUG   ] [08/07/2024 10:18:56.354] [trimesh]: loaded <trimesh.Trimesh(vertices.shape=(7551, 3), faces.shape=(15334, 3))> using load_stl
[DEBUG   ] [08/07/2024 10:18:56.354] [trimesh]: load_mesh executed in 0.0097 seconds.
[DEBUG   ] [08/07/2024 10:18:56.355] [trimesh]: loaded <trimesh.Trimesh(vertices.shape=(8, 3), faces.shape=(12, 3))> using load_stl
[DEBUG   ] [08/07/2024 10:18:56.355] [trimesh]: load_mesh executed in 0.0005 seconds.
[DEBUG   ] [08/07/2024 10:18:56.359] [trimesh]: loaded <trimesh.Trimesh(vertices.shape=(3017, 3), faces.shape=(6118, 3))> using load_stl
[DEBUG   ] [08/07/2024 10:18:56.359] [trimesh]: load_mesh executed in 0.0036 seconds.
[DEBUG   ] [08/07/2024 10:18:56.359] [trimesh]: loaded <trimesh.Trimesh(vertices.shape=(8, 3), faces.shape=(12, 3))> using load_stl
[DEBUG   ] [08/07/2024 10:18:56.359] [trimesh]: load_mesh executed in 0.0004 seconds.
[DEBUG   ] [08/07/2024 10:18:56.373] [trimesh]: loaded <trimesh.Trimesh(vertices.shape=(9941, 3), faces.shape=(20078, 3))> using load_stl
[DEBUG   ] [08/07/2024 10:18:56.373] [trimesh]: load_mesh executed in 0.0134 seconds.
[DEBUG   ] [08/07/2024 10:18:56.374] [trimesh]: loaded <trimesh.Trimesh(vertices.shape=(8, 3), faces.shape=(12, 3))> using load_stl
[DEBUG   ] [08/07/2024 10:18:56.374] [trimesh]: load_mesh executed in 0.0005 seconds.
[DEBUG   ] [08/07/2024 10:18:56.375] [trimesh]: loaded <trimesh.Trimesh(vertices.shape=(40, 3), faces.shape=(76, 3))> using load_stl
[DEBUG   ] [08/07/2024 10:18:56.375] [trimesh]: load_mesh executed in 0.0004 seconds.
[DEBUG   ] [08/07/2024 10:18:56.375] [trimesh]: loaded <trimesh.Trimesh(vertices.shape=(40, 3), faces.shape=(76, 3))> using load_stl
[DEBUG   ] [08/07/2024 10:18:56.375] [trimesh]: load_mesh executed in 0.0004 seconds.
[DEBUG   ] [08/07/2024 10:18:56.376] [trimesh]: loaded <trimesh.Trimesh(vertices.shape=(40, 3), faces.shape=(76, 3))> using load_stl
[DEBUG   ] [08/07/2024 10:18:56.376] [trimesh]: load_mesh executed in 0.0004 seconds.
[DEBUG   ] [08/07/2024 10:18:56.376] [trimesh]: loaded <trimesh.Trimesh(vertices.shape=(40, 3), faces.shape=(76, 3))> using load_stl
[DEBUG   ] [08/07/2024 10:18:56.376] [trimesh]: load_mesh executed in 0.0004 seconds.
[DEBUG   ] [08/07/2024 10:18:56.377] [trimesh]: loaded <trimesh.Trimesh(vertices.shape=(40, 3), faces.shape=(76, 3))> using load_stl
[DEBUG   ] [08/07/2024 10:18:56.377] [trimesh]: load_mesh executed in 0.0004 seconds.
[DEBUG   ] [08/07/2024 10:18:56.378] [trimesh]: loaded <trimesh.Trimesh(vertices.shape=(40, 3), faces.shape=(76, 3))> using load_stl
[DEBUG   ] [08/07/2024 10:18:56.378] [trimesh]: load_mesh executed in 0.0004 seconds.
[DEBUG   ] [08/07/2024 10:18:56.378] [trimesh]: loaded <trimesh.Trimesh(vertices.shape=(40, 3), faces.shape=(76, 3))> using load_stl
[DEBUG   ] [08/07/2024 10:18:56.378] [trimesh]: load_mesh executed in 0.0004 seconds.
[DEBUG   ] [08/07/2024 10:18:56.379] [trimesh]: loaded <trimesh.Trimesh(vertices.shape=(40, 3), faces.shape=(76, 3))> using load_stl
[DEBUG   ] [08/07/2024 10:18:56.379] [trimesh]: load_mesh executed in 0.0004 seconds.
[DEBUG   ] [08/07/2024 10:18:56.380] [trimesh]: loaded <trimesh.Trimesh(vertices.shape=(40, 3), faces.shape=(76, 3))> using load_stl
[DEBUG   ] [08/07/2024 10:18:56.380] [trimesh]: load_mesh executed in 0.0004 seconds.
[DEBUG   ] [08/07/2024 10:18:56.380] [trimesh]: loaded <trimesh.Trimesh(vertices.shape=(40, 3), faces.shape=(76, 3))> using load_stl
[DEBUG   ] [08/07/2024 10:18:56.380] [trimesh]: load_mesh executed in 0.0004 seconds.
[DEBUG   ] [08/07/2024 10:18:56.676] [trimesh]: loaded <trimesh.Scene(len(geometry)=18)> using load_collada
[DEBUG   ] [08/07/2024 10:18:56.676] [trimesh]: load_mesh executed in 0.2956 seconds.
[DEBUG   ] [08/07/2024 10:18:56.676] [trimesh]: `nodes_geometry`: 1.16E-05s, `cache.verify`: 1.88E-06s
[DEBUG   ] [08/07/2024 10:18:56.676] [trimesh]: apply_transform passed identity matrix
[DEBUG   ] [08/07/2024 10:18:56.677] [trimesh]: apply_transform passed identity matrix
[DEBUG   ] [08/07/2024 10:18:56.677] [trimesh]: apply_transform passed identity matrix
[DEBUG   ] [08/07/2024 10:18:56.677] [trimesh]: apply_transform passed identity matrix
[DEBUG   ] [08/07/2024 10:18:56.677] [trimesh]: apply_transform passed identity matrix
[DEBUG   ] [08/07/2024 10:18:56.677] [trimesh]: apply_transform passed identity matrix
[DEBUG   ] [08/07/2024 10:18:56.677] [trimesh]: apply_transform passed identity matrix
[DEBUG   ] [08/07/2024 10:18:56.677] [trimesh]: apply_transform passed identity matrix
[DEBUG   ] [08/07/2024 10:18:56.677] [trimesh]: apply_transform passed identity matrix
[DEBUG   ] [08/07/2024 10:18:56.678] [trimesh]: apply_transform passed identity matrix
[DEBUG   ] [08/07/2024 10:18:56.678] [trimesh]: apply_transform passed identity matrix
[DEBUG   ] [08/07/2024 10:18:56.678] [trimesh]: apply_transform passed identity matrix
[DEBUG   ] [08/07/2024 10:18:56.681] [trimesh]: apply_transform passed identity matrix
[DEBUG   ] [08/07/2024 10:18:56.681] [trimesh]: apply_transform passed identity matrix
[DEBUG   ] [08/07/2024 10:18:56.681] [trimesh]: apply_transform passed identity matrix
[DEBUG   ] [08/07/2024 10:18:56.681] [trimesh]: apply_transform passed identity matrix
[DEBUG   ] [08/07/2024 10:18:56.681] [trimesh]: apply_transform passed identity matrix
[DEBUG   ] [08/07/2024 10:18:56.681] [trimesh]: apply_transform passed identity matrix
[DEBUG   ] [08/07/2024 10:18:56.682] [trimesh]: face_normals didn't match triangles, ignoring!
[DEBUG   ] [08/07/2024 10:18:56.683] [trimesh]: loaded <trimesh.Trimesh(vertices.shape=(344, 3), faces.shape=(684, 3))> using load_stl
[DEBUG   ] [08/07/2024 10:18:56.683] [trimesh]: load_mesh executed in 0.0009 seconds.
[DEBUG   ] [08/07/2024 10:18:56.683] [trimesh]: loaded <trimesh.Trimesh(vertices.shape=(8, 3), faces.shape=(12, 3))> using load_stl
[DEBUG   ] [08/07/2024 10:18:56.684] [trimesh]: load_mesh executed in 0.0004 seconds.
[DEBUG   ] [08/07/2024 10:18:56.685] [trimesh]: loaded <trimesh.Trimesh(vertices.shape=(430, 3), faces.shape=(896, 3))> using load_stl
[DEBUG   ] [08/07/2024 10:18:56.685] [trimesh]: load_mesh executed in 0.0008 seconds.
[DEBUG   ] [08/07/2024 10:18:56.686] [trimesh]: loaded <trimesh.Trimesh(vertices.shape=(430, 3), faces.shape=(896, 3))> using load_stl
[DEBUG   ] [08/07/2024 10:18:56.686] [trimesh]: load_mesh executed in 0.0008 seconds.
[DEBUG   ] [08/07/2024 10:18:56.688] [trimesh]: loaded <trimesh.Trimesh(vertices.shape=(1130, 3), faces.shape=(2292, 3))> using load_stl
[DEBUG   ] [08/07/2024 10:18:56.688] [trimesh]: load_mesh executed in 0.0016 seconds.
[DEBUG   ] [08/07/2024 10:18:56.689] [trimesh]: loaded <trimesh.Trimesh(vertices.shape=(1130, 3), faces.shape=(2292, 3))> using load_stl
[DEBUG   ] [08/07/2024 10:18:56.689] [trimesh]: load_mesh executed in 0.0015 seconds.
[DEBUG   ] [08/07/2024 10:18:56.692] [trimesh]: loaded <trimesh.Trimesh(vertices.shape=(1847, 3), faces.shape=(3729, 3))> using load_stl
[DEBUG   ] [08/07/2024 10:18:56.692] [trimesh]: load_mesh executed in 0.0023 seconds.
[DEBUG   ] [08/07/2024 10:18:56.693] [trimesh]: loaded <trimesh.Trimesh(vertices.shape=(8, 3), faces.shape=(12, 3))> using load_stl
[DEBUG   ] [08/07/2024 10:18:56.693] [trimesh]: load_mesh executed in 0.0004 seconds.
[DEBUG   ] [08/07/2024 10:18:56.695] [trimesh]: loaded <trimesh.Trimesh(vertices.shape=(1433, 3), faces.shape=(2842, 3))> using load_stl
[DEBUG   ] [08/07/2024 10:18:56.695] [trimesh]: load_mesh executed in 0.0018 seconds.
[DEBUG   ] [08/07/2024 10:18:56.695] [trimesh]: loaded <trimesh.Trimesh(vertices.shape=(8, 3), faces.shape=(12, 3))> using load_stl
[DEBUG   ] [08/07/2024 10:18:56.695] [trimesh]: load_mesh executed in 0.0004 seconds.
[DEBUG   ] [08/07/2024 10:18:56.696] [trimesh]: loaded <trimesh.Trimesh(vertices.shape=(381, 3), faces.shape=(758, 3))> using load_stl
[DEBUG   ] [08/07/2024 10:18:56.696] [trimesh]: load_mesh executed in 0.0007 seconds.
[DEBUG   ] [08/07/2024 10:18:56.697] [trimesh]: loaded <trimesh.Trimesh(vertices.shape=(8, 3), faces.shape=(12, 3))> using load_stl
[DEBUG   ] [08/07/2024 10:18:56.697] [trimesh]: load_mesh executed in 0.0004 seconds.
[DEBUG   ] [08/07/2024 10:18:56.713] [trimesh]: loaded <trimesh.Trimesh(vertices.shape=(14545, 3), faces.shape=(24513, 3))> using load_stl
[DEBUG   ] [08/07/2024 10:18:56.713] [trimesh]: load_mesh executed in 0.0159 seconds.
[DEBUG   ] [08/07/2024 10:18:56.714] [trimesh]: loaded <trimesh.Trimesh(vertices.shape=(46, 3), faces.shape=(88, 3))> using load_stl
[DEBUG   ] [08/07/2024 10:18:56.714] [trimesh]: load_mesh executed in 0.0006 seconds.
[DEBUG   ] [08/07/2024 10:18:56.715] [trimesh]: face_normals didn't match triangles, ignoring!
[DEBUG   ] [08/07/2024 10:18:56.715] [trimesh]: loaded <trimesh.Trimesh(vertices.shape=(582, 3), faces.shape=(1164, 3))> using load_stl
[DEBUG   ] [08/07/2024 10:18:56.715] [trimesh]: load_mesh executed in 0.0010 seconds.
[DEBUG   ] [08/07/2024 10:18:56.716] [trimesh]: loaded <trimesh.Trimesh(vertices.shape=(8, 3), faces.shape=(12, 3))> using load_stl
[DEBUG   ] [08/07/2024 10:18:56.716] [trimesh]: load_mesh executed in 0.0005 seconds.
[DEBUG   ] [08/07/2024 10:18:56.718] [trimesh]: loaded <trimesh.Trimesh(vertices.shape=(1256, 3), faces.shape=(2508, 3))> using load_stl
[DEBUG   ] [08/07/2024 10:18:56.718] [trimesh]: load_mesh executed in 0.0017 seconds.
[DEBUG   ] [08/07/2024 10:18:56.719] [trimesh]: loaded <trimesh.Trimesh(vertices.shape=(8, 3), faces.shape=(12, 3))> using load_stl
[DEBUG   ] [08/07/2024 10:18:56.719] [trimesh]: load_mesh executed in 0.0004 seconds.
[DEBUG   ] [08/07/2024 10:18:56.719] [trimesh]: loaded <trimesh.Trimesh(vertices.shape=(72, 3), faces.shape=(140, 3))> using load_stl
[DEBUG   ] [08/07/2024 10:18:56.720] [trimesh]: load_mesh executed in 0.0004 seconds.
[DEBUG   ] [08/07/2024 10:18:56.720] [trimesh]: loaded <trimesh.Trimesh(vertices.shape=(72, 3), faces.shape=(140, 3))> using load_stl
[DEBUG   ] [08/07/2024 10:18:56.720] [trimesh]: load_mesh executed in 0.0004 seconds.
[DEBUG   ] [08/07/2024 10:18:56.721] [trimesh]: face_normals didn't match triangles, ignoring!
[DEBUG   ] [08/07/2024 10:18:56.721] [trimesh]: loaded <trimesh.Trimesh(vertices.shape=(577, 3), faces.shape=(1154, 3))> using load_stl
[DEBUG   ] [08/07/2024 10:18:56.721] [trimesh]: load_mesh executed in 0.0009 seconds.
[DEBUG   ] [08/07/2024 10:18:56.722] [trimesh]: loaded <trimesh.Trimesh(vertices.shape=(8, 3), faces.shape=(12, 3))> using load_stl
[DEBUG   ] [08/07/2024 10:18:56.722] [trimesh]: load_mesh executed in 0.0004 seconds.
[DEBUG   ] [08/07/2024 10:18:56.724] [trimesh]: loaded <trimesh.Trimesh(vertices.shape=(1256, 3), faces.shape=(2508, 3))> using load_stl
[DEBUG   ] [08/07/2024 10:18:56.724] [trimesh]: load_mesh executed in 0.0017 seconds.
[DEBUG   ] [08/07/2024 10:18:56.724] [trimesh]: loaded <trimesh.Trimesh(vertices.shape=(8, 3), faces.shape=(12, 3))> using load_stl
[DEBUG   ] [08/07/2024 10:18:56.724] [trimesh]: load_mesh executed in 0.0003 seconds.
[DEBUG   ] [08/07/2024 10:18:56.725] [trimesh]: loaded <trimesh.Trimesh(vertices.shape=(72, 3), faces.shape=(140, 3))> using load_stl
[DEBUG   ] [08/07/2024 10:18:56.725] [trimesh]: load_mesh executed in 0.0004 seconds.
[DEBUG   ] [08/07/2024 10:18:56.726] [trimesh]: loaded <trimesh.Trimesh(vertices.shape=(72, 3), faces.shape=(140, 3))> using load_stl
[DEBUG   ] [08/07/2024 10:18:56.726] [trimesh]: load_mesh executed in 0.0004 seconds.
[DEBUG   ] [08/07/2024 10:18:56.726] [trimesh]: loaded <trimesh.Trimesh(vertices.shape=(56, 3), faces.shape=(108, 3))> using load_stl
[DEBUG   ] [08/07/2024 10:18:56.727] [trimesh]: load_mesh executed in 0.0004 seconds.
[DEBUG   ] [08/07/2024 10:18:56.727] [trimesh]: loaded <trimesh.Trimesh(vertices.shape=(56, 3), faces.shape=(108, 3))> using load_stl
[DEBUG   ] [08/07/2024 10:18:56.727] [trimesh]: load_mesh executed in 0.0004 seconds.
[DEBUG   ] [08/07/2024 10:18:56.731] [trimesh]: loaded <trimesh.Trimesh(vertices.shape=(3274, 3), faces.shape=(6042, 3))> using load_stl
[DEBUG   ] [08/07/2024 10:18:56.731] [trimesh]: load_mesh executed in 0.0037 seconds.
[DEBUG   ] [08/07/2024 10:18:56.732] [trimesh]: loaded <trimesh.Trimesh(vertices.shape=(8, 3), faces.shape=(12, 3))> using load_stl
[DEBUG   ] [08/07/2024 10:18:56.732] [trimesh]: load_mesh executed in 0.0004 seconds.
[DEBUG   ] [08/07/2024 10:18:56.771] [base]: Fast motion turned off
[DEBUG   ] [08/07/2024 10:18:57.664] [robot]: ---- Shutting down robot ----
[DEBUG   ] [08/07/2024 10:18:57.664] [filelock]: Attempting to release lock 126330551038448 on /tmp/stretch_body_robot_pid.txt.lock
[DEBUG   ] [08/07/2024 10:18:57.664] [filelock]: Lock 126330551038448 released on /tmp/stretch_body_robot_pid.txt.lock
[DEBUG   ] [08/07/2024 10:18:57.669] [robot]: Shutting down NonDXLStatusThread
[DEBUG   ] [08/07/2024 10:18:57.699] [robot]: Shutting down DXLHeadStatusThread
[DEBUG   ] [08/07/2024 10:18:57.705] [robot]: Shutting down DXLEndOfArmStatusThread
[DEBUG   ] [08/07/2024 10:18:57.771] [robot]: Shutting down SystemMonitorThread
[DEBUG   ] [08/07/2024 10:18:57.771] [robot]: Shutting down pimu
[DEBUG   ] [08/07/2024 10:18:57.773] [pimu]: Shutting down TransportConnection on: /dev/hello-pimu
[DEBUG   ] [08/07/2024 10:18:57.814] [robot]: Shutting down base
[DEBUG   ] [08/07/2024 10:18:57.816] [hello-motor-left-wheel]: Shutting down Stepper on: /dev/hello-motor-left-wheel
[DEBUG   ] [08/07/2024 10:18:57.920] [hello-motor-left-wheel]: Shutting down TransportConnection on: /dev/hello-motor-left-wheel
[DEBUG   ] [08/07/2024 10:18:57.960] [hello-motor-right-wheel]: Shutting down Stepper on: /dev/hello-motor-right-wheel
[DEBUG   ] [08/07/2024 10:18:58.064] [hello-motor-right-wheel]: Shutting down TransportConnection on: /dev/hello-motor-right-wheel
[DEBUG   ] [08/07/2024 10:18:58.103] [robot]: Shutting down lift
[DEBUG   ] [08/07/2024 10:18:58.104] [hello-motor-lift]: Shutting down Stepper on: /dev/hello-motor-lift
[DEBUG   ] [08/07/2024 10:18:58.208] [hello-motor-lift]: Shutting down TransportConnection on: /dev/hello-motor-lift
[DEBUG   ] [08/07/2024 10:18:58.211] [robot]: Shutting down arm
[DEBUG   ] [08/07/2024 10:18:58.212] [hello-motor-arm]: Shutting down Stepper on: /dev/hello-motor-arm
[DEBUG   ] [08/07/2024 10:18:58.316] [hello-motor-arm]: Shutting down TransportConnection on: /dev/hello-motor-arm
[DEBUG   ] [08/07/2024 10:18:58.353] [robot]: Shutting down head
[DEBUG   ] [08/07/2024 10:18:58.361] [robot]: Shutting down wacc
[DEBUG   ] [08/07/2024 10:18:58.361] [wacc]: Shutting down TransportConnection on: /dev/hello-wacc
[DEBUG   ] [08/07/2024 10:18:58.399] [robot]: Shutting down end_of_arm
[DEBUG   ] [08/07/2024 10:18:58.466] [robot]: ---- Shutdown complete ----
