[DEBUG   ] [03/07/2024 09:51:45.000] [robot]: Starting up Robot stretch-se3-3014 of batch questlove
[DEBUG   ] [03/07/2024 09:51:45.000] [pimu]: Starting TransportConnection on: /dev/hello-pimu
[DEBUG   ] [03/07/2024 09:51:45.012] [hello-motor-left-wheel]: Starting TransportConnection on: /dev/hello-motor-left-wheel
[DEBUG   ] [03/07/2024 09:51:45.025] [hello-motor-right-wheel]: Starting TransportConnection on: /dev/hello-motor-right-wheel
[DEBUG   ] [03/07/2024 09:51:45.041] [hello-motor-lift]: Starting TransportConnection on: /dev/hello-motor-lift
[DEBUG   ] [03/07/2024 09:51:45.060] [hello-motor-arm]: Starting TransportConnection on: /dev/hello-motor-arm
[DEBUG   ] [03/07/2024 09:51:45.094] [head_pan]: [Dynamixel ID:011] ping Succeeded. Dynamixel model : XC430-W240. Baud 115200
[DEBUG   ] [03/07/2024 09:51:45.185] [head_tilt]: [Dynamixel ID:012] ping Succeeded. Dynamixel model : XL430-W250. Baud 115200
[DEBUG   ] [03/07/2024 09:51:45.282] [wacc]: Starting TransportConnection on: /dev/hello-wacc
[DEBUG   ] [03/07/2024 09:51:45.304] [wrist_pitch]: [Dynamixel ID:015] ping Succeeded. Dynamixel model : XM540-W270. Baud 115200
[DEBUG   ] [03/07/2024 09:51:45.419] [wrist_roll]: [Dynamixel ID:016] ping Succeeded. Dynamixel model : XM430-W350. Baud 115200
[DEBUG   ] [03/07/2024 09:51:45.515] [wrist_yaw]: [Dynamixel ID:013] ping Succeeded. Dynamixel model : XC430-W240. Baud 115200
[DEBUG   ] [03/07/2024 09:51:45.604] [stretch_gripper]: [Dynamixel ID:014] ping Succeeded. Dynamixel model : XL430-W250. Baud 115200
[DEBUG   ] [03/07/2024 09:51:45.736] [trimesh]: loaded <trimesh.Trimesh(vertices.shape=(17669, 3), faces.shape=(31052, 3))> using load_stl
[DEBUG   ] [03/07/2024 09:51:45.736] [trimesh]: load_mesh executed in 0.0271 seconds.
[DEBUG   ] [03/07/2024 09:51:45.737] [trimesh]: loaded <trimesh.Trimesh(vertices.shape=(8, 3), faces.shape=(12, 3))> using load_stl
[DEBUG   ] [03/07/2024 09:51:45.737] [trimesh]: load_mesh executed in 0.0008 seconds.
[DEBUG   ] [03/07/2024 09:51:45.739] [trimesh]: loaded <trimesh.Trimesh(vertices.shape=(8, 3), faces.shape=(12, 3))> using load_stl
[DEBUG   ] [03/07/2024 09:51:45.739] [trimesh]: load_mesh executed in 0.0005 seconds.
[DEBUG   ] [03/07/2024 09:51:45.739] [trimesh]: loaded <trimesh.Trimesh(vertices.shape=(8, 3), faces.shape=(12, 3))> using load_stl
[DEBUG   ] [03/07/2024 09:51:45.739] [trimesh]: load_mesh executed in 0.0004 seconds.
[DEBUG   ] [03/07/2024 09:51:45.749] [trimesh]: loaded <trimesh.Trimesh(vertices.shape=(6712, 3), faces.shape=(12741, 3))> using load_stl
[DEBUG   ] [03/07/2024 09:51:45.749] [trimesh]: load_mesh executed in 0.0094 seconds.
[DEBUG   ] [03/07/2024 09:51:45.750] [trimesh]: loaded <trimesh.Trimesh(vertices.shape=(8, 3), faces.shape=(12, 3))> using load_stl
[DEBUG   ] [03/07/2024 09:51:45.750] [trimesh]: load_mesh executed in 0.0005 seconds.
[DEBUG   ] [03/07/2024 09:51:45.760] [trimesh]: loaded <trimesh.Trimesh(vertices.shape=(6712, 3), faces.shape=(12741, 3))> using load_stl
[DEBUG   ] [03/07/2024 09:51:45.760] [trimesh]: load_mesh executed in 0.0094 seconds.
[DEBUG   ] [03/07/2024 09:51:45.760] [trimesh]: loaded <trimesh.Trimesh(vertices.shape=(8, 3), faces.shape=(12, 3))> using load_stl
[DEBUG   ] [03/07/2024 09:51:45.761] [trimesh]: load_mesh executed in 0.0005 seconds.
[DEBUG   ] [03/07/2024 09:51:45.810] [trimesh]: loaded <trimesh.Trimesh(vertices.shape=(27344, 3), faces.shape=(54720, 3))> using load_stl
[DEBUG   ] [03/07/2024 09:51:45.810] [trimesh]: load_mesh executed in 0.0489 seconds.
[DEBUG   ] [03/07/2024 09:51:45.811] [trimesh]: loaded <trimesh.Trimesh(vertices.shape=(32, 3), faces.shape=(60, 3))> using load_stl
[DEBUG   ] [03/07/2024 09:51:45.811] [trimesh]: load_mesh executed in 0.0007 seconds.
[DEBUG   ] [03/07/2024 09:51:45.812] [trimesh]: loaded <trimesh.Trimesh(vertices.shape=(8, 3), faces.shape=(12, 3))> using load_stl
[DEBUG   ] [03/07/2024 09:51:45.812] [trimesh]: load_mesh executed in 0.0004 seconds.
[DEBUG   ] [03/07/2024 09:51:45.823] [trimesh]: loaded <trimesh.Trimesh(vertices.shape=(7871, 3), faces.shape=(15812, 3))> using load_stl
[DEBUG   ] [03/07/2024 09:51:45.823] [trimesh]: load_mesh executed in 0.0110 seconds.
[DEBUG   ] [03/07/2024 09:51:45.824] [trimesh]: loaded <trimesh.Trimesh(vertices.shape=(8, 3), faces.shape=(12, 3))> using load_stl
[DEBUG   ] [03/07/2024 09:51:45.824] [trimesh]: load_mesh executed in 0.0006 seconds.
[DEBUG   ] [03/07/2024 09:51:45.826] [trimesh]: loaded <trimesh.Trimesh(vertices.shape=(1102, 3), faces.shape=(2268, 3))> using load_stl
[DEBUG   ] [03/07/2024 09:51:45.826] [trimesh]: load_mesh executed in 0.0015 seconds.
[DEBUG   ] [03/07/2024 09:51:45.826] [trimesh]: loaded <trimesh.Trimesh(vertices.shape=(8, 3), faces.shape=(12, 3))> using load_stl
[DEBUG   ] [03/07/2024 09:51:45.826] [trimesh]: load_mesh executed in 0.0004 seconds.
[DEBUG   ] [03/07/2024 09:51:45.828] [trimesh]: loaded <trimesh.Trimesh(vertices.shape=(1176, 3), faces.shape=(2416, 3))> using load_stl
[DEBUG   ] [03/07/2024 09:51:45.828] [trimesh]: load_mesh executed in 0.0016 seconds.
[DEBUG   ] [03/07/2024 09:51:45.829] [trimesh]: loaded <trimesh.Trimesh(vertices.shape=(8, 3), faces.shape=(12, 3))> using load_stl
[DEBUG   ] [03/07/2024 09:51:45.829] [trimesh]: load_mesh executed in 0.0004 seconds.
[DEBUG   ] [03/07/2024 09:51:45.831] [trimesh]: loaded <trimesh.Trimesh(vertices.shape=(1176, 3), faces.shape=(2416, 3))> using load_stl
[DEBUG   ] [03/07/2024 09:51:45.831] [trimesh]: load_mesh executed in 0.0016 seconds.
[DEBUG   ] [03/07/2024 09:51:45.831] [trimesh]: loaded <trimesh.Trimesh(vertices.shape=(8, 3), faces.shape=(12, 3))> using load_stl
[DEBUG   ] [03/07/2024 09:51:45.831] [trimesh]: load_mesh executed in 0.0004 seconds.
[DEBUG   ] [03/07/2024 09:51:45.833] [trimesh]: loaded <trimesh.Trimesh(vertices.shape=(1204, 3), faces.shape=(2472, 3))> using load_stl
[DEBUG   ] [03/07/2024 09:51:45.833] [trimesh]: load_mesh executed in 0.0017 seconds.
[DEBUG   ] [03/07/2024 09:51:45.834] [trimesh]: loaded <trimesh.Trimesh(vertices.shape=(8, 3), faces.shape=(12, 3))> using load_stl
[DEBUG   ] [03/07/2024 09:51:45.834] [trimesh]: load_mesh executed in 0.0006 seconds.
[DEBUG   ] [03/07/2024 09:51:45.842] [trimesh]: loaded <trimesh.Trimesh(vertices.shape=(4271, 3), faces.shape=(8838, 3))> using load_stl
[DEBUG   ] [03/07/2024 09:51:45.842] [trimesh]: load_mesh executed in 0.0075 seconds.
[DEBUG   ] [03/07/2024 09:51:45.843] [trimesh]: loaded <trimesh.Trimesh(vertices.shape=(8, 3), faces.shape=(12, 3))> using load_stl
[DEBUG   ] [03/07/2024 09:51:45.843] [trimesh]: load_mesh executed in 0.0005 seconds.
[DEBUG   ] [03/07/2024 09:51:45.845] [trimesh]: loaded <trimesh.Trimesh(vertices.shape=(1433, 3), faces.shape=(2870, 3))> using load_stl
[DEBUG   ] [03/07/2024 09:51:45.845] [trimesh]: load_mesh executed in 0.0018 seconds.
[DEBUG   ] [03/07/2024 09:51:45.846] [trimesh]: face_normals didn't match triangles, ignoring!
[DEBUG   ] [03/07/2024 09:51:45.846] [trimesh]: loaded <trimesh.Trimesh(vertices.shape=(8, 3), faces.shape=(12, 3))> using load_stl
[DEBUG   ] [03/07/2024 09:51:45.846] [trimesh]: load_mesh executed in 0.0004 seconds.
[DEBUG   ] [03/07/2024 09:51:45.857] [trimesh]: loaded <trimesh.Trimesh(vertices.shape=(7551, 3), faces.shape=(15334, 3))> using load_stl
[DEBUG   ] [03/07/2024 09:51:45.857] [trimesh]: load_mesh executed in 0.0110 seconds.
[DEBUG   ] [03/07/2024 09:51:45.858] [trimesh]: loaded <trimesh.Trimesh(vertices.shape=(8, 3), faces.shape=(12, 3))> using load_stl
[DEBUG   ] [03/07/2024 09:51:45.858] [trimesh]: load_mesh executed in 0.0005 seconds.
[DEBUG   ] [03/07/2024 09:51:45.862] [trimesh]: loaded <trimesh.Trimesh(vertices.shape=(3017, 3), faces.shape=(6118, 3))> using load_stl
[DEBUG   ] [03/07/2024 09:51:45.862] [trimesh]: load_mesh executed in 0.0037 seconds.
[DEBUG   ] [03/07/2024 09:51:45.863] [trimesh]: loaded <trimesh.Trimesh(vertices.shape=(8, 3), faces.shape=(12, 3))> using load_stl
[DEBUG   ] [03/07/2024 09:51:45.863] [trimesh]: load_mesh executed in 0.0004 seconds.
[DEBUG   ] [03/07/2024 09:51:45.878] [trimesh]: loaded <trimesh.Trimesh(vertices.shape=(9941, 3), faces.shape=(20078, 3))> using load_stl
[DEBUG   ] [03/07/2024 09:51:45.878] [trimesh]: load_mesh executed in 0.0149 seconds.
[DEBUG   ] [03/07/2024 09:51:45.879] [trimesh]: loaded <trimesh.Trimesh(vertices.shape=(8, 3), faces.shape=(12, 3))> using load_stl
[DEBUG   ] [03/07/2024 09:51:45.879] [trimesh]: load_mesh executed in 0.0006 seconds.
[DEBUG   ] [03/07/2024 09:51:45.880] [trimesh]: loaded <trimesh.Trimesh(vertices.shape=(40, 3), faces.shape=(76, 3))> using load_stl
[DEBUG   ] [03/07/2024 09:51:45.880] [trimesh]: load_mesh executed in 0.0004 seconds.
[DEBUG   ] [03/07/2024 09:51:45.880] [trimesh]: loaded <trimesh.Trimesh(vertices.shape=(40, 3), faces.shape=(76, 3))> using load_stl
[DEBUG   ] [03/07/2024 09:51:45.880] [trimesh]: load_mesh executed in 0.0004 seconds.
[DEBUG   ] [03/07/2024 09:51:45.882] [trimesh]: loaded <trimesh.Trimesh(vertices.shape=(40, 3), faces.shape=(76, 3))> using load_stl
[DEBUG   ] [03/07/2024 09:51:45.882] [trimesh]: load_mesh executed in 0.0010 seconds.
[DEBUG   ] [03/07/2024 09:51:45.882] [trimesh]: loaded <trimesh.Trimesh(vertices.shape=(40, 3), faces.shape=(76, 3))> using load_stl
[DEBUG   ] [03/07/2024 09:51:45.882] [trimesh]: load_mesh executed in 0.0004 seconds.
[DEBUG   ] [03/07/2024 09:51:45.883] [trimesh]: loaded <trimesh.Trimesh(vertices.shape=(40, 3), faces.shape=(76, 3))> using load_stl
[DEBUG   ] [03/07/2024 09:51:45.883] [trimesh]: load_mesh executed in 0.0004 seconds.
[DEBUG   ] [03/07/2024 09:51:45.883] [trimesh]: loaded <trimesh.Trimesh(vertices.shape=(40, 3), faces.shape=(76, 3))> using load_stl
[DEBUG   ] [03/07/2024 09:51:45.883] [trimesh]: load_mesh executed in 0.0005 seconds.
[DEBUG   ] [03/07/2024 09:51:45.884] [trimesh]: loaded <trimesh.Trimesh(vertices.shape=(40, 3), faces.shape=(76, 3))> using load_stl
[DEBUG   ] [03/07/2024 09:51:45.884] [trimesh]: load_mesh executed in 0.0004 seconds.
[DEBUG   ] [03/07/2024 09:51:45.885] [trimesh]: loaded <trimesh.Trimesh(vertices.shape=(40, 3), faces.shape=(76, 3))> using load_stl
[DEBUG   ] [03/07/2024 09:51:45.885] [trimesh]: load_mesh executed in 0.0007 seconds.
[DEBUG   ] [03/07/2024 09:51:45.887] [trimesh]: loaded <trimesh.Trimesh(vertices.shape=(40, 3), faces.shape=(76, 3))> using load_stl
[DEBUG   ] [03/07/2024 09:51:45.887] [trimesh]: load_mesh executed in 0.0007 seconds.
[DEBUG   ] [03/07/2024 09:51:45.887] [trimesh]: loaded <trimesh.Trimesh(vertices.shape=(40, 3), faces.shape=(76, 3))> using load_stl
[DEBUG   ] [03/07/2024 09:51:45.887] [trimesh]: load_mesh executed in 0.0004 seconds.
[DEBUG   ] [03/07/2024 09:51:46.205] [trimesh]: loaded <trimesh.Scene(len(geometry)=18)> using load_collada
[DEBUG   ] [03/07/2024 09:51:46.206] [trimesh]: load_mesh executed in 0.3179 seconds.
[DEBUG   ] [03/07/2024 09:51:46.206] [trimesh]: `nodes_geometry`: 8.32E-06s, `cache.verify`: 1.93E-06s
[DEBUG   ] [03/07/2024 09:51:46.206] [trimesh]: apply_transform passed identity matrix
[DEBUG   ] [03/07/2024 09:51:46.206] [trimesh]: apply_transform passed identity matrix
[DEBUG   ] [03/07/2024 09:51:46.206] [trimesh]: apply_transform passed identity matrix
[DEBUG   ] [03/07/2024 09:51:46.206] [trimesh]: apply_transform passed identity matrix
[DEBUG   ] [03/07/2024 09:51:46.206] [trimesh]: apply_transform passed identity matrix
[DEBUG   ] [03/07/2024 09:51:46.207] [trimesh]: apply_transform passed identity matrix
[DEBUG   ] [03/07/2024 09:51:46.207] [trimesh]: apply_transform passed identity matrix
[DEBUG   ] [03/07/2024 09:51:46.207] [trimesh]: apply_transform passed identity matrix
[DEBUG   ] [03/07/2024 09:51:46.207] [trimesh]: apply_transform passed identity matrix
[DEBUG   ] [03/07/2024 09:51:46.207] [trimesh]: apply_transform passed identity matrix
[DEBUG   ] [03/07/2024 09:51:46.207] [trimesh]: apply_transform passed identity matrix
[DEBUG   ] [03/07/2024 09:51:46.207] [trimesh]: apply_transform passed identity matrix
[DEBUG   ] [03/07/2024 09:51:46.210] [trimesh]: apply_transform passed identity matrix
[DEBUG   ] [03/07/2024 09:51:46.210] [trimesh]: apply_transform passed identity matrix
[DEBUG   ] [03/07/2024 09:51:46.210] [trimesh]: apply_transform passed identity matrix
[DEBUG   ] [03/07/2024 09:51:46.210] [trimesh]: apply_transform passed identity matrix
[DEBUG   ] [03/07/2024 09:51:46.210] [trimesh]: apply_transform passed identity matrix
[DEBUG   ] [03/07/2024 09:51:46.210] [trimesh]: apply_transform passed identity matrix
[DEBUG   ] [03/07/2024 09:51:46.211] [trimesh]: face_normals didn't match triangles, ignoring!
[DEBUG   ] [03/07/2024 09:51:46.212] [trimesh]: loaded <trimesh.Trimesh(vertices.shape=(344, 3), faces.shape=(684, 3))> using load_stl
[DEBUG   ] [03/07/2024 09:51:46.212] [trimesh]: load_mesh executed in 0.0009 seconds.
[DEBUG   ] [03/07/2024 09:51:46.213] [trimesh]: loaded <trimesh.Trimesh(vertices.shape=(8, 3), faces.shape=(12, 3))> using load_stl
[DEBUG   ] [03/07/2024 09:51:46.213] [trimesh]: load_mesh executed in 0.0006 seconds.
[DEBUG   ] [03/07/2024 09:51:46.215] [trimesh]: loaded <trimesh.Trimesh(vertices.shape=(430, 3), faces.shape=(896, 3))> using load_stl
[DEBUG   ] [03/07/2024 09:51:46.215] [trimesh]: load_mesh executed in 0.0011 seconds.
[DEBUG   ] [03/07/2024 09:51:46.216] [trimesh]: loaded <trimesh.Trimesh(vertices.shape=(430, 3), faces.shape=(896, 3))> using load_stl
[DEBUG   ] [03/07/2024 09:51:46.216] [trimesh]: load_mesh executed in 0.0007 seconds.
[DEBUG   ] [03/07/2024 09:51:46.218] [trimesh]: loaded <trimesh.Trimesh(vertices.shape=(1130, 3), faces.shape=(2292, 3))> using load_stl
[DEBUG   ] [03/07/2024 09:51:46.218] [trimesh]: load_mesh executed in 0.0019 seconds.
[DEBUG   ] [03/07/2024 09:51:46.220] [trimesh]: loaded <trimesh.Trimesh(vertices.shape=(1130, 3), faces.shape=(2292, 3))> using load_stl
[DEBUG   ] [03/07/2024 09:51:46.220] [trimesh]: load_mesh executed in 0.0019 seconds.
[DEBUG   ] [03/07/2024 09:51:46.223] [trimesh]: loaded <trimesh.Trimesh(vertices.shape=(1847, 3), faces.shape=(3729, 3))> using load_stl
[DEBUG   ] [03/07/2024 09:51:46.223] [trimesh]: load_mesh executed in 0.0026 seconds.
[DEBUG   ] [03/07/2024 09:51:46.224] [trimesh]: loaded <trimesh.Trimesh(vertices.shape=(8, 3), faces.shape=(12, 3))> using load_stl
[DEBUG   ] [03/07/2024 09:51:46.224] [trimesh]: load_mesh executed in 0.0004 seconds.
[DEBUG   ] [03/07/2024 09:51:46.226] [trimesh]: loaded <trimesh.Trimesh(vertices.shape=(1433, 3), faces.shape=(2842, 3))> using load_stl
[DEBUG   ] [03/07/2024 09:51:46.226] [trimesh]: load_mesh executed in 0.0018 seconds.
[DEBUG   ] [03/07/2024 09:51:46.226] [trimesh]: loaded <trimesh.Trimesh(vertices.shape=(8, 3), faces.shape=(12, 3))> using load_stl
[DEBUG   ] [03/07/2024 09:51:46.227] [trimesh]: load_mesh executed in 0.0004 seconds.
[DEBUG   ] [03/07/2024 09:51:46.228] [trimesh]: loaded <trimesh.Trimesh(vertices.shape=(381, 3), faces.shape=(758, 3))> using load_stl
[DEBUG   ] [03/07/2024 09:51:46.228] [trimesh]: load_mesh executed in 0.0007 seconds.
[DEBUG   ] [03/07/2024 09:51:46.228] [trimesh]: loaded <trimesh.Trimesh(vertices.shape=(8, 3), faces.shape=(12, 3))> using load_stl
[DEBUG   ] [03/07/2024 09:51:46.228] [trimesh]: load_mesh executed in 0.0003 seconds.
[DEBUG   ] [03/07/2024 09:51:46.245] [trimesh]: loaded <trimesh.Trimesh(vertices.shape=(14545, 3), faces.shape=(24513, 3))> using load_stl
[DEBUG   ] [03/07/2024 09:51:46.245] [trimesh]: load_mesh executed in 0.0170 seconds.
[DEBUG   ] [03/07/2024 09:51:46.246] [trimesh]: loaded <trimesh.Trimesh(vertices.shape=(46, 3), faces.shape=(88, 3))> using load_stl
[DEBUG   ] [03/07/2024 09:51:46.246] [trimesh]: load_mesh executed in 0.0006 seconds.
[DEBUG   ] [03/07/2024 09:51:46.247] [trimesh]: face_normals didn't match triangles, ignoring!
[DEBUG   ] [03/07/2024 09:51:46.248] [trimesh]: loaded <trimesh.Trimesh(vertices.shape=(582, 3), faces.shape=(1164, 3))> using load_stl
[DEBUG   ] [03/07/2024 09:51:46.248] [trimesh]: load_mesh executed in 0.0010 seconds.
[DEBUG   ] [03/07/2024 09:51:46.248] [trimesh]: loaded <trimesh.Trimesh(vertices.shape=(8, 3), faces.shape=(12, 3))> using load_stl
[DEBUG   ] [03/07/2024 09:51:46.248] [trimesh]: load_mesh executed in 0.0004 seconds.
[DEBUG   ] [03/07/2024 09:51:46.250] [trimesh]: loaded <trimesh.Trimesh(vertices.shape=(1256, 3), faces.shape=(2508, 3))> using load_stl
[DEBUG   ] [03/07/2024 09:51:46.250] [trimesh]: load_mesh executed in 0.0017 seconds.
[DEBUG   ] [03/07/2024 09:51:46.251] [trimesh]: loaded <trimesh.Trimesh(vertices.shape=(8, 3), faces.shape=(12, 3))> using load_stl
[DEBUG   ] [03/07/2024 09:51:46.251] [trimesh]: load_mesh executed in 0.0005 seconds.
[DEBUG   ] [03/07/2024 09:51:46.252] [trimesh]: loaded <trimesh.Trimesh(vertices.shape=(72, 3), faces.shape=(140, 3))> using load_stl
[DEBUG   ] [03/07/2024 09:51:46.252] [trimesh]: load_mesh executed in 0.0007 seconds.
[DEBUG   ] [03/07/2024 09:51:46.253] [trimesh]: loaded <trimesh.Trimesh(vertices.shape=(72, 3), faces.shape=(140, 3))> using load_stl
[DEBUG   ] [03/07/2024 09:51:46.253] [trimesh]: load_mesh executed in 0.0006 seconds.
[DEBUG   ] [03/07/2024 09:51:46.254] [trimesh]: face_normals didn't match triangles, ignoring!
[DEBUG   ] [03/07/2024 09:51:46.255] [trimesh]: loaded <trimesh.Trimesh(vertices.shape=(577, 3), faces.shape=(1154, 3))> using load_stl
[DEBUG   ] [03/07/2024 09:51:46.255] [trimesh]: load_mesh executed in 0.0010 seconds.
[DEBUG   ] [03/07/2024 09:51:46.255] [trimesh]: loaded <trimesh.Trimesh(vertices.shape=(8, 3), faces.shape=(12, 3))> using load_stl
[DEBUG   ] [03/07/2024 09:51:46.255] [trimesh]: load_mesh executed in 0.0004 seconds.
[DEBUG   ] [03/07/2024 09:51:46.257] [trimesh]: loaded <trimesh.Trimesh(vertices.shape=(1256, 3), faces.shape=(2508, 3))> using load_stl
[DEBUG   ] [03/07/2024 09:51:46.257] [trimesh]: load_mesh executed in 0.0016 seconds.
[DEBUG   ] [03/07/2024 09:51:46.258] [trimesh]: loaded <trimesh.Trimesh(vertices.shape=(8, 3), faces.shape=(12, 3))> using load_stl
[DEBUG   ] [03/07/2024 09:51:46.258] [trimesh]: load_mesh executed in 0.0003 seconds.
[DEBUG   ] [03/07/2024 09:51:46.258] [trimesh]: loaded <trimesh.Trimesh(vertices.shape=(72, 3), faces.shape=(140, 3))> using load_stl
[DEBUG   ] [03/07/2024 09:51:46.258] [trimesh]: load_mesh executed in 0.0004 seconds.
[DEBUG   ] [03/07/2024 09:51:46.259] [trimesh]: loaded <trimesh.Trimesh(vertices.shape=(72, 3), faces.shape=(140, 3))> using load_stl
[DEBUG   ] [03/07/2024 09:51:46.259] [trimesh]: load_mesh executed in 0.0004 seconds.
[DEBUG   ] [03/07/2024 09:51:46.260] [trimesh]: loaded <trimesh.Trimesh(vertices.shape=(56, 3), faces.shape=(108, 3))> using load_stl
[DEBUG   ] [03/07/2024 09:51:46.260] [trimesh]: load_mesh executed in 0.0004 seconds.
[DEBUG   ] [03/07/2024 09:51:46.260] [trimesh]: loaded <trimesh.Trimesh(vertices.shape=(56, 3), faces.shape=(108, 3))> using load_stl
[DEBUG   ] [03/07/2024 09:51:46.260] [trimesh]: load_mesh executed in 0.0004 seconds.
[DEBUG   ] [03/07/2024 09:51:46.264] [trimesh]: loaded <trimesh.Trimesh(vertices.shape=(3274, 3), faces.shape=(6042, 3))> using load_stl
[DEBUG   ] [03/07/2024 09:51:46.264] [trimesh]: load_mesh executed in 0.0036 seconds.
[DEBUG   ] [03/07/2024 09:51:46.265] [trimesh]: loaded <trimesh.Trimesh(vertices.shape=(8, 3), faces.shape=(12, 3))> using load_stl
[DEBUG   ] [03/07/2024 09:51:46.265] [trimesh]: load_mesh executed in 0.0004 seconds.
[DEBUG   ] [03/07/2024 09:51:46.303] [base]: Fast motion turned off
[DEBUG   ] [03/07/2024 09:51:46.985] [arm]: In Vel-Braking Zone.
[DEBUG   ] [03/07/2024 09:51:47.052] [arm]: In Vel-Braking Zone.
[DEBUG   ] [03/07/2024 09:51:47.119] [arm]: In Vel-Braking Zone.
[DEBUG   ] [03/07/2024 09:51:47.187] [arm]: In Vel-Braking Zone.
[DEBUG   ] [03/07/2024 09:51:47.253] [arm]: In Vel-Braking Zone.
[DEBUG   ] [03/07/2024 09:51:47.321] [arm]: In Vel-Braking Zone.
[DEBUG   ] [03/07/2024 09:51:47.389] [arm]: In Vel-Braking Zone.
[DEBUG   ] [03/07/2024 09:51:47.456] [arm]: In Vel-Braking Zone.
[DEBUG   ] [03/07/2024 09:51:47.523] [arm]: In Vel-Braking Zone.
[DEBUG   ] [03/07/2024 09:51:47.591] [arm]: In Vel-Braking Zone.
[DEBUG   ] [03/07/2024 09:51:47.658] [arm]: In Vel-Braking Zone.
[DEBUG   ] [03/07/2024 09:51:47.724] [arm]: In Vel-Braking Zone.
[DEBUG   ] [03/07/2024 09:51:47.792] [arm]: In Vel-Braking Zone.
[DEBUG   ] [03/07/2024 09:51:47.859] [arm]: In Vel-Braking Zone.
[DEBUG   ] [03/07/2024 09:51:47.927] [arm]: In Vel-Braking Zone.
[DEBUG   ] [03/07/2024 09:51:47.994] [arm]: In Vel-Braking Zone.
[DEBUG   ] [03/07/2024 09:51:48.061] [arm]: In Vel-Braking Zone.
[DEBUG   ] [03/07/2024 09:51:48.128] [arm]: In Vel-Braking Zone.
[DEBUG   ] [03/07/2024 09:51:48.195] [arm]: In Vel-Braking Zone.
[DEBUG   ] [03/07/2024 09:51:48.261] [NonDXLStatusThread]: --------- TimingStats NonDXLStatusThread 50 -----------
[DEBUG   ] [03/07/2024 09:51:48.262] [arm]: In Vel-Braking Zone.
[DEBUG   ] [03/07/2024 09:51:48.262] [NonDXLStatusThread]: Target rate: 25.000000
[DEBUG   ] [03/07/2024 09:51:48.263] [NonDXLStatusThread]: Current rate (Hz): 24.414019
[DEBUG   ] [03/07/2024 09:51:48.263] [NonDXLStatusThread]: Average rate (Hz): 24.768010
[DEBUG   ] [03/07/2024 09:51:48.263] [NonDXLStatusThread]: Standard deviation of rate history (Hz): 0.140330
[DEBUG   ] [03/07/2024 09:51:48.263] [NonDXLStatusThread]: Min rate (Hz): 24.332015
[DEBUG   ] [03/07/2024 09:51:48.263] [NonDXLStatusThread]: Max rate (Hz): 24.965798
[DEBUG   ] [03/07/2024 09:51:48.263] [NonDXLStatusThread]: Supportable rate (Hz): 96.919181
[DEBUG   ] [03/07/2024 09:51:48.263] [NonDXLStatusThread]: Standard deviation of supportable rate history (Hz): 32.125724
[DEBUG   ] [03/07/2024 09:51:48.263] [NonDXLStatusThread]: Warnings: 0 out of 50
[DEBUG   ] [03/07/2024 09:51:48.263] [NonDXLStatusThread]: Sleep time (s): 0.022872
[DEBUG   ] [03/07/2024 09:51:48.330] [arm]: In Vel-Braking Zone.
[DEBUG   ] [03/07/2024 09:51:48.397] [arm]: In Vel-Braking Zone.
[DEBUG   ] [03/07/2024 09:51:48.464] [arm]: In Vel-Braking Zone.
[DEBUG   ] [03/07/2024 09:51:48.531] [arm]: In Vel-Braking Zone.
[DEBUG   ] [03/07/2024 09:51:48.598] [arm]: In Vel-Braking Zone.
[DEBUG   ] [03/07/2024 09:51:48.664] [arm]: In Vel-Braking Zone.
[DEBUG   ] [03/07/2024 09:51:48.732] [arm]: In Vel-Braking Zone.
[DEBUG   ] [03/07/2024 09:51:48.798] [arm]: In Vel-Braking Zone.
[DEBUG   ] [03/07/2024 09:51:48.866] [arm]: In Vel-Braking Zone.
[DEBUG   ] [03/07/2024 09:51:48.933] [arm]: In Vel-Braking Zone.
[DEBUG   ] [03/07/2024 09:51:49.001] [arm]: In Vel-Braking Zone.
[DEBUG   ] [03/07/2024 09:51:49.069] [arm]: In Vel-Braking Zone.
[DEBUG   ] [03/07/2024 09:51:49.136] [arm]: In Vel-Braking Zone.
[DEBUG   ] [03/07/2024 09:51:49.203] [arm]: In Vel-Braking Zone.
[DEBUG   ] [03/07/2024 09:51:49.270] [arm]: In Vel-Braking Zone.
[DEBUG   ] [03/07/2024 09:51:49.337] [arm]: In Vel-Braking Zone.
[DEBUG   ] [03/07/2024 09:51:49.404] [arm]: In Vel-Braking Zone.
[DEBUG   ] [03/07/2024 09:51:49.470] [arm]: In Vel-Braking Zone.
[DEBUG   ] [03/07/2024 09:51:49.538] [arm]: In Vel-Braking Zone.
[DEBUG   ] [03/07/2024 09:51:49.590] [DXLHeadStatusThread]: --------- TimingStats DXLHeadStatusThread 50 -----------
[DEBUG   ] [03/07/2024 09:51:49.591] [DXLEndOfArmStatusThread]: --------- TimingStats DXLEndOfArmStatusThread 50 -----------
[DEBUG   ] [03/07/2024 09:51:49.591] [DXLHeadStatusThread]: Target rate: 15.000000
[DEBUG   ] [03/07/2024 09:51:49.591] [DXLEndOfArmStatusThread]: Target rate: 15.000000
[DEBUG   ] [03/07/2024 09:51:49.591] [DXLHeadStatusThread]: Current rate (Hz): 14.897032
[DEBUG   ] [03/07/2024 09:51:49.592] [DXLEndOfArmStatusThread]: Current rate (Hz): 14.825001
[DEBUG   ] [03/07/2024 09:51:49.592] [DXLHeadStatusThread]: Average rate (Hz): 14.916474
[DEBUG   ] [03/07/2024 09:51:49.592] [DXLEndOfArmStatusThread]: Average rate (Hz): 14.911985
[DEBUG   ] [03/07/2024 09:51:49.592] [DXLHeadStatusThread]: Standard deviation of rate history (Hz): 0.039218
[DEBUG   ] [03/07/2024 09:51:49.592] [DXLEndOfArmStatusThread]: Standard deviation of rate history (Hz): 0.067771
[DEBUG   ] [03/07/2024 09:51:49.592] [DXLHeadStatusThread]: Min rate (Hz): 14.801824
[DEBUG   ] [03/07/2024 09:51:49.593] [DXLEndOfArmStatusThread]: Min rate (Hz): 14.692060
[DEBUG   ] [03/07/2024 09:51:49.593] [DXLHeadStatusThread]: Max rate (Hz): 14.991972
[DEBUG   ] [03/07/2024 09:51:49.593] [DXLEndOfArmStatusThread]: Max rate (Hz): 14.995885
[DEBUG   ] [03/07/2024 09:51:49.594] [DXLHeadStatusThread]: Supportable rate (Hz): 59.920305
[DEBUG   ] [03/07/2024 09:51:49.594] [DXLEndOfArmStatusThread]: Supportable rate (Hz): 40.788787
[DEBUG   ] [03/07/2024 09:51:49.596] [DXLHeadStatusThread]: Standard deviation of supportable rate history (Hz): 5.496813
[DEBUG   ] [03/07/2024 09:51:49.598] [DXLEndOfArmStatusThread]: Standard deviation of supportable rate history (Hz): 1.964361
[DEBUG   ] [03/07/2024 09:51:49.600] [DXLHeadStatusThread]: Warnings: 0 out of 50
[DEBUG   ] [03/07/2024 09:51:49.601] [DXLEndOfArmStatusThread]: Warnings: 0 out of 50
[DEBUG   ] [03/07/2024 09:51:49.603] [DXLHeadStatusThread]: Sleep time (s): 0.051126
[DEBUG   ] [03/07/2024 09:51:49.604] [DXLEndOfArmStatusThread]: Sleep time (s): 0.042883
[DEBUG   ] [03/07/2024 09:51:49.605] [SystemMonitorThread]: --------- TimingStats SystemMonitorThread 50 -----------
[DEBUG   ] [03/07/2024 09:51:49.605] [SystemMonitorThread]: Target rate: 15.000000
[DEBUG   ] [03/07/2024 09:51:49.606] [SystemMonitorThread]: Current rate (Hz): 14.863457
[DEBUG   ] [03/07/2024 09:51:49.606] [SystemMonitorThread]: Average rate (Hz): 14.845277
[DEBUG   ] [03/07/2024 09:51:49.606] [SystemMonitorThread]: Standard deviation of rate history (Hz): 0.188504
[DEBUG   ] [03/07/2024 09:51:49.606] [SystemMonitorThread]: Min rate (Hz): 13.899838
[DEBUG   ] [03/07/2024 09:51:49.606] [SystemMonitorThread]: Max rate (Hz): 14.989293
[DEBUG   ] [03/07/2024 09:51:49.607] [SystemMonitorThread]: Supportable rate (Hz): 1905.685693
[DEBUG   ] [03/07/2024 09:51:49.607] [SystemMonitorThread]: Standard deviation of supportable rate history (Hz): 913.952250
[DEBUG   ] [03/07/2024 09:51:49.607] [SystemMonitorThread]: Warnings: 0 out of 50
[DEBUG   ] [03/07/2024 09:51:49.607] [SystemMonitorThread]: Sleep time (s): 0.066133
[DEBUG   ] [03/07/2024 09:51:49.607] [arm]: In Vel-Braking Zone.
[DEBUG   ] [03/07/2024 09:51:49.672] [arm]: In Vel-Braking Zone.
[DEBUG   ] [03/07/2024 09:51:49.740] [arm]: In Vel-Braking Zone.
[DEBUG   ] [03/07/2024 09:51:49.808] [arm]: In Vel-Braking Zone.
[DEBUG   ] [03/07/2024 09:51:49.875] [arm]: In Vel-Braking Zone.
[DEBUG   ] [03/07/2024 09:51:49.942] [arm]: In Vel-Braking Zone.
[DEBUG   ] [03/07/2024 09:51:50.009] [arm]: In Vel-Braking Zone.
[DEBUG   ] [03/07/2024 09:51:50.077] [arm]: In Vel-Braking Zone.
[DEBUG   ] [03/07/2024 09:51:50.144] [arm]: In Vel-Braking Zone.
[DEBUG   ] [03/07/2024 09:51:50.211] [arm]: In Vel-Braking Zone.
[DEBUG   ] [03/07/2024 09:51:50.278] [arm]: In Vel-Braking Zone.
[DEBUG   ] [03/07/2024 09:51:50.281] [NonDXLStatusThread]: --------- TimingStats NonDXLStatusThread 100 -----------
[DEBUG   ] [03/07/2024 09:51:50.282] [NonDXLStatusThread]: Target rate: 25.000000
[DEBUG   ] [03/07/2024 09:51:50.282] [NonDXLStatusThread]: Current rate (Hz): 23.613917
[DEBUG   ] [03/07/2024 09:51:50.282] [NonDXLStatusThread]: Average rate (Hz): 24.763247
[DEBUG   ] [03/07/2024 09:51:50.282] [NonDXLStatusThread]: Standard deviation of rate history (Hz): 0.186093
[DEBUG   ] [03/07/2024 09:51:50.282] [NonDXLStatusThread]: Min rate (Hz): 23.613917
[DEBUG   ] [03/07/2024 09:51:50.282] [NonDXLStatusThread]: Max rate (Hz): 24.980519
[DEBUG   ] [03/07/2024 09:51:50.282] [NonDXLStatusThread]: Supportable rate (Hz): 98.138068
[DEBUG   ] [03/07/2024 09:51:50.282] [NonDXLStatusThread]: Standard deviation of supportable rate history (Hz): 30.660868
[DEBUG   ] [03/07/2024 09:51:50.282] [NonDXLStatusThread]: Warnings: 0 out of 100
[DEBUG   ] [03/07/2024 09:51:50.282] [NonDXLStatusThread]: Sleep time (s): 0.027557
[DEBUG   ] [03/07/2024 09:51:50.345] [arm]: In Vel-Braking Zone.
[DEBUG   ] [03/07/2024 09:51:50.413] [arm]: In Vel-Braking Zone.
[DEBUG   ] [03/07/2024 09:51:50.479] [arm]: In Vel-Braking Zone.
[DEBUG   ] [03/07/2024 09:51:50.547] [arm]: In Vel-Braking Zone.
[DEBUG   ] [03/07/2024 09:51:50.613] [arm]: In Vel-Braking Zone.
[DEBUG   ] [03/07/2024 09:51:50.680] [arm]: In Vel-Braking Zone.
[DEBUG   ] [03/07/2024 09:51:50.748] [arm]: In Vel-Braking Zone.
[DEBUG   ] [03/07/2024 09:51:50.815] [arm]: In Vel-Braking Zone.
[DEBUG   ] [03/07/2024 09:51:50.882] [arm]: In Vel-Braking Zone.
[DEBUG   ] [03/07/2024 09:51:50.949] [arm]: In Vel-Braking Zone.
[DEBUG   ] [03/07/2024 09:51:51.015] [arm]: In Vel-Braking Zone.
[DEBUG   ] [03/07/2024 09:51:51.082] [arm]: In Vel-Braking Zone.
[DEBUG   ] [03/07/2024 09:51:51.149] [arm]: In Vel-Braking Zone.
[DEBUG   ] [03/07/2024 09:51:51.216] [arm]: In Vel-Braking Zone.
[DEBUG   ] [03/07/2024 09:51:51.283] [arm]: In Vel-Braking Zone.
[DEBUG   ] [03/07/2024 09:51:51.351] [arm]: In Vel-Braking Zone.
[DEBUG   ] [03/07/2024 09:51:51.417] [arm]: In Vel-Braking Zone.
[DEBUG   ] [03/07/2024 09:51:51.484] [arm]: In Vel-Braking Zone.
[DEBUG   ] [03/07/2024 09:51:51.496] [robot]: ---- Shutting down robot ----
[DEBUG   ] [03/07/2024 09:51:51.502] [robot]: Shutting down NonDXLStatusThread
[DEBUG   ] [03/07/2024 09:51:51.532] [robot]: Shutting down DXLHeadStatusThread
[DEBUG   ] [03/07/2024 09:51:51.536] [robot]: Shutting down DXLEndOfArmStatusThread
[DEBUG   ] [03/07/2024 09:51:51.551] [robot]: Shutting down SystemMonitorThread
[DEBUG   ] [03/07/2024 09:51:51.551] [robot]: Shutting down pimu
[DEBUG   ] [03/07/2024 09:51:51.553] [pimu]: Shutting down TransportConnection on: /dev/hello-pimu
[DEBUG   ] [03/07/2024 09:51:51.590] [robot]: Shutting down base
[DEBUG   ] [03/07/2024 09:51:51.592] [hello-motor-left-wheel]: Shutting down Stepper on: /dev/hello-motor-left-wheel
[DEBUG   ] [03/07/2024 09:51:51.695] [hello-motor-left-wheel]: Shutting down TransportConnection on: /dev/hello-motor-left-wheel
[DEBUG   ] [03/07/2024 09:51:51.732] [hello-motor-right-wheel]: Shutting down Stepper on: /dev/hello-motor-right-wheel
[DEBUG   ] [03/07/2024 09:51:51.835] [hello-motor-right-wheel]: Shutting down TransportConnection on: /dev/hello-motor-right-wheel
[DEBUG   ] [03/07/2024 09:51:51.871] [robot]: Shutting down lift
[DEBUG   ] [03/07/2024 09:51:51.872] [hello-motor-lift]: Shutting down Stepper on: /dev/hello-motor-lift
[DEBUG   ] [03/07/2024 09:51:51.976] [hello-motor-lift]: Shutting down TransportConnection on: /dev/hello-motor-lift
[DEBUG   ] [03/07/2024 09:51:51.979] [robot]: Shutting down arm
[DEBUG   ] [03/07/2024 09:51:51.980] [hello-motor-arm]: Shutting down Stepper on: /dev/hello-motor-arm
[DEBUG   ] [03/07/2024 09:51:52.084] [hello-motor-arm]: Shutting down TransportConnection on: /dev/hello-motor-arm
[DEBUG   ] [03/07/2024 09:51:52.120] [robot]: Shutting down head
[DEBUG   ] [03/07/2024 09:51:52.127] [robot]: Shutting down wacc
[DEBUG   ] [03/07/2024 09:51:52.128] [wacc]: Shutting down TransportConnection on: /dev/hello-wacc
[DEBUG   ] [03/07/2024 09:51:52.164] [robot]: Shutting down end_of_arm
[DEBUG   ] [03/07/2024 09:51:52.230] [robot]: ---- Shutdown complete ----
