[5.525s] Invoking command in '/home/hello-robot/ament_ws/src/stretch_ros2/stretch_funmap': PYTHONPATH=/home/hello-robot/ament_ws/build/stretch_funmap/prefix_override:/home/hello-robot/ament_ws/install/stretch_funmap/lib/python3.10/site-packages:${PYTHONPATH} /usr/bin/python3 setup.py egg_info --egg-base ../../../build/stretch_funmap build --build-base /home/hello-robot/ament_ws/build/stretch_funmap/build install --record /home/hello-robot/ament_ws/build/stretch_funmap/install.log --single-version-externally-managed
[6.859s] running egg_info
[6.860s] writing ../../../build/stretch_funmap/stretch_funmap.egg-info/PKG-INFO
[6.861s] writing dependency_links to ../../../build/stretch_funmap/stretch_funmap.egg-info/dependency_links.txt
[6.861s] writing entry points to ../../../build/stretch_funmap/stretch_funmap.egg-info/entry_points.txt
[6.861s] writing requirements to ../../../build/stretch_funmap/stretch_funmap.egg-info/requires.txt
[6.861s] writing top-level names to ../../../build/stretch_funmap/stretch_funmap.egg-info/top_level.txt
[6.862s] reading manifest file '../../../build/stretch_funmap/stretch_funmap.egg-info/SOURCES.txt'
[6.862s] adding license file 'LICENSE.md'
[6.862s] writing manifest file '../../../build/stretch_funmap/stretch_funmap.egg-info/SOURCES.txt'
[6.862s] running build
[6.863s] running build_py
[6.863s] running build_ext
[6.863s] building 'stretch_funmap.cython_min_cost_path' extension
[6.864s] INFO: C compiler: x86_64-linux-gnu-gcc -Wno-unused-result -Wsign-compare -DNDEBUG -g -fwrapv -O2 -Wall -g -fstack-protector-strong -Wformat -Werror=format-security -g -fwrapv -O2 -g -fstack-protector-strong -Wformat -Werror=format-security -Wdate-time -D_FORTIFY_SOURCE=2 -fPIC
[6.864s] 
[6.865s] INFO: compile options: '-I/home/hello-robot/ament_ws/install/stretch_funmap/include -I/usr/include/python3.10 -c'
[6.865s] INFO: x86_64-linux-gnu-gcc: stretch_funmap/cython_min_cost_path.c
[6.865s] In file included from /usr/include/python3.10/numpy/ndarraytypes.h:1969,
[6.865s]                  from /usr/include/python3.10/numpy/ndarrayobject.h:12,
[6.865s]                  from /usr/include/python3.10/numpy/arrayobject.h:4,
[6.866s]                  from stretch_funmap/cython_min_cost_path.c:700:
[6.866s] /usr/include/python3.10/numpy/npy_1_7_deprecated_api.h:17:2: warning: #warning "Using deprecated NumPy API, disable it with " "#define NPY_NO_DEPRECATED_API NPY_1_7_API_VERSION" [-Wcpp]
[6.866s]    17 | #warning "Using deprecated NumPy API, disable it with " \
[6.866s]       |  ^~~~~~~
[9.110s] INFO: x86_64-linux-gnu-gcc -shared -Wl,-O1 -Wl,-Bsymbolic-functions -Wl,-Bsymbolic-functions -g -fwrapv -O2 -Wl,-Bsymbolic-functions -g -fwrapv -O2 -g -fstack-protector-strong -Wformat -Werror=format-security -Wdate-time -D_FORTIFY_SOURCE=2 /home/hello-robot/ament_ws/build/stretch_funmap/build/temp.linux-x86_64-3.10/stretch_funmap/cython_min_cost_path.o -o /home/hello-robot/ament_ws/build/stretch_funmap/build/lib.linux-x86_64-3.10/stretch_funmap/cython_min_cost_path.cpython-310-x86_64-linux-gnu.so
[9.110s] running install
[9.110s] running install_lib
[9.110s] copying /home/hello-robot/ament_ws/build/stretch_funmap/build/lib.linux-x86_64-3.10/stretch_funmap/cython_min_cost_path.cpython-310-x86_64-linux-gnu.so -> /home/hello-robot/ament_ws/install/stretch_funmap/lib/python3.10/site-packages/stretch_funmap
[9.110s] running install_data
[9.110s] running install_egg_info
[9.110s] removing '/home/hello-robot/ament_ws/install/stretch_funmap/lib/python3.10/site-packages/stretch_funmap-0.0.0-py3.10.egg-info' (and everything under it)
[9.110s] Copying ../../../build/stretch_funmap/stretch_funmap.egg-info to /home/hello-robot/ament_ws/install/stretch_funmap/lib/python3.10/site-packages/stretch_funmap-0.0.0-py3.10.egg-info
[9.110s] running install_scripts
[9.111s] Installing funmap script to /home/hello-robot/ament_ws/install/stretch_funmap/lib/stretch_funmap
[9.111s] writing list of installed files to '/home/hello-robot/ament_ws/build/stretch_funmap/install.log'
[9.111s] /usr/lib/python3/dist-packages/setuptools/command/install.py:34: SetuptoolsDeprecationWarning: setup.py install is deprecated. Use build and pip and other standards-based tools.
[9.112s]   warnings.warn(
[9.268s] Invoked command in '/home/hello-robot/ament_ws/src/stretch_ros2/stretch_funmap' returned '0': PYTHONPATH=/home/hello-robot/ament_ws/build/stretch_funmap/prefix_override:/home/hello-robot/ament_ws/install/stretch_funmap/lib/python3.10/site-packages:${PYTHONPATH} /usr/bin/python3 setup.py egg_info --egg-base ../../../build/stretch_funmap build --build-base /home/hello-robot/ament_ws/build/stretch_funmap/build install --record /home/hello-robot/ament_ws/build/stretch_funmap/install.log --single-version-externally-managed
