[1.532s] Invoking command in '/home/hello-robot/ament_ws/build/audio_play': AMENT_PREFIX_PATH=/home/hello-robot/ament_ws/install/audio_common_msgs:${AMENT_PREFIX_PATH} CMAKE_PREFIX_PATH=/home/hello-robot/ament_ws/install/audio_common_msgs:/opt/ros/humble LD_LIBRARY_PATH=/home/hello-robot/ament_ws/install/audio_common_msgs/lib:${LD_LIBRARY_PATH} PYTHONPATH=/home/hello-robot/ament_ws/install/audio_common_msgs/local/lib/python3.10/dist-packages:${PYTHONPATH} /usr/bin/cmake /home/hello-robot/ament_ws/src/audio_common/audio_play -DCMAKE_BUILD_TYPE=Release -DCMAKE_INSTALL_PREFIX=/home/hello-robot/ament_ws/install/audio_play
[2.142s] -- The C compiler identification is GNU 11.4.0
[2.228s] -- The CXX compiler identification is GNU 11.4.0
[2.228s] -- Detecting C compiler ABI info
[2.692s] -- Detecting C compiler ABI info - done
[2.692s] -- Check for working C compiler: /usr/bin/cc - skipped
[2.692s] -- Detecting C compile features
[2.692s] -- Detecting C compile features - done
[2.692s] -- Detecting CXX compiler ABI info
[2.968s] -- Detecting CXX compiler ABI info - done
[2.969s] -- Check for working CXX compiler: /usr/bin/c++ - skipped
[2.969s] -- Detecting CXX compile features
[2.969s] -- Detecting CXX compile features - done
[2.969s] -- Found ament_cmake: 1.3.8 (/opt/ros/humble/share/ament_cmake/cmake)
[3.515s] -- Found Python3: /usr/bin/python3 (found version "3.10.12") found components: Interpreter 
[3.723s] -- Found rclcpp: 16.0.8 (/opt/ros/humble/share/rclcpp/cmake)
[3.848s] -- Found rosidl_generator_c: 3.1.5 (/opt/ros/humble/share/rosidl_generator_c/cmake)
[3.874s] -- Found rosidl_adapter: 3.1.5 (/opt/ros/humble/share/rosidl_adapter/cmake)
[3.897s] -- Found rosidl_generator_cpp: 3.1.5 (/opt/ros/humble/share/rosidl_generator_cpp/cmake)
[3.948s] -- Using all available rosidl_typesupport_c: rosidl_typesupport_fastrtps_c;rosidl_typesupport_introspection_c
[4.011s] -- Using all available rosidl_typesupport_cpp: rosidl_typesupport_fastrtps_cpp;rosidl_typesupport_introspection_cpp
[4.147s] -- Found rmw_implementation_cmake: 6.1.1 (/opt/ros/humble/share/rmw_implementation_cmake/cmake)
[4.152s] -- Found rmw_fastrtps_cpp: 6.2.6 (/opt/ros/humble/share/rmw_fastrtps_cpp/cmake)
[4.729s] -- Found OpenSSL: /usr/lib/x86_64-linux-gnu/libcrypto.so (found version "3.0.2")  
[4.729s] -- Found FastRTPS: /opt/ros/humble/include  
[4.797s] -- Using RMW implementation 'rmw_fastrtps_cpp' as default
[4.828s] -- Looking for pthread.h
[5.161s] -- Looking for pthread.h - found
[5.161s] -- Performing Test CMAKE_HAVE_LIBC_PTHREAD
[5.916s] -- Performing Test CMAKE_HAVE_LIBC_PTHREAD - Success
[5.916s] -- Found Threads: TRUE  
[5.917s] -- Found rclcpp_components: 16.0.8 (/opt/ros/humble/share/rclcpp_components/cmake)
[6.002s] -- Found audio_common_msgs: 0.3.12 (/home/hello-robot/ament_ws/install/audio_common_msgs/share/audio_common_msgs/cmake)
[6.155s] -- Found PkgConfig: /usr/bin/pkg-config (found version "0.29.2") 
[6.156s] -- Checking for module 'gstreamer-1.0'
[6.211s] --   Found gstreamer-1.0, version 1.20.3
[6.385s] -- Found Boost: /usr/lib/x86_64-linux-gnu/cmake/Boost-1.74.0/BoostConfig.cmake (found version "1.74.0") found components: thread 
[6.542s] -- Configuring done
[6.782s] -- Generating done
[6.782s] -- Build files have been written to: /home/hello-robot/ament_ws/build/audio_play
[6.784s] Invoked command in '/home/hello-robot/ament_ws/build/audio_play' returned '0': AMENT_PREFIX_PATH=/home/hello-robot/ament_ws/install/audio_common_msgs:${AMENT_PREFIX_PATH} CMAKE_PREFIX_PATH=/home/hello-robot/ament_ws/install/audio_common_msgs:/opt/ros/humble LD_LIBRARY_PATH=/home/hello-robot/ament_ws/install/audio_common_msgs/lib:${LD_LIBRARY_PATH} PYTHONPATH=/home/hello-robot/ament_ws/install/audio_common_msgs/local/lib/python3.10/dist-packages:${PYTHONPATH} /usr/bin/cmake /home/hello-robot/ament_ws/src/audio_common/audio_play -DCMAKE_BUILD_TYPE=Release -DCMAKE_INSTALL_PREFIX=/home/hello-robot/ament_ws/install/audio_play
[6.784s] Invoking command in '/home/hello-robot/ament_ws/build/audio_play': AMENT_PREFIX_PATH=/home/hello-robot/ament_ws/install/audio_common_msgs:${AMENT_PREFIX_PATH} CMAKE_PREFIX_PATH=/home/hello-robot/ament_ws/install/audio_common_msgs:/opt/ros/humble LD_LIBRARY_PATH=/home/hello-robot/ament_ws/install/audio_common_msgs/lib:${LD_LIBRARY_PATH} PYTHONPATH=/home/hello-robot/ament_ws/install/audio_common_msgs/local/lib/python3.10/dist-packages:${PYTHONPATH} /usr/bin/cmake --build /home/hello-robot/ament_ws/build/audio_play -- -j16 -l16
[7.101s] [ 25%] Building CXX object CMakeFiles/audio_play.dir/src/audio_play_node.cpp.o
[7.101s] [ 50%] Building CXX object CMakeFiles/audio_play_node.dir/rclcpp_components/node_main_audio_play_node.cpp.o
[12.121s] [ 75%] Linking CXX executable audio_play_node
[12.289s] [ 75%] Built target audio_play_node
[13.543s] /home/hello-robot/ament_ws/src/audio_common/audio_play/src/audio_play_node.cpp: In static member function ‘static void audio_play::AudioPlayNode::cb_newpad(GstElement*, GstPad*, gpointer)’:
[13.543s] /home/hello-robot/ament_ws/src/audio_common/audio_play/src/audio_play_node.cpp:158:41: warning: unused parameter ‘decodebin’ [-Wunused-parameter]
[13.543s]   158 |      static void cb_newpad (GstElement *decodebin, GstPad *pad,
[13.543s]       |                             ~~~~~~~~~~~~^~~~~~~~~
[21.353s] /home/hello-robot/ament_ws/src/audio_common/audio_play/src/audio_play_node.cpp: In constructor ‘audio_play::AudioPlayNode::AudioPlayNode(const rclcpp::NodeOptions&)’:
[21.354s] /home/hello-robot/ament_ws/src/audio_common/audio_play/src/audio_play_node.cpp:125:29: warning: ‘audiopad’ may be used uninitialized in this function [-Wmaybe-uninitialized]
[21.354s]   125 |             gst_object_unref(audiopad);
[21.354s]       |             ~~~~~~~~~~~~~~~~^~~~~~~~~~
[21.354s] /home/hello-robot/ament_ws/src/audio_common/audio_play/src/audio_play_node.cpp:58:21: warning: ‘do_timestamp’ may be used uninitialized in this function [-Wmaybe-uninitialized]
[21.354s]    58 |         g_object_set(G_OBJECT(_source), "do-timestamp", (do_timestamp) ? TRUE : FALSE, NULL);
[21.354s]       |         ~~~~~~~~~~~~^~~~~~~~~~~~~~~~~~~~~~~~~~~~~~~~~~~~~~~~~~~~~~~~~~~~~~~~~~~~~~~~~~~~~~~~
[21.818s] [100%] Linking CXX shared library libaudio_play.so
[22.007s] [100%] Built target audio_play
[22.017s] Invoked command in '/home/hello-robot/ament_ws/build/audio_play' returned '0': AMENT_PREFIX_PATH=/home/hello-robot/ament_ws/install/audio_common_msgs:${AMENT_PREFIX_PATH} CMAKE_PREFIX_PATH=/home/hello-robot/ament_ws/install/audio_common_msgs:/opt/ros/humble LD_LIBRARY_PATH=/home/hello-robot/ament_ws/install/audio_common_msgs/lib:${LD_LIBRARY_PATH} PYTHONPATH=/home/hello-robot/ament_ws/install/audio_common_msgs/local/lib/python3.10/dist-packages:${PYTHONPATH} /usr/bin/cmake --build /home/hello-robot/ament_ws/build/audio_play -- -j16 -l16
[22.039s] Invoking command in '/home/hello-robot/ament_ws/build/audio_play': AMENT_PREFIX_PATH=/home/hello-robot/ament_ws/install/audio_common_msgs:${AMENT_PREFIX_PATH} CMAKE_PREFIX_PATH=/home/hello-robot/ament_ws/install/audio_common_msgs:/opt/ros/humble LD_LIBRARY_PATH=/home/hello-robot/ament_ws/install/audio_common_msgs/lib:${LD_LIBRARY_PATH} PYTHONPATH=/home/hello-robot/ament_ws/install/audio_common_msgs/local/lib/python3.10/dist-packages:${PYTHONPATH} /usr/bin/cmake --install /home/hello-robot/ament_ws/build/audio_play
[22.045s] -- Install configuration: "Release"
[22.045s] -- Installing: /home/hello-robot/ament_ws/install/audio_play/lib/audio_play/audio_play_node
[22.045s] -- Set runtime path of "/home/hello-robot/ament_ws/install/audio_play/lib/audio_play/audio_play_node" to ""
[22.045s] -- Installing: /home/hello-robot/ament_ws/install/audio_play/bin/audio_play_node
[22.046s] -- Set runtime path of "/home/hello-robot/ament_ws/install/audio_play/bin/audio_play_node" to ""
[22.046s] -- Installing: /home/hello-robot/ament_ws/install/audio_play/lib/libaudio_play.so
[22.047s] -- Set runtime path of "/home/hello-robot/ament_ws/install/audio_play/lib/libaudio_play.so" to ""
[22.047s] -- Installing: /home/hello-robot/ament_ws/install/audio_play/share/audio_play/launch
[22.047s] -- Installing: /home/hello-robot/ament_ws/install/audio_play/share/audio_play/launch/play.launch.xml
[22.047s] -- Installing: /home/hello-robot/ament_ws/install/audio_play/share/audio_play/launch/play.launch.py
[22.047s] -- Installing: /home/hello-robot/ament_ws/install/audio_play/share/audio_play/environment/library_path.sh
[22.047s] -- Installing: /home/hello-robot/ament_ws/install/audio_play/share/audio_play/environment/library_path.dsv
[22.048s] -- Installing: /home/hello-robot/ament_ws/install/audio_play/share/ament_index/resource_index/package_run_dependencies/audio_play
[22.048s] -- Installing: /home/hello-robot/ament_ws/install/audio_play/share/ament_index/resource_index/parent_prefix_path/audio_play
[22.048s] -- Installing: /home/hello-robot/ament_ws/install/audio_play/share/audio_play/environment/ament_prefix_path.sh
[22.048s] -- Installing: /home/hello-robot/ament_ws/install/audio_play/share/audio_play/environment/ament_prefix_path.dsv
[22.048s] -- Installing: /home/hello-robot/ament_ws/install/audio_play/share/audio_play/environment/path.sh
[22.048s] -- Installing: /home/hello-robot/ament_ws/install/audio_play/share/audio_play/environment/path.dsv
[22.048s] -- Installing: /home/hello-robot/ament_ws/install/audio_play/share/audio_play/local_setup.bash
[22.048s] -- Installing: /home/hello-robot/ament_ws/install/audio_play/share/audio_play/local_setup.sh
[22.048s] -- Installing: /home/hello-robot/ament_ws/install/audio_play/share/audio_play/local_setup.zsh
[22.048s] -- Installing: /home/hello-robot/ament_ws/install/audio_play/share/audio_play/local_setup.dsv
[22.048s] -- Installing: /home/hello-robot/ament_ws/install/audio_play/share/audio_play/package.dsv
[22.048s] -- Installing: /home/hello-robot/ament_ws/install/audio_play/share/ament_index/resource_index/packages/audio_play
[22.049s] -- Installing: /home/hello-robot/ament_ws/install/audio_play/share/ament_index/resource_index/rclcpp_components/audio_play
[22.049s] -- Installing: /home/hello-robot/ament_ws/install/audio_play/share/audio_play/cmake/ament_cmake_export_libraries-extras.cmake
[22.049s] -- Installing: /home/hello-robot/ament_ws/install/audio_play/share/audio_play/cmake/audio_playConfig.cmake
[22.049s] -- Installing: /home/hello-robot/ament_ws/install/audio_play/share/audio_play/cmake/audio_playConfig-version.cmake
[22.049s] -- Installing: /home/hello-robot/ament_ws/install/audio_play/share/audio_play/package.xml
[22.051s] Invoked command in '/home/hello-robot/ament_ws/build/audio_play' returned '0': AMENT_PREFIX_PATH=/home/hello-robot/ament_ws/install/audio_common_msgs:${AMENT_PREFIX_PATH} CMAKE_PREFIX_PATH=/home/hello-robot/ament_ws/install/audio_common_msgs:/opt/ros/humble LD_LIBRARY_PATH=/home/hello-robot/ament_ws/install/audio_common_msgs/lib:${LD_LIBRARY_PATH} PYTHONPATH=/home/hello-robot/ament_ws/install/audio_common_msgs/local/lib/python3.10/dist-packages:${PYTHONPATH} /usr/bin/cmake --install /home/hello-robot/ament_ws/build/audio_play
