[0.608s] Invoking command in '/home/hello-robot/ament_ws/build/speech_recognition_msgs': CMAKE_PREFIX_PATH=/opt/ros/humble /usr/bin/cmake /home/hello-robot/ament_ws/src/audio_common/speech_recognition_msgs -DCMAKE_BUILD_TYPE=Release -DCMAKE_INSTALL_PREFIX=/home/hello-robot/ament_ws/install/speech_recognition_msgs
[3.421s] -- The C compiler identification is GNU 11.4.0
[3.422s] -- The CXX compiler identification is GNU 11.4.0
[3.422s] -- Detecting C compiler ABI info
[3.422s] -- Detecting C compiler ABI info - done
[3.422s] -- Check for working C compiler: /usr/bin/cc - skipped
[3.423s] -- Detecting C compile features
[3.423s] -- Detecting C compile features - done
[3.423s] -- Detecting CXX compiler ABI info
[3.423s] -- Detecting CXX compiler ABI info - done
[3.423s] -- Check for working CXX compiler: /usr/bin/c++ - skipped
[3.423s] -- Detecting CXX compile features
[3.423s] -- Detecting CXX compile features - done
[3.424s] -- Found ament_cmake: 1.3.8 (/opt/ros/humble/share/ament_cmake/cmake)
[3.424s] -- Found Python3: /usr/bin/python3 (found version "3.10.12") found components: Interpreter 
[3.424s] -- Found rosidl_default_generators: 1.2.0 (/opt/ros/humble/share/rosidl_default_generators/cmake)
[3.424s] -- Using all available rosidl_typesupport_c: rosidl_typesupport_fastrtps_c;rosidl_typesupport_introspection_c
[3.424s] -- Found rosidl_adapter: 3.1.5 (/opt/ros/humble/share/rosidl_adapter/cmake)
[3.424s] -- Using all available rosidl_typesupport_cpp: rosidl_typesupport_fastrtps_cpp;rosidl_typesupport_introspection_cpp
[3.424s] -- Found std_msgs: 4.2.3 (/opt/ros/humble/share/std_msgs/cmake)
[3.424s] -- Found ament_cmake_cppcheck: 0.12.10 (/opt/ros/humble/share/ament_cmake_cppcheck/cmake)
[3.424s] -- Found ament_cmake_cpplint: 0.12.10 (/opt/ros/humble/share/ament_cmake_cpplint/cmake)
[3.424s] -- Found ament_cmake_uncrustify: 0.12.10 (/opt/ros/humble/share/ament_cmake_uncrustify/cmake)
[3.424s] -- Found ament_cmake_ros: 0.10.0 (/opt/ros/humble/share/ament_cmake_ros/cmake)
[3.425s] -- Using all available rosidl_typesupport_c: rosidl_typesupport_fastrtps_c;rosidl_typesupport_introspection_c
[3.425s] -- Using all available rosidl_typesupport_cpp: rosidl_typesupport_fastrtps_cpp;rosidl_typesupport_introspection_cpp
[3.425s] -- Found PythonInterp: /usr/bin/python3 (found suitable version "3.10.12", minimum required is "3.6") 
[3.425s] -- Found python_cmake_module: 0.10.0 (/opt/ros/humble/share/python_cmake_module/cmake)
[3.425s] -- Found PythonLibs: /usr/lib/x86_64-linux-gnu/libpython3.10.so (found suitable version "3.10.12", minimum required is "3.5") 
[3.425s] -- Using PYTHON_EXECUTABLE: /usr/bin/python3
[3.425s] -- Using PYTHON_INCLUDE_DIRS: /usr/include/python3.10
[3.425s] -- Using PYTHON_LIBRARIES: /usr/lib/x86_64-linux-gnu/libpython3.10.so
[3.425s] -- Found PythonExtra: .so  
[3.425s] -- Found ament_cmake_flake8: 0.12.10 (/opt/ros/humble/share/ament_cmake_flake8/cmake)
[3.425s] -- Found ament_cmake_pep257: 0.12.10 (/opt/ros/humble/share/ament_cmake_pep257/cmake)
[3.425s] -- Found ament_lint_auto: 0.12.10 (/opt/ros/humble/share/ament_lint_auto/cmake)
[3.425s] -- Added test 'copyright' to check source files copyright and LICENSE
[3.426s] -- Added test 'lint_cmake' to check CMake code style
[3.427s] -- Added test 'xmllint' to check XML markup files
[3.427s] -- Configuring done
[3.427s] -- Generating done
[3.427s] -- Build files have been written to: /home/hello-robot/ament_ws/build/speech_recognition_msgs
[3.447s] Invoked command in '/home/hello-robot/ament_ws/build/speech_recognition_msgs' returned '0': CMAKE_PREFIX_PATH=/opt/ros/humble /usr/bin/cmake /home/hello-robot/ament_ws/src/audio_common/speech_recognition_msgs -DCMAKE_BUILD_TYPE=Release -DCMAKE_INSTALL_PREFIX=/home/hello-robot/ament_ws/install/speech_recognition_msgs
[3.447s] Invoking command in '/home/hello-robot/ament_ws/build/speech_recognition_msgs': CMAKE_PREFIX_PATH=/opt/ros/humble /usr/bin/cmake --build /home/hello-robot/ament_ws/build/speech_recognition_msgs -- -j16 -l16
[3.475s] [  1%] Generating C code for ROS interfaces
[3.481s] [  3%] Generating C++ code for ROS interfaces
[3.503s] [  3%] Built target ament_cmake_python_copy_speech_recognition_msgs
[4.194s] running egg_info
[4.220s] creating speech_recognition_msgs.egg-info
[4.221s] writing speech_recognition_msgs.egg-info/PKG-INFO
[4.222s] writing dependency_links to speech_recognition_msgs.egg-info/dependency_links.txt
[4.222s] writing top-level names to speech_recognition_msgs.egg-info/top_level.txt
[4.222s] writing manifest file 'speech_recognition_msgs.egg-info/SOURCES.txt'
[4.227s] reading manifest file 'speech_recognition_msgs.egg-info/SOURCES.txt'
[4.229s] writing manifest file 'speech_recognition_msgs.egg-info/SOURCES.txt'
[4.401s] [  3%] Built target ament_cmake_python_build_speech_recognition_msgs_egg
[5.421s] [  4%] Building C object CMakeFiles/speech_recognition_msgs__rosidl_generator_c.dir/rosidl_generator_c/speech_recognition_msgs/msg/detail/grammar__functions.c.o
[5.494s] [  6%] Building C object CMakeFiles/speech_recognition_msgs__rosidl_generator_c.dir/rosidl_generator_c/speech_recognition_msgs/msg/detail/phrase_rule__functions.c.o
[5.504s] [  7%] Building C object CMakeFiles/speech_recognition_msgs__rosidl_generator_c.dir/rosidl_generator_c/speech_recognition_msgs/msg/detail/speech_recognition_candidates__functions.c.o
[5.510s] [  9%] Building C object CMakeFiles/speech_recognition_msgs__rosidl_generator_c.dir/rosidl_generator_c/speech_recognition_msgs/msg/detail/vocabulary__functions.c.o
[5.545s] [ 11%] Building C object CMakeFiles/speech_recognition_msgs__rosidl_generator_c.dir/rosidl_generator_c/speech_recognition_msgs/srv/detail/speech_recognition__functions.c.o
[5.727s] [ 11%] Built target speech_recognition_msgs__cpp
[5.812s] [ 12%] Generating C++ type support dispatch for ROS interfaces
[5.815s] [ 14%] Generating C++ introspection for ROS interfaces
[5.824s] [ 15%] Generating C++ type support for eProsima Fast-RTPS
[6.128s] [ 17%] Linking C shared library libspeech_recognition_msgs__rosidl_generator_c.so
[6.326s] [ 17%] Built target speech_recognition_msgs__rosidl_generator_c
[6.397s] [ 19%] Generating C introspection for ROS interfaces
[6.406s] [ 20%] Generating C type support for eProsima Fast-RTPS
[6.406s] [ 22%] Generating C type support dispatch for ROS interfaces
[8.205s] [ 23%] Building CXX object CMakeFiles/speech_recognition_msgs__rosidl_typesupport_introspection_cpp.dir/rosidl_typesupport_introspection_cpp/speech_recognition_msgs/msg/detail/grammar__type_support.cpp.o
[8.205s] [ 25%] Building CXX object CMakeFiles/speech_recognition_msgs__rosidl_typesupport_introspection_cpp.dir/rosidl_typesupport_introspection_cpp/speech_recognition_msgs/msg/detail/vocabulary__type_support.cpp.o
[8.205s] [ 26%] Building CXX object CMakeFiles/speech_recognition_msgs__rosidl_typesupport_introspection_cpp.dir/rosidl_typesupport_introspection_cpp/speech_recognition_msgs/msg/detail/phrase_rule__type_support.cpp.o
[8.205s] [ 28%] Building CXX object CMakeFiles/speech_recognition_msgs__rosidl_typesupport_introspection_cpp.dir/rosidl_typesupport_introspection_cpp/speech_recognition_msgs/msg/detail/speech_recognition_candidates__type_support.cpp.o
[8.205s] [ 30%] Building CXX object CMakeFiles/speech_recognition_msgs__rosidl_typesupport_introspection_cpp.dir/rosidl_typesupport_introspection_cpp/speech_recognition_msgs/srv/detail/speech_recognition__type_support.cpp.o
[8.236s] [ 31%] Building CXX object CMakeFiles/speech_recognition_msgs__rosidl_typesupport_cpp.dir/rosidl_typesupport_cpp/speech_recognition_msgs/msg/grammar__type_support.cpp.o
[8.236s] [ 33%] Building CXX object CMakeFiles/speech_recognition_msgs__rosidl_typesupport_cpp.dir/rosidl_typesupport_cpp/speech_recognition_msgs/msg/phrase_rule__type_support.cpp.o
[8.236s] [ 34%] Building CXX object CMakeFiles/speech_recognition_msgs__rosidl_typesupport_cpp.dir/rosidl_typesupport_cpp/speech_recognition_msgs/msg/vocabulary__type_support.cpp.o
[8.236s] [ 36%] Building CXX object CMakeFiles/speech_recognition_msgs__rosidl_typesupport_cpp.dir/rosidl_typesupport_cpp/speech_recognition_msgs/msg/speech_recognition_candidates__type_support.cpp.o
[8.236s] [ 38%] Building CXX object CMakeFiles/speech_recognition_msgs__rosidl_typesupport_cpp.dir/rosidl_typesupport_cpp/speech_recognition_msgs/srv/speech_recognition__type_support.cpp.o
[8.978s] [ 39%] Building CXX object CMakeFiles/speech_recognition_msgs__rosidl_typesupport_c.dir/rosidl_typesupport_c/speech_recognition_msgs/msg/grammar__type_support.cpp.o
[8.978s] [ 41%] Building CXX object CMakeFiles/speech_recognition_msgs__rosidl_typesupport_c.dir/rosidl_typesupport_c/speech_recognition_msgs/msg/phrase_rule__type_support.cpp.o
[8.978s] [ 42%] Building CXX object CMakeFiles/speech_recognition_msgs__rosidl_typesupport_c.dir/rosidl_typesupport_c/speech_recognition_msgs/msg/speech_recognition_candidates__type_support.cpp.o
[8.978s] [ 44%] Building CXX object CMakeFiles/speech_recognition_msgs__rosidl_typesupport_c.dir/rosidl_typesupport_c/speech_recognition_msgs/msg/vocabulary__type_support.cpp.o
[8.978s] [ 46%] Building CXX object CMakeFiles/speech_recognition_msgs__rosidl_typesupport_c.dir/rosidl_typesupport_c/speech_recognition_msgs/srv/speech_recognition__type_support.cpp.o
[8.978s] [ 47%] Building C object CMakeFiles/speech_recognition_msgs__rosidl_typesupport_introspection_c.dir/rosidl_typesupport_introspection_c/speech_recognition_msgs/msg/detail/grammar__type_support.c.o
[8.979s] [ 49%] Building C object CMakeFiles/speech_recognition_msgs__rosidl_typesupport_introspection_c.dir/rosidl_typesupport_introspection_c/speech_recognition_msgs/msg/detail/phrase_rule__type_support.c.o
[8.979s] [ 50%] Linking CXX shared library libspeech_recognition_msgs__rosidl_typesupport_c.so
[8.979s] [ 52%] Building C object CMakeFiles/speech_recognition_msgs__rosidl_typesupport_introspection_c.dir/rosidl_typesupport_introspection_c/speech_recognition_msgs/msg/detail/speech_recognition_candidates__type_support.c.o
[10.886s] [ 53%] Building CXX object CMakeFiles/speech_recognition_msgs__rosidl_typesupport_fastrtps_cpp.dir/rosidl_typesupport_fastrtps_cpp/speech_recognition_msgs/msg/detail/dds_fastrtps/grammar__type_support.cpp.o
[10.886s] [ 53%] Built target speech_recognition_msgs__rosidl_typesupport_c
[10.886s] [ 55%] Building CXX object CMakeFiles/speech_recognition_msgs__rosidl_typesupport_fastrtps_cpp.dir/rosidl_typesupport_fastrtps_cpp/speech_recognition_msgs/msg/detail/dds_fastrtps/phrase_rule__type_support.cpp.o
[10.886s] [ 57%] Building C object CMakeFiles/speech_recognition_msgs__rosidl_typesupport_introspection_c.dir/rosidl_typesupport_introspection_c/speech_recognition_msgs/msg/detail/vocabulary__type_support.c.o
[10.886s] [ 58%] Building C object CMakeFiles/speech_recognition_msgs__rosidl_typesupport_introspection_c.dir/rosidl_typesupport_introspection_c/speech_recognition_msgs/srv/detail/speech_recognition__type_support.c.o
[10.886s] [ 60%] Building CXX object CMakeFiles/speech_recognition_msgs__rosidl_typesupport_fastrtps_cpp.dir/rosidl_typesupport_fastrtps_cpp/speech_recognition_msgs/msg/detail/dds_fastrtps/vocabulary__type_support.cpp.o
[10.886s] [ 61%] Building CXX object CMakeFiles/speech_recognition_msgs__rosidl_typesupport_fastrtps_cpp.dir/rosidl_typesupport_fastrtps_cpp/speech_recognition_msgs/msg/detail/dds_fastrtps/speech_recognition_candidates__type_support.cpp.o
[10.886s] [ 63%] Building CXX object CMakeFiles/speech_recognition_msgs__rosidl_typesupport_fastrtps_c.dir/rosidl_typesupport_fastrtps_c/speech_recognition_msgs/msg/detail/grammar__type_support_c.cpp.o
[10.886s] [ 65%] Building CXX object CMakeFiles/speech_recognition_msgs__rosidl_typesupport_fastrtps_cpp.dir/rosidl_typesupport_fastrtps_cpp/speech_recognition_msgs/srv/detail/dds_fastrtps/speech_recognition__type_support.cpp.o
[10.886s] [ 66%] Building CXX object CMakeFiles/speech_recognition_msgs__rosidl_typesupport_fastrtps_c.dir/rosidl_typesupport_fastrtps_c/speech_recognition_msgs/msg/detail/phrase_rule__type_support_c.cpp.o
[10.886s] [ 68%] Building CXX object CMakeFiles/speech_recognition_msgs__rosidl_typesupport_fastrtps_c.dir/rosidl_typesupport_fastrtps_c/speech_recognition_msgs/msg/detail/speech_recognition_candidates__type_support_c.cpp.o
[10.886s] [ 69%] Building CXX object CMakeFiles/speech_recognition_msgs__rosidl_typesupport_fastrtps_c.dir/rosidl_typesupport_fastrtps_c/speech_recognition_msgs/msg/detail/vocabulary__type_support_c.cpp.o
[10.886s] [ 71%] Linking C shared library libspeech_recognition_msgs__rosidl_typesupport_introspection_c.so
[10.887s] [ 71%] Built target speech_recognition_msgs__rosidl_typesupport_introspection_c
[10.887s] [ 73%] Linking CXX shared library libspeech_recognition_msgs__rosidl_typesupport_cpp.so
[10.887s] [ 74%] Building CXX object CMakeFiles/speech_recognition_msgs__rosidl_typesupport_fastrtps_c.dir/rosidl_typesupport_fastrtps_c/speech_recognition_msgs/srv/detail/speech_recognition__type_support_c.cpp.o
[10.887s] [ 74%] Built target speech_recognition_msgs__rosidl_typesupport_cpp
[10.958s] [ 76%] Linking CXX shared library libspeech_recognition_msgs__rosidl_typesupport_introspection_cpp.so
[11.322s] [ 77%] Linking CXX shared library libspeech_recognition_msgs__rosidl_typesupport_fastrtps_c.so
[11.322s] [ 77%] Built target speech_recognition_msgs__rosidl_typesupport_introspection_cpp
[11.611s] [ 79%] Linking CXX shared library libspeech_recognition_msgs__rosidl_typesupport_fastrtps_cpp.so
[11.612s] [ 79%] Built target speech_recognition_msgs__rosidl_typesupport_fastrtps_c
[12.137s] [ 79%] Built target speech_recognition_msgs__rosidl_typesupport_fastrtps_cpp
[12.138s] [ 79%] Built target speech_recognition_msgs
[12.486s] [ 80%] Generating Python code for ROS interfaces
[14.254s] [ 80%] Built target speech_recognition_msgs__py
[14.450s] [ 82%] Building C object CMakeFiles/speech_recognition_msgs__rosidl_generator_py.dir/rosidl_generator_py/speech_recognition_msgs/msg/_grammar_s.c.o
[14.452s] [ 84%] Building C object CMakeFiles/speech_recognition_msgs__rosidl_generator_py.dir/rosidl_generator_py/speech_recognition_msgs/msg/_speech_recognition_candidates_s.c.o
[14.460s] [ 85%] Building C object CMakeFiles/speech_recognition_msgs__rosidl_generator_py.dir/rosidl_generator_py/speech_recognition_msgs/msg/_phrase_rule_s.c.o
[14.463s] [ 87%] Building C object CMakeFiles/speech_recognition_msgs__rosidl_generator_py.dir/rosidl_generator_py/speech_recognition_msgs/msg/_vocabulary_s.c.o
[14.471s] [ 88%] Building C object CMakeFiles/speech_recognition_msgs__rosidl_generator_py.dir/rosidl_generator_py/speech_recognition_msgs/srv/_speech_recognition_s.c.o
[15.158s] [ 90%] Linking C shared library rosidl_generator_py/speech_recognition_msgs/libspeech_recognition_msgs__rosidl_generator_py.so
[15.252s] [ 90%] Built target speech_recognition_msgs__rosidl_generator_py
[15.364s] [ 92%] Building C object CMakeFiles/speech_recognition_msgs__rosidl_typesupport_introspection_c__pyext.dir/rosidl_generator_py/speech_recognition_msgs/_speech_recognition_msgs_s.ep.rosidl_typesupport_introspection_c.c.o
[15.402s] [ 93%] Building C object CMakeFiles/speech_recognition_msgs__rosidl_typesupport_fastrtps_c__pyext.dir/rosidl_generator_py/speech_recognition_msgs/_speech_recognition_msgs_s.ep.rosidl_typesupport_fastrtps_c.c.o
[15.431s] [ 95%] Building C object CMakeFiles/speech_recognition_msgs__rosidl_typesupport_c__pyext.dir/rosidl_generator_py/speech_recognition_msgs/_speech_recognition_msgs_s.ep.rosidl_typesupport_c.c.o
[16.435s] [ 96%] Linking C shared library rosidl_generator_py/speech_recognition_msgs/speech_recognition_msgs_s__rosidl_typesupport_c.cpython-310-x86_64-linux-gnu.so
[16.435s] [ 98%] Linking C shared library rosidl_generator_py/speech_recognition_msgs/speech_recognition_msgs_s__rosidl_typesupport_introspection_c.cpython-310-x86_64-linux-gnu.so
[16.435s] [100%] Linking C shared library rosidl_generator_py/speech_recognition_msgs/speech_recognition_msgs_s__rosidl_typesupport_fastrtps_c.cpython-310-x86_64-linux-gnu.so
[16.435s] [100%] Built target speech_recognition_msgs__rosidl_typesupport_c__pyext
[16.435s] [100%] Built target speech_recognition_msgs__rosidl_typesupport_introspection_c__pyext
[16.440s] [100%] Built target speech_recognition_msgs__rosidl_typesupport_fastrtps_c__pyext
[16.510s] Invoked command in '/home/hello-robot/ament_ws/build/speech_recognition_msgs' returned '0': CMAKE_PREFIX_PATH=/opt/ros/humble /usr/bin/cmake --build /home/hello-robot/ament_ws/build/speech_recognition_msgs -- -j16 -l16
[20.762s] Invoking command in '/home/hello-robot/ament_ws/build/speech_recognition_msgs': CMAKE_PREFIX_PATH=/opt/ros/humble /usr/bin/cmake --install /home/hello-robot/ament_ws/build/speech_recognition_msgs
[20.877s] -- Install configuration: "Release"
[20.877s] -- Installing: /home/hello-robot/ament_ws/install/speech_recognition_msgs/share/ament_index/resource_index/rosidl_interfaces/speech_recognition_msgs
[20.877s] -- Installing: /home/hello-robot/ament_ws/install/speech_recognition_msgs/include/speech_recognition_msgs/speech_recognition_msgs
[20.877s] -- Installing: /home/hello-robot/ament_ws/install/speech_recognition_msgs/include/speech_recognition_msgs/speech_recognition_msgs/srv
[20.877s] -- Installing: /home/hello-robot/ament_ws/install/speech_recognition_msgs/include/speech_recognition_msgs/speech_recognition_msgs/srv/speech_recognition.h
[20.877s] -- Installing: /home/hello-robot/ament_ws/install/speech_recognition_msgs/include/speech_recognition_msgs/speech_recognition_msgs/srv/detail
[20.877s] -- Installing: /home/hello-robot/ament_ws/install/speech_recognition_msgs/include/speech_recognition_msgs/speech_recognition_msgs/srv/detail/speech_recognition__functions.h
[20.877s] -- Installing: /home/hello-robot/ament_ws/install/speech_recognition_msgs/include/speech_recognition_msgs/speech_recognition_msgs/srv/detail/speech_recognition__functions.c
[20.878s] -- Installing: /home/hello-robot/ament_ws/install/speech_recognition_msgs/include/speech_recognition_msgs/speech_recognition_msgs/srv/detail/speech_recognition__type_support.h
[20.878s] -- Installing: /home/hello-robot/ament_ws/install/speech_recognition_msgs/include/speech_recognition_msgs/speech_recognition_msgs/srv/detail/speech_recognition__struct.h
[20.878s] -- Installing: /home/hello-robot/ament_ws/install/speech_recognition_msgs/include/speech_recognition_msgs/speech_recognition_msgs/msg
[20.878s] -- Installing: /home/hello-robot/ament_ws/install/speech_recognition_msgs/include/speech_recognition_msgs/speech_recognition_msgs/msg/rosidl_generator_c__visibility_control.h
[20.878s] -- Installing: /home/hello-robot/ament_ws/install/speech_recognition_msgs/include/speech_recognition_msgs/speech_recognition_msgs/msg/detail
[20.878s] -- Installing: /home/hello-robot/ament_ws/install/speech_recognition_msgs/include/speech_recognition_msgs/speech_recognition_msgs/msg/detail/grammar__type_support.h
[20.878s] -- Installing: /home/hello-robot/ament_ws/install/speech_recognition_msgs/include/speech_recognition_msgs/speech_recognition_msgs/msg/detail/phrase_rule__type_support.h
[20.878s] -- Installing: /home/hello-robot/ament_ws/install/speech_recognition_msgs/include/speech_recognition_msgs/speech_recognition_msgs/msg/detail/phrase_rule__functions.h
[20.878s] -- Installing: /home/hello-robot/ament_ws/install/speech_recognition_msgs/include/speech_recognition_msgs/speech_recognition_msgs/msg/detail/phrase_rule__functions.c
[20.878s] -- Installing: /home/hello-robot/ament_ws/install/speech_recognition_msgs/include/speech_recognition_msgs/speech_recognition_msgs/msg/detail/speech_recognition_candidates__struct.h
[20.878s] -- Installing: /home/hello-robot/ament_ws/install/speech_recognition_msgs/include/speech_recognition_msgs/speech_recognition_msgs/msg/detail/grammar__functions.h
[20.878s] -- Installing: /home/hello-robot/ament_ws/install/speech_recognition_msgs/include/speech_recognition_msgs/speech_recognition_msgs/msg/detail/speech_recognition_candidates__functions.h
[20.878s] -- Installing: /home/hello-robot/ament_ws/install/speech_recognition_msgs/include/speech_recognition_msgs/speech_recognition_msgs/msg/detail/grammar__functions.c
[20.878s] -- Installing: /home/hello-robot/ament_ws/install/speech_recognition_msgs/include/speech_recognition_msgs/speech_recognition_msgs/msg/detail/vocabulary__functions.h
[20.878s] -- Installing: /home/hello-robot/ament_ws/install/speech_recognition_msgs/include/speech_recognition_msgs/speech_recognition_msgs/msg/detail/vocabulary__struct.h
[20.878s] -- Installing: /home/hello-robot/ament_ws/install/speech_recognition_msgs/include/speech_recognition_msgs/speech_recognition_msgs/msg/detail/speech_recognition_candidates__type_support.h
[20.879s] -- Installing: /home/hello-robot/ament_ws/install/speech_recognition_msgs/include/speech_recognition_msgs/speech_recognition_msgs/msg/detail/vocabulary__type_support.h
[20.879s] -- Installing: /home/hello-robot/ament_ws/install/speech_recognition_msgs/include/speech_recognition_msgs/speech_recognition_msgs/msg/detail/phrase_rule__struct.h
[20.879s] -- Installing: /home/hello-robot/ament_ws/install/speech_recognition_msgs/include/speech_recognition_msgs/speech_recognition_msgs/msg/detail/vocabulary__functions.c
[20.879s] -- Installing: /home/hello-robot/ament_ws/install/speech_recognition_msgs/include/speech_recognition_msgs/speech_recognition_msgs/msg/detail/grammar__struct.h
[20.879s] -- Installing: /home/hello-robot/ament_ws/install/speech_recognition_msgs/include/speech_recognition_msgs/speech_recognition_msgs/msg/detail/speech_recognition_candidates__functions.c
[20.879s] -- Installing: /home/hello-robot/ament_ws/install/speech_recognition_msgs/include/speech_recognition_msgs/speech_recognition_msgs/msg/vocabulary.h
[20.879s] -- Installing: /home/hello-robot/ament_ws/install/speech_recognition_msgs/include/speech_recognition_msgs/speech_recognition_msgs/msg/grammar.h
[20.879s] -- Installing: /home/hello-robot/ament_ws/install/speech_recognition_msgs/include/speech_recognition_msgs/speech_recognition_msgs/msg/speech_recognition_candidates.h
[20.879s] -- Installing: /home/hello-robot/ament_ws/install/speech_recognition_msgs/include/speech_recognition_msgs/speech_recognition_msgs/msg/phrase_rule.h
[20.879s] -- Installing: /home/hello-robot/ament_ws/install/speech_recognition_msgs/share/speech_recognition_msgs/environment/library_path.sh
[20.879s] -- Installing: /home/hello-robot/ament_ws/install/speech_recognition_msgs/share/speech_recognition_msgs/environment/library_path.dsv
[20.879s] -- Installing: /home/hello-robot/ament_ws/install/speech_recognition_msgs/lib/libspeech_recognition_msgs__rosidl_generator_c.so
[20.879s] -- Set runtime path of "/home/hello-robot/ament_ws/install/speech_recognition_msgs/lib/libspeech_recognition_msgs__rosidl_generator_c.so" to ""
[20.879s] -- Up-to-date: /home/hello-robot/ament_ws/install/speech_recognition_msgs/include/speech_recognition_msgs/speech_recognition_msgs
[20.879s] -- Up-to-date: /home/hello-robot/ament_ws/install/speech_recognition_msgs/include/speech_recognition_msgs/speech_recognition_msgs/srv
[20.879s] -- Up-to-date: /home/hello-robot/ament_ws/install/speech_recognition_msgs/include/speech_recognition_msgs/speech_recognition_msgs/srv/detail
[20.879s] -- Installing: /home/hello-robot/ament_ws/install/speech_recognition_msgs/include/speech_recognition_msgs/speech_recognition_msgs/srv/detail/speech_recognition__rosidl_typesupport_fastrtps_c.h
[20.879s] -- Up-to-date: /home/hello-robot/ament_ws/install/speech_recognition_msgs/include/speech_recognition_msgs/speech_recognition_msgs/msg
[20.880s] -- Installing: /home/hello-robot/ament_ws/install/speech_recognition_msgs/include/speech_recognition_msgs/speech_recognition_msgs/msg/rosidl_typesupport_fastrtps_c__visibility_control.h
[20.880s] -- Up-to-date: /home/hello-robot/ament_ws/install/speech_recognition_msgs/include/speech_recognition_msgs/speech_recognition_msgs/msg/detail
[20.880s] -- Installing: /home/hello-robot/ament_ws/install/speech_recognition_msgs/include/speech_recognition_msgs/speech_recognition_msgs/msg/detail/grammar__rosidl_typesupport_fastrtps_c.h
[20.880s] -- Installing: /home/hello-robot/ament_ws/install/speech_recognition_msgs/include/speech_recognition_msgs/speech_recognition_msgs/msg/detail/phrase_rule__rosidl_typesupport_fastrtps_c.h
[20.880s] -- Installing: /home/hello-robot/ament_ws/install/speech_recognition_msgs/include/speech_recognition_msgs/speech_recognition_msgs/msg/detail/speech_recognition_candidates__rosidl_typesupport_fastrtps_c.h
[20.880s] -- Installing: /home/hello-robot/ament_ws/install/speech_recognition_msgs/include/speech_recognition_msgs/speech_recognition_msgs/msg/detail/vocabulary__rosidl_typesupport_fastrtps_c.h
[20.880s] -- Installing: /home/hello-robot/ament_ws/install/speech_recognition_msgs/lib/libspeech_recognition_msgs__rosidl_typesupport_fastrtps_c.so
[20.880s] -- Set runtime path of "/home/hello-robot/ament_ws/install/speech_recognition_msgs/lib/libspeech_recognition_msgs__rosidl_typesupport_fastrtps_c.so" to ""
[20.880s] -- Up-to-date: /home/hello-robot/ament_ws/install/speech_recognition_msgs/include/speech_recognition_msgs/speech_recognition_msgs
[20.880s] -- Up-to-date: /home/hello-robot/ament_ws/install/speech_recognition_msgs/include/speech_recognition_msgs/speech_recognition_msgs/srv
[20.880s] -- Up-to-date: /home/hello-robot/ament_ws/install/speech_recognition_msgs/include/speech_recognition_msgs/speech_recognition_msgs/srv/detail
[20.880s] -- Installing: /home/hello-robot/ament_ws/install/speech_recognition_msgs/include/speech_recognition_msgs/speech_recognition_msgs/srv/detail/speech_recognition__rosidl_typesupport_introspection_c.h
[20.880s] -- Installing: /home/hello-robot/ament_ws/install/speech_recognition_msgs/include/speech_recognition_msgs/speech_recognition_msgs/srv/detail/speech_recognition__type_support.c
[20.880s] -- Up-to-date: /home/hello-robot/ament_ws/install/speech_recognition_msgs/include/speech_recognition_msgs/speech_recognition_msgs/msg
[20.881s] -- Up-to-date: /home/hello-robot/ament_ws/install/speech_recognition_msgs/include/speech_recognition_msgs/speech_recognition_msgs/msg/detail
[20.881s] -- Installing: /home/hello-robot/ament_ws/install/speech_recognition_msgs/include/speech_recognition_msgs/speech_recognition_msgs/msg/detail/grammar__rosidl_typesupport_introspection_c.h
[20.881s] -- Installing: /home/hello-robot/ament_ws/install/speech_recognition_msgs/include/speech_recognition_msgs/speech_recognition_msgs/msg/detail/vocabulary__type_support.c
[20.881s] -- Installing: /home/hello-robot/ament_ws/install/speech_recognition_msgs/include/speech_recognition_msgs/speech_recognition_msgs/msg/detail/speech_recognition_candidates__rosidl_typesupport_introspection_c.h
[20.881s] -- Installing: /home/hello-robot/ament_ws/install/speech_recognition_msgs/include/speech_recognition_msgs/speech_recognition_msgs/msg/detail/grammar__type_support.c
[20.881s] -- Installing: /home/hello-robot/ament_ws/install/speech_recognition_msgs/include/speech_recognition_msgs/speech_recognition_msgs/msg/detail/vocabulary__rosidl_typesupport_introspection_c.h
[20.881s] -- Installing: /home/hello-robot/ament_ws/install/speech_recognition_msgs/include/speech_recognition_msgs/speech_recognition_msgs/msg/detail/phrase_rule__rosidl_typesupport_introspection_c.h
[20.881s] -- Installing: /home/hello-robot/ament_ws/install/speech_recognition_msgs/include/speech_recognition_msgs/speech_recognition_msgs/msg/detail/speech_recognition_candidates__type_support.c
[20.882s] -- Installing: /home/hello-robot/ament_ws/install/speech_recognition_msgs/include/speech_recognition_msgs/speech_recognition_msgs/msg/detail/phrase_rule__type_support.c
[20.882s] -- Installing: /home/hello-robot/ament_ws/install/speech_recognition_msgs/include/speech_recognition_msgs/speech_recognition_msgs/msg/rosidl_typesupport_introspection_c__visibility_control.h
[20.882s] -- Installing: /home/hello-robot/ament_ws/install/speech_recognition_msgs/lib/libspeech_recognition_msgs__rosidl_typesupport_introspection_c.so
[20.882s] -- Set runtime path of "/home/hello-robot/ament_ws/install/speech_recognition_msgs/lib/libspeech_recognition_msgs__rosidl_typesupport_introspection_c.so" to ""
[20.882s] -- Installing: /home/hello-robot/ament_ws/install/speech_recognition_msgs/lib/libspeech_recognition_msgs__rosidl_typesupport_c.so
[20.882s] -- Set runtime path of "/home/hello-robot/ament_ws/install/speech_recognition_msgs/lib/libspeech_recognition_msgs__rosidl_typesupport_c.so" to ""
[20.882s] -- Up-to-date: /home/hello-robot/ament_ws/install/speech_recognition_msgs/include/speech_recognition_msgs/speech_recognition_msgs
[20.882s] -- Up-to-date: /home/hello-robot/ament_ws/install/speech_recognition_msgs/include/speech_recognition_msgs/speech_recognition_msgs/srv
[20.882s] -- Installing: /home/hello-robot/ament_ws/install/speech_recognition_msgs/include/speech_recognition_msgs/speech_recognition_msgs/srv/speech_recognition.hpp
[20.882s] -- Up-to-date: /home/hello-robot/ament_ws/install/speech_recognition_msgs/include/speech_recognition_msgs/speech_recognition_msgs/srv/detail
[20.882s] -- Installing: /home/hello-robot/ament_ws/install/speech_recognition_msgs/include/speech_recognition_msgs/speech_recognition_msgs/srv/detail/speech_recognition__traits.hpp
[20.882s] -- Installing: /home/hello-robot/ament_ws/install/speech_recognition_msgs/include/speech_recognition_msgs/speech_recognition_msgs/srv/detail/speech_recognition__struct.hpp
[20.882s] -- Installing: /home/hello-robot/ament_ws/install/speech_recognition_msgs/include/speech_recognition_msgs/speech_recognition_msgs/srv/detail/speech_recognition__builder.hpp
[20.882s] -- Up-to-date: /home/hello-robot/ament_ws/install/speech_recognition_msgs/include/speech_recognition_msgs/speech_recognition_msgs/msg
[20.882s] -- Installing: /home/hello-robot/ament_ws/install/speech_recognition_msgs/include/speech_recognition_msgs/speech_recognition_msgs/msg/speech_recognition_candidates.hpp
[20.882s] -- Installing: /home/hello-robot/ament_ws/install/speech_recognition_msgs/include/speech_recognition_msgs/speech_recognition_msgs/msg/vocabulary.hpp
[20.882s] -- Up-to-date: /home/hello-robot/ament_ws/install/speech_recognition_msgs/include/speech_recognition_msgs/speech_recognition_msgs/msg/detail
[20.882s] -- Installing: /home/hello-robot/ament_ws/install/speech_recognition_msgs/include/speech_recognition_msgs/speech_recognition_msgs/msg/detail/grammar__builder.hpp
[20.883s] -- Installing: /home/hello-robot/ament_ws/install/speech_recognition_msgs/include/speech_recognition_msgs/speech_recognition_msgs/msg/detail/speech_recognition_candidates__traits.hpp
[20.883s] -- Installing: /home/hello-robot/ament_ws/install/speech_recognition_msgs/include/speech_recognition_msgs/speech_recognition_msgs/msg/detail/phrase_rule__struct.hpp
[20.883s] -- Installing: /home/hello-robot/ament_ws/install/speech_recognition_msgs/include/speech_recognition_msgs/speech_recognition_msgs/msg/detail/speech_recognition_candidates__struct.hpp
[20.883s] -- Installing: /home/hello-robot/ament_ws/install/speech_recognition_msgs/include/speech_recognition_msgs/speech_recognition_msgs/msg/detail/speech_recognition_candidates__builder.hpp
[20.883s] -- Installing: /home/hello-robot/ament_ws/install/speech_recognition_msgs/include/speech_recognition_msgs/speech_recognition_msgs/msg/detail/phrase_rule__builder.hpp
[20.883s] -- Installing: /home/hello-robot/ament_ws/install/speech_recognition_msgs/include/speech_recognition_msgs/speech_recognition_msgs/msg/detail/vocabulary__builder.hpp
[20.883s] -- Installing: /home/hello-robot/ament_ws/install/speech_recognition_msgs/include/speech_recognition_msgs/speech_recognition_msgs/msg/detail/vocabulary__traits.hpp
[20.883s] -- Installing: /home/hello-robot/ament_ws/install/speech_recognition_msgs/include/speech_recognition_msgs/speech_recognition_msgs/msg/detail/grammar__traits.hpp
[20.883s] -- Installing: /home/hello-robot/ament_ws/install/speech_recognition_msgs/include/speech_recognition_msgs/speech_recognition_msgs/msg/detail/phrase_rule__traits.hpp
[20.883s] -- Installing: /home/hello-robot/ament_ws/install/speech_recognition_msgs/include/speech_recognition_msgs/speech_recognition_msgs/msg/detail/vocabulary__struct.hpp
[20.883s] -- Installing: /home/hello-robot/ament_ws/install/speech_recognition_msgs/include/speech_recognition_msgs/speech_recognition_msgs/msg/detail/grammar__struct.hpp
[20.883s] -- Installing: /home/hello-robot/ament_ws/install/speech_recognition_msgs/include/speech_recognition_msgs/speech_recognition_msgs/msg/phrase_rule.hpp
[20.883s] -- Installing: /home/hello-robot/ament_ws/install/speech_recognition_msgs/include/speech_recognition_msgs/speech_recognition_msgs/msg/grammar.hpp
[20.883s] -- Up-to-date: /home/hello-robot/ament_ws/install/speech_recognition_msgs/include/speech_recognition_msgs/speech_recognition_msgs
[20.883s] -- Up-to-date: /home/hello-robot/ament_ws/install/speech_recognition_msgs/include/speech_recognition_msgs/speech_recognition_msgs/srv
[20.883s] -- Up-to-date: /home/hello-robot/ament_ws/install/speech_recognition_msgs/include/speech_recognition_msgs/speech_recognition_msgs/srv/detail
[20.884s] -- Installing: /home/hello-robot/ament_ws/install/speech_recognition_msgs/include/speech_recognition_msgs/speech_recognition_msgs/srv/detail/dds_fastrtps
[20.884s] -- Installing: /home/hello-robot/ament_ws/install/speech_recognition_msgs/include/speech_recognition_msgs/speech_recognition_msgs/srv/detail/speech_recognition__rosidl_typesupport_fastrtps_cpp.hpp
[20.884s] -- Up-to-date: /home/hello-robot/ament_ws/install/speech_recognition_msgs/include/speech_recognition_msgs/speech_recognition_msgs/msg
[20.884s] -- Up-to-date: /home/hello-robot/ament_ws/install/speech_recognition_msgs/include/speech_recognition_msgs/speech_recognition_msgs/msg/detail
[20.884s] -- Installing: /home/hello-robot/ament_ws/install/speech_recognition_msgs/include/speech_recognition_msgs/speech_recognition_msgs/msg/detail/vocabulary__rosidl_typesupport_fastrtps_cpp.hpp
[20.884s] -- Installing: /home/hello-robot/ament_ws/install/speech_recognition_msgs/include/speech_recognition_msgs/speech_recognition_msgs/msg/detail/speech_recognition_candidates__rosidl_typesupport_fastrtps_cpp.hpp
[20.884s] -- Installing: /home/hello-robot/ament_ws/install/speech_recognition_msgs/include/speech_recognition_msgs/speech_recognition_msgs/msg/detail/dds_fastrtps
[20.884s] -- Installing: /home/hello-robot/ament_ws/install/speech_recognition_msgs/include/speech_recognition_msgs/speech_recognition_msgs/msg/detail/grammar__rosidl_typesupport_fastrtps_cpp.hpp
[20.884s] -- Installing: /home/hello-robot/ament_ws/install/speech_recognition_msgs/include/speech_recognition_msgs/speech_recognition_msgs/msg/detail/phrase_rule__rosidl_typesupport_fastrtps_cpp.hpp
[20.884s] -- Installing: /home/hello-robot/ament_ws/install/speech_recognition_msgs/include/speech_recognition_msgs/speech_recognition_msgs/msg/rosidl_typesupport_fastrtps_cpp__visibility_control.h
[20.884s] -- Installing: /home/hello-robot/ament_ws/install/speech_recognition_msgs/lib/libspeech_recognition_msgs__rosidl_typesupport_fastrtps_cpp.so
[20.884s] -- Set runtime path of "/home/hello-robot/ament_ws/install/speech_recognition_msgs/lib/libspeech_recognition_msgs__rosidl_typesupport_fastrtps_cpp.so" to ""
[20.884s] -- Up-to-date: /home/hello-robot/ament_ws/install/speech_recognition_msgs/include/speech_recognition_msgs/speech_recognition_msgs
[20.884s] -- Up-to-date: /home/hello-robot/ament_ws/install/speech_recognition_msgs/include/speech_recognition_msgs/speech_recognition_msgs/srv
[20.884s] -- Up-to-date: /home/hello-robot/ament_ws/install/speech_recognition_msgs/include/speech_recognition_msgs/speech_recognition_msgs/srv/detail
[20.901s] -- Installing: /home/hello-robot/ament_ws/install/speech_recognition_msgs/include/speech_recognition_msgs/speech_recognition_msgs/srv/detail/speech_recognition__rosidl_typesupport_introspection_cpp.hpp
[20.902s] -- Installing: /home/hello-robot/ament_ws/install/speech_recognition_msgs/include/speech_recognition_msgs/speech_recognition_msgs/srv/detail/speech_recognition__type_support.cpp
[20.902s] -- Up-to-date: /home/hello-robot/ament_ws/install/speech_recognition_msgs/include/speech_recognition_msgs/speech_recognition_msgs/msg
[20.902s] -- Up-to-date: /home/hello-robot/ament_ws/install/speech_recognition_msgs/include/speech_recognition_msgs/speech_recognition_msgs/msg/detail
[20.902s] -- Installing: /home/hello-robot/ament_ws/install/speech_recognition_msgs/include/speech_recognition_msgs/speech_recognition_msgs/msg/detail/vocabulary__type_support.cpp
[20.902s] -- Installing: /home/hello-robot/ament_ws/install/speech_recognition_msgs/include/speech_recognition_msgs/speech_recognition_msgs/msg/detail/speech_recognition_candidates__rosidl_typesupport_introspection_cpp.hpp
[20.902s] -- Installing: /home/hello-robot/ament_ws/install/speech_recognition_msgs/include/speech_recognition_msgs/speech_recognition_msgs/msg/detail/grammar__rosidl_typesupport_introspection_cpp.hpp
[20.902s] -- Installing: /home/hello-robot/ament_ws/install/speech_recognition_msgs/include/speech_recognition_msgs/speech_recognition_msgs/msg/detail/vocabulary__rosidl_typesupport_introspection_cpp.hpp
[20.902s] -- Installing: /home/hello-robot/ament_ws/install/speech_recognition_msgs/include/speech_recognition_msgs/speech_recognition_msgs/msg/detail/phrase_rule__type_support.cpp
[20.902s] -- Installing: /home/hello-robot/ament_ws/install/speech_recognition_msgs/include/speech_recognition_msgs/speech_recognition_msgs/msg/detail/grammar__type_support.cpp
[20.902s] -- Installing: /home/hello-robot/ament_ws/install/speech_recognition_msgs/include/speech_recognition_msgs/speech_recognition_msgs/msg/detail/speech_recognition_candidates__type_support.cpp
[20.902s] -- Installing: /home/hello-robot/ament_ws/install/speech_recognition_msgs/include/speech_recognition_msgs/speech_recognition_msgs/msg/detail/phrase_rule__rosidl_typesupport_introspection_cpp.hpp
[20.903s] -- Installing: /home/hello-robot/ament_ws/install/speech_recognition_msgs/lib/libspeech_recognition_msgs__rosidl_typesupport_introspection_cpp.so
[20.903s] -- Set runtime path of "/home/hello-robot/ament_ws/install/speech_recognition_msgs/lib/libspeech_recognition_msgs__rosidl_typesupport_introspection_cpp.so" to ""
[20.903s] -- Installing: /home/hello-robot/ament_ws/install/speech_recognition_msgs/lib/libspeech_recognition_msgs__rosidl_typesupport_cpp.so
[20.903s] -- Set runtime path of "/home/hello-robot/ament_ws/install/speech_recognition_msgs/lib/libspeech_recognition_msgs__rosidl_typesupport_cpp.so" to ""
[20.903s] -- Installing: /home/hello-robot/ament_ws/install/speech_recognition_msgs/share/speech_recognition_msgs/environment/pythonpath.sh
[20.903s] -- Installing: /home/hello-robot/ament_ws/install/speech_recognition_msgs/share/speech_recognition_msgs/environment/pythonpath.dsv
[20.903s] -- Installing: /home/hello-robot/ament_ws/install/speech_recognition_msgs/local/lib/python3.10/dist-packages/speech_recognition_msgs-4.3.2-py3.10.egg-info
[20.903s] -- Installing: /home/hello-robot/ament_ws/install/speech_recognition_msgs/local/lib/python3.10/dist-packages/speech_recognition_msgs-4.3.2-py3.10.egg-info/PKG-INFO
[20.903s] -- Installing: /home/hello-robot/ament_ws/install/speech_recognition_msgs/local/lib/python3.10/dist-packages/speech_recognition_msgs-4.3.2-py3.10.egg-info/dependency_links.txt
[20.903s] -- Installing: /home/hello-robot/ament_ws/install/speech_recognition_msgs/local/lib/python3.10/dist-packages/speech_recognition_msgs-4.3.2-py3.10.egg-info/top_level.txt
[20.903s] -- Installing: /home/hello-robot/ament_ws/install/speech_recognition_msgs/local/lib/python3.10/dist-packages/speech_recognition_msgs-4.3.2-py3.10.egg-info/SOURCES.txt
[20.903s] -- Installing: /home/hello-robot/ament_ws/install/speech_recognition_msgs/local/lib/python3.10/dist-packages/speech_recognition_msgs
[20.903s] -- Installing: /home/hello-robot/ament_ws/install/speech_recognition_msgs/local/lib/python3.10/dist-packages/speech_recognition_msgs/_speech_recognition_msgs_s.ep.rosidl_typesupport_c.c
[20.903s] -- Installing: /home/hello-robot/ament_ws/install/speech_recognition_msgs/local/lib/python3.10/dist-packages/speech_recognition_msgs/speech_recognition_msgs_s__rosidl_typesupport_introspection_c.cpython-310-x86_64-linux-gnu.so
[20.903s] -- Installing: /home/hello-robot/ament_ws/install/speech_recognition_msgs/local/lib/python3.10/dist-packages/speech_recognition_msgs/speech_recognition_msgs_s__rosidl_typesupport_fastrtps_c.cpython-310-x86_64-linux-gnu.so
[20.903s] -- Installing: /home/hello-robot/ament_ws/install/speech_recognition_msgs/local/lib/python3.10/dist-packages/speech_recognition_msgs/_speech_recognition_msgs_s.ep.rosidl_typesupport_fastrtps_c.c
[20.903s] -- Installing: /home/hello-robot/ament_ws/install/speech_recognition_msgs/local/lib/python3.10/dist-packages/speech_recognition_msgs/srv
[20.903s] -- Installing: /home/hello-robot/ament_ws/install/speech_recognition_msgs/local/lib/python3.10/dist-packages/speech_recognition_msgs/srv/_speech_recognition.py
[20.903s] -- Installing: /home/hello-robot/ament_ws/install/speech_recognition_msgs/local/lib/python3.10/dist-packages/speech_recognition_msgs/srv/_speech_recognition_s.c
[20.903s] -- Installing: /home/hello-robot/ament_ws/install/speech_recognition_msgs/local/lib/python3.10/dist-packages/speech_recognition_msgs/srv/__init__.py
[20.904s] -- Installing: /home/hello-robot/ament_ws/install/speech_recognition_msgs/local/lib/python3.10/dist-packages/speech_recognition_msgs/speech_recognition_msgs_s__rosidl_typesupport_c.cpython-310-x86_64-linux-gnu.so
[20.904s] -- Installing: /home/hello-robot/ament_ws/install/speech_recognition_msgs/local/lib/python3.10/dist-packages/speech_recognition_msgs/msg
[20.904s] -- Installing: /home/hello-robot/ament_ws/install/speech_recognition_msgs/local/lib/python3.10/dist-packages/speech_recognition_msgs/msg/_phrase_rule_s.c
[20.904s] -- Installing: /home/hello-robot/ament_ws/install/speech_recognition_msgs/local/lib/python3.10/dist-packages/speech_recognition_msgs/msg/_grammar_s.c
[20.904s] -- Installing: /home/hello-robot/ament_ws/install/speech_recognition_msgs/local/lib/python3.10/dist-packages/speech_recognition_msgs/msg/_phrase_rule.py
[20.904s] -- Installing: /home/hello-robot/ament_ws/install/speech_recognition_msgs/local/lib/python3.10/dist-packages/speech_recognition_msgs/msg/_vocabulary_s.c
[20.904s] -- Installing: /home/hello-robot/ament_ws/install/speech_recognition_msgs/local/lib/python3.10/dist-packages/speech_recognition_msgs/msg/_vocabulary.py
[20.904s] -- Installing: /home/hello-robot/ament_ws/install/speech_recognition_msgs/local/lib/python3.10/dist-packages/speech_recognition_msgs/msg/_speech_recognition_candidates.py
[20.904s] -- Installing: /home/hello-robot/ament_ws/install/speech_recognition_msgs/local/lib/python3.10/dist-packages/speech_recognition_msgs/msg/__init__.py
[20.904s] -- Installing: /home/hello-robot/ament_ws/install/speech_recognition_msgs/local/lib/python3.10/dist-packages/speech_recognition_msgs/msg/_grammar.py
[20.904s] -- Installing: /home/hello-robot/ament_ws/install/speech_recognition_msgs/local/lib/python3.10/dist-packages/speech_recognition_msgs/msg/_speech_recognition_candidates_s.c
[20.904s] -- Installing: /home/hello-robot/ament_ws/install/speech_recognition_msgs/local/lib/python3.10/dist-packages/speech_recognition_msgs/libspeech_recognition_msgs__rosidl_generator_py.so
[20.904s] -- Installing: /home/hello-robot/ament_ws/install/speech_recognition_msgs/local/lib/python3.10/dist-packages/speech_recognition_msgs/_speech_recognition_msgs_s.ep.rosidl_typesupport_introspection_c.c
[20.904s] -- Installing: /home/hello-robot/ament_ws/install/speech_recognition_msgs/local/lib/python3.10/dist-packages/speech_recognition_msgs/__init__.py
[20.984s] Listing '/home/hello-robot/ament_ws/install/speech_recognition_msgs/local/lib/python3.10/dist-packages/speech_recognition_msgs'...
[20.984s] Compiling '/home/hello-robot/ament_ws/install/speech_recognition_msgs/local/lib/python3.10/dist-packages/speech_recognition_msgs/__init__.py'...
[20.984s] Listing '/home/hello-robot/ament_ws/install/speech_recognition_msgs/local/lib/python3.10/dist-packages/speech_recognition_msgs/msg'...
[20.984s] Compiling '/home/hello-robot/ament_ws/install/speech_recognition_msgs/local/lib/python3.10/dist-packages/speech_recognition_msgs/msg/__init__.py'...
[20.984s] Compiling '/home/hello-robot/ament_ws/install/speech_recognition_msgs/local/lib/python3.10/dist-packages/speech_recognition_msgs/msg/_grammar.py'...
[20.984s] Compiling '/home/hello-robot/ament_ws/install/speech_recognition_msgs/local/lib/python3.10/dist-packages/speech_recognition_msgs/msg/_phrase_rule.py'...
[20.984s] Compiling '/home/hello-robot/ament_ws/install/speech_recognition_msgs/local/lib/python3.10/dist-packages/speech_recognition_msgs/msg/_speech_recognition_candidates.py'...
[20.984s] Compiling '/home/hello-robot/ament_ws/install/speech_recognition_msgs/local/lib/python3.10/dist-packages/speech_recognition_msgs/msg/_vocabulary.py'...
[20.984s] Listing '/home/hello-robot/ament_ws/install/speech_recognition_msgs/local/lib/python3.10/dist-packages/speech_recognition_msgs/srv'...
[20.985s] Compiling '/home/hello-robot/ament_ws/install/speech_recognition_msgs/local/lib/python3.10/dist-packages/speech_recognition_msgs/srv/__init__.py'...
[20.985s] Compiling '/home/hello-robot/ament_ws/install/speech_recognition_msgs/local/lib/python3.10/dist-packages/speech_recognition_msgs/srv/_speech_recognition.py'...
[21.018s] -- Installing: /home/hello-robot/ament_ws/install/speech_recognition_msgs/local/lib/python3.10/dist-packages/speech_recognition_msgs/speech_recognition_msgs_s__rosidl_typesupport_fastrtps_c.cpython-310-x86_64-linux-gnu.so
[21.018s] -- Set runtime path of "/home/hello-robot/ament_ws/install/speech_recognition_msgs/local/lib/python3.10/dist-packages/speech_recognition_msgs/speech_recognition_msgs_s__rosidl_typesupport_fastrtps_c.cpython-310-x86_64-linux-gnu.so" to ""
[21.018s] -- Installing: /home/hello-robot/ament_ws/install/speech_recognition_msgs/local/lib/python3.10/dist-packages/speech_recognition_msgs/speech_recognition_msgs_s__rosidl_typesupport_introspection_c.cpython-310-x86_64-linux-gnu.so
[21.019s] -- Set runtime path of "/home/hello-robot/ament_ws/install/speech_recognition_msgs/local/lib/python3.10/dist-packages/speech_recognition_msgs/speech_recognition_msgs_s__rosidl_typesupport_introspection_c.cpython-310-x86_64-linux-gnu.so" to ""
[21.019s] -- Installing: /home/hello-robot/ament_ws/install/speech_recognition_msgs/local/lib/python3.10/dist-packages/speech_recognition_msgs/speech_recognition_msgs_s__rosidl_typesupport_c.cpython-310-x86_64-linux-gnu.so
[21.019s] -- Set runtime path of "/home/hello-robot/ament_ws/install/speech_recognition_msgs/local/lib/python3.10/dist-packages/speech_recognition_msgs/speech_recognition_msgs_s__rosidl_typesupport_c.cpython-310-x86_64-linux-gnu.so" to ""
[21.019s] -- Installing: /home/hello-robot/ament_ws/install/speech_recognition_msgs/lib/libspeech_recognition_msgs__rosidl_generator_py.so
[21.020s] -- Set runtime path of "/home/hello-robot/ament_ws/install/speech_recognition_msgs/lib/libspeech_recognition_msgs__rosidl_generator_py.so" to ""
[21.020s] -- Installing: /home/hello-robot/ament_ws/install/speech_recognition_msgs/share/speech_recognition_msgs/msg/Grammar.idl
[21.020s] -- Installing: /home/hello-robot/ament_ws/install/speech_recognition_msgs/share/speech_recognition_msgs/msg/PhraseRule.idl
[21.020s] -- Installing: /home/hello-robot/ament_ws/install/speech_recognition_msgs/share/speech_recognition_msgs/msg/SpeechRecognitionCandidates.idl
[21.020s] -- Installing: /home/hello-robot/ament_ws/install/speech_recognition_msgs/share/speech_recognition_msgs/msg/Vocabulary.idl
[21.022s] -- Installing: /home/hello-robot/ament_ws/install/speech_recognition_msgs/share/speech_recognition_msgs/srv/SpeechRecognition.idl
[21.023s] -- Installing: /home/hello-robot/ament_ws/install/speech_recognition_msgs/share/speech_recognition_msgs/msg/Grammar.msg
[21.023s] -- Installing: /home/hello-robot/ament_ws/install/speech_recognition_msgs/share/speech_recognition_msgs/msg/PhraseRule.msg
[21.023s] -- Installing: /home/hello-robot/ament_ws/install/speech_recognition_msgs/share/speech_recognition_msgs/msg/SpeechRecognitionCandidates.msg
[21.023s] -- Installing: /home/hello-robot/ament_ws/install/speech_recognition_msgs/share/speech_recognition_msgs/msg/Vocabulary.msg
[21.023s] -- Installing: /home/hello-robot/ament_ws/install/speech_recognition_msgs/share/speech_recognition_msgs/srv/SpeechRecognition.srv
[21.023s] -- Installing: /home/hello-robot/ament_ws/install/speech_recognition_msgs/share/speech_recognition_msgs/srv/SpeechRecognition_Request.msg
[21.023s] -- Installing: /home/hello-robot/ament_ws/install/speech_recognition_msgs/share/speech_recognition_msgs/srv/SpeechRecognition_Response.msg
[21.023s] -- Installing: /home/hello-robot/ament_ws/install/speech_recognition_msgs/share/ament_index/resource_index/package_run_dependencies/speech_recognition_msgs
[21.024s] -- Installing: /home/hello-robot/ament_ws/install/speech_recognition_msgs/share/ament_index/resource_index/parent_prefix_path/speech_recognition_msgs
[21.024s] -- Installing: /home/hello-robot/ament_ws/install/speech_recognition_msgs/share/speech_recognition_msgs/environment/ament_prefix_path.sh
[21.024s] -- Installing: /home/hello-robot/ament_ws/install/speech_recognition_msgs/share/speech_recognition_msgs/environment/ament_prefix_path.dsv
[21.024s] -- Installing: /home/hello-robot/ament_ws/install/speech_recognition_msgs/share/speech_recognition_msgs/environment/path.sh
[21.025s] -- Installing: /home/hello-robot/ament_ws/install/speech_recognition_msgs/share/speech_recognition_msgs/environment/path.dsv
[21.025s] -- Installing: /home/hello-robot/ament_ws/install/speech_recognition_msgs/share/speech_recognition_msgs/local_setup.bash
[21.025s] -- Installing: /home/hello-robot/ament_ws/install/speech_recognition_msgs/share/speech_recognition_msgs/local_setup.sh
[21.026s] -- Installing: /home/hello-robot/ament_ws/install/speech_recognition_msgs/share/speech_recognition_msgs/local_setup.zsh
[21.026s] -- Installing: /home/hello-robot/ament_ws/install/speech_recognition_msgs/share/speech_recognition_msgs/local_setup.dsv
[21.026s] -- Installing: /home/hello-robot/ament_ws/install/speech_recognition_msgs/share/speech_recognition_msgs/package.dsv
[21.027s] -- Installing: /home/hello-robot/ament_ws/install/speech_recognition_msgs/share/ament_index/resource_index/packages/speech_recognition_msgs
[21.027s] -- Installing: /home/hello-robot/ament_ws/install/speech_recognition_msgs/share/speech_recognition_msgs/cmake/export_speech_recognition_msgs__rosidl_generator_cExport.cmake
[21.028s] -- Installing: /home/hello-robot/ament_ws/install/speech_recognition_msgs/share/speech_recognition_msgs/cmake/export_speech_recognition_msgs__rosidl_generator_cExport-release.cmake
[21.028s] -- Installing: /home/hello-robot/ament_ws/install/speech_recognition_msgs/share/speech_recognition_msgs/cmake/export_speech_recognition_msgs__rosidl_typesupport_fastrtps_cExport.cmake
[21.028s] -- Installing: /home/hello-robot/ament_ws/install/speech_recognition_msgs/share/speech_recognition_msgs/cmake/export_speech_recognition_msgs__rosidl_typesupport_fastrtps_cExport-release.cmake
[21.029s] -- Installing: /home/hello-robot/ament_ws/install/speech_recognition_msgs/share/speech_recognition_msgs/cmake/speech_recognition_msgs__rosidl_typesupport_introspection_cExport.cmake
[21.029s] -- Installing: /home/hello-robot/ament_ws/install/speech_recognition_msgs/share/speech_recognition_msgs/cmake/speech_recognition_msgs__rosidl_typesupport_introspection_cExport-release.cmake
[21.029s] -- Installing: /home/hello-robot/ament_ws/install/speech_recognition_msgs/share/speech_recognition_msgs/cmake/speech_recognition_msgs__rosidl_typesupport_cExport.cmake
[21.030s] -- Installing: /home/hello-robot/ament_ws/install/speech_recognition_msgs/share/speech_recognition_msgs/cmake/speech_recognition_msgs__rosidl_typesupport_cExport-release.cmake
[21.030s] -- Installing: /home/hello-robot/ament_ws/install/speech_recognition_msgs/share/speech_recognition_msgs/cmake/export_speech_recognition_msgs__rosidl_generator_cppExport.cmake
[21.030s] -- Installing: /home/hello-robot/ament_ws/install/speech_recognition_msgs/share/speech_recognition_msgs/cmake/export_speech_recognition_msgs__rosidl_typesupport_fastrtps_cppExport.cmake
[21.031s] -- Installing: /home/hello-robot/ament_ws/install/speech_recognition_msgs/share/speech_recognition_msgs/cmake/export_speech_recognition_msgs__rosidl_typesupport_fastrtps_cppExport-release.cmake
[21.031s] -- Installing: /home/hello-robot/ament_ws/install/speech_recognition_msgs/share/speech_recognition_msgs/cmake/speech_recognition_msgs__rosidl_typesupport_introspection_cppExport.cmake
[21.031s] -- Installing: /home/hello-robot/ament_ws/install/speech_recognition_msgs/share/speech_recognition_msgs/cmake/speech_recognition_msgs__rosidl_typesupport_introspection_cppExport-release.cmake
[21.032s] -- Installing: /home/hello-robot/ament_ws/install/speech_recognition_msgs/share/speech_recognition_msgs/cmake/speech_recognition_msgs__rosidl_typesupport_cppExport.cmake
[21.032s] -- Installing: /home/hello-robot/ament_ws/install/speech_recognition_msgs/share/speech_recognition_msgs/cmake/speech_recognition_msgs__rosidl_typesupport_cppExport-release.cmake
[21.032s] -- Installing: /home/hello-robot/ament_ws/install/speech_recognition_msgs/share/speech_recognition_msgs/cmake/export_speech_recognition_msgs__rosidl_generator_pyExport.cmake
[21.033s] -- Installing: /home/hello-robot/ament_ws/install/speech_recognition_msgs/share/speech_recognition_msgs/cmake/export_speech_recognition_msgs__rosidl_generator_pyExport-release.cmake
[21.033s] -- Installing: /home/hello-robot/ament_ws/install/speech_recognition_msgs/share/speech_recognition_msgs/cmake/rosidl_cmake-extras.cmake
[21.043s] -- Installing: /home/hello-robot/ament_ws/install/speech_recognition_msgs/share/speech_recognition_msgs/cmake/ament_cmake_export_dependencies-extras.cmake
[21.046s] -- Installing: /home/hello-robot/ament_ws/install/speech_recognition_msgs/share/speech_recognition_msgs/cmake/ament_cmake_export_include_directories-extras.cmake
[21.046s] -- Installing: /home/hello-robot/ament_ws/install/speech_recognition_msgs/share/speech_recognition_msgs/cmake/ament_cmake_export_libraries-extras.cmake
[21.047s] -- Installing: /home/hello-robot/ament_ws/install/speech_recognition_msgs/share/speech_recognition_msgs/cmake/ament_cmake_export_targets-extras.cmake
[21.047s] -- Installing: /home/hello-robot/ament_ws/install/speech_recognition_msgs/share/speech_recognition_msgs/cmake/rosidl_cmake_export_typesupport_targets-extras.cmake
[21.047s] -- Installing: /home/hello-robot/ament_ws/install/speech_recognition_msgs/share/speech_recognition_msgs/cmake/rosidl_cmake_export_typesupport_libraries-extras.cmake
[21.048s] -- Installing: /home/hello-robot/ament_ws/install/speech_recognition_msgs/share/speech_recognition_msgs/cmake/speech_recognition_msgsConfig.cmake
[21.048s] -- Installing: /home/hello-robot/ament_ws/install/speech_recognition_msgs/share/speech_recognition_msgs/cmake/speech_recognition_msgsConfig-version.cmake
[21.051s] -- Installing: /home/hello-robot/ament_ws/install/speech_recognition_msgs/share/speech_recognition_msgs/package.xml
[21.065s] Invoked command in '/home/hello-robot/ament_ws/build/speech_recognition_msgs' returned '0': CMAKE_PREFIX_PATH=/opt/ros/humble /usr/bin/cmake --install /home/hello-robot/ament_ws/build/speech_recognition_msgs
