[11.783s] Invoking command in '/home/hello-robot/ament_ws/src/stretch_ros2/stretch_funmap': PYTHONPATH=/home/hello-robot/ament_ws/build/stretch_funmap/prefix_override:/home/hello-robot/ament_ws/install/stretch_funmap/lib/python3.10/site-packages:${PYTHONPATH} /usr/bin/python3 setup.py egg_info --egg-base ../../../build/stretch_funmap build --build-base /home/hello-robot/ament_ws/build/stretch_funmap/build install --record /home/hello-robot/ament_ws/build/stretch_funmap/install.log --single-version-externally-managed
[15.533s] running egg_info
[15.537s] creating ../../../build/stretch_funmap/stretch_funmap.egg-info
[15.540s] writing ../../../build/stretch_funmap/stretch_funmap.egg-info/PKG-INFO
[15.541s] writing dependency_links to ../../../build/stretch_funmap/stretch_funmap.egg-info/dependency_links.txt
[15.553s] writing entry points to ../../../build/stretch_funmap/stretch_funmap.egg-info/entry_points.txt
[15.554s] writing requirements to ../../../build/stretch_funmap/stretch_funmap.egg-info/requires.txt
[15.555s] writing top-level names to ../../../build/stretch_funmap/stretch_funmap.egg-info/top_level.txt
[15.555s] writing manifest file '../../../build/stretch_funmap/stretch_funmap.egg-info/SOURCES.txt'
[15.562s] reading manifest file '../../../build/stretch_funmap/stretch_funmap.egg-info/SOURCES.txt'
[15.564s] adding license file 'LICENSE.md'
[15.566s] writing manifest file '../../../build/stretch_funmap/stretch_funmap.egg-info/SOURCES.txt'
[15.567s] running build
[15.567s] running build_py
[15.568s] creating /home/hello-robot/ament_ws/build/stretch_funmap/build
[15.568s] creating /home/hello-robot/ament_ws/build/stretch_funmap/build/lib.linux-x86_64-3.10
[15.568s] creating /home/hello-robot/ament_ws/build/stretch_funmap/build/lib.linux-x86_64-3.10/stretch_funmap
[15.569s] copying stretch_funmap/numba_height_image.py -> /home/hello-robot/ament_ws/build/stretch_funmap/build/lib.linux-x86_64-3.10/stretch_funmap
[15.575s] copying stretch_funmap/numba_create_plane_image.py -> /home/hello-robot/ament_ws/build/stretch_funmap/build/lib.linux-x86_64-3.10/stretch_funmap
[15.576s] copying stretch_funmap/max_height_image.py -> /home/hello-robot/ament_ws/build/stretch_funmap/build/lib.linux-x86_64-3.10/stretch_funmap
[15.577s] copying stretch_funmap/numba_check_line_path.py -> /home/hello-robot/ament_ws/build/stretch_funmap/build/lib.linux-x86_64-3.10/stretch_funmap
[15.586s] copying stretch_funmap/navigate.py -> /home/hello-robot/ament_ws/build/stretch_funmap/build/lib.linux-x86_64-3.10/stretch_funmap
[15.587s] copying stretch_funmap/numba_compare_images.py -> /home/hello-robot/ament_ws/build/stretch_funmap/build/lib.linux-x86_64-3.10/stretch_funmap
[15.588s] copying stretch_funmap/segment_max_height_image.py -> /home/hello-robot/ament_ws/build/stretch_funmap/build/lib.linux-x86_64-3.10/stretch_funmap
[15.589s] copying stretch_funmap/numba_manipulation_planning.py -> /home/hello-robot/ament_ws/build/stretch_funmap/build/lib.linux-x86_64-3.10/stretch_funmap
[15.591s] copying stretch_funmap/navigation_planning.py -> /home/hello-robot/ament_ws/build/stretch_funmap/build/lib.linux-x86_64-3.10/stretch_funmap
[15.592s] copying stretch_funmap/funmap.py -> /home/hello-robot/ament_ws/build/stretch_funmap/build/lib.linux-x86_64-3.10/stretch_funmap
[15.601s] copying stretch_funmap/mapping.py -> /home/hello-robot/ament_ws/build/stretch_funmap/build/lib.linux-x86_64-3.10/stretch_funmap
[15.602s] copying stretch_funmap/numba_sample_ridge.py -> /home/hello-robot/ament_ws/build/stretch_funmap/build/lib.linux-x86_64-3.10/stretch_funmap
[15.602s] copying stretch_funmap/merge_maps.py -> /home/hello-robot/ament_ws/build/stretch_funmap/build/lib.linux-x86_64-3.10/stretch_funmap
[15.602s] copying stretch_funmap/__init__.py -> /home/hello-robot/ament_ws/build/stretch_funmap/build/lib.linux-x86_64-3.10/stretch_funmap
[15.602s] copying stretch_funmap/ros_max_height_image.py -> /home/hello-robot/ament_ws/build/stretch_funmap/build/lib.linux-x86_64-3.10/stretch_funmap
[15.603s] copying stretch_funmap/manipulation_planning.py -> /home/hello-robot/ament_ws/build/stretch_funmap/build/lib.linux-x86_64-3.10/stretch_funmap
[15.604s] running build_ext
[15.605s] building 'stretch_funmap.cython_min_cost_path' extension
[15.616s] INFO: C compiler: x86_64-linux-gnu-gcc -Wno-unused-result -Wsign-compare -DNDEBUG -g -fwrapv -O2 -Wall -g -fstack-protector-strong -Wformat -Werror=format-security -g -fwrapv -O2 -g -fstack-protector-strong -Wformat -Werror=format-security -Wdate-time -D_FORTIFY_SOURCE=2 -fPIC
[15.616s] 
[15.617s] creating /home/hello-robot/ament_ws/build/stretch_funmap/build/temp.linux-x86_64-3.10
[15.617s] creating /home/hello-robot/ament_ws/build/stretch_funmap/build/temp.linux-x86_64-3.10/stretch_funmap
[15.617s] INFO: compile options: '-I/home/hello-robot/ament_ws/install/stretch_funmap/include -I/usr/include/python3.10 -c'
[15.617s] INFO: x86_64-linux-gnu-gcc: stretch_funmap/cython_min_cost_path.c
[16.287s] In file included from /usr/include/python3.10/numpy/ndarraytypes.h:1969,
[16.287s]                  from /usr/include/python3.10/numpy/ndarrayobject.h:12,
[16.287s]                  from /usr/include/python3.10/numpy/arrayobject.h:4,
[16.287s]                  from stretch_funmap/cython_min_cost_path.c:700:
[16.287s] /usr/include/python3.10/numpy/npy_1_7_deprecated_api.h:17:2: warning: #warning "Using deprecated NumPy API, disable it with " "#define NPY_NO_DEPRECATED_API NPY_1_7_API_VERSION" [-Wcpp]
[16.287s]    17 | #warning "Using deprecated NumPy API, disable it with " \
[16.287s]       |  ^~~~~~~
[26.497s] INFO: x86_64-linux-gnu-gcc -shared -Wl,-O1 -Wl,-Bsymbolic-functions -Wl,-Bsymbolic-functions -g -fwrapv -O2 -Wl,-Bsymbolic-functions -g -fwrapv -O2 -g -fstack-protector-strong -Wformat -Werror=format-security -Wdate-time -D_FORTIFY_SOURCE=2 /home/hello-robot/ament_ws/build/stretch_funmap/build/temp.linux-x86_64-3.10/stretch_funmap/cython_min_cost_path.o -o /home/hello-robot/ament_ws/build/stretch_funmap/build/lib.linux-x86_64-3.10/stretch_funmap/cython_min_cost_path.cpython-310-x86_64-linux-gnu.so
[26.589s] running install
[26.589s] running install_lib
[26.589s] creating /home/hello-robot/ament_ws/install/stretch_funmap/lib/python3.10/site-packages/stretch_funmap
[26.589s] copying /home/hello-robot/ament_ws/build/stretch_funmap/build/lib.linux-x86_64-3.10/stretch_funmap/numba_height_image.py -> /home/hello-robot/ament_ws/install/stretch_funmap/lib/python3.10/site-packages/stretch_funmap
[26.589s] copying /home/hello-robot/ament_ws/build/stretch_funmap/build/lib.linux-x86_64-3.10/stretch_funmap/numba_create_plane_image.py -> /home/hello-robot/ament_ws/install/stretch_funmap/lib/python3.10/site-packages/stretch_funmap
[26.589s] copying /home/hello-robot/ament_ws/build/stretch_funmap/build/lib.linux-x86_64-3.10/stretch_funmap/max_height_image.py -> /home/hello-robot/ament_ws/install/stretch_funmap/lib/python3.10/site-packages/stretch_funmap
[26.589s] copying /home/hello-robot/ament_ws/build/stretch_funmap/build/lib.linux-x86_64-3.10/stretch_funmap/numba_check_line_path.py -> /home/hello-robot/ament_ws/install/stretch_funmap/lib/python3.10/site-packages/stretch_funmap
[26.589s] copying /home/hello-robot/ament_ws/build/stretch_funmap/build/lib.linux-x86_64-3.10/stretch_funmap/navigate.py -> /home/hello-robot/ament_ws/install/stretch_funmap/lib/python3.10/site-packages/stretch_funmap
[26.589s] copying /home/hello-robot/ament_ws/build/stretch_funmap/build/lib.linux-x86_64-3.10/stretch_funmap/numba_compare_images.py -> /home/hello-robot/ament_ws/install/stretch_funmap/lib/python3.10/site-packages/stretch_funmap
[26.590s] copying /home/hello-robot/ament_ws/build/stretch_funmap/build/lib.linux-x86_64-3.10/stretch_funmap/segment_max_height_image.py -> /home/hello-robot/ament_ws/install/stretch_funmap/lib/python3.10/site-packages/stretch_funmap
[26.590s] copying /home/hello-robot/ament_ws/build/stretch_funmap/build/lib.linux-x86_64-3.10/stretch_funmap/numba_manipulation_planning.py -> /home/hello-robot/ament_ws/install/stretch_funmap/lib/python3.10/site-packages/stretch_funmap
[26.590s] copying /home/hello-robot/ament_ws/build/stretch_funmap/build/lib.linux-x86_64-3.10/stretch_funmap/navigation_planning.py -> /home/hello-robot/ament_ws/install/stretch_funmap/lib/python3.10/site-packages/stretch_funmap
[26.590s] copying /home/hello-robot/ament_ws/build/stretch_funmap/build/lib.linux-x86_64-3.10/stretch_funmap/funmap.py -> /home/hello-robot/ament_ws/install/stretch_funmap/lib/python3.10/site-packages/stretch_funmap
[26.590s] copying /home/hello-robot/ament_ws/build/stretch_funmap/build/lib.linux-x86_64-3.10/stretch_funmap/mapping.py -> /home/hello-robot/ament_ws/install/stretch_funmap/lib/python3.10/site-packages/stretch_funmap
[26.590s] copying /home/hello-robot/ament_ws/build/stretch_funmap/build/lib.linux-x86_64-3.10/stretch_funmap/numba_sample_ridge.py -> /home/hello-robot/ament_ws/install/stretch_funmap/lib/python3.10/site-packages/stretch_funmap
[26.590s] copying /home/hello-robot/ament_ws/build/stretch_funmap/build/lib.linux-x86_64-3.10/stretch_funmap/merge_maps.py -> /home/hello-robot/ament_ws/install/stretch_funmap/lib/python3.10/site-packages/stretch_funmap
[26.590s] copying /home/hello-robot/ament_ws/build/stretch_funmap/build/lib.linux-x86_64-3.10/stretch_funmap/__init__.py -> /home/hello-robot/ament_ws/install/stretch_funmap/lib/python3.10/site-packages/stretch_funmap
[26.590s] copying /home/hello-robot/ament_ws/build/stretch_funmap/build/lib.linux-x86_64-3.10/stretch_funmap/ros_max_height_image.py -> /home/hello-robot/ament_ws/install/stretch_funmap/lib/python3.10/site-packages/stretch_funmap
[26.590s] copying /home/hello-robot/ament_ws/build/stretch_funmap/build/lib.linux-x86_64-3.10/stretch_funmap/manipulation_planning.py -> /home/hello-robot/ament_ws/install/stretch_funmap/lib/python3.10/site-packages/stretch_funmap
[26.590s] copying /home/hello-robot/ament_ws/build/stretch_funmap/build/lib.linux-x86_64-3.10/stretch_funmap/cython_min_cost_path.cpython-310-x86_64-linux-gnu.so -> /home/hello-robot/ament_ws/install/stretch_funmap/lib/python3.10/site-packages/stretch_funmap
[26.590s] byte-compiling /home/hello-robot/ament_ws/install/stretch_funmap/lib/python3.10/site-packages/stretch_funmap/numba_height_image.py to numba_height_image.cpython-310.pyc
[26.590s] byte-compiling /home/hello-robot/ament_ws/install/stretch_funmap/lib/python3.10/site-packages/stretch_funmap/numba_create_plane_image.py to numba_create_plane_image.cpython-310.pyc
[26.590s] byte-compiling /home/hello-robot/ament_ws/install/stretch_funmap/lib/python3.10/site-packages/stretch_funmap/max_height_image.py to max_height_image.cpython-310.pyc
[26.590s] /usr/lib/python3/dist-packages/setuptools/command/install.py:34: SetuptoolsDeprecationWarning: setup.py install is deprecated. Use build and pip and other standards-based tools.
[26.590s]   warnings.warn(
[26.594s] byte-compiling /home/hello-robot/ament_ws/install/stretch_funmap/lib/python3.10/site-packages/stretch_funmap/numba_check_line_path.py to numba_check_line_path.cpython-310.pyc
[26.596s] byte-compiling /home/hello-robot/ament_ws/install/stretch_funmap/lib/python3.10/site-packages/stretch_funmap/navigate.py to navigate.cpython-310.pyc
[26.602s] byte-compiling /home/hello-robot/ament_ws/install/stretch_funmap/lib/python3.10/site-packages/stretch_funmap/numba_compare_images.py to numba_compare_images.cpython-310.pyc
[26.605s] byte-compiling /home/hello-robot/ament_ws/install/stretch_funmap/lib/python3.10/site-packages/stretch_funmap/segment_max_height_image.py to segment_max_height_image.cpython-310.pyc
[26.617s] byte-compiling /home/hello-robot/ament_ws/install/stretch_funmap/lib/python3.10/site-packages/stretch_funmap/numba_manipulation_planning.py to numba_manipulation_planning.cpython-310.pyc
[26.620s] byte-compiling /home/hello-robot/ament_ws/install/stretch_funmap/lib/python3.10/site-packages/stretch_funmap/navigation_planning.py to navigation_planning.cpython-310.pyc
[26.627s] byte-compiling /home/hello-robot/ament_ws/install/stretch_funmap/lib/python3.10/site-packages/stretch_funmap/funmap.py to funmap.cpython-310.pyc
[26.641s] byte-compiling /home/hello-robot/ament_ws/install/stretch_funmap/lib/python3.10/site-packages/stretch_funmap/mapping.py to mapping.cpython-310.pyc
[26.646s] byte-compiling /home/hello-robot/ament_ws/install/stretch_funmap/lib/python3.10/site-packages/stretch_funmap/numba_sample_ridge.py to numba_sample_ridge.cpython-310.pyc
[26.648s] byte-compiling /home/hello-robot/ament_ws/install/stretch_funmap/lib/python3.10/site-packages/stretch_funmap/merge_maps.py to merge_maps.cpython-310.pyc
[26.654s] byte-compiling /home/hello-robot/ament_ws/install/stretch_funmap/lib/python3.10/site-packages/stretch_funmap/__init__.py to __init__.cpython-310.pyc
[26.655s] byte-compiling /home/hello-robot/ament_ws/install/stretch_funmap/lib/python3.10/site-packages/stretch_funmap/ros_max_height_image.py to ros_max_height_image.cpython-310.pyc
[26.660s] byte-compiling /home/hello-robot/ament_ws/install/stretch_funmap/lib/python3.10/site-packages/stretch_funmap/manipulation_planning.py to manipulation_planning.cpython-310.pyc
[26.671s] running install_data
[26.672s] creating /home/hello-robot/ament_ws/install/stretch_funmap/share/ament_index
[26.673s] creating /home/hello-robot/ament_ws/install/stretch_funmap/share/ament_index/resource_index
[26.673s] creating /home/hello-robot/ament_ws/install/stretch_funmap/share/ament_index/resource_index/packages
[26.673s] copying resource/stretch_funmap -> /home/hello-robot/ament_ws/install/stretch_funmap/share/ament_index/resource_index/packages
[26.674s] copying package.xml -> /home/hello-robot/ament_ws/install/stretch_funmap/share/stretch_funmap
[26.674s] creating /home/hello-robot/ament_ws/install/stretch_funmap/share/stretch_funmap/launch
[26.674s] copying launch/mapping.launch.py -> /home/hello-robot/ament_ws/install/stretch_funmap/share/stretch_funmap/launch
[26.675s] copying launch/funmap.launch.py -> /home/hello-robot/ament_ws/install/stretch_funmap/share/stretch_funmap/launch
[26.676s] creating /home/hello-robot/ament_ws/install/stretch_funmap/share/stretch_funmap/rviz
[26.676s] copying rviz/stretch_mapping.rviz -> /home/hello-robot/ament_ws/install/stretch_funmap/share/stretch_funmap/rviz
[26.681s] running install_egg_info
[26.682s] Copying ../../../build/stretch_funmap/stretch_funmap.egg-info to /home/hello-robot/ament_ws/install/stretch_funmap/lib/python3.10/site-packages/stretch_funmap-0.0.0-py3.10.egg-info
[26.683s] running install_scripts
[26.686s] Installing funmap script to /home/hello-robot/ament_ws/install/stretch_funmap/lib/stretch_funmap
[26.687s] writing list of installed files to '/home/hello-robot/ament_ws/build/stretch_funmap/install.log'
[27.484s] Invoked command in '/home/hello-robot/ament_ws/src/stretch_ros2/stretch_funmap' returned '0': PYTHONPATH=/home/hello-robot/ament_ws/build/stretch_funmap/prefix_override:/home/hello-robot/ament_ws/install/stretch_funmap/lib/python3.10/site-packages:${PYTHONPATH} /usr/bin/python3 setup.py egg_info --egg-base ../../../build/stretch_funmap build --build-base /home/hello-robot/ament_ws/build/stretch_funmap/build install --record /home/hello-robot/ament_ws/build/stretch_funmap/install.log --single-version-externally-managed
