[0.102s] Invoking command in '/home/hello-robot/ament_ws/build/rosbridge_library': AMENT_PREFIX_PATH=/home/hello-robot/ament_ws/install/rosbridge_test_msgs:${AMENT_PREFIX_PATH} CMAKE_PREFIX_PATH=/home/hello-robot/ament_ws/install/rosbridge_test_msgs:/opt/ros/humble LD_LIBRARY_PATH=/home/hello-robot/ament_ws/install/rosbridge_test_msgs/lib:${LD_LIBRARY_PATH} PYTHONPATH=/home/hello-robot/ament_ws/install/rosbridge_test_msgs/local/lib/python3.10/dist-packages:${PYTHONPATH} /usr/bin/cmake /home/hello-robot/ament_ws/src/rosbridge_suite/rosbridge_library -DCMAKE_BUILD_TYPE=Release -DCMAKE_INSTALL_PREFIX=/home/hello-robot/ament_ws/install/rosbridge_library
[0.173s] -- The C compiler identification is GNU 11.4.0
[0.241s] -- The CXX compiler identification is GNU 11.4.0
[0.250s] -- Detecting C compiler ABI info
[0.328s] -- Detecting C compiler ABI info - done
[0.337s] -- Check for working C compiler: /usr/bin/cc - skipped
[0.337s] -- Detecting C compile features
[0.337s] -- Detecting C compile features - done
[0.341s] -- Detecting CXX compiler ABI info
[0.431s] -- Detecting CXX compiler ABI info - done
[0.437s] -- Check for working CXX compiler: /usr/bin/c++ - skipped
[0.437s] -- Detecting CXX compile features
[0.437s] -- Detecting CXX compile features - done
[0.439s] -- Found ament_cmake_ros: 0.10.0 (/opt/ros/humble/share/ament_cmake_ros/cmake)
[0.590s] -- Found Python3: /usr/bin/python3 (found version "3.10.12") found components: Interpreter 
[2.614s] -- Configuring done
[2.617s] -- Generating done
[2.617s] -- Build files have been written to: /home/hello-robot/ament_ws/build/rosbridge_library
[2.621s] Invoked command in '/home/hello-robot/ament_ws/build/rosbridge_library' returned '0': AMENT_PREFIX_PATH=/home/hello-robot/ament_ws/install/rosbridge_test_msgs:${AMENT_PREFIX_PATH} CMAKE_PREFIX_PATH=/home/hello-robot/ament_ws/install/rosbridge_test_msgs:/opt/ros/humble LD_LIBRARY_PATH=/home/hello-robot/ament_ws/install/rosbridge_test_msgs/lib:${LD_LIBRARY_PATH} PYTHONPATH=/home/hello-robot/ament_ws/install/rosbridge_test_msgs/local/lib/python3.10/dist-packages:${PYTHONPATH} /usr/bin/cmake /home/hello-robot/ament_ws/src/rosbridge_suite/rosbridge_library -DCMAKE_BUILD_TYPE=Release -DCMAKE_INSTALL_PREFIX=/home/hello-robot/ament_ws/install/rosbridge_library
[2.622s] Invoking command in '/home/hello-robot/ament_ws/build/rosbridge_library': AMENT_PREFIX_PATH=/home/hello-robot/ament_ws/install/rosbridge_test_msgs:${AMENT_PREFIX_PATH} CMAKE_PREFIX_PATH=/home/hello-robot/ament_ws/install/rosbridge_test_msgs:/opt/ros/humble LD_LIBRARY_PATH=/home/hello-robot/ament_ws/install/rosbridge_test_msgs/lib:${LD_LIBRARY_PATH} PYTHONPATH=/home/hello-robot/ament_ws/install/rosbridge_test_msgs/local/lib/python3.10/dist-packages:${PYTHONPATH} /usr/bin/cmake --build /home/hello-robot/ament_ws/build/rosbridge_library -- -j16 -l16
[2.666s] Built target ament_cmake_python_copy_rosbridge_library
[2.882s] running egg_info
[2.883s] creating rosbridge_library.egg-info
[2.883s] writing rosbridge_library.egg-info/PKG-INFO
[2.883s] writing dependency_links to rosbridge_library.egg-info/dependency_links.txt
[2.883s] writing top-level names to rosbridge_library.egg-info/top_level.txt
[2.883s] writing manifest file 'rosbridge_library.egg-info/SOURCES.txt'
[2.886s] reading manifest file 'rosbridge_library.egg-info/SOURCES.txt'
[2.886s] writing manifest file 'rosbridge_library.egg-info/SOURCES.txt'
[2.912s] Built target ament_cmake_python_build_rosbridge_library_egg
[2.920s] Invoked command in '/home/hello-robot/ament_ws/build/rosbridge_library' returned '0': AMENT_PREFIX_PATH=/home/hello-robot/ament_ws/install/rosbridge_test_msgs:${AMENT_PREFIX_PATH} CMAKE_PREFIX_PATH=/home/hello-robot/ament_ws/install/rosbridge_test_msgs:/opt/ros/humble LD_LIBRARY_PATH=/home/hello-robot/ament_ws/install/rosbridge_test_msgs/lib:${LD_LIBRARY_PATH} PYTHONPATH=/home/hello-robot/ament_ws/install/rosbridge_test_msgs/local/lib/python3.10/dist-packages:${PYTHONPATH} /usr/bin/cmake --build /home/hello-robot/ament_ws/build/rosbridge_library -- -j16 -l16
[2.937s] Invoking command in '/home/hello-robot/ament_ws/build/rosbridge_library': AMENT_PREFIX_PATH=/home/hello-robot/ament_ws/install/rosbridge_test_msgs:${AMENT_PREFIX_PATH} CMAKE_PREFIX_PATH=/home/hello-robot/ament_ws/install/rosbridge_test_msgs:/opt/ros/humble LD_LIBRARY_PATH=/home/hello-robot/ament_ws/install/rosbridge_test_msgs/lib:${LD_LIBRARY_PATH} PYTHONPATH=/home/hello-robot/ament_ws/install/rosbridge_test_msgs/local/lib/python3.10/dist-packages:${PYTHONPATH} /usr/bin/cmake --install /home/hello-robot/ament_ws/build/rosbridge_library
[2.942s] -- Install configuration: "Release"
[2.942s] -- Installing: /home/hello-robot/ament_ws/install/rosbridge_library/share/rosbridge_library/environment/pythonpath.sh
[2.942s] -- Installing: /home/hello-robot/ament_ws/install/rosbridge_library/share/rosbridge_library/environment/pythonpath.dsv
[2.943s] -- Installing: /home/hello-robot/ament_ws/install/rosbridge_library/local/lib/python3.10/dist-packages/rosbridge_library-1.3.2-py3.10.egg-info
[2.943s] -- Installing: /home/hello-robot/ament_ws/install/rosbridge_library/local/lib/python3.10/dist-packages/rosbridge_library-1.3.2-py3.10.egg-info/PKG-INFO
[2.943s] -- Installing: /home/hello-robot/ament_ws/install/rosbridge_library/local/lib/python3.10/dist-packages/rosbridge_library-1.3.2-py3.10.egg-info/dependency_links.txt
[2.943s] -- Installing: /home/hello-robot/ament_ws/install/rosbridge_library/local/lib/python3.10/dist-packages/rosbridge_library-1.3.2-py3.10.egg-info/top_level.txt
[2.943s] -- Installing: /home/hello-robot/ament_ws/install/rosbridge_library/local/lib/python3.10/dist-packages/rosbridge_library-1.3.2-py3.10.egg-info/SOURCES.txt
[2.943s] -- Installing: /home/hello-robot/ament_ws/install/rosbridge_library/local/lib/python3.10/dist-packages/rosbridge_library
[2.943s] -- Installing: /home/hello-robot/ament_ws/install/rosbridge_library/local/lib/python3.10/dist-packages/rosbridge_library/rosbridge_protocol.py
[2.943s] -- Installing: /home/hello-robot/ament_ws/install/rosbridge_library/local/lib/python3.10/dist-packages/rosbridge_library/capabilities
[2.944s] -- Installing: /home/hello-robot/ament_ws/install/rosbridge_library/local/lib/python3.10/dist-packages/rosbridge_library/capabilities/subscribe.py
[2.944s] -- Installing: /home/hello-robot/ament_ws/install/rosbridge_library/local/lib/python3.10/dist-packages/rosbridge_library/capabilities/advertise.py
[2.944s] -- Installing: /home/hello-robot/ament_ws/install/rosbridge_library/local/lib/python3.10/dist-packages/rosbridge_library/capabilities/action_client.py
[2.944s] -- Installing: /home/hello-robot/ament_ws/install/rosbridge_library/local/lib/python3.10/dist-packages/rosbridge_library/capabilities/service_response.py
[2.944s] -- Installing: /home/hello-robot/ament_ws/install/rosbridge_library/local/lib/python3.10/dist-packages/rosbridge_library/capabilities/publish.py
[2.944s] -- Installing: /home/hello-robot/ament_ws/install/rosbridge_library/local/lib/python3.10/dist-packages/rosbridge_library/capabilities/advertise_service.py
[2.944s] -- Installing: /home/hello-robot/ament_ws/install/rosbridge_library/local/lib/python3.10/dist-packages/rosbridge_library/capabilities/defragmentation.py
[2.944s] -- Installing: /home/hello-robot/ament_ws/install/rosbridge_library/local/lib/python3.10/dist-packages/rosbridge_library/capabilities/__init__.py
[2.944s] -- Installing: /home/hello-robot/ament_ws/install/rosbridge_library/local/lib/python3.10/dist-packages/rosbridge_library/capabilities/call_service.py
[2.944s] -- Installing: /home/hello-robot/ament_ws/install/rosbridge_library/local/lib/python3.10/dist-packages/rosbridge_library/capabilities/fragmentation.py
[2.944s] -- Installing: /home/hello-robot/ament_ws/install/rosbridge_library/local/lib/python3.10/dist-packages/rosbridge_library/capabilities/unadvertise_service.py
[2.944s] -- Installing: /home/hello-robot/ament_ws/install/rosbridge_library/local/lib/python3.10/dist-packages/rosbridge_library/internal
[2.944s] -- Installing: /home/hello-robot/ament_ws/install/rosbridge_library/local/lib/python3.10/dist-packages/rosbridge_library/internal/actions.py
[2.945s] -- Installing: /home/hello-robot/ament_ws/install/rosbridge_library/local/lib/python3.10/dist-packages/rosbridge_library/internal/ros_loader.py
[2.945s] -- Installing: /home/hello-robot/ament_ws/install/rosbridge_library/local/lib/python3.10/dist-packages/rosbridge_library/internal/pngcompression.py
[2.945s] -- Installing: /home/hello-robot/ament_ws/install/rosbridge_library/local/lib/python3.10/dist-packages/rosbridge_library/internal/message_conversion.py
[2.945s] -- Installing: /home/hello-robot/ament_ws/install/rosbridge_library/local/lib/python3.10/dist-packages/rosbridge_library/internal/publishers.py
[2.945s] -- Installing: /home/hello-robot/ament_ws/install/rosbridge_library/local/lib/python3.10/dist-packages/rosbridge_library/internal/subscription_modifiers.py
[2.945s] -- Installing: /home/hello-robot/ament_ws/install/rosbridge_library/local/lib/python3.10/dist-packages/rosbridge_library/internal/exceptions.py
[2.945s] -- Installing: /home/hello-robot/ament_ws/install/rosbridge_library/local/lib/python3.10/dist-packages/rosbridge_library/internal/services.py
[2.945s] -- Installing: /home/hello-robot/ament_ws/install/rosbridge_library/local/lib/python3.10/dist-packages/rosbridge_library/internal/subscribers.py
[2.945s] -- Installing: /home/hello-robot/ament_ws/install/rosbridge_library/local/lib/python3.10/dist-packages/rosbridge_library/internal/topics.py
[2.945s] -- Installing: /home/hello-robot/ament_ws/install/rosbridge_library/local/lib/python3.10/dist-packages/rosbridge_library/internal/cbor_conversion.py
[2.945s] -- Installing: /home/hello-robot/ament_ws/install/rosbridge_library/local/lib/python3.10/dist-packages/rosbridge_library/internal/outgoing_message.py
[2.945s] -- Installing: /home/hello-robot/ament_ws/install/rosbridge_library/local/lib/python3.10/dist-packages/rosbridge_library/internal/__init__.py
[2.945s] -- Installing: /home/hello-robot/ament_ws/install/rosbridge_library/local/lib/python3.10/dist-packages/rosbridge_library/util
[2.945s] -- Installing: /home/hello-robot/ament_ws/install/rosbridge_library/local/lib/python3.10/dist-packages/rosbridge_library/util/ros.py
[2.945s] -- Installing: /home/hello-robot/ament_ws/install/rosbridge_library/local/lib/python3.10/dist-packages/rosbridge_library/util/cbor.py
[2.946s] -- Installing: /home/hello-robot/ament_ws/install/rosbridge_library/local/lib/python3.10/dist-packages/rosbridge_library/util/__init__.py
[2.946s] -- Installing: /home/hello-robot/ament_ws/install/rosbridge_library/local/lib/python3.10/dist-packages/rosbridge_library/capability.py
[2.946s] -- Installing: /home/hello-robot/ament_ws/install/rosbridge_library/local/lib/python3.10/dist-packages/rosbridge_library/protocol.py
[2.946s] -- Installing: /home/hello-robot/ament_ws/install/rosbridge_library/local/lib/python3.10/dist-packages/rosbridge_library/__init__.py
[2.988s] Listing '/home/hello-robot/ament_ws/install/rosbridge_library/local/lib/python3.10/dist-packages/rosbridge_library'...
[2.988s] Compiling '/home/hello-robot/ament_ws/install/rosbridge_library/local/lib/python3.10/dist-packages/rosbridge_library/__init__.py'...
[2.988s] Listing '/home/hello-robot/ament_ws/install/rosbridge_library/local/lib/python3.10/dist-packages/rosbridge_library/capabilities'...
[2.988s] Compiling '/home/hello-robot/ament_ws/install/rosbridge_library/local/lib/python3.10/dist-packages/rosbridge_library/capabilities/__init__.py'...
[2.988s] Compiling '/home/hello-robot/ament_ws/install/rosbridge_library/local/lib/python3.10/dist-packages/rosbridge_library/capabilities/action_client.py'...
[2.988s] Compiling '/home/hello-robot/ament_ws/install/rosbridge_library/local/lib/python3.10/dist-packages/rosbridge_library/capabilities/advertise.py'...
[2.988s] Compiling '/home/hello-robot/ament_ws/install/rosbridge_library/local/lib/python3.10/dist-packages/rosbridge_library/capabilities/advertise_service.py'...
[2.988s] Compiling '/home/hello-robot/ament_ws/install/rosbridge_library/local/lib/python3.10/dist-packages/rosbridge_library/capabilities/call_service.py'...
[2.988s] Compiling '/home/hello-robot/ament_ws/install/rosbridge_library/local/lib/python3.10/dist-packages/rosbridge_library/capabilities/defragmentation.py'...
[2.988s] Compiling '/home/hello-robot/ament_ws/install/rosbridge_library/local/lib/python3.10/dist-packages/rosbridge_library/capabilities/fragmentation.py'...
[2.989s] Compiling '/home/hello-robot/ament_ws/install/rosbridge_library/local/lib/python3.10/dist-packages/rosbridge_library/capabilities/publish.py'...
[2.989s] Compiling '/home/hello-robot/ament_ws/install/rosbridge_library/local/lib/python3.10/dist-packages/rosbridge_library/capabilities/service_response.py'...
[2.989s] Compiling '/home/hello-robot/ament_ws/install/rosbridge_library/local/lib/python3.10/dist-packages/rosbridge_library/capabilities/subscribe.py'...
[2.989s] Compiling '/home/hello-robot/ament_ws/install/rosbridge_library/local/lib/python3.10/dist-packages/rosbridge_library/capabilities/unadvertise_service.py'...
[2.989s] Compiling '/home/hello-robot/ament_ws/install/rosbridge_library/local/lib/python3.10/dist-packages/rosbridge_library/capability.py'...
[2.989s] Listing '/home/hello-robot/ament_ws/install/rosbridge_library/local/lib/python3.10/dist-packages/rosbridge_library/internal'...
[2.989s] Compiling '/home/hello-robot/ament_ws/install/rosbridge_library/local/lib/python3.10/dist-packages/rosbridge_library/internal/__init__.py'...
[2.989s] Compiling '/home/hello-robot/ament_ws/install/rosbridge_library/local/lib/python3.10/dist-packages/rosbridge_library/internal/actions.py'...
[2.989s] Compiling '/home/hello-robot/ament_ws/install/rosbridge_library/local/lib/python3.10/dist-packages/rosbridge_library/internal/cbor_conversion.py'...
[2.989s] Compiling '/home/hello-robot/ament_ws/install/rosbridge_library/local/lib/python3.10/dist-packages/rosbridge_library/internal/exceptions.py'...
[2.989s] Compiling '/home/hello-robot/ament_ws/install/rosbridge_library/local/lib/python3.10/dist-packages/rosbridge_library/internal/message_conversion.py'...
[2.989s] Compiling '/home/hello-robot/ament_ws/install/rosbridge_library/local/lib/python3.10/dist-packages/rosbridge_library/internal/outgoing_message.py'...
[2.989s] Compiling '/home/hello-robot/ament_ws/install/rosbridge_library/local/lib/python3.10/dist-packages/rosbridge_library/internal/pngcompression.py'...
[2.989s] Compiling '/home/hello-robot/ament_ws/install/rosbridge_library/local/lib/python3.10/dist-packages/rosbridge_library/internal/publishers.py'...
[2.989s] Compiling '/home/hello-robot/ament_ws/install/rosbridge_library/local/lib/python3.10/dist-packages/rosbridge_library/internal/ros_loader.py'...
[2.989s] Compiling '/home/hello-robot/ament_ws/install/rosbridge_library/local/lib/python3.10/dist-packages/rosbridge_library/internal/services.py'...
[2.990s] Compiling '/home/hello-robot/ament_ws/install/rosbridge_library/local/lib/python3.10/dist-packages/rosbridge_library/internal/subscribers.py'...
[2.990s] Compiling '/home/hello-robot/ament_ws/install/rosbridge_library/local/lib/python3.10/dist-packages/rosbridge_library/internal/subscription_modifiers.py'...
[2.990s] Compiling '/home/hello-robot/ament_ws/install/rosbridge_library/local/lib/python3.10/dist-packages/rosbridge_library/internal/topics.py'...
[2.990s] Compiling '/home/hello-robot/ament_ws/install/rosbridge_library/local/lib/python3.10/dist-packages/rosbridge_library/protocol.py'...
[2.990s] Compiling '/home/hello-robot/ament_ws/install/rosbridge_library/local/lib/python3.10/dist-packages/rosbridge_library/rosbridge_protocol.py'...
[2.990s] Listing '/home/hello-robot/ament_ws/install/rosbridge_library/local/lib/python3.10/dist-packages/rosbridge_library/util'...
[2.990s] Compiling '/home/hello-robot/ament_ws/install/rosbridge_library/local/lib/python3.10/dist-packages/rosbridge_library/util/__init__.py'...
[2.990s] Compiling '/home/hello-robot/ament_ws/install/rosbridge_library/local/lib/python3.10/dist-packages/rosbridge_library/util/cbor.py'...
[2.990s] Compiling '/home/hello-robot/ament_ws/install/rosbridge_library/local/lib/python3.10/dist-packages/rosbridge_library/util/ros.py'...
[2.992s] -- Installing: /home/hello-robot/ament_ws/install/rosbridge_library/share/ament_index/resource_index/package_run_dependencies/rosbridge_library
[2.992s] -- Installing: /home/hello-robot/ament_ws/install/rosbridge_library/share/ament_index/resource_index/parent_prefix_path/rosbridge_library
[2.992s] -- Installing: /home/hello-robot/ament_ws/install/rosbridge_library/share/rosbridge_library/environment/ament_prefix_path.sh
[2.992s] -- Installing: /home/hello-robot/ament_ws/install/rosbridge_library/share/rosbridge_library/environment/ament_prefix_path.dsv
[2.993s] -- Installing: /home/hello-robot/ament_ws/install/rosbridge_library/share/rosbridge_library/environment/path.sh
[2.993s] -- Installing: /home/hello-robot/ament_ws/install/rosbridge_library/share/rosbridge_library/environment/path.dsv
[2.993s] -- Installing: /home/hello-robot/ament_ws/install/rosbridge_library/share/rosbridge_library/local_setup.bash
[2.993s] -- Installing: /home/hello-robot/ament_ws/install/rosbridge_library/share/rosbridge_library/local_setup.sh
[2.993s] -- Installing: /home/hello-robot/ament_ws/install/rosbridge_library/share/rosbridge_library/local_setup.zsh
[2.993s] -- Installing: /home/hello-robot/ament_ws/install/rosbridge_library/share/rosbridge_library/local_setup.dsv
[2.993s] -- Installing: /home/hello-robot/ament_ws/install/rosbridge_library/share/rosbridge_library/package.dsv
[2.993s] -- Installing: /home/hello-robot/ament_ws/install/rosbridge_library/share/ament_index/resource_index/packages/rosbridge_library
[2.993s] -- Installing: /home/hello-robot/ament_ws/install/rosbridge_library/share/rosbridge_library/cmake/rosbridge_libraryConfig.cmake
[2.993s] -- Installing: /home/hello-robot/ament_ws/install/rosbridge_library/share/rosbridge_library/cmake/rosbridge_libraryConfig-version.cmake
[2.993s] -- Installing: /home/hello-robot/ament_ws/install/rosbridge_library/share/rosbridge_library/package.xml
[2.994s] Invoked command in '/home/hello-robot/ament_ws/build/rosbridge_library' returned '0': AMENT_PREFIX_PATH=/home/hello-robot/ament_ws/install/rosbridge_test_msgs:${AMENT_PREFIX_PATH} CMAKE_PREFIX_PATH=/home/hello-robot/ament_ws/install/rosbridge_test_msgs:/opt/ros/humble LD_LIBRARY_PATH=/home/hello-robot/ament_ws/install/rosbridge_test_msgs/lib:${LD_LIBRARY_PATH} PYTHONPATH=/home/hello-robot/ament_ws/install/rosbridge_test_msgs/local/lib/python3.10/dist-packages:${PYTHONPATH} /usr/bin/cmake --install /home/hello-robot/ament_ws/build/rosbridge_library
