[2.938s] Invoking command in '/home/hello-robot/ament_ws/build/stretch_nav2': CMAKE_PREFIX_PATH=/opt/ros/humble /usr/bin/cmake /home/hello-robot/ament_ws/src/stretch_ros2/stretch_nav2 -DCMAKE_BUILD_TYPE=Release -DCMAKE_INSTALL_PREFIX=/home/hello-robot/ament_ws/install/stretch_nav2
[3.253s] -- The C compiler identification is GNU 11.4.0
[3.253s] -- The CXX compiler identification is GNU 11.4.0
[3.253s] -- Detecting C compiler ABI info
[3.253s] -- Detecting C compiler ABI info - done
[3.253s] -- Check for working C compiler: /usr/bin/cc - skipped
[3.253s] -- Detecting C compile features
[3.253s] -- Detecting C compile features - done
[3.253s] -- Detecting CXX compiler ABI info
[3.253s] -- Detecting CXX compiler ABI info - done
[3.253s] -- Check for working CXX compiler: /usr/bin/c++ - skipped
[3.253s] -- Detecting CXX compile features
[3.253s] -- Detecting CXX compile features - done
[3.253s] -- Found ament_cmake: 1.3.8 (/opt/ros/humble/share/ament_cmake/cmake)
[3.309s] -- Found Python3: /usr/bin/python3 (found version "3.10.12") found components: Interpreter 
[3.526s] -- Found rclcpp: 16.0.8 (/opt/ros/humble/share/rclcpp/cmake)
[3.670s] -- Found rosidl_generator_c: 3.1.5 (/opt/ros/humble/share/rosidl_generator_c/cmake)
[3.676s] -- Found rosidl_adapter: 3.1.5 (/opt/ros/humble/share/rosidl_adapter/cmake)
[3.711s] -- Found rosidl_generator_cpp: 3.1.5 (/opt/ros/humble/share/rosidl_generator_cpp/cmake)
[3.774s] -- Using all available rosidl_typesupport_c: rosidl_typesupport_fastrtps_c;rosidl_typesupport_introspection_c
[3.844s] -- Using all available rosidl_typesupport_cpp: rosidl_typesupport_fastrtps_cpp;rosidl_typesupport_introspection_cpp
[4.187s] -- Found rmw_implementation_cmake: 6.1.1 (/opt/ros/humble/share/rmw_implementation_cmake/cmake)
[4.194s] -- Found rmw_fastrtps_cpp: 6.2.6 (/opt/ros/humble/share/rmw_fastrtps_cpp/cmake)
[4.852s] -- Found OpenSSL: /usr/lib/x86_64-linux-gnu/libcrypto.so (found version "3.0.2")  
[4.931s] -- Found FastRTPS: /opt/ros/humble/include  
[5.121s] -- Using RMW implementation 'rmw_fastrtps_cpp' as default
[5.180s] -- Looking for pthread.h
[5.648s] -- Looking for pthread.h - found
[5.648s] -- Performing Test CMAKE_HAVE_LIBC_PTHREAD
[6.172s] -- Performing Test CMAKE_HAVE_LIBC_PTHREAD - Success
[6.172s] -- Found Threads: TRUE  
[6.764s] -- Found ament_lint_auto: 0.12.10 (/opt/ros/humble/share/ament_lint_auto/cmake)
[8.020s] -- Added test 'copyright' to check source files copyright and LICENSE
[8.021s] -- Added test 'flake8' to check Python code syntax and style conventions
[8.021s] -- Added test 'lint_cmake' to check CMake code style
[8.021s] -- Added test 'pep257' to check Python code against some of the docstring style conventions in PEP 257
[8.021s] -- Added test 'xmllint' to check XML markup files
[8.021s] -- Configuring done
[8.022s] -- Generating done
[8.023s] -- Build files have been written to: /home/hello-robot/ament_ws/build/stretch_nav2
[8.064s] Invoked command in '/home/hello-robot/ament_ws/build/stretch_nav2' returned '0': CMAKE_PREFIX_PATH=/opt/ros/humble /usr/bin/cmake /home/hello-robot/ament_ws/src/stretch_ros2/stretch_nav2 -DCMAKE_BUILD_TYPE=Release -DCMAKE_INSTALL_PREFIX=/home/hello-robot/ament_ws/install/stretch_nav2
[8.076s] Invoking command in '/home/hello-robot/ament_ws/build/stretch_nav2': CMAKE_PREFIX_PATH=/opt/ros/humble /usr/bin/cmake --build /home/hello-robot/ament_ws/build/stretch_nav2 -- -j16 -l16
[10.697s] Built target ament_cmake_python_copy_stretch_nav2
[10.701s] running egg_info
[10.701s] creating stretch_nav2.egg-info
[10.701s] writing stretch_nav2.egg-info/PKG-INFO
[10.701s] writing dependency_links to stretch_nav2.egg-info/dependency_links.txt
[10.701s] writing top-level names to stretch_nav2.egg-info/top_level.txt
[10.701s] writing manifest file 'stretch_nav2.egg-info/SOURCES.txt'
[10.701s] reading manifest file 'stretch_nav2.egg-info/SOURCES.txt'
[10.701s] writing manifest file 'stretch_nav2.egg-info/SOURCES.txt'
[10.701s] Built target ament_cmake_python_build_stretch_nav2_egg
[10.749s] Invoked command in '/home/hello-robot/ament_ws/build/stretch_nav2' returned '0': CMAKE_PREFIX_PATH=/opt/ros/humble /usr/bin/cmake --build /home/hello-robot/ament_ws/build/stretch_nav2 -- -j16 -l16
[11.116s] Invoking command in '/home/hello-robot/ament_ws/build/stretch_nav2': CMAKE_PREFIX_PATH=/opt/ros/humble /usr/bin/cmake --install /home/hello-robot/ament_ws/build/stretch_nav2
[11.133s] -- Install configuration: "Release"
[11.133s] -- Installing: /home/hello-robot/ament_ws/install/stretch_nav2/share/stretch_nav2/launch
[11.133s] -- Installing: /home/hello-robot/ament_ws/install/stretch_nav2/share/stretch_nav2/launch/offline_mapping.launch.py
[11.148s] -- Installing: /home/hello-robot/ament_ws/install/stretch_nav2/share/stretch_nav2/launch/online_mapping.launch.py
[11.149s] -- Installing: /home/hello-robot/ament_ws/install/stretch_nav2/share/stretch_nav2/launch/bringup_launch.py
[11.149s] -- Installing: /home/hello-robot/ament_ws/install/stretch_nav2/share/stretch_nav2/launch/teleop_twist.launch.py
[11.149s] -- Installing: /home/hello-robot/ament_ws/install/stretch_nav2/share/stretch_nav2/launch/demo_security.launch.py
[11.149s] -- Installing: /home/hello-robot/ament_ws/install/stretch_nav2/share/stretch_nav2/launch/online_async_launch.py
[11.149s] -- Installing: /home/hello-robot/ament_ws/install/stretch_nav2/share/stretch_nav2/launch/stretch_navigation.launch.py
[11.149s] -- Installing: /home/hello-robot/ament_ws/install/stretch_nav2/share/stretch_nav2/launch/navigation.launch.py
[11.149s] -- Installing: /home/hello-robot/ament_ws/install/stretch_nav2/share/stretch_nav2/launch/navigation_launch.py
[11.150s] -- Installing: /home/hello-robot/ament_ws/install/stretch_nav2/share/stretch_nav2/config
[11.150s] -- Installing: /home/hello-robot/ament_ws/install/stretch_nav2/share/stretch_nav2/config/nav2_params.yaml
[11.150s] -- Installing: /home/hello-robot/ament_ws/install/stretch_nav2/share/stretch_nav2/config/nav2_voxel_params.yaml
[11.150s] -- Installing: /home/hello-robot/ament_ws/install/stretch_nav2/share/stretch_nav2/config/mapper_params_online_async.yaml
[11.153s] -- Installing: /home/hello-robot/ament_ws/install/stretch_nav2/share/stretch_nav2/stretch_nav2
[11.153s] -- Installing: /home/hello-robot/ament_ws/install/stretch_nav2/share/stretch_nav2/stretch_nav2/simple_commander_demo.py
[11.153s] -- Installing: /home/hello-robot/ament_ws/install/stretch_nav2/share/stretch_nav2/stretch_nav2/robot_navigator.py
[11.153s] -- Installing: /home/hello-robot/ament_ws/install/stretch_nav2/share/stretch_nav2/stretch_nav2/__init__.py
[11.153s] -- Installing: /home/hello-robot/ament_ws/install/stretch_nav2/share/stretch_nav2/environment/pythonpath.sh
[11.153s] -- Installing: /home/hello-robot/ament_ws/install/stretch_nav2/share/stretch_nav2/environment/pythonpath.dsv
[11.153s] -- Installing: /home/hello-robot/ament_ws/install/stretch_nav2/local/lib/python3.10/dist-packages/stretch_nav2-0.0.1-py3.10.egg-info
[11.153s] -- Installing: /home/hello-robot/ament_ws/install/stretch_nav2/local/lib/python3.10/dist-packages/stretch_nav2-0.0.1-py3.10.egg-info/PKG-INFO
[11.153s] -- Installing: /home/hello-robot/ament_ws/install/stretch_nav2/local/lib/python3.10/dist-packages/stretch_nav2-0.0.1-py3.10.egg-info/dependency_links.txt
[11.153s] -- Installing: /home/hello-robot/ament_ws/install/stretch_nav2/local/lib/python3.10/dist-packages/stretch_nav2-0.0.1-py3.10.egg-info/top_level.txt
[11.153s] -- Installing: /home/hello-robot/ament_ws/install/stretch_nav2/local/lib/python3.10/dist-packages/stretch_nav2-0.0.1-py3.10.egg-info/SOURCES.txt
[11.154s] -- Installing: /home/hello-robot/ament_ws/install/stretch_nav2/local/lib/python3.10/dist-packages/stretch_nav2
[11.155s] -- Installing: /home/hello-robot/ament_ws/install/stretch_nav2/local/lib/python3.10/dist-packages/stretch_nav2/simple_commander_demo.py
[11.155s] -- Installing: /home/hello-robot/ament_ws/install/stretch_nav2/local/lib/python3.10/dist-packages/stretch_nav2/robot_navigator.py
[11.155s] -- Installing: /home/hello-robot/ament_ws/install/stretch_nav2/local/lib/python3.10/dist-packages/stretch_nav2/__init__.py
[11.421s] Listing '/home/hello-robot/ament_ws/install/stretch_nav2/local/lib/python3.10/dist-packages/stretch_nav2'...
[11.421s] Compiling '/home/hello-robot/ament_ws/install/stretch_nav2/local/lib/python3.10/dist-packages/stretch_nav2/__init__.py'...
[11.421s] Compiling '/home/hello-robot/ament_ws/install/stretch_nav2/local/lib/python3.10/dist-packages/stretch_nav2/robot_navigator.py'...
[11.421s] Compiling '/home/hello-robot/ament_ws/install/stretch_nav2/local/lib/python3.10/dist-packages/stretch_nav2/simple_commander_demo.py'...
[11.421s] -- Installing: /home/hello-robot/ament_ws/install/stretch_nav2/lib/stretch_nav2/simple_commander_demo.py
[11.421s] -- Installing: /home/hello-robot/ament_ws/install/stretch_nav2/share/ament_index/resource_index/package_run_dependencies/stretch_nav2
[11.421s] -- Installing: /home/hello-robot/ament_ws/install/stretch_nav2/share/ament_index/resource_index/parent_prefix_path/stretch_nav2
[11.421s] -- Installing: /home/hello-robot/ament_ws/install/stretch_nav2/share/stretch_nav2/environment/ament_prefix_path.sh
[11.422s] -- Installing: /home/hello-robot/ament_ws/install/stretch_nav2/share/stretch_nav2/environment/ament_prefix_path.dsv
[11.422s] -- Installing: /home/hello-robot/ament_ws/install/stretch_nav2/share/stretch_nav2/environment/path.sh
[11.422s] -- Installing: /home/hello-robot/ament_ws/install/stretch_nav2/share/stretch_nav2/environment/path.dsv
[11.422s] -- Installing: /home/hello-robot/ament_ws/install/stretch_nav2/share/stretch_nav2/local_setup.bash
[11.422s] -- Installing: /home/hello-robot/ament_ws/install/stretch_nav2/share/stretch_nav2/local_setup.sh
[11.422s] -- Installing: /home/hello-robot/ament_ws/install/stretch_nav2/share/stretch_nav2/local_setup.zsh
[11.422s] -- Installing: /home/hello-robot/ament_ws/install/stretch_nav2/share/stretch_nav2/local_setup.dsv
[11.422s] -- Installing: /home/hello-robot/ament_ws/install/stretch_nav2/share/stretch_nav2/package.dsv
[11.422s] -- Installing: /home/hello-robot/ament_ws/install/stretch_nav2/share/ament_index/resource_index/packages/stretch_nav2
[11.422s] -- Installing: /home/hello-robot/ament_ws/install/stretch_nav2/share/stretch_nav2/cmake/stretch_nav2Config.cmake
[11.422s] -- Installing: /home/hello-robot/ament_ws/install/stretch_nav2/share/stretch_nav2/cmake/stretch_nav2Config-version.cmake
[11.422s] -- Installing: /home/hello-robot/ament_ws/install/stretch_nav2/share/stretch_nav2/package.xml
[11.546s] Invoked command in '/home/hello-robot/ament_ws/build/stretch_nav2' returned '0': CMAKE_PREFIX_PATH=/opt/ros/humble /usr/bin/cmake --install /home/hello-robot/ament_ws/build/stretch_nav2
