[0.382s] Invoking command in '/home/hello-robot/ament_ws/build/realsense2_camera': AMENT_PREFIX_PATH=/home/hello-robot/ament_ws/install/realsense2_camera_msgs:${AMENT_PREFIX_PATH} CMAKE_PREFIX_PATH=/home/hello-robot/ament_ws/install/realsense2_camera_msgs:/opt/ros/humble LD_LIBRARY_PATH=/home/hello-robot/ament_ws/install/realsense2_camera_msgs/lib:${LD_LIBRARY_PATH} PYTHONPATH=/home/hello-robot/ament_ws/install/realsense2_camera_msgs/local/lib/python3.10/dist-packages:${PYTHONPATH} /usr/bin/cmake /home/hello-robot/ament_ws/src/realsense-ros/realsense2_camera -DCMAKE_BUILD_TYPE=Release -DCMAKE_INSTALL_PREFIX=/home/hello-robot/ament_ws/install/realsense2_camera
[0.542s] -- The C compiler identification is GNU 11.4.0
[0.787s] -- The CXX compiler identification is GNU 11.4.0
[0.788s] -- Detecting C compiler ABI info
[1.248s] -- Detecting C compiler ABI info - done
[1.248s] -- Check for working C compiler: /usr/bin/cc - skipped
[1.248s] -- Detecting C compile features
[1.248s] -- Detecting C compile features - done
[1.248s] -- Detecting CXX compiler ABI info
[1.340s] -- Detecting CXX compiler ABI info - done
[1.350s] -- Check for working CXX compiler: /usr/bin/c++ - skipped
[1.350s] -- Detecting CXX compile features
[1.350s] -- Detecting CXX compile features - done
[1.361s] -- Create Release Build.
[1.364s] -- Found ament_cmake: 1.3.8 (/opt/ros/humble/share/ament_cmake/cmake)
[1.772s] -- Found Python3: /usr/bin/python3 (found version "3.10.12") found components: Interpreter 
[2.013s] -- Found builtin_interfaces: 1.2.1 (/opt/ros/humble/share/builtin_interfaces/cmake)
[2.064s] -- Found rosidl_generator_c: 3.1.5 (/opt/ros/humble/share/rosidl_generator_c/cmake)
[2.072s] -- Found rosidl_adapter: 3.1.5 (/opt/ros/humble/share/rosidl_adapter/cmake)
[2.085s] -- Found rosidl_generator_cpp: 3.1.5 (/opt/ros/humble/share/rosidl_generator_cpp/cmake)
[2.105s] -- Using all available rosidl_typesupport_c: rosidl_typesupport_fastrtps_c;rosidl_typesupport_introspection_c
[2.133s] -- Using all available rosidl_typesupport_cpp: rosidl_typesupport_fastrtps_cpp;rosidl_typesupport_introspection_cpp
[2.162s] -- Found cv_bridge: 3.2.1 (/opt/ros/humble/share/cv_bridge/cmake)
[2.507s] -- Found image_transport: 3.1.8 (/opt/ros/humble/share/image_transport/cmake)
[2.705s] -- Found rmw_implementation_cmake: 6.1.1 (/opt/ros/humble/share/rmw_implementation_cmake/cmake)
[2.706s] -- Found rmw_fastrtps_cpp: 6.2.6 (/opt/ros/humble/share/rmw_fastrtps_cpp/cmake)
[3.052s] -- Found OpenSSL: /usr/lib/x86_64-linux-gnu/libcrypto.so (found version "3.0.2")  
[3.052s] -- Found FastRTPS: /opt/ros/humble/include  
[3.191s] -- Using RMW implementation 'rmw_fastrtps_cpp' as default
[3.191s] -- Looking for pthread.h
[3.191s] -- Looking for pthread.h - found
[3.191s] -- Performing Test CMAKE_HAVE_LIBC_PTHREAD
[3.318s] -- Performing Test CMAKE_HAVE_LIBC_PTHREAD - Success
[3.318s] -- Found Threads: TRUE  
[3.564s] -- Found rclcpp_components: 16.0.8 (/opt/ros/humble/share/rclcpp_components/cmake)
[3.635s] -- Found realsense2_camera_msgs: 4.54.1 (/home/hello-robot/ament_ws/install/realsense2_camera_msgs/share/realsense2_camera_msgs/cmake)
[3.725s] -- Found nav_msgs: 4.2.3 (/opt/ros/humble/share/nav_msgs/cmake)
[3.822s] -- Found tf2_ros: 0.25.6 (/opt/ros/humble/share/tf2_ros/cmake)
[4.331s] -- Found diagnostic_updater: 3.1.2 (/opt/ros/humble/share/diagnostic_updater/cmake)
[4.484s] -- Build for ROS2 Humble
[4.491s] -- Found ament_cmake_gtest: 1.3.8 (/opt/ros/humble/share/ament_cmake_gtest/cmake)
[4.505s] -- Found gtest sources under '/opt/ros/humble/src/gtest_vendor': C++ tests using 'Google Test' will be built
[4.515s] -- Found ament_cmake_pytest: 1.3.8 (/opt/ros/humble/share/ament_cmake_pytest/cmake)
[12.971s] -- rs_device_info:
[12.972s] -- No device detected. Is it plugged in?
[12.972s] 
[13.034s] -- Configuring done
[13.041s] -- Generating done
[13.042s] -- Build files have been written to: /home/hello-robot/ament_ws/build/realsense2_camera
[13.138s] Invoked command in '/home/hello-robot/ament_ws/build/realsense2_camera' returned '0': AMENT_PREFIX_PATH=/home/hello-robot/ament_ws/install/realsense2_camera_msgs:${AMENT_PREFIX_PATH} CMAKE_PREFIX_PATH=/home/hello-robot/ament_ws/install/realsense2_camera_msgs:/opt/ros/humble LD_LIBRARY_PATH=/home/hello-robot/ament_ws/install/realsense2_camera_msgs/lib:${LD_LIBRARY_PATH} PYTHONPATH=/home/hello-robot/ament_ws/install/realsense2_camera_msgs/local/lib/python3.10/dist-packages:${PYTHONPATH} /usr/bin/cmake /home/hello-robot/ament_ws/src/realsense-ros/realsense2_camera -DCMAKE_BUILD_TYPE=Release -DCMAKE_INSTALL_PREFIX=/home/hello-robot/ament_ws/install/realsense2_camera
[13.139s] Invoking command in '/home/hello-robot/ament_ws/build/realsense2_camera': AMENT_PREFIX_PATH=/home/hello-robot/ament_ws/install/realsense2_camera_msgs:${AMENT_PREFIX_PATH} CMAKE_PREFIX_PATH=/home/hello-robot/ament_ws/install/realsense2_camera_msgs:/opt/ros/humble LD_LIBRARY_PATH=/home/hello-robot/ament_ws/install/realsense2_camera_msgs/lib:${LD_LIBRARY_PATH} PYTHONPATH=/home/hello-robot/ament_ws/install/realsense2_camera_msgs/local/lib/python3.10/dist-packages:${PYTHONPATH} /usr/bin/cmake --build /home/hello-robot/ament_ws/build/realsense2_camera -- -j16 -l16
[13.176s] [  4%] Building CXX object CMakeFiles/realsense2_camera_node.dir/rclcpp_components/node_main_realsense2_camera_node.cpp.o
[13.176s] [  9%] Building CXX object CMakeFiles/realsense2_camera.dir/src/ros_sensor.cpp.o
[13.178s] [ 18%] Building CXX object CMakeFiles/realsense2_camera.dir/src/realsense_node_factory.cpp.o
[13.178s] [ 18%] Building CXX object CMakeFiles/realsense2_camera.dir/src/base_realsense_node.cpp.o
[13.178s] [ 22%] Building CXX object CMakeFiles/realsense2_camera.dir/src/rs_node_setup.cpp.o
[13.179s] [ 27%] Building CXX object CMakeFiles/realsense2_camera.dir/src/parameters.cpp.o
[13.179s] [ 31%] Building CXX object gtest/CMakeFiles/gtest_main.dir/src/gtest_main.cc.o
[13.180s] [ 36%] Building CXX object gtest/CMakeFiles/gtest.dir/src/gtest-all.cc.o
[14.045s] [ 40%] Linking CXX static library libgtest_main.a
[14.090s] [ 40%] Built target gtest_main
[16.607s] [ 45%] Linking CXX executable realsense2_camera_node
[16.846s] [ 45%] Built target realsense2_camera_node
[19.715s] [ 50%] Building CXX object CMakeFiles/realsense2_camera.dir/src/tfs.cpp.o
[19.715s] [ 59%] Building CXX object CMakeFiles/realsense2_camera.dir/src/ros_param_backend.cpp.o
[19.716s] [ 59%] Building CXX object CMakeFiles/realsense2_camera.dir/src/image_publisher.cpp.o
[19.716s] [ 68%] Building CXX object CMakeFiles/realsense2_camera.dir/src/named_filter.cpp.o
[19.717s] [ 68%] Building CXX object CMakeFiles/realsense2_camera.dir/src/profile_manager.cpp.o
[19.717s] [ 77%] Building CXX object CMakeFiles/realsense2_camera.dir/src/sensor_params.cpp.o
[19.717s] [ 77%] Building CXX object CMakeFiles/realsense2_camera.dir/src/dynamic_params.cpp.o
[19.719s] [ 81%] Building CXX object CMakeFiles/realsense2_camera.dir/src/ros_utils.cpp.o
[23.412s] [ 86%] Linking CXX static library libgtest.a
[23.477s] [ 86%] Built target gtest
[23.516s] [ 90%] Building CXX object CMakeFiles/gtest_template.dir/test/gtest_template.cpp.o
[24.764s] [ 95%] Linking CXX executable gtest_template
[24.936s] [ 95%] Built target gtest_template
[29.244s] [100%] Linking CXX shared library librealsense2_camera.so
[29.469s] [100%] Built target realsense2_camera
[29.478s] Invoked command in '/home/hello-robot/ament_ws/build/realsense2_camera' returned '0': AMENT_PREFIX_PATH=/home/hello-robot/ament_ws/install/realsense2_camera_msgs:${AMENT_PREFIX_PATH} CMAKE_PREFIX_PATH=/home/hello-robot/ament_ws/install/realsense2_camera_msgs:/opt/ros/humble LD_LIBRARY_PATH=/home/hello-robot/ament_ws/install/realsense2_camera_msgs/lib:${LD_LIBRARY_PATH} PYTHONPATH=/home/hello-robot/ament_ws/install/realsense2_camera_msgs/local/lib/python3.10/dist-packages:${PYTHONPATH} /usr/bin/cmake --build /home/hello-robot/ament_ws/build/realsense2_camera -- -j16 -l16
[29.509s] Invoking command in '/home/hello-robot/ament_ws/build/realsense2_camera': AMENT_PREFIX_PATH=/home/hello-robot/ament_ws/install/realsense2_camera_msgs:${AMENT_PREFIX_PATH} CMAKE_PREFIX_PATH=/home/hello-robot/ament_ws/install/realsense2_camera_msgs:/opt/ros/humble LD_LIBRARY_PATH=/home/hello-robot/ament_ws/install/realsense2_camera_msgs/lib:${LD_LIBRARY_PATH} PYTHONPATH=/home/hello-robot/ament_ws/install/realsense2_camera_msgs/local/lib/python3.10/dist-packages:${PYTHONPATH} /usr/bin/cmake --install /home/hello-robot/ament_ws/build/realsense2_camera
[29.513s] -- Install configuration: "Release"
[29.513s] -- Installing: /home/hello-robot/ament_ws/install/realsense2_camera/lib/realsense2_camera/realsense2_camera_node
[29.513s] -- Set runtime path of "/home/hello-robot/ament_ws/install/realsense2_camera/lib/realsense2_camera/realsense2_camera_node" to ""
[29.513s] -- Installing: /home/hello-robot/ament_ws/install/realsense2_camera/lib/librealsense2_camera.so
[29.515s] -- Set runtime path of "/home/hello-robot/ament_ws/install/realsense2_camera/lib/librealsense2_camera.so" to ""
[29.515s] -- Installing: /home/hello-robot/ament_ws/install/realsense2_camera/include
[29.516s] -- Installing: /home/hello-robot/ament_ws/install/realsense2_camera/include/sensor_params.h
[29.516s] -- Installing: /home/hello-robot/ament_ws/install/realsense2_camera/include/constants.h
[29.516s] -- Installing: /home/hello-robot/ament_ws/install/realsense2_camera/include/profile_manager.h
[29.516s] -- Installing: /home/hello-robot/ament_ws/install/realsense2_camera/include/base_realsense_node.h
[29.516s] -- Installing: /home/hello-robot/ament_ws/install/realsense2_camera/include/ros_utils.h
[29.516s] -- Installing: /home/hello-robot/ament_ws/install/realsense2_camera/include/dynamic_params.h
[29.516s] -- Installing: /home/hello-robot/ament_ws/install/realsense2_camera/include/named_filter.h
[29.516s] -- Installing: /home/hello-robot/ament_ws/install/realsense2_camera/include/realsense_node_factory.h
[29.517s] -- Installing: /home/hello-robot/ament_ws/install/realsense2_camera/include/ros_param_backend.h
[29.517s] -- Installing: /home/hello-robot/ament_ws/install/realsense2_camera/include/image_publisher.h
[29.517s] -- Installing: /home/hello-robot/ament_ws/install/realsense2_camera/include/gl_window.h
[29.517s] -- Installing: /home/hello-robot/ament_ws/install/realsense2_camera/include/ros_sensor.h
[29.517s] -- Installing: /home/hello-robot/ament_ws/install/realsense2_camera/share/realsense2_camera/launch
[29.517s] -- Installing: /home/hello-robot/ament_ws/install/realsense2_camera/share/realsense2_camera/launch/rs_multi_camera_launch.py
[29.517s] -- Installing: /home/hello-robot/ament_ws/install/realsense2_camera/share/realsense2_camera/launch/default.rviz
[29.517s] -- Installing: /home/hello-robot/ament_ws/install/realsense2_camera/share/realsense2_camera/launch/rs_launch.py
[29.517s] -- Installing: /home/hello-robot/ament_ws/install/realsense2_camera/share/realsense2_camera/launch/rs_intra_process_demo_launch.py
[29.518s] -- Installing: /home/hello-robot/ament_ws/install/realsense2_camera/share/realsense2_camera/examples
[29.518s] -- Installing: /home/hello-robot/ament_ws/install/realsense2_camera/share/realsense2_camera/examples/align_depth
[29.518s] -- Installing: /home/hello-robot/ament_ws/install/realsense2_camera/share/realsense2_camera/examples/align_depth/README.md
[29.518s] -- Installing: /home/hello-robot/ament_ws/install/realsense2_camera/share/realsense2_camera/examples/align_depth/rs_align_depth_launch.py
[29.518s] -- Installing: /home/hello-robot/ament_ws/install/realsense2_camera/share/realsense2_camera/examples/launch_from_rosbag
[29.518s] -- Installing: /home/hello-robot/ament_ws/install/realsense2_camera/share/realsense2_camera/examples/launch_from_rosbag/README.md
[29.518s] -- Installing: /home/hello-robot/ament_ws/install/realsense2_camera/share/realsense2_camera/examples/launch_from_rosbag/rs_launch_from_rosbag.py
[29.518s] -- Installing: /home/hello-robot/ament_ws/install/realsense2_camera/share/realsense2_camera/examples/pointcloud
[29.519s] -- Installing: /home/hello-robot/ament_ws/install/realsense2_camera/share/realsense2_camera/examples/pointcloud/README.md
[29.519s] -- Installing: /home/hello-robot/ament_ws/install/realsense2_camera/share/realsense2_camera/examples/pointcloud/rs_d455_pointcloud_launch.py
[29.519s] -- Installing: /home/hello-robot/ament_ws/install/realsense2_camera/share/realsense2_camera/examples/pointcloud/rs_d405_pointcloud_launch.py
[29.519s] -- Installing: /home/hello-robot/ament_ws/install/realsense2_camera/share/realsense2_camera/examples/pointcloud/rviz
[29.519s] -- Installing: /home/hello-robot/ament_ws/install/realsense2_camera/share/realsense2_camera/examples/pointcloud/rviz/pointcloud.rviz
[29.519s] -- Installing: /home/hello-robot/ament_ws/install/realsense2_camera/share/realsense2_camera/examples/pointcloud/rviz/urdf_pointcloud.rviz
[29.519s] -- Installing: /home/hello-robot/ament_ws/install/realsense2_camera/share/realsense2_camera/examples/pointcloud/rs_pointcloud_launch.py
[29.519s] -- Installing: /home/hello-robot/ament_ws/install/realsense2_camera/share/realsense2_camera/examples/launch_params_from_file
[29.519s] -- Installing: /home/hello-robot/ament_ws/install/realsense2_camera/share/realsense2_camera/examples/launch_params_from_file/README.md
[29.520s] -- Installing: /home/hello-robot/ament_ws/install/realsense2_camera/share/realsense2_camera/examples/launch_params_from_file/rs_launch_get_params_from_yaml.py
[29.520s] -- Installing: /home/hello-robot/ament_ws/install/realsense2_camera/share/realsense2_camera/examples/launch_params_from_file/config
[29.520s] -- Installing: /home/hello-robot/ament_ws/install/realsense2_camera/share/realsense2_camera/examples/launch_params_from_file/config/config.yaml
[29.520s] -- Installing: /home/hello-robot/ament_ws/install/realsense2_camera/share/realsense2_camera/examples/dual_camera
[29.521s] -- Installing: /home/hello-robot/ament_ws/install/realsense2_camera/share/realsense2_camera/examples/dual_camera/README.md
[29.521s] -- Installing: /home/hello-robot/ament_ws/install/realsense2_camera/share/realsense2_camera/examples/dual_camera/rviz
[29.521s] -- Installing: /home/hello-robot/ament_ws/install/realsense2_camera/share/realsense2_camera/examples/dual_camera/rviz/dual_camera_pointcloud.rviz
[29.521s] -- Installing: /home/hello-robot/ament_ws/install/realsense2_camera/share/realsense2_camera/examples/dual_camera/rs_dual_camera_launch.py
[29.521s] -- Installing: /home/hello-robot/ament_ws/install/realsense2_camera/share/realsense2_camera/environment/library_path.sh
[29.521s] -- Installing: /home/hello-robot/ament_ws/install/realsense2_camera/share/realsense2_camera/environment/library_path.dsv
[29.522s] -- Installing: /home/hello-robot/ament_ws/install/realsense2_camera/share/ament_index/resource_index/package_run_dependencies/realsense2_camera
[29.522s] -- Installing: /home/hello-robot/ament_ws/install/realsense2_camera/share/ament_index/resource_index/parent_prefix_path/realsense2_camera
[29.522s] -- Installing: /home/hello-robot/ament_ws/install/realsense2_camera/share/realsense2_camera/environment/ament_prefix_path.sh
[29.522s] -- Installing: /home/hello-robot/ament_ws/install/realsense2_camera/share/realsense2_camera/environment/ament_prefix_path.dsv
[29.522s] -- Installing: /home/hello-robot/ament_ws/install/realsense2_camera/share/realsense2_camera/environment/path.sh
[29.523s] -- Installing: /home/hello-robot/ament_ws/install/realsense2_camera/share/realsense2_camera/environment/path.dsv
[29.523s] -- Installing: /home/hello-robot/ament_ws/install/realsense2_camera/share/realsense2_camera/local_setup.bash
[29.523s] -- Installing: /home/hello-robot/ament_ws/install/realsense2_camera/share/realsense2_camera/local_setup.sh
[29.523s] -- Installing: /home/hello-robot/ament_ws/install/realsense2_camera/share/realsense2_camera/local_setup.zsh
[29.523s] -- Installing: /home/hello-robot/ament_ws/install/realsense2_camera/share/realsense2_camera/local_setup.dsv
[29.523s] -- Installing: /home/hello-robot/ament_ws/install/realsense2_camera/share/realsense2_camera/package.dsv
[29.524s] -- Installing: /home/hello-robot/ament_ws/install/realsense2_camera/share/ament_index/resource_index/packages/realsense2_camera
[29.524s] -- Installing: /home/hello-robot/ament_ws/install/realsense2_camera/share/ament_index/resource_index/rclcpp_components/realsense2_camera
[29.524s] -- Installing: /home/hello-robot/ament_ws/install/realsense2_camera/share/realsense2_camera/cmake/ament_cmake_export_include_directories-extras.cmake
[29.524s] -- Installing: /home/hello-robot/ament_ws/install/realsense2_camera/share/realsense2_camera/cmake/ament_cmake_export_libraries-extras.cmake
[29.524s] -- Installing: /home/hello-robot/ament_ws/install/realsense2_camera/share/realsense2_camera/cmake/ament_cmake_export_dependencies-extras.cmake
[29.524s] -- Installing: /home/hello-robot/ament_ws/install/realsense2_camera/share/realsense2_camera/cmake/realsense2_cameraConfig.cmake
[29.525s] -- Installing: /home/hello-robot/ament_ws/install/realsense2_camera/share/realsense2_camera/cmake/realsense2_cameraConfig-version.cmake
[29.525s] -- Installing: /home/hello-robot/ament_ws/install/realsense2_camera/share/realsense2_camera/package.xml
[29.525s] Invoked command in '/home/hello-robot/ament_ws/build/realsense2_camera' returned '0': AMENT_PREFIX_PATH=/home/hello-robot/ament_ws/install/realsense2_camera_msgs:${AMENT_PREFIX_PATH} CMAKE_PREFIX_PATH=/home/hello-robot/ament_ws/install/realsense2_camera_msgs:/opt/ros/humble LD_LIBRARY_PATH=/home/hello-robot/ament_ws/install/realsense2_camera_msgs/lib:${LD_LIBRARY_PATH} PYTHONPATH=/home/hello-robot/ament_ws/install/realsense2_camera_msgs/local/lib/python3.10/dist-packages:${PYTHONPATH} /usr/bin/cmake --install /home/hello-robot/ament_ws/build/realsense2_camera
