[0.895s] Invoking command in '/home/hello-robot/ament_ws/build/rosapi_msgs': CMAKE_PREFIX_PATH=${CMAKE_PREFIX_PATH}:/home/hello-robot/ament_ws/install/tf2_web_republisher_py:/home/hello-robot/ament_ws/install/stretch_ros_tutorials:/home/hello-robot/ament_ws/install/stretch_funmap:/home/hello-robot/ament_ws/install/stretch_calibration:/home/hello-robot/ament_ws/install/stretch_demos:/home/hello-robot/ament_ws/install/stretch_deep_perception:/home/hello-robot/ament_ws/install/stretch_core:/home/hello-robot/ament_ws/install/respeaker_ros2:/home/hello-robot/ament_ws/install/hello_helpers:/opt/ros/humble /usr/bin/cmake --build /home/hello-robot/ament_ws/build/rosapi_msgs -- -j16 -l16
[3.836s] [  0%] Built target rosapi_msgs__cpp
[3.837s] [ 13%] Built target rosapi_msgs__rosidl_generator_c
[3.837s] [ 13%] Built target ament_cmake_python_copy_rosapi_msgs
[3.837s] [ 25%] Built target rosapi_msgs__rosidl_typesupport_cpp
[3.837s] [ 37%] Built target rosapi_msgs__rosidl_typesupport_fastrtps_cpp
[3.838s] [ 50%] Built target rosapi_msgs__rosidl_typesupport_introspection_cpp
[3.838s] [ 62%] Built target rosapi_msgs__rosidl_typesupport_introspection_c
[3.838s] [ 74%] Built target rosapi_msgs__rosidl_typesupport_c
[3.838s] [ 86%] Built target rosapi_msgs__rosidl_typesupport_fastrtps_c
[3.838s] [ 86%] Built target rosapi_msgs
[3.838s] [ 86%] Built target rosapi_msgs__py
[3.838s] [ 97%] Built target rosapi_msgs__rosidl_generator_py
[3.838s] [ 98%] Built target rosapi_msgs__rosidl_typesupport_c__pyext
[3.838s] [ 99%] Built target rosapi_msgs__rosidl_typesupport_introspection_c__pyext
[3.838s] [100%] Built target rosapi_msgs__rosidl_typesupport_fastrtps_c__pyext
[3.838s] running egg_info
[3.838s] writing rosapi_msgs.egg-info/PKG-INFO
[3.838s] writing dependency_links to rosapi_msgs.egg-info/dependency_links.txt
[3.838s] writing top-level names to rosapi_msgs.egg-info/top_level.txt
[3.839s] reading manifest file 'rosapi_msgs.egg-info/SOURCES.txt'
[3.839s] writing manifest file 'rosapi_msgs.egg-info/SOURCES.txt'
[3.839s] [100%] Built target ament_cmake_python_build_rosapi_msgs_egg
[3.851s] Invoked command in '/home/hello-robot/ament_ws/build/rosapi_msgs' returned '0': CMAKE_PREFIX_PATH=${CMAKE_PREFIX_PATH}:/home/hello-robot/ament_ws/install/tf2_web_republisher_py:/home/hello-robot/ament_ws/install/stretch_ros_tutorials:/home/hello-robot/ament_ws/install/stretch_funmap:/home/hello-robot/ament_ws/install/stretch_calibration:/home/hello-robot/ament_ws/install/stretch_demos:/home/hello-robot/ament_ws/install/stretch_deep_perception:/home/hello-robot/ament_ws/install/stretch_core:/home/hello-robot/ament_ws/install/respeaker_ros2:/home/hello-robot/ament_ws/install/hello_helpers:/opt/ros/humble /usr/bin/cmake --build /home/hello-robot/ament_ws/build/rosapi_msgs -- -j16 -l16
[5.325s] Invoking command in '/home/hello-robot/ament_ws/build/rosapi_msgs': CMAKE_PREFIX_PATH=${CMAKE_PREFIX_PATH}:/home/hello-robot/ament_ws/install/tf2_web_republisher_py:/home/hello-robot/ament_ws/install/stretch_ros_tutorials:/home/hello-robot/ament_ws/install/stretch_funmap:/home/hello-robot/ament_ws/install/stretch_calibration:/home/hello-robot/ament_ws/install/stretch_demos:/home/hello-robot/ament_ws/install/stretch_deep_perception:/home/hello-robot/ament_ws/install/stretch_core:/home/hello-robot/ament_ws/install/respeaker_ros2:/home/hello-robot/ament_ws/install/hello_helpers:/opt/ros/humble /usr/bin/cmake --install /home/hello-robot/ament_ws/build/rosapi_msgs
[5.455s] -- Install configuration: "Release"
[5.455s] -- Up-to-date: /home/hello-robot/ament_ws/install/rosapi_msgs/share/ament_index/resource_index/rosidl_interfaces/rosapi_msgs
[5.455s] -- Up-to-date: /home/hello-robot/ament_ws/install/rosapi_msgs/include/rosapi_msgs/rosapi_msgs
[5.455s] -- Up-to-date: /home/hello-robot/ament_ws/install/rosapi_msgs/include/rosapi_msgs/rosapi_msgs/srv
[5.455s] -- Up-to-date: /home/hello-robot/ament_ws/install/rosapi_msgs/include/rosapi_msgs/rosapi_msgs/srv/services.h
[5.455s] -- Up-to-date: /home/hello-robot/ament_ws/install/rosapi_msgs/include/rosapi_msgs/rosapi_msgs/srv/topics_and_raw_types.h
[5.456s] -- Up-to-date: /home/hello-robot/ament_ws/install/rosapi_msgs/include/rosapi_msgs/rosapi_msgs/srv/service_type.h
[5.456s] -- Up-to-date: /home/hello-robot/ament_ws/install/rosapi_msgs/include/rosapi_msgs/rosapi_msgs/srv/get_ros_version.h
[5.456s] -- Up-to-date: /home/hello-robot/ament_ws/install/rosapi_msgs/include/rosapi_msgs/rosapi_msgs/srv/set_param.h
[5.456s] -- Up-to-date: /home/hello-robot/ament_ws/install/rosapi_msgs/include/rosapi_msgs/rosapi_msgs/srv/services_for_type.h
[5.456s] -- Up-to-date: /home/hello-robot/ament_ws/install/rosapi_msgs/include/rosapi_msgs/rosapi_msgs/srv/service_node.h
[5.456s] -- Up-to-date: /home/hello-robot/ament_ws/install/rosapi_msgs/include/rosapi_msgs/rosapi_msgs/srv/has_param.h
[5.456s] -- Up-to-date: /home/hello-robot/ament_ws/install/rosapi_msgs/include/rosapi_msgs/rosapi_msgs/srv/topic_type.h
[5.456s] -- Up-to-date: /home/hello-robot/ament_ws/install/rosapi_msgs/include/rosapi_msgs/rosapi_msgs/srv/service_response_details.h
[5.456s] -- Up-to-date: /home/hello-robot/ament_ws/install/rosapi_msgs/include/rosapi_msgs/rosapi_msgs/srv/detail
[5.456s] -- Up-to-date: /home/hello-robot/ament_ws/install/rosapi_msgs/include/rosapi_msgs/rosapi_msgs/srv/detail/service_type__functions.h
[5.456s] -- Up-to-date: /home/hello-robot/ament_ws/install/rosapi_msgs/include/rosapi_msgs/rosapi_msgs/srv/detail/get_param__functions.h
[5.456s] -- Up-to-date: /home/hello-robot/ament_ws/install/rosapi_msgs/include/rosapi_msgs/rosapi_msgs/srv/detail/subscribers__functions.h
[5.456s] -- Up-to-date: /home/hello-robot/ament_ws/install/rosapi_msgs/include/rosapi_msgs/rosapi_msgs/srv/detail/topics_and_raw_types__type_support.h
[5.456s] -- Up-to-date: /home/hello-robot/ament_ws/install/rosapi_msgs/include/rosapi_msgs/rosapi_msgs/srv/detail/topics__functions.c
[5.456s] -- Up-to-date: /home/hello-robot/ament_ws/install/rosapi_msgs/include/rosapi_msgs/rosapi_msgs/srv/detail/subscribers__struct.h
[5.457s] -- Up-to-date: /home/hello-robot/ament_ws/install/rosapi_msgs/include/rosapi_msgs/rosapi_msgs/srv/detail/service_response_details__type_support.h
[5.457s] -- Up-to-date: /home/hello-robot/ament_ws/install/rosapi_msgs/include/rosapi_msgs/rosapi_msgs/srv/detail/topics_for_type__type_support.h
[5.457s] -- Up-to-date: /home/hello-robot/ament_ws/install/rosapi_msgs/include/rosapi_msgs/rosapi_msgs/srv/detail/get_action_servers__functions.c
[5.457s] -- Up-to-date: /home/hello-robot/ament_ws/install/rosapi_msgs/include/rosapi_msgs/rosapi_msgs/srv/detail/service_node__functions.c
[5.457s] -- Up-to-date: /home/hello-robot/ament_ws/install/rosapi_msgs/include/rosapi_msgs/rosapi_msgs/srv/detail/get_ros_version__functions.c
[5.457s] -- Up-to-date: /home/hello-robot/ament_ws/install/rosapi_msgs/include/rosapi_msgs/rosapi_msgs/srv/detail/publishers__functions.c
[5.457s] -- Up-to-date: /home/hello-robot/ament_ws/install/rosapi_msgs/include/rosapi_msgs/rosapi_msgs/srv/detail/delete_param__functions.c
[5.457s] -- Up-to-date: /home/hello-robot/ament_ws/install/rosapi_msgs/include/rosapi_msgs/rosapi_msgs/srv/detail/subscribers__type_support.h
[5.457s] -- Up-to-date: /home/hello-robot/ament_ws/install/rosapi_msgs/include/rosapi_msgs/rosapi_msgs/srv/detail/subscribers__functions.c
[5.457s] -- Up-to-date: /home/hello-robot/ament_ws/install/rosapi_msgs/include/rosapi_msgs/rosapi_msgs/srv/detail/service_response_details__struct.h
[5.457s] -- Up-to-date: /home/hello-robot/ament_ws/install/rosapi_msgs/include/rosapi_msgs/rosapi_msgs/srv/detail/topics_and_raw_types__struct.h
[5.457s] -- Up-to-date: /home/hello-robot/ament_ws/install/rosapi_msgs/include/rosapi_msgs/rosapi_msgs/srv/detail/services__functions.h
[5.458s] -- Up-to-date: /home/hello-robot/ament_ws/install/rosapi_msgs/include/rosapi_msgs/rosapi_msgs/srv/detail/services__functions.c
[5.458s] -- Up-to-date: /home/hello-robot/ament_ws/install/rosapi_msgs/include/rosapi_msgs/rosapi_msgs/srv/detail/services_for_type__functions.c
[5.458s] -- Up-to-date: /home/hello-robot/ament_ws/install/rosapi_msgs/include/rosapi_msgs/rosapi_msgs/srv/detail/get_action_servers__functions.h
[5.458s] -- Up-to-date: /home/hello-robot/ament_ws/install/rosapi_msgs/include/rosapi_msgs/rosapi_msgs/srv/detail/service_node__functions.h
[5.458s] -- Up-to-date: /home/hello-robot/ament_ws/install/rosapi_msgs/include/rosapi_msgs/rosapi_msgs/srv/detail/publishers__type_support.h
[5.458s] -- Up-to-date: /home/hello-robot/ament_ws/install/rosapi_msgs/include/rosapi_msgs/rosapi_msgs/srv/detail/topics_and_raw_types__functions.h
[5.458s] -- Up-to-date: /home/hello-robot/ament_ws/install/rosapi_msgs/include/rosapi_msgs/rosapi_msgs/srv/detail/get_time__functions.c
[5.458s] -- Up-to-date: /home/hello-robot/ament_ws/install/rosapi_msgs/include/rosapi_msgs/rosapi_msgs/srv/detail/get_time__type_support.h
[5.458s] -- Up-to-date: /home/hello-robot/ament_ws/install/rosapi_msgs/include/rosapi_msgs/rosapi_msgs/srv/detail/topic_type__functions.c
[5.458s] -- Up-to-date: /home/hello-robot/ament_ws/install/rosapi_msgs/include/rosapi_msgs/rosapi_msgs/srv/detail/topics_and_raw_types__functions.c
[5.458s] -- Up-to-date: /home/hello-robot/ament_ws/install/rosapi_msgs/include/rosapi_msgs/rosapi_msgs/srv/detail/get_param__functions.c
[5.458s] -- Up-to-date: /home/hello-robot/ament_ws/install/rosapi_msgs/include/rosapi_msgs/rosapi_msgs/srv/detail/node_details__struct.h
[5.458s] -- Up-to-date: /home/hello-robot/ament_ws/install/rosapi_msgs/include/rosapi_msgs/rosapi_msgs/srv/detail/get_ros_version__functions.h
[5.458s] -- Up-to-date: /home/hello-robot/ament_ws/install/rosapi_msgs/include/rosapi_msgs/rosapi_msgs/srv/detail/nodes__functions.c
[5.458s] -- Up-to-date: /home/hello-robot/ament_ws/install/rosapi_msgs/include/rosapi_msgs/rosapi_msgs/srv/detail/delete_param__type_support.h
[5.459s] -- Up-to-date: /home/hello-robot/ament_ws/install/rosapi_msgs/include/rosapi_msgs/rosapi_msgs/srv/detail/topics_for_type__functions.c
[5.459s] -- Up-to-date: /home/hello-robot/ament_ws/install/rosapi_msgs/include/rosapi_msgs/rosapi_msgs/srv/detail/services_for_type__functions.h
[5.459s] -- Up-to-date: /home/hello-robot/ament_ws/install/rosapi_msgs/include/rosapi_msgs/rosapi_msgs/srv/detail/services_for_type__type_support.h
[5.459s] -- Up-to-date: /home/hello-robot/ament_ws/install/rosapi_msgs/include/rosapi_msgs/rosapi_msgs/srv/detail/services_for_type__struct.h
[5.459s] -- Up-to-date: /home/hello-robot/ament_ws/install/rosapi_msgs/include/rosapi_msgs/rosapi_msgs/srv/detail/set_param__functions.c
[5.459s] -- Up-to-date: /home/hello-robot/ament_ws/install/rosapi_msgs/include/rosapi_msgs/rosapi_msgs/srv/detail/delete_param__functions.h
[5.459s] -- Up-to-date: /home/hello-robot/ament_ws/install/rosapi_msgs/include/rosapi_msgs/rosapi_msgs/srv/detail/topics__struct.h
[5.459s] -- Up-to-date: /home/hello-robot/ament_ws/install/rosapi_msgs/include/rosapi_msgs/rosapi_msgs/srv/detail/message_details__struct.h
[5.459s] -- Up-to-date: /home/hello-robot/ament_ws/install/rosapi_msgs/include/rosapi_msgs/rosapi_msgs/srv/detail/get_ros_version__struct.h
[5.459s] -- Up-to-date: /home/hello-robot/ament_ws/install/rosapi_msgs/include/rosapi_msgs/rosapi_msgs/srv/detail/get_action_servers__type_support.h
[5.459s] -- Up-to-date: /home/hello-robot/ament_ws/install/rosapi_msgs/include/rosapi_msgs/rosapi_msgs/srv/detail/topics_for_type__functions.h
[5.459s] -- Up-to-date: /home/hello-robot/ament_ws/install/rosapi_msgs/include/rosapi_msgs/rosapi_msgs/srv/detail/message_details__type_support.h
[5.459s] -- Up-to-date: /home/hello-robot/ament_ws/install/rosapi_msgs/include/rosapi_msgs/rosapi_msgs/srv/detail/node_details__functions.c
[5.459s] -- Up-to-date: /home/hello-robot/ament_ws/install/rosapi_msgs/include/rosapi_msgs/rosapi_msgs/srv/detail/service_type__type_support.h
[5.460s] -- Up-to-date: /home/hello-robot/ament_ws/install/rosapi_msgs/include/rosapi_msgs/rosapi_msgs/srv/detail/service_request_details__functions.c
[5.460s] -- Up-to-date: /home/hello-robot/ament_ws/install/rosapi_msgs/include/rosapi_msgs/rosapi_msgs/srv/detail/has_param__struct.h
[5.460s] -- Up-to-date: /home/hello-robot/ament_ws/install/rosapi_msgs/include/rosapi_msgs/rosapi_msgs/srv/detail/topics_for_type__struct.h
[5.460s] -- Up-to-date: /home/hello-robot/ament_ws/install/rosapi_msgs/include/rosapi_msgs/rosapi_msgs/srv/detail/topics__functions.h
[5.460s] -- Up-to-date: /home/hello-robot/ament_ws/install/rosapi_msgs/include/rosapi_msgs/rosapi_msgs/srv/detail/service_request_details__type_support.h
[5.460s] -- Up-to-date: /home/hello-robot/ament_ws/install/rosapi_msgs/include/rosapi_msgs/rosapi_msgs/srv/detail/get_param__struct.h
[5.460s] -- Up-to-date: /home/hello-robot/ament_ws/install/rosapi_msgs/include/rosapi_msgs/rosapi_msgs/srv/detail/service_providers__struct.h
[5.460s] -- Up-to-date: /home/hello-robot/ament_ws/install/rosapi_msgs/include/rosapi_msgs/rosapi_msgs/srv/detail/delete_param__struct.h
[5.460s] -- Up-to-date: /home/hello-robot/ament_ws/install/rosapi_msgs/include/rosapi_msgs/rosapi_msgs/srv/detail/set_param__type_support.h
[5.460s] -- Up-to-date: /home/hello-robot/ament_ws/install/rosapi_msgs/include/rosapi_msgs/rosapi_msgs/srv/detail/topic_type__type_support.h
[5.460s] -- Up-to-date: /home/hello-robot/ament_ws/install/rosapi_msgs/include/rosapi_msgs/rosapi_msgs/srv/detail/nodes__functions.h
[5.460s] -- Up-to-date: /home/hello-robot/ament_ws/install/rosapi_msgs/include/rosapi_msgs/rosapi_msgs/srv/detail/get_param_names__type_support.h
[5.461s] -- Up-to-date: /home/hello-robot/ament_ws/install/rosapi_msgs/include/rosapi_msgs/rosapi_msgs/srv/detail/has_param__functions.h
[5.461s] -- Up-to-date: /home/hello-robot/ament_ws/install/rosapi_msgs/include/rosapi_msgs/rosapi_msgs/srv/detail/services__struct.h
[5.461s] -- Up-to-date: /home/hello-robot/ament_ws/install/rosapi_msgs/include/rosapi_msgs/rosapi_msgs/srv/detail/get_time__struct.h
[5.461s] -- Up-to-date: /home/hello-robot/ament_ws/install/rosapi_msgs/include/rosapi_msgs/rosapi_msgs/srv/detail/has_param__functions.c
[5.461s] -- Up-to-date: /home/hello-robot/ament_ws/install/rosapi_msgs/include/rosapi_msgs/rosapi_msgs/srv/detail/get_param_names__functions.c
[5.461s] -- Up-to-date: /home/hello-robot/ament_ws/install/rosapi_msgs/include/rosapi_msgs/rosapi_msgs/srv/detail/get_time__functions.h
[5.461s] -- Up-to-date: /home/hello-robot/ament_ws/install/rosapi_msgs/include/rosapi_msgs/rosapi_msgs/srv/detail/service_providers__type_support.h
[5.461s] -- Up-to-date: /home/hello-robot/ament_ws/install/rosapi_msgs/include/rosapi_msgs/rosapi_msgs/srv/detail/service_node__type_support.h
[5.461s] -- Up-to-date: /home/hello-robot/ament_ws/install/rosapi_msgs/include/rosapi_msgs/rosapi_msgs/srv/detail/service_type__struct.h
[5.461s] -- Up-to-date: /home/hello-robot/ament_ws/install/rosapi_msgs/include/rosapi_msgs/rosapi_msgs/srv/detail/service_request_details__struct.h
[5.461s] -- Up-to-date: /home/hello-robot/ament_ws/install/rosapi_msgs/include/rosapi_msgs/rosapi_msgs/srv/detail/service_node__struct.h
[5.461s] -- Up-to-date: /home/hello-robot/ament_ws/install/rosapi_msgs/include/rosapi_msgs/rosapi_msgs/srv/detail/topic_type__struct.h
[5.461s] -- Up-to-date: /home/hello-robot/ament_ws/install/rosapi_msgs/include/rosapi_msgs/rosapi_msgs/srv/detail/get_param__type_support.h
[5.462s] -- Up-to-date: /home/hello-robot/ament_ws/install/rosapi_msgs/include/rosapi_msgs/rosapi_msgs/srv/detail/message_details__functions.c
[5.462s] -- Up-to-date: /home/hello-robot/ament_ws/install/rosapi_msgs/include/rosapi_msgs/rosapi_msgs/srv/detail/service_providers__functions.c
[5.462s] -- Up-to-date: /home/hello-robot/ament_ws/install/rosapi_msgs/include/rosapi_msgs/rosapi_msgs/srv/detail/set_param__functions.h
[5.462s] -- Up-to-date: /home/hello-robot/ament_ws/install/rosapi_msgs/include/rosapi_msgs/rosapi_msgs/srv/detail/service_response_details__functions.h
[5.462s] -- Up-to-date: /home/hello-robot/ament_ws/install/rosapi_msgs/include/rosapi_msgs/rosapi_msgs/srv/detail/node_details__functions.h
[5.462s] -- Up-to-date: /home/hello-robot/ament_ws/install/rosapi_msgs/include/rosapi_msgs/rosapi_msgs/srv/detail/get_ros_version__type_support.h
[5.462s] -- Up-to-date: /home/hello-robot/ament_ws/install/rosapi_msgs/include/rosapi_msgs/rosapi_msgs/srv/detail/get_param_names__functions.h
[5.462s] -- Up-to-date: /home/hello-robot/ament_ws/install/rosapi_msgs/include/rosapi_msgs/rosapi_msgs/srv/detail/get_param_names__struct.h
[5.462s] -- Up-to-date: /home/hello-robot/ament_ws/install/rosapi_msgs/include/rosapi_msgs/rosapi_msgs/srv/detail/service_providers__functions.h
[5.462s] -- Up-to-date: /home/hello-robot/ament_ws/install/rosapi_msgs/include/rosapi_msgs/rosapi_msgs/srv/detail/service_type__functions.c
[5.462s] -- Up-to-date: /home/hello-robot/ament_ws/install/rosapi_msgs/include/rosapi_msgs/rosapi_msgs/srv/detail/get_action_servers__struct.h
[5.462s] -- Up-to-date: /home/hello-robot/ament_ws/install/rosapi_msgs/include/rosapi_msgs/rosapi_msgs/srv/detail/nodes__type_support.h
[5.462s] -- Up-to-date: /home/hello-robot/ament_ws/install/rosapi_msgs/include/rosapi_msgs/rosapi_msgs/srv/detail/service_request_details__functions.h
[5.462s] -- Up-to-date: /home/hello-robot/ament_ws/install/rosapi_msgs/include/rosapi_msgs/rosapi_msgs/srv/detail/service_response_details__functions.c
[5.463s] -- Up-to-date: /home/hello-robot/ament_ws/install/rosapi_msgs/include/rosapi_msgs/rosapi_msgs/srv/detail/services__type_support.h
[5.463s] -- Up-to-date: /home/hello-robot/ament_ws/install/rosapi_msgs/include/rosapi_msgs/rosapi_msgs/srv/detail/topics__type_support.h
[5.463s] -- Up-to-date: /home/hello-robot/ament_ws/install/rosapi_msgs/include/rosapi_msgs/rosapi_msgs/srv/detail/message_details__functions.h
[5.463s] -- Up-to-date: /home/hello-robot/ament_ws/install/rosapi_msgs/include/rosapi_msgs/rosapi_msgs/srv/detail/topic_type__functions.h
[5.463s] -- Up-to-date: /home/hello-robot/ament_ws/install/rosapi_msgs/include/rosapi_msgs/rosapi_msgs/srv/detail/publishers__struct.h
[5.463s] -- Up-to-date: /home/hello-robot/ament_ws/install/rosapi_msgs/include/rosapi_msgs/rosapi_msgs/srv/detail/has_param__type_support.h
[5.463s] -- Up-to-date: /home/hello-robot/ament_ws/install/rosapi_msgs/include/rosapi_msgs/rosapi_msgs/srv/detail/set_param__struct.h
[5.463s] -- Up-to-date: /home/hello-robot/ament_ws/install/rosapi_msgs/include/rosapi_msgs/rosapi_msgs/srv/detail/node_details__type_support.h
[5.463s] -- Up-to-date: /home/hello-robot/ament_ws/install/rosapi_msgs/include/rosapi_msgs/rosapi_msgs/srv/detail/publishers__functions.h
[5.463s] -- Up-to-date: /home/hello-robot/ament_ws/install/rosapi_msgs/include/rosapi_msgs/rosapi_msgs/srv/detail/nodes__struct.h
[5.463s] -- Up-to-date: /home/hello-robot/ament_ws/install/rosapi_msgs/include/rosapi_msgs/rosapi_msgs/srv/topics_for_type.h
[5.463s] -- Up-to-date: /home/hello-robot/ament_ws/install/rosapi_msgs/include/rosapi_msgs/rosapi_msgs/srv/publishers.h
[5.463s] -- Up-to-date: /home/hello-robot/ament_ws/install/rosapi_msgs/include/rosapi_msgs/rosapi_msgs/srv/get_param.h
[5.463s] -- Up-to-date: /home/hello-robot/ament_ws/install/rosapi_msgs/include/rosapi_msgs/rosapi_msgs/srv/message_details.h
[5.464s] -- Up-to-date: /home/hello-robot/ament_ws/install/rosapi_msgs/include/rosapi_msgs/rosapi_msgs/srv/delete_param.h
[5.464s] -- Up-to-date: /home/hello-robot/ament_ws/install/rosapi_msgs/include/rosapi_msgs/rosapi_msgs/srv/service_request_details.h
[5.464s] -- Up-to-date: /home/hello-robot/ament_ws/install/rosapi_msgs/include/rosapi_msgs/rosapi_msgs/srv/get_action_servers.h
[5.464s] -- Up-to-date: /home/hello-robot/ament_ws/install/rosapi_msgs/include/rosapi_msgs/rosapi_msgs/srv/subscribers.h
[5.464s] -- Up-to-date: /home/hello-robot/ament_ws/install/rosapi_msgs/include/rosapi_msgs/rosapi_msgs/srv/get_time.h
[5.464s] -- Up-to-date: /home/hello-robot/ament_ws/install/rosapi_msgs/include/rosapi_msgs/rosapi_msgs/srv/nodes.h
[5.464s] -- Up-to-date: /home/hello-robot/ament_ws/install/rosapi_msgs/include/rosapi_msgs/rosapi_msgs/srv/topics.h
[5.465s] -- Up-to-date: /home/hello-robot/ament_ws/install/rosapi_msgs/include/rosapi_msgs/rosapi_msgs/srv/get_param_names.h
[5.465s] -- Up-to-date: /home/hello-robot/ament_ws/install/rosapi_msgs/include/rosapi_msgs/rosapi_msgs/srv/service_providers.h
[5.465s] -- Up-to-date: /home/hello-robot/ament_ws/install/rosapi_msgs/include/rosapi_msgs/rosapi_msgs/srv/node_details.h
[5.465s] -- Up-to-date: /home/hello-robot/ament_ws/install/rosapi_msgs/include/rosapi_msgs/rosapi_msgs/msg
[5.465s] -- Up-to-date: /home/hello-robot/ament_ws/install/rosapi_msgs/include/rosapi_msgs/rosapi_msgs/msg/rosidl_generator_c__visibility_control.h
[5.465s] -- Up-to-date: /home/hello-robot/ament_ws/install/rosapi_msgs/include/rosapi_msgs/rosapi_msgs/msg/detail
[5.465s] -- Up-to-date: /home/hello-robot/ament_ws/install/rosapi_msgs/include/rosapi_msgs/rosapi_msgs/msg/detail/type_def__functions.c
[5.465s] -- Up-to-date: /home/hello-robot/ament_ws/install/rosapi_msgs/include/rosapi_msgs/rosapi_msgs/msg/detail/type_def__functions.h
[5.465s] -- Up-to-date: /home/hello-robot/ament_ws/install/rosapi_msgs/include/rosapi_msgs/rosapi_msgs/msg/detail/type_def__struct.h
[5.465s] -- Up-to-date: /home/hello-robot/ament_ws/install/rosapi_msgs/include/rosapi_msgs/rosapi_msgs/msg/detail/type_def__type_support.h
[5.465s] -- Up-to-date: /home/hello-robot/ament_ws/install/rosapi_msgs/include/rosapi_msgs/rosapi_msgs/msg/type_def.h
[5.465s] -- Up-to-date: /home/hello-robot/ament_ws/install/rosapi_msgs/share/rosapi_msgs/environment/library_path.sh
[5.466s] -- Up-to-date: /home/hello-robot/ament_ws/install/rosapi_msgs/share/rosapi_msgs/environment/library_path.dsv
[5.466s] -- Up-to-date: /home/hello-robot/ament_ws/install/rosapi_msgs/lib/librosapi_msgs__rosidl_generator_c.so
[5.466s] -- Up-to-date: /home/hello-robot/ament_ws/install/rosapi_msgs/include/rosapi_msgs/rosapi_msgs
[5.466s] -- Up-to-date: /home/hello-robot/ament_ws/install/rosapi_msgs/include/rosapi_msgs/rosapi_msgs/srv
[5.466s] -- Up-to-date: /home/hello-robot/ament_ws/install/rosapi_msgs/include/rosapi_msgs/rosapi_msgs/srv/detail
[5.466s] -- Up-to-date: /home/hello-robot/ament_ws/install/rosapi_msgs/include/rosapi_msgs/rosapi_msgs/srv/detail/topics_and_raw_types__rosidl_typesupport_fastrtps_c.h
[5.466s] -- Up-to-date: /home/hello-robot/ament_ws/install/rosapi_msgs/include/rosapi_msgs/rosapi_msgs/srv/detail/get_time__rosidl_typesupport_fastrtps_c.h
[5.466s] -- Up-to-date: /home/hello-robot/ament_ws/install/rosapi_msgs/include/rosapi_msgs/rosapi_msgs/srv/detail/node_details__rosidl_typesupport_fastrtps_c.h
[5.466s] -- Up-to-date: /home/hello-robot/ament_ws/install/rosapi_msgs/include/rosapi_msgs/rosapi_msgs/srv/detail/delete_param__rosidl_typesupport_fastrtps_c.h
[5.466s] -- Up-to-date: /home/hello-robot/ament_ws/install/rosapi_msgs/include/rosapi_msgs/rosapi_msgs/srv/detail/services__rosidl_typesupport_fastrtps_c.h
[5.466s] -- Up-to-date: /home/hello-robot/ament_ws/install/rosapi_msgs/include/rosapi_msgs/rosapi_msgs/srv/detail/get_param_names__rosidl_typesupport_fastrtps_c.h
[5.466s] -- Up-to-date: /home/hello-robot/ament_ws/install/rosapi_msgs/include/rosapi_msgs/rosapi_msgs/srv/detail/get_action_servers__rosidl_typesupport_fastrtps_c.h
[5.466s] -- Up-to-date: /home/hello-robot/ament_ws/install/rosapi_msgs/include/rosapi_msgs/rosapi_msgs/srv/detail/publishers__rosidl_typesupport_fastrtps_c.h
[5.467s] -- Up-to-date: /home/hello-robot/ament_ws/install/rosapi_msgs/include/rosapi_msgs/rosapi_msgs/srv/detail/topics_for_type__rosidl_typesupport_fastrtps_c.h
[5.467s] -- Up-to-date: /home/hello-robot/ament_ws/install/rosapi_msgs/include/rosapi_msgs/rosapi_msgs/srv/detail/message_details__rosidl_typesupport_fastrtps_c.h
[5.467s] -- Up-to-date: /home/hello-robot/ament_ws/install/rosapi_msgs/include/rosapi_msgs/rosapi_msgs/srv/detail/has_param__rosidl_typesupport_fastrtps_c.h
[5.467s] -- Up-to-date: /home/hello-robot/ament_ws/install/rosapi_msgs/include/rosapi_msgs/rosapi_msgs/srv/detail/service_providers__rosidl_typesupport_fastrtps_c.h
[5.467s] -- Up-to-date: /home/hello-robot/ament_ws/install/rosapi_msgs/include/rosapi_msgs/rosapi_msgs/srv/detail/get_param__rosidl_typesupport_fastrtps_c.h
[5.467s] -- Up-to-date: /home/hello-robot/ament_ws/install/rosapi_msgs/include/rosapi_msgs/rosapi_msgs/srv/detail/services_for_type__rosidl_typesupport_fastrtps_c.h
[5.467s] -- Up-to-date: /home/hello-robot/ament_ws/install/rosapi_msgs/include/rosapi_msgs/rosapi_msgs/srv/detail/topic_type__rosidl_typesupport_fastrtps_c.h
[5.467s] -- Up-to-date: /home/hello-robot/ament_ws/install/rosapi_msgs/include/rosapi_msgs/rosapi_msgs/srv/detail/service_type__rosidl_typesupport_fastrtps_c.h
[5.467s] -- Up-to-date: /home/hello-robot/ament_ws/install/rosapi_msgs/include/rosapi_msgs/rosapi_msgs/srv/detail/service_response_details__rosidl_typesupport_fastrtps_c.h
[5.467s] -- Up-to-date: /home/hello-robot/ament_ws/install/rosapi_msgs/include/rosapi_msgs/rosapi_msgs/srv/detail/service_request_details__rosidl_typesupport_fastrtps_c.h
[5.467s] -- Up-to-date: /home/hello-robot/ament_ws/install/rosapi_msgs/include/rosapi_msgs/rosapi_msgs/srv/detail/nodes__rosidl_typesupport_fastrtps_c.h
[5.467s] -- Up-to-date: /home/hello-robot/ament_ws/install/rosapi_msgs/include/rosapi_msgs/rosapi_msgs/srv/detail/topics__rosidl_typesupport_fastrtps_c.h
[5.468s] -- Up-to-date: /home/hello-robot/ament_ws/install/rosapi_msgs/include/rosapi_msgs/rosapi_msgs/srv/detail/subscribers__rosidl_typesupport_fastrtps_c.h
[5.468s] -- Up-to-date: /home/hello-robot/ament_ws/install/rosapi_msgs/include/rosapi_msgs/rosapi_msgs/srv/detail/set_param__rosidl_typesupport_fastrtps_c.h
[5.468s] -- Up-to-date: /home/hello-robot/ament_ws/install/rosapi_msgs/include/rosapi_msgs/rosapi_msgs/srv/detail/get_ros_version__rosidl_typesupport_fastrtps_c.h
[5.468s] -- Up-to-date: /home/hello-robot/ament_ws/install/rosapi_msgs/include/rosapi_msgs/rosapi_msgs/srv/detail/service_node__rosidl_typesupport_fastrtps_c.h
[5.468s] -- Up-to-date: /home/hello-robot/ament_ws/install/rosapi_msgs/include/rosapi_msgs/rosapi_msgs/msg
[5.468s] -- Up-to-date: /home/hello-robot/ament_ws/install/rosapi_msgs/include/rosapi_msgs/rosapi_msgs/msg/rosidl_typesupport_fastrtps_c__visibility_control.h
[5.468s] -- Up-to-date: /home/hello-robot/ament_ws/install/rosapi_msgs/include/rosapi_msgs/rosapi_msgs/msg/detail
[5.468s] -- Up-to-date: /home/hello-robot/ament_ws/install/rosapi_msgs/include/rosapi_msgs/rosapi_msgs/msg/detail/type_def__rosidl_typesupport_fastrtps_c.h
[5.468s] -- Up-to-date: /home/hello-robot/ament_ws/install/rosapi_msgs/lib/librosapi_msgs__rosidl_typesupport_fastrtps_c.so
[5.468s] -- Up-to-date: /home/hello-robot/ament_ws/install/rosapi_msgs/include/rosapi_msgs/rosapi_msgs
[5.468s] -- Up-to-date: /home/hello-robot/ament_ws/install/rosapi_msgs/include/rosapi_msgs/rosapi_msgs/srv
[5.469s] -- Up-to-date: /home/hello-robot/ament_ws/install/rosapi_msgs/include/rosapi_msgs/rosapi_msgs/srv/subscribers.hpp
[5.469s] -- Up-to-date: /home/hello-robot/ament_ws/install/rosapi_msgs/include/rosapi_msgs/rosapi_msgs/srv/service_node.hpp
[5.469s] -- Up-to-date: /home/hello-robot/ament_ws/install/rosapi_msgs/include/rosapi_msgs/rosapi_msgs/srv/topic_type.hpp
[5.469s] -- Up-to-date: /home/hello-robot/ament_ws/install/rosapi_msgs/include/rosapi_msgs/rosapi_msgs/srv/topics_for_type.hpp
[5.469s] -- Up-to-date: /home/hello-robot/ament_ws/install/rosapi_msgs/include/rosapi_msgs/rosapi_msgs/srv/service_providers.hpp
[5.469s] -- Up-to-date: /home/hello-robot/ament_ws/install/rosapi_msgs/include/rosapi_msgs/rosapi_msgs/srv/service_request_details.hpp
[5.469s] -- Up-to-date: /home/hello-robot/ament_ws/install/rosapi_msgs/include/rosapi_msgs/rosapi_msgs/srv/get_action_servers.hpp
[5.469s] -- Up-to-date: /home/hello-robot/ament_ws/install/rosapi_msgs/include/rosapi_msgs/rosapi_msgs/srv/get_param.hpp
[5.469s] -- Up-to-date: /home/hello-robot/ament_ws/install/rosapi_msgs/include/rosapi_msgs/rosapi_msgs/srv/message_details.hpp
[5.469s] -- Up-to-date: /home/hello-robot/ament_ws/install/rosapi_msgs/include/rosapi_msgs/rosapi_msgs/srv/services_for_type.hpp
[5.469s] -- Up-to-date: /home/hello-robot/ament_ws/install/rosapi_msgs/include/rosapi_msgs/rosapi_msgs/srv/node_details.hpp
[5.469s] -- Up-to-date: /home/hello-robot/ament_ws/install/rosapi_msgs/include/rosapi_msgs/rosapi_msgs/srv/detail
[5.470s] -- Up-to-date: /home/hello-robot/ament_ws/install/rosapi_msgs/include/rosapi_msgs/rosapi_msgs/srv/detail/service_node__struct.hpp
[5.470s] -- Up-to-date: /home/hello-robot/ament_ws/install/rosapi_msgs/include/rosapi_msgs/rosapi_msgs/srv/detail/service_response_details__struct.hpp
[5.470s] -- Up-to-date: /home/hello-robot/ament_ws/install/rosapi_msgs/include/rosapi_msgs/rosapi_msgs/srv/detail/nodes__builder.hpp
[5.470s] -- Up-to-date: /home/hello-robot/ament_ws/install/rosapi_msgs/include/rosapi_msgs/rosapi_msgs/srv/detail/has_param__struct.hpp
[5.470s] -- Up-to-date: /home/hello-robot/ament_ws/install/rosapi_msgs/include/rosapi_msgs/rosapi_msgs/srv/detail/get_time__builder.hpp
[5.470s] -- Up-to-date: /home/hello-robot/ament_ws/install/rosapi_msgs/include/rosapi_msgs/rosapi_msgs/srv/detail/service_providers__traits.hpp
[5.470s] -- Up-to-date: /home/hello-robot/ament_ws/install/rosapi_msgs/include/rosapi_msgs/rosapi_msgs/srv/detail/service_type__struct.hpp
[5.470s] -- Up-to-date: /home/hello-robot/ament_ws/install/rosapi_msgs/include/rosapi_msgs/rosapi_msgs/srv/detail/topics_and_raw_types__traits.hpp
[5.470s] -- Up-to-date: /home/hello-robot/ament_ws/install/rosapi_msgs/include/rosapi_msgs/rosapi_msgs/srv/detail/service_response_details__traits.hpp
[5.470s] -- Up-to-date: /home/hello-robot/ament_ws/install/rosapi_msgs/include/rosapi_msgs/rosapi_msgs/srv/detail/subscribers__struct.hpp
[5.470s] -- Up-to-date: /home/hello-robot/ament_ws/install/rosapi_msgs/include/rosapi_msgs/rosapi_msgs/srv/detail/topics_for_type__traits.hpp
[5.470s] -- Up-to-date: /home/hello-robot/ament_ws/install/rosapi_msgs/include/rosapi_msgs/rosapi_msgs/srv/detail/service_providers__struct.hpp
[5.470s] -- Up-to-date: /home/hello-robot/ament_ws/install/rosapi_msgs/include/rosapi_msgs/rosapi_msgs/srv/detail/nodes__struct.hpp
[5.470s] -- Up-to-date: /home/hello-robot/ament_ws/install/rosapi_msgs/include/rosapi_msgs/rosapi_msgs/srv/detail/topics__builder.hpp
[5.470s] -- Up-to-date: /home/hello-robot/ament_ws/install/rosapi_msgs/include/rosapi_msgs/rosapi_msgs/srv/detail/message_details__traits.hpp
[5.470s] -- Up-to-date: /home/hello-robot/ament_ws/install/rosapi_msgs/include/rosapi_msgs/rosapi_msgs/srv/detail/publishers__struct.hpp
[5.471s] -- Up-to-date: /home/hello-robot/ament_ws/install/rosapi_msgs/include/rosapi_msgs/rosapi_msgs/srv/detail/subscribers__builder.hpp
[5.471s] -- Up-to-date: /home/hello-robot/ament_ws/install/rosapi_msgs/include/rosapi_msgs/rosapi_msgs/srv/detail/set_param__builder.hpp
[5.471s] -- Up-to-date: /home/hello-robot/ament_ws/install/rosapi_msgs/include/rosapi_msgs/rosapi_msgs/srv/detail/has_param__builder.hpp
[5.471s] -- Up-to-date: /home/hello-robot/ament_ws/install/rosapi_msgs/include/rosapi_msgs/rosapi_msgs/srv/detail/publishers__builder.hpp
[5.471s] -- Up-to-date: /home/hello-robot/ament_ws/install/rosapi_msgs/include/rosapi_msgs/rosapi_msgs/srv/detail/get_param_names__builder.hpp
[5.471s] -- Up-to-date: /home/hello-robot/ament_ws/install/rosapi_msgs/include/rosapi_msgs/rosapi_msgs/srv/detail/get_time__traits.hpp
[5.471s] -- Up-to-date: /home/hello-robot/ament_ws/install/rosapi_msgs/include/rosapi_msgs/rosapi_msgs/srv/detail/delete_param__traits.hpp
[5.471s] -- Up-to-date: /home/hello-robot/ament_ws/install/rosapi_msgs/include/rosapi_msgs/rosapi_msgs/srv/detail/topics_and_raw_types__builder.hpp
[5.471s] -- Up-to-date: /home/hello-robot/ament_ws/install/rosapi_msgs/include/rosapi_msgs/rosapi_msgs/srv/detail/get_param_names__traits.hpp
[5.471s] -- Up-to-date: /home/hello-robot/ament_ws/install/rosapi_msgs/include/rosapi_msgs/rosapi_msgs/srv/detail/has_param__traits.hpp
[5.471s] -- Up-to-date: /home/hello-robot/ament_ws/install/rosapi_msgs/include/rosapi_msgs/rosapi_msgs/srv/detail/service_providers__builder.hpp
[5.471s] -- Up-to-date: /home/hello-robot/ament_ws/install/rosapi_msgs/include/rosapi_msgs/rosapi_msgs/srv/detail/topic_type__struct.hpp
[5.471s] -- Up-to-date: /home/hello-robot/ament_ws/install/rosapi_msgs/include/rosapi_msgs/rosapi_msgs/srv/detail/get_ros_version__struct.hpp
[5.471s] -- Up-to-date: /home/hello-robot/ament_ws/install/rosapi_msgs/include/rosapi_msgs/rosapi_msgs/srv/detail/message_details__builder.hpp
[5.472s] -- Up-to-date: /home/hello-robot/ament_ws/install/rosapi_msgs/include/rosapi_msgs/rosapi_msgs/srv/detail/service_node__traits.hpp
[5.472s] -- Up-to-date: /home/hello-robot/ament_ws/install/rosapi_msgs/include/rosapi_msgs/rosapi_msgs/srv/detail/service_type__traits.hpp
[5.472s] -- Up-to-date: /home/hello-robot/ament_ws/install/rosapi_msgs/include/rosapi_msgs/rosapi_msgs/srv/detail/services_for_type__builder.hpp
[5.472s] -- Up-to-date: /home/hello-robot/ament_ws/install/rosapi_msgs/include/rosapi_msgs/rosapi_msgs/srv/detail/node_details__traits.hpp
[5.472s] -- Up-to-date: /home/hello-robot/ament_ws/install/rosapi_msgs/include/rosapi_msgs/rosapi_msgs/srv/detail/topic_type__builder.hpp
[5.472s] -- Up-to-date: /home/hello-robot/ament_ws/install/rosapi_msgs/include/rosapi_msgs/rosapi_msgs/srv/detail/get_param_names__struct.hpp
[5.472s] -- Up-to-date: /home/hello-robot/ament_ws/install/rosapi_msgs/include/rosapi_msgs/rosapi_msgs/srv/detail/set_param__struct.hpp
[5.472s] -- Up-to-date: /home/hello-robot/ament_ws/install/rosapi_msgs/include/rosapi_msgs/rosapi_msgs/srv/detail/topics_for_type__builder.hpp
[5.472s] -- Up-to-date: /home/hello-robot/ament_ws/install/rosapi_msgs/include/rosapi_msgs/rosapi_msgs/srv/detail/services_for_type__struct.hpp
[5.472s] -- Up-to-date: /home/hello-robot/ament_ws/install/rosapi_msgs/include/rosapi_msgs/rosapi_msgs/srv/detail/topics_for_type__struct.hpp
[5.472s] -- Up-to-date: /home/hello-robot/ament_ws/install/rosapi_msgs/include/rosapi_msgs/rosapi_msgs/srv/detail/get_param__struct.hpp
[5.472s] -- Up-to-date: /home/hello-robot/ament_ws/install/rosapi_msgs/include/rosapi_msgs/rosapi_msgs/srv/detail/get_ros_version__traits.hpp
[5.472s] -- Up-to-date: /home/hello-robot/ament_ws/install/rosapi_msgs/include/rosapi_msgs/rosapi_msgs/srv/detail/service_request_details__builder.hpp
[5.473s] -- Up-to-date: /home/hello-robot/ament_ws/install/rosapi_msgs/include/rosapi_msgs/rosapi_msgs/srv/detail/get_action_servers__traits.hpp
[5.473s] -- Up-to-date: /home/hello-robot/ament_ws/install/rosapi_msgs/include/rosapi_msgs/rosapi_msgs/srv/detail/set_param__traits.hpp
[5.473s] -- Up-to-date: /home/hello-robot/ament_ws/install/rosapi_msgs/include/rosapi_msgs/rosapi_msgs/srv/detail/get_ros_version__builder.hpp
[5.473s] -- Up-to-date: /home/hello-robot/ament_ws/install/rosapi_msgs/include/rosapi_msgs/rosapi_msgs/srv/detail/get_param__builder.hpp
[5.473s] -- Up-to-date: /home/hello-robot/ament_ws/install/rosapi_msgs/include/rosapi_msgs/rosapi_msgs/srv/detail/node_details__builder.hpp
[5.473s] -- Up-to-date: /home/hello-robot/ament_ws/install/rosapi_msgs/include/rosapi_msgs/rosapi_msgs/srv/detail/services__struct.hpp
[5.473s] -- Up-to-date: /home/hello-robot/ament_ws/install/rosapi_msgs/include/rosapi_msgs/rosapi_msgs/srv/detail/get_time__struct.hpp
[5.473s] -- Up-to-date: /home/hello-robot/ament_ws/install/rosapi_msgs/include/rosapi_msgs/rosapi_msgs/srv/detail/services_for_type__traits.hpp
[5.473s] -- Up-to-date: /home/hello-robot/ament_ws/install/rosapi_msgs/include/rosapi_msgs/rosapi_msgs/srv/detail/service_response_details__builder.hpp
[5.473s] -- Up-to-date: /home/hello-robot/ament_ws/install/rosapi_msgs/include/rosapi_msgs/rosapi_msgs/srv/detail/service_request_details__traits.hpp
[5.473s] -- Up-to-date: /home/hello-robot/ament_ws/install/rosapi_msgs/include/rosapi_msgs/rosapi_msgs/srv/detail/get_action_servers__struct.hpp
[5.473s] -- Up-to-date: /home/hello-robot/ament_ws/install/rosapi_msgs/include/rosapi_msgs/rosapi_msgs/srv/detail/topic_type__traits.hpp
[5.473s] -- Up-to-date: /home/hello-robot/ament_ws/install/rosapi_msgs/include/rosapi_msgs/rosapi_msgs/srv/detail/delete_param__builder.hpp
[5.473s] -- Up-to-date: /home/hello-robot/ament_ws/install/rosapi_msgs/include/rosapi_msgs/rosapi_msgs/srv/detail/node_details__struct.hpp
[5.473s] -- Up-to-date: /home/hello-robot/ament_ws/install/rosapi_msgs/include/rosapi_msgs/rosapi_msgs/srv/detail/topics__struct.hpp
[5.474s] -- Up-to-date: /home/hello-robot/ament_ws/install/rosapi_msgs/include/rosapi_msgs/rosapi_msgs/srv/detail/get_param__traits.hpp
[5.474s] -- Up-to-date: /home/hello-robot/ament_ws/install/rosapi_msgs/include/rosapi_msgs/rosapi_msgs/srv/detail/get_action_servers__builder.hpp
[5.474s] -- Up-to-date: /home/hello-robot/ament_ws/install/rosapi_msgs/include/rosapi_msgs/rosapi_msgs/srv/detail/topics__traits.hpp
[5.474s] -- Up-to-date: /home/hello-robot/ament_ws/install/rosapi_msgs/include/rosapi_msgs/rosapi_msgs/srv/detail/service_type__builder.hpp
[5.474s] -- Up-to-date: /home/hello-robot/ament_ws/install/rosapi_msgs/include/rosapi_msgs/rosapi_msgs/srv/detail/message_details__struct.hpp
[5.474s] -- Up-to-date: /home/hello-robot/ament_ws/install/rosapi_msgs/include/rosapi_msgs/rosapi_msgs/srv/detail/nodes__traits.hpp
[5.474s] -- Up-to-date: /home/hello-robot/ament_ws/install/rosapi_msgs/include/rosapi_msgs/rosapi_msgs/srv/detail/subscribers__traits.hpp
[5.474s] -- Up-to-date: /home/hello-robot/ament_ws/install/rosapi_msgs/include/rosapi_msgs/rosapi_msgs/srv/detail/delete_param__struct.hpp
[5.474s] -- Up-to-date: /home/hello-robot/ament_ws/install/rosapi_msgs/include/rosapi_msgs/rosapi_msgs/srv/detail/publishers__traits.hpp
[5.474s] -- Up-to-date: /home/hello-robot/ament_ws/install/rosapi_msgs/include/rosapi_msgs/rosapi_msgs/srv/detail/service_request_details__struct.hpp
[5.474s] -- Up-to-date: /home/hello-robot/ament_ws/install/rosapi_msgs/include/rosapi_msgs/rosapi_msgs/srv/detail/services__builder.hpp
[5.474s] -- Up-to-date: /home/hello-robot/ament_ws/install/rosapi_msgs/include/rosapi_msgs/rosapi_msgs/srv/detail/services__traits.hpp
[5.474s] -- Up-to-date: /home/hello-robot/ament_ws/install/rosapi_msgs/include/rosapi_msgs/rosapi_msgs/srv/detail/service_node__builder.hpp
[5.474s] -- Up-to-date: /home/hello-robot/ament_ws/install/rosapi_msgs/include/rosapi_msgs/rosapi_msgs/srv/detail/topics_and_raw_types__struct.hpp
[5.475s] -- Up-to-date: /home/hello-robot/ament_ws/install/rosapi_msgs/include/rosapi_msgs/rosapi_msgs/srv/get_param_names.hpp
[5.475s] -- Up-to-date: /home/hello-robot/ament_ws/install/rosapi_msgs/include/rosapi_msgs/rosapi_msgs/srv/get_ros_version.hpp
[5.475s] -- Up-to-date: /home/hello-robot/ament_ws/install/rosapi_msgs/include/rosapi_msgs/rosapi_msgs/srv/has_param.hpp
[5.475s] -- Up-to-date: /home/hello-robot/ament_ws/install/rosapi_msgs/include/rosapi_msgs/rosapi_msgs/srv/nodes.hpp
[5.475s] -- Up-to-date: /home/hello-robot/ament_ws/install/rosapi_msgs/include/rosapi_msgs/rosapi_msgs/srv/get_time.hpp
[5.475s] -- Up-to-date: /home/hello-robot/ament_ws/install/rosapi_msgs/include/rosapi_msgs/rosapi_msgs/srv/publishers.hpp
[5.475s] -- Up-to-date: /home/hello-robot/ament_ws/install/rosapi_msgs/include/rosapi_msgs/rosapi_msgs/srv/topics_and_raw_types.hpp
[5.475s] -- Up-to-date: /home/hello-robot/ament_ws/install/rosapi_msgs/include/rosapi_msgs/rosapi_msgs/srv/set_param.hpp
[5.475s] -- Up-to-date: /home/hello-robot/ament_ws/install/rosapi_msgs/include/rosapi_msgs/rosapi_msgs/srv/service_response_details.hpp
[5.475s] -- Up-to-date: /home/hello-robot/ament_ws/install/rosapi_msgs/include/rosapi_msgs/rosapi_msgs/srv/services.hpp
[5.475s] -- Up-to-date: /home/hello-robot/ament_ws/install/rosapi_msgs/include/rosapi_msgs/rosapi_msgs/srv/service_type.hpp
[5.475s] -- Up-to-date: /home/hello-robot/ament_ws/install/rosapi_msgs/include/rosapi_msgs/rosapi_msgs/srv/topics.hpp
[5.475s] -- Up-to-date: /home/hello-robot/ament_ws/install/rosapi_msgs/include/rosapi_msgs/rosapi_msgs/srv/delete_param.hpp
[5.475s] -- Up-to-date: /home/hello-robot/ament_ws/install/rosapi_msgs/include/rosapi_msgs/rosapi_msgs/msg
[5.475s] -- Up-to-date: /home/hello-robot/ament_ws/install/rosapi_msgs/include/rosapi_msgs/rosapi_msgs/msg/type_def.hpp
[5.476s] -- Up-to-date: /home/hello-robot/ament_ws/install/rosapi_msgs/include/rosapi_msgs/rosapi_msgs/msg/detail
[5.476s] -- Up-to-date: /home/hello-robot/ament_ws/install/rosapi_msgs/include/rosapi_msgs/rosapi_msgs/msg/detail/type_def__struct.hpp
[5.476s] -- Up-to-date: /home/hello-robot/ament_ws/install/rosapi_msgs/include/rosapi_msgs/rosapi_msgs/msg/detail/type_def__traits.hpp
[5.476s] -- Up-to-date: /home/hello-robot/ament_ws/install/rosapi_msgs/include/rosapi_msgs/rosapi_msgs/msg/detail/type_def__builder.hpp
[5.476s] -- Up-to-date: /home/hello-robot/ament_ws/install/rosapi_msgs/include/rosapi_msgs/rosapi_msgs
[5.476s] -- Up-to-date: /home/hello-robot/ament_ws/install/rosapi_msgs/include/rosapi_msgs/rosapi_msgs/srv
[5.476s] -- Up-to-date: /home/hello-robot/ament_ws/install/rosapi_msgs/include/rosapi_msgs/rosapi_msgs/srv/detail
[5.476s] -- Up-to-date: /home/hello-robot/ament_ws/install/rosapi_msgs/include/rosapi_msgs/rosapi_msgs/srv/detail/subscribers__rosidl_typesupport_fastrtps_cpp.hpp
[5.476s] -- Up-to-date: /home/hello-robot/ament_ws/install/rosapi_msgs/include/rosapi_msgs/rosapi_msgs/srv/detail/delete_param__rosidl_typesupport_fastrtps_cpp.hpp
[5.476s] -- Up-to-date: /home/hello-robot/ament_ws/install/rosapi_msgs/include/rosapi_msgs/rosapi_msgs/srv/detail/service_providers__rosidl_typesupport_fastrtps_cpp.hpp
[5.477s] -- Up-to-date: /home/hello-robot/ament_ws/install/rosapi_msgs/include/rosapi_msgs/rosapi_msgs/srv/detail/get_ros_version__rosidl_typesupport_fastrtps_cpp.hpp
[5.477s] -- Up-to-date: /home/hello-robot/ament_ws/install/rosapi_msgs/include/rosapi_msgs/rosapi_msgs/srv/detail/get_param__rosidl_typesupport_fastrtps_cpp.hpp
[5.477s] -- Up-to-date: /home/hello-robot/ament_ws/install/rosapi_msgs/include/rosapi_msgs/rosapi_msgs/srv/detail/message_details__rosidl_typesupport_fastrtps_cpp.hpp
[5.477s] -- Up-to-date: /home/hello-robot/ament_ws/install/rosapi_msgs/include/rosapi_msgs/rosapi_msgs/srv/detail/has_param__rosidl_typesupport_fastrtps_cpp.hpp
[5.477s] -- Up-to-date: /home/hello-robot/ament_ws/install/rosapi_msgs/include/rosapi_msgs/rosapi_msgs/srv/detail/service_response_details__rosidl_typesupport_fastrtps_cpp.hpp
[5.477s] -- Up-to-date: /home/hello-robot/ament_ws/install/rosapi_msgs/include/rosapi_msgs/rosapi_msgs/srv/detail/topics__rosidl_typesupport_fastrtps_cpp.hpp
[5.477s] -- Up-to-date: /home/hello-robot/ament_ws/install/rosapi_msgs/include/rosapi_msgs/rosapi_msgs/srv/detail/node_details__rosidl_typesupport_fastrtps_cpp.hpp
[5.477s] -- Up-to-date: /home/hello-robot/ament_ws/install/rosapi_msgs/include/rosapi_msgs/rosapi_msgs/srv/detail/service_type__rosidl_typesupport_fastrtps_cpp.hpp
[5.477s] -- Up-to-date: /home/hello-robot/ament_ws/install/rosapi_msgs/include/rosapi_msgs/rosapi_msgs/srv/detail/topics_and_raw_types__rosidl_typesupport_fastrtps_cpp.hpp
[5.477s] -- Up-to-date: /home/hello-robot/ament_ws/install/rosapi_msgs/include/rosapi_msgs/rosapi_msgs/srv/detail/get_param_names__rosidl_typesupport_fastrtps_cpp.hpp
[5.477s] -- Up-to-date: /home/hello-robot/ament_ws/install/rosapi_msgs/include/rosapi_msgs/rosapi_msgs/srv/detail/publishers__rosidl_typesupport_fastrtps_cpp.hpp
[5.477s] -- Up-to-date: /home/hello-robot/ament_ws/install/rosapi_msgs/include/rosapi_msgs/rosapi_msgs/srv/detail/services_for_type__rosidl_typesupport_fastrtps_cpp.hpp
[5.477s] -- Up-to-date: /home/hello-robot/ament_ws/install/rosapi_msgs/include/rosapi_msgs/rosapi_msgs/srv/detail/dds_fastrtps
[5.477s] -- Up-to-date: /home/hello-robot/ament_ws/install/rosapi_msgs/include/rosapi_msgs/rosapi_msgs/srv/detail/get_action_servers__rosidl_typesupport_fastrtps_cpp.hpp
[5.478s] -- Up-to-date: /home/hello-robot/ament_ws/install/rosapi_msgs/include/rosapi_msgs/rosapi_msgs/srv/detail/topics_for_type__rosidl_typesupport_fastrtps_cpp.hpp
[5.478s] -- Up-to-date: /home/hello-robot/ament_ws/install/rosapi_msgs/include/rosapi_msgs/rosapi_msgs/srv/detail/get_time__rosidl_typesupport_fastrtps_cpp.hpp
[5.478s] -- Up-to-date: /home/hello-robot/ament_ws/install/rosapi_msgs/include/rosapi_msgs/rosapi_msgs/srv/detail/service_node__rosidl_typesupport_fastrtps_cpp.hpp
[5.478s] -- Up-to-date: /home/hello-robot/ament_ws/install/rosapi_msgs/include/rosapi_msgs/rosapi_msgs/srv/detail/nodes__rosidl_typesupport_fastrtps_cpp.hpp
[5.478s] -- Up-to-date: /home/hello-robot/ament_ws/install/rosapi_msgs/include/rosapi_msgs/rosapi_msgs/srv/detail/services__rosidl_typesupport_fastrtps_cpp.hpp
[5.478s] -- Up-to-date: /home/hello-robot/ament_ws/install/rosapi_msgs/include/rosapi_msgs/rosapi_msgs/srv/detail/topic_type__rosidl_typesupport_fastrtps_cpp.hpp
[5.478s] -- Up-to-date: /home/hello-robot/ament_ws/install/rosapi_msgs/include/rosapi_msgs/rosapi_msgs/srv/detail/set_param__rosidl_typesupport_fastrtps_cpp.hpp
[5.478s] -- Up-to-date: /home/hello-robot/ament_ws/install/rosapi_msgs/include/rosapi_msgs/rosapi_msgs/srv/detail/service_request_details__rosidl_typesupport_fastrtps_cpp.hpp
[5.478s] -- Up-to-date: /home/hello-robot/ament_ws/install/rosapi_msgs/include/rosapi_msgs/rosapi_msgs/msg
[5.478s] -- Up-to-date: /home/hello-robot/ament_ws/install/rosapi_msgs/include/rosapi_msgs/rosapi_msgs/msg/detail
[5.479s] -- Up-to-date: /home/hello-robot/ament_ws/install/rosapi_msgs/include/rosapi_msgs/rosapi_msgs/msg/detail/dds_fastrtps
[5.479s] -- Up-to-date: /home/hello-robot/ament_ws/install/rosapi_msgs/include/rosapi_msgs/rosapi_msgs/msg/detail/type_def__rosidl_typesupport_fastrtps_cpp.hpp
[5.479s] -- Up-to-date: /home/hello-robot/ament_ws/install/rosapi_msgs/include/rosapi_msgs/rosapi_msgs/msg/rosidl_typesupport_fastrtps_cpp__visibility_control.h
[5.479s] -- Up-to-date: /home/hello-robot/ament_ws/install/rosapi_msgs/lib/librosapi_msgs__rosidl_typesupport_fastrtps_cpp.so
[5.479s] -- Up-to-date: /home/hello-robot/ament_ws/install/rosapi_msgs/include/rosapi_msgs/rosapi_msgs
[5.479s] -- Up-to-date: /home/hello-robot/ament_ws/install/rosapi_msgs/include/rosapi_msgs/rosapi_msgs/srv
[5.479s] -- Up-to-date: /home/hello-robot/ament_ws/install/rosapi_msgs/include/rosapi_msgs/rosapi_msgs/srv/detail
[5.479s] -- Up-to-date: /home/hello-robot/ament_ws/install/rosapi_msgs/include/rosapi_msgs/rosapi_msgs/srv/detail/subscribers__type_support.c
[5.479s] -- Up-to-date: /home/hello-robot/ament_ws/install/rosapi_msgs/include/rosapi_msgs/rosapi_msgs/srv/detail/service_response_details__rosidl_typesupport_introspection_c.h
[5.479s] -- Up-to-date: /home/hello-robot/ament_ws/install/rosapi_msgs/include/rosapi_msgs/rosapi_msgs/srv/detail/node_details__type_support.c
[5.479s] -- Up-to-date: /home/hello-robot/ament_ws/install/rosapi_msgs/include/rosapi_msgs/rosapi_msgs/srv/detail/subscribers__rosidl_typesupport_introspection_c.h
[5.479s] -- Up-to-date: /home/hello-robot/ament_ws/install/rosapi_msgs/include/rosapi_msgs/rosapi_msgs/srv/detail/service_request_details__type_support.c
[5.480s] -- Up-to-date: /home/hello-robot/ament_ws/install/rosapi_msgs/include/rosapi_msgs/rosapi_msgs/srv/detail/service_providers__rosidl_typesupport_introspection_c.h
[5.480s] -- Up-to-date: /home/hello-robot/ament_ws/install/rosapi_msgs/include/rosapi_msgs/rosapi_msgs/srv/detail/message_details__type_support.c
[5.480s] -- Up-to-date: /home/hello-robot/ament_ws/install/rosapi_msgs/include/rosapi_msgs/rosapi_msgs/srv/detail/set_param__rosidl_typesupport_introspection_c.h
[5.480s] -- Up-to-date: /home/hello-robot/ament_ws/install/rosapi_msgs/include/rosapi_msgs/rosapi_msgs/srv/detail/delete_param__type_support.c
[5.480s] -- Up-to-date: /home/hello-robot/ament_ws/install/rosapi_msgs/include/rosapi_msgs/rosapi_msgs/srv/detail/service_type__rosidl_typesupport_introspection_c.h
[5.480s] -- Up-to-date: /home/hello-robot/ament_ws/install/rosapi_msgs/include/rosapi_msgs/rosapi_msgs/srv/detail/topics__type_support.c
[5.480s] -- Up-to-date: /home/hello-robot/ament_ws/install/rosapi_msgs/include/rosapi_msgs/rosapi_msgs/srv/detail/get_param_names__rosidl_typesupport_introspection_c.h
[5.480s] -- Up-to-date: /home/hello-robot/ament_ws/install/rosapi_msgs/include/rosapi_msgs/rosapi_msgs/srv/detail/service_node__type_support.c
[5.480s] -- Up-to-date: /home/hello-robot/ament_ws/install/rosapi_msgs/include/rosapi_msgs/rosapi_msgs/srv/detail/delete_param__rosidl_typesupport_introspection_c.h
[5.480s] -- Up-to-date: /home/hello-robot/ament_ws/install/rosapi_msgs/include/rosapi_msgs/rosapi_msgs/srv/detail/services__type_support.c
[5.481s] -- Up-to-date: /home/hello-robot/ament_ws/install/rosapi_msgs/include/rosapi_msgs/rosapi_msgs/srv/detail/service_node__rosidl_typesupport_introspection_c.h
[5.481s] -- Up-to-date: /home/hello-robot/ament_ws/install/rosapi_msgs/include/rosapi_msgs/rosapi_msgs/srv/detail/publishers__type_support.c
[5.482s] -- Up-to-date: /home/hello-robot/ament_ws/install/rosapi_msgs/include/rosapi_msgs/rosapi_msgs/srv/detail/get_time__type_support.c
[5.482s] -- Up-to-date: /home/hello-robot/ament_ws/install/rosapi_msgs/include/rosapi_msgs/rosapi_msgs/srv/detail/has_param__rosidl_typesupport_introspection_c.h
[5.482s] -- Up-to-date: /home/hello-robot/ament_ws/install/rosapi_msgs/include/rosapi_msgs/rosapi_msgs/srv/detail/nodes__rosidl_typesupport_introspection_c.h
[5.482s] -- Up-to-date: /home/hello-robot/ament_ws/install/rosapi_msgs/include/rosapi_msgs/rosapi_msgs/srv/detail/topics__rosidl_typesupport_introspection_c.h
[5.482s] -- Up-to-date: /home/hello-robot/ament_ws/install/rosapi_msgs/include/rosapi_msgs/rosapi_msgs/srv/detail/node_details__rosidl_typesupport_introspection_c.h
[5.483s] -- Up-to-date: /home/hello-robot/ament_ws/install/rosapi_msgs/include/rosapi_msgs/rosapi_msgs/srv/detail/get_param__type_support.c
[5.483s] -- Up-to-date: /home/hello-robot/ament_ws/install/rosapi_msgs/include/rosapi_msgs/rosapi_msgs/srv/detail/get_ros_version__type_support.c
[5.483s] -- Up-to-date: /home/hello-robot/ament_ws/install/rosapi_msgs/include/rosapi_msgs/rosapi_msgs/srv/detail/topics_and_raw_types__type_support.c
[5.483s] -- Up-to-date: /home/hello-robot/ament_ws/install/rosapi_msgs/include/rosapi_msgs/rosapi_msgs/srv/detail/nodes__type_support.c
[5.484s] -- Up-to-date: /home/hello-robot/ament_ws/install/rosapi_msgs/include/rosapi_msgs/rosapi_msgs/srv/detail/topics_for_type__rosidl_typesupport_introspection_c.h
[5.484s] -- Up-to-date: /home/hello-robot/ament_ws/install/rosapi_msgs/include/rosapi_msgs/rosapi_msgs/srv/detail/topics_for_type__type_support.c
[5.485s] -- Up-to-date: /home/hello-robot/ament_ws/install/rosapi_msgs/include/rosapi_msgs/rosapi_msgs/srv/detail/message_details__rosidl_typesupport_introspection_c.h
[5.485s] -- Up-to-date: /home/hello-robot/ament_ws/install/rosapi_msgs/include/rosapi_msgs/rosapi_msgs/srv/detail/publishers__rosidl_typesupport_introspection_c.h
[5.486s] -- Up-to-date: /home/hello-robot/ament_ws/install/rosapi_msgs/include/rosapi_msgs/rosapi_msgs/srv/detail/service_providers__type_support.c
[5.486s] -- Up-to-date: /home/hello-robot/ament_ws/install/rosapi_msgs/include/rosapi_msgs/rosapi_msgs/srv/detail/services__rosidl_typesupport_introspection_c.h
[5.486s] -- Up-to-date: /home/hello-robot/ament_ws/install/rosapi_msgs/include/rosapi_msgs/rosapi_msgs/srv/detail/get_ros_version__rosidl_typesupport_introspection_c.h
[5.486s] -- Up-to-date: /home/hello-robot/ament_ws/install/rosapi_msgs/include/rosapi_msgs/rosapi_msgs/srv/detail/get_action_servers__rosidl_typesupport_introspection_c.h
[5.486s] -- Up-to-date: /home/hello-robot/ament_ws/install/rosapi_msgs/include/rosapi_msgs/rosapi_msgs/srv/detail/get_action_servers__type_support.c
[5.486s] -- Up-to-date: /home/hello-robot/ament_ws/install/rosapi_msgs/include/rosapi_msgs/rosapi_msgs/srv/detail/service_request_details__rosidl_typesupport_introspection_c.h
[5.486s] -- Up-to-date: /home/hello-robot/ament_ws/install/rosapi_msgs/include/rosapi_msgs/rosapi_msgs/srv/detail/get_param__rosidl_typesupport_introspection_c.h
[5.486s] -- Up-to-date: /home/hello-robot/ament_ws/install/rosapi_msgs/include/rosapi_msgs/rosapi_msgs/srv/detail/topic_type__type_support.c
[5.486s] -- Up-to-date: /home/hello-robot/ament_ws/install/rosapi_msgs/include/rosapi_msgs/rosapi_msgs/srv/detail/topic_type__rosidl_typesupport_introspection_c.h
[5.486s] -- Up-to-date: /home/hello-robot/ament_ws/install/rosapi_msgs/include/rosapi_msgs/rosapi_msgs/srv/detail/get_param_names__type_support.c
[5.487s] -- Up-to-date: /home/hello-robot/ament_ws/install/rosapi_msgs/include/rosapi_msgs/rosapi_msgs/srv/detail/service_type__type_support.c
[5.487s] -- Up-to-date: /home/hello-robot/ament_ws/install/rosapi_msgs/include/rosapi_msgs/rosapi_msgs/srv/detail/topics_and_raw_types__rosidl_typesupport_introspection_c.h
[5.487s] -- Up-to-date: /home/hello-robot/ament_ws/install/rosapi_msgs/include/rosapi_msgs/rosapi_msgs/srv/detail/service_response_details__type_support.c
[5.487s] -- Up-to-date: /home/hello-robot/ament_ws/install/rosapi_msgs/include/rosapi_msgs/rosapi_msgs/srv/detail/get_time__rosidl_typesupport_introspection_c.h
[5.487s] -- Up-to-date: /home/hello-robot/ament_ws/install/rosapi_msgs/include/rosapi_msgs/rosapi_msgs/srv/detail/services_for_type__type_support.c
[5.487s] -- Up-to-date: /home/hello-robot/ament_ws/install/rosapi_msgs/include/rosapi_msgs/rosapi_msgs/srv/detail/services_for_type__rosidl_typesupport_introspection_c.h
[5.487s] -- Up-to-date: /home/hello-robot/ament_ws/install/rosapi_msgs/include/rosapi_msgs/rosapi_msgs/srv/detail/set_param__type_support.c
[5.487s] -- Up-to-date: /home/hello-robot/ament_ws/install/rosapi_msgs/include/rosapi_msgs/rosapi_msgs/srv/detail/has_param__type_support.c
[5.487s] -- Up-to-date: /home/hello-robot/ament_ws/install/rosapi_msgs/include/rosapi_msgs/rosapi_msgs/msg
[5.488s] -- Up-to-date: /home/hello-robot/ament_ws/install/rosapi_msgs/include/rosapi_msgs/rosapi_msgs/msg/detail
[5.488s] -- Up-to-date: /home/hello-robot/ament_ws/install/rosapi_msgs/include/rosapi_msgs/rosapi_msgs/msg/detail/type_def__type_support.c
[5.488s] -- Up-to-date: /home/hello-robot/ament_ws/install/rosapi_msgs/include/rosapi_msgs/rosapi_msgs/msg/detail/type_def__rosidl_typesupport_introspection_c.h
[5.488s] -- Up-to-date: /home/hello-robot/ament_ws/install/rosapi_msgs/include/rosapi_msgs/rosapi_msgs/msg/rosidl_typesupport_introspection_c__visibility_control.h
[5.489s] -- Up-to-date: /home/hello-robot/ament_ws/install/rosapi_msgs/lib/librosapi_msgs__rosidl_typesupport_introspection_c.so
[5.489s] -- Up-to-date: /home/hello-robot/ament_ws/install/rosapi_msgs/lib/librosapi_msgs__rosidl_typesupport_c.so
[5.489s] -- Up-to-date: /home/hello-robot/ament_ws/install/rosapi_msgs/include/rosapi_msgs/rosapi_msgs
[5.490s] -- Up-to-date: /home/hello-robot/ament_ws/install/rosapi_msgs/include/rosapi_msgs/rosapi_msgs/srv
[5.490s] -- Up-to-date: /home/hello-robot/ament_ws/install/rosapi_msgs/include/rosapi_msgs/rosapi_msgs/srv/detail
[5.490s] -- Up-to-date: /home/hello-robot/ament_ws/install/rosapi_msgs/include/rosapi_msgs/rosapi_msgs/srv/detail/service_response_details__rosidl_typesupport_introspection_cpp.hpp
[5.491s] -- Up-to-date: /home/hello-robot/ament_ws/install/rosapi_msgs/include/rosapi_msgs/rosapi_msgs/srv/detail/get_ros_version__type_support.cpp
[5.491s] -- Up-to-date: /home/hello-robot/ament_ws/install/rosapi_msgs/include/rosapi_msgs/rosapi_msgs/srv/detail/topics__type_support.cpp
[5.491s] -- Up-to-date: /home/hello-robot/ament_ws/install/rosapi_msgs/include/rosapi_msgs/rosapi_msgs/srv/detail/topic_type__type_support.cpp
[5.491s] -- Up-to-date: /home/hello-robot/ament_ws/install/rosapi_msgs/include/rosapi_msgs/rosapi_msgs/srv/detail/service_node__type_support.cpp
[5.492s] -- Up-to-date: /home/hello-robot/ament_ws/install/rosapi_msgs/include/rosapi_msgs/rosapi_msgs/srv/detail/nodes__type_support.cpp
[5.492s] -- Up-to-date: /home/hello-robot/ament_ws/install/rosapi_msgs/include/rosapi_msgs/rosapi_msgs/srv/detail/set_param__type_support.cpp
[5.492s] -- Up-to-date: /home/hello-robot/ament_ws/install/rosapi_msgs/include/rosapi_msgs/rosapi_msgs/srv/detail/service_request_details__type_support.cpp
[5.493s] -- Up-to-date: /home/hello-robot/ament_ws/install/rosapi_msgs/include/rosapi_msgs/rosapi_msgs/srv/detail/node_details__type_support.cpp
[5.493s] -- Up-to-date: /home/hello-robot/ament_ws/install/rosapi_msgs/include/rosapi_msgs/rosapi_msgs/srv/detail/service_type__rosidl_typesupport_introspection_cpp.hpp
[5.493s] -- Up-to-date: /home/hello-robot/ament_ws/install/rosapi_msgs/include/rosapi_msgs/rosapi_msgs/srv/detail/get_param__type_support.cpp
[5.494s] -- Up-to-date: /home/hello-robot/ament_ws/install/rosapi_msgs/include/rosapi_msgs/rosapi_msgs/srv/detail/has_param__rosidl_typesupport_introspection_cpp.hpp
[5.494s] -- Up-to-date: /home/hello-robot/ament_ws/install/rosapi_msgs/include/rosapi_msgs/rosapi_msgs/srv/detail/services__type_support.cpp
[5.494s] -- Up-to-date: /home/hello-robot/ament_ws/install/rosapi_msgs/include/rosapi_msgs/rosapi_msgs/srv/detail/get_param_names__rosidl_typesupport_introspection_cpp.hpp
[5.494s] -- Up-to-date: /home/hello-robot/ament_ws/install/rosapi_msgs/include/rosapi_msgs/rosapi_msgs/srv/detail/set_param__rosidl_typesupport_introspection_cpp.hpp
[5.495s] -- Up-to-date: /home/hello-robot/ament_ws/install/rosapi_msgs/include/rosapi_msgs/rosapi_msgs/srv/detail/service_providers__type_support.cpp
[5.495s] -- Up-to-date: /home/hello-robot/ament_ws/install/rosapi_msgs/include/rosapi_msgs/rosapi_msgs/srv/detail/get_param__rosidl_typesupport_introspection_cpp.hpp
[5.496s] -- Up-to-date: /home/hello-robot/ament_ws/install/rosapi_msgs/include/rosapi_msgs/rosapi_msgs/srv/detail/message_details__rosidl_typesupport_introspection_cpp.hpp
[5.496s] -- Up-to-date: /home/hello-robot/ament_ws/install/rosapi_msgs/include/rosapi_msgs/rosapi_msgs/srv/detail/topics_and_raw_types__rosidl_typesupport_introspection_cpp.hpp
[5.496s] -- Up-to-date: /home/hello-robot/ament_ws/install/rosapi_msgs/include/rosapi_msgs/rosapi_msgs/srv/detail/message_details__type_support.cpp
[5.496s] -- Up-to-date: /home/hello-robot/ament_ws/install/rosapi_msgs/include/rosapi_msgs/rosapi_msgs/srv/detail/delete_param__type_support.cpp
[5.497s] -- Up-to-date: /home/hello-robot/ament_ws/install/rosapi_msgs/include/rosapi_msgs/rosapi_msgs/srv/detail/service_request_details__rosidl_typesupport_introspection_cpp.hpp
[5.497s] -- Up-to-date: /home/hello-robot/ament_ws/install/rosapi_msgs/include/rosapi_msgs/rosapi_msgs/srv/detail/delete_param__rosidl_typesupport_introspection_cpp.hpp
[5.498s] -- Up-to-date: /home/hello-robot/ament_ws/install/rosapi_msgs/include/rosapi_msgs/rosapi_msgs/srv/detail/topics_for_type__type_support.cpp
[5.498s] -- Up-to-date: /home/hello-robot/ament_ws/install/rosapi_msgs/include/rosapi_msgs/rosapi_msgs/srv/detail/nodes__rosidl_typesupport_introspection_cpp.hpp
[5.498s] -- Up-to-date: /home/hello-robot/ament_ws/install/rosapi_msgs/include/rosapi_msgs/rosapi_msgs/srv/detail/get_action_servers__type_support.cpp
[5.498s] -- Up-to-date: /home/hello-robot/ament_ws/install/rosapi_msgs/include/rosapi_msgs/rosapi_msgs/srv/detail/service_providers__rosidl_typesupport_introspection_cpp.hpp
[5.499s] -- Up-to-date: /home/hello-robot/ament_ws/install/rosapi_msgs/include/rosapi_msgs/rosapi_msgs/srv/detail/services_for_type__rosidl_typesupport_introspection_cpp.hpp
[5.499s] -- Up-to-date: /home/hello-robot/ament_ws/install/rosapi_msgs/include/rosapi_msgs/rosapi_msgs/srv/detail/get_ros_version__rosidl_typesupport_introspection_cpp.hpp
[5.499s] -- Up-to-date: /home/hello-robot/ament_ws/install/rosapi_msgs/include/rosapi_msgs/rosapi_msgs/srv/detail/service_type__type_support.cpp
[5.499s] -- Up-to-date: /home/hello-robot/ament_ws/install/rosapi_msgs/include/rosapi_msgs/rosapi_msgs/srv/detail/get_param_names__type_support.cpp
[5.500s] -- Up-to-date: /home/hello-robot/ament_ws/install/rosapi_msgs/include/rosapi_msgs/rosapi_msgs/srv/detail/services_for_type__type_support.cpp
[5.500s] -- Up-to-date: /home/hello-robot/ament_ws/install/rosapi_msgs/include/rosapi_msgs/rosapi_msgs/srv/detail/publishers__type_support.cpp
[5.500s] -- Up-to-date: /home/hello-robot/ament_ws/install/rosapi_msgs/include/rosapi_msgs/rosapi_msgs/srv/detail/topics__rosidl_typesupport_introspection_cpp.hpp
[5.501s] -- Up-to-date: /home/hello-robot/ament_ws/install/rosapi_msgs/include/rosapi_msgs/rosapi_msgs/srv/detail/get_time__type_support.cpp
[5.501s] -- Up-to-date: /home/hello-robot/ament_ws/install/rosapi_msgs/include/rosapi_msgs/rosapi_msgs/srv/detail/get_time__rosidl_typesupport_introspection_cpp.hpp
[5.501s] -- Up-to-date: /home/hello-robot/ament_ws/install/rosapi_msgs/include/rosapi_msgs/rosapi_msgs/srv/detail/services__rosidl_typesupport_introspection_cpp.hpp
[5.501s] -- Up-to-date: /home/hello-robot/ament_ws/install/rosapi_msgs/include/rosapi_msgs/rosapi_msgs/srv/detail/node_details__rosidl_typesupport_introspection_cpp.hpp
[5.501s] -- Up-to-date: /home/hello-robot/ament_ws/install/rosapi_msgs/include/rosapi_msgs/rosapi_msgs/srv/detail/topics_for_type__rosidl_typesupport_introspection_cpp.hpp
[5.502s] -- Up-to-date: /home/hello-robot/ament_ws/install/rosapi_msgs/include/rosapi_msgs/rosapi_msgs/srv/detail/get_action_servers__rosidl_typesupport_introspection_cpp.hpp
[5.502s] -- Up-to-date: /home/hello-robot/ament_ws/install/rosapi_msgs/include/rosapi_msgs/rosapi_msgs/srv/detail/publishers__rosidl_typesupport_introspection_cpp.hpp
[5.502s] -- Up-to-date: /home/hello-robot/ament_ws/install/rosapi_msgs/include/rosapi_msgs/rosapi_msgs/srv/detail/service_response_details__type_support.cpp
[5.502s] -- Up-to-date: /home/hello-robot/ament_ws/install/rosapi_msgs/include/rosapi_msgs/rosapi_msgs/srv/detail/topics_and_raw_types__type_support.cpp
[5.503s] -- Up-to-date: /home/hello-robot/ament_ws/install/rosapi_msgs/include/rosapi_msgs/rosapi_msgs/srv/detail/topic_type__rosidl_typesupport_introspection_cpp.hpp
[5.503s] -- Up-to-date: /home/hello-robot/ament_ws/install/rosapi_msgs/include/rosapi_msgs/rosapi_msgs/srv/detail/subscribers__type_support.cpp
[5.503s] -- Up-to-date: /home/hello-robot/ament_ws/install/rosapi_msgs/include/rosapi_msgs/rosapi_msgs/srv/detail/subscribers__rosidl_typesupport_introspection_cpp.hpp
[5.504s] -- Up-to-date: /home/hello-robot/ament_ws/install/rosapi_msgs/include/rosapi_msgs/rosapi_msgs/srv/detail/service_node__rosidl_typesupport_introspection_cpp.hpp
[5.505s] -- Up-to-date: /home/hello-robot/ament_ws/install/rosapi_msgs/include/rosapi_msgs/rosapi_msgs/srv/detail/has_param__type_support.cpp
[5.505s] -- Up-to-date: /home/hello-robot/ament_ws/install/rosapi_msgs/include/rosapi_msgs/rosapi_msgs/msg
[5.505s] -- Up-to-date: /home/hello-robot/ament_ws/install/rosapi_msgs/include/rosapi_msgs/rosapi_msgs/msg/detail
[5.506s] -- Up-to-date: /home/hello-robot/ament_ws/install/rosapi_msgs/include/rosapi_msgs/rosapi_msgs/msg/detail/type_def__rosidl_typesupport_introspection_cpp.hpp
[5.506s] -- Up-to-date: /home/hello-robot/ament_ws/install/rosapi_msgs/include/rosapi_msgs/rosapi_msgs/msg/detail/type_def__type_support.cpp
[5.506s] -- Up-to-date: /home/hello-robot/ament_ws/install/rosapi_msgs/lib/librosapi_msgs__rosidl_typesupport_introspection_cpp.so
[5.506s] -- Up-to-date: /home/hello-robot/ament_ws/install/rosapi_msgs/lib/librosapi_msgs__rosidl_typesupport_cpp.so
[5.506s] -- Up-to-date: /home/hello-robot/ament_ws/install/rosapi_msgs/share/rosapi_msgs/environment/pythonpath.sh
[5.506s] -- Up-to-date: /home/hello-robot/ament_ws/install/rosapi_msgs/share/rosapi_msgs/environment/pythonpath.dsv
[5.506s] -- Up-to-date: /home/hello-robot/ament_ws/install/rosapi_msgs/local/lib/python3.10/dist-packages/rosapi_msgs-1.3.2-py3.10.egg-info
[5.506s] -- Installing: /home/hello-robot/ament_ws/install/rosapi_msgs/local/lib/python3.10/dist-packages/rosapi_msgs-1.3.2-py3.10.egg-info/PKG-INFO
[5.506s] -- Installing: /home/hello-robot/ament_ws/install/rosapi_msgs/local/lib/python3.10/dist-packages/rosapi_msgs-1.3.2-py3.10.egg-info/dependency_links.txt
[5.506s] -- Installing: /home/hello-robot/ament_ws/install/rosapi_msgs/local/lib/python3.10/dist-packages/rosapi_msgs-1.3.2-py3.10.egg-info/top_level.txt
[5.507s] -- Installing: /home/hello-robot/ament_ws/install/rosapi_msgs/local/lib/python3.10/dist-packages/rosapi_msgs-1.3.2-py3.10.egg-info/SOURCES.txt
[5.507s] -- Up-to-date: /home/hello-robot/ament_ws/install/rosapi_msgs/local/lib/python3.10/dist-packages/rosapi_msgs
[5.507s] -- Up-to-date: /home/hello-robot/ament_ws/install/rosapi_msgs/local/lib/python3.10/dist-packages/rosapi_msgs/rosapi_msgs_s__rosidl_typesupport_fastrtps_c.cpython-310-x86_64-linux-gnu.so
[5.507s] -- Up-to-date: /home/hello-robot/ament_ws/install/rosapi_msgs/local/lib/python3.10/dist-packages/rosapi_msgs/_rosapi_msgs_s.ep.rosidl_typesupport_c.c
[5.507s] -- Up-to-date: /home/hello-robot/ament_ws/install/rosapi_msgs/local/lib/python3.10/dist-packages/rosapi_msgs/rosapi_msgs_s__rosidl_typesupport_c.cpython-310-x86_64-linux-gnu.so
[5.507s] -- Up-to-date: /home/hello-robot/ament_ws/install/rosapi_msgs/local/lib/python3.10/dist-packages/rosapi_msgs/rosapi_msgs_s__rosidl_typesupport_introspection_c.cpython-310-x86_64-linux-gnu.so
[5.507s] -- Up-to-date: /home/hello-robot/ament_ws/install/rosapi_msgs/local/lib/python3.10/dist-packages/rosapi_msgs/_rosapi_msgs_s.ep.rosidl_typesupport_introspection_c.c
[5.507s] -- Up-to-date: /home/hello-robot/ament_ws/install/rosapi_msgs/local/lib/python3.10/dist-packages/rosapi_msgs/_rosapi_msgs_s.ep.rosidl_typesupport_fastrtps_c.c
[5.507s] -- Up-to-date: /home/hello-robot/ament_ws/install/rosapi_msgs/local/lib/python3.10/dist-packages/rosapi_msgs/srv
[5.508s] -- Up-to-date: /home/hello-robot/ament_ws/install/rosapi_msgs/local/lib/python3.10/dist-packages/rosapi_msgs/srv/_get_ros_version.py
[5.508s] -- Up-to-date: /home/hello-robot/ament_ws/install/rosapi_msgs/local/lib/python3.10/dist-packages/rosapi_msgs/srv/_services_for_type_s.c
[5.508s] -- Up-to-date: /home/hello-robot/ament_ws/install/rosapi_msgs/local/lib/python3.10/dist-packages/rosapi_msgs/srv/_nodes.py
[5.508s] -- Up-to-date: /home/hello-robot/ament_ws/install/rosapi_msgs/local/lib/python3.10/dist-packages/rosapi_msgs/srv/_delete_param_s.c
[5.508s] -- Up-to-date: /home/hello-robot/ament_ws/install/rosapi_msgs/local/lib/python3.10/dist-packages/rosapi_msgs/srv/_services_for_type.py
[5.508s] -- Up-to-date: /home/hello-robot/ament_ws/install/rosapi_msgs/local/lib/python3.10/dist-packages/rosapi_msgs/srv/_service_providers_s.c
[5.508s] -- Up-to-date: /home/hello-robot/ament_ws/install/rosapi_msgs/local/lib/python3.10/dist-packages/rosapi_msgs/srv/_has_param_s.c
[5.508s] -- Up-to-date: /home/hello-robot/ament_ws/install/rosapi_msgs/local/lib/python3.10/dist-packages/rosapi_msgs/srv/_service_providers.py
[5.508s] -- Up-to-date: /home/hello-robot/ament_ws/install/rosapi_msgs/local/lib/python3.10/dist-packages/rosapi_msgs/srv/_node_details_s.c
[5.508s] -- Up-to-date: /home/hello-robot/ament_ws/install/rosapi_msgs/local/lib/python3.10/dist-packages/rosapi_msgs/srv/_service_type_s.c
[5.509s] -- Up-to-date: /home/hello-robot/ament_ws/install/rosapi_msgs/local/lib/python3.10/dist-packages/rosapi_msgs/srv/_get_param_names_s.c
[5.509s] -- Up-to-date: /home/hello-robot/ament_ws/install/rosapi_msgs/local/lib/python3.10/dist-packages/rosapi_msgs/srv/_services.py
[5.509s] -- Up-to-date: /home/hello-robot/ament_ws/install/rosapi_msgs/local/lib/python3.10/dist-packages/rosapi_msgs/srv/_topics_s.c
[5.509s] -- Up-to-date: /home/hello-robot/ament_ws/install/rosapi_msgs/local/lib/python3.10/dist-packages/rosapi_msgs/srv/_node_details.py
[5.509s] -- Up-to-date: /home/hello-robot/ament_ws/install/rosapi_msgs/local/lib/python3.10/dist-packages/rosapi_msgs/srv/_get_action_servers_s.c
[5.509s] -- Up-to-date: /home/hello-robot/ament_ws/install/rosapi_msgs/local/lib/python3.10/dist-packages/rosapi_msgs/srv/_service_response_details.py
[5.509s] -- Up-to-date: /home/hello-robot/ament_ws/install/rosapi_msgs/local/lib/python3.10/dist-packages/rosapi_msgs/srv/_set_param.py
[5.509s] -- Up-to-date: /home/hello-robot/ament_ws/install/rosapi_msgs/local/lib/python3.10/dist-packages/rosapi_msgs/srv/_topic_type.py
[5.509s] -- Up-to-date: /home/hello-robot/ament_ws/install/rosapi_msgs/local/lib/python3.10/dist-packages/rosapi_msgs/srv/_get_param_s.c
[5.509s] -- Up-to-date: /home/hello-robot/ament_ws/install/rosapi_msgs/local/lib/python3.10/dist-packages/rosapi_msgs/srv/_topic_type_s.c
[5.510s] -- Up-to-date: /home/hello-robot/ament_ws/install/rosapi_msgs/local/lib/python3.10/dist-packages/rosapi_msgs/srv/_topics_and_raw_types.py
[5.510s] -- Up-to-date: /home/hello-robot/ament_ws/install/rosapi_msgs/local/lib/python3.10/dist-packages/rosapi_msgs/srv/_topics_for_type.py
[5.510s] -- Up-to-date: /home/hello-robot/ament_ws/install/rosapi_msgs/local/lib/python3.10/dist-packages/rosapi_msgs/srv/_get_time.py
[5.510s] -- Up-to-date: /home/hello-robot/ament_ws/install/rosapi_msgs/local/lib/python3.10/dist-packages/rosapi_msgs/srv/_get_ros_version_s.c
[5.510s] -- Up-to-date: /home/hello-robot/ament_ws/install/rosapi_msgs/local/lib/python3.10/dist-packages/rosapi_msgs/srv/_service_type.py
[5.510s] -- Up-to-date: /home/hello-robot/ament_ws/install/rosapi_msgs/local/lib/python3.10/dist-packages/rosapi_msgs/srv/_get_param_names.py
[5.510s] -- Up-to-date: /home/hello-robot/ament_ws/install/rosapi_msgs/local/lib/python3.10/dist-packages/rosapi_msgs/srv/_publishers_s.c
[5.510s] -- Up-to-date: /home/hello-robot/ament_ws/install/rosapi_msgs/local/lib/python3.10/dist-packages/rosapi_msgs/srv/_has_param.py
[5.510s] -- Up-to-date: /home/hello-robot/ament_ws/install/rosapi_msgs/local/lib/python3.10/dist-packages/rosapi_msgs/srv/_topics_for_type_s.c
[5.510s] -- Up-to-date: /home/hello-robot/ament_ws/install/rosapi_msgs/local/lib/python3.10/dist-packages/rosapi_msgs/srv/_publishers.py
[5.510s] -- Up-to-date: /home/hello-robot/ament_ws/install/rosapi_msgs/local/lib/python3.10/dist-packages/rosapi_msgs/srv/_service_response_details_s.c
[5.511s] -- Up-to-date: /home/hello-robot/ament_ws/install/rosapi_msgs/local/lib/python3.10/dist-packages/rosapi_msgs/srv/_service_request_details_s.c
[5.511s] -- Up-to-date: /home/hello-robot/ament_ws/install/rosapi_msgs/local/lib/python3.10/dist-packages/rosapi_msgs/srv/_get_time_s.c
[5.511s] -- Up-to-date: /home/hello-robot/ament_ws/install/rosapi_msgs/local/lib/python3.10/dist-packages/rosapi_msgs/srv/_nodes_s.c
[5.511s] -- Up-to-date: /home/hello-robot/ament_ws/install/rosapi_msgs/local/lib/python3.10/dist-packages/rosapi_msgs/srv/_message_details_s.c
[5.511s] -- Up-to-date: /home/hello-robot/ament_ws/install/rosapi_msgs/local/lib/python3.10/dist-packages/rosapi_msgs/srv/_topics_and_raw_types_s.c
[5.511s] -- Up-to-date: /home/hello-robot/ament_ws/install/rosapi_msgs/local/lib/python3.10/dist-packages/rosapi_msgs/srv/_subscribers_s.c
[5.511s] -- Up-to-date: /home/hello-robot/ament_ws/install/rosapi_msgs/local/lib/python3.10/dist-packages/rosapi_msgs/srv/_service_node_s.c
[5.511s] -- Up-to-date: /home/hello-robot/ament_ws/install/rosapi_msgs/local/lib/python3.10/dist-packages/rosapi_msgs/srv/_topics.py
[5.511s] -- Up-to-date: /home/hello-robot/ament_ws/install/rosapi_msgs/local/lib/python3.10/dist-packages/rosapi_msgs/srv/_service_node.py
[5.511s] -- Up-to-date: /home/hello-robot/ament_ws/install/rosapi_msgs/local/lib/python3.10/dist-packages/rosapi_msgs/srv/_get_param.py
[5.511s] -- Up-to-date: /home/hello-robot/ament_ws/install/rosapi_msgs/local/lib/python3.10/dist-packages/rosapi_msgs/srv/__init__.py
[5.512s] -- Up-to-date: /home/hello-robot/ament_ws/install/rosapi_msgs/local/lib/python3.10/dist-packages/rosapi_msgs/srv/_set_param_s.c
[5.512s] -- Up-to-date: /home/hello-robot/ament_ws/install/rosapi_msgs/local/lib/python3.10/dist-packages/rosapi_msgs/srv/_get_action_servers.py
[5.512s] -- Up-to-date: /home/hello-robot/ament_ws/install/rosapi_msgs/local/lib/python3.10/dist-packages/rosapi_msgs/srv/_services_s.c
[5.513s] -- Up-to-date: /home/hello-robot/ament_ws/install/rosapi_msgs/local/lib/python3.10/dist-packages/rosapi_msgs/srv/_delete_param.py
[5.513s] -- Up-to-date: /home/hello-robot/ament_ws/install/rosapi_msgs/local/lib/python3.10/dist-packages/rosapi_msgs/srv/_message_details.py
[5.513s] -- Up-to-date: /home/hello-robot/ament_ws/install/rosapi_msgs/local/lib/python3.10/dist-packages/rosapi_msgs/srv/_subscribers.py
[5.513s] -- Up-to-date: /home/hello-robot/ament_ws/install/rosapi_msgs/local/lib/python3.10/dist-packages/rosapi_msgs/srv/_service_request_details.py
[5.513s] -- Up-to-date: /home/hello-robot/ament_ws/install/rosapi_msgs/local/lib/python3.10/dist-packages/rosapi_msgs/msg
[5.514s] -- Up-to-date: /home/hello-robot/ament_ws/install/rosapi_msgs/local/lib/python3.10/dist-packages/rosapi_msgs/msg/_type_def_s.c
[5.514s] -- Up-to-date: /home/hello-robot/ament_ws/install/rosapi_msgs/local/lib/python3.10/dist-packages/rosapi_msgs/msg/_type_def.py
[5.514s] -- Up-to-date: /home/hello-robot/ament_ws/install/rosapi_msgs/local/lib/python3.10/dist-packages/rosapi_msgs/msg/__init__.py
[5.515s] -- Up-to-date: /home/hello-robot/ament_ws/install/rosapi_msgs/local/lib/python3.10/dist-packages/rosapi_msgs/__init__.py
[5.515s] -- Up-to-date: /home/hello-robot/ament_ws/install/rosapi_msgs/local/lib/python3.10/dist-packages/rosapi_msgs/librosapi_msgs__rosidl_generator_py.so
[5.529s] Listing '/home/hello-robot/ament_ws/install/rosapi_msgs/local/lib/python3.10/dist-packages/rosapi_msgs'...
[5.529s] Listing '/home/hello-robot/ament_ws/install/rosapi_msgs/local/lib/python3.10/dist-packages/rosapi_msgs/msg'...
[5.529s] Listing '/home/hello-robot/ament_ws/install/rosapi_msgs/local/lib/python3.10/dist-packages/rosapi_msgs/srv'...
[5.530s] -- Up-to-date: /home/hello-robot/ament_ws/install/rosapi_msgs/local/lib/python3.10/dist-packages/rosapi_msgs/rosapi_msgs_s__rosidl_typesupport_fastrtps_c.cpython-310-x86_64-linux-gnu.so
[5.530s] -- Up-to-date: /home/hello-robot/ament_ws/install/rosapi_msgs/local/lib/python3.10/dist-packages/rosapi_msgs/rosapi_msgs_s__rosidl_typesupport_introspection_c.cpython-310-x86_64-linux-gnu.so
[5.530s] -- Up-to-date: /home/hello-robot/ament_ws/install/rosapi_msgs/local/lib/python3.10/dist-packages/rosapi_msgs/rosapi_msgs_s__rosidl_typesupport_c.cpython-310-x86_64-linux-gnu.so
[5.530s] -- Up-to-date: /home/hello-robot/ament_ws/install/rosapi_msgs/lib/librosapi_msgs__rosidl_generator_py.so
[5.530s] -- Up-to-date: /home/hello-robot/ament_ws/install/rosapi_msgs/share/rosapi_msgs/msg/TypeDef.idl
[5.530s] -- Up-to-date: /home/hello-robot/ament_ws/install/rosapi_msgs/share/rosapi_msgs/srv/DeleteParam.idl
[5.530s] -- Up-to-date: /home/hello-robot/ament_ws/install/rosapi_msgs/share/rosapi_msgs/srv/GetActionServers.idl
[5.530s] -- Up-to-date: /home/hello-robot/ament_ws/install/rosapi_msgs/share/rosapi_msgs/srv/GetParam.idl
[5.531s] -- Up-to-date: /home/hello-robot/ament_ws/install/rosapi_msgs/share/rosapi_msgs/srv/GetParamNames.idl
[5.531s] -- Up-to-date: /home/hello-robot/ament_ws/install/rosapi_msgs/share/rosapi_msgs/srv/GetROSVersion.idl
[5.531s] -- Up-to-date: /home/hello-robot/ament_ws/install/rosapi_msgs/share/rosapi_msgs/srv/GetTime.idl
[5.532s] -- Up-to-date: /home/hello-robot/ament_ws/install/rosapi_msgs/share/rosapi_msgs/srv/HasParam.idl
[5.532s] -- Up-to-date: /home/hello-robot/ament_ws/install/rosapi_msgs/share/rosapi_msgs/srv/MessageDetails.idl
[5.532s] -- Up-to-date: /home/hello-robot/ament_ws/install/rosapi_msgs/share/rosapi_msgs/srv/Nodes.idl
[5.532s] -- Up-to-date: /home/hello-robot/ament_ws/install/rosapi_msgs/share/rosapi_msgs/srv/NodeDetails.idl
[5.532s] -- Up-to-date: /home/hello-robot/ament_ws/install/rosapi_msgs/share/rosapi_msgs/srv/Publishers.idl
[5.532s] -- Up-to-date: /home/hello-robot/ament_ws/install/rosapi_msgs/share/rosapi_msgs/srv/ServiceNode.idl
[5.532s] -- Up-to-date: /home/hello-robot/ament_ws/install/rosapi_msgs/share/rosapi_msgs/srv/ServiceProviders.idl
[5.532s] -- Up-to-date: /home/hello-robot/ament_ws/install/rosapi_msgs/share/rosapi_msgs/srv/ServiceRequestDetails.idl
[5.532s] -- Up-to-date: /home/hello-robot/ament_ws/install/rosapi_msgs/share/rosapi_msgs/srv/ServiceResponseDetails.idl
[5.532s] -- Up-to-date: /home/hello-robot/ament_ws/install/rosapi_msgs/share/rosapi_msgs/srv/Services.idl
[5.533s] -- Up-to-date: /home/hello-robot/ament_ws/install/rosapi_msgs/share/rosapi_msgs/srv/ServicesForType.idl
[5.533s] -- Up-to-date: /home/hello-robot/ament_ws/install/rosapi_msgs/share/rosapi_msgs/srv/ServiceType.idl
[5.533s] -- Up-to-date: /home/hello-robot/ament_ws/install/rosapi_msgs/share/rosapi_msgs/srv/SetParam.idl
[5.533s] -- Up-to-date: /home/hello-robot/ament_ws/install/rosapi_msgs/share/rosapi_msgs/srv/Subscribers.idl
[5.533s] -- Up-to-date: /home/hello-robot/ament_ws/install/rosapi_msgs/share/rosapi_msgs/srv/Topics.idl
[5.533s] -- Up-to-date: /home/hello-robot/ament_ws/install/rosapi_msgs/share/rosapi_msgs/srv/TopicsAndRawTypes.idl
[5.533s] -- Up-to-date: /home/hello-robot/ament_ws/install/rosapi_msgs/share/rosapi_msgs/srv/TopicsForType.idl
[5.533s] -- Up-to-date: /home/hello-robot/ament_ws/install/rosapi_msgs/share/rosapi_msgs/srv/TopicType.idl
[5.533s] -- Up-to-date: /home/hello-robot/ament_ws/install/rosapi_msgs/share/rosapi_msgs/msg/TypeDef.msg
[5.533s] -- Up-to-date: /home/hello-robot/ament_ws/install/rosapi_msgs/share/rosapi_msgs/srv/DeleteParam.srv
[5.533s] -- Up-to-date: /home/hello-robot/ament_ws/install/rosapi_msgs/share/rosapi_msgs/srv/DeleteParam_Request.msg
[5.534s] -- Up-to-date: /home/hello-robot/ament_ws/install/rosapi_msgs/share/rosapi_msgs/srv/DeleteParam_Response.msg
[5.534s] -- Up-to-date: /home/hello-robot/ament_ws/install/rosapi_msgs/share/rosapi_msgs/srv/GetActionServers.srv
[5.534s] -- Up-to-date: /home/hello-robot/ament_ws/install/rosapi_msgs/share/rosapi_msgs/srv/GetActionServers_Request.msg
[5.534s] -- Up-to-date: /home/hello-robot/ament_ws/install/rosapi_msgs/share/rosapi_msgs/srv/GetActionServers_Response.msg
[5.534s] -- Up-to-date: /home/hello-robot/ament_ws/install/rosapi_msgs/share/rosapi_msgs/srv/GetParam.srv
[5.534s] -- Up-to-date: /home/hello-robot/ament_ws/install/rosapi_msgs/share/rosapi_msgs/srv/GetParam_Request.msg
[5.534s] -- Up-to-date: /home/hello-robot/ament_ws/install/rosapi_msgs/share/rosapi_msgs/srv/GetParam_Response.msg
[5.534s] -- Up-to-date: /home/hello-robot/ament_ws/install/rosapi_msgs/share/rosapi_msgs/srv/GetParamNames.srv
[5.534s] -- Up-to-date: /home/hello-robot/ament_ws/install/rosapi_msgs/share/rosapi_msgs/srv/GetParamNames_Request.msg
[5.534s] -- Up-to-date: /home/hello-robot/ament_ws/install/rosapi_msgs/share/rosapi_msgs/srv/GetParamNames_Response.msg
[5.534s] -- Up-to-date: /home/hello-robot/ament_ws/install/rosapi_msgs/share/rosapi_msgs/srv/GetROSVersion.srv
[5.534s] -- Up-to-date: /home/hello-robot/ament_ws/install/rosapi_msgs/share/rosapi_msgs/srv/GetROSVersion_Request.msg
[5.535s] -- Up-to-date: /home/hello-robot/ament_ws/install/rosapi_msgs/share/rosapi_msgs/srv/GetROSVersion_Response.msg
[5.535s] -- Up-to-date: /home/hello-robot/ament_ws/install/rosapi_msgs/share/rosapi_msgs/srv/GetTime.srv
[5.535s] -- Up-to-date: /home/hello-robot/ament_ws/install/rosapi_msgs/share/rosapi_msgs/srv/GetTime_Request.msg
[5.535s] -- Up-to-date: /home/hello-robot/ament_ws/install/rosapi_msgs/share/rosapi_msgs/srv/GetTime_Response.msg
[5.535s] -- Up-to-date: /home/hello-robot/ament_ws/install/rosapi_msgs/share/rosapi_msgs/srv/HasParam.srv
[5.535s] -- Up-to-date: /home/hello-robot/ament_ws/install/rosapi_msgs/share/rosapi_msgs/srv/HasParam_Request.msg
[5.535s] -- Up-to-date: /home/hello-robot/ament_ws/install/rosapi_msgs/share/rosapi_msgs/srv/HasParam_Response.msg
[5.535s] -- Up-to-date: /home/hello-robot/ament_ws/install/rosapi_msgs/share/rosapi_msgs/srv/MessageDetails.srv
[5.535s] -- Up-to-date: /home/hello-robot/ament_ws/install/rosapi_msgs/share/rosapi_msgs/srv/MessageDetails_Request.msg
[5.535s] -- Up-to-date: /home/hello-robot/ament_ws/install/rosapi_msgs/share/rosapi_msgs/srv/MessageDetails_Response.msg
[5.535s] -- Up-to-date: /home/hello-robot/ament_ws/install/rosapi_msgs/share/rosapi_msgs/srv/Nodes.srv
[5.536s] -- Up-to-date: /home/hello-robot/ament_ws/install/rosapi_msgs/share/rosapi_msgs/srv/Nodes_Request.msg
[5.536s] -- Up-to-date: /home/hello-robot/ament_ws/install/rosapi_msgs/share/rosapi_msgs/srv/Nodes_Response.msg
[5.536s] -- Up-to-date: /home/hello-robot/ament_ws/install/rosapi_msgs/share/rosapi_msgs/srv/NodeDetails.srv
[5.536s] -- Up-to-date: /home/hello-robot/ament_ws/install/rosapi_msgs/share/rosapi_msgs/srv/NodeDetails_Request.msg
[5.536s] -- Up-to-date: /home/hello-robot/ament_ws/install/rosapi_msgs/share/rosapi_msgs/srv/NodeDetails_Response.msg
[5.536s] -- Up-to-date: /home/hello-robot/ament_ws/install/rosapi_msgs/share/rosapi_msgs/srv/Publishers.srv
[5.536s] -- Up-to-date: /home/hello-robot/ament_ws/install/rosapi_msgs/share/rosapi_msgs/srv/Publishers_Request.msg
[5.536s] -- Up-to-date: /home/hello-robot/ament_ws/install/rosapi_msgs/share/rosapi_msgs/srv/Publishers_Response.msg
[5.537s] -- Up-to-date: /home/hello-robot/ament_ws/install/rosapi_msgs/share/rosapi_msgs/srv/ServiceNode.srv
[5.537s] -- Up-to-date: /home/hello-robot/ament_ws/install/rosapi_msgs/share/rosapi_msgs/srv/ServiceNode_Request.msg
[5.537s] -- Up-to-date: /home/hello-robot/ament_ws/install/rosapi_msgs/share/rosapi_msgs/srv/ServiceNode_Response.msg
[5.537s] -- Up-to-date: /home/hello-robot/ament_ws/install/rosapi_msgs/share/rosapi_msgs/srv/ServiceProviders.srv
[5.537s] -- Up-to-date: /home/hello-robot/ament_ws/install/rosapi_msgs/share/rosapi_msgs/srv/ServiceProviders_Request.msg
[5.537s] -- Up-to-date: /home/hello-robot/ament_ws/install/rosapi_msgs/share/rosapi_msgs/srv/ServiceProviders_Response.msg
[5.537s] -- Up-to-date: /home/hello-robot/ament_ws/install/rosapi_msgs/share/rosapi_msgs/srv/ServiceRequestDetails.srv
[5.537s] -- Up-to-date: /home/hello-robot/ament_ws/install/rosapi_msgs/share/rosapi_msgs/srv/ServiceRequestDetails_Request.msg
[5.537s] -- Up-to-date: /home/hello-robot/ament_ws/install/rosapi_msgs/share/rosapi_msgs/srv/ServiceRequestDetails_Response.msg
[5.537s] -- Up-to-date: /home/hello-robot/ament_ws/install/rosapi_msgs/share/rosapi_msgs/srv/ServiceResponseDetails.srv
[5.537s] -- Up-to-date: /home/hello-robot/ament_ws/install/rosapi_msgs/share/rosapi_msgs/srv/ServiceResponseDetails_Request.msg
[5.537s] -- Up-to-date: /home/hello-robot/ament_ws/install/rosapi_msgs/share/rosapi_msgs/srv/ServiceResponseDetails_Response.msg
[5.537s] -- Up-to-date: /home/hello-robot/ament_ws/install/rosapi_msgs/share/rosapi_msgs/srv/Services.srv
[5.538s] -- Up-to-date: /home/hello-robot/ament_ws/install/rosapi_msgs/share/rosapi_msgs/srv/Services_Request.msg
[5.538s] -- Up-to-date: /home/hello-robot/ament_ws/install/rosapi_msgs/share/rosapi_msgs/srv/Services_Response.msg
[5.538s] -- Up-to-date: /home/hello-robot/ament_ws/install/rosapi_msgs/share/rosapi_msgs/srv/ServicesForType.srv
[5.538s] -- Up-to-date: /home/hello-robot/ament_ws/install/rosapi_msgs/share/rosapi_msgs/srv/ServicesForType_Request.msg
[5.538s] -- Up-to-date: /home/hello-robot/ament_ws/install/rosapi_msgs/share/rosapi_msgs/srv/ServicesForType_Response.msg
[5.538s] -- Up-to-date: /home/hello-robot/ament_ws/install/rosapi_msgs/share/rosapi_msgs/srv/ServiceType.srv
[5.538s] -- Up-to-date: /home/hello-robot/ament_ws/install/rosapi_msgs/share/rosapi_msgs/srv/ServiceType_Request.msg
[5.538s] -- Up-to-date: /home/hello-robot/ament_ws/install/rosapi_msgs/share/rosapi_msgs/srv/ServiceType_Response.msg
[5.538s] -- Up-to-date: /home/hello-robot/ament_ws/install/rosapi_msgs/share/rosapi_msgs/srv/SetParam.srv
[5.538s] -- Up-to-date: /home/hello-robot/ament_ws/install/rosapi_msgs/share/rosapi_msgs/srv/SetParam_Request.msg
[5.538s] -- Up-to-date: /home/hello-robot/ament_ws/install/rosapi_msgs/share/rosapi_msgs/srv/SetParam_Response.msg
[5.538s] -- Up-to-date: /home/hello-robot/ament_ws/install/rosapi_msgs/share/rosapi_msgs/srv/Subscribers.srv
[5.539s] -- Up-to-date: /home/hello-robot/ament_ws/install/rosapi_msgs/share/rosapi_msgs/srv/Subscribers_Request.msg
[5.539s] -- Up-to-date: /home/hello-robot/ament_ws/install/rosapi_msgs/share/rosapi_msgs/srv/Subscribers_Response.msg
[5.539s] -- Up-to-date: /home/hello-robot/ament_ws/install/rosapi_msgs/share/rosapi_msgs/srv/Topics.srv
[5.539s] -- Up-to-date: /home/hello-robot/ament_ws/install/rosapi_msgs/share/rosapi_msgs/srv/Topics_Request.msg
[5.539s] -- Up-to-date: /home/hello-robot/ament_ws/install/rosapi_msgs/share/rosapi_msgs/srv/Topics_Response.msg
[5.539s] -- Up-to-date: /home/hello-robot/ament_ws/install/rosapi_msgs/share/rosapi_msgs/srv/TopicsAndRawTypes.srv
[5.539s] -- Up-to-date: /home/hello-robot/ament_ws/install/rosapi_msgs/share/rosapi_msgs/srv/TopicsAndRawTypes_Request.msg
[5.539s] -- Up-to-date: /home/hello-robot/ament_ws/install/rosapi_msgs/share/rosapi_msgs/srv/TopicsAndRawTypes_Response.msg
[5.539s] -- Up-to-date: /home/hello-robot/ament_ws/install/rosapi_msgs/share/rosapi_msgs/srv/TopicsForType.srv
[5.539s] -- Up-to-date: /home/hello-robot/ament_ws/install/rosapi_msgs/share/rosapi_msgs/srv/TopicsForType_Request.msg
[5.539s] -- Up-to-date: /home/hello-robot/ament_ws/install/rosapi_msgs/share/rosapi_msgs/srv/TopicsForType_Response.msg
[5.539s] -- Up-to-date: /home/hello-robot/ament_ws/install/rosapi_msgs/share/rosapi_msgs/srv/TopicType.srv
[5.540s] -- Up-to-date: /home/hello-robot/ament_ws/install/rosapi_msgs/share/rosapi_msgs/srv/TopicType_Request.msg
[5.540s] -- Up-to-date: /home/hello-robot/ament_ws/install/rosapi_msgs/share/rosapi_msgs/srv/TopicType_Response.msg
[5.540s] -- Up-to-date: /home/hello-robot/ament_ws/install/rosapi_msgs/share/ament_index/resource_index/package_run_dependencies/rosapi_msgs
[5.540s] -- Up-to-date: /home/hello-robot/ament_ws/install/rosapi_msgs/share/ament_index/resource_index/parent_prefix_path/rosapi_msgs
[5.540s] -- Up-to-date: /home/hello-robot/ament_ws/install/rosapi_msgs/share/rosapi_msgs/environment/ament_prefix_path.sh
[5.540s] -- Up-to-date: /home/hello-robot/ament_ws/install/rosapi_msgs/share/rosapi_msgs/environment/ament_prefix_path.dsv
[5.540s] -- Up-to-date: /home/hello-robot/ament_ws/install/rosapi_msgs/share/rosapi_msgs/environment/path.sh
[5.540s] -- Up-to-date: /home/hello-robot/ament_ws/install/rosapi_msgs/share/rosapi_msgs/environment/path.dsv
[5.540s] -- Up-to-date: /home/hello-robot/ament_ws/install/rosapi_msgs/share/rosapi_msgs/local_setup.bash
[5.540s] -- Up-to-date: /home/hello-robot/ament_ws/install/rosapi_msgs/share/rosapi_msgs/local_setup.sh
[5.541s] -- Up-to-date: /home/hello-robot/ament_ws/install/rosapi_msgs/share/rosapi_msgs/local_setup.zsh
[5.541s] -- Up-to-date: /home/hello-robot/ament_ws/install/rosapi_msgs/share/rosapi_msgs/local_setup.dsv
[5.541s] -- Installing: /home/hello-robot/ament_ws/install/rosapi_msgs/share/rosapi_msgs/package.dsv
[5.541s] -- Up-to-date: /home/hello-robot/ament_ws/install/rosapi_msgs/share/ament_index/resource_index/packages/rosapi_msgs
[5.541s] -- Up-to-date: /home/hello-robot/ament_ws/install/rosapi_msgs/share/rosapi_msgs/cmake/export_rosapi_msgs__rosidl_generator_cExport.cmake
[5.541s] -- Up-to-date: /home/hello-robot/ament_ws/install/rosapi_msgs/share/rosapi_msgs/cmake/export_rosapi_msgs__rosidl_generator_cExport-release.cmake
[5.541s] -- Up-to-date: /home/hello-robot/ament_ws/install/rosapi_msgs/share/rosapi_msgs/cmake/export_rosapi_msgs__rosidl_typesupport_fastrtps_cExport.cmake
[5.541s] -- Up-to-date: /home/hello-robot/ament_ws/install/rosapi_msgs/share/rosapi_msgs/cmake/export_rosapi_msgs__rosidl_typesupport_fastrtps_cExport-release.cmake
[5.541s] -- Up-to-date: /home/hello-robot/ament_ws/install/rosapi_msgs/share/rosapi_msgs/cmake/export_rosapi_msgs__rosidl_generator_cppExport.cmake
[5.542s] -- Up-to-date: /home/hello-robot/ament_ws/install/rosapi_msgs/share/rosapi_msgs/cmake/export_rosapi_msgs__rosidl_typesupport_fastrtps_cppExport.cmake
[5.542s] -- Up-to-date: /home/hello-robot/ament_ws/install/rosapi_msgs/share/rosapi_msgs/cmake/export_rosapi_msgs__rosidl_typesupport_fastrtps_cppExport-release.cmake
[5.542s] -- Up-to-date: /home/hello-robot/ament_ws/install/rosapi_msgs/share/rosapi_msgs/cmake/rosapi_msgs__rosidl_typesupport_introspection_cExport.cmake
[5.543s] -- Up-to-date: /home/hello-robot/ament_ws/install/rosapi_msgs/share/rosapi_msgs/cmake/rosapi_msgs__rosidl_typesupport_introspection_cExport-release.cmake
[5.543s] -- Up-to-date: /home/hello-robot/ament_ws/install/rosapi_msgs/share/rosapi_msgs/cmake/rosapi_msgs__rosidl_typesupport_cExport.cmake
[5.543s] -- Up-to-date: /home/hello-robot/ament_ws/install/rosapi_msgs/share/rosapi_msgs/cmake/rosapi_msgs__rosidl_typesupport_cExport-release.cmake
[5.544s] -- Up-to-date: /home/hello-robot/ament_ws/install/rosapi_msgs/share/rosapi_msgs/cmake/rosapi_msgs__rosidl_typesupport_introspection_cppExport.cmake
[5.545s] -- Up-to-date: /home/hello-robot/ament_ws/install/rosapi_msgs/share/rosapi_msgs/cmake/rosapi_msgs__rosidl_typesupport_introspection_cppExport-release.cmake
[5.545s] -- Up-to-date: /home/hello-robot/ament_ws/install/rosapi_msgs/share/rosapi_msgs/cmake/rosapi_msgs__rosidl_typesupport_cppExport.cmake
[5.545s] -- Up-to-date: /home/hello-robot/ament_ws/install/rosapi_msgs/share/rosapi_msgs/cmake/rosapi_msgs__rosidl_typesupport_cppExport-release.cmake
[5.545s] -- Up-to-date: /home/hello-robot/ament_ws/install/rosapi_msgs/share/rosapi_msgs/cmake/export_rosapi_msgs__rosidl_generator_pyExport.cmake
[5.545s] -- Up-to-date: /home/hello-robot/ament_ws/install/rosapi_msgs/share/rosapi_msgs/cmake/export_rosapi_msgs__rosidl_generator_pyExport-release.cmake
[5.545s] -- Up-to-date: /home/hello-robot/ament_ws/install/rosapi_msgs/share/rosapi_msgs/cmake/rosidl_cmake-extras.cmake
[5.545s] -- Up-to-date: /home/hello-robot/ament_ws/install/rosapi_msgs/share/rosapi_msgs/cmake/ament_cmake_export_dependencies-extras.cmake
[5.545s] -- Up-to-date: /home/hello-robot/ament_ws/install/rosapi_msgs/share/rosapi_msgs/cmake/ament_cmake_export_include_directories-extras.cmake
[5.546s] -- Up-to-date: /home/hello-robot/ament_ws/install/rosapi_msgs/share/rosapi_msgs/cmake/ament_cmake_export_libraries-extras.cmake
[5.546s] -- Up-to-date: /home/hello-robot/ament_ws/install/rosapi_msgs/share/rosapi_msgs/cmake/ament_cmake_export_targets-extras.cmake
[5.546s] -- Up-to-date: /home/hello-robot/ament_ws/install/rosapi_msgs/share/rosapi_msgs/cmake/rosidl_cmake_export_typesupport_targets-extras.cmake
[5.546s] -- Up-to-date: /home/hello-robot/ament_ws/install/rosapi_msgs/share/rosapi_msgs/cmake/rosidl_cmake_export_typesupport_libraries-extras.cmake
[5.546s] -- Up-to-date: /home/hello-robot/ament_ws/install/rosapi_msgs/share/rosapi_msgs/cmake/rosapi_msgsConfig.cmake
[5.546s] -- Up-to-date: /home/hello-robot/ament_ws/install/rosapi_msgs/share/rosapi_msgs/cmake/rosapi_msgsConfig-version.cmake
[5.546s] -- Up-to-date: /home/hello-robot/ament_ws/install/rosapi_msgs/share/rosapi_msgs/package.xml
[6.955s] Invoked command in '/home/hello-robot/ament_ws/build/rosapi_msgs' returned '0': CMAKE_PREFIX_PATH=${CMAKE_PREFIX_PATH}:/home/hello-robot/ament_ws/install/tf2_web_republisher_py:/home/hello-robot/ament_ws/install/stretch_ros_tutorials:/home/hello-robot/ament_ws/install/stretch_funmap:/home/hello-robot/ament_ws/install/stretch_calibration:/home/hello-robot/ament_ws/install/stretch_demos:/home/hello-robot/ament_ws/install/stretch_deep_perception:/home/hello-robot/ament_ws/install/stretch_core:/home/hello-robot/ament_ws/install/respeaker_ros2:/home/hello-robot/ament_ws/install/hello_helpers:/opt/ros/humble /usr/bin/cmake --install /home/hello-robot/ament_ws/build/rosapi_msgs
