[0.477s] Invoking command in '/home/hello-robot/ament_ws/build/rosbridge_msgs': CMAKE_PREFIX_PATH=/opt/ros/humble /usr/bin/cmake /home/hello-robot/ament_ws/src/rosbridge_suite/rosbridge_msgs -DCMAKE_BUILD_TYPE=Release -DCMAKE_INSTALL_PREFIX=/home/hello-robot/ament_ws/install/rosbridge_msgs
[3.546s] -- The C compiler identification is GNU 11.4.0
[3.547s] -- The CXX compiler identification is GNU 11.4.0
[3.548s] -- Detecting C compiler ABI info
[3.548s] -- Detecting C compiler ABI info - done
[3.548s] -- Check for working C compiler: /usr/bin/cc - skipped
[3.548s] -- Detecting C compile features
[3.548s] -- Detecting C compile features - done
[3.549s] -- Detecting CXX compiler ABI info
[3.549s] -- Detecting CXX compiler ABI info - done
[3.550s] -- Check for working CXX compiler: /usr/bin/c++ - skipped
[3.550s] -- Detecting CXX compile features
[3.550s] -- Detecting CXX compile features - done
[3.550s] -- Found ament_cmake_ros: 0.10.0 (/opt/ros/humble/share/ament_cmake_ros/cmake)
[3.550s] -- Found Python3: /usr/bin/python3 (found version "3.10.12") found components: Interpreter 
[3.550s] -- Found builtin_interfaces: 1.2.1 (/opt/ros/humble/share/builtin_interfaces/cmake)
[3.550s] -- Found rosidl_generator_c: 3.1.5 (/opt/ros/humble/share/rosidl_generator_c/cmake)
[3.550s] -- Found rosidl_adapter: 3.1.5 (/opt/ros/humble/share/rosidl_adapter/cmake)
[3.551s] -- Found rosidl_generator_cpp: 3.1.5 (/opt/ros/humble/share/rosidl_generator_cpp/cmake)
[3.551s] -- Using all available rosidl_typesupport_c: rosidl_typesupport_fastrtps_c;rosidl_typesupport_introspection_c
[3.551s] -- Using all available rosidl_typesupport_cpp: rosidl_typesupport_fastrtps_cpp;rosidl_typesupport_introspection_cpp
[3.551s] -- Found rosidl_default_generators: 1.2.0 (/opt/ros/humble/share/rosidl_default_generators/cmake)
[3.551s] -- Using all available rosidl_typesupport_c: rosidl_typesupport_fastrtps_c;rosidl_typesupport_introspection_c
[3.551s] -- Using all available rosidl_typesupport_cpp: rosidl_typesupport_fastrtps_cpp;rosidl_typesupport_introspection_cpp
[3.551s] -- Found PythonInterp: /usr/bin/python3 (found suitable version "3.10.12", minimum required is "3.6") 
[3.551s] -- Found python_cmake_module: 0.10.0 (/opt/ros/humble/share/python_cmake_module/cmake)
[3.551s] -- Found PythonLibs: /usr/lib/x86_64-linux-gnu/libpython3.10.so (found suitable version "3.10.12", minimum required is "3.5") 
[3.551s] -- Using PYTHON_EXECUTABLE: /usr/bin/python3
[3.551s] -- Using PYTHON_INCLUDE_DIRS: /usr/include/python3.10
[3.552s] -- Using PYTHON_LIBRARIES: /usr/lib/x86_64-linux-gnu/libpython3.10.so
[3.552s] -- Found PythonExtra: .so  
[3.552s] -- Configuring done
[3.552s] -- Generating done
[3.552s] -- Build files have been written to: /home/hello-robot/ament_ws/build/rosbridge_msgs
[3.587s] Invoked command in '/home/hello-robot/ament_ws/build/rosbridge_msgs' returned '0': CMAKE_PREFIX_PATH=/opt/ros/humble /usr/bin/cmake /home/hello-robot/ament_ws/src/rosbridge_suite/rosbridge_msgs -DCMAKE_BUILD_TYPE=Release -DCMAKE_INSTALL_PREFIX=/home/hello-robot/ament_ws/install/rosbridge_msgs
[3.587s] Invoking command in '/home/hello-robot/ament_ws/build/rosbridge_msgs': CMAKE_PREFIX_PATH=/opt/ros/humble /usr/bin/cmake --build /home/hello-robot/ament_ws/build/rosbridge_msgs -- -j16 -l16
[3.679s] [  2%] Generating C code for ROS interfaces
[3.747s] [  5%] Generating C++ code for ROS interfaces
[3.831s] [  5%] Built target ament_cmake_python_copy_rosbridge_msgs
[4.832s] [  5%] Built target rosbridge_msgs__cpp
[4.896s] [  7%] Generating C++ type support dispatch for ROS interfaces
[4.922s] [ 10%] Building C object CMakeFiles/rosbridge_msgs__rosidl_generator_c.dir/rosidl_generator_c/rosbridge_msgs/msg/detail/connected_client__functions.c.o
[4.925s] [ 12%] Building C object CMakeFiles/rosbridge_msgs__rosidl_generator_c.dir/rosidl_generator_c/rosbridge_msgs/msg/detail/connected_clients__functions.c.o
[4.941s] [ 15%] Generating C++ type support for eProsima Fast-RTPS
[4.959s] [ 17%] Generating C++ introspection for ROS interfaces
[5.151s] running egg_info
[5.152s] creating rosbridge_msgs.egg-info
[5.152s] writing rosbridge_msgs.egg-info/PKG-INFO
[5.153s] writing dependency_links to rosbridge_msgs.egg-info/dependency_links.txt
[5.153s] writing top-level names to rosbridge_msgs.egg-info/top_level.txt
[5.153s] writing manifest file 'rosbridge_msgs.egg-info/SOURCES.txt'
[5.167s] reading manifest file 'rosbridge_msgs.egg-info/SOURCES.txt'
[5.168s] writing manifest file 'rosbridge_msgs.egg-info/SOURCES.txt'
[5.468s] [ 17%] Built target ament_cmake_python_build_rosbridge_msgs_egg
[5.542s] [ 20%] Linking C shared library librosbridge_msgs__rosidl_generator_c.so
[5.818s] [ 20%] Built target rosbridge_msgs__rosidl_generator_c
[5.858s] [ 23%] Generating C type support for eProsima Fast-RTPS
[5.878s] [ 25%] Generating C introspection for ROS interfaces
[5.926s] [ 28%] Generating C type support dispatch for ROS interfaces
[6.045s] [ 30%] Building CXX object CMakeFiles/rosbridge_msgs__rosidl_typesupport_cpp.dir/rosidl_typesupport_cpp/rosbridge_msgs/msg/connected_client__type_support.cpp.o
[6.054s] [ 33%] Building CXX object CMakeFiles/rosbridge_msgs__rosidl_typesupport_cpp.dir/rosidl_typesupport_cpp/rosbridge_msgs/msg/connected_clients__type_support.cpp.o
[6.096s] [ 35%] Building CXX object CMakeFiles/rosbridge_msgs__rosidl_typesupport_fastrtps_cpp.dir/rosidl_typesupport_fastrtps_cpp/rosbridge_msgs/msg/detail/dds_fastrtps/connected_client__type_support.cpp.o
[6.149s] [ 38%] Building CXX object CMakeFiles/rosbridge_msgs__rosidl_typesupport_fastrtps_cpp.dir/rosidl_typesupport_fastrtps_cpp/rosbridge_msgs/msg/detail/dds_fastrtps/connected_clients__type_support.cpp.o
[6.391s] [ 41%] Building CXX object CMakeFiles/rosbridge_msgs__rosidl_typesupport_introspection_cpp.dir/rosidl_typesupport_introspection_cpp/rosbridge_msgs/msg/detail/connected_client__type_support.cpp.o
[6.428s] [ 43%] Building CXX object CMakeFiles/rosbridge_msgs__rosidl_typesupport_introspection_cpp.dir/rosidl_typesupport_introspection_cpp/rosbridge_msgs/msg/detail/connected_clients__type_support.cpp.o
[6.931s] [ 46%] Building CXX object CMakeFiles/rosbridge_msgs__rosidl_typesupport_c.dir/rosidl_typesupport_c/rosbridge_msgs/msg/connected_client__type_support.cpp.o
[7.007s] [ 48%] Building CXX object CMakeFiles/rosbridge_msgs__rosidl_typesupport_c.dir/rosidl_typesupport_c/rosbridge_msgs/msg/connected_clients__type_support.cpp.o
[7.205s] [ 51%] Linking CXX shared library librosbridge_msgs__rosidl_typesupport_c.so
[7.317s] [ 53%] Building CXX object CMakeFiles/rosbridge_msgs__rosidl_typesupport_fastrtps_c.dir/rosidl_typesupport_fastrtps_c/rosbridge_msgs/msg/detail/connected_client__type_support_c.cpp.o
[8.339s] [ 56%] Building CXX object CMakeFiles/rosbridge_msgs__rosidl_typesupport_fastrtps_c.dir/rosidl_typesupport_fastrtps_c/rosbridge_msgs/msg/detail/connected_clients__type_support_c.cpp.o
[8.340s] [ 56%] Built target rosbridge_msgs__rosidl_typesupport_c
[8.340s] [ 58%] Building C object CMakeFiles/rosbridge_msgs__rosidl_typesupport_introspection_c.dir/rosidl_typesupport_introspection_c/rosbridge_msgs/msg/detail/connected_client__type_support.c.o
[8.340s] [ 61%] Building C object CMakeFiles/rosbridge_msgs__rosidl_typesupport_introspection_c.dir/rosidl_typesupport_introspection_c/rosbridge_msgs/msg/detail/connected_clients__type_support.c.o
[8.376s] [ 64%] Linking C shared library librosbridge_msgs__rosidl_typesupport_introspection_c.so
[8.376s] [ 66%] Linking CXX shared library librosbridge_msgs__rosidl_typesupport_cpp.so
[8.376s] [ 66%] Built target rosbridge_msgs__rosidl_typesupport_cpp
[8.377s] [ 66%] Built target rosbridge_msgs__rosidl_typesupport_introspection_c
[9.121s] [ 69%] Linking CXX shared library librosbridge_msgs__rosidl_typesupport_introspection_cpp.so
[9.122s] [ 71%] Linking CXX shared library librosbridge_msgs__rosidl_typesupport_fastrtps_cpp.so
[11.029s] [ 71%] Built target rosbridge_msgs__rosidl_typesupport_fastrtps_cpp
[11.029s] [ 71%] Built target rosbridge_msgs__rosidl_typesupport_introspection_cpp
[11.029s] [ 74%] Linking CXX shared library librosbridge_msgs__rosidl_typesupport_fastrtps_c.so
[11.029s] [ 74%] Built target rosbridge_msgs__rosidl_typesupport_fastrtps_c
[11.029s] [ 74%] Built target rosbridge_msgs
[11.029s] [ 76%] Generating Python code for ROS interfaces
[11.753s] [ 76%] Built target rosbridge_msgs__py
[11.753s] [ 79%] Building C object CMakeFiles/rosbridge_msgs__rosidl_generator_py.dir/rosidl_generator_py/rosbridge_msgs/msg/_connected_client_s.c.o
[11.753s] [ 82%] Building C object CMakeFiles/rosbridge_msgs__rosidl_generator_py.dir/rosidl_generator_py/rosbridge_msgs/msg/_connected_clients_s.c.o
[12.279s] [ 84%] Linking C shared library rosidl_generator_py/rosbridge_msgs/librosbridge_msgs__rosidl_generator_py.so
[12.279s] [ 84%] Built target rosbridge_msgs__rosidl_generator_py
[12.373s] [ 87%] Building C object CMakeFiles/rosbridge_msgs__rosidl_typesupport_introspection_c__pyext.dir/rosidl_generator_py/rosbridge_msgs/_rosbridge_msgs_s.ep.rosidl_typesupport_introspection_c.c.o
[12.375s] [ 89%] Building C object CMakeFiles/rosbridge_msgs__rosidl_typesupport_fastrtps_c__pyext.dir/rosidl_generator_py/rosbridge_msgs/_rosbridge_msgs_s.ep.rosidl_typesupport_fastrtps_c.c.o
[12.628s] [ 92%] Building C object CMakeFiles/rosbridge_msgs__rosidl_typesupport_c__pyext.dir/rosidl_generator_py/rosbridge_msgs/_rosbridge_msgs_s.ep.rosidl_typesupport_c.c.o
[12.658s] [ 94%] Linking C shared library rosidl_generator_py/rosbridge_msgs/rosbridge_msgs_s__rosidl_typesupport_introspection_c.cpython-310-x86_64-linux-gnu.so
[12.782s] [ 94%] Built target rosbridge_msgs__rosidl_typesupport_introspection_c__pyext
[12.854s] [100%] Linking C shared library rosidl_generator_py/rosbridge_msgs/rosbridge_msgs_s__rosidl_typesupport_fastrtps_c.cpython-310-x86_64-linux-gnu.so
[12.854s] [100%] Linking C shared library rosidl_generator_py/rosbridge_msgs/rosbridge_msgs_s__rosidl_typesupport_c.cpython-310-x86_64-linux-gnu.so
[13.025s] [100%] Built target rosbridge_msgs__rosidl_typesupport_fastrtps_c__pyext
[13.063s] [100%] Built target rosbridge_msgs__rosidl_typesupport_c__pyext
[13.289s] Invoked command in '/home/hello-robot/ament_ws/build/rosbridge_msgs' returned '0': CMAKE_PREFIX_PATH=/opt/ros/humble /usr/bin/cmake --build /home/hello-robot/ament_ws/build/rosbridge_msgs -- -j16 -l16
[14.791s] Invoking command in '/home/hello-robot/ament_ws/build/rosbridge_msgs': CMAKE_PREFIX_PATH=/opt/ros/humble /usr/bin/cmake --install /home/hello-robot/ament_ws/build/rosbridge_msgs
[14.803s] -- Install configuration: "Release"
[14.804s] -- Installing: /home/hello-robot/ament_ws/install/rosbridge_msgs/share/ament_index/resource_index/rosidl_interfaces/rosbridge_msgs
[14.804s] -- Installing: /home/hello-robot/ament_ws/install/rosbridge_msgs/include/rosbridge_msgs/rosbridge_msgs
[14.805s] -- Installing: /home/hello-robot/ament_ws/install/rosbridge_msgs/include/rosbridge_msgs/rosbridge_msgs/msg
[14.805s] -- Installing: /home/hello-robot/ament_ws/install/rosbridge_msgs/include/rosbridge_msgs/rosbridge_msgs/msg/rosidl_generator_c__visibility_control.h
[14.805s] -- Installing: /home/hello-robot/ament_ws/install/rosbridge_msgs/include/rosbridge_msgs/rosbridge_msgs/msg/connected_client.h
[14.819s] -- Installing: /home/hello-robot/ament_ws/install/rosbridge_msgs/include/rosbridge_msgs/rosbridge_msgs/msg/detail
[14.820s] -- Installing: /home/hello-robot/ament_ws/install/rosbridge_msgs/include/rosbridge_msgs/rosbridge_msgs/msg/detail/connected_clients__struct.h
[14.820s] -- Installing: /home/hello-robot/ament_ws/install/rosbridge_msgs/include/rosbridge_msgs/rosbridge_msgs/msg/detail/connected_client__functions.c
[14.821s] -- Installing: /home/hello-robot/ament_ws/install/rosbridge_msgs/include/rosbridge_msgs/rosbridge_msgs/msg/detail/connected_client__type_support.h
[14.821s] -- Installing: /home/hello-robot/ament_ws/install/rosbridge_msgs/include/rosbridge_msgs/rosbridge_msgs/msg/detail/connected_client__functions.h
[14.822s] -- Installing: /home/hello-robot/ament_ws/install/rosbridge_msgs/include/rosbridge_msgs/rosbridge_msgs/msg/detail/connected_client__struct.h
[14.822s] -- Installing: /home/hello-robot/ament_ws/install/rosbridge_msgs/include/rosbridge_msgs/rosbridge_msgs/msg/detail/connected_clients__functions.c
[14.823s] -- Installing: /home/hello-robot/ament_ws/install/rosbridge_msgs/include/rosbridge_msgs/rosbridge_msgs/msg/detail/connected_clients__functions.h
[14.823s] -- Installing: /home/hello-robot/ament_ws/install/rosbridge_msgs/include/rosbridge_msgs/rosbridge_msgs/msg/detail/connected_clients__type_support.h
[14.824s] -- Installing: /home/hello-robot/ament_ws/install/rosbridge_msgs/include/rosbridge_msgs/rosbridge_msgs/msg/connected_clients.h
[14.824s] -- Installing: /home/hello-robot/ament_ws/install/rosbridge_msgs/share/rosbridge_msgs/environment/library_path.sh
[14.825s] -- Installing: /home/hello-robot/ament_ws/install/rosbridge_msgs/share/rosbridge_msgs/environment/library_path.dsv
[14.825s] -- Installing: /home/hello-robot/ament_ws/install/rosbridge_msgs/lib/librosbridge_msgs__rosidl_generator_c.so
[14.826s] -- Set runtime path of "/home/hello-robot/ament_ws/install/rosbridge_msgs/lib/librosbridge_msgs__rosidl_generator_c.so" to ""
[14.827s] -- Up-to-date: /home/hello-robot/ament_ws/install/rosbridge_msgs/include/rosbridge_msgs/rosbridge_msgs
[14.827s] -- Up-to-date: /home/hello-robot/ament_ws/install/rosbridge_msgs/include/rosbridge_msgs/rosbridge_msgs/msg
[14.827s] -- Installing: /home/hello-robot/ament_ws/install/rosbridge_msgs/include/rosbridge_msgs/rosbridge_msgs/msg/rosidl_typesupport_fastrtps_c__visibility_control.h
[14.828s] -- Up-to-date: /home/hello-robot/ament_ws/install/rosbridge_msgs/include/rosbridge_msgs/rosbridge_msgs/msg/detail
[14.828s] -- Installing: /home/hello-robot/ament_ws/install/rosbridge_msgs/include/rosbridge_msgs/rosbridge_msgs/msg/detail/connected_clients__rosidl_typesupport_fastrtps_c.h
[14.828s] -- Installing: /home/hello-robot/ament_ws/install/rosbridge_msgs/include/rosbridge_msgs/rosbridge_msgs/msg/detail/connected_client__rosidl_typesupport_fastrtps_c.h
[14.829s] -- Installing: /home/hello-robot/ament_ws/install/rosbridge_msgs/lib/librosbridge_msgs__rosidl_typesupport_fastrtps_c.so
[14.830s] -- Set runtime path of "/home/hello-robot/ament_ws/install/rosbridge_msgs/lib/librosbridge_msgs__rosidl_typesupport_fastrtps_c.so" to ""
[14.830s] -- Up-to-date: /home/hello-robot/ament_ws/install/rosbridge_msgs/include/rosbridge_msgs/rosbridge_msgs
[14.830s] -- Up-to-date: /home/hello-robot/ament_ws/install/rosbridge_msgs/include/rosbridge_msgs/rosbridge_msgs/msg
[14.830s] -- Up-to-date: /home/hello-robot/ament_ws/install/rosbridge_msgs/include/rosbridge_msgs/rosbridge_msgs/msg/detail
[14.830s] -- Installing: /home/hello-robot/ament_ws/install/rosbridge_msgs/include/rosbridge_msgs/rosbridge_msgs/msg/detail/connected_client__builder.hpp
[14.833s] -- Installing: /home/hello-robot/ament_ws/install/rosbridge_msgs/include/rosbridge_msgs/rosbridge_msgs/msg/detail/connected_client__struct.hpp
[14.834s] -- Installing: /home/hello-robot/ament_ws/install/rosbridge_msgs/include/rosbridge_msgs/rosbridge_msgs/msg/detail/connected_clients__traits.hpp
[14.834s] -- Installing: /home/hello-robot/ament_ws/install/rosbridge_msgs/include/rosbridge_msgs/rosbridge_msgs/msg/detail/connected_client__traits.hpp
[14.834s] -- Installing: /home/hello-robot/ament_ws/install/rosbridge_msgs/include/rosbridge_msgs/rosbridge_msgs/msg/detail/connected_clients__builder.hpp
[14.834s] -- Installing: /home/hello-robot/ament_ws/install/rosbridge_msgs/include/rosbridge_msgs/rosbridge_msgs/msg/detail/connected_clients__struct.hpp
[14.834s] -- Installing: /home/hello-robot/ament_ws/install/rosbridge_msgs/include/rosbridge_msgs/rosbridge_msgs/msg/connected_clients.hpp
[14.835s] -- Installing: /home/hello-robot/ament_ws/install/rosbridge_msgs/include/rosbridge_msgs/rosbridge_msgs/msg/connected_client.hpp
[14.835s] -- Up-to-date: /home/hello-robot/ament_ws/install/rosbridge_msgs/include/rosbridge_msgs/rosbridge_msgs
[14.835s] -- Up-to-date: /home/hello-robot/ament_ws/install/rosbridge_msgs/include/rosbridge_msgs/rosbridge_msgs/msg
[14.835s] -- Up-to-date: /home/hello-robot/ament_ws/install/rosbridge_msgs/include/rosbridge_msgs/rosbridge_msgs/msg/detail
[14.835s] -- Installing: /home/hello-robot/ament_ws/install/rosbridge_msgs/include/rosbridge_msgs/rosbridge_msgs/msg/detail/connected_client__rosidl_typesupport_fastrtps_cpp.hpp
[14.835s] -- Installing: /home/hello-robot/ament_ws/install/rosbridge_msgs/include/rosbridge_msgs/rosbridge_msgs/msg/detail/dds_fastrtps
[14.835s] -- Installing: /home/hello-robot/ament_ws/install/rosbridge_msgs/include/rosbridge_msgs/rosbridge_msgs/msg/detail/connected_clients__rosidl_typesupport_fastrtps_cpp.hpp
[14.835s] -- Installing: /home/hello-robot/ament_ws/install/rosbridge_msgs/include/rosbridge_msgs/rosbridge_msgs/msg/rosidl_typesupport_fastrtps_cpp__visibility_control.h
[14.835s] -- Installing: /home/hello-robot/ament_ws/install/rosbridge_msgs/lib/librosbridge_msgs__rosidl_typesupport_fastrtps_cpp.so
[14.836s] -- Set runtime path of "/home/hello-robot/ament_ws/install/rosbridge_msgs/lib/librosbridge_msgs__rosidl_typesupport_fastrtps_cpp.so" to ""
[14.836s] -- Up-to-date: /home/hello-robot/ament_ws/install/rosbridge_msgs/include/rosbridge_msgs/rosbridge_msgs
[14.836s] -- Up-to-date: /home/hello-robot/ament_ws/install/rosbridge_msgs/include/rosbridge_msgs/rosbridge_msgs/msg
[14.836s] -- Up-to-date: /home/hello-robot/ament_ws/install/rosbridge_msgs/include/rosbridge_msgs/rosbridge_msgs/msg/detail
[14.836s] -- Installing: /home/hello-robot/ament_ws/install/rosbridge_msgs/include/rosbridge_msgs/rosbridge_msgs/msg/detail/connected_clients__rosidl_typesupport_introspection_c.h
[14.836s] -- Installing: /home/hello-robot/ament_ws/install/rosbridge_msgs/include/rosbridge_msgs/rosbridge_msgs/msg/detail/connected_client__type_support.c
[14.837s] -- Installing: /home/hello-robot/ament_ws/install/rosbridge_msgs/include/rosbridge_msgs/rosbridge_msgs/msg/detail/connected_client__rosidl_typesupport_introspection_c.h
[14.837s] -- Installing: /home/hello-robot/ament_ws/install/rosbridge_msgs/include/rosbridge_msgs/rosbridge_msgs/msg/detail/connected_clients__type_support.c
[14.837s] -- Installing: /home/hello-robot/ament_ws/install/rosbridge_msgs/include/rosbridge_msgs/rosbridge_msgs/msg/rosidl_typesupport_introspection_c__visibility_control.h
[14.837s] -- Installing: /home/hello-robot/ament_ws/install/rosbridge_msgs/lib/librosbridge_msgs__rosidl_typesupport_introspection_c.so
[14.838s] -- Set runtime path of "/home/hello-robot/ament_ws/install/rosbridge_msgs/lib/librosbridge_msgs__rosidl_typesupport_introspection_c.so" to ""
[14.838s] -- Installing: /home/hello-robot/ament_ws/install/rosbridge_msgs/lib/librosbridge_msgs__rosidl_typesupport_c.so
[14.839s] -- Set runtime path of "/home/hello-robot/ament_ws/install/rosbridge_msgs/lib/librosbridge_msgs__rosidl_typesupport_c.so" to ""
[14.839s] -- Up-to-date: /home/hello-robot/ament_ws/install/rosbridge_msgs/include/rosbridge_msgs/rosbridge_msgs
[14.839s] -- Up-to-date: /home/hello-robot/ament_ws/install/rosbridge_msgs/include/rosbridge_msgs/rosbridge_msgs/msg
[14.839s] -- Up-to-date: /home/hello-robot/ament_ws/install/rosbridge_msgs/include/rosbridge_msgs/rosbridge_msgs/msg/detail
[14.839s] -- Installing: /home/hello-robot/ament_ws/install/rosbridge_msgs/include/rosbridge_msgs/rosbridge_msgs/msg/detail/connected_client__rosidl_typesupport_introspection_cpp.hpp
[14.840s] -- Installing: /home/hello-robot/ament_ws/install/rosbridge_msgs/include/rosbridge_msgs/rosbridge_msgs/msg/detail/connected_clients__type_support.cpp
[14.840s] -- Installing: /home/hello-robot/ament_ws/install/rosbridge_msgs/include/rosbridge_msgs/rosbridge_msgs/msg/detail/connected_client__type_support.cpp
[14.840s] -- Installing: /home/hello-robot/ament_ws/install/rosbridge_msgs/include/rosbridge_msgs/rosbridge_msgs/msg/detail/connected_clients__rosidl_typesupport_introspection_cpp.hpp
[14.840s] -- Installing: /home/hello-robot/ament_ws/install/rosbridge_msgs/lib/librosbridge_msgs__rosidl_typesupport_introspection_cpp.so
[14.841s] -- Set runtime path of "/home/hello-robot/ament_ws/install/rosbridge_msgs/lib/librosbridge_msgs__rosidl_typesupport_introspection_cpp.so" to ""
[14.841s] -- Installing: /home/hello-robot/ament_ws/install/rosbridge_msgs/lib/librosbridge_msgs__rosidl_typesupport_cpp.so
[14.841s] -- Set runtime path of "/home/hello-robot/ament_ws/install/rosbridge_msgs/lib/librosbridge_msgs__rosidl_typesupport_cpp.so" to ""
[14.841s] -- Installing: /home/hello-robot/ament_ws/install/rosbridge_msgs/share/rosbridge_msgs/environment/pythonpath.sh
[14.842s] -- Installing: /home/hello-robot/ament_ws/install/rosbridge_msgs/share/rosbridge_msgs/environment/pythonpath.dsv
[14.842s] -- Installing: /home/hello-robot/ament_ws/install/rosbridge_msgs/local/lib/python3.10/dist-packages/rosbridge_msgs-1.3.2-py3.10.egg-info
[14.842s] -- Installing: /home/hello-robot/ament_ws/install/rosbridge_msgs/local/lib/python3.10/dist-packages/rosbridge_msgs-1.3.2-py3.10.egg-info/PKG-INFO
[14.843s] -- Installing: /home/hello-robot/ament_ws/install/rosbridge_msgs/local/lib/python3.10/dist-packages/rosbridge_msgs-1.3.2-py3.10.egg-info/dependency_links.txt
[14.859s] -- Installing: /home/hello-robot/ament_ws/install/rosbridge_msgs/local/lib/python3.10/dist-packages/rosbridge_msgs-1.3.2-py3.10.egg-info/top_level.txt
[14.860s] -- Installing: /home/hello-robot/ament_ws/install/rosbridge_msgs/local/lib/python3.10/dist-packages/rosbridge_msgs-1.3.2-py3.10.egg-info/SOURCES.txt
[14.860s] -- Installing: /home/hello-robot/ament_ws/install/rosbridge_msgs/local/lib/python3.10/dist-packages/rosbridge_msgs
[14.860s] -- Installing: /home/hello-robot/ament_ws/install/rosbridge_msgs/local/lib/python3.10/dist-packages/rosbridge_msgs/_rosbridge_msgs_s.ep.rosidl_typesupport_introspection_c.c
[14.861s] -- Installing: /home/hello-robot/ament_ws/install/rosbridge_msgs/local/lib/python3.10/dist-packages/rosbridge_msgs/rosbridge_msgs_s__rosidl_typesupport_introspection_c.cpython-310-x86_64-linux-gnu.so
[14.861s] -- Installing: /home/hello-robot/ament_ws/install/rosbridge_msgs/local/lib/python3.10/dist-packages/rosbridge_msgs/rosbridge_msgs_s__rosidl_typesupport_c.cpython-310-x86_64-linux-gnu.so
[14.862s] -- Installing: /home/hello-robot/ament_ws/install/rosbridge_msgs/local/lib/python3.10/dist-packages/rosbridge_msgs/_rosbridge_msgs_s.ep.rosidl_typesupport_c.c
[14.862s] -- Installing: /home/hello-robot/ament_ws/install/rosbridge_msgs/local/lib/python3.10/dist-packages/rosbridge_msgs/librosbridge_msgs__rosidl_generator_py.so
[14.863s] -- Installing: /home/hello-robot/ament_ws/install/rosbridge_msgs/local/lib/python3.10/dist-packages/rosbridge_msgs/msg
[14.863s] -- Installing: /home/hello-robot/ament_ws/install/rosbridge_msgs/local/lib/python3.10/dist-packages/rosbridge_msgs/msg/_connected_clients_s.c
[14.864s] -- Installing: /home/hello-robot/ament_ws/install/rosbridge_msgs/local/lib/python3.10/dist-packages/rosbridge_msgs/msg/_connected_client_s.c
[14.864s] -- Installing: /home/hello-robot/ament_ws/install/rosbridge_msgs/local/lib/python3.10/dist-packages/rosbridge_msgs/msg/_connected_client.py
[14.864s] -- Installing: /home/hello-robot/ament_ws/install/rosbridge_msgs/local/lib/python3.10/dist-packages/rosbridge_msgs/msg/_connected_clients.py
[14.865s] -- Installing: /home/hello-robot/ament_ws/install/rosbridge_msgs/local/lib/python3.10/dist-packages/rosbridge_msgs/msg/__init__.py
[14.865s] -- Installing: /home/hello-robot/ament_ws/install/rosbridge_msgs/local/lib/python3.10/dist-packages/rosbridge_msgs/__init__.py
[14.866s] -- Installing: /home/hello-robot/ament_ws/install/rosbridge_msgs/local/lib/python3.10/dist-packages/rosbridge_msgs/_rosbridge_msgs_s.ep.rosidl_typesupport_fastrtps_c.c
[14.866s] -- Installing: /home/hello-robot/ament_ws/install/rosbridge_msgs/local/lib/python3.10/dist-packages/rosbridge_msgs/rosbridge_msgs_s__rosidl_typesupport_fastrtps_c.cpython-310-x86_64-linux-gnu.so
[15.028s] Listing '/home/hello-robot/ament_ws/install/rosbridge_msgs/local/lib/python3.10/dist-packages/rosbridge_msgs'...
[15.028s] Compiling '/home/hello-robot/ament_ws/install/rosbridge_msgs/local/lib/python3.10/dist-packages/rosbridge_msgs/__init__.py'...
[15.028s] Listing '/home/hello-robot/ament_ws/install/rosbridge_msgs/local/lib/python3.10/dist-packages/rosbridge_msgs/msg'...
[15.028s] Compiling '/home/hello-robot/ament_ws/install/rosbridge_msgs/local/lib/python3.10/dist-packages/rosbridge_msgs/msg/__init__.py'...
[15.028s] Compiling '/home/hello-robot/ament_ws/install/rosbridge_msgs/local/lib/python3.10/dist-packages/rosbridge_msgs/msg/_connected_client.py'...
[15.028s] Compiling '/home/hello-robot/ament_ws/install/rosbridge_msgs/local/lib/python3.10/dist-packages/rosbridge_msgs/msg/_connected_clients.py'...
[15.047s] -- Installing: /home/hello-robot/ament_ws/install/rosbridge_msgs/local/lib/python3.10/dist-packages/rosbridge_msgs/rosbridge_msgs_s__rosidl_typesupport_fastrtps_c.cpython-310-x86_64-linux-gnu.so
[15.048s] -- Set runtime path of "/home/hello-robot/ament_ws/install/rosbridge_msgs/local/lib/python3.10/dist-packages/rosbridge_msgs/rosbridge_msgs_s__rosidl_typesupport_fastrtps_c.cpython-310-x86_64-linux-gnu.so" to ""
[15.048s] -- Installing: /home/hello-robot/ament_ws/install/rosbridge_msgs/local/lib/python3.10/dist-packages/rosbridge_msgs/rosbridge_msgs_s__rosidl_typesupport_introspection_c.cpython-310-x86_64-linux-gnu.so
[15.048s] -- Set runtime path of "/home/hello-robot/ament_ws/install/rosbridge_msgs/local/lib/python3.10/dist-packages/rosbridge_msgs/rosbridge_msgs_s__rosidl_typesupport_introspection_c.cpython-310-x86_64-linux-gnu.so" to ""
[15.048s] -- Installing: /home/hello-robot/ament_ws/install/rosbridge_msgs/local/lib/python3.10/dist-packages/rosbridge_msgs/rosbridge_msgs_s__rosidl_typesupport_c.cpython-310-x86_64-linux-gnu.so
[15.049s] -- Set runtime path of "/home/hello-robot/ament_ws/install/rosbridge_msgs/local/lib/python3.10/dist-packages/rosbridge_msgs/rosbridge_msgs_s__rosidl_typesupport_c.cpython-310-x86_64-linux-gnu.so" to ""
[15.049s] -- Installing: /home/hello-robot/ament_ws/install/rosbridge_msgs/lib/librosbridge_msgs__rosidl_generator_py.so
[15.049s] -- Set runtime path of "/home/hello-robot/ament_ws/install/rosbridge_msgs/lib/librosbridge_msgs__rosidl_generator_py.so" to ""
[15.049s] -- Installing: /home/hello-robot/ament_ws/install/rosbridge_msgs/share/rosbridge_msgs/msg/ConnectedClient.idl
[15.049s] -- Installing: /home/hello-robot/ament_ws/install/rosbridge_msgs/share/rosbridge_msgs/msg/ConnectedClients.idl
[15.049s] -- Installing: /home/hello-robot/ament_ws/install/rosbridge_msgs/share/rosbridge_msgs/msg/ConnectedClient.msg
[15.049s] -- Installing: /home/hello-robot/ament_ws/install/rosbridge_msgs/share/rosbridge_msgs/msg/ConnectedClients.msg
[15.050s] -- Installing: /home/hello-robot/ament_ws/install/rosbridge_msgs/share/ament_index/resource_index/package_run_dependencies/rosbridge_msgs
[15.050s] -- Installing: /home/hello-robot/ament_ws/install/rosbridge_msgs/share/ament_index/resource_index/parent_prefix_path/rosbridge_msgs
[15.050s] -- Installing: /home/hello-robot/ament_ws/install/rosbridge_msgs/share/rosbridge_msgs/environment/ament_prefix_path.sh
[15.050s] -- Installing: /home/hello-robot/ament_ws/install/rosbridge_msgs/share/rosbridge_msgs/environment/ament_prefix_path.dsv
[15.050s] -- Installing: /home/hello-robot/ament_ws/install/rosbridge_msgs/share/rosbridge_msgs/environment/path.sh
[15.050s] -- Installing: /home/hello-robot/ament_ws/install/rosbridge_msgs/share/rosbridge_msgs/environment/path.dsv
[15.051s] -- Installing: /home/hello-robot/ament_ws/install/rosbridge_msgs/share/rosbridge_msgs/local_setup.bash
[15.051s] -- Installing: /home/hello-robot/ament_ws/install/rosbridge_msgs/share/rosbridge_msgs/local_setup.sh
[15.051s] -- Installing: /home/hello-robot/ament_ws/install/rosbridge_msgs/share/rosbridge_msgs/local_setup.zsh
[15.051s] -- Installing: /home/hello-robot/ament_ws/install/rosbridge_msgs/share/rosbridge_msgs/local_setup.dsv
[15.051s] -- Installing: /home/hello-robot/ament_ws/install/rosbridge_msgs/share/rosbridge_msgs/package.dsv
[15.051s] -- Installing: /home/hello-robot/ament_ws/install/rosbridge_msgs/share/ament_index/resource_index/packages/rosbridge_msgs
[15.051s] -- Installing: /home/hello-robot/ament_ws/install/rosbridge_msgs/share/rosbridge_msgs/cmake/export_rosbridge_msgs__rosidl_generator_cExport.cmake
[15.052s] -- Installing: /home/hello-robot/ament_ws/install/rosbridge_msgs/share/rosbridge_msgs/cmake/export_rosbridge_msgs__rosidl_generator_cExport-release.cmake
[15.052s] -- Installing: /home/hello-robot/ament_ws/install/rosbridge_msgs/share/rosbridge_msgs/cmake/export_rosbridge_msgs__rosidl_typesupport_fastrtps_cExport.cmake
[15.052s] -- Installing: /home/hello-robot/ament_ws/install/rosbridge_msgs/share/rosbridge_msgs/cmake/export_rosbridge_msgs__rosidl_typesupport_fastrtps_cExport-release.cmake
[15.052s] -- Installing: /home/hello-robot/ament_ws/install/rosbridge_msgs/share/rosbridge_msgs/cmake/export_rosbridge_msgs__rosidl_generator_cppExport.cmake
[15.052s] -- Installing: /home/hello-robot/ament_ws/install/rosbridge_msgs/share/rosbridge_msgs/cmake/export_rosbridge_msgs__rosidl_typesupport_fastrtps_cppExport.cmake
[15.052s] -- Installing: /home/hello-robot/ament_ws/install/rosbridge_msgs/share/rosbridge_msgs/cmake/export_rosbridge_msgs__rosidl_typesupport_fastrtps_cppExport-release.cmake
[15.052s] -- Installing: /home/hello-robot/ament_ws/install/rosbridge_msgs/share/rosbridge_msgs/cmake/rosbridge_msgs__rosidl_typesupport_introspection_cExport.cmake
[15.053s] -- Installing: /home/hello-robot/ament_ws/install/rosbridge_msgs/share/rosbridge_msgs/cmake/rosbridge_msgs__rosidl_typesupport_introspection_cExport-release.cmake
[15.053s] -- Installing: /home/hello-robot/ament_ws/install/rosbridge_msgs/share/rosbridge_msgs/cmake/rosbridge_msgs__rosidl_typesupport_cExport.cmake
[15.053s] -- Installing: /home/hello-robot/ament_ws/install/rosbridge_msgs/share/rosbridge_msgs/cmake/rosbridge_msgs__rosidl_typesupport_cExport-release.cmake
[15.053s] -- Installing: /home/hello-robot/ament_ws/install/rosbridge_msgs/share/rosbridge_msgs/cmake/rosbridge_msgs__rosidl_typesupport_introspection_cppExport.cmake
[15.053s] -- Installing: /home/hello-robot/ament_ws/install/rosbridge_msgs/share/rosbridge_msgs/cmake/rosbridge_msgs__rosidl_typesupport_introspection_cppExport-release.cmake
[15.053s] -- Installing: /home/hello-robot/ament_ws/install/rosbridge_msgs/share/rosbridge_msgs/cmake/rosbridge_msgs__rosidl_typesupport_cppExport.cmake
[15.054s] -- Installing: /home/hello-robot/ament_ws/install/rosbridge_msgs/share/rosbridge_msgs/cmake/rosbridge_msgs__rosidl_typesupport_cppExport-release.cmake
[15.054s] -- Installing: /home/hello-robot/ament_ws/install/rosbridge_msgs/share/rosbridge_msgs/cmake/export_rosbridge_msgs__rosidl_generator_pyExport.cmake
[15.054s] -- Installing: /home/hello-robot/ament_ws/install/rosbridge_msgs/share/rosbridge_msgs/cmake/export_rosbridge_msgs__rosidl_generator_pyExport-release.cmake
[15.054s] -- Installing: /home/hello-robot/ament_ws/install/rosbridge_msgs/share/rosbridge_msgs/cmake/rosidl_cmake-extras.cmake
[15.054s] -- Installing: /home/hello-robot/ament_ws/install/rosbridge_msgs/share/rosbridge_msgs/cmake/ament_cmake_export_dependencies-extras.cmake
[15.054s] -- Installing: /home/hello-robot/ament_ws/install/rosbridge_msgs/share/rosbridge_msgs/cmake/ament_cmake_export_include_directories-extras.cmake
[15.055s] -- Installing: /home/hello-robot/ament_ws/install/rosbridge_msgs/share/rosbridge_msgs/cmake/ament_cmake_export_libraries-extras.cmake
[15.055s] -- Installing: /home/hello-robot/ament_ws/install/rosbridge_msgs/share/rosbridge_msgs/cmake/ament_cmake_export_targets-extras.cmake
[15.055s] -- Installing: /home/hello-robot/ament_ws/install/rosbridge_msgs/share/rosbridge_msgs/cmake/rosidl_cmake_export_typesupport_targets-extras.cmake
[15.055s] -- Installing: /home/hello-robot/ament_ws/install/rosbridge_msgs/share/rosbridge_msgs/cmake/rosidl_cmake_export_typesupport_libraries-extras.cmake
[15.055s] -- Installing: /home/hello-robot/ament_ws/install/rosbridge_msgs/share/rosbridge_msgs/cmake/rosbridge_msgsConfig.cmake
[15.055s] -- Installing: /home/hello-robot/ament_ws/install/rosbridge_msgs/share/rosbridge_msgs/cmake/rosbridge_msgsConfig-version.cmake
[15.055s] -- Installing: /home/hello-robot/ament_ws/install/rosbridge_msgs/share/rosbridge_msgs/package.xml
[15.067s] Invoked command in '/home/hello-robot/ament_ws/build/rosbridge_msgs' returned '0': CMAKE_PREFIX_PATH=/opt/ros/humble /usr/bin/cmake --install /home/hello-robot/ament_ws/build/rosbridge_msgs
