[0.792s] Invoking command in '/home/hello-robot/ament_ws/build/audio_common_msgs': CMAKE_PREFIX_PATH=${CMAKE_PREFIX_PATH}:/home/hello-robot/ament_ws/install/tf2_web_republisher_py:/home/hello-robot/ament_ws/install/stretch_ros_tutorials:/home/hello-robot/ament_ws/install/stretch_funmap:/home/hello-robot/ament_ws/install/stretch_calibration:/home/hello-robot/ament_ws/install/stretch_demos:/home/hello-robot/ament_ws/install/stretch_deep_perception:/home/hello-robot/ament_ws/install/stretch_core:/home/hello-robot/ament_ws/install/respeaker_ros2:/home/hello-robot/ament_ws/install/hello_helpers:/opt/ros/humble /usr/bin/cmake /home/hello-robot/ament_ws/src/audio_common/audio_common_msgs -DCMAKE_INSTALL_PREFIX=/home/hello-robot/ament_ws/install/audio_common_msgs
[3.775s] -- Found ament_cmake: 1.3.8 (/opt/ros/humble/share/ament_cmake/cmake)
[3.775s] -- Found rosidl_default_generators: 1.2.0 (/opt/ros/humble/share/rosidl_default_generators/cmake)
[3.775s] -- Using all available rosidl_typesupport_c: rosidl_typesupport_fastrtps_c;rosidl_typesupport_introspection_c
[3.775s] -- Found rosidl_adapter: 3.1.5 (/opt/ros/humble/share/rosidl_adapter/cmake)
[3.775s] -- Using all available rosidl_typesupport_cpp: rosidl_typesupport_fastrtps_cpp;rosidl_typesupport_introspection_cpp
[3.775s] -- Found std_msgs: 4.2.3 (/opt/ros/humble/share/std_msgs/cmake)
[3.775s] -- Found ament_cmake_ros: 0.10.0 (/opt/ros/humble/share/ament_cmake_ros/cmake)
[3.775s] -- Using all available rosidl_typesupport_c: rosidl_typesupport_fastrtps_c;rosidl_typesupport_introspection_c
[3.775s] -- Using all available rosidl_typesupport_cpp: rosidl_typesupport_fastrtps_cpp;rosidl_typesupport_introspection_cpp
[3.776s] -- Found python_cmake_module: 0.10.0 (/opt/ros/humble/share/python_cmake_module/cmake)
[3.776s] -- Using PYTHON_EXECUTABLE: /usr/bin/python3
[3.776s] -- Using PYTHON_INCLUDE_DIRS: /usr/include/python3.10
[3.776s] -- Using PYTHON_LIBRARIES: /usr/lib/x86_64-linux-gnu/libpython3.10.so
[3.776s] -- Configuring done
[3.776s] -- Generating done
[3.776s] -- Build files have been written to: /home/hello-robot/ament_ws/build/audio_common_msgs
[3.793s] Invoked command in '/home/hello-robot/ament_ws/build/audio_common_msgs' returned '0': CMAKE_PREFIX_PATH=${CMAKE_PREFIX_PATH}:/home/hello-robot/ament_ws/install/tf2_web_republisher_py:/home/hello-robot/ament_ws/install/stretch_ros_tutorials:/home/hello-robot/ament_ws/install/stretch_funmap:/home/hello-robot/ament_ws/install/stretch_calibration:/home/hello-robot/ament_ws/install/stretch_demos:/home/hello-robot/ament_ws/install/stretch_deep_perception:/home/hello-robot/ament_ws/install/stretch_core:/home/hello-robot/ament_ws/install/respeaker_ros2:/home/hello-robot/ament_ws/install/hello_helpers:/opt/ros/humble /usr/bin/cmake /home/hello-robot/ament_ws/src/audio_common/audio_common_msgs -DCMAKE_INSTALL_PREFIX=/home/hello-robot/ament_ws/install/audio_common_msgs
[3.794s] Invoking command in '/home/hello-robot/ament_ws/build/audio_common_msgs': CMAKE_PREFIX_PATH=${CMAKE_PREFIX_PATH}:/home/hello-robot/ament_ws/install/tf2_web_republisher_py:/home/hello-robot/ament_ws/install/stretch_ros_tutorials:/home/hello-robot/ament_ws/install/stretch_funmap:/home/hello-robot/ament_ws/install/stretch_calibration:/home/hello-robot/ament_ws/install/stretch_demos:/home/hello-robot/ament_ws/install/stretch_deep_perception:/home/hello-robot/ament_ws/install/stretch_core:/home/hello-robot/ament_ws/install/respeaker_ros2:/home/hello-robot/ament_ws/install/hello_helpers:/opt/ros/humble /usr/bin/cmake --build /home/hello-robot/ament_ws/build/audio_common_msgs -- -j16 -l16
[3.837s] Consolidate compiler generated dependencies of target audio_common_msgs__rosidl_generator_c
[3.840s] [  2%] Built target audio_common_msgs__cpp
[3.876s] [ 12%] Built target audio_common_msgs__rosidl_generator_c
[3.880s] Consolidate compiler generated dependencies of target audio_common_msgs__rosidl_typesupport_cpp
[3.890s] Consolidate compiler generated dependencies of target audio_common_msgs__rosidl_typesupport_fastrtps_cpp
[3.905s] [ 12%] Built target ament_cmake_python_copy_audio_common_msgs
[3.914s] Consolidate compiler generated dependencies of target audio_common_msgs__rosidl_typesupport_introspection_cpp
[3.955s] Consolidate compiler generated dependencies of target audio_common_msgs__rosidl_typesupport_fastrtps_c
[3.960s] [ 23%] Built target audio_common_msgs__rosidl_typesupport_cpp
[3.976s] [ 34%] Built target audio_common_msgs__rosidl_typesupport_introspection_cpp
[3.979s] [ 44%] Built target audio_common_msgs__rosidl_typesupport_fastrtps_cpp
[4.030s] Consolidate compiler generated dependencies of target audio_common_msgs__rosidl_typesupport_c
[4.030s] Consolidate compiler generated dependencies of target audio_common_msgs__rosidl_typesupport_introspection_c
[4.030s] [ 55%] Built target audio_common_msgs__rosidl_typesupport_fastrtps_c
[4.048s] [ 65%] Built target audio_common_msgs__rosidl_typesupport_c
[4.076s] [ 76%] Built target audio_common_msgs__rosidl_typesupport_introspection_c
[4.148s] [ 76%] Built target audio_common_msgs
[4.222s] [ 78%] Built target audio_common_msgs__py
[4.259s] Consolidate compiler generated dependencies of target audio_common_msgs__rosidl_generator_py
[4.305s] [ 87%] Built target audio_common_msgs__rosidl_generator_py
[4.357s] Consolidate compiler generated dependencies of target audio_common_msgs__rosidl_typesupport_fastrtps_c__pyext
[4.375s] Consolidate compiler generated dependencies of target audio_common_msgs__rosidl_typesupport_introspection_c__pyext
[4.383s] Consolidate compiler generated dependencies of target audio_common_msgs__rosidl_typesupport_c__pyext
[4.392s] [ 91%] Built target audio_common_msgs__rosidl_typesupport_fastrtps_c__pyext
[4.445s] [ 95%] Built target audio_common_msgs__rosidl_typesupport_introspection_c__pyext
[4.449s] [100%] Built target audio_common_msgs__rosidl_typesupport_c__pyext
[4.751s] running egg_info
[4.755s] writing audio_common_msgs.egg-info/PKG-INFO
[4.756s] writing dependency_links to audio_common_msgs.egg-info/dependency_links.txt
[4.756s] writing top-level names to audio_common_msgs.egg-info/top_level.txt
[4.756s] reading manifest file 'audio_common_msgs.egg-info/SOURCES.txt'
[4.756s] writing manifest file 'audio_common_msgs.egg-info/SOURCES.txt'
[4.756s] [100%] Built target ament_cmake_python_build_audio_common_msgs_egg
[4.829s] Invoked command in '/home/hello-robot/ament_ws/build/audio_common_msgs' returned '0': CMAKE_PREFIX_PATH=${CMAKE_PREFIX_PATH}:/home/hello-robot/ament_ws/install/tf2_web_republisher_py:/home/hello-robot/ament_ws/install/stretch_ros_tutorials:/home/hello-robot/ament_ws/install/stretch_funmap:/home/hello-robot/ament_ws/install/stretch_calibration:/home/hello-robot/ament_ws/install/stretch_demos:/home/hello-robot/ament_ws/install/stretch_deep_perception:/home/hello-robot/ament_ws/install/stretch_core:/home/hello-robot/ament_ws/install/respeaker_ros2:/home/hello-robot/ament_ws/install/hello_helpers:/opt/ros/humble /usr/bin/cmake --build /home/hello-robot/ament_ws/build/audio_common_msgs -- -j16 -l16
[5.209s] Invoking command in '/home/hello-robot/ament_ws/build/audio_common_msgs': CMAKE_PREFIX_PATH=${CMAKE_PREFIX_PATH}:/home/hello-robot/ament_ws/install/tf2_web_republisher_py:/home/hello-robot/ament_ws/install/stretch_ros_tutorials:/home/hello-robot/ament_ws/install/stretch_funmap:/home/hello-robot/ament_ws/install/stretch_calibration:/home/hello-robot/ament_ws/install/stretch_demos:/home/hello-robot/ament_ws/install/stretch_deep_perception:/home/hello-robot/ament_ws/install/stretch_core:/home/hello-robot/ament_ws/install/respeaker_ros2:/home/hello-robot/ament_ws/install/hello_helpers:/opt/ros/humble /usr/bin/cmake --install /home/hello-robot/ament_ws/build/audio_common_msgs
[5.616s] -- Install configuration: "Release"
[5.616s] -- Up-to-date: /home/hello-robot/ament_ws/install/audio_common_msgs/share/ament_index/resource_index/rosidl_interfaces/audio_common_msgs
[5.616s] -- Up-to-date: /home/hello-robot/ament_ws/install/audio_common_msgs/include/audio_common_msgs/audio_common_msgs
[5.617s] -- Up-to-date: /home/hello-robot/ament_ws/install/audio_common_msgs/include/audio_common_msgs/audio_common_msgs/msg
[5.617s] -- Up-to-date: /home/hello-robot/ament_ws/install/audio_common_msgs/include/audio_common_msgs/audio_common_msgs/msg/rosidl_generator_c__visibility_control.h
[5.617s] -- Up-to-date: /home/hello-robot/ament_ws/install/audio_common_msgs/include/audio_common_msgs/audio_common_msgs/msg/detail
[5.617s] -- Up-to-date: /home/hello-robot/ament_ws/install/audio_common_msgs/include/audio_common_msgs/audio_common_msgs/msg/detail/audio_info__functions.h
[5.617s] -- Up-to-date: /home/hello-robot/ament_ws/install/audio_common_msgs/include/audio_common_msgs/audio_common_msgs/msg/detail/audio_data__functions.h
[5.619s] -- Up-to-date: /home/hello-robot/ament_ws/install/audio_common_msgs/include/audio_common_msgs/audio_common_msgs/msg/detail/audio_data_stamped__struct.h
[5.619s] -- Up-to-date: /home/hello-robot/ament_ws/install/audio_common_msgs/include/audio_common_msgs/audio_common_msgs/msg/detail/audio_info__functions.c
[5.620s] -- Up-to-date: /home/hello-robot/ament_ws/install/audio_common_msgs/include/audio_common_msgs/audio_common_msgs/msg/detail/audio_data__type_support.h
[5.620s] -- Up-to-date: /home/hello-robot/ament_ws/install/audio_common_msgs/include/audio_common_msgs/audio_common_msgs/msg/detail/audio_info__type_support.h
[5.620s] -- Up-to-date: /home/hello-robot/ament_ws/install/audio_common_msgs/include/audio_common_msgs/audio_common_msgs/msg/detail/audio_info__struct.h
[5.621s] -- Up-to-date: /home/hello-robot/ament_ws/install/audio_common_msgs/include/audio_common_msgs/audio_common_msgs/msg/detail/audio_data__functions.c
[5.622s] -- Up-to-date: /home/hello-robot/ament_ws/install/audio_common_msgs/include/audio_common_msgs/audio_common_msgs/msg/detail/audio_data_stamped__functions.c
[5.622s] -- Up-to-date: /home/hello-robot/ament_ws/install/audio_common_msgs/include/audio_common_msgs/audio_common_msgs/msg/detail/audio_data_stamped__functions.h
[5.622s] -- Up-to-date: /home/hello-robot/ament_ws/install/audio_common_msgs/include/audio_common_msgs/audio_common_msgs/msg/detail/audio_data__struct.h
[5.622s] -- Up-to-date: /home/hello-robot/ament_ws/install/audio_common_msgs/include/audio_common_msgs/audio_common_msgs/msg/detail/audio_data_stamped__type_support.h
[5.623s] -- Up-to-date: /home/hello-robot/ament_ws/install/audio_common_msgs/include/audio_common_msgs/audio_common_msgs/msg/audio_data.h
[5.623s] -- Up-to-date: /home/hello-robot/ament_ws/install/audio_common_msgs/include/audio_common_msgs/audio_common_msgs/msg/audio_info.h
[5.623s] -- Up-to-date: /home/hello-robot/ament_ws/install/audio_common_msgs/include/audio_common_msgs/audio_common_msgs/msg/audio_data_stamped.h
[5.623s] -- Up-to-date: /home/hello-robot/ament_ws/install/audio_common_msgs/share/audio_common_msgs/environment/library_path.sh
[5.624s] -- Installing: /home/hello-robot/ament_ws/install/audio_common_msgs/share/audio_common_msgs/environment/library_path.dsv
[5.624s] -- Up-to-date: /home/hello-robot/ament_ws/install/audio_common_msgs/lib/libaudio_common_msgs__rosidl_generator_c.so
[5.624s] -- Up-to-date: /home/hello-robot/ament_ws/install/audio_common_msgs/include/audio_common_msgs/audio_common_msgs
[5.625s] -- Up-to-date: /home/hello-robot/ament_ws/install/audio_common_msgs/include/audio_common_msgs/audio_common_msgs/msg
[5.625s] -- Up-to-date: /home/hello-robot/ament_ws/install/audio_common_msgs/include/audio_common_msgs/audio_common_msgs/msg/rosidl_typesupport_fastrtps_c__visibility_control.h
[5.625s] -- Up-to-date: /home/hello-robot/ament_ws/install/audio_common_msgs/include/audio_common_msgs/audio_common_msgs/msg/detail
[5.625s] -- Up-to-date: /home/hello-robot/ament_ws/install/audio_common_msgs/include/audio_common_msgs/audio_common_msgs/msg/detail/audio_info__rosidl_typesupport_fastrtps_c.h
[5.625s] -- Up-to-date: /home/hello-robot/ament_ws/install/audio_common_msgs/include/audio_common_msgs/audio_common_msgs/msg/detail/audio_data__rosidl_typesupport_fastrtps_c.h
[5.626s] -- Up-to-date: /home/hello-robot/ament_ws/install/audio_common_msgs/include/audio_common_msgs/audio_common_msgs/msg/detail/audio_data_stamped__rosidl_typesupport_fastrtps_c.h
[5.626s] -- Up-to-date: /home/hello-robot/ament_ws/install/audio_common_msgs/lib/libaudio_common_msgs__rosidl_typesupport_fastrtps_c.so
[5.626s] -- Up-to-date: /home/hello-robot/ament_ws/install/audio_common_msgs/include/audio_common_msgs/audio_common_msgs
[5.626s] -- Up-to-date: /home/hello-robot/ament_ws/install/audio_common_msgs/include/audio_common_msgs/audio_common_msgs/msg
[5.626s] -- Up-to-date: /home/hello-robot/ament_ws/install/audio_common_msgs/include/audio_common_msgs/audio_common_msgs/msg/detail
[5.627s] -- Up-to-date: /home/hello-robot/ament_ws/install/audio_common_msgs/include/audio_common_msgs/audio_common_msgs/msg/detail/audio_info__rosidl_typesupport_introspection_c.h
[5.627s] -- Up-to-date: /home/hello-robot/ament_ws/install/audio_common_msgs/include/audio_common_msgs/audio_common_msgs/msg/detail/audio_info__type_support.c
[5.627s] -- Up-to-date: /home/hello-robot/ament_ws/install/audio_common_msgs/include/audio_common_msgs/audio_common_msgs/msg/detail/audio_data_stamped__rosidl_typesupport_introspection_c.h
[5.627s] -- Up-to-date: /home/hello-robot/ament_ws/install/audio_common_msgs/include/audio_common_msgs/audio_common_msgs/msg/detail/audio_data_stamped__type_support.c
[5.627s] -- Up-to-date: /home/hello-robot/ament_ws/install/audio_common_msgs/include/audio_common_msgs/audio_common_msgs/msg/detail/audio_data__rosidl_typesupport_introspection_c.h
[5.628s] -- Up-to-date: /home/hello-robot/ament_ws/install/audio_common_msgs/include/audio_common_msgs/audio_common_msgs/msg/detail/audio_data__type_support.c
[5.628s] -- Up-to-date: /home/hello-robot/ament_ws/install/audio_common_msgs/include/audio_common_msgs/audio_common_msgs/msg/rosidl_typesupport_introspection_c__visibility_control.h
[5.632s] -- Up-to-date: /home/hello-robot/ament_ws/install/audio_common_msgs/lib/libaudio_common_msgs__rosidl_typesupport_introspection_c.so
[5.632s] -- Up-to-date: /home/hello-robot/ament_ws/install/audio_common_msgs/lib/libaudio_common_msgs__rosidl_typesupport_c.so
[5.632s] -- Up-to-date: /home/hello-robot/ament_ws/install/audio_common_msgs/include/audio_common_msgs/audio_common_msgs
[5.632s] -- Up-to-date: /home/hello-robot/ament_ws/install/audio_common_msgs/include/audio_common_msgs/audio_common_msgs/msg
[5.632s] -- Up-to-date: /home/hello-robot/ament_ws/install/audio_common_msgs/include/audio_common_msgs/audio_common_msgs/msg/audio_info.hpp
[5.632s] -- Up-to-date: /home/hello-robot/ament_ws/install/audio_common_msgs/include/audio_common_msgs/audio_common_msgs/msg/detail
[5.632s] -- Up-to-date: /home/hello-robot/ament_ws/install/audio_common_msgs/include/audio_common_msgs/audio_common_msgs/msg/detail/audio_data__struct.hpp
[5.632s] -- Up-to-date: /home/hello-robot/ament_ws/install/audio_common_msgs/include/audio_common_msgs/audio_common_msgs/msg/detail/audio_data_stamped__builder.hpp
[5.632s] -- Up-to-date: /home/hello-robot/ament_ws/install/audio_common_msgs/include/audio_common_msgs/audio_common_msgs/msg/detail/audio_data_stamped__traits.hpp
[5.632s] -- Up-to-date: /home/hello-robot/ament_ws/install/audio_common_msgs/include/audio_common_msgs/audio_common_msgs/msg/detail/audio_data_stamped__struct.hpp
[5.632s] -- Up-to-date: /home/hello-robot/ament_ws/install/audio_common_msgs/include/audio_common_msgs/audio_common_msgs/msg/detail/audio_info__builder.hpp
[5.632s] -- Up-to-date: /home/hello-robot/ament_ws/install/audio_common_msgs/include/audio_common_msgs/audio_common_msgs/msg/detail/audio_data__traits.hpp
[5.632s] -- Up-to-date: /home/hello-robot/ament_ws/install/audio_common_msgs/include/audio_common_msgs/audio_common_msgs/msg/detail/audio_info__traits.hpp
[5.632s] -- Up-to-date: /home/hello-robot/ament_ws/install/audio_common_msgs/include/audio_common_msgs/audio_common_msgs/msg/detail/audio_info__struct.hpp
[5.633s] -- Up-to-date: /home/hello-robot/ament_ws/install/audio_common_msgs/include/audio_common_msgs/audio_common_msgs/msg/detail/audio_data__builder.hpp
[5.633s] -- Up-to-date: /home/hello-robot/ament_ws/install/audio_common_msgs/include/audio_common_msgs/audio_common_msgs/msg/audio_data.hpp
[5.633s] -- Up-to-date: /home/hello-robot/ament_ws/install/audio_common_msgs/include/audio_common_msgs/audio_common_msgs/msg/audio_data_stamped.hpp
[5.633s] -- Up-to-date: /home/hello-robot/ament_ws/install/audio_common_msgs/include/audio_common_msgs/audio_common_msgs
[5.633s] -- Up-to-date: /home/hello-robot/ament_ws/install/audio_common_msgs/include/audio_common_msgs/audio_common_msgs/msg
[5.633s] -- Up-to-date: /home/hello-robot/ament_ws/install/audio_common_msgs/include/audio_common_msgs/audio_common_msgs/msg/detail
[5.633s] -- Up-to-date: /home/hello-robot/ament_ws/install/audio_common_msgs/include/audio_common_msgs/audio_common_msgs/msg/detail/audio_info__rosidl_typesupport_fastrtps_cpp.hpp
[5.633s] -- Up-to-date: /home/hello-robot/ament_ws/install/audio_common_msgs/include/audio_common_msgs/audio_common_msgs/msg/detail/dds_fastrtps
[5.633s] -- Up-to-date: /home/hello-robot/ament_ws/install/audio_common_msgs/include/audio_common_msgs/audio_common_msgs/msg/detail/audio_data__rosidl_typesupport_fastrtps_cpp.hpp
[5.633s] -- Up-to-date: /home/hello-robot/ament_ws/install/audio_common_msgs/include/audio_common_msgs/audio_common_msgs/msg/detail/audio_data_stamped__rosidl_typesupport_fastrtps_cpp.hpp
[5.633s] -- Up-to-date: /home/hello-robot/ament_ws/install/audio_common_msgs/include/audio_common_msgs/audio_common_msgs/msg/rosidl_typesupport_fastrtps_cpp__visibility_control.h
[5.633s] -- Up-to-date: /home/hello-robot/ament_ws/install/audio_common_msgs/lib/libaudio_common_msgs__rosidl_typesupport_fastrtps_cpp.so
[5.633s] -- Up-to-date: /home/hello-robot/ament_ws/install/audio_common_msgs/include/audio_common_msgs/audio_common_msgs
[5.634s] -- Up-to-date: /home/hello-robot/ament_ws/install/audio_common_msgs/include/audio_common_msgs/audio_common_msgs/msg
[5.634s] -- Up-to-date: /home/hello-robot/ament_ws/install/audio_common_msgs/include/audio_common_msgs/audio_common_msgs/msg/detail
[5.634s] -- Up-to-date: /home/hello-robot/ament_ws/install/audio_common_msgs/include/audio_common_msgs/audio_common_msgs/msg/detail/audio_info__type_support.cpp
[5.634s] -- Up-to-date: /home/hello-robot/ament_ws/install/audio_common_msgs/include/audio_common_msgs/audio_common_msgs/msg/detail/audio_data__type_support.cpp
[5.634s] -- Up-to-date: /home/hello-robot/ament_ws/install/audio_common_msgs/include/audio_common_msgs/audio_common_msgs/msg/detail/audio_data__rosidl_typesupport_introspection_cpp.hpp
[5.634s] -- Up-to-date: /home/hello-robot/ament_ws/install/audio_common_msgs/include/audio_common_msgs/audio_common_msgs/msg/detail/audio_data_stamped__rosidl_typesupport_introspection_cpp.hpp
[5.634s] -- Up-to-date: /home/hello-robot/ament_ws/install/audio_common_msgs/include/audio_common_msgs/audio_common_msgs/msg/detail/audio_data_stamped__type_support.cpp
[5.634s] -- Up-to-date: /home/hello-robot/ament_ws/install/audio_common_msgs/include/audio_common_msgs/audio_common_msgs/msg/detail/audio_info__rosidl_typesupport_introspection_cpp.hpp
[5.634s] -- Up-to-date: /home/hello-robot/ament_ws/install/audio_common_msgs/lib/libaudio_common_msgs__rosidl_typesupport_introspection_cpp.so
[5.634s] -- Up-to-date: /home/hello-robot/ament_ws/install/audio_common_msgs/lib/libaudio_common_msgs__rosidl_typesupport_cpp.so
[5.634s] -- Up-to-date: /home/hello-robot/ament_ws/install/audio_common_msgs/share/audio_common_msgs/environment/pythonpath.sh
[5.634s] -- Installing: /home/hello-robot/ament_ws/install/audio_common_msgs/share/audio_common_msgs/environment/pythonpath.dsv
[5.634s] -- Up-to-date: /home/hello-robot/ament_ws/install/audio_common_msgs/local/lib/python3.10/dist-packages/audio_common_msgs-0.3.12-py3.10.egg-info
[5.635s] -- Installing: /home/hello-robot/ament_ws/install/audio_common_msgs/local/lib/python3.10/dist-packages/audio_common_msgs-0.3.12-py3.10.egg-info/PKG-INFO
[5.635s] -- Installing: /home/hello-robot/ament_ws/install/audio_common_msgs/local/lib/python3.10/dist-packages/audio_common_msgs-0.3.12-py3.10.egg-info/dependency_links.txt
[5.635s] -- Installing: /home/hello-robot/ament_ws/install/audio_common_msgs/local/lib/python3.10/dist-packages/audio_common_msgs-0.3.12-py3.10.egg-info/top_level.txt
[5.635s] -- Installing: /home/hello-robot/ament_ws/install/audio_common_msgs/local/lib/python3.10/dist-packages/audio_common_msgs-0.3.12-py3.10.egg-info/SOURCES.txt
[5.635s] -- Up-to-date: /home/hello-robot/ament_ws/install/audio_common_msgs/local/lib/python3.10/dist-packages/audio_common_msgs
[5.635s] -- Up-to-date: /home/hello-robot/ament_ws/install/audio_common_msgs/local/lib/python3.10/dist-packages/audio_common_msgs/_audio_common_msgs_s.ep.rosidl_typesupport_fastrtps_c.c
[5.635s] -- Up-to-date: /home/hello-robot/ament_ws/install/audio_common_msgs/local/lib/python3.10/dist-packages/audio_common_msgs/_audio_common_msgs_s.ep.rosidl_typesupport_introspection_c.c
[5.635s] -- Up-to-date: /home/hello-robot/ament_ws/install/audio_common_msgs/local/lib/python3.10/dist-packages/audio_common_msgs/audio_common_msgs_s__rosidl_typesupport_introspection_c.cpython-310-x86_64-linux-gnu.so
[5.635s] -- Up-to-date: /home/hello-robot/ament_ws/install/audio_common_msgs/local/lib/python3.10/dist-packages/audio_common_msgs/audio_common_msgs_s__rosidl_typesupport_c.cpython-310-x86_64-linux-gnu.so
[5.635s] -- Up-to-date: /home/hello-robot/ament_ws/install/audio_common_msgs/local/lib/python3.10/dist-packages/audio_common_msgs/libaudio_common_msgs__rosidl_generator_py.so
[5.635s] -- Up-to-date: /home/hello-robot/ament_ws/install/audio_common_msgs/local/lib/python3.10/dist-packages/audio_common_msgs/msg
[5.635s] -- Up-to-date: /home/hello-robot/ament_ws/install/audio_common_msgs/local/lib/python3.10/dist-packages/audio_common_msgs/msg/_audio_info_s.c
[5.635s] -- Up-to-date: /home/hello-robot/ament_ws/install/audio_common_msgs/local/lib/python3.10/dist-packages/audio_common_msgs/msg/_audio_data_stamped.py
[5.636s] -- Up-to-date: /home/hello-robot/ament_ws/install/audio_common_msgs/local/lib/python3.10/dist-packages/audio_common_msgs/msg/_audio_data_s.c
[5.636s] -- Up-to-date: /home/hello-robot/ament_ws/install/audio_common_msgs/local/lib/python3.10/dist-packages/audio_common_msgs/msg/_audio_data.py
[5.636s] -- Up-to-date: /home/hello-robot/ament_ws/install/audio_common_msgs/local/lib/python3.10/dist-packages/audio_common_msgs/msg/__init__.py
[5.636s] -- Up-to-date: /home/hello-robot/ament_ws/install/audio_common_msgs/local/lib/python3.10/dist-packages/audio_common_msgs/msg/_audio_info.py
[5.636s] -- Up-to-date: /home/hello-robot/ament_ws/install/audio_common_msgs/local/lib/python3.10/dist-packages/audio_common_msgs/msg/_audio_data_stamped_s.c
[5.636s] -- Up-to-date: /home/hello-robot/ament_ws/install/audio_common_msgs/local/lib/python3.10/dist-packages/audio_common_msgs/audio_common_msgs_s__rosidl_typesupport_fastrtps_c.cpython-310-x86_64-linux-gnu.so
[5.636s] -- Up-to-date: /home/hello-robot/ament_ws/install/audio_common_msgs/local/lib/python3.10/dist-packages/audio_common_msgs/_audio_common_msgs_s.ep.rosidl_typesupport_c.c
[5.636s] -- Installing: /home/hello-robot/ament_ws/install/audio_common_msgs/local/lib/python3.10/dist-packages/audio_common_msgs/__init__.py
[5.636s] Listing '/home/hello-robot/ament_ws/install/audio_common_msgs/local/lib/python3.10/dist-packages/audio_common_msgs'...
[5.636s] Compiling '/home/hello-robot/ament_ws/install/audio_common_msgs/local/lib/python3.10/dist-packages/audio_common_msgs/__init__.py'...
[5.636s] Listing '/home/hello-robot/ament_ws/install/audio_common_msgs/local/lib/python3.10/dist-packages/audio_common_msgs/msg'...
[5.636s] -- Up-to-date: /home/hello-robot/ament_ws/install/audio_common_msgs/local/lib/python3.10/dist-packages/audio_common_msgs/audio_common_msgs_s__rosidl_typesupport_fastrtps_c.cpython-310-x86_64-linux-gnu.so
[5.637s] -- Up-to-date: /home/hello-robot/ament_ws/install/audio_common_msgs/local/lib/python3.10/dist-packages/audio_common_msgs/audio_common_msgs_s__rosidl_typesupport_introspection_c.cpython-310-x86_64-linux-gnu.so
[5.637s] -- Up-to-date: /home/hello-robot/ament_ws/install/audio_common_msgs/local/lib/python3.10/dist-packages/audio_common_msgs/audio_common_msgs_s__rosidl_typesupport_c.cpython-310-x86_64-linux-gnu.so
[5.637s] -- Up-to-date: /home/hello-robot/ament_ws/install/audio_common_msgs/lib/libaudio_common_msgs__rosidl_generator_py.so
[5.637s] -- Up-to-date: /home/hello-robot/ament_ws/install/audio_common_msgs/share/audio_common_msgs/msg/AudioData.idl
[5.637s] -- Up-to-date: /home/hello-robot/ament_ws/install/audio_common_msgs/share/audio_common_msgs/msg/AudioDataStamped.idl
[5.637s] -- Up-to-date: /home/hello-robot/ament_ws/install/audio_common_msgs/share/audio_common_msgs/msg/AudioInfo.idl
[5.637s] -- Up-to-date: /home/hello-robot/ament_ws/install/audio_common_msgs/share/audio_common_msgs/msg/AudioData.msg
[5.637s] -- Up-to-date: /home/hello-robot/ament_ws/install/audio_common_msgs/share/audio_common_msgs/msg/AudioDataStamped.msg
[5.637s] -- Up-to-date: /home/hello-robot/ament_ws/install/audio_common_msgs/share/audio_common_msgs/msg/AudioInfo.msg
[5.637s] -- Up-to-date: /home/hello-robot/ament_ws/install/audio_common_msgs/share/ament_index/resource_index/package_run_dependencies/audio_common_msgs
[5.637s] -- Installing: /home/hello-robot/ament_ws/install/audio_common_msgs/share/ament_index/resource_index/parent_prefix_path/audio_common_msgs
[5.637s] -- Up-to-date: /home/hello-robot/ament_ws/install/audio_common_msgs/share/audio_common_msgs/environment/ament_prefix_path.sh
[5.637s] -- Installing: /home/hello-robot/ament_ws/install/audio_common_msgs/share/audio_common_msgs/environment/ament_prefix_path.dsv
[5.638s] -- Up-to-date: /home/hello-robot/ament_ws/install/audio_common_msgs/share/audio_common_msgs/environment/path.sh
[5.638s] -- Installing: /home/hello-robot/ament_ws/install/audio_common_msgs/share/audio_common_msgs/environment/path.dsv
[5.638s] -- Up-to-date: /home/hello-robot/ament_ws/install/audio_common_msgs/share/audio_common_msgs/local_setup.bash
[5.638s] -- Up-to-date: /home/hello-robot/ament_ws/install/audio_common_msgs/share/audio_common_msgs/local_setup.sh
[5.638s] -- Up-to-date: /home/hello-robot/ament_ws/install/audio_common_msgs/share/audio_common_msgs/local_setup.zsh
[5.638s] -- Installing: /home/hello-robot/ament_ws/install/audio_common_msgs/share/audio_common_msgs/local_setup.dsv
[5.638s] -- Installing: /home/hello-robot/ament_ws/install/audio_common_msgs/share/audio_common_msgs/package.dsv
[5.638s] -- Up-to-date: /home/hello-robot/ament_ws/install/audio_common_msgs/share/ament_index/resource_index/packages/audio_common_msgs
[5.638s] -- Up-to-date: /home/hello-robot/ament_ws/install/audio_common_msgs/share/audio_common_msgs/cmake/export_audio_common_msgs__rosidl_generator_cExport.cmake
[5.638s] -- Up-to-date: /home/hello-robot/ament_ws/install/audio_common_msgs/share/audio_common_msgs/cmake/export_audio_common_msgs__rosidl_generator_cExport-release.cmake
[5.638s] -- Up-to-date: /home/hello-robot/ament_ws/install/audio_common_msgs/share/audio_common_msgs/cmake/export_audio_common_msgs__rosidl_typesupport_fastrtps_cExport.cmake
[5.638s] -- Up-to-date: /home/hello-robot/ament_ws/install/audio_common_msgs/share/audio_common_msgs/cmake/export_audio_common_msgs__rosidl_typesupport_fastrtps_cExport-release.cmake
[5.638s] -- Up-to-date: /home/hello-robot/ament_ws/install/audio_common_msgs/share/audio_common_msgs/cmake/audio_common_msgs__rosidl_typesupport_introspection_cExport.cmake
[5.638s] -- Up-to-date: /home/hello-robot/ament_ws/install/audio_common_msgs/share/audio_common_msgs/cmake/audio_common_msgs__rosidl_typesupport_introspection_cExport-release.cmake
[5.638s] -- Up-to-date: /home/hello-robot/ament_ws/install/audio_common_msgs/share/audio_common_msgs/cmake/audio_common_msgs__rosidl_typesupport_cExport.cmake
[5.638s] -- Up-to-date: /home/hello-robot/ament_ws/install/audio_common_msgs/share/audio_common_msgs/cmake/audio_common_msgs__rosidl_typesupport_cExport-release.cmake
[5.639s] -- Up-to-date: /home/hello-robot/ament_ws/install/audio_common_msgs/share/audio_common_msgs/cmake/export_audio_common_msgs__rosidl_generator_cppExport.cmake
[5.639s] -- Up-to-date: /home/hello-robot/ament_ws/install/audio_common_msgs/share/audio_common_msgs/cmake/export_audio_common_msgs__rosidl_typesupport_fastrtps_cppExport.cmake
[5.639s] -- Up-to-date: /home/hello-robot/ament_ws/install/audio_common_msgs/share/audio_common_msgs/cmake/export_audio_common_msgs__rosidl_typesupport_fastrtps_cppExport-release.cmake
[5.639s] -- Up-to-date: /home/hello-robot/ament_ws/install/audio_common_msgs/share/audio_common_msgs/cmake/audio_common_msgs__rosidl_typesupport_introspection_cppExport.cmake
[5.639s] -- Up-to-date: /home/hello-robot/ament_ws/install/audio_common_msgs/share/audio_common_msgs/cmake/audio_common_msgs__rosidl_typesupport_introspection_cppExport-release.cmake
[5.639s] -- Up-to-date: /home/hello-robot/ament_ws/install/audio_common_msgs/share/audio_common_msgs/cmake/audio_common_msgs__rosidl_typesupport_cppExport.cmake
[5.639s] -- Up-to-date: /home/hello-robot/ament_ws/install/audio_common_msgs/share/audio_common_msgs/cmake/audio_common_msgs__rosidl_typesupport_cppExport-release.cmake
[5.639s] -- Up-to-date: /home/hello-robot/ament_ws/install/audio_common_msgs/share/audio_common_msgs/cmake/export_audio_common_msgs__rosidl_generator_pyExport.cmake
[5.639s] -- Up-to-date: /home/hello-robot/ament_ws/install/audio_common_msgs/share/audio_common_msgs/cmake/export_audio_common_msgs__rosidl_generator_pyExport-release.cmake
[5.639s] -- Up-to-date: /home/hello-robot/ament_ws/install/audio_common_msgs/share/audio_common_msgs/cmake/rosidl_cmake-extras.cmake
[5.639s] -- Up-to-date: /home/hello-robot/ament_ws/install/audio_common_msgs/share/audio_common_msgs/cmake/ament_cmake_export_dependencies-extras.cmake
[5.639s] -- Up-to-date: /home/hello-robot/ament_ws/install/audio_common_msgs/share/audio_common_msgs/cmake/ament_cmake_export_include_directories-extras.cmake
[5.639s] -- Up-to-date: /home/hello-robot/ament_ws/install/audio_common_msgs/share/audio_common_msgs/cmake/ament_cmake_export_libraries-extras.cmake
[5.639s] -- Up-to-date: /home/hello-robot/ament_ws/install/audio_common_msgs/share/audio_common_msgs/cmake/ament_cmake_export_targets-extras.cmake
[5.639s] -- Up-to-date: /home/hello-robot/ament_ws/install/audio_common_msgs/share/audio_common_msgs/cmake/rosidl_cmake_export_typesupport_targets-extras.cmake
[5.640s] -- Up-to-date: /home/hello-robot/ament_ws/install/audio_common_msgs/share/audio_common_msgs/cmake/rosidl_cmake_export_typesupport_libraries-extras.cmake
[5.640s] -- Up-to-date: /home/hello-robot/ament_ws/install/audio_common_msgs/share/audio_common_msgs/cmake/audio_common_msgsConfig.cmake
[5.640s] -- Up-to-date: /home/hello-robot/ament_ws/install/audio_common_msgs/share/audio_common_msgs/cmake/audio_common_msgsConfig-version.cmake
[5.640s] -- Up-to-date: /home/hello-robot/ament_ws/install/audio_common_msgs/share/audio_common_msgs/package.xml
[5.663s] Invoked command in '/home/hello-robot/ament_ws/build/audio_common_msgs' returned '0': CMAKE_PREFIX_PATH=${CMAKE_PREFIX_PATH}:/home/hello-robot/ament_ws/install/tf2_web_republisher_py:/home/hello-robot/ament_ws/install/stretch_ros_tutorials:/home/hello-robot/ament_ws/install/stretch_funmap:/home/hello-robot/ament_ws/install/stretch_calibration:/home/hello-robot/ament_ws/install/stretch_demos:/home/hello-robot/ament_ws/install/stretch_deep_perception:/home/hello-robot/ament_ws/install/stretch_core:/home/hello-robot/ament_ws/install/respeaker_ros2:/home/hello-robot/ament_ws/install/hello_helpers:/opt/ros/humble /usr/bin/cmake --install /home/hello-robot/ament_ws/build/audio_common_msgs
